<?xml version="1.0" encoding="utf-8" standalone="yes"?>
<!--Tiled2Unity generated xml data-->
<!--Do not modify by hand-->
<!--Last exported: 24/06/2015 00:52:47-->
<Tiled2Unity version="0.9.11.1">
  <AssignMaterial mesh="mesh_[00]_[00]" material="PathAndObjects_0" sortingLayerName="" sortingOrder="0" alphaColorKey="#ffffff" />
  <Prefab name="test-map" numTilesWide="100" numTilesHigh="100" tileWidth="32" tileHeight="32" exportScale="0.03125" mapWidthInPixels="3200" mapHeightInPixels="3200">
    <GameObject name="Tile_Layer_1_00">
      <GameObject copy="mesh_[00]_[00]" />
      <GameObject name="Collision">
        <PolygonCollider2D>
          <Path>90.96875,-100 90.96875,0 90,0 90,-100</Path>
          <Path>91.96875,-100 91.96875,0 91,0 91,-100</Path>
          <Path>92.96875,-100 92.96875,0 92,0 92,-100</Path>
          <Path>93.96875,-100 93.96875,0 93,0 93,-100</Path>
          <Path>94.96875,-100 94.96875,0 94,0 94,-100</Path>
          <Path>95.96875,-100 95.96875,0 95,0 95,-100</Path>
          <Path>96.96875,-100 96.96875,0 96,0 96,-100</Path>
          <Path>97.96875,-100 97.96875,0 97,0 97,-100</Path>
          <Path>98.96875,-100 98.96875,0 98,0 98,-100</Path>
          <Path>99.96875,-100 99.96875,0 99,0 99,-100</Path>
          <Path>80.96875,-100 80.96875,0 80,0 80,-100</Path>
          <Path>81.96875,-100 81.96875,0 81,0 81,-100</Path>
          <Path>82.96875,-100 82.96875,0 82,0 82,-100</Path>
          <Path>83.96875,-100 83.96875,0 83,0 83,-100</Path>
          <Path>84.96875,-100 84.96875,0 84,0 84,-100</Path>
          <Path>85.96875,-100 85.96875,0 85,0 85,-100</Path>
          <Path>86.96875,-100 86.96875,0 86,0 86,-100</Path>
          <Path>87.96875,-100 87.96875,0 87,0 87,-100</Path>
          <Path>88.96875,-100 88.96875,0 88,0 88,-100</Path>
          <Path>89.96875,-100 89.96875,0 89,0 89,-100</Path>
          <Path>70.96875,-100 70.96875,0 70,0 70,-100</Path>
          <Path>71.96875,-100 71.96875,0 71,0 71,-100</Path>
          <Path>72.96875,-100 72.96875,0 72,0 72,-100</Path>
          <Path>73.96875,-100 73.96875,0 73,0 73,-100</Path>
          <Path>74.96875,-100 74.96875,0 74,0 74,-100</Path>
          <Path>75.96875,-100 75.96875,0 75,0 75,-100</Path>
          <Path>76.96875,-100 76.96875,0 76,0 76,-100</Path>
          <Path>77.96875,-100 77.96875,0 77,0 77,-100</Path>
          <Path>78.96875,-100 78.96875,0 78,0 78,-100</Path>
          <Path>79.96875,-100 79.96875,0 79,0 79,-100</Path>
          <Path>60.96875,-100 60.96875,0 60,0 60,-100</Path>
          <Path>61.96875,-100 61.96875,0 61,0 61,-100</Path>
          <Path>62.96875,-100 62.96875,0 62,0 62,-100</Path>
          <Path>63.96875,-100 63.96875,0 63,0 63,-100</Path>
          <Path>64.96875,-100 64.96875,0 64,0 64,-100</Path>
          <Path>65.96875,-100 65.96875,0 65,0 65,-100</Path>
          <Path>66.96875,-100 66.96875,0 66,0 66,-100</Path>
          <Path>67.96875,-100 67.96875,0 67,0 67,-100</Path>
          <Path>68.96875,-100 68.96875,0 68,0 68,-100</Path>
          <Path>69.96875,-100 69.96875,0 69,0 69,-100</Path>
          <Path>50.96875,-100 50.96875,0 50,0 50,-100</Path>
          <Path>51.96875,-100 51.96875,0 51,0 51,-100</Path>
          <Path>52.96875,-100 52.96875,0 52,0 52,-100</Path>
          <Path>53.96875,-100 53.96875,0 53,0 53,-100</Path>
          <Path>54.96875,-100 54.96875,0 54,0 54,-100</Path>
          <Path>55.96875,-100 55.96875,0 55,0 55,-100</Path>
          <Path>56.96875,-100 56.96875,0 56,0 56,-100</Path>
          <Path>57.96875,-100 57.96875,0 57,0 57,-100</Path>
          <Path>58.96875,-100 58.96875,0 58,0 58,-100</Path>
          <Path>59.96875,-100 59.96875,0 59,0 59,-100</Path>
          <Path>40.96875,-14 40.96875,0 40,0 40,-14</Path>
          <Path>41.96875,-14 41.96875,0 41,0 41,-14</Path>
          <Path>42.96875,-14 42.96875,0 42,0 42,-14</Path>
          <Path>43.96875,-14 43.96875,0 43,0 43,-14</Path>
          <Path>44.96875,-14 44.96875,0 44,0 44,-14</Path>
          <Path>45.96875,-14 45.96875,0 45,0 45,-14</Path>
          <Path>46.96875,-14 46.96875,0 46,0 46,-14</Path>
          <Path>47.96875,-14 47.96875,0 47,0 47,-14</Path>
          <Path>48.96875,-100 48.96875,0 48,0 48,-100</Path>
          <Path>49.96875,-100 49.96875,0 49,0 49,-100</Path>
          <Path>30.96875,-14 30.96875,0 30,0 30,-14</Path>
          <Path>31.96875,-14 31.96875,0 31,0 31,-14</Path>
          <Path>32.96875,-14 32.96875,0 32,0 32,-14</Path>
          <Path>33.96875,-14 33.96875,0 33,0 33,-14</Path>
          <Path>34.96875,-14 34.96875,0 34,0 34,-14</Path>
          <Path>35.96875,-14 35.96875,0 35,0 35,-14</Path>
          <Path>36.96875,-14 36.96875,0 36,0 36,-14</Path>
          <Path>37.96875,-14 37.96875,0 37,0 37,-14</Path>
          <Path>38.96875,-14 38.96875,0 38,0 38,-14</Path>
          <Path>39.96875,-14 39.96875,0 39,0 39,-14</Path>
          <Path>20.96875,-29 20.96875,0 20,0 20,-29</Path>
          <Path>21.96875,-14 21.96875,0 21,0 21,-14</Path>
          <Path>22.96875,-14 22.96875,0 22,0 22,-14</Path>
          <Path>23.96875,-14 23.96875,0 23,0 23,-14</Path>
          <Path>24.96875,-14 24.96875,0 24,0 24,-14</Path>
          <Path>25.96875,-14 25.96875,0 25,0 25,-14</Path>
          <Path>26.96875,-14 26.96875,0 26,0 26,-14</Path>
          <Path>27.96875,-14 27.96875,0 27,0 27,-14</Path>
          <Path>28.96875,-14 28.96875,0 28,0 28,-14</Path>
          <Path>29.96875,-14 29.96875,0 29,0 29,-14</Path>
          <Path>10.96875,-100 10.96875,0 10,0 10,-100</Path>
          <Path>11.96875,-100 11.96875,0 11,0 11,-100</Path>
          <Path>12.96875,-100 12.96875,0 12,0 12,-100</Path>
          <Path>13.96875,-100 13.96875,0 13,0 13,-100</Path>
          <Path>14.96875,-100 14.96875,0 14,0 14,-100</Path>
          <Path>15.96875,-100 15.96875,0 15,0 15,-100</Path>
          <Path>16.96875,-100 16.96875,0 16,0 16,-100</Path>
          <Path>17.96875,-100 17.96875,0 17,0 17,-100</Path>
          <Path>18.96875,-34 18.96875,0 18,0 18,-34</Path>
          <Path>19.96875,-31 19.96875,0 19,0 19,-31</Path>
          <Path>0.96875,-100 0.96875,0 0,0 0,-100</Path>
          <Path>1.96875,-100 1.96875,0 1,0 1,-100</Path>
          <Path>2.96875,-100 2.96875,0 2,0 2,-100</Path>
          <Path>3.96875,-100 3.96875,0 3,0 3,-100</Path>
          <Path>4.96875,-100 4.96875,0 4,0 4,-100</Path>
          <Path>5.96875,-100 5.96875,0 5,0 5,-100</Path>
          <Path>6.96875,-100 6.96875,0 6,0 6,-100</Path>
          <Path>7.96875,-100 7.96875,0 7,0 7,-100</Path>
          <Path>8.96875,-100 8.96875,0 8,0 8,-100</Path>
          <Path>9.96875,-100 9.96875,0 9,0 9,-100</Path>
          <Path>30.96875,-100 30.96875,-32 30,-32 30,-100</Path>
          <Path>31.96875,-100 31.96875,-32 31,-32 31,-100</Path>
          <Path>32.96875,-100 32.96875,-32 32,-32 32,-100</Path>
          <Path>33.96875,-100 33.96875,-32 33,-32 33,-100</Path>
          <Path>34.96875,-100 34.96875,-32 34,-32 34,-100</Path>
          <Path>35.96875,-100 35.96875,-32 35,-32 35,-100</Path>
          <Path>36.96875,-100 36.96875,-32 36,-32 36,-100</Path>
          <Path>37.96875,-100 37.96875,-32 37,-32 37,-100</Path>
          <Path>38.96875,-100 38.96875,-32 38,-32 38,-100</Path>
          <Path>39.96875,-100 39.96875,-32 39,-32 39,-100</Path>
          <Path>27.96875,-32 27,-32 27,-34 27.96875,-34</Path>
          <Path>28.96875,-42 28.96875,-32 28,-32 28,-42</Path>
          <Path>29.96875,-100 29.96875,-32 29,-32 29,-100</Path>
          <Path>40.96875,-100 40.96875,-32 40,-32 40,-100</Path>
          <Path>41.96875,-100 41.96875,-32 41,-32 41,-100</Path>
          <Path>42.96875,-100 42.96875,-32 42,-32 42,-100</Path>
          <Path>43.96875,-100 43.96875,-32 43,-32 43,-100</Path>
          <Path>44.96875,-100 44.96875,-32 44,-32 44,-100</Path>
          <Path>45.96875,-100 45.96875,-32 45,-32 45,-100</Path>
          <Path>46.96875,-100 46.96875,-32 46,-32 46,-100</Path>
          <Path>47.96875,-100 47.96875,-32 47,-32 47,-100</Path>
          <Path>18.96875,-100 18.96875,-40 18,-40 18,-100</Path>
          <Path>20.96875,-100 20.96875,-53 20,-53 20,-100</Path>
          <Path>21.96875,-100 21.96875,-53 21,-53 21,-100</Path>
          <Path>22.96875,-100 22.96875,-53 22,-53 22,-100</Path>
          <Path>23.96875,-100 23.96875,-53 23,-53 23,-100</Path>
          <Path>24.96875,-100 24.96875,-53 24,-53 24,-100</Path>
          <Path>25.96875,-100 25.96875,-53 25,-53 25,-100</Path>
          <Path>26.96875,-100 26.96875,-53 26,-53 26,-100</Path>
          <Path>27.96875,-100 27.96875,-53 27,-53 27,-100</Path>
          <Path>28.96875,-100 28.96875,-53 28,-53 28,-100</Path>
          <Path>19.96875,-100 19.96875,-53 19,-53 19,-100</Path>
        </PolygonCollider2D>
      </GameObject>
    </GameObject>
    <GameObject name="Object Layer 1">
      <GameObject name="PolylineObject" x="47" y="-14" rotation="0">
        <EdgeCollider2D>
          <Points>0,0 1,-1 1,-16 0,-17 -20,-17 -20,-20 -19,-21 -19,-28 -18,-29 -18,-37 -19,-38 -27,-38 -28,-37 -28,-25 -29,-24 -29,-21 -28,-20 -28,-18 -27,-17 -27,-16 -26,-15 -26,-1 -25,0 0,0</Points>
        </EdgeCollider2D>
      </GameObject>
    </GameObject>
  </Prefab>
  <ImportMesh filename="test-map.obj">IyBXYXZlZnJvbnQgT0JKIGZpbGUgYXV0b21hdGljYWxseSBnZW5lcmF0ZWQgYnkgVGlsZWQyVW5pdHkNCg0KIyBWZXJ0aWNlcyAoQ291bnQgPSAxMDIwMSkNCnYgMCAtMSAwDQp2IC0xIC0xIDANCnYgLTEgMCAwDQp2IDAgMCAwDQp2IC0yIC0xIDANCnYgLTIgMCAwDQp2IC0zIC0xIDANCnYgLTMgMCAwDQp2IC00IC0xIDANCnYgLTQgMCAwDQp2IC01IC0xIDANCnYgLTUgMCAwDQp2IC02IC0xIDANCnYgLTYgMCAwDQp2IC03IC0xIDANCnYgLTcgMCAwDQp2IC04IC0xIDANCnYgLTggMCAwDQp2IC05IC0xIDANCnYgLTkgMCAwDQp2IC0xMCAtMSAwDQp2IC0xMCAwIDANCnYgLTExIC0xIDANCnYgLTExIDAgMA0KdiAtMTIgLTEgMA0KdiAtMTIgMCAwDQp2IC0xMyAtMSAwDQp2IC0xMyAwIDANCnYgLTE0IC0xIDANCnYgLTE0IDAgMA0KdiAtMTUgLTEgMA0KdiAtMTUgMCAwDQp2IC0xNiAtMSAwDQp2IC0xNiAwIDANCnYgLTE3IC0xIDANCnYgLTE3IDAgMA0KdiAtMTggLTEgMA0KdiAtMTggMCAwDQp2IC0xOSAtMSAwDQp2IC0xOSAwIDANCnYgLTIwIC0xIDANCnYgLTIwIDAgMA0KdiAtMjEgLTEgMA0KdiAtMjEgMCAwDQp2IC0yMiAtMSAwDQp2IC0yMiAwIDANCnYgLTIzIC0xIDANCnYgLTIzIDAgMA0KdiAtMjQgLTEgMA0KdiAtMjQgMCAwDQp2IC0yNSAtMSAwDQp2IC0yNSAwIDANCnYgLTI2IC0xIDANCnYgLTI2IDAgMA0KdiAtMjcgLTEgMA0KdiAtMjcgMCAwDQp2IC0yOCAtMSAwDQp2IC0yOCAwIDANCnYgLTI5IC0xIDANCnYgLTI5IDAgMA0KdiAtMzAgLTEgMA0KdiAtMzAgMCAwDQp2IC0zMSAtMSAwDQp2IC0zMSAwIDANCnYgLTMyIC0xIDANCnYgLTMyIDAgMA0KdiAtMzMgLTEgMA0KdiAtMzMgMCAwDQp2IC0zNCAtMSAwDQp2IC0zNCAwIDANCnYgLTM1IC0xIDANCnYgLTM1IDAgMA0KdiAtMzYgLTEgMA0KdiAtMzYgMCAwDQp2IC0zNyAtMSAwDQp2IC0zNyAwIDANCnYgLTM4IC0xIDANCnYgLTM4IDAgMA0KdiAtMzkgLTEgMA0KdiAtMzkgMCAwDQp2IC00MCAtMSAwDQp2IC00MCAwIDANCnYgLTQxIC0xIDANCnYgLTQxIDAgMA0KdiAtNDIgLTEgMA0KdiAtNDIgMCAwDQp2IC00MyAtMSAwDQp2IC00MyAwIDANCnYgLTQ0IC0xIDANCnYgLTQ0IDAgMA0KdiAtNDUgLTEgMA0KdiAtNDUgMCAwDQp2IC00NiAtMSAwDQp2IC00NiAwIDANCnYgLTQ3IC0xIDANCnYgLTQ3IDAgMA0KdiAtNDggLTEgMA0KdiAtNDggMCAwDQp2IC00OSAtMSAwDQp2IC00OSAwIDANCnYgLTUwIC0xIDANCnYgLTUwIDAgMA0KdiAtNTEgLTEgMA0KdiAtNTEgMCAwDQp2IC01MiAtMSAwDQp2IC01MiAwIDANCnYgLTUzIC0xIDANCnYgLTUzIDAgMA0KdiAtNTQgLTEgMA0KdiAtNTQgMCAwDQp2IC01NSAtMSAwDQp2IC01NSAwIDANCnYgLTU2IC0xIDANCnYgLTU2IDAgMA0KdiAtNTcgLTEgMA0KdiAtNTcgMCAwDQp2IC01OCAtMSAwDQp2IC01OCAwIDANCnYgLTU5IC0xIDANCnYgLTU5IDAgMA0KdiAtNjAgLTEgMA0KdiAtNjAgMCAwDQp2IC02MSAtMSAwDQp2IC02MSAwIDANCnYgLTYyIC0xIDANCnYgLTYyIDAgMA0KdiAtNjMgLTEgMA0KdiAtNjMgMCAwDQp2IC02NCAtMSAwDQp2IC02NCAwIDANCnYgLTY1IC0xIDANCnYgLTY1IDAgMA0KdiAtNjYgLTEgMA0KdiAtNjYgMCAwDQp2IC02NyAtMSAwDQp2IC02NyAwIDANCnYgLTY4IC0xIDANCnYgLTY4IDAgMA0KdiAtNjkgLTEgMA0KdiAtNjkgMCAwDQp2IC03MCAtMSAwDQp2IC03MCAwIDANCnYgLTcxIC0xIDANCnYgLTcxIDAgMA0KdiAtNzIgLTEgMA0KdiAtNzIgMCAwDQp2IC03MyAtMSAwDQp2IC03MyAwIDANCnYgLTc0IC0xIDANCnYgLTc0IDAgMA0KdiAtNzUgLTEgMA0KdiAtNzUgMCAwDQp2IC03NiAtMSAwDQp2IC03NiAwIDANCnYgLTc3IC0xIDANCnYgLTc3IDAgMA0KdiAtNzggLTEgMA0KdiAtNzggMCAwDQp2IC03OSAtMSAwDQp2IC03OSAwIDANCnYgLTgwIC0xIDANCnYgLTgwIDAgMA0KdiAtODEgLTEgMA0KdiAtODEgMCAwDQp2IC04MiAtMSAwDQp2IC04MiAwIDANCnYgLTgzIC0xIDANCnYgLTgzIDAgMA0KdiAtODQgLTEgMA0KdiAtODQgMCAwDQp2IC04NSAtMSAwDQp2IC04NSAwIDANCnYgLTg2IC0xIDANCnYgLTg2IDAgMA0KdiAtODcgLTEgMA0KdiAtODcgMCAwDQp2IC04OCAtMSAwDQp2IC04OCAwIDANCnYgLTg5IC0xIDANCnYgLTg5IDAgMA0KdiAtOTAgLTEgMA0KdiAtOTAgMCAwDQp2IC05MSAtMSAwDQp2IC05MSAwIDANCnYgLTkyIC0xIDANCnYgLTkyIDAgMA0KdiAtOTMgLTEgMA0KdiAtOTMgMCAwDQp2IC05NCAtMSAwDQp2IC05NCAwIDANCnYgLTk1IC0xIDANCnYgLTk1IDAgMA0KdiAtOTYgLTEgMA0KdiAtOTYgMCAwDQp2IC05NyAtMSAwDQp2IC05NyAwIDANCnYgLTk4IC0xIDANCnYgLTk4IDAgMA0KdiAtOTkgLTEgMA0KdiAtOTkgMCAwDQp2IC0xMDAgLTEgMA0KdiAtMTAwIDAgMA0KdiAwIC0yIDANCnYgLTEgLTIgMA0KdiAtMiAtMiAwDQp2IC0zIC0yIDANCnYgLTQgLTIgMA0KdiAtNSAtMiAwDQp2IC02IC0yIDANCnYgLTcgLTIgMA0KdiAtOCAtMiAwDQp2IC05IC0yIDANCnYgLTEwIC0yIDANCnYgLTExIC0yIDANCnYgLTEyIC0yIDANCnYgLTEzIC0yIDANCnYgLTE0IC0yIDANCnYgLTE1IC0yIDANCnYgLTE2IC0yIDANCnYgLTE3IC0yIDANCnYgLTE4IC0yIDANCnYgLTE5IC0yIDANCnYgLTIwIC0yIDANCnYgLTIxIC0yIDANCnYgLTIyIC0yIDANCnYgLTIzIC0yIDANCnYgLTI0IC0yIDANCnYgLTI1IC0yIDANCnYgLTI2IC0yIDANCnYgLTI3IC0yIDANCnYgLTI4IC0yIDANCnYgLTI5IC0yIDANCnYgLTMwIC0yIDANCnYgLTMxIC0yIDANCnYgLTMyIC0yIDANCnYgLTMzIC0yIDANCnYgLTM0IC0yIDANCnYgLTM1IC0yIDANCnYgLTM2IC0yIDANCnYgLTM3IC0yIDANCnYgLTM4IC0yIDANCnYgLTM5IC0yIDANCnYgLTQwIC0yIDANCnYgLTQxIC0yIDANCnYgLTQyIC0yIDANCnYgLTQzIC0yIDANCnYgLTQ0IC0yIDANCnYgLTQ1IC0yIDANCnYgLTQ2IC0yIDANCnYgLTQ3IC0yIDANCnYgLTQ4IC0yIDANCnYgLTQ5IC0yIDANCnYgLTUwIC0yIDANCnYgLTUxIC0yIDANCnYgLTUyIC0yIDANCnYgLTUzIC0yIDANCnYgLTU0IC0yIDANCnYgLTU1IC0yIDANCnYgLTU2IC0yIDANCnYgLTU3IC0yIDANCnYgLTU4IC0yIDANCnYgLTU5IC0yIDANCnYgLTYwIC0yIDANCnYgLTYxIC0yIDANCnYgLTYyIC0yIDANCnYgLTYzIC0yIDANCnYgLTY0IC0yIDANCnYgLTY1IC0yIDANCnYgLTY2IC0yIDANCnYgLTY3IC0yIDANCnYgLTY4IC0yIDANCnYgLTY5IC0yIDANCnYgLTcwIC0yIDANCnYgLTcxIC0yIDANCnYgLTcyIC0yIDANCnYgLTczIC0yIDANCnYgLTc0IC0yIDANCnYgLTc1IC0yIDANCnYgLTc2IC0yIDANCnYgLTc3IC0yIDANCnYgLTc4IC0yIDANCnYgLTc5IC0yIDANCnYgLTgwIC0yIDANCnYgLTgxIC0yIDANCnYgLTgyIC0yIDANCnYgLTgzIC0yIDANCnYgLTg0IC0yIDANCnYgLTg1IC0yIDANCnYgLTg2IC0yIDANCnYgLTg3IC0yIDANCnYgLTg4IC0yIDANCnYgLTg5IC0yIDANCnYgLTkwIC0yIDANCnYgLTkxIC0yIDANCnYgLTkyIC0yIDANCnYgLTkzIC0yIDANCnYgLTk0IC0yIDANCnYgLTk1IC0yIDANCnYgLTk2IC0yIDANCnYgLTk3IC0yIDANCnYgLTk4IC0yIDANCnYgLTk5IC0yIDANCnYgLTEwMCAtMiAwDQp2IDAgLTMgMA0KdiAtMSAtMyAwDQp2IC0yIC0zIDANCnYgLTMgLTMgMA0KdiAtNCAtMyAwDQp2IC01IC0zIDANCnYgLTYgLTMgMA0KdiAtNyAtMyAwDQp2IC04IC0zIDANCnYgLTkgLTMgMA0KdiAtMTAgLTMgMA0KdiAtMTEgLTMgMA0KdiAtMTIgLTMgMA0KdiAtMTMgLTMgMA0KdiAtMTQgLTMgMA0KdiAtMTUgLTMgMA0KdiAtMTYgLTMgMA0KdiAtMTcgLTMgMA0KdiAtMTggLTMgMA0KdiAtMTkgLTMgMA0KdiAtMjAgLTMgMA0KdiAtMjEgLTMgMA0KdiAtMjIgLTMgMA0KdiAtMjMgLTMgMA0KdiAtMjQgLTMgMA0KdiAtMjUgLTMgMA0KdiAtMjYgLTMgMA0KdiAtMjcgLTMgMA0KdiAtMjggLTMgMA0KdiAtMjkgLTMgMA0KdiAtMzAgLTMgMA0KdiAtMzEgLTMgMA0KdiAtMzIgLTMgMA0KdiAtMzMgLTMgMA0KdiAtMzQgLTMgMA0KdiAtMzUgLTMgMA0KdiAtMzYgLTMgMA0KdiAtMzcgLTMgMA0KdiAtMzggLTMgMA0KdiAtMzkgLTMgMA0KdiAtNDAgLTMgMA0KdiAtNDEgLTMgMA0KdiAtNDIgLTMgMA0KdiAtNDMgLTMgMA0KdiAtNDQgLTMgMA0KdiAtNDUgLTMgMA0KdiAtNDYgLTMgMA0KdiAtNDcgLTMgMA0KdiAtNDggLTMgMA0KdiAtNDkgLTMgMA0KdiAtNTAgLTMgMA0KdiAtNTEgLTMgMA0KdiAtNTIgLTMgMA0KdiAtNTMgLTMgMA0KdiAtNTQgLTMgMA0KdiAtNTUgLTMgMA0KdiAtNTYgLTMgMA0KdiAtNTcgLTMgMA0KdiAtNTggLTMgMA0KdiAtNTkgLTMgMA0KdiAtNjAgLTMgMA0KdiAtNjEgLTMgMA0KdiAtNjIgLTMgMA0KdiAtNjMgLTMgMA0KdiAtNjQgLTMgMA0KdiAtNjUgLTMgMA0KdiAtNjYgLTMgMA0KdiAtNjcgLTMgMA0KdiAtNjggLTMgMA0KdiAtNjkgLTMgMA0KdiAtNzAgLTMgMA0KdiAtNzEgLTMgMA0KdiAtNzIgLTMgMA0KdiAtNzMgLTMgMA0KdiAtNzQgLTMgMA0KdiAtNzUgLTMgMA0KdiAtNzYgLTMgMA0KdiAtNzcgLTMgMA0KdiAtNzggLTMgMA0KdiAtNzkgLTMgMA0KdiAtODAgLTMgMA0KdiAtODEgLTMgMA0KdiAtODIgLTMgMA0KdiAtODMgLTMgMA0KdiAtODQgLTMgMA0KdiAtODUgLTMgMA0KdiAtODYgLTMgMA0KdiAtODcgLTMgMA0KdiAtODggLTMgMA0KdiAtODkgLTMgMA0KdiAtOTAgLTMgMA0KdiAtOTEgLTMgMA0KdiAtOTIgLTMgMA0KdiAtOTMgLTMgMA0KdiAtOTQgLTMgMA0KdiAtOTUgLTMgMA0KdiAtOTYgLTMgMA0KdiAtOTcgLTMgMA0KdiAtOTggLTMgMA0KdiAtOTkgLTMgMA0KdiAtMTAwIC0zIDANCnYgMCAtNCAwDQp2IC0xIC00IDANCnYgLTIgLTQgMA0KdiAtMyAtNCAwDQp2IC00IC00IDANCnYgLTUgLTQgMA0KdiAtNiAtNCAwDQp2IC03IC00IDANCnYgLTggLTQgMA0KdiAtOSAtNCAwDQp2IC0xMCAtNCAwDQp2IC0xMSAtNCAwDQp2IC0xMiAtNCAwDQp2IC0xMyAtNCAwDQp2IC0xNCAtNCAwDQp2IC0xNSAtNCAwDQp2IC0xNiAtNCAwDQp2IC0xNyAtNCAwDQp2IC0xOCAtNCAwDQp2IC0xOSAtNCAwDQp2IC0yMCAtNCAwDQp2IC0yMSAtNCAwDQp2IC0yMiAtNCAwDQp2IC0yMyAtNCAwDQp2IC0yNCAtNCAwDQp2IC0yNSAtNCAwDQp2IC0yNiAtNCAwDQp2IC0yNyAtNCAwDQp2IC0yOCAtNCAwDQp2IC0yOSAtNCAwDQp2IC0zMCAtNCAwDQp2IC0zMSAtNCAwDQp2IC0zMiAtNCAwDQp2IC0zMyAtNCAwDQp2IC0zNCAtNCAwDQp2IC0zNSAtNCAwDQp2IC0zNiAtNCAwDQp2IC0zNyAtNCAwDQp2IC0zOCAtNCAwDQp2IC0zOSAtNCAwDQp2IC00MCAtNCAwDQp2IC00MSAtNCAwDQp2IC00MiAtNCAwDQp2IC00MyAtNCAwDQp2IC00NCAtNCAwDQp2IC00NSAtNCAwDQp2IC00NiAtNCAwDQp2IC00NyAtNCAwDQp2IC00OCAtNCAwDQp2IC00OSAtNCAwDQp2IC01MCAtNCAwDQp2IC01MSAtNCAwDQp2IC01MiAtNCAwDQp2IC01MyAtNCAwDQp2IC01NCAtNCAwDQp2IC01NSAtNCAwDQp2IC01NiAtNCAwDQp2IC01NyAtNCAwDQp2IC01OCAtNCAwDQp2IC01OSAtNCAwDQp2IC02MCAtNCAwDQp2IC02MSAtNCAwDQp2IC02MiAtNCAwDQp2IC02MyAtNCAwDQp2IC02NCAtNCAwDQp2IC02NSAtNCAwDQp2IC02NiAtNCAwDQp2IC02NyAtNCAwDQp2IC02OCAtNCAwDQp2IC02OSAtNCAwDQp2IC03MCAtNCAwDQp2IC03MSAtNCAwDQp2IC03MiAtNCAwDQp2IC03MyAtNCAwDQp2IC03NCAtNCAwDQp2IC03NSAtNCAwDQp2IC03NiAtNCAwDQp2IC03NyAtNCAwDQp2IC03OCAtNCAwDQp2IC03OSAtNCAwDQp2IC04MCAtNCAwDQp2IC04MSAtNCAwDQp2IC04MiAtNCAwDQp2IC04MyAtNCAwDQp2IC04NCAtNCAwDQp2IC04NSAtNCAwDQp2IC04NiAtNCAwDQp2IC04NyAtNCAwDQp2IC04OCAtNCAwDQp2IC04OSAtNCAwDQp2IC05MCAtNCAwDQp2IC05MSAtNCAwDQp2IC05MiAtNCAwDQp2IC05MyAtNCAwDQp2IC05NCAtNCAwDQp2IC05NSAtNCAwDQp2IC05NiAtNCAwDQp2IC05NyAtNCAwDQp2IC05OCAtNCAwDQp2IC05OSAtNCAwDQp2IC0xMDAgLTQgMA0KdiAwIC01IDANCnYgLTEgLTUgMA0KdiAtMiAtNSAwDQp2IC0zIC01IDANCnYgLTQgLTUgMA0KdiAtNSAtNSAwDQp2IC02IC01IDANCnYgLTcgLTUgMA0KdiAtOCAtNSAwDQp2IC05IC01IDANCnYgLTEwIC01IDANCnYgLTExIC01IDANCnYgLTEyIC01IDANCnYgLTEzIC01IDANCnYgLTE0IC01IDANCnYgLTE1IC01IDANCnYgLTE2IC01IDANCnYgLTE3IC01IDANCnYgLTE4IC01IDANCnYgLTE5IC01IDANCnYgLTIwIC01IDANCnYgLTIxIC01IDANCnYgLTIyIC01IDANCnYgLTIzIC01IDANCnYgLTI0IC01IDANCnYgLTI1IC01IDANCnYgLTI2IC01IDANCnYgLTI3IC01IDANCnYgLTI4IC01IDANCnYgLTI5IC01IDANCnYgLTMwIC01IDANCnYgLTMxIC01IDANCnYgLTMyIC01IDANCnYgLTMzIC01IDANCnYgLTM0IC01IDANCnYgLTM1IC01IDANCnYgLTM2IC01IDANCnYgLTM3IC01IDANCnYgLTM4IC01IDANCnYgLTM5IC01IDANCnYgLTQwIC01IDANCnYgLTQxIC01IDANCnYgLTQyIC01IDANCnYgLTQzIC01IDANCnYgLTQ0IC01IDANCnYgLTQ1IC01IDANCnYgLTQ2IC01IDANCnYgLTQ3IC01IDANCnYgLTQ4IC01IDANCnYgLTQ5IC01IDANCnYgLTUwIC01IDANCnYgLTUxIC01IDANCnYgLTUyIC01IDANCnYgLTUzIC01IDANCnYgLTU0IC01IDANCnYgLTU1IC01IDANCnYgLTU2IC01IDANCnYgLTU3IC01IDANCnYgLTU4IC01IDANCnYgLTU5IC01IDANCnYgLTYwIC01IDANCnYgLTYxIC01IDANCnYgLTYyIC01IDANCnYgLTYzIC01IDANCnYgLTY0IC01IDANCnYgLTY1IC01IDANCnYgLTY2IC01IDANCnYgLTY3IC01IDANCnYgLTY4IC01IDANCnYgLTY5IC01IDANCnYgLTcwIC01IDANCnYgLTcxIC01IDANCnYgLTcyIC01IDANCnYgLTczIC01IDANCnYgLTc0IC01IDANCnYgLTc1IC01IDANCnYgLTc2IC01IDANCnYgLTc3IC01IDANCnYgLTc4IC01IDANCnYgLTc5IC01IDANCnYgLTgwIC01IDANCnYgLTgxIC01IDANCnYgLTgyIC01IDANCnYgLTgzIC01IDANCnYgLTg0IC01IDANCnYgLTg1IC01IDANCnYgLTg2IC01IDANCnYgLTg3IC01IDANCnYgLTg4IC01IDANCnYgLTg5IC01IDANCnYgLTkwIC01IDANCnYgLTkxIC01IDANCnYgLTkyIC01IDANCnYgLTkzIC01IDANCnYgLTk0IC01IDANCnYgLTk1IC01IDANCnYgLTk2IC01IDANCnYgLTk3IC01IDANCnYgLTk4IC01IDANCnYgLTk5IC01IDANCnYgLTEwMCAtNSAwDQp2IDAgLTYgMA0KdiAtMSAtNiAwDQp2IC0yIC02IDANCnYgLTMgLTYgMA0KdiAtNCAtNiAwDQp2IC01IC02IDANCnYgLTYgLTYgMA0KdiAtNyAtNiAwDQp2IC04IC02IDANCnYgLTkgLTYgMA0KdiAtMTAgLTYgMA0KdiAtMTEgLTYgMA0KdiAtMTIgLTYgMA0KdiAtMTMgLTYgMA0KdiAtMTQgLTYgMA0KdiAtMTUgLTYgMA0KdiAtMTYgLTYgMA0KdiAtMTcgLTYgMA0KdiAtMTggLTYgMA0KdiAtMTkgLTYgMA0KdiAtMjAgLTYgMA0KdiAtMjEgLTYgMA0KdiAtMjIgLTYgMA0KdiAtMjMgLTYgMA0KdiAtMjQgLTYgMA0KdiAtMjUgLTYgMA0KdiAtMjYgLTYgMA0KdiAtMjcgLTYgMA0KdiAtMjggLTYgMA0KdiAtMjkgLTYgMA0KdiAtMzAgLTYgMA0KdiAtMzEgLTYgMA0KdiAtMzIgLTYgMA0KdiAtMzMgLTYgMA0KdiAtMzQgLTYgMA0KdiAtMzUgLTYgMA0KdiAtMzYgLTYgMA0KdiAtMzcgLTYgMA0KdiAtMzggLTYgMA0KdiAtMzkgLTYgMA0KdiAtNDAgLTYgMA0KdiAtNDEgLTYgMA0KdiAtNDIgLTYgMA0KdiAtNDMgLTYgMA0KdiAtNDQgLTYgMA0KdiAtNDUgLTYgMA0KdiAtNDYgLTYgMA0KdiAtNDcgLTYgMA0KdiAtNDggLTYgMA0KdiAtNDkgLTYgMA0KdiAtNTAgLTYgMA0KdiAtNTEgLTYgMA0KdiAtNTIgLTYgMA0KdiAtNTMgLTYgMA0KdiAtNTQgLTYgMA0KdiAtNTUgLTYgMA0KdiAtNTYgLTYgMA0KdiAtNTcgLTYgMA0KdiAtNTggLTYgMA0KdiAtNTkgLTYgMA0KdiAtNjAgLTYgMA0KdiAtNjEgLTYgMA0KdiAtNjIgLTYgMA0KdiAtNjMgLTYgMA0KdiAtNjQgLTYgMA0KdiAtNjUgLTYgMA0KdiAtNjYgLTYgMA0KdiAtNjcgLTYgMA0KdiAtNjggLTYgMA0KdiAtNjkgLTYgMA0KdiAtNzAgLTYgMA0KdiAtNzEgLTYgMA0KdiAtNzIgLTYgMA0KdiAtNzMgLTYgMA0KdiAtNzQgLTYgMA0KdiAtNzUgLTYgMA0KdiAtNzYgLTYgMA0KdiAtNzcgLTYgMA0KdiAtNzggLTYgMA0KdiAtNzkgLTYgMA0KdiAtODAgLTYgMA0KdiAtODEgLTYgMA0KdiAtODIgLTYgMA0KdiAtODMgLTYgMA0KdiAtODQgLTYgMA0KdiAtODUgLTYgMA0KdiAtODYgLTYgMA0KdiAtODcgLTYgMA0KdiAtODggLTYgMA0KdiAtODkgLTYgMA0KdiAtOTAgLTYgMA0KdiAtOTEgLTYgMA0KdiAtOTIgLTYgMA0KdiAtOTMgLTYgMA0KdiAtOTQgLTYgMA0KdiAtOTUgLTYgMA0KdiAtOTYgLTYgMA0KdiAtOTcgLTYgMA0KdiAtOTggLTYgMA0KdiAtOTkgLTYgMA0KdiAtMTAwIC02IDANCnYgMCAtNyAwDQp2IC0xIC03IDANCnYgLTIgLTcgMA0KdiAtMyAtNyAwDQp2IC00IC03IDANCnYgLTUgLTcgMA0KdiAtNiAtNyAwDQp2IC03IC03IDANCnYgLTggLTcgMA0KdiAtOSAtNyAwDQp2IC0xMCAtNyAwDQp2IC0xMSAtNyAwDQp2IC0xMiAtNyAwDQp2IC0xMyAtNyAwDQp2IC0xNCAtNyAwDQp2IC0xNSAtNyAwDQp2IC0xNiAtNyAwDQp2IC0xNyAtNyAwDQp2IC0xOCAtNyAwDQp2IC0xOSAtNyAwDQp2IC0yMCAtNyAwDQp2IC0yMSAtNyAwDQp2IC0yMiAtNyAwDQp2IC0yMyAtNyAwDQp2IC0yNCAtNyAwDQp2IC0yNSAtNyAwDQp2IC0yNiAtNyAwDQp2IC0yNyAtNyAwDQp2IC0yOCAtNyAwDQp2IC0yOSAtNyAwDQp2IC0zMCAtNyAwDQp2IC0zMSAtNyAwDQp2IC0zMiAtNyAwDQp2IC0zMyAtNyAwDQp2IC0zNCAtNyAwDQp2IC0zNSAtNyAwDQp2IC0zNiAtNyAwDQp2IC0zNyAtNyAwDQp2IC0zOCAtNyAwDQp2IC0zOSAtNyAwDQp2IC00MCAtNyAwDQp2IC00MSAtNyAwDQp2IC00MiAtNyAwDQp2IC00MyAtNyAwDQp2IC00NCAtNyAwDQp2IC00NSAtNyAwDQp2IC00NiAtNyAwDQp2IC00NyAtNyAwDQp2IC00OCAtNyAwDQp2IC00OSAtNyAwDQp2IC01MCAtNyAwDQp2IC01MSAtNyAwDQp2IC01MiAtNyAwDQp2IC01MyAtNyAwDQp2IC01NCAtNyAwDQp2IC01NSAtNyAwDQp2IC01NiAtNyAwDQp2IC01NyAtNyAwDQp2IC01OCAtNyAwDQp2IC01OSAtNyAwDQp2IC02MCAtNyAwDQp2IC02MSAtNyAwDQp2IC02MiAtNyAwDQp2IC02MyAtNyAwDQp2IC02NCAtNyAwDQp2IC02NSAtNyAwDQp2IC02NiAtNyAwDQp2IC02NyAtNyAwDQp2IC02OCAtNyAwDQp2IC02OSAtNyAwDQp2IC03MCAtNyAwDQp2IC03MSAtNyAwDQp2IC03MiAtNyAwDQp2IC03MyAtNyAwDQp2IC03NCAtNyAwDQp2IC03NSAtNyAwDQp2IC03NiAtNyAwDQp2IC03NyAtNyAwDQp2IC03OCAtNyAwDQp2IC03OSAtNyAwDQp2IC04MCAtNyAwDQp2IC04MSAtNyAwDQp2IC04MiAtNyAwDQp2IC04MyAtNyAwDQp2IC04NCAtNyAwDQp2IC04NSAtNyAwDQp2IC04NiAtNyAwDQp2IC04NyAtNyAwDQp2IC04OCAtNyAwDQp2IC04OSAtNyAwDQp2IC05MCAtNyAwDQp2IC05MSAtNyAwDQp2IC05MiAtNyAwDQp2IC05MyAtNyAwDQp2IC05NCAtNyAwDQp2IC05NSAtNyAwDQp2IC05NiAtNyAwDQp2IC05NyAtNyAwDQp2IC05OCAtNyAwDQp2IC05OSAtNyAwDQp2IC0xMDAgLTcgMA0KdiAwIC04IDANCnYgLTEgLTggMA0KdiAtMiAtOCAwDQp2IC0zIC04IDANCnYgLTQgLTggMA0KdiAtNSAtOCAwDQp2IC02IC04IDANCnYgLTcgLTggMA0KdiAtOCAtOCAwDQp2IC05IC04IDANCnYgLTEwIC04IDANCnYgLTExIC04IDANCnYgLTEyIC04IDANCnYgLTEzIC04IDANCnYgLTE0IC04IDANCnYgLTE1IC04IDANCnYgLTE2IC04IDANCnYgLTE3IC04IDANCnYgLTE4IC04IDANCnYgLTE5IC04IDANCnYgLTIwIC04IDANCnYgLTIxIC04IDANCnYgLTIyIC04IDANCnYgLTIzIC04IDANCnYgLTI0IC04IDANCnYgLTI1IC04IDANCnYgLTI2IC04IDANCnYgLTI3IC04IDANCnYgLTI4IC04IDANCnYgLTI5IC04IDANCnYgLTMwIC04IDANCnYgLTMxIC04IDANCnYgLTMyIC04IDANCnYgLTMzIC04IDANCnYgLTM0IC04IDANCnYgLTM1IC04IDANCnYgLTM2IC04IDANCnYgLTM3IC04IDANCnYgLTM4IC04IDANCnYgLTM5IC04IDANCnYgLTQwIC04IDANCnYgLTQxIC04IDANCnYgLTQyIC04IDANCnYgLTQzIC04IDANCnYgLTQ0IC04IDANCnYgLTQ1IC04IDANCnYgLTQ2IC04IDANCnYgLTQ3IC04IDANCnYgLTQ4IC04IDANCnYgLTQ5IC04IDANCnYgLTUwIC04IDANCnYgLTUxIC04IDANCnYgLTUyIC04IDANCnYgLTUzIC04IDANCnYgLTU0IC04IDANCnYgLTU1IC04IDANCnYgLTU2IC04IDANCnYgLTU3IC04IDANCnYgLTU4IC04IDANCnYgLTU5IC04IDANCnYgLTYwIC04IDANCnYgLTYxIC04IDANCnYgLTYyIC04IDANCnYgLTYzIC04IDANCnYgLTY0IC04IDANCnYgLTY1IC04IDANCnYgLTY2IC04IDANCnYgLTY3IC04IDANCnYgLTY4IC04IDANCnYgLTY5IC04IDANCnYgLTcwIC04IDANCnYgLTcxIC04IDANCnYgLTcyIC04IDANCnYgLTczIC04IDANCnYgLTc0IC04IDANCnYgLTc1IC04IDANCnYgLTc2IC04IDANCnYgLTc3IC04IDANCnYgLTc4IC04IDANCnYgLTc5IC04IDANCnYgLTgwIC04IDANCnYgLTgxIC04IDANCnYgLTgyIC04IDANCnYgLTgzIC04IDANCnYgLTg0IC04IDANCnYgLTg1IC04IDANCnYgLTg2IC04IDANCnYgLTg3IC04IDANCnYgLTg4IC04IDANCnYgLTg5IC04IDANCnYgLTkwIC04IDANCnYgLTkxIC04IDANCnYgLTkyIC04IDANCnYgLTkzIC04IDANCnYgLTk0IC04IDANCnYgLTk1IC04IDANCnYgLTk2IC04IDANCnYgLTk3IC04IDANCnYgLTk4IC04IDANCnYgLTk5IC04IDANCnYgLTEwMCAtOCAwDQp2IDAgLTkgMA0KdiAtMSAtOSAwDQp2IC0yIC05IDANCnYgLTMgLTkgMA0KdiAtNCAtOSAwDQp2IC01IC05IDANCnYgLTYgLTkgMA0KdiAtNyAtOSAwDQp2IC04IC05IDANCnYgLTkgLTkgMA0KdiAtMTAgLTkgMA0KdiAtMTEgLTkgMA0KdiAtMTIgLTkgMA0KdiAtMTMgLTkgMA0KdiAtMTQgLTkgMA0KdiAtMTUgLTkgMA0KdiAtMTYgLTkgMA0KdiAtMTcgLTkgMA0KdiAtMTggLTkgMA0KdiAtMTkgLTkgMA0KdiAtMjAgLTkgMA0KdiAtMjEgLTkgMA0KdiAtMjIgLTkgMA0KdiAtMjMgLTkgMA0KdiAtMjQgLTkgMA0KdiAtMjUgLTkgMA0KdiAtMjYgLTkgMA0KdiAtMjcgLTkgMA0KdiAtMjggLTkgMA0KdiAtMjkgLTkgMA0KdiAtMzAgLTkgMA0KdiAtMzEgLTkgMA0KdiAtMzIgLTkgMA0KdiAtMzMgLTkgMA0KdiAtMzQgLTkgMA0KdiAtMzUgLTkgMA0KdiAtMzYgLTkgMA0KdiAtMzcgLTkgMA0KdiAtMzggLTkgMA0KdiAtMzkgLTkgMA0KdiAtNDAgLTkgMA0KdiAtNDEgLTkgMA0KdiAtNDIgLTkgMA0KdiAtNDMgLTkgMA0KdiAtNDQgLTkgMA0KdiAtNDUgLTkgMA0KdiAtNDYgLTkgMA0KdiAtNDcgLTkgMA0KdiAtNDggLTkgMA0KdiAtNDkgLTkgMA0KdiAtNTAgLTkgMA0KdiAtNTEgLTkgMA0KdiAtNTIgLTkgMA0KdiAtNTMgLTkgMA0KdiAtNTQgLTkgMA0KdiAtNTUgLTkgMA0KdiAtNTYgLTkgMA0KdiAtNTcgLTkgMA0KdiAtNTggLTkgMA0KdiAtNTkgLTkgMA0KdiAtNjAgLTkgMA0KdiAtNjEgLTkgMA0KdiAtNjIgLTkgMA0KdiAtNjMgLTkgMA0KdiAtNjQgLTkgMA0KdiAtNjUgLTkgMA0KdiAtNjYgLTkgMA0KdiAtNjcgLTkgMA0KdiAtNjggLTkgMA0KdiAtNjkgLTkgMA0KdiAtNzAgLTkgMA0KdiAtNzEgLTkgMA0KdiAtNzIgLTkgMA0KdiAtNzMgLTkgMA0KdiAtNzQgLTkgMA0KdiAtNzUgLTkgMA0KdiAtNzYgLTkgMA0KdiAtNzcgLTkgMA0KdiAtNzggLTkgMA0KdiAtNzkgLTkgMA0KdiAtODAgLTkgMA0KdiAtODEgLTkgMA0KdiAtODIgLTkgMA0KdiAtODMgLTkgMA0KdiAtODQgLTkgMA0KdiAtODUgLTkgMA0KdiAtODYgLTkgMA0KdiAtODcgLTkgMA0KdiAtODggLTkgMA0KdiAtODkgLTkgMA0KdiAtOTAgLTkgMA0KdiAtOTEgLTkgMA0KdiAtOTIgLTkgMA0KdiAtOTMgLTkgMA0KdiAtOTQgLTkgMA0KdiAtOTUgLTkgMA0KdiAtOTYgLTkgMA0KdiAtOTcgLTkgMA0KdiAtOTggLTkgMA0KdiAtOTkgLTkgMA0KdiAtMTAwIC05IDANCnYgMCAtMTAgMA0KdiAtMSAtMTAgMA0KdiAtMiAtMTAgMA0KdiAtMyAtMTAgMA0KdiAtNCAtMTAgMA0KdiAtNSAtMTAgMA0KdiAtNiAtMTAgMA0KdiAtNyAtMTAgMA0KdiAtOCAtMTAgMA0KdiAtOSAtMTAgMA0KdiAtMTAgLTEwIDANCnYgLTExIC0xMCAwDQp2IC0xMiAtMTAgMA0KdiAtMTMgLTEwIDANCnYgLTE0IC0xMCAwDQp2IC0xNSAtMTAgMA0KdiAtMTYgLTEwIDANCnYgLTE3IC0xMCAwDQp2IC0xOCAtMTAgMA0KdiAtMTkgLTEwIDANCnYgLTIwIC0xMCAwDQp2IC0yMSAtMTAgMA0KdiAtMjIgLTEwIDANCnYgLTIzIC0xMCAwDQp2IC0yNCAtMTAgMA0KdiAtMjUgLTEwIDANCnYgLTI2IC0xMCAwDQp2IC0yNyAtMTAgMA0KdiAtMjggLTEwIDANCnYgLTI5IC0xMCAwDQp2IC0zMCAtMTAgMA0KdiAtMzEgLTEwIDANCnYgLTMyIC0xMCAwDQp2IC0zMyAtMTAgMA0KdiAtMzQgLTEwIDANCnYgLTM1IC0xMCAwDQp2IC0zNiAtMTAgMA0KdiAtMzcgLTEwIDANCnYgLTM4IC0xMCAwDQp2IC0zOSAtMTAgMA0KdiAtNDAgLTEwIDANCnYgLTQxIC0xMCAwDQp2IC00MiAtMTAgMA0KdiAtNDMgLTEwIDANCnYgLTQ0IC0xMCAwDQp2IC00NSAtMTAgMA0KdiAtNDYgLTEwIDANCnYgLTQ3IC0xMCAwDQp2IC00OCAtMTAgMA0KdiAtNDkgLTEwIDANCnYgLTUwIC0xMCAwDQp2IC01MSAtMTAgMA0KdiAtNTIgLTEwIDANCnYgLTUzIC0xMCAwDQp2IC01NCAtMTAgMA0KdiAtNTUgLTEwIDANCnYgLTU2IC0xMCAwDQp2IC01NyAtMTAgMA0KdiAtNTggLTEwIDANCnYgLTU5IC0xMCAwDQp2IC02MCAtMTAgMA0KdiAtNjEgLTEwIDANCnYgLTYyIC0xMCAwDQp2IC02MyAtMTAgMA0KdiAtNjQgLTEwIDANCnYgLTY1IC0xMCAwDQp2IC02NiAtMTAgMA0KdiAtNjcgLTEwIDANCnYgLTY4IC0xMCAwDQp2IC02OSAtMTAgMA0KdiAtNzAgLTEwIDANCnYgLTcxIC0xMCAwDQp2IC03MiAtMTAgMA0KdiAtNzMgLTEwIDANCnYgLTc0IC0xMCAwDQp2IC03NSAtMTAgMA0KdiAtNzYgLTEwIDANCnYgLTc3IC0xMCAwDQp2IC03OCAtMTAgMA0KdiAtNzkgLTEwIDANCnYgLTgwIC0xMCAwDQp2IC04MSAtMTAgMA0KdiAtODIgLTEwIDANCnYgLTgzIC0xMCAwDQp2IC04NCAtMTAgMA0KdiAtODUgLTEwIDANCnYgLTg2IC0xMCAwDQp2IC04NyAtMTAgMA0KdiAtODggLTEwIDANCnYgLTg5IC0xMCAwDQp2IC05MCAtMTAgMA0KdiAtOTEgLTEwIDANCnYgLTkyIC0xMCAwDQp2IC05MyAtMTAgMA0KdiAtOTQgLTEwIDANCnYgLTk1IC0xMCAwDQp2IC05NiAtMTAgMA0KdiAtOTcgLTEwIDANCnYgLTk4IC0xMCAwDQp2IC05OSAtMTAgMA0KdiAtMTAwIC0xMCAwDQp2IDAgLTExIDANCnYgLTEgLTExIDANCnYgLTIgLTExIDANCnYgLTMgLTExIDANCnYgLTQgLTExIDANCnYgLTUgLTExIDANCnYgLTYgLTExIDANCnYgLTcgLTExIDANCnYgLTggLTExIDANCnYgLTkgLTExIDANCnYgLTEwIC0xMSAwDQp2IC0xMSAtMTEgMA0KdiAtMTIgLTExIDANCnYgLTEzIC0xMSAwDQp2IC0xNCAtMTEgMA0KdiAtMTUgLTExIDANCnYgLTE2IC0xMSAwDQp2IC0xNyAtMTEgMA0KdiAtMTggLTExIDANCnYgLTE5IC0xMSAwDQp2IC0yMCAtMTEgMA0KdiAtMjEgLTExIDANCnYgLTIyIC0xMSAwDQp2IC0yMyAtMTEgMA0KdiAtMjQgLTExIDANCnYgLTI1IC0xMSAwDQp2IC0yNiAtMTEgMA0KdiAtMjcgLTExIDANCnYgLTI4IC0xMSAwDQp2IC0yOSAtMTEgMA0KdiAtMzAgLTExIDANCnYgLTMxIC0xMSAwDQp2IC0zMiAtMTEgMA0KdiAtMzMgLTExIDANCnYgLTM0IC0xMSAwDQp2IC0zNSAtMTEgMA0KdiAtMzYgLTExIDANCnYgLTM3IC0xMSAwDQp2IC0zOCAtMTEgMA0KdiAtMzkgLTExIDANCnYgLTQwIC0xMSAwDQp2IC00MSAtMTEgMA0KdiAtNDIgLTExIDANCnYgLTQzIC0xMSAwDQp2IC00NCAtMTEgMA0KdiAtNDUgLTExIDANCnYgLTQ2IC0xMSAwDQp2IC00NyAtMTEgMA0KdiAtNDggLTExIDANCnYgLTQ5IC0xMSAwDQp2IC01MCAtMTEgMA0KdiAtNTEgLTExIDANCnYgLTUyIC0xMSAwDQp2IC01MyAtMTEgMA0KdiAtNTQgLTExIDANCnYgLTU1IC0xMSAwDQp2IC01NiAtMTEgMA0KdiAtNTcgLTExIDANCnYgLTU4IC0xMSAwDQp2IC01OSAtMTEgMA0KdiAtNjAgLTExIDANCnYgLTYxIC0xMSAwDQp2IC02MiAtMTEgMA0KdiAtNjMgLTExIDANCnYgLTY0IC0xMSAwDQp2IC02NSAtMTEgMA0KdiAtNjYgLTExIDANCnYgLTY3IC0xMSAwDQp2IC02OCAtMTEgMA0KdiAtNjkgLTExIDANCnYgLTcwIC0xMSAwDQp2IC03MSAtMTEgMA0KdiAtNzIgLTExIDANCnYgLTczIC0xMSAwDQp2IC03NCAtMTEgMA0KdiAtNzUgLTExIDANCnYgLTc2IC0xMSAwDQp2IC03NyAtMTEgMA0KdiAtNzggLTExIDANCnYgLTc5IC0xMSAwDQp2IC04MCAtMTEgMA0KdiAtODEgLTExIDANCnYgLTgyIC0xMSAwDQp2IC04MyAtMTEgMA0KdiAtODQgLTExIDANCnYgLTg1IC0xMSAwDQp2IC04NiAtMTEgMA0KdiAtODcgLTExIDANCnYgLTg4IC0xMSAwDQp2IC04OSAtMTEgMA0KdiAtOTAgLTExIDANCnYgLTkxIC0xMSAwDQp2IC05MiAtMTEgMA0KdiAtOTMgLTExIDANCnYgLTk0IC0xMSAwDQp2IC05NSAtMTEgMA0KdiAtOTYgLTExIDANCnYgLTk3IC0xMSAwDQp2IC05OCAtMTEgMA0KdiAtOTkgLTExIDANCnYgLTEwMCAtMTEgMA0KdiAwIC0xMiAwDQp2IC0xIC0xMiAwDQp2IC0yIC0xMiAwDQp2IC0zIC0xMiAwDQp2IC00IC0xMiAwDQp2IC01IC0xMiAwDQp2IC02IC0xMiAwDQp2IC03IC0xMiAwDQp2IC04IC0xMiAwDQp2IC05IC0xMiAwDQp2IC0xMCAtMTIgMA0KdiAtMTEgLTEyIDANCnYgLTEyIC0xMiAwDQp2IC0xMyAtMTIgMA0KdiAtMTQgLTEyIDANCnYgLTE1IC0xMiAwDQp2IC0xNiAtMTIgMA0KdiAtMTcgLTEyIDANCnYgLTE4IC0xMiAwDQp2IC0xOSAtMTIgMA0KdiAtMjAgLTEyIDANCnYgLTIxIC0xMiAwDQp2IC0yMiAtMTIgMA0KdiAtMjMgLTEyIDANCnYgLTI0IC0xMiAwDQp2IC0yNSAtMTIgMA0KdiAtMjYgLTEyIDANCnYgLTI3IC0xMiAwDQp2IC0yOCAtMTIgMA0KdiAtMjkgLTEyIDANCnYgLTMwIC0xMiAwDQp2IC0zMSAtMTIgMA0KdiAtMzIgLTEyIDANCnYgLTMzIC0xMiAwDQp2IC0zNCAtMTIgMA0KdiAtMzUgLTEyIDANCnYgLTM2IC0xMiAwDQp2IC0zNyAtMTIgMA0KdiAtMzggLTEyIDANCnYgLTM5IC0xMiAwDQp2IC00MCAtMTIgMA0KdiAtNDEgLTEyIDANCnYgLTQyIC0xMiAwDQp2IC00MyAtMTIgMA0KdiAtNDQgLTEyIDANCnYgLTQ1IC0xMiAwDQp2IC00NiAtMTIgMA0KdiAtNDcgLTEyIDANCnYgLTQ4IC0xMiAwDQp2IC00OSAtMTIgMA0KdiAtNTAgLTEyIDANCnYgLTUxIC0xMiAwDQp2IC01MiAtMTIgMA0KdiAtNTMgLTEyIDANCnYgLTU0IC0xMiAwDQp2IC01NSAtMTIgMA0KdiAtNTYgLTEyIDANCnYgLTU3IC0xMiAwDQp2IC01OCAtMTIgMA0KdiAtNTkgLTEyIDANCnYgLTYwIC0xMiAwDQp2IC02MSAtMTIgMA0KdiAtNjIgLTEyIDANCnYgLTYzIC0xMiAwDQp2IC02NCAtMTIgMA0KdiAtNjUgLTEyIDANCnYgLTY2IC0xMiAwDQp2IC02NyAtMTIgMA0KdiAtNjggLTEyIDANCnYgLTY5IC0xMiAwDQp2IC03MCAtMTIgMA0KdiAtNzEgLTEyIDANCnYgLTcyIC0xMiAwDQp2IC03MyAtMTIgMA0KdiAtNzQgLTEyIDANCnYgLTc1IC0xMiAwDQp2IC03NiAtMTIgMA0KdiAtNzcgLTEyIDANCnYgLTc4IC0xMiAwDQp2IC03OSAtMTIgMA0KdiAtODAgLTEyIDANCnYgLTgxIC0xMiAwDQp2IC04MiAtMTIgMA0KdiAtODMgLTEyIDANCnYgLTg0IC0xMiAwDQp2IC04NSAtMTIgMA0KdiAtODYgLTEyIDANCnYgLTg3IC0xMiAwDQp2IC04OCAtMTIgMA0KdiAtODkgLTEyIDANCnYgLTkwIC0xMiAwDQp2IC05MSAtMTIgMA0KdiAtOTIgLTEyIDANCnYgLTkzIC0xMiAwDQp2IC05NCAtMTIgMA0KdiAtOTUgLTEyIDANCnYgLTk2IC0xMiAwDQp2IC05NyAtMTIgMA0KdiAtOTggLTEyIDANCnYgLTk5IC0xMiAwDQp2IC0xMDAgLTEyIDANCnYgMCAtMTMgMA0KdiAtMSAtMTMgMA0KdiAtMiAtMTMgMA0KdiAtMyAtMTMgMA0KdiAtNCAtMTMgMA0KdiAtNSAtMTMgMA0KdiAtNiAtMTMgMA0KdiAtNyAtMTMgMA0KdiAtOCAtMTMgMA0KdiAtOSAtMTMgMA0KdiAtMTAgLTEzIDANCnYgLTExIC0xMyAwDQp2IC0xMiAtMTMgMA0KdiAtMTMgLTEzIDANCnYgLTE0IC0xMyAwDQp2IC0xNSAtMTMgMA0KdiAtMTYgLTEzIDANCnYgLTE3IC0xMyAwDQp2IC0xOCAtMTMgMA0KdiAtMTkgLTEzIDANCnYgLTIwIC0xMyAwDQp2IC0yMSAtMTMgMA0KdiAtMjIgLTEzIDANCnYgLTIzIC0xMyAwDQp2IC0yNCAtMTMgMA0KdiAtMjUgLTEzIDANCnYgLTI2IC0xMyAwDQp2IC0yNyAtMTMgMA0KdiAtMjggLTEzIDANCnYgLTI5IC0xMyAwDQp2IC0zMCAtMTMgMA0KdiAtMzEgLTEzIDANCnYgLTMyIC0xMyAwDQp2IC0zMyAtMTMgMA0KdiAtMzQgLTEzIDANCnYgLTM1IC0xMyAwDQp2IC0zNiAtMTMgMA0KdiAtMzcgLTEzIDANCnYgLTM4IC0xMyAwDQp2IC0zOSAtMTMgMA0KdiAtNDAgLTEzIDANCnYgLTQxIC0xMyAwDQp2IC00MiAtMTMgMA0KdiAtNDMgLTEzIDANCnYgLTQ0IC0xMyAwDQp2IC00NSAtMTMgMA0KdiAtNDYgLTEzIDANCnYgLTQ3IC0xMyAwDQp2IC00OCAtMTMgMA0KdiAtNDkgLTEzIDANCnYgLTUwIC0xMyAwDQp2IC01MSAtMTMgMA0KdiAtNTIgLTEzIDANCnYgLTUzIC0xMyAwDQp2IC01NCAtMTMgMA0KdiAtNTUgLTEzIDANCnYgLTU2IC0xMyAwDQp2IC01NyAtMTMgMA0KdiAtNTggLTEzIDANCnYgLTU5IC0xMyAwDQp2IC02MCAtMTMgMA0KdiAtNjEgLTEzIDANCnYgLTYyIC0xMyAwDQp2IC02MyAtMTMgMA0KdiAtNjQgLTEzIDANCnYgLTY1IC0xMyAwDQp2IC02NiAtMTMgMA0KdiAtNjcgLTEzIDANCnYgLTY4IC0xMyAwDQp2IC02OSAtMTMgMA0KdiAtNzAgLTEzIDANCnYgLTcxIC0xMyAwDQp2IC03MiAtMTMgMA0KdiAtNzMgLTEzIDANCnYgLTc0IC0xMyAwDQp2IC03NSAtMTMgMA0KdiAtNzYgLTEzIDANCnYgLTc3IC0xMyAwDQp2IC03OCAtMTMgMA0KdiAtNzkgLTEzIDANCnYgLTgwIC0xMyAwDQp2IC04MSAtMTMgMA0KdiAtODIgLTEzIDANCnYgLTgzIC0xMyAwDQp2IC04NCAtMTMgMA0KdiAtODUgLTEzIDANCnYgLTg2IC0xMyAwDQp2IC04NyAtMTMgMA0KdiAtODggLTEzIDANCnYgLTg5IC0xMyAwDQp2IC05MCAtMTMgMA0KdiAtOTEgLTEzIDANCnYgLTkyIC0xMyAwDQp2IC05MyAtMTMgMA0KdiAtOTQgLTEzIDANCnYgLTk1IC0xMyAwDQp2IC05NiAtMTMgMA0KdiAtOTcgLTEzIDANCnYgLTk4IC0xMyAwDQp2IC05OSAtMTMgMA0KdiAtMTAwIC0xMyAwDQp2IDAgLTE0IDANCnYgLTEgLTE0IDANCnYgLTIgLTE0IDANCnYgLTMgLTE0IDANCnYgLTQgLTE0IDANCnYgLTUgLTE0IDANCnYgLTYgLTE0IDANCnYgLTcgLTE0IDANCnYgLTggLTE0IDANCnYgLTkgLTE0IDANCnYgLTEwIC0xNCAwDQp2IC0xMSAtMTQgMA0KdiAtMTIgLTE0IDANCnYgLTEzIC0xNCAwDQp2IC0xNCAtMTQgMA0KdiAtMTUgLTE0IDANCnYgLTE2IC0xNCAwDQp2IC0xNyAtMTQgMA0KdiAtMTggLTE0IDANCnYgLTE5IC0xNCAwDQp2IC0yMCAtMTQgMA0KdiAtMjEgLTE0IDANCnYgLTIyIC0xNCAwDQp2IC0yMyAtMTQgMA0KdiAtMjQgLTE0IDANCnYgLTI1IC0xNCAwDQp2IC0yNiAtMTQgMA0KdiAtMjcgLTE0IDANCnYgLTI4IC0xNCAwDQp2IC0yOSAtMTQgMA0KdiAtMzAgLTE0IDANCnYgLTMxIC0xNCAwDQp2IC0zMiAtMTQgMA0KdiAtMzMgLTE0IDANCnYgLTM0IC0xNCAwDQp2IC0zNSAtMTQgMA0KdiAtMzYgLTE0IDANCnYgLTM3IC0xNCAwDQp2IC0zOCAtMTQgMA0KdiAtMzkgLTE0IDANCnYgLTQwIC0xNCAwDQp2IC00MSAtMTQgMA0KdiAtNDIgLTE0IDANCnYgLTQzIC0xNCAwDQp2IC00NCAtMTQgMA0KdiAtNDUgLTE0IDANCnYgLTQ2IC0xNCAwDQp2IC00NyAtMTQgMA0KdiAtNDggLTE0IDANCnYgLTQ5IC0xNCAwDQp2IC01MCAtMTQgMA0KdiAtNTEgLTE0IDANCnYgLTUyIC0xNCAwDQp2IC01MyAtMTQgMA0KdiAtNTQgLTE0IDANCnYgLTU1IC0xNCAwDQp2IC01NiAtMTQgMA0KdiAtNTcgLTE0IDANCnYgLTU4IC0xNCAwDQp2IC01OSAtMTQgMA0KdiAtNjAgLTE0IDANCnYgLTYxIC0xNCAwDQp2IC02MiAtMTQgMA0KdiAtNjMgLTE0IDANCnYgLTY0IC0xNCAwDQp2IC02NSAtMTQgMA0KdiAtNjYgLTE0IDANCnYgLTY3IC0xNCAwDQp2IC02OCAtMTQgMA0KdiAtNjkgLTE0IDANCnYgLTcwIC0xNCAwDQp2IC03MSAtMTQgMA0KdiAtNzIgLTE0IDANCnYgLTczIC0xNCAwDQp2IC03NCAtMTQgMA0KdiAtNzUgLTE0IDANCnYgLTc2IC0xNCAwDQp2IC03NyAtMTQgMA0KdiAtNzggLTE0IDANCnYgLTc5IC0xNCAwDQp2IC04MCAtMTQgMA0KdiAtODEgLTE0IDANCnYgLTgyIC0xNCAwDQp2IC04MyAtMTQgMA0KdiAtODQgLTE0IDANCnYgLTg1IC0xNCAwDQp2IC04NiAtMTQgMA0KdiAtODcgLTE0IDANCnYgLTg4IC0xNCAwDQp2IC04OSAtMTQgMA0KdiAtOTAgLTE0IDANCnYgLTkxIC0xNCAwDQp2IC05MiAtMTQgMA0KdiAtOTMgLTE0IDANCnYgLTk0IC0xNCAwDQp2IC05NSAtMTQgMA0KdiAtOTYgLTE0IDANCnYgLTk3IC0xNCAwDQp2IC05OCAtMTQgMA0KdiAtOTkgLTE0IDANCnYgLTEwMCAtMTQgMA0KdiAwIC0xNSAwDQp2IC0xIC0xNSAwDQp2IC0yIC0xNSAwDQp2IC0zIC0xNSAwDQp2IC00IC0xNSAwDQp2IC01IC0xNSAwDQp2IC02IC0xNSAwDQp2IC03IC0xNSAwDQp2IC04IC0xNSAwDQp2IC05IC0xNSAwDQp2IC0xMCAtMTUgMA0KdiAtMTEgLTE1IDANCnYgLTEyIC0xNSAwDQp2IC0xMyAtMTUgMA0KdiAtMTQgLTE1IDANCnYgLTE1IC0xNSAwDQp2IC0xNiAtMTUgMA0KdiAtMTcgLTE1IDANCnYgLTE4IC0xNSAwDQp2IC0xOSAtMTUgMA0KdiAtMjAgLTE1IDANCnYgLTIxIC0xNSAwDQp2IC0yMiAtMTUgMA0KdiAtMjMgLTE1IDANCnYgLTI0IC0xNSAwDQp2IC0yNSAtMTUgMA0KdiAtMjYgLTE1IDANCnYgLTI3IC0xNSAwDQp2IC0yOCAtMTUgMA0KdiAtMjkgLTE1IDANCnYgLTMwIC0xNSAwDQp2IC0zMSAtMTUgMA0KdiAtMzIgLTE1IDANCnYgLTMzIC0xNSAwDQp2IC0zNCAtMTUgMA0KdiAtMzUgLTE1IDANCnYgLTM2IC0xNSAwDQp2IC0zNyAtMTUgMA0KdiAtMzggLTE1IDANCnYgLTM5IC0xNSAwDQp2IC00MCAtMTUgMA0KdiAtNDEgLTE1IDANCnYgLTQyIC0xNSAwDQp2IC00MyAtMTUgMA0KdiAtNDQgLTE1IDANCnYgLTQ1IC0xNSAwDQp2IC00NiAtMTUgMA0KdiAtNDcgLTE1IDANCnYgLTQ4IC0xNSAwDQp2IC00OSAtMTUgMA0KdiAtNTAgLTE1IDANCnYgLTUxIC0xNSAwDQp2IC01MiAtMTUgMA0KdiAtNTMgLTE1IDANCnYgLTU0IC0xNSAwDQp2IC01NSAtMTUgMA0KdiAtNTYgLTE1IDANCnYgLTU3IC0xNSAwDQp2IC01OCAtMTUgMA0KdiAtNTkgLTE1IDANCnYgLTYwIC0xNSAwDQp2IC02MSAtMTUgMA0KdiAtNjIgLTE1IDANCnYgLTYzIC0xNSAwDQp2IC02NCAtMTUgMA0KdiAtNjUgLTE1IDANCnYgLTY2IC0xNSAwDQp2IC02NyAtMTUgMA0KdiAtNjggLTE1IDANCnYgLTY5IC0xNSAwDQp2IC03MCAtMTUgMA0KdiAtNzEgLTE1IDANCnYgLTcyIC0xNSAwDQp2IC03MyAtMTUgMA0KdiAtNzQgLTE1IDANCnYgLTc1IC0xNSAwDQp2IC03NiAtMTUgMA0KdiAtNzcgLTE1IDANCnYgLTc4IC0xNSAwDQp2IC03OSAtMTUgMA0KdiAtODAgLTE1IDANCnYgLTgxIC0xNSAwDQp2IC04MiAtMTUgMA0KdiAtODMgLTE1IDANCnYgLTg0IC0xNSAwDQp2IC04NSAtMTUgMA0KdiAtODYgLTE1IDANCnYgLTg3IC0xNSAwDQp2IC04OCAtMTUgMA0KdiAtODkgLTE1IDANCnYgLTkwIC0xNSAwDQp2IC05MSAtMTUgMA0KdiAtOTIgLTE1IDANCnYgLTkzIC0xNSAwDQp2IC05NCAtMTUgMA0KdiAtOTUgLTE1IDANCnYgLTk2IC0xNSAwDQp2IC05NyAtMTUgMA0KdiAtOTggLTE1IDANCnYgLTk5IC0xNSAwDQp2IC0xMDAgLTE1IDANCnYgMCAtMTYgMA0KdiAtMSAtMTYgMA0KdiAtMiAtMTYgMA0KdiAtMyAtMTYgMA0KdiAtNCAtMTYgMA0KdiAtNSAtMTYgMA0KdiAtNiAtMTYgMA0KdiAtNyAtMTYgMA0KdiAtOCAtMTYgMA0KdiAtOSAtMTYgMA0KdiAtMTAgLTE2IDANCnYgLTExIC0xNiAwDQp2IC0xMiAtMTYgMA0KdiAtMTMgLTE2IDANCnYgLTE0IC0xNiAwDQp2IC0xNSAtMTYgMA0KdiAtMTYgLTE2IDANCnYgLTE3IC0xNiAwDQp2IC0xOCAtMTYgMA0KdiAtMTkgLTE2IDANCnYgLTIwIC0xNiAwDQp2IC0yMSAtMTYgMA0KdiAtMjIgLTE2IDANCnYgLTIzIC0xNiAwDQp2IC0yNCAtMTYgMA0KdiAtMjUgLTE2IDANCnYgLTI2IC0xNiAwDQp2IC0yNyAtMTYgMA0KdiAtMjggLTE2IDANCnYgLTI5IC0xNiAwDQp2IC0zMCAtMTYgMA0KdiAtMzEgLTE2IDANCnYgLTMyIC0xNiAwDQp2IC0zMyAtMTYgMA0KdiAtMzQgLTE2IDANCnYgLTM1IC0xNiAwDQp2IC0zNiAtMTYgMA0KdiAtMzcgLTE2IDANCnYgLTM4IC0xNiAwDQp2IC0zOSAtMTYgMA0KdiAtNDAgLTE2IDANCnYgLTQxIC0xNiAwDQp2IC00MiAtMTYgMA0KdiAtNDMgLTE2IDANCnYgLTQ0IC0xNiAwDQp2IC00NSAtMTYgMA0KdiAtNDYgLTE2IDANCnYgLTQ3IC0xNiAwDQp2IC00OCAtMTYgMA0KdiAtNDkgLTE2IDANCnYgLTUwIC0xNiAwDQp2IC01MSAtMTYgMA0KdiAtNTIgLTE2IDANCnYgLTUzIC0xNiAwDQp2IC01NCAtMTYgMA0KdiAtNTUgLTE2IDANCnYgLTU2IC0xNiAwDQp2IC01NyAtMTYgMA0KdiAtNTggLTE2IDANCnYgLTU5IC0xNiAwDQp2IC02MCAtMTYgMA0KdiAtNjEgLTE2IDANCnYgLTYyIC0xNiAwDQp2IC02MyAtMTYgMA0KdiAtNjQgLTE2IDANCnYgLTY1IC0xNiAwDQp2IC02NiAtMTYgMA0KdiAtNjcgLTE2IDANCnYgLTY4IC0xNiAwDQp2IC02OSAtMTYgMA0KdiAtNzAgLTE2IDANCnYgLTcxIC0xNiAwDQp2IC03MiAtMTYgMA0KdiAtNzMgLTE2IDANCnYgLTc0IC0xNiAwDQp2IC03NSAtMTYgMA0KdiAtNzYgLTE2IDANCnYgLTc3IC0xNiAwDQp2IC03OCAtMTYgMA0KdiAtNzkgLTE2IDANCnYgLTgwIC0xNiAwDQp2IC04MSAtMTYgMA0KdiAtODIgLTE2IDANCnYgLTgzIC0xNiAwDQp2IC04NCAtMTYgMA0KdiAtODUgLTE2IDANCnYgLTg2IC0xNiAwDQp2IC04NyAtMTYgMA0KdiAtODggLTE2IDANCnYgLTg5IC0xNiAwDQp2IC05MCAtMTYgMA0KdiAtOTEgLTE2IDANCnYgLTkyIC0xNiAwDQp2IC05MyAtMTYgMA0KdiAtOTQgLTE2IDANCnYgLTk1IC0xNiAwDQp2IC05NiAtMTYgMA0KdiAtOTcgLTE2IDANCnYgLTk4IC0xNiAwDQp2IC05OSAtMTYgMA0KdiAtMTAwIC0xNiAwDQp2IDAgLTE3IDANCnYgLTEgLTE3IDANCnYgLTIgLTE3IDANCnYgLTMgLTE3IDANCnYgLTQgLTE3IDANCnYgLTUgLTE3IDANCnYgLTYgLTE3IDANCnYgLTcgLTE3IDANCnYgLTggLTE3IDANCnYgLTkgLTE3IDANCnYgLTEwIC0xNyAwDQp2IC0xMSAtMTcgMA0KdiAtMTIgLTE3IDANCnYgLTEzIC0xNyAwDQp2IC0xNCAtMTcgMA0KdiAtMTUgLTE3IDANCnYgLTE2IC0xNyAwDQp2IC0xNyAtMTcgMA0KdiAtMTggLTE3IDANCnYgLTE5IC0xNyAwDQp2IC0yMCAtMTcgMA0KdiAtMjEgLTE3IDANCnYgLTIyIC0xNyAwDQp2IC0yMyAtMTcgMA0KdiAtMjQgLTE3IDANCnYgLTI1IC0xNyAwDQp2IC0yNiAtMTcgMA0KdiAtMjcgLTE3IDANCnYgLTI4IC0xNyAwDQp2IC0yOSAtMTcgMA0KdiAtMzAgLTE3IDANCnYgLTMxIC0xNyAwDQp2IC0zMiAtMTcgMA0KdiAtMzMgLTE3IDANCnYgLTM0IC0xNyAwDQp2IC0zNSAtMTcgMA0KdiAtMzYgLTE3IDANCnYgLTM3IC0xNyAwDQp2IC0zOCAtMTcgMA0KdiAtMzkgLTE3IDANCnYgLTQwIC0xNyAwDQp2IC00MSAtMTcgMA0KdiAtNDIgLTE3IDANCnYgLTQzIC0xNyAwDQp2IC00NCAtMTcgMA0KdiAtNDUgLTE3IDANCnYgLTQ2IC0xNyAwDQp2IC00NyAtMTcgMA0KdiAtNDggLTE3IDANCnYgLTQ5IC0xNyAwDQp2IC01MCAtMTcgMA0KdiAtNTEgLTE3IDANCnYgLTUyIC0xNyAwDQp2IC01MyAtMTcgMA0KdiAtNTQgLTE3IDANCnYgLTU1IC0xNyAwDQp2IC01NiAtMTcgMA0KdiAtNTcgLTE3IDANCnYgLTU4IC0xNyAwDQp2IC01OSAtMTcgMA0KdiAtNjAgLTE3IDANCnYgLTYxIC0xNyAwDQp2IC02MiAtMTcgMA0KdiAtNjMgLTE3IDANCnYgLTY0IC0xNyAwDQp2IC02NSAtMTcgMA0KdiAtNjYgLTE3IDANCnYgLTY3IC0xNyAwDQp2IC02OCAtMTcgMA0KdiAtNjkgLTE3IDANCnYgLTcwIC0xNyAwDQp2IC03MSAtMTcgMA0KdiAtNzIgLTE3IDANCnYgLTczIC0xNyAwDQp2IC03NCAtMTcgMA0KdiAtNzUgLTE3IDANCnYgLTc2IC0xNyAwDQp2IC03NyAtMTcgMA0KdiAtNzggLTE3IDANCnYgLTc5IC0xNyAwDQp2IC04MCAtMTcgMA0KdiAtODEgLTE3IDANCnYgLTgyIC0xNyAwDQp2IC04MyAtMTcgMA0KdiAtODQgLTE3IDANCnYgLTg1IC0xNyAwDQp2IC04NiAtMTcgMA0KdiAtODcgLTE3IDANCnYgLTg4IC0xNyAwDQp2IC04OSAtMTcgMA0KdiAtOTAgLTE3IDANCnYgLTkxIC0xNyAwDQp2IC05MiAtMTcgMA0KdiAtOTMgLTE3IDANCnYgLTk0IC0xNyAwDQp2IC05NSAtMTcgMA0KdiAtOTYgLTE3IDANCnYgLTk3IC0xNyAwDQp2IC05OCAtMTcgMA0KdiAtOTkgLTE3IDANCnYgLTEwMCAtMTcgMA0KdiAwIC0xOCAwDQp2IC0xIC0xOCAwDQp2IC0yIC0xOCAwDQp2IC0zIC0xOCAwDQp2IC00IC0xOCAwDQp2IC01IC0xOCAwDQp2IC02IC0xOCAwDQp2IC03IC0xOCAwDQp2IC04IC0xOCAwDQp2IC05IC0xOCAwDQp2IC0xMCAtMTggMA0KdiAtMTEgLTE4IDANCnYgLTEyIC0xOCAwDQp2IC0xMyAtMTggMA0KdiAtMTQgLTE4IDANCnYgLTE1IC0xOCAwDQp2IC0xNiAtMTggMA0KdiAtMTcgLTE4IDANCnYgLTE4IC0xOCAwDQp2IC0xOSAtMTggMA0KdiAtMjAgLTE4IDANCnYgLTIxIC0xOCAwDQp2IC0yMiAtMTggMA0KdiAtMjMgLTE4IDANCnYgLTI0IC0xOCAwDQp2IC0yNSAtMTggMA0KdiAtMjYgLTE4IDANCnYgLTI3IC0xOCAwDQp2IC0yOCAtMTggMA0KdiAtMjkgLTE4IDANCnYgLTMwIC0xOCAwDQp2IC0zMSAtMTggMA0KdiAtMzIgLTE4IDANCnYgLTMzIC0xOCAwDQp2IC0zNCAtMTggMA0KdiAtMzUgLTE4IDANCnYgLTM2IC0xOCAwDQp2IC0zNyAtMTggMA0KdiAtMzggLTE4IDANCnYgLTM5IC0xOCAwDQp2IC00MCAtMTggMA0KdiAtNDEgLTE4IDANCnYgLTQyIC0xOCAwDQp2IC00MyAtMTggMA0KdiAtNDQgLTE4IDANCnYgLTQ1IC0xOCAwDQp2IC00NiAtMTggMA0KdiAtNDcgLTE4IDANCnYgLTQ4IC0xOCAwDQp2IC00OSAtMTggMA0KdiAtNTAgLTE4IDANCnYgLTUxIC0xOCAwDQp2IC01MiAtMTggMA0KdiAtNTMgLTE4IDANCnYgLTU0IC0xOCAwDQp2IC01NSAtMTggMA0KdiAtNTYgLTE4IDANCnYgLTU3IC0xOCAwDQp2IC01OCAtMTggMA0KdiAtNTkgLTE4IDANCnYgLTYwIC0xOCAwDQp2IC02MSAtMTggMA0KdiAtNjIgLTE4IDANCnYgLTYzIC0xOCAwDQp2IC02NCAtMTggMA0KdiAtNjUgLTE4IDANCnYgLTY2IC0xOCAwDQp2IC02NyAtMTggMA0KdiAtNjggLTE4IDANCnYgLTY5IC0xOCAwDQp2IC03MCAtMTggMA0KdiAtNzEgLTE4IDANCnYgLTcyIC0xOCAwDQp2IC03MyAtMTggMA0KdiAtNzQgLTE4IDANCnYgLTc1IC0xOCAwDQp2IC03NiAtMTggMA0KdiAtNzcgLTE4IDANCnYgLTc4IC0xOCAwDQp2IC03OSAtMTggMA0KdiAtODAgLTE4IDANCnYgLTgxIC0xOCAwDQp2IC04MiAtMTggMA0KdiAtODMgLTE4IDANCnYgLTg0IC0xOCAwDQp2IC04NSAtMTggMA0KdiAtODYgLTE4IDANCnYgLTg3IC0xOCAwDQp2IC04OCAtMTggMA0KdiAtODkgLTE4IDANCnYgLTkwIC0xOCAwDQp2IC05MSAtMTggMA0KdiAtOTIgLTE4IDANCnYgLTkzIC0xOCAwDQp2IC05NCAtMTggMA0KdiAtOTUgLTE4IDANCnYgLTk2IC0xOCAwDQp2IC05NyAtMTggMA0KdiAtOTggLTE4IDANCnYgLTk5IC0xOCAwDQp2IC0xMDAgLTE4IDANCnYgMCAtMTkgMA0KdiAtMSAtMTkgMA0KdiAtMiAtMTkgMA0KdiAtMyAtMTkgMA0KdiAtNCAtMTkgMA0KdiAtNSAtMTkgMA0KdiAtNiAtMTkgMA0KdiAtNyAtMTkgMA0KdiAtOCAtMTkgMA0KdiAtOSAtMTkgMA0KdiAtMTAgLTE5IDANCnYgLTExIC0xOSAwDQp2IC0xMiAtMTkgMA0KdiAtMTMgLTE5IDANCnYgLTE0IC0xOSAwDQp2IC0xNSAtMTkgMA0KdiAtMTYgLTE5IDANCnYgLTE3IC0xOSAwDQp2IC0xOCAtMTkgMA0KdiAtMTkgLTE5IDANCnYgLTIwIC0xOSAwDQp2IC0yMSAtMTkgMA0KdiAtMjIgLTE5IDANCnYgLTIzIC0xOSAwDQp2IC0yNCAtMTkgMA0KdiAtMjUgLTE5IDANCnYgLTI2IC0xOSAwDQp2IC0yNyAtMTkgMA0KdiAtMjggLTE5IDANCnYgLTI5IC0xOSAwDQp2IC0zMCAtMTkgMA0KdiAtMzEgLTE5IDANCnYgLTMyIC0xOSAwDQp2IC0zMyAtMTkgMA0KdiAtMzQgLTE5IDANCnYgLTM1IC0xOSAwDQp2IC0zNiAtMTkgMA0KdiAtMzcgLTE5IDANCnYgLTM4IC0xOSAwDQp2IC0zOSAtMTkgMA0KdiAtNDAgLTE5IDANCnYgLTQxIC0xOSAwDQp2IC00MiAtMTkgMA0KdiAtNDMgLTE5IDANCnYgLTQ0IC0xOSAwDQp2IC00NSAtMTkgMA0KdiAtNDYgLTE5IDANCnYgLTQ3IC0xOSAwDQp2IC00OCAtMTkgMA0KdiAtNDkgLTE5IDANCnYgLTUwIC0xOSAwDQp2IC01MSAtMTkgMA0KdiAtNTIgLTE5IDANCnYgLTUzIC0xOSAwDQp2IC01NCAtMTkgMA0KdiAtNTUgLTE5IDANCnYgLTU2IC0xOSAwDQp2IC01NyAtMTkgMA0KdiAtNTggLTE5IDANCnYgLTU5IC0xOSAwDQp2IC02MCAtMTkgMA0KdiAtNjEgLTE5IDANCnYgLTYyIC0xOSAwDQp2IC02MyAtMTkgMA0KdiAtNjQgLTE5IDANCnYgLTY1IC0xOSAwDQp2IC02NiAtMTkgMA0KdiAtNjcgLTE5IDANCnYgLTY4IC0xOSAwDQp2IC02OSAtMTkgMA0KdiAtNzAgLTE5IDANCnYgLTcxIC0xOSAwDQp2IC03MiAtMTkgMA0KdiAtNzMgLTE5IDANCnYgLTc0IC0xOSAwDQp2IC03NSAtMTkgMA0KdiAtNzYgLTE5IDANCnYgLTc3IC0xOSAwDQp2IC03OCAtMTkgMA0KdiAtNzkgLTE5IDANCnYgLTgwIC0xOSAwDQp2IC04MSAtMTkgMA0KdiAtODIgLTE5IDANCnYgLTgzIC0xOSAwDQp2IC04NCAtMTkgMA0KdiAtODUgLTE5IDANCnYgLTg2IC0xOSAwDQp2IC04NyAtMTkgMA0KdiAtODggLTE5IDANCnYgLTg5IC0xOSAwDQp2IC05MCAtMTkgMA0KdiAtOTEgLTE5IDANCnYgLTkyIC0xOSAwDQp2IC05MyAtMTkgMA0KdiAtOTQgLTE5IDANCnYgLTk1IC0xOSAwDQp2IC05NiAtMTkgMA0KdiAtOTcgLTE5IDANCnYgLTk4IC0xOSAwDQp2IC05OSAtMTkgMA0KdiAtMTAwIC0xOSAwDQp2IDAgLTIwIDANCnYgLTEgLTIwIDANCnYgLTIgLTIwIDANCnYgLTMgLTIwIDANCnYgLTQgLTIwIDANCnYgLTUgLTIwIDANCnYgLTYgLTIwIDANCnYgLTcgLTIwIDANCnYgLTggLTIwIDANCnYgLTkgLTIwIDANCnYgLTEwIC0yMCAwDQp2IC0xMSAtMjAgMA0KdiAtMTIgLTIwIDANCnYgLTEzIC0yMCAwDQp2IC0xNCAtMjAgMA0KdiAtMTUgLTIwIDANCnYgLTE2IC0yMCAwDQp2IC0xNyAtMjAgMA0KdiAtMTggLTIwIDANCnYgLTE5IC0yMCAwDQp2IC0yMCAtMjAgMA0KdiAtMjEgLTIwIDANCnYgLTIyIC0yMCAwDQp2IC0yMyAtMjAgMA0KdiAtMjQgLTIwIDANCnYgLTI1IC0yMCAwDQp2IC0yNiAtMjAgMA0KdiAtMjcgLTIwIDANCnYgLTI4IC0yMCAwDQp2IC0yOSAtMjAgMA0KdiAtMzAgLTIwIDANCnYgLTMxIC0yMCAwDQp2IC0zMiAtMjAgMA0KdiAtMzMgLTIwIDANCnYgLTM0IC0yMCAwDQp2IC0zNSAtMjAgMA0KdiAtMzYgLTIwIDANCnYgLTM3IC0yMCAwDQp2IC0zOCAtMjAgMA0KdiAtMzkgLTIwIDANCnYgLTQwIC0yMCAwDQp2IC00MSAtMjAgMA0KdiAtNDIgLTIwIDANCnYgLTQzIC0yMCAwDQp2IC00NCAtMjAgMA0KdiAtNDUgLTIwIDANCnYgLTQ2IC0yMCAwDQp2IC00NyAtMjAgMA0KdiAtNDggLTIwIDANCnYgLTQ5IC0yMCAwDQp2IC01MCAtMjAgMA0KdiAtNTEgLTIwIDANCnYgLTUyIC0yMCAwDQp2IC01MyAtMjAgMA0KdiAtNTQgLTIwIDANCnYgLTU1IC0yMCAwDQp2IC01NiAtMjAgMA0KdiAtNTcgLTIwIDANCnYgLTU4IC0yMCAwDQp2IC01OSAtMjAgMA0KdiAtNjAgLTIwIDANCnYgLTYxIC0yMCAwDQp2IC02MiAtMjAgMA0KdiAtNjMgLTIwIDANCnYgLTY0IC0yMCAwDQp2IC02NSAtMjAgMA0KdiAtNjYgLTIwIDANCnYgLTY3IC0yMCAwDQp2IC02OCAtMjAgMA0KdiAtNjkgLTIwIDANCnYgLTcwIC0yMCAwDQp2IC03MSAtMjAgMA0KdiAtNzIgLTIwIDANCnYgLTczIC0yMCAwDQp2IC03NCAtMjAgMA0KdiAtNzUgLTIwIDANCnYgLTc2IC0yMCAwDQp2IC03NyAtMjAgMA0KdiAtNzggLTIwIDANCnYgLTc5IC0yMCAwDQp2IC04MCAtMjAgMA0KdiAtODEgLTIwIDANCnYgLTgyIC0yMCAwDQp2IC04MyAtMjAgMA0KdiAtODQgLTIwIDANCnYgLTg1IC0yMCAwDQp2IC04NiAtMjAgMA0KdiAtODcgLTIwIDANCnYgLTg4IC0yMCAwDQp2IC04OSAtMjAgMA0KdiAtOTAgLTIwIDANCnYgLTkxIC0yMCAwDQp2IC05MiAtMjAgMA0KdiAtOTMgLTIwIDANCnYgLTk0IC0yMCAwDQp2IC05NSAtMjAgMA0KdiAtOTYgLTIwIDANCnYgLTk3IC0yMCAwDQp2IC05OCAtMjAgMA0KdiAtOTkgLTIwIDANCnYgLTEwMCAtMjAgMA0KdiAwIC0yMSAwDQp2IC0xIC0yMSAwDQp2IC0yIC0yMSAwDQp2IC0zIC0yMSAwDQp2IC00IC0yMSAwDQp2IC01IC0yMSAwDQp2IC02IC0yMSAwDQp2IC03IC0yMSAwDQp2IC04IC0yMSAwDQp2IC05IC0yMSAwDQp2IC0xMCAtMjEgMA0KdiAtMTEgLTIxIDANCnYgLTEyIC0yMSAwDQp2IC0xMyAtMjEgMA0KdiAtMTQgLTIxIDANCnYgLTE1IC0yMSAwDQp2IC0xNiAtMjEgMA0KdiAtMTcgLTIxIDANCnYgLTE4IC0yMSAwDQp2IC0xOSAtMjEgMA0KdiAtMjAgLTIxIDANCnYgLTIxIC0yMSAwDQp2IC0yMiAtMjEgMA0KdiAtMjMgLTIxIDANCnYgLTI0IC0yMSAwDQp2IC0yNSAtMjEgMA0KdiAtMjYgLTIxIDANCnYgLTI3IC0yMSAwDQp2IC0yOCAtMjEgMA0KdiAtMjkgLTIxIDANCnYgLTMwIC0yMSAwDQp2IC0zMSAtMjEgMA0KdiAtMzIgLTIxIDANCnYgLTMzIC0yMSAwDQp2IC0zNCAtMjEgMA0KdiAtMzUgLTIxIDANCnYgLTM2IC0yMSAwDQp2IC0zNyAtMjEgMA0KdiAtMzggLTIxIDANCnYgLTM5IC0yMSAwDQp2IC00MCAtMjEgMA0KdiAtNDEgLTIxIDANCnYgLTQyIC0yMSAwDQp2IC00MyAtMjEgMA0KdiAtNDQgLTIxIDANCnYgLTQ1IC0yMSAwDQp2IC00NiAtMjEgMA0KdiAtNDcgLTIxIDANCnYgLTQ4IC0yMSAwDQp2IC00OSAtMjEgMA0KdiAtNTAgLTIxIDANCnYgLTUxIC0yMSAwDQp2IC01MiAtMjEgMA0KdiAtNTMgLTIxIDANCnYgLTU0IC0yMSAwDQp2IC01NSAtMjEgMA0KdiAtNTYgLTIxIDANCnYgLTU3IC0yMSAwDQp2IC01OCAtMjEgMA0KdiAtNTkgLTIxIDANCnYgLTYwIC0yMSAwDQp2IC02MSAtMjEgMA0KdiAtNjIgLTIxIDANCnYgLTYzIC0yMSAwDQp2IC02NCAtMjEgMA0KdiAtNjUgLTIxIDANCnYgLTY2IC0yMSAwDQp2IC02NyAtMjEgMA0KdiAtNjggLTIxIDANCnYgLTY5IC0yMSAwDQp2IC03MCAtMjEgMA0KdiAtNzEgLTIxIDANCnYgLTcyIC0yMSAwDQp2IC03MyAtMjEgMA0KdiAtNzQgLTIxIDANCnYgLTc1IC0yMSAwDQp2IC03NiAtMjEgMA0KdiAtNzcgLTIxIDANCnYgLTc4IC0yMSAwDQp2IC03OSAtMjEgMA0KdiAtODAgLTIxIDANCnYgLTgxIC0yMSAwDQp2IC04MiAtMjEgMA0KdiAtODMgLTIxIDANCnYgLTg0IC0yMSAwDQp2IC04NSAtMjEgMA0KdiAtODYgLTIxIDANCnYgLTg3IC0yMSAwDQp2IC04OCAtMjEgMA0KdiAtODkgLTIxIDANCnYgLTkwIC0yMSAwDQp2IC05MSAtMjEgMA0KdiAtOTIgLTIxIDANCnYgLTkzIC0yMSAwDQp2IC05NCAtMjEgMA0KdiAtOTUgLTIxIDANCnYgLTk2IC0yMSAwDQp2IC05NyAtMjEgMA0KdiAtOTggLTIxIDANCnYgLTk5IC0yMSAwDQp2IC0xMDAgLTIxIDANCnYgMCAtMjIgMA0KdiAtMSAtMjIgMA0KdiAtMiAtMjIgMA0KdiAtMyAtMjIgMA0KdiAtNCAtMjIgMA0KdiAtNSAtMjIgMA0KdiAtNiAtMjIgMA0KdiAtNyAtMjIgMA0KdiAtOCAtMjIgMA0KdiAtOSAtMjIgMA0KdiAtMTAgLTIyIDANCnYgLTExIC0yMiAwDQp2IC0xMiAtMjIgMA0KdiAtMTMgLTIyIDANCnYgLTE0IC0yMiAwDQp2IC0xNSAtMjIgMA0KdiAtMTYgLTIyIDANCnYgLTE3IC0yMiAwDQp2IC0xOCAtMjIgMA0KdiAtMTkgLTIyIDANCnYgLTIwIC0yMiAwDQp2IC0yMSAtMjIgMA0KdiAtMjIgLTIyIDANCnYgLTIzIC0yMiAwDQp2IC0yNCAtMjIgMA0KdiAtMjUgLTIyIDANCnYgLTI2IC0yMiAwDQp2IC0yNyAtMjIgMA0KdiAtMjggLTIyIDANCnYgLTI5IC0yMiAwDQp2IC0zMCAtMjIgMA0KdiAtMzEgLTIyIDANCnYgLTMyIC0yMiAwDQp2IC0zMyAtMjIgMA0KdiAtMzQgLTIyIDANCnYgLTM1IC0yMiAwDQp2IC0zNiAtMjIgMA0KdiAtMzcgLTIyIDANCnYgLTM4IC0yMiAwDQp2IC0zOSAtMjIgMA0KdiAtNDAgLTIyIDANCnYgLTQxIC0yMiAwDQp2IC00MiAtMjIgMA0KdiAtNDMgLTIyIDANCnYgLTQ0IC0yMiAwDQp2IC00NSAtMjIgMA0KdiAtNDYgLTIyIDANCnYgLTQ3IC0yMiAwDQp2IC00OCAtMjIgMA0KdiAtNDkgLTIyIDANCnYgLTUwIC0yMiAwDQp2IC01MSAtMjIgMA0KdiAtNTIgLTIyIDANCnYgLTUzIC0yMiAwDQp2IC01NCAtMjIgMA0KdiAtNTUgLTIyIDANCnYgLTU2IC0yMiAwDQp2IC01NyAtMjIgMA0KdiAtNTggLTIyIDANCnYgLTU5IC0yMiAwDQp2IC02MCAtMjIgMA0KdiAtNjEgLTIyIDANCnYgLTYyIC0yMiAwDQp2IC02MyAtMjIgMA0KdiAtNjQgLTIyIDANCnYgLTY1IC0yMiAwDQp2IC02NiAtMjIgMA0KdiAtNjcgLTIyIDANCnYgLTY4IC0yMiAwDQp2IC02OSAtMjIgMA0KdiAtNzAgLTIyIDANCnYgLTcxIC0yMiAwDQp2IC03MiAtMjIgMA0KdiAtNzMgLTIyIDANCnYgLTc0IC0yMiAwDQp2IC03NSAtMjIgMA0KdiAtNzYgLTIyIDANCnYgLTc3IC0yMiAwDQp2IC03OCAtMjIgMA0KdiAtNzkgLTIyIDANCnYgLTgwIC0yMiAwDQp2IC04MSAtMjIgMA0KdiAtODIgLTIyIDANCnYgLTgzIC0yMiAwDQp2IC04NCAtMjIgMA0KdiAtODUgLTIyIDANCnYgLTg2IC0yMiAwDQp2IC04NyAtMjIgMA0KdiAtODggLTIyIDANCnYgLTg5IC0yMiAwDQp2IC05MCAtMjIgMA0KdiAtOTEgLTIyIDANCnYgLTkyIC0yMiAwDQp2IC05MyAtMjIgMA0KdiAtOTQgLTIyIDANCnYgLTk1IC0yMiAwDQp2IC05NiAtMjIgMA0KdiAtOTcgLTIyIDANCnYgLTk4IC0yMiAwDQp2IC05OSAtMjIgMA0KdiAtMTAwIC0yMiAwDQp2IDAgLTIzIDANCnYgLTEgLTIzIDANCnYgLTIgLTIzIDANCnYgLTMgLTIzIDANCnYgLTQgLTIzIDANCnYgLTUgLTIzIDANCnYgLTYgLTIzIDANCnYgLTcgLTIzIDANCnYgLTggLTIzIDANCnYgLTkgLTIzIDANCnYgLTEwIC0yMyAwDQp2IC0xMSAtMjMgMA0KdiAtMTIgLTIzIDANCnYgLTEzIC0yMyAwDQp2IC0xNCAtMjMgMA0KdiAtMTUgLTIzIDANCnYgLTE2IC0yMyAwDQp2IC0xNyAtMjMgMA0KdiAtMTggLTIzIDANCnYgLTE5IC0yMyAwDQp2IC0yMCAtMjMgMA0KdiAtMjEgLTIzIDANCnYgLTIyIC0yMyAwDQp2IC0yMyAtMjMgMA0KdiAtMjQgLTIzIDANCnYgLTI1IC0yMyAwDQp2IC0yNiAtMjMgMA0KdiAtMjcgLTIzIDANCnYgLTI4IC0yMyAwDQp2IC0yOSAtMjMgMA0KdiAtMzAgLTIzIDANCnYgLTMxIC0yMyAwDQp2IC0zMiAtMjMgMA0KdiAtMzMgLTIzIDANCnYgLTM0IC0yMyAwDQp2IC0zNSAtMjMgMA0KdiAtMzYgLTIzIDANCnYgLTM3IC0yMyAwDQp2IC0zOCAtMjMgMA0KdiAtMzkgLTIzIDANCnYgLTQwIC0yMyAwDQp2IC00MSAtMjMgMA0KdiAtNDIgLTIzIDANCnYgLTQzIC0yMyAwDQp2IC00NCAtMjMgMA0KdiAtNDUgLTIzIDANCnYgLTQ2IC0yMyAwDQp2IC00NyAtMjMgMA0KdiAtNDggLTIzIDANCnYgLTQ5IC0yMyAwDQp2IC01MCAtMjMgMA0KdiAtNTEgLTIzIDANCnYgLTUyIC0yMyAwDQp2IC01MyAtMjMgMA0KdiAtNTQgLTIzIDANCnYgLTU1IC0yMyAwDQp2IC01NiAtMjMgMA0KdiAtNTcgLTIzIDANCnYgLTU4IC0yMyAwDQp2IC01OSAtMjMgMA0KdiAtNjAgLTIzIDANCnYgLTYxIC0yMyAwDQp2IC02MiAtMjMgMA0KdiAtNjMgLTIzIDANCnYgLTY0IC0yMyAwDQp2IC02NSAtMjMgMA0KdiAtNjYgLTIzIDANCnYgLTY3IC0yMyAwDQp2IC02OCAtMjMgMA0KdiAtNjkgLTIzIDANCnYgLTcwIC0yMyAwDQp2IC03MSAtMjMgMA0KdiAtNzIgLTIzIDANCnYgLTczIC0yMyAwDQp2IC03NCAtMjMgMA0KdiAtNzUgLTIzIDANCnYgLTc2IC0yMyAwDQp2IC03NyAtMjMgMA0KdiAtNzggLTIzIDANCnYgLTc5IC0yMyAwDQp2IC04MCAtMjMgMA0KdiAtODEgLTIzIDANCnYgLTgyIC0yMyAwDQp2IC04MyAtMjMgMA0KdiAtODQgLTIzIDANCnYgLTg1IC0yMyAwDQp2IC04NiAtMjMgMA0KdiAtODcgLTIzIDANCnYgLTg4IC0yMyAwDQp2IC04OSAtMjMgMA0KdiAtOTAgLTIzIDANCnYgLTkxIC0yMyAwDQp2IC05MiAtMjMgMA0KdiAtOTMgLTIzIDANCnYgLTk0IC0yMyAwDQp2IC05NSAtMjMgMA0KdiAtOTYgLTIzIDANCnYgLTk3IC0yMyAwDQp2IC05OCAtMjMgMA0KdiAtOTkgLTIzIDANCnYgLTEwMCAtMjMgMA0KdiAwIC0yNCAwDQp2IC0xIC0yNCAwDQp2IC0yIC0yNCAwDQp2IC0zIC0yNCAwDQp2IC00IC0yNCAwDQp2IC01IC0yNCAwDQp2IC02IC0yNCAwDQp2IC03IC0yNCAwDQp2IC04IC0yNCAwDQp2IC05IC0yNCAwDQp2IC0xMCAtMjQgMA0KdiAtMTEgLTI0IDANCnYgLTEyIC0yNCAwDQp2IC0xMyAtMjQgMA0KdiAtMTQgLTI0IDANCnYgLTE1IC0yNCAwDQp2IC0xNiAtMjQgMA0KdiAtMTcgLTI0IDANCnYgLTE4IC0yNCAwDQp2IC0xOSAtMjQgMA0KdiAtMjAgLTI0IDANCnYgLTIxIC0yNCAwDQp2IC0yMiAtMjQgMA0KdiAtMjMgLTI0IDANCnYgLTI0IC0yNCAwDQp2IC0yNSAtMjQgMA0KdiAtMjYgLTI0IDANCnYgLTI3IC0yNCAwDQp2IC0yOCAtMjQgMA0KdiAtMjkgLTI0IDANCnYgLTMwIC0yNCAwDQp2IC0zMSAtMjQgMA0KdiAtMzIgLTI0IDANCnYgLTMzIC0yNCAwDQp2IC0zNCAtMjQgMA0KdiAtMzUgLTI0IDANCnYgLTM2IC0yNCAwDQp2IC0zNyAtMjQgMA0KdiAtMzggLTI0IDANCnYgLTM5IC0yNCAwDQp2IC00MCAtMjQgMA0KdiAtNDEgLTI0IDANCnYgLTQyIC0yNCAwDQp2IC00MyAtMjQgMA0KdiAtNDQgLTI0IDANCnYgLTQ1IC0yNCAwDQp2IC00NiAtMjQgMA0KdiAtNDcgLTI0IDANCnYgLTQ4IC0yNCAwDQp2IC00OSAtMjQgMA0KdiAtNTAgLTI0IDANCnYgLTUxIC0yNCAwDQp2IC01MiAtMjQgMA0KdiAtNTMgLTI0IDANCnYgLTU0IC0yNCAwDQp2IC01NSAtMjQgMA0KdiAtNTYgLTI0IDANCnYgLTU3IC0yNCAwDQp2IC01OCAtMjQgMA0KdiAtNTkgLTI0IDANCnYgLTYwIC0yNCAwDQp2IC02MSAtMjQgMA0KdiAtNjIgLTI0IDANCnYgLTYzIC0yNCAwDQp2IC02NCAtMjQgMA0KdiAtNjUgLTI0IDANCnYgLTY2IC0yNCAwDQp2IC02NyAtMjQgMA0KdiAtNjggLTI0IDANCnYgLTY5IC0yNCAwDQp2IC03MCAtMjQgMA0KdiAtNzEgLTI0IDANCnYgLTcyIC0yNCAwDQp2IC03MyAtMjQgMA0KdiAtNzQgLTI0IDANCnYgLTc1IC0yNCAwDQp2IC03NiAtMjQgMA0KdiAtNzcgLTI0IDANCnYgLTc4IC0yNCAwDQp2IC03OSAtMjQgMA0KdiAtODAgLTI0IDANCnYgLTgxIC0yNCAwDQp2IC04MiAtMjQgMA0KdiAtODMgLTI0IDANCnYgLTg0IC0yNCAwDQp2IC04NSAtMjQgMA0KdiAtODYgLTI0IDANCnYgLTg3IC0yNCAwDQp2IC04OCAtMjQgMA0KdiAtODkgLTI0IDANCnYgLTkwIC0yNCAwDQp2IC05MSAtMjQgMA0KdiAtOTIgLTI0IDANCnYgLTkzIC0yNCAwDQp2IC05NCAtMjQgMA0KdiAtOTUgLTI0IDANCnYgLTk2IC0yNCAwDQp2IC05NyAtMjQgMA0KdiAtOTggLTI0IDANCnYgLTk5IC0yNCAwDQp2IC0xMDAgLTI0IDANCnYgMCAtMjUgMA0KdiAtMSAtMjUgMA0KdiAtMiAtMjUgMA0KdiAtMyAtMjUgMA0KdiAtNCAtMjUgMA0KdiAtNSAtMjUgMA0KdiAtNiAtMjUgMA0KdiAtNyAtMjUgMA0KdiAtOCAtMjUgMA0KdiAtOSAtMjUgMA0KdiAtMTAgLTI1IDANCnYgLTExIC0yNSAwDQp2IC0xMiAtMjUgMA0KdiAtMTMgLTI1IDANCnYgLTE0IC0yNSAwDQp2IC0xNSAtMjUgMA0KdiAtMTYgLTI1IDANCnYgLTE3IC0yNSAwDQp2IC0xOCAtMjUgMA0KdiAtMTkgLTI1IDANCnYgLTIwIC0yNSAwDQp2IC0yMSAtMjUgMA0KdiAtMjIgLTI1IDANCnYgLTIzIC0yNSAwDQp2IC0yNCAtMjUgMA0KdiAtMjUgLTI1IDANCnYgLTI2IC0yNSAwDQp2IC0yNyAtMjUgMA0KdiAtMjggLTI1IDANCnYgLTI5IC0yNSAwDQp2IC0zMCAtMjUgMA0KdiAtMzEgLTI1IDANCnYgLTMyIC0yNSAwDQp2IC0zMyAtMjUgMA0KdiAtMzQgLTI1IDANCnYgLTM1IC0yNSAwDQp2IC0zNiAtMjUgMA0KdiAtMzcgLTI1IDANCnYgLTM4IC0yNSAwDQp2IC0zOSAtMjUgMA0KdiAtNDAgLTI1IDANCnYgLTQxIC0yNSAwDQp2IC00MiAtMjUgMA0KdiAtNDMgLTI1IDANCnYgLTQ0IC0yNSAwDQp2IC00NSAtMjUgMA0KdiAtNDYgLTI1IDANCnYgLTQ3IC0yNSAwDQp2IC00OCAtMjUgMA0KdiAtNDkgLTI1IDANCnYgLTUwIC0yNSAwDQp2IC01MSAtMjUgMA0KdiAtNTIgLTI1IDANCnYgLTUzIC0yNSAwDQp2IC01NCAtMjUgMA0KdiAtNTUgLTI1IDANCnYgLTU2IC0yNSAwDQp2IC01NyAtMjUgMA0KdiAtNTggLTI1IDANCnYgLTU5IC0yNSAwDQp2IC02MCAtMjUgMA0KdiAtNjEgLTI1IDANCnYgLTYyIC0yNSAwDQp2IC02MyAtMjUgMA0KdiAtNjQgLTI1IDANCnYgLTY1IC0yNSAwDQp2IC02NiAtMjUgMA0KdiAtNjcgLTI1IDANCnYgLTY4IC0yNSAwDQp2IC02OSAtMjUgMA0KdiAtNzAgLTI1IDANCnYgLTcxIC0yNSAwDQp2IC03MiAtMjUgMA0KdiAtNzMgLTI1IDANCnYgLTc0IC0yNSAwDQp2IC03NSAtMjUgMA0KdiAtNzYgLTI1IDANCnYgLTc3IC0yNSAwDQp2IC03OCAtMjUgMA0KdiAtNzkgLTI1IDANCnYgLTgwIC0yNSAwDQp2IC04MSAtMjUgMA0KdiAtODIgLTI1IDANCnYgLTgzIC0yNSAwDQp2IC04NCAtMjUgMA0KdiAtODUgLTI1IDANCnYgLTg2IC0yNSAwDQp2IC04NyAtMjUgMA0KdiAtODggLTI1IDANCnYgLTg5IC0yNSAwDQp2IC05MCAtMjUgMA0KdiAtOTEgLTI1IDANCnYgLTkyIC0yNSAwDQp2IC05MyAtMjUgMA0KdiAtOTQgLTI1IDANCnYgLTk1IC0yNSAwDQp2IC05NiAtMjUgMA0KdiAtOTcgLTI1IDANCnYgLTk4IC0yNSAwDQp2IC05OSAtMjUgMA0KdiAtMTAwIC0yNSAwDQp2IDAgLTI2IDANCnYgLTEgLTI2IDANCnYgLTIgLTI2IDANCnYgLTMgLTI2IDANCnYgLTQgLTI2IDANCnYgLTUgLTI2IDANCnYgLTYgLTI2IDANCnYgLTcgLTI2IDANCnYgLTggLTI2IDANCnYgLTkgLTI2IDANCnYgLTEwIC0yNiAwDQp2IC0xMSAtMjYgMA0KdiAtMTIgLTI2IDANCnYgLTEzIC0yNiAwDQp2IC0xNCAtMjYgMA0KdiAtMTUgLTI2IDANCnYgLTE2IC0yNiAwDQp2IC0xNyAtMjYgMA0KdiAtMTggLTI2IDANCnYgLTE5IC0yNiAwDQp2IC0yMCAtMjYgMA0KdiAtMjEgLTI2IDANCnYgLTIyIC0yNiAwDQp2IC0yMyAtMjYgMA0KdiAtMjQgLTI2IDANCnYgLTI1IC0yNiAwDQp2IC0yNiAtMjYgMA0KdiAtMjcgLTI2IDANCnYgLTI4IC0yNiAwDQp2IC0yOSAtMjYgMA0KdiAtMzAgLTI2IDANCnYgLTMxIC0yNiAwDQp2IC0zMiAtMjYgMA0KdiAtMzMgLTI2IDANCnYgLTM0IC0yNiAwDQp2IC0zNSAtMjYgMA0KdiAtMzYgLTI2IDANCnYgLTM3IC0yNiAwDQp2IC0zOCAtMjYgMA0KdiAtMzkgLTI2IDANCnYgLTQwIC0yNiAwDQp2IC00MSAtMjYgMA0KdiAtNDIgLTI2IDANCnYgLTQzIC0yNiAwDQp2IC00NCAtMjYgMA0KdiAtNDUgLTI2IDANCnYgLTQ2IC0yNiAwDQp2IC00NyAtMjYgMA0KdiAtNDggLTI2IDANCnYgLTQ5IC0yNiAwDQp2IC01MCAtMjYgMA0KdiAtNTEgLTI2IDANCnYgLTUyIC0yNiAwDQp2IC01MyAtMjYgMA0KdiAtNTQgLTI2IDANCnYgLTU1IC0yNiAwDQp2IC01NiAtMjYgMA0KdiAtNTcgLTI2IDANCnYgLTU4IC0yNiAwDQp2IC01OSAtMjYgMA0KdiAtNjAgLTI2IDANCnYgLTYxIC0yNiAwDQp2IC02MiAtMjYgMA0KdiAtNjMgLTI2IDANCnYgLTY0IC0yNiAwDQp2IC02NSAtMjYgMA0KdiAtNjYgLTI2IDANCnYgLTY3IC0yNiAwDQp2IC02OCAtMjYgMA0KdiAtNjkgLTI2IDANCnYgLTcwIC0yNiAwDQp2IC03MSAtMjYgMA0KdiAtNzIgLTI2IDANCnYgLTczIC0yNiAwDQp2IC03NCAtMjYgMA0KdiAtNzUgLTI2IDANCnYgLTc2IC0yNiAwDQp2IC03NyAtMjYgMA0KdiAtNzggLTI2IDANCnYgLTc5IC0yNiAwDQp2IC04MCAtMjYgMA0KdiAtODEgLTI2IDANCnYgLTgyIC0yNiAwDQp2IC04MyAtMjYgMA0KdiAtODQgLTI2IDANCnYgLTg1IC0yNiAwDQp2IC04NiAtMjYgMA0KdiAtODcgLTI2IDANCnYgLTg4IC0yNiAwDQp2IC04OSAtMjYgMA0KdiAtOTAgLTI2IDANCnYgLTkxIC0yNiAwDQp2IC05MiAtMjYgMA0KdiAtOTMgLTI2IDANCnYgLTk0IC0yNiAwDQp2IC05NSAtMjYgMA0KdiAtOTYgLTI2IDANCnYgLTk3IC0yNiAwDQp2IC05OCAtMjYgMA0KdiAtOTkgLTI2IDANCnYgLTEwMCAtMjYgMA0KdiAwIC0yNyAwDQp2IC0xIC0yNyAwDQp2IC0yIC0yNyAwDQp2IC0zIC0yNyAwDQp2IC00IC0yNyAwDQp2IC01IC0yNyAwDQp2IC02IC0yNyAwDQp2IC03IC0yNyAwDQp2IC04IC0yNyAwDQp2IC05IC0yNyAwDQp2IC0xMCAtMjcgMA0KdiAtMTEgLTI3IDANCnYgLTEyIC0yNyAwDQp2IC0xMyAtMjcgMA0KdiAtMTQgLTI3IDANCnYgLTE1IC0yNyAwDQp2IC0xNiAtMjcgMA0KdiAtMTcgLTI3IDANCnYgLTE4IC0yNyAwDQp2IC0xOSAtMjcgMA0KdiAtMjAgLTI3IDANCnYgLTIxIC0yNyAwDQp2IC0yMiAtMjcgMA0KdiAtMjMgLTI3IDANCnYgLTI0IC0yNyAwDQp2IC0yNSAtMjcgMA0KdiAtMjYgLTI3IDANCnYgLTI3IC0yNyAwDQp2IC0yOCAtMjcgMA0KdiAtMjkgLTI3IDANCnYgLTMwIC0yNyAwDQp2IC0zMSAtMjcgMA0KdiAtMzIgLTI3IDANCnYgLTMzIC0yNyAwDQp2IC0zNCAtMjcgMA0KdiAtMzUgLTI3IDANCnYgLTM2IC0yNyAwDQp2IC0zNyAtMjcgMA0KdiAtMzggLTI3IDANCnYgLTM5IC0yNyAwDQp2IC00MCAtMjcgMA0KdiAtNDEgLTI3IDANCnYgLTQyIC0yNyAwDQp2IC00MyAtMjcgMA0KdiAtNDQgLTI3IDANCnYgLTQ1IC0yNyAwDQp2IC00NiAtMjcgMA0KdiAtNDcgLTI3IDANCnYgLTQ4IC0yNyAwDQp2IC00OSAtMjcgMA0KdiAtNTAgLTI3IDANCnYgLTUxIC0yNyAwDQp2IC01MiAtMjcgMA0KdiAtNTMgLTI3IDANCnYgLTU0IC0yNyAwDQp2IC01NSAtMjcgMA0KdiAtNTYgLTI3IDANCnYgLTU3IC0yNyAwDQp2IC01OCAtMjcgMA0KdiAtNTkgLTI3IDANCnYgLTYwIC0yNyAwDQp2IC02MSAtMjcgMA0KdiAtNjIgLTI3IDANCnYgLTYzIC0yNyAwDQp2IC02NCAtMjcgMA0KdiAtNjUgLTI3IDANCnYgLTY2IC0yNyAwDQp2IC02NyAtMjcgMA0KdiAtNjggLTI3IDANCnYgLTY5IC0yNyAwDQp2IC03MCAtMjcgMA0KdiAtNzEgLTI3IDANCnYgLTcyIC0yNyAwDQp2IC03MyAtMjcgMA0KdiAtNzQgLTI3IDANCnYgLTc1IC0yNyAwDQp2IC03NiAtMjcgMA0KdiAtNzcgLTI3IDANCnYgLTc4IC0yNyAwDQp2IC03OSAtMjcgMA0KdiAtODAgLTI3IDANCnYgLTgxIC0yNyAwDQp2IC04MiAtMjcgMA0KdiAtODMgLTI3IDANCnYgLTg0IC0yNyAwDQp2IC04NSAtMjcgMA0KdiAtODYgLTI3IDANCnYgLTg3IC0yNyAwDQp2IC04OCAtMjcgMA0KdiAtODkgLTI3IDANCnYgLTkwIC0yNyAwDQp2IC05MSAtMjcgMA0KdiAtOTIgLTI3IDANCnYgLTkzIC0yNyAwDQp2IC05NCAtMjcgMA0KdiAtOTUgLTI3IDANCnYgLTk2IC0yNyAwDQp2IC05NyAtMjcgMA0KdiAtOTggLTI3IDANCnYgLTk5IC0yNyAwDQp2IC0xMDAgLTI3IDANCnYgMCAtMjggMA0KdiAtMSAtMjggMA0KdiAtMiAtMjggMA0KdiAtMyAtMjggMA0KdiAtNCAtMjggMA0KdiAtNSAtMjggMA0KdiAtNiAtMjggMA0KdiAtNyAtMjggMA0KdiAtOCAtMjggMA0KdiAtOSAtMjggMA0KdiAtMTAgLTI4IDANCnYgLTExIC0yOCAwDQp2IC0xMiAtMjggMA0KdiAtMTMgLTI4IDANCnYgLTE0IC0yOCAwDQp2IC0xNSAtMjggMA0KdiAtMTYgLTI4IDANCnYgLTE3IC0yOCAwDQp2IC0xOCAtMjggMA0KdiAtMTkgLTI4IDANCnYgLTIwIC0yOCAwDQp2IC0yMSAtMjggMA0KdiAtMjIgLTI4IDANCnYgLTIzIC0yOCAwDQp2IC0yNCAtMjggMA0KdiAtMjUgLTI4IDANCnYgLTI2IC0yOCAwDQp2IC0yNyAtMjggMA0KdiAtMjggLTI4IDANCnYgLTI5IC0yOCAwDQp2IC0zMCAtMjggMA0KdiAtMzEgLTI4IDANCnYgLTMyIC0yOCAwDQp2IC0zMyAtMjggMA0KdiAtMzQgLTI4IDANCnYgLTM1IC0yOCAwDQp2IC0zNiAtMjggMA0KdiAtMzcgLTI4IDANCnYgLTM4IC0yOCAwDQp2IC0zOSAtMjggMA0KdiAtNDAgLTI4IDANCnYgLTQxIC0yOCAwDQp2IC00MiAtMjggMA0KdiAtNDMgLTI4IDANCnYgLTQ0IC0yOCAwDQp2IC00NSAtMjggMA0KdiAtNDYgLTI4IDANCnYgLTQ3IC0yOCAwDQp2IC00OCAtMjggMA0KdiAtNDkgLTI4IDANCnYgLTUwIC0yOCAwDQp2IC01MSAtMjggMA0KdiAtNTIgLTI4IDANCnYgLTUzIC0yOCAwDQp2IC01NCAtMjggMA0KdiAtNTUgLTI4IDANCnYgLTU2IC0yOCAwDQp2IC01NyAtMjggMA0KdiAtNTggLTI4IDANCnYgLTU5IC0yOCAwDQp2IC02MCAtMjggMA0KdiAtNjEgLTI4IDANCnYgLTYyIC0yOCAwDQp2IC02MyAtMjggMA0KdiAtNjQgLTI4IDANCnYgLTY1IC0yOCAwDQp2IC02NiAtMjggMA0KdiAtNjcgLTI4IDANCnYgLTY4IC0yOCAwDQp2IC02OSAtMjggMA0KdiAtNzAgLTI4IDANCnYgLTcxIC0yOCAwDQp2IC03MiAtMjggMA0KdiAtNzMgLTI4IDANCnYgLTc0IC0yOCAwDQp2IC03NSAtMjggMA0KdiAtNzYgLTI4IDANCnYgLTc3IC0yOCAwDQp2IC03OCAtMjggMA0KdiAtNzkgLTI4IDANCnYgLTgwIC0yOCAwDQp2IC04MSAtMjggMA0KdiAtODIgLTI4IDANCnYgLTgzIC0yOCAwDQp2IC04NCAtMjggMA0KdiAtODUgLTI4IDANCnYgLTg2IC0yOCAwDQp2IC04NyAtMjggMA0KdiAtODggLTI4IDANCnYgLTg5IC0yOCAwDQp2IC05MCAtMjggMA0KdiAtOTEgLTI4IDANCnYgLTkyIC0yOCAwDQp2IC05MyAtMjggMA0KdiAtOTQgLTI4IDANCnYgLTk1IC0yOCAwDQp2IC05NiAtMjggMA0KdiAtOTcgLTI4IDANCnYgLTk4IC0yOCAwDQp2IC05OSAtMjggMA0KdiAtMTAwIC0yOCAwDQp2IDAgLTI5IDANCnYgLTEgLTI5IDANCnYgLTIgLTI5IDANCnYgLTMgLTI5IDANCnYgLTQgLTI5IDANCnYgLTUgLTI5IDANCnYgLTYgLTI5IDANCnYgLTcgLTI5IDANCnYgLTggLTI5IDANCnYgLTkgLTI5IDANCnYgLTEwIC0yOSAwDQp2IC0xMSAtMjkgMA0KdiAtMTIgLTI5IDANCnYgLTEzIC0yOSAwDQp2IC0xNCAtMjkgMA0KdiAtMTUgLTI5IDANCnYgLTE2IC0yOSAwDQp2IC0xNyAtMjkgMA0KdiAtMTggLTI5IDANCnYgLTE5IC0yOSAwDQp2IC0yMCAtMjkgMA0KdiAtMjEgLTI5IDANCnYgLTIyIC0yOSAwDQp2IC0yMyAtMjkgMA0KdiAtMjQgLTI5IDANCnYgLTI1IC0yOSAwDQp2IC0yNiAtMjkgMA0KdiAtMjcgLTI5IDANCnYgLTI4IC0yOSAwDQp2IC0yOSAtMjkgMA0KdiAtMzAgLTI5IDANCnYgLTMxIC0yOSAwDQp2IC0zMiAtMjkgMA0KdiAtMzMgLTI5IDANCnYgLTM0IC0yOSAwDQp2IC0zNSAtMjkgMA0KdiAtMzYgLTI5IDANCnYgLTM3IC0yOSAwDQp2IC0zOCAtMjkgMA0KdiAtMzkgLTI5IDANCnYgLTQwIC0yOSAwDQp2IC00MSAtMjkgMA0KdiAtNDIgLTI5IDANCnYgLTQzIC0yOSAwDQp2IC00NCAtMjkgMA0KdiAtNDUgLTI5IDANCnYgLTQ2IC0yOSAwDQp2IC00NyAtMjkgMA0KdiAtNDggLTI5IDANCnYgLTQ5IC0yOSAwDQp2IC01MCAtMjkgMA0KdiAtNTEgLTI5IDANCnYgLTUyIC0yOSAwDQp2IC01MyAtMjkgMA0KdiAtNTQgLTI5IDANCnYgLTU1IC0yOSAwDQp2IC01NiAtMjkgMA0KdiAtNTcgLTI5IDANCnYgLTU4IC0yOSAwDQp2IC01OSAtMjkgMA0KdiAtNjAgLTI5IDANCnYgLTYxIC0yOSAwDQp2IC02MiAtMjkgMA0KdiAtNjMgLTI5IDANCnYgLTY0IC0yOSAwDQp2IC02NSAtMjkgMA0KdiAtNjYgLTI5IDANCnYgLTY3IC0yOSAwDQp2IC02OCAtMjkgMA0KdiAtNjkgLTI5IDANCnYgLTcwIC0yOSAwDQp2IC03MSAtMjkgMA0KdiAtNzIgLTI5IDANCnYgLTczIC0yOSAwDQp2IC03NCAtMjkgMA0KdiAtNzUgLTI5IDANCnYgLTc2IC0yOSAwDQp2IC03NyAtMjkgMA0KdiAtNzggLTI5IDANCnYgLTc5IC0yOSAwDQp2IC04MCAtMjkgMA0KdiAtODEgLTI5IDANCnYgLTgyIC0yOSAwDQp2IC04MyAtMjkgMA0KdiAtODQgLTI5IDANCnYgLTg1IC0yOSAwDQp2IC04NiAtMjkgMA0KdiAtODcgLTI5IDANCnYgLTg4IC0yOSAwDQp2IC04OSAtMjkgMA0KdiAtOTAgLTI5IDANCnYgLTkxIC0yOSAwDQp2IC05MiAtMjkgMA0KdiAtOTMgLTI5IDANCnYgLTk0IC0yOSAwDQp2IC05NSAtMjkgMA0KdiAtOTYgLTI5IDANCnYgLTk3IC0yOSAwDQp2IC05OCAtMjkgMA0KdiAtOTkgLTI5IDANCnYgLTEwMCAtMjkgMA0KdiAwIC0zMCAwDQp2IC0xIC0zMCAwDQp2IC0yIC0zMCAwDQp2IC0zIC0zMCAwDQp2IC00IC0zMCAwDQp2IC01IC0zMCAwDQp2IC02IC0zMCAwDQp2IC03IC0zMCAwDQp2IC04IC0zMCAwDQp2IC05IC0zMCAwDQp2IC0xMCAtMzAgMA0KdiAtMTEgLTMwIDANCnYgLTEyIC0zMCAwDQp2IC0xMyAtMzAgMA0KdiAtMTQgLTMwIDANCnYgLTE1IC0zMCAwDQp2IC0xNiAtMzAgMA0KdiAtMTcgLTMwIDANCnYgLTE4IC0zMCAwDQp2IC0xOSAtMzAgMA0KdiAtMjAgLTMwIDANCnYgLTIxIC0zMCAwDQp2IC0yMiAtMzAgMA0KdiAtMjMgLTMwIDANCnYgLTI0IC0zMCAwDQp2IC0yNSAtMzAgMA0KdiAtMjYgLTMwIDANCnYgLTI3IC0zMCAwDQp2IC0yOCAtMzAgMA0KdiAtMjkgLTMwIDANCnYgLTMwIC0zMCAwDQp2IC0zMSAtMzAgMA0KdiAtMzIgLTMwIDANCnYgLTMzIC0zMCAwDQp2IC0zNCAtMzAgMA0KdiAtMzUgLTMwIDANCnYgLTM2IC0zMCAwDQp2IC0zNyAtMzAgMA0KdiAtMzggLTMwIDANCnYgLTM5IC0zMCAwDQp2IC00MCAtMzAgMA0KdiAtNDEgLTMwIDANCnYgLTQyIC0zMCAwDQp2IC00MyAtMzAgMA0KdiAtNDQgLTMwIDANCnYgLTQ1IC0zMCAwDQp2IC00NiAtMzAgMA0KdiAtNDcgLTMwIDANCnYgLTQ4IC0zMCAwDQp2IC00OSAtMzAgMA0KdiAtNTAgLTMwIDANCnYgLTUxIC0zMCAwDQp2IC01MiAtMzAgMA0KdiAtNTMgLTMwIDANCnYgLTU0IC0zMCAwDQp2IC01NSAtMzAgMA0KdiAtNTYgLTMwIDANCnYgLTU3IC0zMCAwDQp2IC01OCAtMzAgMA0KdiAtNTkgLTMwIDANCnYgLTYwIC0zMCAwDQp2IC02MSAtMzAgMA0KdiAtNjIgLTMwIDANCnYgLTYzIC0zMCAwDQp2IC02NCAtMzAgMA0KdiAtNjUgLTMwIDANCnYgLTY2IC0zMCAwDQp2IC02NyAtMzAgMA0KdiAtNjggLTMwIDANCnYgLTY5IC0zMCAwDQp2IC03MCAtMzAgMA0KdiAtNzEgLTMwIDANCnYgLTcyIC0zMCAwDQp2IC03MyAtMzAgMA0KdiAtNzQgLTMwIDANCnYgLTc1IC0zMCAwDQp2IC03NiAtMzAgMA0KdiAtNzcgLTMwIDANCnYgLTc4IC0zMCAwDQp2IC03OSAtMzAgMA0KdiAtODAgLTMwIDANCnYgLTgxIC0zMCAwDQp2IC04MiAtMzAgMA0KdiAtODMgLTMwIDANCnYgLTg0IC0zMCAwDQp2IC04NSAtMzAgMA0KdiAtODYgLTMwIDANCnYgLTg3IC0zMCAwDQp2IC04OCAtMzAgMA0KdiAtODkgLTMwIDANCnYgLTkwIC0zMCAwDQp2IC05MSAtMzAgMA0KdiAtOTIgLTMwIDANCnYgLTkzIC0zMCAwDQp2IC05NCAtMzAgMA0KdiAtOTUgLTMwIDANCnYgLTk2IC0zMCAwDQp2IC05NyAtMzAgMA0KdiAtOTggLTMwIDANCnYgLTk5IC0zMCAwDQp2IC0xMDAgLTMwIDANCnYgMCAtMzEgMA0KdiAtMSAtMzEgMA0KdiAtMiAtMzEgMA0KdiAtMyAtMzEgMA0KdiAtNCAtMzEgMA0KdiAtNSAtMzEgMA0KdiAtNiAtMzEgMA0KdiAtNyAtMzEgMA0KdiAtOCAtMzEgMA0KdiAtOSAtMzEgMA0KdiAtMTAgLTMxIDANCnYgLTExIC0zMSAwDQp2IC0xMiAtMzEgMA0KdiAtMTMgLTMxIDANCnYgLTE0IC0zMSAwDQp2IC0xNSAtMzEgMA0KdiAtMTYgLTMxIDANCnYgLTE3IC0zMSAwDQp2IC0xOCAtMzEgMA0KdiAtMTkgLTMxIDANCnYgLTIwIC0zMSAwDQp2IC0yMSAtMzEgMA0KdiAtMjIgLTMxIDANCnYgLTIzIC0zMSAwDQp2IC0yNCAtMzEgMA0KdiAtMjUgLTMxIDANCnYgLTI2IC0zMSAwDQp2IC0yNyAtMzEgMA0KdiAtMjggLTMxIDANCnYgLTI5IC0zMSAwDQp2IC0zMCAtMzEgMA0KdiAtMzEgLTMxIDANCnYgLTMyIC0zMSAwDQp2IC0zMyAtMzEgMA0KdiAtMzQgLTMxIDANCnYgLTM1IC0zMSAwDQp2IC0zNiAtMzEgMA0KdiAtMzcgLTMxIDANCnYgLTM4IC0zMSAwDQp2IC0zOSAtMzEgMA0KdiAtNDAgLTMxIDANCnYgLTQxIC0zMSAwDQp2IC00MiAtMzEgMA0KdiAtNDMgLTMxIDANCnYgLTQ0IC0zMSAwDQp2IC00NSAtMzEgMA0KdiAtNDYgLTMxIDANCnYgLTQ3IC0zMSAwDQp2IC00OCAtMzEgMA0KdiAtNDkgLTMxIDANCnYgLTUwIC0zMSAwDQp2IC01MSAtMzEgMA0KdiAtNTIgLTMxIDANCnYgLTUzIC0zMSAwDQp2IC01NCAtMzEgMA0KdiAtNTUgLTMxIDANCnYgLTU2IC0zMSAwDQp2IC01NyAtMzEgMA0KdiAtNTggLTMxIDANCnYgLTU5IC0zMSAwDQp2IC02MCAtMzEgMA0KdiAtNjEgLTMxIDANCnYgLTYyIC0zMSAwDQp2IC02MyAtMzEgMA0KdiAtNjQgLTMxIDANCnYgLTY1IC0zMSAwDQp2IC02NiAtMzEgMA0KdiAtNjcgLTMxIDANCnYgLTY4IC0zMSAwDQp2IC02OSAtMzEgMA0KdiAtNzAgLTMxIDANCnYgLTcxIC0zMSAwDQp2IC03MiAtMzEgMA0KdiAtNzMgLTMxIDANCnYgLTc0IC0zMSAwDQp2IC03NSAtMzEgMA0KdiAtNzYgLTMxIDANCnYgLTc3IC0zMSAwDQp2IC03OCAtMzEgMA0KdiAtNzkgLTMxIDANCnYgLTgwIC0zMSAwDQp2IC04MSAtMzEgMA0KdiAtODIgLTMxIDANCnYgLTgzIC0zMSAwDQp2IC04NCAtMzEgMA0KdiAtODUgLTMxIDANCnYgLTg2IC0zMSAwDQp2IC04NyAtMzEgMA0KdiAtODggLTMxIDANCnYgLTg5IC0zMSAwDQp2IC05MCAtMzEgMA0KdiAtOTEgLTMxIDANCnYgLTkyIC0zMSAwDQp2IC05MyAtMzEgMA0KdiAtOTQgLTMxIDANCnYgLTk1IC0zMSAwDQp2IC05NiAtMzEgMA0KdiAtOTcgLTMxIDANCnYgLTk4IC0zMSAwDQp2IC05OSAtMzEgMA0KdiAtMTAwIC0zMSAwDQp2IDAgLTMyIDANCnYgLTEgLTMyIDANCnYgLTIgLTMyIDANCnYgLTMgLTMyIDANCnYgLTQgLTMyIDANCnYgLTUgLTMyIDANCnYgLTYgLTMyIDANCnYgLTcgLTMyIDANCnYgLTggLTMyIDANCnYgLTkgLTMyIDANCnYgLTEwIC0zMiAwDQp2IC0xMSAtMzIgMA0KdiAtMTIgLTMyIDANCnYgLTEzIC0zMiAwDQp2IC0xNCAtMzIgMA0KdiAtMTUgLTMyIDANCnYgLTE2IC0zMiAwDQp2IC0xNyAtMzIgMA0KdiAtMTggLTMyIDANCnYgLTE5IC0zMiAwDQp2IC0yMCAtMzIgMA0KdiAtMjEgLTMyIDANCnYgLTIyIC0zMiAwDQp2IC0yMyAtMzIgMA0KdiAtMjQgLTMyIDANCnYgLTI1IC0zMiAwDQp2IC0yNiAtMzIgMA0KdiAtMjcgLTMyIDANCnYgLTI4IC0zMiAwDQp2IC0yOSAtMzIgMA0KdiAtMzAgLTMyIDANCnYgLTMxIC0zMiAwDQp2IC0zMiAtMzIgMA0KdiAtMzMgLTMyIDANCnYgLTM0IC0zMiAwDQp2IC0zNSAtMzIgMA0KdiAtMzYgLTMyIDANCnYgLTM3IC0zMiAwDQp2IC0zOCAtMzIgMA0KdiAtMzkgLTMyIDANCnYgLTQwIC0zMiAwDQp2IC00MSAtMzIgMA0KdiAtNDIgLTMyIDANCnYgLTQzIC0zMiAwDQp2IC00NCAtMzIgMA0KdiAtNDUgLTMyIDANCnYgLTQ2IC0zMiAwDQp2IC00NyAtMzIgMA0KdiAtNDggLTMyIDANCnYgLTQ5IC0zMiAwDQp2IC01MCAtMzIgMA0KdiAtNTEgLTMyIDANCnYgLTUyIC0zMiAwDQp2IC01MyAtMzIgMA0KdiAtNTQgLTMyIDANCnYgLTU1IC0zMiAwDQp2IC01NiAtMzIgMA0KdiAtNTcgLTMyIDANCnYgLTU4IC0zMiAwDQp2IC01OSAtMzIgMA0KdiAtNjAgLTMyIDANCnYgLTYxIC0zMiAwDQp2IC02MiAtMzIgMA0KdiAtNjMgLTMyIDANCnYgLTY0IC0zMiAwDQp2IC02NSAtMzIgMA0KdiAtNjYgLTMyIDANCnYgLTY3IC0zMiAwDQp2IC02OCAtMzIgMA0KdiAtNjkgLTMyIDANCnYgLTcwIC0zMiAwDQp2IC03MSAtMzIgMA0KdiAtNzIgLTMyIDANCnYgLTczIC0zMiAwDQp2IC03NCAtMzIgMA0KdiAtNzUgLTMyIDANCnYgLTc2IC0zMiAwDQp2IC03NyAtMzIgMA0KdiAtNzggLTMyIDANCnYgLTc5IC0zMiAwDQp2IC04MCAtMzIgMA0KdiAtODEgLTMyIDANCnYgLTgyIC0zMiAwDQp2IC04MyAtMzIgMA0KdiAtODQgLTMyIDANCnYgLTg1IC0zMiAwDQp2IC04NiAtMzIgMA0KdiAtODcgLTMyIDANCnYgLTg4IC0zMiAwDQp2IC04OSAtMzIgMA0KdiAtOTAgLTMyIDANCnYgLTkxIC0zMiAwDQp2IC05MiAtMzIgMA0KdiAtOTMgLTMyIDANCnYgLTk0IC0zMiAwDQp2IC05NSAtMzIgMA0KdiAtOTYgLTMyIDANCnYgLTk3IC0zMiAwDQp2IC05OCAtMzIgMA0KdiAtOTkgLTMyIDANCnYgLTEwMCAtMzIgMA0KdiAwIC0zMyAwDQp2IC0xIC0zMyAwDQp2IC0yIC0zMyAwDQp2IC0zIC0zMyAwDQp2IC00IC0zMyAwDQp2IC01IC0zMyAwDQp2IC02IC0zMyAwDQp2IC03IC0zMyAwDQp2IC04IC0zMyAwDQp2IC05IC0zMyAwDQp2IC0xMCAtMzMgMA0KdiAtMTEgLTMzIDANCnYgLTEyIC0zMyAwDQp2IC0xMyAtMzMgMA0KdiAtMTQgLTMzIDANCnYgLTE1IC0zMyAwDQp2IC0xNiAtMzMgMA0KdiAtMTcgLTMzIDANCnYgLTE4IC0zMyAwDQp2IC0xOSAtMzMgMA0KdiAtMjAgLTMzIDANCnYgLTIxIC0zMyAwDQp2IC0yMiAtMzMgMA0KdiAtMjMgLTMzIDANCnYgLTI0IC0zMyAwDQp2IC0yNSAtMzMgMA0KdiAtMjYgLTMzIDANCnYgLTI3IC0zMyAwDQp2IC0yOCAtMzMgMA0KdiAtMjkgLTMzIDANCnYgLTMwIC0zMyAwDQp2IC0zMSAtMzMgMA0KdiAtMzIgLTMzIDANCnYgLTMzIC0zMyAwDQp2IC0zNCAtMzMgMA0KdiAtMzUgLTMzIDANCnYgLTM2IC0zMyAwDQp2IC0zNyAtMzMgMA0KdiAtMzggLTMzIDANCnYgLTM5IC0zMyAwDQp2IC00MCAtMzMgMA0KdiAtNDEgLTMzIDANCnYgLTQyIC0zMyAwDQp2IC00MyAtMzMgMA0KdiAtNDQgLTMzIDANCnYgLTQ1IC0zMyAwDQp2IC00NiAtMzMgMA0KdiAtNDcgLTMzIDANCnYgLTQ4IC0zMyAwDQp2IC00OSAtMzMgMA0KdiAtNTAgLTMzIDANCnYgLTUxIC0zMyAwDQp2IC01MiAtMzMgMA0KdiAtNTMgLTMzIDANCnYgLTU0IC0zMyAwDQp2IC01NSAtMzMgMA0KdiAtNTYgLTMzIDANCnYgLTU3IC0zMyAwDQp2IC01OCAtMzMgMA0KdiAtNTkgLTMzIDANCnYgLTYwIC0zMyAwDQp2IC02MSAtMzMgMA0KdiAtNjIgLTMzIDANCnYgLTYzIC0zMyAwDQp2IC02NCAtMzMgMA0KdiAtNjUgLTMzIDANCnYgLTY2IC0zMyAwDQp2IC02NyAtMzMgMA0KdiAtNjggLTMzIDANCnYgLTY5IC0zMyAwDQp2IC03MCAtMzMgMA0KdiAtNzEgLTMzIDANCnYgLTcyIC0zMyAwDQp2IC03MyAtMzMgMA0KdiAtNzQgLTMzIDANCnYgLTc1IC0zMyAwDQp2IC03NiAtMzMgMA0KdiAtNzcgLTMzIDANCnYgLTc4IC0zMyAwDQp2IC03OSAtMzMgMA0KdiAtODAgLTMzIDANCnYgLTgxIC0zMyAwDQp2IC04MiAtMzMgMA0KdiAtODMgLTMzIDANCnYgLTg0IC0zMyAwDQp2IC04NSAtMzMgMA0KdiAtODYgLTMzIDANCnYgLTg3IC0zMyAwDQp2IC04OCAtMzMgMA0KdiAtODkgLTMzIDANCnYgLTkwIC0zMyAwDQp2IC05MSAtMzMgMA0KdiAtOTIgLTMzIDANCnYgLTkzIC0zMyAwDQp2IC05NCAtMzMgMA0KdiAtOTUgLTMzIDANCnYgLTk2IC0zMyAwDQp2IC05NyAtMzMgMA0KdiAtOTggLTMzIDANCnYgLTk5IC0zMyAwDQp2IC0xMDAgLTMzIDANCnYgMCAtMzQgMA0KdiAtMSAtMzQgMA0KdiAtMiAtMzQgMA0KdiAtMyAtMzQgMA0KdiAtNCAtMzQgMA0KdiAtNSAtMzQgMA0KdiAtNiAtMzQgMA0KdiAtNyAtMzQgMA0KdiAtOCAtMzQgMA0KdiAtOSAtMzQgMA0KdiAtMTAgLTM0IDANCnYgLTExIC0zNCAwDQp2IC0xMiAtMzQgMA0KdiAtMTMgLTM0IDANCnYgLTE0IC0zNCAwDQp2IC0xNSAtMzQgMA0KdiAtMTYgLTM0IDANCnYgLTE3IC0zNCAwDQp2IC0xOCAtMzQgMA0KdiAtMTkgLTM0IDANCnYgLTIwIC0zNCAwDQp2IC0yMSAtMzQgMA0KdiAtMjIgLTM0IDANCnYgLTIzIC0zNCAwDQp2IC0yNCAtMzQgMA0KdiAtMjUgLTM0IDANCnYgLTI2IC0zNCAwDQp2IC0yNyAtMzQgMA0KdiAtMjggLTM0IDANCnYgLTI5IC0zNCAwDQp2IC0zMCAtMzQgMA0KdiAtMzEgLTM0IDANCnYgLTMyIC0zNCAwDQp2IC0zMyAtMzQgMA0KdiAtMzQgLTM0IDANCnYgLTM1IC0zNCAwDQp2IC0zNiAtMzQgMA0KdiAtMzcgLTM0IDANCnYgLTM4IC0zNCAwDQp2IC0zOSAtMzQgMA0KdiAtNDAgLTM0IDANCnYgLTQxIC0zNCAwDQp2IC00MiAtMzQgMA0KdiAtNDMgLTM0IDANCnYgLTQ0IC0zNCAwDQp2IC00NSAtMzQgMA0KdiAtNDYgLTM0IDANCnYgLTQ3IC0zNCAwDQp2IC00OCAtMzQgMA0KdiAtNDkgLTM0IDANCnYgLTUwIC0zNCAwDQp2IC01MSAtMzQgMA0KdiAtNTIgLTM0IDANCnYgLTUzIC0zNCAwDQp2IC01NCAtMzQgMA0KdiAtNTUgLTM0IDANCnYgLTU2IC0zNCAwDQp2IC01NyAtMzQgMA0KdiAtNTggLTM0IDANCnYgLTU5IC0zNCAwDQp2IC02MCAtMzQgMA0KdiAtNjEgLTM0IDANCnYgLTYyIC0zNCAwDQp2IC02MyAtMzQgMA0KdiAtNjQgLTM0IDANCnYgLTY1IC0zNCAwDQp2IC02NiAtMzQgMA0KdiAtNjcgLTM0IDANCnYgLTY4IC0zNCAwDQp2IC02OSAtMzQgMA0KdiAtNzAgLTM0IDANCnYgLTcxIC0zNCAwDQp2IC03MiAtMzQgMA0KdiAtNzMgLTM0IDANCnYgLTc0IC0zNCAwDQp2IC03NSAtMzQgMA0KdiAtNzYgLTM0IDANCnYgLTc3IC0zNCAwDQp2IC03OCAtMzQgMA0KdiAtNzkgLTM0IDANCnYgLTgwIC0zNCAwDQp2IC04MSAtMzQgMA0KdiAtODIgLTM0IDANCnYgLTgzIC0zNCAwDQp2IC04NCAtMzQgMA0KdiAtODUgLTM0IDANCnYgLTg2IC0zNCAwDQp2IC04NyAtMzQgMA0KdiAtODggLTM0IDANCnYgLTg5IC0zNCAwDQp2IC05MCAtMzQgMA0KdiAtOTEgLTM0IDANCnYgLTkyIC0zNCAwDQp2IC05MyAtMzQgMA0KdiAtOTQgLTM0IDANCnYgLTk1IC0zNCAwDQp2IC05NiAtMzQgMA0KdiAtOTcgLTM0IDANCnYgLTk4IC0zNCAwDQp2IC05OSAtMzQgMA0KdiAtMTAwIC0zNCAwDQp2IDAgLTM1IDANCnYgLTEgLTM1IDANCnYgLTIgLTM1IDANCnYgLTMgLTM1IDANCnYgLTQgLTM1IDANCnYgLTUgLTM1IDANCnYgLTYgLTM1IDANCnYgLTcgLTM1IDANCnYgLTggLTM1IDANCnYgLTkgLTM1IDANCnYgLTEwIC0zNSAwDQp2IC0xMSAtMzUgMA0KdiAtMTIgLTM1IDANCnYgLTEzIC0zNSAwDQp2IC0xNCAtMzUgMA0KdiAtMTUgLTM1IDANCnYgLTE2IC0zNSAwDQp2IC0xNyAtMzUgMA0KdiAtMTggLTM1IDANCnYgLTE5IC0zNSAwDQp2IC0yMCAtMzUgMA0KdiAtMjEgLTM1IDANCnYgLTIyIC0zNSAwDQp2IC0yMyAtMzUgMA0KdiAtMjQgLTM1IDANCnYgLTI1IC0zNSAwDQp2IC0yNiAtMzUgMA0KdiAtMjcgLTM1IDANCnYgLTI4IC0zNSAwDQp2IC0yOSAtMzUgMA0KdiAtMzAgLTM1IDANCnYgLTMxIC0zNSAwDQp2IC0zMiAtMzUgMA0KdiAtMzMgLTM1IDANCnYgLTM0IC0zNSAwDQp2IC0zNSAtMzUgMA0KdiAtMzYgLTM1IDANCnYgLTM3IC0zNSAwDQp2IC0zOCAtMzUgMA0KdiAtMzkgLTM1IDANCnYgLTQwIC0zNSAwDQp2IC00MSAtMzUgMA0KdiAtNDIgLTM1IDANCnYgLTQzIC0zNSAwDQp2IC00NCAtMzUgMA0KdiAtNDUgLTM1IDANCnYgLTQ2IC0zNSAwDQp2IC00NyAtMzUgMA0KdiAtNDggLTM1IDANCnYgLTQ5IC0zNSAwDQp2IC01MCAtMzUgMA0KdiAtNTEgLTM1IDANCnYgLTUyIC0zNSAwDQp2IC01MyAtMzUgMA0KdiAtNTQgLTM1IDANCnYgLTU1IC0zNSAwDQp2IC01NiAtMzUgMA0KdiAtNTcgLTM1IDANCnYgLTU4IC0zNSAwDQp2IC01OSAtMzUgMA0KdiAtNjAgLTM1IDANCnYgLTYxIC0zNSAwDQp2IC02MiAtMzUgMA0KdiAtNjMgLTM1IDANCnYgLTY0IC0zNSAwDQp2IC02NSAtMzUgMA0KdiAtNjYgLTM1IDANCnYgLTY3IC0zNSAwDQp2IC02OCAtMzUgMA0KdiAtNjkgLTM1IDANCnYgLTcwIC0zNSAwDQp2IC03MSAtMzUgMA0KdiAtNzIgLTM1IDANCnYgLTczIC0zNSAwDQp2IC03NCAtMzUgMA0KdiAtNzUgLTM1IDANCnYgLTc2IC0zNSAwDQp2IC03NyAtMzUgMA0KdiAtNzggLTM1IDANCnYgLTc5IC0zNSAwDQp2IC04MCAtMzUgMA0KdiAtODEgLTM1IDANCnYgLTgyIC0zNSAwDQp2IC04MyAtMzUgMA0KdiAtODQgLTM1IDANCnYgLTg1IC0zNSAwDQp2IC04NiAtMzUgMA0KdiAtODcgLTM1IDANCnYgLTg4IC0zNSAwDQp2IC04OSAtMzUgMA0KdiAtOTAgLTM1IDANCnYgLTkxIC0zNSAwDQp2IC05MiAtMzUgMA0KdiAtOTMgLTM1IDANCnYgLTk0IC0zNSAwDQp2IC05NSAtMzUgMA0KdiAtOTYgLTM1IDANCnYgLTk3IC0zNSAwDQp2IC05OCAtMzUgMA0KdiAtOTkgLTM1IDANCnYgLTEwMCAtMzUgMA0KdiAwIC0zNiAwDQp2IC0xIC0zNiAwDQp2IC0yIC0zNiAwDQp2IC0zIC0zNiAwDQp2IC00IC0zNiAwDQp2IC01IC0zNiAwDQp2IC02IC0zNiAwDQp2IC03IC0zNiAwDQp2IC04IC0zNiAwDQp2IC05IC0zNiAwDQp2IC0xMCAtMzYgMA0KdiAtMTEgLTM2IDANCnYgLTEyIC0zNiAwDQp2IC0xMyAtMzYgMA0KdiAtMTQgLTM2IDANCnYgLTE1IC0zNiAwDQp2IC0xNiAtMzYgMA0KdiAtMTcgLTM2IDANCnYgLTE4IC0zNiAwDQp2IC0xOSAtMzYgMA0KdiAtMjAgLTM2IDANCnYgLTIxIC0zNiAwDQp2IC0yMiAtMzYgMA0KdiAtMjMgLTM2IDANCnYgLTI0IC0zNiAwDQp2IC0yNSAtMzYgMA0KdiAtMjYgLTM2IDANCnYgLTI3IC0zNiAwDQp2IC0yOCAtMzYgMA0KdiAtMjkgLTM2IDANCnYgLTMwIC0zNiAwDQp2IC0zMSAtMzYgMA0KdiAtMzIgLTM2IDANCnYgLTMzIC0zNiAwDQp2IC0zNCAtMzYgMA0KdiAtMzUgLTM2IDANCnYgLTM2IC0zNiAwDQp2IC0zNyAtMzYgMA0KdiAtMzggLTM2IDANCnYgLTM5IC0zNiAwDQp2IC00MCAtMzYgMA0KdiAtNDEgLTM2IDANCnYgLTQyIC0zNiAwDQp2IC00MyAtMzYgMA0KdiAtNDQgLTM2IDANCnYgLTQ1IC0zNiAwDQp2IC00NiAtMzYgMA0KdiAtNDcgLTM2IDANCnYgLTQ4IC0zNiAwDQp2IC00OSAtMzYgMA0KdiAtNTAgLTM2IDANCnYgLTUxIC0zNiAwDQp2IC01MiAtMzYgMA0KdiAtNTMgLTM2IDANCnYgLTU0IC0zNiAwDQp2IC01NSAtMzYgMA0KdiAtNTYgLTM2IDANCnYgLTU3IC0zNiAwDQp2IC01OCAtMzYgMA0KdiAtNTkgLTM2IDANCnYgLTYwIC0zNiAwDQp2IC02MSAtMzYgMA0KdiAtNjIgLTM2IDANCnYgLTYzIC0zNiAwDQp2IC02NCAtMzYgMA0KdiAtNjUgLTM2IDANCnYgLTY2IC0zNiAwDQp2IC02NyAtMzYgMA0KdiAtNjggLTM2IDANCnYgLTY5IC0zNiAwDQp2IC03MCAtMzYgMA0KdiAtNzEgLTM2IDANCnYgLTcyIC0zNiAwDQp2IC03MyAtMzYgMA0KdiAtNzQgLTM2IDANCnYgLTc1IC0zNiAwDQp2IC03NiAtMzYgMA0KdiAtNzcgLTM2IDANCnYgLTc4IC0zNiAwDQp2IC03OSAtMzYgMA0KdiAtODAgLTM2IDANCnYgLTgxIC0zNiAwDQp2IC04MiAtMzYgMA0KdiAtODMgLTM2IDANCnYgLTg0IC0zNiAwDQp2IC04NSAtMzYgMA0KdiAtODYgLTM2IDANCnYgLTg3IC0zNiAwDQp2IC04OCAtMzYgMA0KdiAtODkgLTM2IDANCnYgLTkwIC0zNiAwDQp2IC05MSAtMzYgMA0KdiAtOTIgLTM2IDANCnYgLTkzIC0zNiAwDQp2IC05NCAtMzYgMA0KdiAtOTUgLTM2IDANCnYgLTk2IC0zNiAwDQp2IC05NyAtMzYgMA0KdiAtOTggLTM2IDANCnYgLTk5IC0zNiAwDQp2IC0xMDAgLTM2IDANCnYgMCAtMzcgMA0KdiAtMSAtMzcgMA0KdiAtMiAtMzcgMA0KdiAtMyAtMzcgMA0KdiAtNCAtMzcgMA0KdiAtNSAtMzcgMA0KdiAtNiAtMzcgMA0KdiAtNyAtMzcgMA0KdiAtOCAtMzcgMA0KdiAtOSAtMzcgMA0KdiAtMTAgLTM3IDANCnYgLTExIC0zNyAwDQp2IC0xMiAtMzcgMA0KdiAtMTMgLTM3IDANCnYgLTE0IC0zNyAwDQp2IC0xNSAtMzcgMA0KdiAtMTYgLTM3IDANCnYgLTE3IC0zNyAwDQp2IC0xOCAtMzcgMA0KdiAtMTkgLTM3IDANCnYgLTIwIC0zNyAwDQp2IC0yMSAtMzcgMA0KdiAtMjIgLTM3IDANCnYgLTIzIC0zNyAwDQp2IC0yNCAtMzcgMA0KdiAtMjUgLTM3IDANCnYgLTI2IC0zNyAwDQp2IC0yNyAtMzcgMA0KdiAtMjggLTM3IDANCnYgLTI5IC0zNyAwDQp2IC0zMCAtMzcgMA0KdiAtMzEgLTM3IDANCnYgLTMyIC0zNyAwDQp2IC0zMyAtMzcgMA0KdiAtMzQgLTM3IDANCnYgLTM1IC0zNyAwDQp2IC0zNiAtMzcgMA0KdiAtMzcgLTM3IDANCnYgLTM4IC0zNyAwDQp2IC0zOSAtMzcgMA0KdiAtNDAgLTM3IDANCnYgLTQxIC0zNyAwDQp2IC00MiAtMzcgMA0KdiAtNDMgLTM3IDANCnYgLTQ0IC0zNyAwDQp2IC00NSAtMzcgMA0KdiAtNDYgLTM3IDANCnYgLTQ3IC0zNyAwDQp2IC00OCAtMzcgMA0KdiAtNDkgLTM3IDANCnYgLTUwIC0zNyAwDQp2IC01MSAtMzcgMA0KdiAtNTIgLTM3IDANCnYgLTUzIC0zNyAwDQp2IC01NCAtMzcgMA0KdiAtNTUgLTM3IDANCnYgLTU2IC0zNyAwDQp2IC01NyAtMzcgMA0KdiAtNTggLTM3IDANCnYgLTU5IC0zNyAwDQp2IC02MCAtMzcgMA0KdiAtNjEgLTM3IDANCnYgLTYyIC0zNyAwDQp2IC02MyAtMzcgMA0KdiAtNjQgLTM3IDANCnYgLTY1IC0zNyAwDQp2IC02NiAtMzcgMA0KdiAtNjcgLTM3IDANCnYgLTY4IC0zNyAwDQp2IC02OSAtMzcgMA0KdiAtNzAgLTM3IDANCnYgLTcxIC0zNyAwDQp2IC03MiAtMzcgMA0KdiAtNzMgLTM3IDANCnYgLTc0IC0zNyAwDQp2IC03NSAtMzcgMA0KdiAtNzYgLTM3IDANCnYgLTc3IC0zNyAwDQp2IC03OCAtMzcgMA0KdiAtNzkgLTM3IDANCnYgLTgwIC0zNyAwDQp2IC04MSAtMzcgMA0KdiAtODIgLTM3IDANCnYgLTgzIC0zNyAwDQp2IC04NCAtMzcgMA0KdiAtODUgLTM3IDANCnYgLTg2IC0zNyAwDQp2IC04NyAtMzcgMA0KdiAtODggLTM3IDANCnYgLTg5IC0zNyAwDQp2IC05MCAtMzcgMA0KdiAtOTEgLTM3IDANCnYgLTkyIC0zNyAwDQp2IC05MyAtMzcgMA0KdiAtOTQgLTM3IDANCnYgLTk1IC0zNyAwDQp2IC05NiAtMzcgMA0KdiAtOTcgLTM3IDANCnYgLTk4IC0zNyAwDQp2IC05OSAtMzcgMA0KdiAtMTAwIC0zNyAwDQp2IDAgLTM4IDANCnYgLTEgLTM4IDANCnYgLTIgLTM4IDANCnYgLTMgLTM4IDANCnYgLTQgLTM4IDANCnYgLTUgLTM4IDANCnYgLTYgLTM4IDANCnYgLTcgLTM4IDANCnYgLTggLTM4IDANCnYgLTkgLTM4IDANCnYgLTEwIC0zOCAwDQp2IC0xMSAtMzggMA0KdiAtMTIgLTM4IDANCnYgLTEzIC0zOCAwDQp2IC0xNCAtMzggMA0KdiAtMTUgLTM4IDANCnYgLTE2IC0zOCAwDQp2IC0xNyAtMzggMA0KdiAtMTggLTM4IDANCnYgLTE5IC0zOCAwDQp2IC0yMCAtMzggMA0KdiAtMjEgLTM4IDANCnYgLTIyIC0zOCAwDQp2IC0yMyAtMzggMA0KdiAtMjQgLTM4IDANCnYgLTI1IC0zOCAwDQp2IC0yNiAtMzggMA0KdiAtMjcgLTM4IDANCnYgLTI4IC0zOCAwDQp2IC0yOSAtMzggMA0KdiAtMzAgLTM4IDANCnYgLTMxIC0zOCAwDQp2IC0zMiAtMzggMA0KdiAtMzMgLTM4IDANCnYgLTM0IC0zOCAwDQp2IC0zNSAtMzggMA0KdiAtMzYgLTM4IDANCnYgLTM3IC0zOCAwDQp2IC0zOCAtMzggMA0KdiAtMzkgLTM4IDANCnYgLTQwIC0zOCAwDQp2IC00MSAtMzggMA0KdiAtNDIgLTM4IDANCnYgLTQzIC0zOCAwDQp2IC00NCAtMzggMA0KdiAtNDUgLTM4IDANCnYgLTQ2IC0zOCAwDQp2IC00NyAtMzggMA0KdiAtNDggLTM4IDANCnYgLTQ5IC0zOCAwDQp2IC01MCAtMzggMA0KdiAtNTEgLTM4IDANCnYgLTUyIC0zOCAwDQp2IC01MyAtMzggMA0KdiAtNTQgLTM4IDANCnYgLTU1IC0zOCAwDQp2IC01NiAtMzggMA0KdiAtNTcgLTM4IDANCnYgLTU4IC0zOCAwDQp2IC01OSAtMzggMA0KdiAtNjAgLTM4IDANCnYgLTYxIC0zOCAwDQp2IC02MiAtMzggMA0KdiAtNjMgLTM4IDANCnYgLTY0IC0zOCAwDQp2IC02NSAtMzggMA0KdiAtNjYgLTM4IDANCnYgLTY3IC0zOCAwDQp2IC02OCAtMzggMA0KdiAtNjkgLTM4IDANCnYgLTcwIC0zOCAwDQp2IC03MSAtMzggMA0KdiAtNzIgLTM4IDANCnYgLTczIC0zOCAwDQp2IC03NCAtMzggMA0KdiAtNzUgLTM4IDANCnYgLTc2IC0zOCAwDQp2IC03NyAtMzggMA0KdiAtNzggLTM4IDANCnYgLTc5IC0zOCAwDQp2IC04MCAtMzggMA0KdiAtODEgLTM4IDANCnYgLTgyIC0zOCAwDQp2IC04MyAtMzggMA0KdiAtODQgLTM4IDANCnYgLTg1IC0zOCAwDQp2IC04NiAtMzggMA0KdiAtODcgLTM4IDANCnYgLTg4IC0zOCAwDQp2IC04OSAtMzggMA0KdiAtOTAgLTM4IDANCnYgLTkxIC0zOCAwDQp2IC05MiAtMzggMA0KdiAtOTMgLTM4IDANCnYgLTk0IC0zOCAwDQp2IC05NSAtMzggMA0KdiAtOTYgLTM4IDANCnYgLTk3IC0zOCAwDQp2IC05OCAtMzggMA0KdiAtOTkgLTM4IDANCnYgLTEwMCAtMzggMA0KdiAwIC0zOSAwDQp2IC0xIC0zOSAwDQp2IC0yIC0zOSAwDQp2IC0zIC0zOSAwDQp2IC00IC0zOSAwDQp2IC01IC0zOSAwDQp2IC02IC0zOSAwDQp2IC03IC0zOSAwDQp2IC04IC0zOSAwDQp2IC05IC0zOSAwDQp2IC0xMCAtMzkgMA0KdiAtMTEgLTM5IDANCnYgLTEyIC0zOSAwDQp2IC0xMyAtMzkgMA0KdiAtMTQgLTM5IDANCnYgLTE1IC0zOSAwDQp2IC0xNiAtMzkgMA0KdiAtMTcgLTM5IDANCnYgLTE4IC0zOSAwDQp2IC0xOSAtMzkgMA0KdiAtMjAgLTM5IDANCnYgLTIxIC0zOSAwDQp2IC0yMiAtMzkgMA0KdiAtMjMgLTM5IDANCnYgLTI0IC0zOSAwDQp2IC0yNSAtMzkgMA0KdiAtMjYgLTM5IDANCnYgLTI3IC0zOSAwDQp2IC0yOCAtMzkgMA0KdiAtMjkgLTM5IDANCnYgLTMwIC0zOSAwDQp2IC0zMSAtMzkgMA0KdiAtMzIgLTM5IDANCnYgLTMzIC0zOSAwDQp2IC0zNCAtMzkgMA0KdiAtMzUgLTM5IDANCnYgLTM2IC0zOSAwDQp2IC0zNyAtMzkgMA0KdiAtMzggLTM5IDANCnYgLTM5IC0zOSAwDQp2IC00MCAtMzkgMA0KdiAtNDEgLTM5IDANCnYgLTQyIC0zOSAwDQp2IC00MyAtMzkgMA0KdiAtNDQgLTM5IDANCnYgLTQ1IC0zOSAwDQp2IC00NiAtMzkgMA0KdiAtNDcgLTM5IDANCnYgLTQ4IC0zOSAwDQp2IC00OSAtMzkgMA0KdiAtNTAgLTM5IDANCnYgLTUxIC0zOSAwDQp2IC01MiAtMzkgMA0KdiAtNTMgLTM5IDANCnYgLTU0IC0zOSAwDQp2IC01NSAtMzkgMA0KdiAtNTYgLTM5IDANCnYgLTU3IC0zOSAwDQp2IC01OCAtMzkgMA0KdiAtNTkgLTM5IDANCnYgLTYwIC0zOSAwDQp2IC02MSAtMzkgMA0KdiAtNjIgLTM5IDANCnYgLTYzIC0zOSAwDQp2IC02NCAtMzkgMA0KdiAtNjUgLTM5IDANCnYgLTY2IC0zOSAwDQp2IC02NyAtMzkgMA0KdiAtNjggLTM5IDANCnYgLTY5IC0zOSAwDQp2IC03MCAtMzkgMA0KdiAtNzEgLTM5IDANCnYgLTcyIC0zOSAwDQp2IC03MyAtMzkgMA0KdiAtNzQgLTM5IDANCnYgLTc1IC0zOSAwDQp2IC03NiAtMzkgMA0KdiAtNzcgLTM5IDANCnYgLTc4IC0zOSAwDQp2IC03OSAtMzkgMA0KdiAtODAgLTM5IDANCnYgLTgxIC0zOSAwDQp2IC04MiAtMzkgMA0KdiAtODMgLTM5IDANCnYgLTg0IC0zOSAwDQp2IC04NSAtMzkgMA0KdiAtODYgLTM5IDANCnYgLTg3IC0zOSAwDQp2IC04OCAtMzkgMA0KdiAtODkgLTM5IDANCnYgLTkwIC0zOSAwDQp2IC05MSAtMzkgMA0KdiAtOTIgLTM5IDANCnYgLTkzIC0zOSAwDQp2IC05NCAtMzkgMA0KdiAtOTUgLTM5IDANCnYgLTk2IC0zOSAwDQp2IC05NyAtMzkgMA0KdiAtOTggLTM5IDANCnYgLTk5IC0zOSAwDQp2IC0xMDAgLTM5IDANCnYgMCAtNDAgMA0KdiAtMSAtNDAgMA0KdiAtMiAtNDAgMA0KdiAtMyAtNDAgMA0KdiAtNCAtNDAgMA0KdiAtNSAtNDAgMA0KdiAtNiAtNDAgMA0KdiAtNyAtNDAgMA0KdiAtOCAtNDAgMA0KdiAtOSAtNDAgMA0KdiAtMTAgLTQwIDANCnYgLTExIC00MCAwDQp2IC0xMiAtNDAgMA0KdiAtMTMgLTQwIDANCnYgLTE0IC00MCAwDQp2IC0xNSAtNDAgMA0KdiAtMTYgLTQwIDANCnYgLTE3IC00MCAwDQp2IC0xOCAtNDAgMA0KdiAtMTkgLTQwIDANCnYgLTIwIC00MCAwDQp2IC0yMSAtNDAgMA0KdiAtMjIgLTQwIDANCnYgLTIzIC00MCAwDQp2IC0yNCAtNDAgMA0KdiAtMjUgLTQwIDANCnYgLTI2IC00MCAwDQp2IC0yNyAtNDAgMA0KdiAtMjggLTQwIDANCnYgLTI5IC00MCAwDQp2IC0zMCAtNDAgMA0KdiAtMzEgLTQwIDANCnYgLTMyIC00MCAwDQp2IC0zMyAtNDAgMA0KdiAtMzQgLTQwIDANCnYgLTM1IC00MCAwDQp2IC0zNiAtNDAgMA0KdiAtMzcgLTQwIDANCnYgLTM4IC00MCAwDQp2IC0zOSAtNDAgMA0KdiAtNDAgLTQwIDANCnYgLTQxIC00MCAwDQp2IC00MiAtNDAgMA0KdiAtNDMgLTQwIDANCnYgLTQ0IC00MCAwDQp2IC00NSAtNDAgMA0KdiAtNDYgLTQwIDANCnYgLTQ3IC00MCAwDQp2IC00OCAtNDAgMA0KdiAtNDkgLTQwIDANCnYgLTUwIC00MCAwDQp2IC01MSAtNDAgMA0KdiAtNTIgLTQwIDANCnYgLTUzIC00MCAwDQp2IC01NCAtNDAgMA0KdiAtNTUgLTQwIDANCnYgLTU2IC00MCAwDQp2IC01NyAtNDAgMA0KdiAtNTggLTQwIDANCnYgLTU5IC00MCAwDQp2IC02MCAtNDAgMA0KdiAtNjEgLTQwIDANCnYgLTYyIC00MCAwDQp2IC02MyAtNDAgMA0KdiAtNjQgLTQwIDANCnYgLTY1IC00MCAwDQp2IC02NiAtNDAgMA0KdiAtNjcgLTQwIDANCnYgLTY4IC00MCAwDQp2IC02OSAtNDAgMA0KdiAtNzAgLTQwIDANCnYgLTcxIC00MCAwDQp2IC03MiAtNDAgMA0KdiAtNzMgLTQwIDANCnYgLTc0IC00MCAwDQp2IC03NSAtNDAgMA0KdiAtNzYgLTQwIDANCnYgLTc3IC00MCAwDQp2IC03OCAtNDAgMA0KdiAtNzkgLTQwIDANCnYgLTgwIC00MCAwDQp2IC04MSAtNDAgMA0KdiAtODIgLTQwIDANCnYgLTgzIC00MCAwDQp2IC04NCAtNDAgMA0KdiAtODUgLTQwIDANCnYgLTg2IC00MCAwDQp2IC04NyAtNDAgMA0KdiAtODggLTQwIDANCnYgLTg5IC00MCAwDQp2IC05MCAtNDAgMA0KdiAtOTEgLTQwIDANCnYgLTkyIC00MCAwDQp2IC05MyAtNDAgMA0KdiAtOTQgLTQwIDANCnYgLTk1IC00MCAwDQp2IC05NiAtNDAgMA0KdiAtOTcgLTQwIDANCnYgLTk4IC00MCAwDQp2IC05OSAtNDAgMA0KdiAtMTAwIC00MCAwDQp2IDAgLTQxIDANCnYgLTEgLTQxIDANCnYgLTIgLTQxIDANCnYgLTMgLTQxIDANCnYgLTQgLTQxIDANCnYgLTUgLTQxIDANCnYgLTYgLTQxIDANCnYgLTcgLTQxIDANCnYgLTggLTQxIDANCnYgLTkgLTQxIDANCnYgLTEwIC00MSAwDQp2IC0xMSAtNDEgMA0KdiAtMTIgLTQxIDANCnYgLTEzIC00MSAwDQp2IC0xNCAtNDEgMA0KdiAtMTUgLTQxIDANCnYgLTE2IC00MSAwDQp2IC0xNyAtNDEgMA0KdiAtMTggLTQxIDANCnYgLTE5IC00MSAwDQp2IC0yMCAtNDEgMA0KdiAtMjEgLTQxIDANCnYgLTIyIC00MSAwDQp2IC0yMyAtNDEgMA0KdiAtMjQgLTQxIDANCnYgLTI1IC00MSAwDQp2IC0yNiAtNDEgMA0KdiAtMjcgLTQxIDANCnYgLTI4IC00MSAwDQp2IC0yOSAtNDEgMA0KdiAtMzAgLTQxIDANCnYgLTMxIC00MSAwDQp2IC0zMiAtNDEgMA0KdiAtMzMgLTQxIDANCnYgLTM0IC00MSAwDQp2IC0zNSAtNDEgMA0KdiAtMzYgLTQxIDANCnYgLTM3IC00MSAwDQp2IC0zOCAtNDEgMA0KdiAtMzkgLTQxIDANCnYgLTQwIC00MSAwDQp2IC00MSAtNDEgMA0KdiAtNDIgLTQxIDANCnYgLTQzIC00MSAwDQp2IC00NCAtNDEgMA0KdiAtNDUgLTQxIDANCnYgLTQ2IC00MSAwDQp2IC00NyAtNDEgMA0KdiAtNDggLTQxIDANCnYgLTQ5IC00MSAwDQp2IC01MCAtNDEgMA0KdiAtNTEgLTQxIDANCnYgLTUyIC00MSAwDQp2IC01MyAtNDEgMA0KdiAtNTQgLTQxIDANCnYgLTU1IC00MSAwDQp2IC01NiAtNDEgMA0KdiAtNTcgLTQxIDANCnYgLTU4IC00MSAwDQp2IC01OSAtNDEgMA0KdiAtNjAgLTQxIDANCnYgLTYxIC00MSAwDQp2IC02MiAtNDEgMA0KdiAtNjMgLTQxIDANCnYgLTY0IC00MSAwDQp2IC02NSAtNDEgMA0KdiAtNjYgLTQxIDANCnYgLTY3IC00MSAwDQp2IC02OCAtNDEgMA0KdiAtNjkgLTQxIDANCnYgLTcwIC00MSAwDQp2IC03MSAtNDEgMA0KdiAtNzIgLTQxIDANCnYgLTczIC00MSAwDQp2IC03NCAtNDEgMA0KdiAtNzUgLTQxIDANCnYgLTc2IC00MSAwDQp2IC03NyAtNDEgMA0KdiAtNzggLTQxIDANCnYgLTc5IC00MSAwDQp2IC04MCAtNDEgMA0KdiAtODEgLTQxIDANCnYgLTgyIC00MSAwDQp2IC04MyAtNDEgMA0KdiAtODQgLTQxIDANCnYgLTg1IC00MSAwDQp2IC04NiAtNDEgMA0KdiAtODcgLTQxIDANCnYgLTg4IC00MSAwDQp2IC04OSAtNDEgMA0KdiAtOTAgLTQxIDANCnYgLTkxIC00MSAwDQp2IC05MiAtNDEgMA0KdiAtOTMgLTQxIDANCnYgLTk0IC00MSAwDQp2IC05NSAtNDEgMA0KdiAtOTYgLTQxIDANCnYgLTk3IC00MSAwDQp2IC05OCAtNDEgMA0KdiAtOTkgLTQxIDANCnYgLTEwMCAtNDEgMA0KdiAwIC00MiAwDQp2IC0xIC00MiAwDQp2IC0yIC00MiAwDQp2IC0zIC00MiAwDQp2IC00IC00MiAwDQp2IC01IC00MiAwDQp2IC02IC00MiAwDQp2IC03IC00MiAwDQp2IC04IC00MiAwDQp2IC05IC00MiAwDQp2IC0xMCAtNDIgMA0KdiAtMTEgLTQyIDANCnYgLTEyIC00MiAwDQp2IC0xMyAtNDIgMA0KdiAtMTQgLTQyIDANCnYgLTE1IC00MiAwDQp2IC0xNiAtNDIgMA0KdiAtMTcgLTQyIDANCnYgLTE4IC00MiAwDQp2IC0xOSAtNDIgMA0KdiAtMjAgLTQyIDANCnYgLTIxIC00MiAwDQp2IC0yMiAtNDIgMA0KdiAtMjMgLTQyIDANCnYgLTI0IC00MiAwDQp2IC0yNSAtNDIgMA0KdiAtMjYgLTQyIDANCnYgLTI3IC00MiAwDQp2IC0yOCAtNDIgMA0KdiAtMjkgLTQyIDANCnYgLTMwIC00MiAwDQp2IC0zMSAtNDIgMA0KdiAtMzIgLTQyIDANCnYgLTMzIC00MiAwDQp2IC0zNCAtNDIgMA0KdiAtMzUgLTQyIDANCnYgLTM2IC00MiAwDQp2IC0zNyAtNDIgMA0KdiAtMzggLTQyIDANCnYgLTM5IC00MiAwDQp2IC00MCAtNDIgMA0KdiAtNDEgLTQyIDANCnYgLTQyIC00MiAwDQp2IC00MyAtNDIgMA0KdiAtNDQgLTQyIDANCnYgLTQ1IC00MiAwDQp2IC00NiAtNDIgMA0KdiAtNDcgLTQyIDANCnYgLTQ4IC00MiAwDQp2IC00OSAtNDIgMA0KdiAtNTAgLTQyIDANCnYgLTUxIC00MiAwDQp2IC01MiAtNDIgMA0KdiAtNTMgLTQyIDANCnYgLTU0IC00MiAwDQp2IC01NSAtNDIgMA0KdiAtNTYgLTQyIDANCnYgLTU3IC00MiAwDQp2IC01OCAtNDIgMA0KdiAtNTkgLTQyIDANCnYgLTYwIC00MiAwDQp2IC02MSAtNDIgMA0KdiAtNjIgLTQyIDANCnYgLTYzIC00MiAwDQp2IC02NCAtNDIgMA0KdiAtNjUgLTQyIDANCnYgLTY2IC00MiAwDQp2IC02NyAtNDIgMA0KdiAtNjggLTQyIDANCnYgLTY5IC00MiAwDQp2IC03MCAtNDIgMA0KdiAtNzEgLTQyIDANCnYgLTcyIC00MiAwDQp2IC03MyAtNDIgMA0KdiAtNzQgLTQyIDANCnYgLTc1IC00MiAwDQp2IC03NiAtNDIgMA0KdiAtNzcgLTQyIDANCnYgLTc4IC00MiAwDQp2IC03OSAtNDIgMA0KdiAtODAgLTQyIDANCnYgLTgxIC00MiAwDQp2IC04MiAtNDIgMA0KdiAtODMgLTQyIDANCnYgLTg0IC00MiAwDQp2IC04NSAtNDIgMA0KdiAtODYgLTQyIDANCnYgLTg3IC00MiAwDQp2IC04OCAtNDIgMA0KdiAtODkgLTQyIDANCnYgLTkwIC00MiAwDQp2IC05MSAtNDIgMA0KdiAtOTIgLTQyIDANCnYgLTkzIC00MiAwDQp2IC05NCAtNDIgMA0KdiAtOTUgLTQyIDANCnYgLTk2IC00MiAwDQp2IC05NyAtNDIgMA0KdiAtOTggLTQyIDANCnYgLTk5IC00MiAwDQp2IC0xMDAgLTQyIDANCnYgMCAtNDMgMA0KdiAtMSAtNDMgMA0KdiAtMiAtNDMgMA0KdiAtMyAtNDMgMA0KdiAtNCAtNDMgMA0KdiAtNSAtNDMgMA0KdiAtNiAtNDMgMA0KdiAtNyAtNDMgMA0KdiAtOCAtNDMgMA0KdiAtOSAtNDMgMA0KdiAtMTAgLTQzIDANCnYgLTExIC00MyAwDQp2IC0xMiAtNDMgMA0KdiAtMTMgLTQzIDANCnYgLTE0IC00MyAwDQp2IC0xNSAtNDMgMA0KdiAtMTYgLTQzIDANCnYgLTE3IC00MyAwDQp2IC0xOCAtNDMgMA0KdiAtMTkgLTQzIDANCnYgLTIwIC00MyAwDQp2IC0yMSAtNDMgMA0KdiAtMjIgLTQzIDANCnYgLTIzIC00MyAwDQp2IC0yNCAtNDMgMA0KdiAtMjUgLTQzIDANCnYgLTI2IC00MyAwDQp2IC0yNyAtNDMgMA0KdiAtMjggLTQzIDANCnYgLTI5IC00MyAwDQp2IC0zMCAtNDMgMA0KdiAtMzEgLTQzIDANCnYgLTMyIC00MyAwDQp2IC0zMyAtNDMgMA0KdiAtMzQgLTQzIDANCnYgLTM1IC00MyAwDQp2IC0zNiAtNDMgMA0KdiAtMzcgLTQzIDANCnYgLTM4IC00MyAwDQp2IC0zOSAtNDMgMA0KdiAtNDAgLTQzIDANCnYgLTQxIC00MyAwDQp2IC00MiAtNDMgMA0KdiAtNDMgLTQzIDANCnYgLTQ0IC00MyAwDQp2IC00NSAtNDMgMA0KdiAtNDYgLTQzIDANCnYgLTQ3IC00MyAwDQp2IC00OCAtNDMgMA0KdiAtNDkgLTQzIDANCnYgLTUwIC00MyAwDQp2IC01MSAtNDMgMA0KdiAtNTIgLTQzIDANCnYgLTUzIC00MyAwDQp2IC01NCAtNDMgMA0KdiAtNTUgLTQzIDANCnYgLTU2IC00MyAwDQp2IC01NyAtNDMgMA0KdiAtNTggLTQzIDANCnYgLTU5IC00MyAwDQp2IC02MCAtNDMgMA0KdiAtNjEgLTQzIDANCnYgLTYyIC00MyAwDQp2IC02MyAtNDMgMA0KdiAtNjQgLTQzIDANCnYgLTY1IC00MyAwDQp2IC02NiAtNDMgMA0KdiAtNjcgLTQzIDANCnYgLTY4IC00MyAwDQp2IC02OSAtNDMgMA0KdiAtNzAgLTQzIDANCnYgLTcxIC00MyAwDQp2IC03MiAtNDMgMA0KdiAtNzMgLTQzIDANCnYgLTc0IC00MyAwDQp2IC03NSAtNDMgMA0KdiAtNzYgLTQzIDANCnYgLTc3IC00MyAwDQp2IC03OCAtNDMgMA0KdiAtNzkgLTQzIDANCnYgLTgwIC00MyAwDQp2IC04MSAtNDMgMA0KdiAtODIgLTQzIDANCnYgLTgzIC00MyAwDQp2IC04NCAtNDMgMA0KdiAtODUgLTQzIDANCnYgLTg2IC00MyAwDQp2IC04NyAtNDMgMA0KdiAtODggLTQzIDANCnYgLTg5IC00MyAwDQp2IC05MCAtNDMgMA0KdiAtOTEgLTQzIDANCnYgLTkyIC00MyAwDQp2IC05MyAtNDMgMA0KdiAtOTQgLTQzIDANCnYgLTk1IC00MyAwDQp2IC05NiAtNDMgMA0KdiAtOTcgLTQzIDANCnYgLTk4IC00MyAwDQp2IC05OSAtNDMgMA0KdiAtMTAwIC00MyAwDQp2IDAgLTQ0IDANCnYgLTEgLTQ0IDANCnYgLTIgLTQ0IDANCnYgLTMgLTQ0IDANCnYgLTQgLTQ0IDANCnYgLTUgLTQ0IDANCnYgLTYgLTQ0IDANCnYgLTcgLTQ0IDANCnYgLTggLTQ0IDANCnYgLTkgLTQ0IDANCnYgLTEwIC00NCAwDQp2IC0xMSAtNDQgMA0KdiAtMTIgLTQ0IDANCnYgLTEzIC00NCAwDQp2IC0xNCAtNDQgMA0KdiAtMTUgLTQ0IDANCnYgLTE2IC00NCAwDQp2IC0xNyAtNDQgMA0KdiAtMTggLTQ0IDANCnYgLTE5IC00NCAwDQp2IC0yMCAtNDQgMA0KdiAtMjEgLTQ0IDANCnYgLTIyIC00NCAwDQp2IC0yMyAtNDQgMA0KdiAtMjQgLTQ0IDANCnYgLTI1IC00NCAwDQp2IC0yNiAtNDQgMA0KdiAtMjcgLTQ0IDANCnYgLTI4IC00NCAwDQp2IC0yOSAtNDQgMA0KdiAtMzAgLTQ0IDANCnYgLTMxIC00NCAwDQp2IC0zMiAtNDQgMA0KdiAtMzMgLTQ0IDANCnYgLTM0IC00NCAwDQp2IC0zNSAtNDQgMA0KdiAtMzYgLTQ0IDANCnYgLTM3IC00NCAwDQp2IC0zOCAtNDQgMA0KdiAtMzkgLTQ0IDANCnYgLTQwIC00NCAwDQp2IC00MSAtNDQgMA0KdiAtNDIgLTQ0IDANCnYgLTQzIC00NCAwDQp2IC00NCAtNDQgMA0KdiAtNDUgLTQ0IDANCnYgLTQ2IC00NCAwDQp2IC00NyAtNDQgMA0KdiAtNDggLTQ0IDANCnYgLTQ5IC00NCAwDQp2IC01MCAtNDQgMA0KdiAtNTEgLTQ0IDANCnYgLTUyIC00NCAwDQp2IC01MyAtNDQgMA0KdiAtNTQgLTQ0IDANCnYgLTU1IC00NCAwDQp2IC01NiAtNDQgMA0KdiAtNTcgLTQ0IDANCnYgLTU4IC00NCAwDQp2IC01OSAtNDQgMA0KdiAtNjAgLTQ0IDANCnYgLTYxIC00NCAwDQp2IC02MiAtNDQgMA0KdiAtNjMgLTQ0IDANCnYgLTY0IC00NCAwDQp2IC02NSAtNDQgMA0KdiAtNjYgLTQ0IDANCnYgLTY3IC00NCAwDQp2IC02OCAtNDQgMA0KdiAtNjkgLTQ0IDANCnYgLTcwIC00NCAwDQp2IC03MSAtNDQgMA0KdiAtNzIgLTQ0IDANCnYgLTczIC00NCAwDQp2IC03NCAtNDQgMA0KdiAtNzUgLTQ0IDANCnYgLTc2IC00NCAwDQp2IC03NyAtNDQgMA0KdiAtNzggLTQ0IDANCnYgLTc5IC00NCAwDQp2IC04MCAtNDQgMA0KdiAtODEgLTQ0IDANCnYgLTgyIC00NCAwDQp2IC04MyAtNDQgMA0KdiAtODQgLTQ0IDANCnYgLTg1IC00NCAwDQp2IC04NiAtNDQgMA0KdiAtODcgLTQ0IDANCnYgLTg4IC00NCAwDQp2IC04OSAtNDQgMA0KdiAtOTAgLTQ0IDANCnYgLTkxIC00NCAwDQp2IC05MiAtNDQgMA0KdiAtOTMgLTQ0IDANCnYgLTk0IC00NCAwDQp2IC05NSAtNDQgMA0KdiAtOTYgLTQ0IDANCnYgLTk3IC00NCAwDQp2IC05OCAtNDQgMA0KdiAtOTkgLTQ0IDANCnYgLTEwMCAtNDQgMA0KdiAwIC00NSAwDQp2IC0xIC00NSAwDQp2IC0yIC00NSAwDQp2IC0zIC00NSAwDQp2IC00IC00NSAwDQp2IC01IC00NSAwDQp2IC02IC00NSAwDQp2IC03IC00NSAwDQp2IC04IC00NSAwDQp2IC05IC00NSAwDQp2IC0xMCAtNDUgMA0KdiAtMTEgLTQ1IDANCnYgLTEyIC00NSAwDQp2IC0xMyAtNDUgMA0KdiAtMTQgLTQ1IDANCnYgLTE1IC00NSAwDQp2IC0xNiAtNDUgMA0KdiAtMTcgLTQ1IDANCnYgLTE4IC00NSAwDQp2IC0xOSAtNDUgMA0KdiAtMjAgLTQ1IDANCnYgLTIxIC00NSAwDQp2IC0yMiAtNDUgMA0KdiAtMjMgLTQ1IDANCnYgLTI0IC00NSAwDQp2IC0yNSAtNDUgMA0KdiAtMjYgLTQ1IDANCnYgLTI3IC00NSAwDQp2IC0yOCAtNDUgMA0KdiAtMjkgLTQ1IDANCnYgLTMwIC00NSAwDQp2IC0zMSAtNDUgMA0KdiAtMzIgLTQ1IDANCnYgLTMzIC00NSAwDQp2IC0zNCAtNDUgMA0KdiAtMzUgLTQ1IDANCnYgLTM2IC00NSAwDQp2IC0zNyAtNDUgMA0KdiAtMzggLTQ1IDANCnYgLTM5IC00NSAwDQp2IC00MCAtNDUgMA0KdiAtNDEgLTQ1IDANCnYgLTQyIC00NSAwDQp2IC00MyAtNDUgMA0KdiAtNDQgLTQ1IDANCnYgLTQ1IC00NSAwDQp2IC00NiAtNDUgMA0KdiAtNDcgLTQ1IDANCnYgLTQ4IC00NSAwDQp2IC00OSAtNDUgMA0KdiAtNTAgLTQ1IDANCnYgLTUxIC00NSAwDQp2IC01MiAtNDUgMA0KdiAtNTMgLTQ1IDANCnYgLTU0IC00NSAwDQp2IC01NSAtNDUgMA0KdiAtNTYgLTQ1IDANCnYgLTU3IC00NSAwDQp2IC01OCAtNDUgMA0KdiAtNTkgLTQ1IDANCnYgLTYwIC00NSAwDQp2IC02MSAtNDUgMA0KdiAtNjIgLTQ1IDANCnYgLTYzIC00NSAwDQp2IC02NCAtNDUgMA0KdiAtNjUgLTQ1IDANCnYgLTY2IC00NSAwDQp2IC02NyAtNDUgMA0KdiAtNjggLTQ1IDANCnYgLTY5IC00NSAwDQp2IC03MCAtNDUgMA0KdiAtNzEgLTQ1IDANCnYgLTcyIC00NSAwDQp2IC03MyAtNDUgMA0KdiAtNzQgLTQ1IDANCnYgLTc1IC00NSAwDQp2IC03NiAtNDUgMA0KdiAtNzcgLTQ1IDANCnYgLTc4IC00NSAwDQp2IC03OSAtNDUgMA0KdiAtODAgLTQ1IDANCnYgLTgxIC00NSAwDQp2IC04MiAtNDUgMA0KdiAtODMgLTQ1IDANCnYgLTg0IC00NSAwDQp2IC04NSAtNDUgMA0KdiAtODYgLTQ1IDANCnYgLTg3IC00NSAwDQp2IC04OCAtNDUgMA0KdiAtODkgLTQ1IDANCnYgLTkwIC00NSAwDQp2IC05MSAtNDUgMA0KdiAtOTIgLTQ1IDANCnYgLTkzIC00NSAwDQp2IC05NCAtNDUgMA0KdiAtOTUgLTQ1IDANCnYgLTk2IC00NSAwDQp2IC05NyAtNDUgMA0KdiAtOTggLTQ1IDANCnYgLTk5IC00NSAwDQp2IC0xMDAgLTQ1IDANCnYgMCAtNDYgMA0KdiAtMSAtNDYgMA0KdiAtMiAtNDYgMA0KdiAtMyAtNDYgMA0KdiAtNCAtNDYgMA0KdiAtNSAtNDYgMA0KdiAtNiAtNDYgMA0KdiAtNyAtNDYgMA0KdiAtOCAtNDYgMA0KdiAtOSAtNDYgMA0KdiAtMTAgLTQ2IDANCnYgLTExIC00NiAwDQp2IC0xMiAtNDYgMA0KdiAtMTMgLTQ2IDANCnYgLTE0IC00NiAwDQp2IC0xNSAtNDYgMA0KdiAtMTYgLTQ2IDANCnYgLTE3IC00NiAwDQp2IC0xOCAtNDYgMA0KdiAtMTkgLTQ2IDANCnYgLTIwIC00NiAwDQp2IC0yMSAtNDYgMA0KdiAtMjIgLTQ2IDANCnYgLTIzIC00NiAwDQp2IC0yNCAtNDYgMA0KdiAtMjUgLTQ2IDANCnYgLTI2IC00NiAwDQp2IC0yNyAtNDYgMA0KdiAtMjggLTQ2IDANCnYgLTI5IC00NiAwDQp2IC0zMCAtNDYgMA0KdiAtMzEgLTQ2IDANCnYgLTMyIC00NiAwDQp2IC0zMyAtNDYgMA0KdiAtMzQgLTQ2IDANCnYgLTM1IC00NiAwDQp2IC0zNiAtNDYgMA0KdiAtMzcgLTQ2IDANCnYgLTM4IC00NiAwDQp2IC0zOSAtNDYgMA0KdiAtNDAgLTQ2IDANCnYgLTQxIC00NiAwDQp2IC00MiAtNDYgMA0KdiAtNDMgLTQ2IDANCnYgLTQ0IC00NiAwDQp2IC00NSAtNDYgMA0KdiAtNDYgLTQ2IDANCnYgLTQ3IC00NiAwDQp2IC00OCAtNDYgMA0KdiAtNDkgLTQ2IDANCnYgLTUwIC00NiAwDQp2IC01MSAtNDYgMA0KdiAtNTIgLTQ2IDANCnYgLTUzIC00NiAwDQp2IC01NCAtNDYgMA0KdiAtNTUgLTQ2IDANCnYgLTU2IC00NiAwDQp2IC01NyAtNDYgMA0KdiAtNTggLTQ2IDANCnYgLTU5IC00NiAwDQp2IC02MCAtNDYgMA0KdiAtNjEgLTQ2IDANCnYgLTYyIC00NiAwDQp2IC02MyAtNDYgMA0KdiAtNjQgLTQ2IDANCnYgLTY1IC00NiAwDQp2IC02NiAtNDYgMA0KdiAtNjcgLTQ2IDANCnYgLTY4IC00NiAwDQp2IC02OSAtNDYgMA0KdiAtNzAgLTQ2IDANCnYgLTcxIC00NiAwDQp2IC03MiAtNDYgMA0KdiAtNzMgLTQ2IDANCnYgLTc0IC00NiAwDQp2IC03NSAtNDYgMA0KdiAtNzYgLTQ2IDANCnYgLTc3IC00NiAwDQp2IC03OCAtNDYgMA0KdiAtNzkgLTQ2IDANCnYgLTgwIC00NiAwDQp2IC04MSAtNDYgMA0KdiAtODIgLTQ2IDANCnYgLTgzIC00NiAwDQp2IC04NCAtNDYgMA0KdiAtODUgLTQ2IDANCnYgLTg2IC00NiAwDQp2IC04NyAtNDYgMA0KdiAtODggLTQ2IDANCnYgLTg5IC00NiAwDQp2IC05MCAtNDYgMA0KdiAtOTEgLTQ2IDANCnYgLTkyIC00NiAwDQp2IC05MyAtNDYgMA0KdiAtOTQgLTQ2IDANCnYgLTk1IC00NiAwDQp2IC05NiAtNDYgMA0KdiAtOTcgLTQ2IDANCnYgLTk4IC00NiAwDQp2IC05OSAtNDYgMA0KdiAtMTAwIC00NiAwDQp2IDAgLTQ3IDANCnYgLTEgLTQ3IDANCnYgLTIgLTQ3IDANCnYgLTMgLTQ3IDANCnYgLTQgLTQ3IDANCnYgLTUgLTQ3IDANCnYgLTYgLTQ3IDANCnYgLTcgLTQ3IDANCnYgLTggLTQ3IDANCnYgLTkgLTQ3IDANCnYgLTEwIC00NyAwDQp2IC0xMSAtNDcgMA0KdiAtMTIgLTQ3IDANCnYgLTEzIC00NyAwDQp2IC0xNCAtNDcgMA0KdiAtMTUgLTQ3IDANCnYgLTE2IC00NyAwDQp2IC0xNyAtNDcgMA0KdiAtMTggLTQ3IDANCnYgLTE5IC00NyAwDQp2IC0yMCAtNDcgMA0KdiAtMjEgLTQ3IDANCnYgLTIyIC00NyAwDQp2IC0yMyAtNDcgMA0KdiAtMjQgLTQ3IDANCnYgLTI1IC00NyAwDQp2IC0yNiAtNDcgMA0KdiAtMjcgLTQ3IDANCnYgLTI4IC00NyAwDQp2IC0yOSAtNDcgMA0KdiAtMzAgLTQ3IDANCnYgLTMxIC00NyAwDQp2IC0zMiAtNDcgMA0KdiAtMzMgLTQ3IDANCnYgLTM0IC00NyAwDQp2IC0zNSAtNDcgMA0KdiAtMzYgLTQ3IDANCnYgLTM3IC00NyAwDQp2IC0zOCAtNDcgMA0KdiAtMzkgLTQ3IDANCnYgLTQwIC00NyAwDQp2IC00MSAtNDcgMA0KdiAtNDIgLTQ3IDANCnYgLTQzIC00NyAwDQp2IC00NCAtNDcgMA0KdiAtNDUgLTQ3IDANCnYgLTQ2IC00NyAwDQp2IC00NyAtNDcgMA0KdiAtNDggLTQ3IDANCnYgLTQ5IC00NyAwDQp2IC01MCAtNDcgMA0KdiAtNTEgLTQ3IDANCnYgLTUyIC00NyAwDQp2IC01MyAtNDcgMA0KdiAtNTQgLTQ3IDANCnYgLTU1IC00NyAwDQp2IC01NiAtNDcgMA0KdiAtNTcgLTQ3IDANCnYgLTU4IC00NyAwDQp2IC01OSAtNDcgMA0KdiAtNjAgLTQ3IDANCnYgLTYxIC00NyAwDQp2IC02MiAtNDcgMA0KdiAtNjMgLTQ3IDANCnYgLTY0IC00NyAwDQp2IC02NSAtNDcgMA0KdiAtNjYgLTQ3IDANCnYgLTY3IC00NyAwDQp2IC02OCAtNDcgMA0KdiAtNjkgLTQ3IDANCnYgLTcwIC00NyAwDQp2IC03MSAtNDcgMA0KdiAtNzIgLTQ3IDANCnYgLTczIC00NyAwDQp2IC03NCAtNDcgMA0KdiAtNzUgLTQ3IDANCnYgLTc2IC00NyAwDQp2IC03NyAtNDcgMA0KdiAtNzggLTQ3IDANCnYgLTc5IC00NyAwDQp2IC04MCAtNDcgMA0KdiAtODEgLTQ3IDANCnYgLTgyIC00NyAwDQp2IC04MyAtNDcgMA0KdiAtODQgLTQ3IDANCnYgLTg1IC00NyAwDQp2IC04NiAtNDcgMA0KdiAtODcgLTQ3IDANCnYgLTg4IC00NyAwDQp2IC04OSAtNDcgMA0KdiAtOTAgLTQ3IDANCnYgLTkxIC00NyAwDQp2IC05MiAtNDcgMA0KdiAtOTMgLTQ3IDANCnYgLTk0IC00NyAwDQp2IC05NSAtNDcgMA0KdiAtOTYgLTQ3IDANCnYgLTk3IC00NyAwDQp2IC05OCAtNDcgMA0KdiAtOTkgLTQ3IDANCnYgLTEwMCAtNDcgMA0KdiAwIC00OCAwDQp2IC0xIC00OCAwDQp2IC0yIC00OCAwDQp2IC0zIC00OCAwDQp2IC00IC00OCAwDQp2IC01IC00OCAwDQp2IC02IC00OCAwDQp2IC03IC00OCAwDQp2IC04IC00OCAwDQp2IC05IC00OCAwDQp2IC0xMCAtNDggMA0KdiAtMTEgLTQ4IDANCnYgLTEyIC00OCAwDQp2IC0xMyAtNDggMA0KdiAtMTQgLTQ4IDANCnYgLTE1IC00OCAwDQp2IC0xNiAtNDggMA0KdiAtMTcgLTQ4IDANCnYgLTE4IC00OCAwDQp2IC0xOSAtNDggMA0KdiAtMjAgLTQ4IDANCnYgLTIxIC00OCAwDQp2IC0yMiAtNDggMA0KdiAtMjMgLTQ4IDANCnYgLTI0IC00OCAwDQp2IC0yNSAtNDggMA0KdiAtMjYgLTQ4IDANCnYgLTI3IC00OCAwDQp2IC0yOCAtNDggMA0KdiAtMjkgLTQ4IDANCnYgLTMwIC00OCAwDQp2IC0zMSAtNDggMA0KdiAtMzIgLTQ4IDANCnYgLTMzIC00OCAwDQp2IC0zNCAtNDggMA0KdiAtMzUgLTQ4IDANCnYgLTM2IC00OCAwDQp2IC0zNyAtNDggMA0KdiAtMzggLTQ4IDANCnYgLTM5IC00OCAwDQp2IC00MCAtNDggMA0KdiAtNDEgLTQ4IDANCnYgLTQyIC00OCAwDQp2IC00MyAtNDggMA0KdiAtNDQgLTQ4IDANCnYgLTQ1IC00OCAwDQp2IC00NiAtNDggMA0KdiAtNDcgLTQ4IDANCnYgLTQ4IC00OCAwDQp2IC00OSAtNDggMA0KdiAtNTAgLTQ4IDANCnYgLTUxIC00OCAwDQp2IC01MiAtNDggMA0KdiAtNTMgLTQ4IDANCnYgLTU0IC00OCAwDQp2IC01NSAtNDggMA0KdiAtNTYgLTQ4IDANCnYgLTU3IC00OCAwDQp2IC01OCAtNDggMA0KdiAtNTkgLTQ4IDANCnYgLTYwIC00OCAwDQp2IC02MSAtNDggMA0KdiAtNjIgLTQ4IDANCnYgLTYzIC00OCAwDQp2IC02NCAtNDggMA0KdiAtNjUgLTQ4IDANCnYgLTY2IC00OCAwDQp2IC02NyAtNDggMA0KdiAtNjggLTQ4IDANCnYgLTY5IC00OCAwDQp2IC03MCAtNDggMA0KdiAtNzEgLTQ4IDANCnYgLTcyIC00OCAwDQp2IC03MyAtNDggMA0KdiAtNzQgLTQ4IDANCnYgLTc1IC00OCAwDQp2IC03NiAtNDggMA0KdiAtNzcgLTQ4IDANCnYgLTc4IC00OCAwDQp2IC03OSAtNDggMA0KdiAtODAgLTQ4IDANCnYgLTgxIC00OCAwDQp2IC04MiAtNDggMA0KdiAtODMgLTQ4IDANCnYgLTg0IC00OCAwDQp2IC04NSAtNDggMA0KdiAtODYgLTQ4IDANCnYgLTg3IC00OCAwDQp2IC04OCAtNDggMA0KdiAtODkgLTQ4IDANCnYgLTkwIC00OCAwDQp2IC05MSAtNDggMA0KdiAtOTIgLTQ4IDANCnYgLTkzIC00OCAwDQp2IC05NCAtNDggMA0KdiAtOTUgLTQ4IDANCnYgLTk2IC00OCAwDQp2IC05NyAtNDggMA0KdiAtOTggLTQ4IDANCnYgLTk5IC00OCAwDQp2IC0xMDAgLTQ4IDANCnYgMCAtNDkgMA0KdiAtMSAtNDkgMA0KdiAtMiAtNDkgMA0KdiAtMyAtNDkgMA0KdiAtNCAtNDkgMA0KdiAtNSAtNDkgMA0KdiAtNiAtNDkgMA0KdiAtNyAtNDkgMA0KdiAtOCAtNDkgMA0KdiAtOSAtNDkgMA0KdiAtMTAgLTQ5IDANCnYgLTExIC00OSAwDQp2IC0xMiAtNDkgMA0KdiAtMTMgLTQ5IDANCnYgLTE0IC00OSAwDQp2IC0xNSAtNDkgMA0KdiAtMTYgLTQ5IDANCnYgLTE3IC00OSAwDQp2IC0xOCAtNDkgMA0KdiAtMTkgLTQ5IDANCnYgLTIwIC00OSAwDQp2IC0yMSAtNDkgMA0KdiAtMjIgLTQ5IDANCnYgLTIzIC00OSAwDQp2IC0yNCAtNDkgMA0KdiAtMjUgLTQ5IDANCnYgLTI2IC00OSAwDQp2IC0yNyAtNDkgMA0KdiAtMjggLTQ5IDANCnYgLTI5IC00OSAwDQp2IC0zMCAtNDkgMA0KdiAtMzEgLTQ5IDANCnYgLTMyIC00OSAwDQp2IC0zMyAtNDkgMA0KdiAtMzQgLTQ5IDANCnYgLTM1IC00OSAwDQp2IC0zNiAtNDkgMA0KdiAtMzcgLTQ5IDANCnYgLTM4IC00OSAwDQp2IC0zOSAtNDkgMA0KdiAtNDAgLTQ5IDANCnYgLTQxIC00OSAwDQp2IC00MiAtNDkgMA0KdiAtNDMgLTQ5IDANCnYgLTQ0IC00OSAwDQp2IC00NSAtNDkgMA0KdiAtNDYgLTQ5IDANCnYgLTQ3IC00OSAwDQp2IC00OCAtNDkgMA0KdiAtNDkgLTQ5IDANCnYgLTUwIC00OSAwDQp2IC01MSAtNDkgMA0KdiAtNTIgLTQ5IDANCnYgLTUzIC00OSAwDQp2IC01NCAtNDkgMA0KdiAtNTUgLTQ5IDANCnYgLTU2IC00OSAwDQp2IC01NyAtNDkgMA0KdiAtNTggLTQ5IDANCnYgLTU5IC00OSAwDQp2IC02MCAtNDkgMA0KdiAtNjEgLTQ5IDANCnYgLTYyIC00OSAwDQp2IC02MyAtNDkgMA0KdiAtNjQgLTQ5IDANCnYgLTY1IC00OSAwDQp2IC02NiAtNDkgMA0KdiAtNjcgLTQ5IDANCnYgLTY4IC00OSAwDQp2IC02OSAtNDkgMA0KdiAtNzAgLTQ5IDANCnYgLTcxIC00OSAwDQp2IC03MiAtNDkgMA0KdiAtNzMgLTQ5IDANCnYgLTc0IC00OSAwDQp2IC03NSAtNDkgMA0KdiAtNzYgLTQ5IDANCnYgLTc3IC00OSAwDQp2IC03OCAtNDkgMA0KdiAtNzkgLTQ5IDANCnYgLTgwIC00OSAwDQp2IC04MSAtNDkgMA0KdiAtODIgLTQ5IDANCnYgLTgzIC00OSAwDQp2IC04NCAtNDkgMA0KdiAtODUgLTQ5IDANCnYgLTg2IC00OSAwDQp2IC04NyAtNDkgMA0KdiAtODggLTQ5IDANCnYgLTg5IC00OSAwDQp2IC05MCAtNDkgMA0KdiAtOTEgLTQ5IDANCnYgLTkyIC00OSAwDQp2IC05MyAtNDkgMA0KdiAtOTQgLTQ5IDANCnYgLTk1IC00OSAwDQp2IC05NiAtNDkgMA0KdiAtOTcgLTQ5IDANCnYgLTk4IC00OSAwDQp2IC05OSAtNDkgMA0KdiAtMTAwIC00OSAwDQp2IDAgLTUwIDANCnYgLTEgLTUwIDANCnYgLTIgLTUwIDANCnYgLTMgLTUwIDANCnYgLTQgLTUwIDANCnYgLTUgLTUwIDANCnYgLTYgLTUwIDANCnYgLTcgLTUwIDANCnYgLTggLTUwIDANCnYgLTkgLTUwIDANCnYgLTEwIC01MCAwDQp2IC0xMSAtNTAgMA0KdiAtMTIgLTUwIDANCnYgLTEzIC01MCAwDQp2IC0xNCAtNTAgMA0KdiAtMTUgLTUwIDANCnYgLTE2IC01MCAwDQp2IC0xNyAtNTAgMA0KdiAtMTggLTUwIDANCnYgLTE5IC01MCAwDQp2IC0yMCAtNTAgMA0KdiAtMjEgLTUwIDANCnYgLTIyIC01MCAwDQp2IC0yMyAtNTAgMA0KdiAtMjQgLTUwIDANCnYgLTI1IC01MCAwDQp2IC0yNiAtNTAgMA0KdiAtMjcgLTUwIDANCnYgLTI4IC01MCAwDQp2IC0yOSAtNTAgMA0KdiAtMzAgLTUwIDANCnYgLTMxIC01MCAwDQp2IC0zMiAtNTAgMA0KdiAtMzMgLTUwIDANCnYgLTM0IC01MCAwDQp2IC0zNSAtNTAgMA0KdiAtMzYgLTUwIDANCnYgLTM3IC01MCAwDQp2IC0zOCAtNTAgMA0KdiAtMzkgLTUwIDANCnYgLTQwIC01MCAwDQp2IC00MSAtNTAgMA0KdiAtNDIgLTUwIDANCnYgLTQzIC01MCAwDQp2IC00NCAtNTAgMA0KdiAtNDUgLTUwIDANCnYgLTQ2IC01MCAwDQp2IC00NyAtNTAgMA0KdiAtNDggLTUwIDANCnYgLTQ5IC01MCAwDQp2IC01MCAtNTAgMA0KdiAtNTEgLTUwIDANCnYgLTUyIC01MCAwDQp2IC01MyAtNTAgMA0KdiAtNTQgLTUwIDANCnYgLTU1IC01MCAwDQp2IC01NiAtNTAgMA0KdiAtNTcgLTUwIDANCnYgLTU4IC01MCAwDQp2IC01OSAtNTAgMA0KdiAtNjAgLTUwIDANCnYgLTYxIC01MCAwDQp2IC02MiAtNTAgMA0KdiAtNjMgLTUwIDANCnYgLTY0IC01MCAwDQp2IC02NSAtNTAgMA0KdiAtNjYgLTUwIDANCnYgLTY3IC01MCAwDQp2IC02OCAtNTAgMA0KdiAtNjkgLTUwIDANCnYgLTcwIC01MCAwDQp2IC03MSAtNTAgMA0KdiAtNzIgLTUwIDANCnYgLTczIC01MCAwDQp2IC03NCAtNTAgMA0KdiAtNzUgLTUwIDANCnYgLTc2IC01MCAwDQp2IC03NyAtNTAgMA0KdiAtNzggLTUwIDANCnYgLTc5IC01MCAwDQp2IC04MCAtNTAgMA0KdiAtODEgLTUwIDANCnYgLTgyIC01MCAwDQp2IC04MyAtNTAgMA0KdiAtODQgLTUwIDANCnYgLTg1IC01MCAwDQp2IC04NiAtNTAgMA0KdiAtODcgLTUwIDANCnYgLTg4IC01MCAwDQp2IC04OSAtNTAgMA0KdiAtOTAgLTUwIDANCnYgLTkxIC01MCAwDQp2IC05MiAtNTAgMA0KdiAtOTMgLTUwIDANCnYgLTk0IC01MCAwDQp2IC05NSAtNTAgMA0KdiAtOTYgLTUwIDANCnYgLTk3IC01MCAwDQp2IC05OCAtNTAgMA0KdiAtOTkgLTUwIDANCnYgLTEwMCAtNTAgMA0KdiAwIC01MSAwDQp2IC0xIC01MSAwDQp2IC0yIC01MSAwDQp2IC0zIC01MSAwDQp2IC00IC01MSAwDQp2IC01IC01MSAwDQp2IC02IC01MSAwDQp2IC03IC01MSAwDQp2IC04IC01MSAwDQp2IC05IC01MSAwDQp2IC0xMCAtNTEgMA0KdiAtMTEgLTUxIDANCnYgLTEyIC01MSAwDQp2IC0xMyAtNTEgMA0KdiAtMTQgLTUxIDANCnYgLTE1IC01MSAwDQp2IC0xNiAtNTEgMA0KdiAtMTcgLTUxIDANCnYgLTE4IC01MSAwDQp2IC0xOSAtNTEgMA0KdiAtMjAgLTUxIDANCnYgLTIxIC01MSAwDQp2IC0yMiAtNTEgMA0KdiAtMjMgLTUxIDANCnYgLTI0IC01MSAwDQp2IC0yNSAtNTEgMA0KdiAtMjYgLTUxIDANCnYgLTI3IC01MSAwDQp2IC0yOCAtNTEgMA0KdiAtMjkgLTUxIDANCnYgLTMwIC01MSAwDQp2IC0zMSAtNTEgMA0KdiAtMzIgLTUxIDANCnYgLTMzIC01MSAwDQp2IC0zNCAtNTEgMA0KdiAtMzUgLTUxIDANCnYgLTM2IC01MSAwDQp2IC0zNyAtNTEgMA0KdiAtMzggLTUxIDANCnYgLTM5IC01MSAwDQp2IC00MCAtNTEgMA0KdiAtNDEgLTUxIDANCnYgLTQyIC01MSAwDQp2IC00MyAtNTEgMA0KdiAtNDQgLTUxIDANCnYgLTQ1IC01MSAwDQp2IC00NiAtNTEgMA0KdiAtNDcgLTUxIDANCnYgLTQ4IC01MSAwDQp2IC00OSAtNTEgMA0KdiAtNTAgLTUxIDANCnYgLTUxIC01MSAwDQp2IC01MiAtNTEgMA0KdiAtNTMgLTUxIDANCnYgLTU0IC01MSAwDQp2IC01NSAtNTEgMA0KdiAtNTYgLTUxIDANCnYgLTU3IC01MSAwDQp2IC01OCAtNTEgMA0KdiAtNTkgLTUxIDANCnYgLTYwIC01MSAwDQp2IC02MSAtNTEgMA0KdiAtNjIgLTUxIDANCnYgLTYzIC01MSAwDQp2IC02NCAtNTEgMA0KdiAtNjUgLTUxIDANCnYgLTY2IC01MSAwDQp2IC02NyAtNTEgMA0KdiAtNjggLTUxIDANCnYgLTY5IC01MSAwDQp2IC03MCAtNTEgMA0KdiAtNzEgLTUxIDANCnYgLTcyIC01MSAwDQp2IC03MyAtNTEgMA0KdiAtNzQgLTUxIDANCnYgLTc1IC01MSAwDQp2IC03NiAtNTEgMA0KdiAtNzcgLTUxIDANCnYgLTc4IC01MSAwDQp2IC03OSAtNTEgMA0KdiAtODAgLTUxIDANCnYgLTgxIC01MSAwDQp2IC04MiAtNTEgMA0KdiAtODMgLTUxIDANCnYgLTg0IC01MSAwDQp2IC04NSAtNTEgMA0KdiAtODYgLTUxIDANCnYgLTg3IC01MSAwDQp2IC04OCAtNTEgMA0KdiAtODkgLTUxIDANCnYgLTkwIC01MSAwDQp2IC05MSAtNTEgMA0KdiAtOTIgLTUxIDANCnYgLTkzIC01MSAwDQp2IC05NCAtNTEgMA0KdiAtOTUgLTUxIDANCnYgLTk2IC01MSAwDQp2IC05NyAtNTEgMA0KdiAtOTggLTUxIDANCnYgLTk5IC01MSAwDQp2IC0xMDAgLTUxIDANCnYgMCAtNTIgMA0KdiAtMSAtNTIgMA0KdiAtMiAtNTIgMA0KdiAtMyAtNTIgMA0KdiAtNCAtNTIgMA0KdiAtNSAtNTIgMA0KdiAtNiAtNTIgMA0KdiAtNyAtNTIgMA0KdiAtOCAtNTIgMA0KdiAtOSAtNTIgMA0KdiAtMTAgLTUyIDANCnYgLTExIC01MiAwDQp2IC0xMiAtNTIgMA0KdiAtMTMgLTUyIDANCnYgLTE0IC01MiAwDQp2IC0xNSAtNTIgMA0KdiAtMTYgLTUyIDANCnYgLTE3IC01MiAwDQp2IC0xOCAtNTIgMA0KdiAtMTkgLTUyIDANCnYgLTIwIC01MiAwDQp2IC0yMSAtNTIgMA0KdiAtMjIgLTUyIDANCnYgLTIzIC01MiAwDQp2IC0yNCAtNTIgMA0KdiAtMjUgLTUyIDANCnYgLTI2IC01MiAwDQp2IC0yNyAtNTIgMA0KdiAtMjggLTUyIDANCnYgLTI5IC01MiAwDQp2IC0zMCAtNTIgMA0KdiAtMzEgLTUyIDANCnYgLTMyIC01MiAwDQp2IC0zMyAtNTIgMA0KdiAtMzQgLTUyIDANCnYgLTM1IC01MiAwDQp2IC0zNiAtNTIgMA0KdiAtMzcgLTUyIDANCnYgLTM4IC01MiAwDQp2IC0zOSAtNTIgMA0KdiAtNDAgLTUyIDANCnYgLTQxIC01MiAwDQp2IC00MiAtNTIgMA0KdiAtNDMgLTUyIDANCnYgLTQ0IC01MiAwDQp2IC00NSAtNTIgMA0KdiAtNDYgLTUyIDANCnYgLTQ3IC01MiAwDQp2IC00OCAtNTIgMA0KdiAtNDkgLTUyIDANCnYgLTUwIC01MiAwDQp2IC01MSAtNTIgMA0KdiAtNTIgLTUyIDANCnYgLTUzIC01MiAwDQp2IC01NCAtNTIgMA0KdiAtNTUgLTUyIDANCnYgLTU2IC01MiAwDQp2IC01NyAtNTIgMA0KdiAtNTggLTUyIDANCnYgLTU5IC01MiAwDQp2IC02MCAtNTIgMA0KdiAtNjEgLTUyIDANCnYgLTYyIC01MiAwDQp2IC02MyAtNTIgMA0KdiAtNjQgLTUyIDANCnYgLTY1IC01MiAwDQp2IC02NiAtNTIgMA0KdiAtNjcgLTUyIDANCnYgLTY4IC01MiAwDQp2IC02OSAtNTIgMA0KdiAtNzAgLTUyIDANCnYgLTcxIC01MiAwDQp2IC03MiAtNTIgMA0KdiAtNzMgLTUyIDANCnYgLTc0IC01MiAwDQp2IC03NSAtNTIgMA0KdiAtNzYgLTUyIDANCnYgLTc3IC01MiAwDQp2IC03OCAtNTIgMA0KdiAtNzkgLTUyIDANCnYgLTgwIC01MiAwDQp2IC04MSAtNTIgMA0KdiAtODIgLTUyIDANCnYgLTgzIC01MiAwDQp2IC04NCAtNTIgMA0KdiAtODUgLTUyIDANCnYgLTg2IC01MiAwDQp2IC04NyAtNTIgMA0KdiAtODggLTUyIDANCnYgLTg5IC01MiAwDQp2IC05MCAtNTIgMA0KdiAtOTEgLTUyIDANCnYgLTkyIC01MiAwDQp2IC05MyAtNTIgMA0KdiAtOTQgLTUyIDANCnYgLTk1IC01MiAwDQp2IC05NiAtNTIgMA0KdiAtOTcgLTUyIDANCnYgLTk4IC01MiAwDQp2IC05OSAtNTIgMA0KdiAtMTAwIC01MiAwDQp2IDAgLTUzIDANCnYgLTEgLTUzIDANCnYgLTIgLTUzIDANCnYgLTMgLTUzIDANCnYgLTQgLTUzIDANCnYgLTUgLTUzIDANCnYgLTYgLTUzIDANCnYgLTcgLTUzIDANCnYgLTggLTUzIDANCnYgLTkgLTUzIDANCnYgLTEwIC01MyAwDQp2IC0xMSAtNTMgMA0KdiAtMTIgLTUzIDANCnYgLTEzIC01MyAwDQp2IC0xNCAtNTMgMA0KdiAtMTUgLTUzIDANCnYgLTE2IC01MyAwDQp2IC0xNyAtNTMgMA0KdiAtMTggLTUzIDANCnYgLTE5IC01MyAwDQp2IC0yMCAtNTMgMA0KdiAtMjEgLTUzIDANCnYgLTIyIC01MyAwDQp2IC0yMyAtNTMgMA0KdiAtMjQgLTUzIDANCnYgLTI1IC01MyAwDQp2IC0yNiAtNTMgMA0KdiAtMjcgLTUzIDANCnYgLTI4IC01MyAwDQp2IC0yOSAtNTMgMA0KdiAtMzAgLTUzIDANCnYgLTMxIC01MyAwDQp2IC0zMiAtNTMgMA0KdiAtMzMgLTUzIDANCnYgLTM0IC01MyAwDQp2IC0zNSAtNTMgMA0KdiAtMzYgLTUzIDANCnYgLTM3IC01MyAwDQp2IC0zOCAtNTMgMA0KdiAtMzkgLTUzIDANCnYgLTQwIC01MyAwDQp2IC00MSAtNTMgMA0KdiAtNDIgLTUzIDANCnYgLTQzIC01MyAwDQp2IC00NCAtNTMgMA0KdiAtNDUgLTUzIDANCnYgLTQ2IC01MyAwDQp2IC00NyAtNTMgMA0KdiAtNDggLTUzIDANCnYgLTQ5IC01MyAwDQp2IC01MCAtNTMgMA0KdiAtNTEgLTUzIDANCnYgLTUyIC01MyAwDQp2IC01MyAtNTMgMA0KdiAtNTQgLTUzIDANCnYgLTU1IC01MyAwDQp2IC01NiAtNTMgMA0KdiAtNTcgLTUzIDANCnYgLTU4IC01MyAwDQp2IC01OSAtNTMgMA0KdiAtNjAgLTUzIDANCnYgLTYxIC01MyAwDQp2IC02MiAtNTMgMA0KdiAtNjMgLTUzIDANCnYgLTY0IC01MyAwDQp2IC02NSAtNTMgMA0KdiAtNjYgLTUzIDANCnYgLTY3IC01MyAwDQp2IC02OCAtNTMgMA0KdiAtNjkgLTUzIDANCnYgLTcwIC01MyAwDQp2IC03MSAtNTMgMA0KdiAtNzIgLTUzIDANCnYgLTczIC01MyAwDQp2IC03NCAtNTMgMA0KdiAtNzUgLTUzIDANCnYgLTc2IC01MyAwDQp2IC03NyAtNTMgMA0KdiAtNzggLTUzIDANCnYgLTc5IC01MyAwDQp2IC04MCAtNTMgMA0KdiAtODEgLTUzIDANCnYgLTgyIC01MyAwDQp2IC04MyAtNTMgMA0KdiAtODQgLTUzIDANCnYgLTg1IC01MyAwDQp2IC04NiAtNTMgMA0KdiAtODcgLTUzIDANCnYgLTg4IC01MyAwDQp2IC04OSAtNTMgMA0KdiAtOTAgLTUzIDANCnYgLTkxIC01MyAwDQp2IC05MiAtNTMgMA0KdiAtOTMgLTUzIDANCnYgLTk0IC01MyAwDQp2IC05NSAtNTMgMA0KdiAtOTYgLTUzIDANCnYgLTk3IC01MyAwDQp2IC05OCAtNTMgMA0KdiAtOTkgLTUzIDANCnYgLTEwMCAtNTMgMA0KdiAwIC01NCAwDQp2IC0xIC01NCAwDQp2IC0yIC01NCAwDQp2IC0zIC01NCAwDQp2IC00IC01NCAwDQp2IC01IC01NCAwDQp2IC02IC01NCAwDQp2IC03IC01NCAwDQp2IC04IC01NCAwDQp2IC05IC01NCAwDQp2IC0xMCAtNTQgMA0KdiAtMTEgLTU0IDANCnYgLTEyIC01NCAwDQp2IC0xMyAtNTQgMA0KdiAtMTQgLTU0IDANCnYgLTE1IC01NCAwDQp2IC0xNiAtNTQgMA0KdiAtMTcgLTU0IDANCnYgLTE4IC01NCAwDQp2IC0xOSAtNTQgMA0KdiAtMjAgLTU0IDANCnYgLTIxIC01NCAwDQp2IC0yMiAtNTQgMA0KdiAtMjMgLTU0IDANCnYgLTI0IC01NCAwDQp2IC0yNSAtNTQgMA0KdiAtMjYgLTU0IDANCnYgLTI3IC01NCAwDQp2IC0yOCAtNTQgMA0KdiAtMjkgLTU0IDANCnYgLTMwIC01NCAwDQp2IC0zMSAtNTQgMA0KdiAtMzIgLTU0IDANCnYgLTMzIC01NCAwDQp2IC0zNCAtNTQgMA0KdiAtMzUgLTU0IDANCnYgLTM2IC01NCAwDQp2IC0zNyAtNTQgMA0KdiAtMzggLTU0IDANCnYgLTM5IC01NCAwDQp2IC00MCAtNTQgMA0KdiAtNDEgLTU0IDANCnYgLTQyIC01NCAwDQp2IC00MyAtNTQgMA0KdiAtNDQgLTU0IDANCnYgLTQ1IC01NCAwDQp2IC00NiAtNTQgMA0KdiAtNDcgLTU0IDANCnYgLTQ4IC01NCAwDQp2IC00OSAtNTQgMA0KdiAtNTAgLTU0IDANCnYgLTUxIC01NCAwDQp2IC01MiAtNTQgMA0KdiAtNTMgLTU0IDANCnYgLTU0IC01NCAwDQp2IC01NSAtNTQgMA0KdiAtNTYgLTU0IDANCnYgLTU3IC01NCAwDQp2IC01OCAtNTQgMA0KdiAtNTkgLTU0IDANCnYgLTYwIC01NCAwDQp2IC02MSAtNTQgMA0KdiAtNjIgLTU0IDANCnYgLTYzIC01NCAwDQp2IC02NCAtNTQgMA0KdiAtNjUgLTU0IDANCnYgLTY2IC01NCAwDQp2IC02NyAtNTQgMA0KdiAtNjggLTU0IDANCnYgLTY5IC01NCAwDQp2IC03MCAtNTQgMA0KdiAtNzEgLTU0IDANCnYgLTcyIC01NCAwDQp2IC03MyAtNTQgMA0KdiAtNzQgLTU0IDANCnYgLTc1IC01NCAwDQp2IC03NiAtNTQgMA0KdiAtNzcgLTU0IDANCnYgLTc4IC01NCAwDQp2IC03OSAtNTQgMA0KdiAtODAgLTU0IDANCnYgLTgxIC01NCAwDQp2IC04MiAtNTQgMA0KdiAtODMgLTU0IDANCnYgLTg0IC01NCAwDQp2IC04NSAtNTQgMA0KdiAtODYgLTU0IDANCnYgLTg3IC01NCAwDQp2IC04OCAtNTQgMA0KdiAtODkgLTU0IDANCnYgLTkwIC01NCAwDQp2IC05MSAtNTQgMA0KdiAtOTIgLTU0IDANCnYgLTkzIC01NCAwDQp2IC05NCAtNTQgMA0KdiAtOTUgLTU0IDANCnYgLTk2IC01NCAwDQp2IC05NyAtNTQgMA0KdiAtOTggLTU0IDANCnYgLTk5IC01NCAwDQp2IC0xMDAgLTU0IDANCnYgMCAtNTUgMA0KdiAtMSAtNTUgMA0KdiAtMiAtNTUgMA0KdiAtMyAtNTUgMA0KdiAtNCAtNTUgMA0KdiAtNSAtNTUgMA0KdiAtNiAtNTUgMA0KdiAtNyAtNTUgMA0KdiAtOCAtNTUgMA0KdiAtOSAtNTUgMA0KdiAtMTAgLTU1IDANCnYgLTExIC01NSAwDQp2IC0xMiAtNTUgMA0KdiAtMTMgLTU1IDANCnYgLTE0IC01NSAwDQp2IC0xNSAtNTUgMA0KdiAtMTYgLTU1IDANCnYgLTE3IC01NSAwDQp2IC0xOCAtNTUgMA0KdiAtMTkgLTU1IDANCnYgLTIwIC01NSAwDQp2IC0yMSAtNTUgMA0KdiAtMjIgLTU1IDANCnYgLTIzIC01NSAwDQp2IC0yNCAtNTUgMA0KdiAtMjUgLTU1IDANCnYgLTI2IC01NSAwDQp2IC0yNyAtNTUgMA0KdiAtMjggLTU1IDANCnYgLTI5IC01NSAwDQp2IC0zMCAtNTUgMA0KdiAtMzEgLTU1IDANCnYgLTMyIC01NSAwDQp2IC0zMyAtNTUgMA0KdiAtMzQgLTU1IDANCnYgLTM1IC01NSAwDQp2IC0zNiAtNTUgMA0KdiAtMzcgLTU1IDANCnYgLTM4IC01NSAwDQp2IC0zOSAtNTUgMA0KdiAtNDAgLTU1IDANCnYgLTQxIC01NSAwDQp2IC00MiAtNTUgMA0KdiAtNDMgLTU1IDANCnYgLTQ0IC01NSAwDQp2IC00NSAtNTUgMA0KdiAtNDYgLTU1IDANCnYgLTQ3IC01NSAwDQp2IC00OCAtNTUgMA0KdiAtNDkgLTU1IDANCnYgLTUwIC01NSAwDQp2IC01MSAtNTUgMA0KdiAtNTIgLTU1IDANCnYgLTUzIC01NSAwDQp2IC01NCAtNTUgMA0KdiAtNTUgLTU1IDANCnYgLTU2IC01NSAwDQp2IC01NyAtNTUgMA0KdiAtNTggLTU1IDANCnYgLTU5IC01NSAwDQp2IC02MCAtNTUgMA0KdiAtNjEgLTU1IDANCnYgLTYyIC01NSAwDQp2IC02MyAtNTUgMA0KdiAtNjQgLTU1IDANCnYgLTY1IC01NSAwDQp2IC02NiAtNTUgMA0KdiAtNjcgLTU1IDANCnYgLTY4IC01NSAwDQp2IC02OSAtNTUgMA0KdiAtNzAgLTU1IDANCnYgLTcxIC01NSAwDQp2IC03MiAtNTUgMA0KdiAtNzMgLTU1IDANCnYgLTc0IC01NSAwDQp2IC03NSAtNTUgMA0KdiAtNzYgLTU1IDANCnYgLTc3IC01NSAwDQp2IC03OCAtNTUgMA0KdiAtNzkgLTU1IDANCnYgLTgwIC01NSAwDQp2IC04MSAtNTUgMA0KdiAtODIgLTU1IDANCnYgLTgzIC01NSAwDQp2IC04NCAtNTUgMA0KdiAtODUgLTU1IDANCnYgLTg2IC01NSAwDQp2IC04NyAtNTUgMA0KdiAtODggLTU1IDANCnYgLTg5IC01NSAwDQp2IC05MCAtNTUgMA0KdiAtOTEgLTU1IDANCnYgLTkyIC01NSAwDQp2IC05MyAtNTUgMA0KdiAtOTQgLTU1IDANCnYgLTk1IC01NSAwDQp2IC05NiAtNTUgMA0KdiAtOTcgLTU1IDANCnYgLTk4IC01NSAwDQp2IC05OSAtNTUgMA0KdiAtMTAwIC01NSAwDQp2IDAgLTU2IDANCnYgLTEgLTU2IDANCnYgLTIgLTU2IDANCnYgLTMgLTU2IDANCnYgLTQgLTU2IDANCnYgLTUgLTU2IDANCnYgLTYgLTU2IDANCnYgLTcgLTU2IDANCnYgLTggLTU2IDANCnYgLTkgLTU2IDANCnYgLTEwIC01NiAwDQp2IC0xMSAtNTYgMA0KdiAtMTIgLTU2IDANCnYgLTEzIC01NiAwDQp2IC0xNCAtNTYgMA0KdiAtMTUgLTU2IDANCnYgLTE2IC01NiAwDQp2IC0xNyAtNTYgMA0KdiAtMTggLTU2IDANCnYgLTE5IC01NiAwDQp2IC0yMCAtNTYgMA0KdiAtMjEgLTU2IDANCnYgLTIyIC01NiAwDQp2IC0yMyAtNTYgMA0KdiAtMjQgLTU2IDANCnYgLTI1IC01NiAwDQp2IC0yNiAtNTYgMA0KdiAtMjcgLTU2IDANCnYgLTI4IC01NiAwDQp2IC0yOSAtNTYgMA0KdiAtMzAgLTU2IDANCnYgLTMxIC01NiAwDQp2IC0zMiAtNTYgMA0KdiAtMzMgLTU2IDANCnYgLTM0IC01NiAwDQp2IC0zNSAtNTYgMA0KdiAtMzYgLTU2IDANCnYgLTM3IC01NiAwDQp2IC0zOCAtNTYgMA0KdiAtMzkgLTU2IDANCnYgLTQwIC01NiAwDQp2IC00MSAtNTYgMA0KdiAtNDIgLTU2IDANCnYgLTQzIC01NiAwDQp2IC00NCAtNTYgMA0KdiAtNDUgLTU2IDANCnYgLTQ2IC01NiAwDQp2IC00NyAtNTYgMA0KdiAtNDggLTU2IDANCnYgLTQ5IC01NiAwDQp2IC01MCAtNTYgMA0KdiAtNTEgLTU2IDANCnYgLTUyIC01NiAwDQp2IC01MyAtNTYgMA0KdiAtNTQgLTU2IDANCnYgLTU1IC01NiAwDQp2IC01NiAtNTYgMA0KdiAtNTcgLTU2IDANCnYgLTU4IC01NiAwDQp2IC01OSAtNTYgMA0KdiAtNjAgLTU2IDANCnYgLTYxIC01NiAwDQp2IC02MiAtNTYgMA0KdiAtNjMgLTU2IDANCnYgLTY0IC01NiAwDQp2IC02NSAtNTYgMA0KdiAtNjYgLTU2IDANCnYgLTY3IC01NiAwDQp2IC02OCAtNTYgMA0KdiAtNjkgLTU2IDANCnYgLTcwIC01NiAwDQp2IC03MSAtNTYgMA0KdiAtNzIgLTU2IDANCnYgLTczIC01NiAwDQp2IC03NCAtNTYgMA0KdiAtNzUgLTU2IDANCnYgLTc2IC01NiAwDQp2IC03NyAtNTYgMA0KdiAtNzggLTU2IDANCnYgLTc5IC01NiAwDQp2IC04MCAtNTYgMA0KdiAtODEgLTU2IDANCnYgLTgyIC01NiAwDQp2IC04MyAtNTYgMA0KdiAtODQgLTU2IDANCnYgLTg1IC01NiAwDQp2IC04NiAtNTYgMA0KdiAtODcgLTU2IDANCnYgLTg4IC01NiAwDQp2IC04OSAtNTYgMA0KdiAtOTAgLTU2IDANCnYgLTkxIC01NiAwDQp2IC05MiAtNTYgMA0KdiAtOTMgLTU2IDANCnYgLTk0IC01NiAwDQp2IC05NSAtNTYgMA0KdiAtOTYgLTU2IDANCnYgLTk3IC01NiAwDQp2IC05OCAtNTYgMA0KdiAtOTkgLTU2IDANCnYgLTEwMCAtNTYgMA0KdiAwIC01NyAwDQp2IC0xIC01NyAwDQp2IC0yIC01NyAwDQp2IC0zIC01NyAwDQp2IC00IC01NyAwDQp2IC01IC01NyAwDQp2IC02IC01NyAwDQp2IC03IC01NyAwDQp2IC04IC01NyAwDQp2IC05IC01NyAwDQp2IC0xMCAtNTcgMA0KdiAtMTEgLTU3IDANCnYgLTEyIC01NyAwDQp2IC0xMyAtNTcgMA0KdiAtMTQgLTU3IDANCnYgLTE1IC01NyAwDQp2IC0xNiAtNTcgMA0KdiAtMTcgLTU3IDANCnYgLTE4IC01NyAwDQp2IC0xOSAtNTcgMA0KdiAtMjAgLTU3IDANCnYgLTIxIC01NyAwDQp2IC0yMiAtNTcgMA0KdiAtMjMgLTU3IDANCnYgLTI0IC01NyAwDQp2IC0yNSAtNTcgMA0KdiAtMjYgLTU3IDANCnYgLTI3IC01NyAwDQp2IC0yOCAtNTcgMA0KdiAtMjkgLTU3IDANCnYgLTMwIC01NyAwDQp2IC0zMSAtNTcgMA0KdiAtMzIgLTU3IDANCnYgLTMzIC01NyAwDQp2IC0zNCAtNTcgMA0KdiAtMzUgLTU3IDANCnYgLTM2IC01NyAwDQp2IC0zNyAtNTcgMA0KdiAtMzggLTU3IDANCnYgLTM5IC01NyAwDQp2IC00MCAtNTcgMA0KdiAtNDEgLTU3IDANCnYgLTQyIC01NyAwDQp2IC00MyAtNTcgMA0KdiAtNDQgLTU3IDANCnYgLTQ1IC01NyAwDQp2IC00NiAtNTcgMA0KdiAtNDcgLTU3IDANCnYgLTQ4IC01NyAwDQp2IC00OSAtNTcgMA0KdiAtNTAgLTU3IDANCnYgLTUxIC01NyAwDQp2IC01MiAtNTcgMA0KdiAtNTMgLTU3IDANCnYgLTU0IC01NyAwDQp2IC01NSAtNTcgMA0KdiAtNTYgLTU3IDANCnYgLTU3IC01NyAwDQp2IC01OCAtNTcgMA0KdiAtNTkgLTU3IDANCnYgLTYwIC01NyAwDQp2IC02MSAtNTcgMA0KdiAtNjIgLTU3IDANCnYgLTYzIC01NyAwDQp2IC02NCAtNTcgMA0KdiAtNjUgLTU3IDANCnYgLTY2IC01NyAwDQp2IC02NyAtNTcgMA0KdiAtNjggLTU3IDANCnYgLTY5IC01NyAwDQp2IC03MCAtNTcgMA0KdiAtNzEgLTU3IDANCnYgLTcyIC01NyAwDQp2IC03MyAtNTcgMA0KdiAtNzQgLTU3IDANCnYgLTc1IC01NyAwDQp2IC03NiAtNTcgMA0KdiAtNzcgLTU3IDANCnYgLTc4IC01NyAwDQp2IC03OSAtNTcgMA0KdiAtODAgLTU3IDANCnYgLTgxIC01NyAwDQp2IC04MiAtNTcgMA0KdiAtODMgLTU3IDANCnYgLTg0IC01NyAwDQp2IC04NSAtNTcgMA0KdiAtODYgLTU3IDANCnYgLTg3IC01NyAwDQp2IC04OCAtNTcgMA0KdiAtODkgLTU3IDANCnYgLTkwIC01NyAwDQp2IC05MSAtNTcgMA0KdiAtOTIgLTU3IDANCnYgLTkzIC01NyAwDQp2IC05NCAtNTcgMA0KdiAtOTUgLTU3IDANCnYgLTk2IC01NyAwDQp2IC05NyAtNTcgMA0KdiAtOTggLTU3IDANCnYgLTk5IC01NyAwDQp2IC0xMDAgLTU3IDANCnYgMCAtNTggMA0KdiAtMSAtNTggMA0KdiAtMiAtNTggMA0KdiAtMyAtNTggMA0KdiAtNCAtNTggMA0KdiAtNSAtNTggMA0KdiAtNiAtNTggMA0KdiAtNyAtNTggMA0KdiAtOCAtNTggMA0KdiAtOSAtNTggMA0KdiAtMTAgLTU4IDANCnYgLTExIC01OCAwDQp2IC0xMiAtNTggMA0KdiAtMTMgLTU4IDANCnYgLTE0IC01OCAwDQp2IC0xNSAtNTggMA0KdiAtMTYgLTU4IDANCnYgLTE3IC01OCAwDQp2IC0xOCAtNTggMA0KdiAtMTkgLTU4IDANCnYgLTIwIC01OCAwDQp2IC0yMSAtNTggMA0KdiAtMjIgLTU4IDANCnYgLTIzIC01OCAwDQp2IC0yNCAtNTggMA0KdiAtMjUgLTU4IDANCnYgLTI2IC01OCAwDQp2IC0yNyAtNTggMA0KdiAtMjggLTU4IDANCnYgLTI5IC01OCAwDQp2IC0zMCAtNTggMA0KdiAtMzEgLTU4IDANCnYgLTMyIC01OCAwDQp2IC0zMyAtNTggMA0KdiAtMzQgLTU4IDANCnYgLTM1IC01OCAwDQp2IC0zNiAtNTggMA0KdiAtMzcgLTU4IDANCnYgLTM4IC01OCAwDQp2IC0zOSAtNTggMA0KdiAtNDAgLTU4IDANCnYgLTQxIC01OCAwDQp2IC00MiAtNTggMA0KdiAtNDMgLTU4IDANCnYgLTQ0IC01OCAwDQp2IC00NSAtNTggMA0KdiAtNDYgLTU4IDANCnYgLTQ3IC01OCAwDQp2IC00OCAtNTggMA0KdiAtNDkgLTU4IDANCnYgLTUwIC01OCAwDQp2IC01MSAtNTggMA0KdiAtNTIgLTU4IDANCnYgLTUzIC01OCAwDQp2IC01NCAtNTggMA0KdiAtNTUgLTU4IDANCnYgLTU2IC01OCAwDQp2IC01NyAtNTggMA0KdiAtNTggLTU4IDANCnYgLTU5IC01OCAwDQp2IC02MCAtNTggMA0KdiAtNjEgLTU4IDANCnYgLTYyIC01OCAwDQp2IC02MyAtNTggMA0KdiAtNjQgLTU4IDANCnYgLTY1IC01OCAwDQp2IC02NiAtNTggMA0KdiAtNjcgLTU4IDANCnYgLTY4IC01OCAwDQp2IC02OSAtNTggMA0KdiAtNzAgLTU4IDANCnYgLTcxIC01OCAwDQp2IC03MiAtNTggMA0KdiAtNzMgLTU4IDANCnYgLTc0IC01OCAwDQp2IC03NSAtNTggMA0KdiAtNzYgLTU4IDANCnYgLTc3IC01OCAwDQp2IC03OCAtNTggMA0KdiAtNzkgLTU4IDANCnYgLTgwIC01OCAwDQp2IC04MSAtNTggMA0KdiAtODIgLTU4IDANCnYgLTgzIC01OCAwDQp2IC04NCAtNTggMA0KdiAtODUgLTU4IDANCnYgLTg2IC01OCAwDQp2IC04NyAtNTggMA0KdiAtODggLTU4IDANCnYgLTg5IC01OCAwDQp2IC05MCAtNTggMA0KdiAtOTEgLTU4IDANCnYgLTkyIC01OCAwDQp2IC05MyAtNTggMA0KdiAtOTQgLTU4IDANCnYgLTk1IC01OCAwDQp2IC05NiAtNTggMA0KdiAtOTcgLTU4IDANCnYgLTk4IC01OCAwDQp2IC05OSAtNTggMA0KdiAtMTAwIC01OCAwDQp2IDAgLTU5IDANCnYgLTEgLTU5IDANCnYgLTIgLTU5IDANCnYgLTMgLTU5IDANCnYgLTQgLTU5IDANCnYgLTUgLTU5IDANCnYgLTYgLTU5IDANCnYgLTcgLTU5IDANCnYgLTggLTU5IDANCnYgLTkgLTU5IDANCnYgLTEwIC01OSAwDQp2IC0xMSAtNTkgMA0KdiAtMTIgLTU5IDANCnYgLTEzIC01OSAwDQp2IC0xNCAtNTkgMA0KdiAtMTUgLTU5IDANCnYgLTE2IC01OSAwDQp2IC0xNyAtNTkgMA0KdiAtMTggLTU5IDANCnYgLTE5IC01OSAwDQp2IC0yMCAtNTkgMA0KdiAtMjEgLTU5IDANCnYgLTIyIC01OSAwDQp2IC0yMyAtNTkgMA0KdiAtMjQgLTU5IDANCnYgLTI1IC01OSAwDQp2IC0yNiAtNTkgMA0KdiAtMjcgLTU5IDANCnYgLTI4IC01OSAwDQp2IC0yOSAtNTkgMA0KdiAtMzAgLTU5IDANCnYgLTMxIC01OSAwDQp2IC0zMiAtNTkgMA0KdiAtMzMgLTU5IDANCnYgLTM0IC01OSAwDQp2IC0zNSAtNTkgMA0KdiAtMzYgLTU5IDANCnYgLTM3IC01OSAwDQp2IC0zOCAtNTkgMA0KdiAtMzkgLTU5IDANCnYgLTQwIC01OSAwDQp2IC00MSAtNTkgMA0KdiAtNDIgLTU5IDANCnYgLTQzIC01OSAwDQp2IC00NCAtNTkgMA0KdiAtNDUgLTU5IDANCnYgLTQ2IC01OSAwDQp2IC00NyAtNTkgMA0KdiAtNDggLTU5IDANCnYgLTQ5IC01OSAwDQp2IC01MCAtNTkgMA0KdiAtNTEgLTU5IDANCnYgLTUyIC01OSAwDQp2IC01MyAtNTkgMA0KdiAtNTQgLTU5IDANCnYgLTU1IC01OSAwDQp2IC01NiAtNTkgMA0KdiAtNTcgLTU5IDANCnYgLTU4IC01OSAwDQp2IC01OSAtNTkgMA0KdiAtNjAgLTU5IDANCnYgLTYxIC01OSAwDQp2IC02MiAtNTkgMA0KdiAtNjMgLTU5IDANCnYgLTY0IC01OSAwDQp2IC02NSAtNTkgMA0KdiAtNjYgLTU5IDANCnYgLTY3IC01OSAwDQp2IC02OCAtNTkgMA0KdiAtNjkgLTU5IDANCnYgLTcwIC01OSAwDQp2IC03MSAtNTkgMA0KdiAtNzIgLTU5IDANCnYgLTczIC01OSAwDQp2IC03NCAtNTkgMA0KdiAtNzUgLTU5IDANCnYgLTc2IC01OSAwDQp2IC03NyAtNTkgMA0KdiAtNzggLTU5IDANCnYgLTc5IC01OSAwDQp2IC04MCAtNTkgMA0KdiAtODEgLTU5IDANCnYgLTgyIC01OSAwDQp2IC04MyAtNTkgMA0KdiAtODQgLTU5IDANCnYgLTg1IC01OSAwDQp2IC04NiAtNTkgMA0KdiAtODcgLTU5IDANCnYgLTg4IC01OSAwDQp2IC04OSAtNTkgMA0KdiAtOTAgLTU5IDANCnYgLTkxIC01OSAwDQp2IC05MiAtNTkgMA0KdiAtOTMgLTU5IDANCnYgLTk0IC01OSAwDQp2IC05NSAtNTkgMA0KdiAtOTYgLTU5IDANCnYgLTk3IC01OSAwDQp2IC05OCAtNTkgMA0KdiAtOTkgLTU5IDANCnYgLTEwMCAtNTkgMA0KdiAwIC02MCAwDQp2IC0xIC02MCAwDQp2IC0yIC02MCAwDQp2IC0zIC02MCAwDQp2IC00IC02MCAwDQp2IC01IC02MCAwDQp2IC02IC02MCAwDQp2IC03IC02MCAwDQp2IC04IC02MCAwDQp2IC05IC02MCAwDQp2IC0xMCAtNjAgMA0KdiAtMTEgLTYwIDANCnYgLTEyIC02MCAwDQp2IC0xMyAtNjAgMA0KdiAtMTQgLTYwIDANCnYgLTE1IC02MCAwDQp2IC0xNiAtNjAgMA0KdiAtMTcgLTYwIDANCnYgLTE4IC02MCAwDQp2IC0xOSAtNjAgMA0KdiAtMjAgLTYwIDANCnYgLTIxIC02MCAwDQp2IC0yMiAtNjAgMA0KdiAtMjMgLTYwIDANCnYgLTI0IC02MCAwDQp2IC0yNSAtNjAgMA0KdiAtMjYgLTYwIDANCnYgLTI3IC02MCAwDQp2IC0yOCAtNjAgMA0KdiAtMjkgLTYwIDANCnYgLTMwIC02MCAwDQp2IC0zMSAtNjAgMA0KdiAtMzIgLTYwIDANCnYgLTMzIC02MCAwDQp2IC0zNCAtNjAgMA0KdiAtMzUgLTYwIDANCnYgLTM2IC02MCAwDQp2IC0zNyAtNjAgMA0KdiAtMzggLTYwIDANCnYgLTM5IC02MCAwDQp2IC00MCAtNjAgMA0KdiAtNDEgLTYwIDANCnYgLTQyIC02MCAwDQp2IC00MyAtNjAgMA0KdiAtNDQgLTYwIDANCnYgLTQ1IC02MCAwDQp2IC00NiAtNjAgMA0KdiAtNDcgLTYwIDANCnYgLTQ4IC02MCAwDQp2IC00OSAtNjAgMA0KdiAtNTAgLTYwIDANCnYgLTUxIC02MCAwDQp2IC01MiAtNjAgMA0KdiAtNTMgLTYwIDANCnYgLTU0IC02MCAwDQp2IC01NSAtNjAgMA0KdiAtNTYgLTYwIDANCnYgLTU3IC02MCAwDQp2IC01OCAtNjAgMA0KdiAtNTkgLTYwIDANCnYgLTYwIC02MCAwDQp2IC02MSAtNjAgMA0KdiAtNjIgLTYwIDANCnYgLTYzIC02MCAwDQp2IC02NCAtNjAgMA0KdiAtNjUgLTYwIDANCnYgLTY2IC02MCAwDQp2IC02NyAtNjAgMA0KdiAtNjggLTYwIDANCnYgLTY5IC02MCAwDQp2IC03MCAtNjAgMA0KdiAtNzEgLTYwIDANCnYgLTcyIC02MCAwDQp2IC03MyAtNjAgMA0KdiAtNzQgLTYwIDANCnYgLTc1IC02MCAwDQp2IC03NiAtNjAgMA0KdiAtNzcgLTYwIDANCnYgLTc4IC02MCAwDQp2IC03OSAtNjAgMA0KdiAtODAgLTYwIDANCnYgLTgxIC02MCAwDQp2IC04MiAtNjAgMA0KdiAtODMgLTYwIDANCnYgLTg0IC02MCAwDQp2IC04NSAtNjAgMA0KdiAtODYgLTYwIDANCnYgLTg3IC02MCAwDQp2IC04OCAtNjAgMA0KdiAtODkgLTYwIDANCnYgLTkwIC02MCAwDQp2IC05MSAtNjAgMA0KdiAtOTIgLTYwIDANCnYgLTkzIC02MCAwDQp2IC05NCAtNjAgMA0KdiAtOTUgLTYwIDANCnYgLTk2IC02MCAwDQp2IC05NyAtNjAgMA0KdiAtOTggLTYwIDANCnYgLTk5IC02MCAwDQp2IC0xMDAgLTYwIDANCnYgMCAtNjEgMA0KdiAtMSAtNjEgMA0KdiAtMiAtNjEgMA0KdiAtMyAtNjEgMA0KdiAtNCAtNjEgMA0KdiAtNSAtNjEgMA0KdiAtNiAtNjEgMA0KdiAtNyAtNjEgMA0KdiAtOCAtNjEgMA0KdiAtOSAtNjEgMA0KdiAtMTAgLTYxIDANCnYgLTExIC02MSAwDQp2IC0xMiAtNjEgMA0KdiAtMTMgLTYxIDANCnYgLTE0IC02MSAwDQp2IC0xNSAtNjEgMA0KdiAtMTYgLTYxIDANCnYgLTE3IC02MSAwDQp2IC0xOCAtNjEgMA0KdiAtMTkgLTYxIDANCnYgLTIwIC02MSAwDQp2IC0yMSAtNjEgMA0KdiAtMjIgLTYxIDANCnYgLTIzIC02MSAwDQp2IC0yNCAtNjEgMA0KdiAtMjUgLTYxIDANCnYgLTI2IC02MSAwDQp2IC0yNyAtNjEgMA0KdiAtMjggLTYxIDANCnYgLTI5IC02MSAwDQp2IC0zMCAtNjEgMA0KdiAtMzEgLTYxIDANCnYgLTMyIC02MSAwDQp2IC0zMyAtNjEgMA0KdiAtMzQgLTYxIDANCnYgLTM1IC02MSAwDQp2IC0zNiAtNjEgMA0KdiAtMzcgLTYxIDANCnYgLTM4IC02MSAwDQp2IC0zOSAtNjEgMA0KdiAtNDAgLTYxIDANCnYgLTQxIC02MSAwDQp2IC00MiAtNjEgMA0KdiAtNDMgLTYxIDANCnYgLTQ0IC02MSAwDQp2IC00NSAtNjEgMA0KdiAtNDYgLTYxIDANCnYgLTQ3IC02MSAwDQp2IC00OCAtNjEgMA0KdiAtNDkgLTYxIDANCnYgLTUwIC02MSAwDQp2IC01MSAtNjEgMA0KdiAtNTIgLTYxIDANCnYgLTUzIC02MSAwDQp2IC01NCAtNjEgMA0KdiAtNTUgLTYxIDANCnYgLTU2IC02MSAwDQp2IC01NyAtNjEgMA0KdiAtNTggLTYxIDANCnYgLTU5IC02MSAwDQp2IC02MCAtNjEgMA0KdiAtNjEgLTYxIDANCnYgLTYyIC02MSAwDQp2IC02MyAtNjEgMA0KdiAtNjQgLTYxIDANCnYgLTY1IC02MSAwDQp2IC02NiAtNjEgMA0KdiAtNjcgLTYxIDANCnYgLTY4IC02MSAwDQp2IC02OSAtNjEgMA0KdiAtNzAgLTYxIDANCnYgLTcxIC02MSAwDQp2IC03MiAtNjEgMA0KdiAtNzMgLTYxIDANCnYgLTc0IC02MSAwDQp2IC03NSAtNjEgMA0KdiAtNzYgLTYxIDANCnYgLTc3IC02MSAwDQp2IC03OCAtNjEgMA0KdiAtNzkgLTYxIDANCnYgLTgwIC02MSAwDQp2IC04MSAtNjEgMA0KdiAtODIgLTYxIDANCnYgLTgzIC02MSAwDQp2IC04NCAtNjEgMA0KdiAtODUgLTYxIDANCnYgLTg2IC02MSAwDQp2IC04NyAtNjEgMA0KdiAtODggLTYxIDANCnYgLTg5IC02MSAwDQp2IC05MCAtNjEgMA0KdiAtOTEgLTYxIDANCnYgLTkyIC02MSAwDQp2IC05MyAtNjEgMA0KdiAtOTQgLTYxIDANCnYgLTk1IC02MSAwDQp2IC05NiAtNjEgMA0KdiAtOTcgLTYxIDANCnYgLTk4IC02MSAwDQp2IC05OSAtNjEgMA0KdiAtMTAwIC02MSAwDQp2IDAgLTYyIDANCnYgLTEgLTYyIDANCnYgLTIgLTYyIDANCnYgLTMgLTYyIDANCnYgLTQgLTYyIDANCnYgLTUgLTYyIDANCnYgLTYgLTYyIDANCnYgLTcgLTYyIDANCnYgLTggLTYyIDANCnYgLTkgLTYyIDANCnYgLTEwIC02MiAwDQp2IC0xMSAtNjIgMA0KdiAtMTIgLTYyIDANCnYgLTEzIC02MiAwDQp2IC0xNCAtNjIgMA0KdiAtMTUgLTYyIDANCnYgLTE2IC02MiAwDQp2IC0xNyAtNjIgMA0KdiAtMTggLTYyIDANCnYgLTE5IC02MiAwDQp2IC0yMCAtNjIgMA0KdiAtMjEgLTYyIDANCnYgLTIyIC02MiAwDQp2IC0yMyAtNjIgMA0KdiAtMjQgLTYyIDANCnYgLTI1IC02MiAwDQp2IC0yNiAtNjIgMA0KdiAtMjcgLTYyIDANCnYgLTI4IC02MiAwDQp2IC0yOSAtNjIgMA0KdiAtMzAgLTYyIDANCnYgLTMxIC02MiAwDQp2IC0zMiAtNjIgMA0KdiAtMzMgLTYyIDANCnYgLTM0IC02MiAwDQp2IC0zNSAtNjIgMA0KdiAtMzYgLTYyIDANCnYgLTM3IC02MiAwDQp2IC0zOCAtNjIgMA0KdiAtMzkgLTYyIDANCnYgLTQwIC02MiAwDQp2IC00MSAtNjIgMA0KdiAtNDIgLTYyIDANCnYgLTQzIC02MiAwDQp2IC00NCAtNjIgMA0KdiAtNDUgLTYyIDANCnYgLTQ2IC02MiAwDQp2IC00NyAtNjIgMA0KdiAtNDggLTYyIDANCnYgLTQ5IC02MiAwDQp2IC01MCAtNjIgMA0KdiAtNTEgLTYyIDANCnYgLTUyIC02MiAwDQp2IC01MyAtNjIgMA0KdiAtNTQgLTYyIDANCnYgLTU1IC02MiAwDQp2IC01NiAtNjIgMA0KdiAtNTcgLTYyIDANCnYgLTU4IC02MiAwDQp2IC01OSAtNjIgMA0KdiAtNjAgLTYyIDANCnYgLTYxIC02MiAwDQp2IC02MiAtNjIgMA0KdiAtNjMgLTYyIDANCnYgLTY0IC02MiAwDQp2IC02NSAtNjIgMA0KdiAtNjYgLTYyIDANCnYgLTY3IC02MiAwDQp2IC02OCAtNjIgMA0KdiAtNjkgLTYyIDANCnYgLTcwIC02MiAwDQp2IC03MSAtNjIgMA0KdiAtNzIgLTYyIDANCnYgLTczIC02MiAwDQp2IC03NCAtNjIgMA0KdiAtNzUgLTYyIDANCnYgLTc2IC02MiAwDQp2IC03NyAtNjIgMA0KdiAtNzggLTYyIDANCnYgLTc5IC02MiAwDQp2IC04MCAtNjIgMA0KdiAtODEgLTYyIDANCnYgLTgyIC02MiAwDQp2IC04MyAtNjIgMA0KdiAtODQgLTYyIDANCnYgLTg1IC02MiAwDQp2IC04NiAtNjIgMA0KdiAtODcgLTYyIDANCnYgLTg4IC02MiAwDQp2IC04OSAtNjIgMA0KdiAtOTAgLTYyIDANCnYgLTkxIC02MiAwDQp2IC05MiAtNjIgMA0KdiAtOTMgLTYyIDANCnYgLTk0IC02MiAwDQp2IC05NSAtNjIgMA0KdiAtOTYgLTYyIDANCnYgLTk3IC02MiAwDQp2IC05OCAtNjIgMA0KdiAtOTkgLTYyIDANCnYgLTEwMCAtNjIgMA0KdiAwIC02MyAwDQp2IC0xIC02MyAwDQp2IC0yIC02MyAwDQp2IC0zIC02MyAwDQp2IC00IC02MyAwDQp2IC01IC02MyAwDQp2IC02IC02MyAwDQp2IC03IC02MyAwDQp2IC04IC02MyAwDQp2IC05IC02MyAwDQp2IC0xMCAtNjMgMA0KdiAtMTEgLTYzIDANCnYgLTEyIC02MyAwDQp2IC0xMyAtNjMgMA0KdiAtMTQgLTYzIDANCnYgLTE1IC02MyAwDQp2IC0xNiAtNjMgMA0KdiAtMTcgLTYzIDANCnYgLTE4IC02MyAwDQp2IC0xOSAtNjMgMA0KdiAtMjAgLTYzIDANCnYgLTIxIC02MyAwDQp2IC0yMiAtNjMgMA0KdiAtMjMgLTYzIDANCnYgLTI0IC02MyAwDQp2IC0yNSAtNjMgMA0KdiAtMjYgLTYzIDANCnYgLTI3IC02MyAwDQp2IC0yOCAtNjMgMA0KdiAtMjkgLTYzIDANCnYgLTMwIC02MyAwDQp2IC0zMSAtNjMgMA0KdiAtMzIgLTYzIDANCnYgLTMzIC02MyAwDQp2IC0zNCAtNjMgMA0KdiAtMzUgLTYzIDANCnYgLTM2IC02MyAwDQp2IC0zNyAtNjMgMA0KdiAtMzggLTYzIDANCnYgLTM5IC02MyAwDQp2IC00MCAtNjMgMA0KdiAtNDEgLTYzIDANCnYgLTQyIC02MyAwDQp2IC00MyAtNjMgMA0KdiAtNDQgLTYzIDANCnYgLTQ1IC02MyAwDQp2IC00NiAtNjMgMA0KdiAtNDcgLTYzIDANCnYgLTQ4IC02MyAwDQp2IC00OSAtNjMgMA0KdiAtNTAgLTYzIDANCnYgLTUxIC02MyAwDQp2IC01MiAtNjMgMA0KdiAtNTMgLTYzIDANCnYgLTU0IC02MyAwDQp2IC01NSAtNjMgMA0KdiAtNTYgLTYzIDANCnYgLTU3IC02MyAwDQp2IC01OCAtNjMgMA0KdiAtNTkgLTYzIDANCnYgLTYwIC02MyAwDQp2IC02MSAtNjMgMA0KdiAtNjIgLTYzIDANCnYgLTYzIC02MyAwDQp2IC02NCAtNjMgMA0KdiAtNjUgLTYzIDANCnYgLTY2IC02MyAwDQp2IC02NyAtNjMgMA0KdiAtNjggLTYzIDANCnYgLTY5IC02MyAwDQp2IC03MCAtNjMgMA0KdiAtNzEgLTYzIDANCnYgLTcyIC02MyAwDQp2IC03MyAtNjMgMA0KdiAtNzQgLTYzIDANCnYgLTc1IC02MyAwDQp2IC03NiAtNjMgMA0KdiAtNzcgLTYzIDANCnYgLTc4IC02MyAwDQp2IC03OSAtNjMgMA0KdiAtODAgLTYzIDANCnYgLTgxIC02MyAwDQp2IC04MiAtNjMgMA0KdiAtODMgLTYzIDANCnYgLTg0IC02MyAwDQp2IC04NSAtNjMgMA0KdiAtODYgLTYzIDANCnYgLTg3IC02MyAwDQp2IC04OCAtNjMgMA0KdiAtODkgLTYzIDANCnYgLTkwIC02MyAwDQp2IC05MSAtNjMgMA0KdiAtOTIgLTYzIDANCnYgLTkzIC02MyAwDQp2IC05NCAtNjMgMA0KdiAtOTUgLTYzIDANCnYgLTk2IC02MyAwDQp2IC05NyAtNjMgMA0KdiAtOTggLTYzIDANCnYgLTk5IC02MyAwDQp2IC0xMDAgLTYzIDANCnYgMCAtNjQgMA0KdiAtMSAtNjQgMA0KdiAtMiAtNjQgMA0KdiAtMyAtNjQgMA0KdiAtNCAtNjQgMA0KdiAtNSAtNjQgMA0KdiAtNiAtNjQgMA0KdiAtNyAtNjQgMA0KdiAtOCAtNjQgMA0KdiAtOSAtNjQgMA0KdiAtMTAgLTY0IDANCnYgLTExIC02NCAwDQp2IC0xMiAtNjQgMA0KdiAtMTMgLTY0IDANCnYgLTE0IC02NCAwDQp2IC0xNSAtNjQgMA0KdiAtMTYgLTY0IDANCnYgLTE3IC02NCAwDQp2IC0xOCAtNjQgMA0KdiAtMTkgLTY0IDANCnYgLTIwIC02NCAwDQp2IC0yMSAtNjQgMA0KdiAtMjIgLTY0IDANCnYgLTIzIC02NCAwDQp2IC0yNCAtNjQgMA0KdiAtMjUgLTY0IDANCnYgLTI2IC02NCAwDQp2IC0yNyAtNjQgMA0KdiAtMjggLTY0IDANCnYgLTI5IC02NCAwDQp2IC0zMCAtNjQgMA0KdiAtMzEgLTY0IDANCnYgLTMyIC02NCAwDQp2IC0zMyAtNjQgMA0KdiAtMzQgLTY0IDANCnYgLTM1IC02NCAwDQp2IC0zNiAtNjQgMA0KdiAtMzcgLTY0IDANCnYgLTM4IC02NCAwDQp2IC0zOSAtNjQgMA0KdiAtNDAgLTY0IDANCnYgLTQxIC02NCAwDQp2IC00MiAtNjQgMA0KdiAtNDMgLTY0IDANCnYgLTQ0IC02NCAwDQp2IC00NSAtNjQgMA0KdiAtNDYgLTY0IDANCnYgLTQ3IC02NCAwDQp2IC00OCAtNjQgMA0KdiAtNDkgLTY0IDANCnYgLTUwIC02NCAwDQp2IC01MSAtNjQgMA0KdiAtNTIgLTY0IDANCnYgLTUzIC02NCAwDQp2IC01NCAtNjQgMA0KdiAtNTUgLTY0IDANCnYgLTU2IC02NCAwDQp2IC01NyAtNjQgMA0KdiAtNTggLTY0IDANCnYgLTU5IC02NCAwDQp2IC02MCAtNjQgMA0KdiAtNjEgLTY0IDANCnYgLTYyIC02NCAwDQp2IC02MyAtNjQgMA0KdiAtNjQgLTY0IDANCnYgLTY1IC02NCAwDQp2IC02NiAtNjQgMA0KdiAtNjcgLTY0IDANCnYgLTY4IC02NCAwDQp2IC02OSAtNjQgMA0KdiAtNzAgLTY0IDANCnYgLTcxIC02NCAwDQp2IC03MiAtNjQgMA0KdiAtNzMgLTY0IDANCnYgLTc0IC02NCAwDQp2IC03NSAtNjQgMA0KdiAtNzYgLTY0IDANCnYgLTc3IC02NCAwDQp2IC03OCAtNjQgMA0KdiAtNzkgLTY0IDANCnYgLTgwIC02NCAwDQp2IC04MSAtNjQgMA0KdiAtODIgLTY0IDANCnYgLTgzIC02NCAwDQp2IC04NCAtNjQgMA0KdiAtODUgLTY0IDANCnYgLTg2IC02NCAwDQp2IC04NyAtNjQgMA0KdiAtODggLTY0IDANCnYgLTg5IC02NCAwDQp2IC05MCAtNjQgMA0KdiAtOTEgLTY0IDANCnYgLTkyIC02NCAwDQp2IC05MyAtNjQgMA0KdiAtOTQgLTY0IDANCnYgLTk1IC02NCAwDQp2IC05NiAtNjQgMA0KdiAtOTcgLTY0IDANCnYgLTk4IC02NCAwDQp2IC05OSAtNjQgMA0KdiAtMTAwIC02NCAwDQp2IDAgLTY1IDANCnYgLTEgLTY1IDANCnYgLTIgLTY1IDANCnYgLTMgLTY1IDANCnYgLTQgLTY1IDANCnYgLTUgLTY1IDANCnYgLTYgLTY1IDANCnYgLTcgLTY1IDANCnYgLTggLTY1IDANCnYgLTkgLTY1IDANCnYgLTEwIC02NSAwDQp2IC0xMSAtNjUgMA0KdiAtMTIgLTY1IDANCnYgLTEzIC02NSAwDQp2IC0xNCAtNjUgMA0KdiAtMTUgLTY1IDANCnYgLTE2IC02NSAwDQp2IC0xNyAtNjUgMA0KdiAtMTggLTY1IDANCnYgLTE5IC02NSAwDQp2IC0yMCAtNjUgMA0KdiAtMjEgLTY1IDANCnYgLTIyIC02NSAwDQp2IC0yMyAtNjUgMA0KdiAtMjQgLTY1IDANCnYgLTI1IC02NSAwDQp2IC0yNiAtNjUgMA0KdiAtMjcgLTY1IDANCnYgLTI4IC02NSAwDQp2IC0yOSAtNjUgMA0KdiAtMzAgLTY1IDANCnYgLTMxIC02NSAwDQp2IC0zMiAtNjUgMA0KdiAtMzMgLTY1IDANCnYgLTM0IC02NSAwDQp2IC0zNSAtNjUgMA0KdiAtMzYgLTY1IDANCnYgLTM3IC02NSAwDQp2IC0zOCAtNjUgMA0KdiAtMzkgLTY1IDANCnYgLTQwIC02NSAwDQp2IC00MSAtNjUgMA0KdiAtNDIgLTY1IDANCnYgLTQzIC02NSAwDQp2IC00NCAtNjUgMA0KdiAtNDUgLTY1IDANCnYgLTQ2IC02NSAwDQp2IC00NyAtNjUgMA0KdiAtNDggLTY1IDANCnYgLTQ5IC02NSAwDQp2IC01MCAtNjUgMA0KdiAtNTEgLTY1IDANCnYgLTUyIC02NSAwDQp2IC01MyAtNjUgMA0KdiAtNTQgLTY1IDANCnYgLTU1IC02NSAwDQp2IC01NiAtNjUgMA0KdiAtNTcgLTY1IDANCnYgLTU4IC02NSAwDQp2IC01OSAtNjUgMA0KdiAtNjAgLTY1IDANCnYgLTYxIC02NSAwDQp2IC02MiAtNjUgMA0KdiAtNjMgLTY1IDANCnYgLTY0IC02NSAwDQp2IC02NSAtNjUgMA0KdiAtNjYgLTY1IDANCnYgLTY3IC02NSAwDQp2IC02OCAtNjUgMA0KdiAtNjkgLTY1IDANCnYgLTcwIC02NSAwDQp2IC03MSAtNjUgMA0KdiAtNzIgLTY1IDANCnYgLTczIC02NSAwDQp2IC03NCAtNjUgMA0KdiAtNzUgLTY1IDANCnYgLTc2IC02NSAwDQp2IC03NyAtNjUgMA0KdiAtNzggLTY1IDANCnYgLTc5IC02NSAwDQp2IC04MCAtNjUgMA0KdiAtODEgLTY1IDANCnYgLTgyIC02NSAwDQp2IC04MyAtNjUgMA0KdiAtODQgLTY1IDANCnYgLTg1IC02NSAwDQp2IC04NiAtNjUgMA0KdiAtODcgLTY1IDANCnYgLTg4IC02NSAwDQp2IC04OSAtNjUgMA0KdiAtOTAgLTY1IDANCnYgLTkxIC02NSAwDQp2IC05MiAtNjUgMA0KdiAtOTMgLTY1IDANCnYgLTk0IC02NSAwDQp2IC05NSAtNjUgMA0KdiAtOTYgLTY1IDANCnYgLTk3IC02NSAwDQp2IC05OCAtNjUgMA0KdiAtOTkgLTY1IDANCnYgLTEwMCAtNjUgMA0KdiAwIC02NiAwDQp2IC0xIC02NiAwDQp2IC0yIC02NiAwDQp2IC0zIC02NiAwDQp2IC00IC02NiAwDQp2IC01IC02NiAwDQp2IC02IC02NiAwDQp2IC03IC02NiAwDQp2IC04IC02NiAwDQp2IC05IC02NiAwDQp2IC0xMCAtNjYgMA0KdiAtMTEgLTY2IDANCnYgLTEyIC02NiAwDQp2IC0xMyAtNjYgMA0KdiAtMTQgLTY2IDANCnYgLTE1IC02NiAwDQp2IC0xNiAtNjYgMA0KdiAtMTcgLTY2IDANCnYgLTE4IC02NiAwDQp2IC0xOSAtNjYgMA0KdiAtMjAgLTY2IDANCnYgLTIxIC02NiAwDQp2IC0yMiAtNjYgMA0KdiAtMjMgLTY2IDANCnYgLTI0IC02NiAwDQp2IC0yNSAtNjYgMA0KdiAtMjYgLTY2IDANCnYgLTI3IC02NiAwDQp2IC0yOCAtNjYgMA0KdiAtMjkgLTY2IDANCnYgLTMwIC02NiAwDQp2IC0zMSAtNjYgMA0KdiAtMzIgLTY2IDANCnYgLTMzIC02NiAwDQp2IC0zNCAtNjYgMA0KdiAtMzUgLTY2IDANCnYgLTM2IC02NiAwDQp2IC0zNyAtNjYgMA0KdiAtMzggLTY2IDANCnYgLTM5IC02NiAwDQp2IC00MCAtNjYgMA0KdiAtNDEgLTY2IDANCnYgLTQyIC02NiAwDQp2IC00MyAtNjYgMA0KdiAtNDQgLTY2IDANCnYgLTQ1IC02NiAwDQp2IC00NiAtNjYgMA0KdiAtNDcgLTY2IDANCnYgLTQ4IC02NiAwDQp2IC00OSAtNjYgMA0KdiAtNTAgLTY2IDANCnYgLTUxIC02NiAwDQp2IC01MiAtNjYgMA0KdiAtNTMgLTY2IDANCnYgLTU0IC02NiAwDQp2IC01NSAtNjYgMA0KdiAtNTYgLTY2IDANCnYgLTU3IC02NiAwDQp2IC01OCAtNjYgMA0KdiAtNTkgLTY2IDANCnYgLTYwIC02NiAwDQp2IC02MSAtNjYgMA0KdiAtNjIgLTY2IDANCnYgLTYzIC02NiAwDQp2IC02NCAtNjYgMA0KdiAtNjUgLTY2IDANCnYgLTY2IC02NiAwDQp2IC02NyAtNjYgMA0KdiAtNjggLTY2IDANCnYgLTY5IC02NiAwDQp2IC03MCAtNjYgMA0KdiAtNzEgLTY2IDANCnYgLTcyIC02NiAwDQp2IC03MyAtNjYgMA0KdiAtNzQgLTY2IDANCnYgLTc1IC02NiAwDQp2IC03NiAtNjYgMA0KdiAtNzcgLTY2IDANCnYgLTc4IC02NiAwDQp2IC03OSAtNjYgMA0KdiAtODAgLTY2IDANCnYgLTgxIC02NiAwDQp2IC04MiAtNjYgMA0KdiAtODMgLTY2IDANCnYgLTg0IC02NiAwDQp2IC04NSAtNjYgMA0KdiAtODYgLTY2IDANCnYgLTg3IC02NiAwDQp2IC04OCAtNjYgMA0KdiAtODkgLTY2IDANCnYgLTkwIC02NiAwDQp2IC05MSAtNjYgMA0KdiAtOTIgLTY2IDANCnYgLTkzIC02NiAwDQp2IC05NCAtNjYgMA0KdiAtOTUgLTY2IDANCnYgLTk2IC02NiAwDQp2IC05NyAtNjYgMA0KdiAtOTggLTY2IDANCnYgLTk5IC02NiAwDQp2IC0xMDAgLTY2IDANCnYgMCAtNjcgMA0KdiAtMSAtNjcgMA0KdiAtMiAtNjcgMA0KdiAtMyAtNjcgMA0KdiAtNCAtNjcgMA0KdiAtNSAtNjcgMA0KdiAtNiAtNjcgMA0KdiAtNyAtNjcgMA0KdiAtOCAtNjcgMA0KdiAtOSAtNjcgMA0KdiAtMTAgLTY3IDANCnYgLTExIC02NyAwDQp2IC0xMiAtNjcgMA0KdiAtMTMgLTY3IDANCnYgLTE0IC02NyAwDQp2IC0xNSAtNjcgMA0KdiAtMTYgLTY3IDANCnYgLTE3IC02NyAwDQp2IC0xOCAtNjcgMA0KdiAtMTkgLTY3IDANCnYgLTIwIC02NyAwDQp2IC0yMSAtNjcgMA0KdiAtMjIgLTY3IDANCnYgLTIzIC02NyAwDQp2IC0yNCAtNjcgMA0KdiAtMjUgLTY3IDANCnYgLTI2IC02NyAwDQp2IC0yNyAtNjcgMA0KdiAtMjggLTY3IDANCnYgLTI5IC02NyAwDQp2IC0zMCAtNjcgMA0KdiAtMzEgLTY3IDANCnYgLTMyIC02NyAwDQp2IC0zMyAtNjcgMA0KdiAtMzQgLTY3IDANCnYgLTM1IC02NyAwDQp2IC0zNiAtNjcgMA0KdiAtMzcgLTY3IDANCnYgLTM4IC02NyAwDQp2IC0zOSAtNjcgMA0KdiAtNDAgLTY3IDANCnYgLTQxIC02NyAwDQp2IC00MiAtNjcgMA0KdiAtNDMgLTY3IDANCnYgLTQ0IC02NyAwDQp2IC00NSAtNjcgMA0KdiAtNDYgLTY3IDANCnYgLTQ3IC02NyAwDQp2IC00OCAtNjcgMA0KdiAtNDkgLTY3IDANCnYgLTUwIC02NyAwDQp2IC01MSAtNjcgMA0KdiAtNTIgLTY3IDANCnYgLTUzIC02NyAwDQp2IC01NCAtNjcgMA0KdiAtNTUgLTY3IDANCnYgLTU2IC02NyAwDQp2IC01NyAtNjcgMA0KdiAtNTggLTY3IDANCnYgLTU5IC02NyAwDQp2IC02MCAtNjcgMA0KdiAtNjEgLTY3IDANCnYgLTYyIC02NyAwDQp2IC02MyAtNjcgMA0KdiAtNjQgLTY3IDANCnYgLTY1IC02NyAwDQp2IC02NiAtNjcgMA0KdiAtNjcgLTY3IDANCnYgLTY4IC02NyAwDQp2IC02OSAtNjcgMA0KdiAtNzAgLTY3IDANCnYgLTcxIC02NyAwDQp2IC03MiAtNjcgMA0KdiAtNzMgLTY3IDANCnYgLTc0IC02NyAwDQp2IC03NSAtNjcgMA0KdiAtNzYgLTY3IDANCnYgLTc3IC02NyAwDQp2IC03OCAtNjcgMA0KdiAtNzkgLTY3IDANCnYgLTgwIC02NyAwDQp2IC04MSAtNjcgMA0KdiAtODIgLTY3IDANCnYgLTgzIC02NyAwDQp2IC04NCAtNjcgMA0KdiAtODUgLTY3IDANCnYgLTg2IC02NyAwDQp2IC04NyAtNjcgMA0KdiAtODggLTY3IDANCnYgLTg5IC02NyAwDQp2IC05MCAtNjcgMA0KdiAtOTEgLTY3IDANCnYgLTkyIC02NyAwDQp2IC05MyAtNjcgMA0KdiAtOTQgLTY3IDANCnYgLTk1IC02NyAwDQp2IC05NiAtNjcgMA0KdiAtOTcgLTY3IDANCnYgLTk4IC02NyAwDQp2IC05OSAtNjcgMA0KdiAtMTAwIC02NyAwDQp2IDAgLTY4IDANCnYgLTEgLTY4IDANCnYgLTIgLTY4IDANCnYgLTMgLTY4IDANCnYgLTQgLTY4IDANCnYgLTUgLTY4IDANCnYgLTYgLTY4IDANCnYgLTcgLTY4IDANCnYgLTggLTY4IDANCnYgLTkgLTY4IDANCnYgLTEwIC02OCAwDQp2IC0xMSAtNjggMA0KdiAtMTIgLTY4IDANCnYgLTEzIC02OCAwDQp2IC0xNCAtNjggMA0KdiAtMTUgLTY4IDANCnYgLTE2IC02OCAwDQp2IC0xNyAtNjggMA0KdiAtMTggLTY4IDANCnYgLTE5IC02OCAwDQp2IC0yMCAtNjggMA0KdiAtMjEgLTY4IDANCnYgLTIyIC02OCAwDQp2IC0yMyAtNjggMA0KdiAtMjQgLTY4IDANCnYgLTI1IC02OCAwDQp2IC0yNiAtNjggMA0KdiAtMjcgLTY4IDANCnYgLTI4IC02OCAwDQp2IC0yOSAtNjggMA0KdiAtMzAgLTY4IDANCnYgLTMxIC02OCAwDQp2IC0zMiAtNjggMA0KdiAtMzMgLTY4IDANCnYgLTM0IC02OCAwDQp2IC0zNSAtNjggMA0KdiAtMzYgLTY4IDANCnYgLTM3IC02OCAwDQp2IC0zOCAtNjggMA0KdiAtMzkgLTY4IDANCnYgLTQwIC02OCAwDQp2IC00MSAtNjggMA0KdiAtNDIgLTY4IDANCnYgLTQzIC02OCAwDQp2IC00NCAtNjggMA0KdiAtNDUgLTY4IDANCnYgLTQ2IC02OCAwDQp2IC00NyAtNjggMA0KdiAtNDggLTY4IDANCnYgLTQ5IC02OCAwDQp2IC01MCAtNjggMA0KdiAtNTEgLTY4IDANCnYgLTUyIC02OCAwDQp2IC01MyAtNjggMA0KdiAtNTQgLTY4IDANCnYgLTU1IC02OCAwDQp2IC01NiAtNjggMA0KdiAtNTcgLTY4IDANCnYgLTU4IC02OCAwDQp2IC01OSAtNjggMA0KdiAtNjAgLTY4IDANCnYgLTYxIC02OCAwDQp2IC02MiAtNjggMA0KdiAtNjMgLTY4IDANCnYgLTY0IC02OCAwDQp2IC02NSAtNjggMA0KdiAtNjYgLTY4IDANCnYgLTY3IC02OCAwDQp2IC02OCAtNjggMA0KdiAtNjkgLTY4IDANCnYgLTcwIC02OCAwDQp2IC03MSAtNjggMA0KdiAtNzIgLTY4IDANCnYgLTczIC02OCAwDQp2IC03NCAtNjggMA0KdiAtNzUgLTY4IDANCnYgLTc2IC02OCAwDQp2IC03NyAtNjggMA0KdiAtNzggLTY4IDANCnYgLTc5IC02OCAwDQp2IC04MCAtNjggMA0KdiAtODEgLTY4IDANCnYgLTgyIC02OCAwDQp2IC04MyAtNjggMA0KdiAtODQgLTY4IDANCnYgLTg1IC02OCAwDQp2IC04NiAtNjggMA0KdiAtODcgLTY4IDANCnYgLTg4IC02OCAwDQp2IC04OSAtNjggMA0KdiAtOTAgLTY4IDANCnYgLTkxIC02OCAwDQp2IC05MiAtNjggMA0KdiAtOTMgLTY4IDANCnYgLTk0IC02OCAwDQp2IC05NSAtNjggMA0KdiAtOTYgLTY4IDANCnYgLTk3IC02OCAwDQp2IC05OCAtNjggMA0KdiAtOTkgLTY4IDANCnYgLTEwMCAtNjggMA0KdiAwIC02OSAwDQp2IC0xIC02OSAwDQp2IC0yIC02OSAwDQp2IC0zIC02OSAwDQp2IC00IC02OSAwDQp2IC01IC02OSAwDQp2IC02IC02OSAwDQp2IC03IC02OSAwDQp2IC04IC02OSAwDQp2IC05IC02OSAwDQp2IC0xMCAtNjkgMA0KdiAtMTEgLTY5IDANCnYgLTEyIC02OSAwDQp2IC0xMyAtNjkgMA0KdiAtMTQgLTY5IDANCnYgLTE1IC02OSAwDQp2IC0xNiAtNjkgMA0KdiAtMTcgLTY5IDANCnYgLTE4IC02OSAwDQp2IC0xOSAtNjkgMA0KdiAtMjAgLTY5IDANCnYgLTIxIC02OSAwDQp2IC0yMiAtNjkgMA0KdiAtMjMgLTY5IDANCnYgLTI0IC02OSAwDQp2IC0yNSAtNjkgMA0KdiAtMjYgLTY5IDANCnYgLTI3IC02OSAwDQp2IC0yOCAtNjkgMA0KdiAtMjkgLTY5IDANCnYgLTMwIC02OSAwDQp2IC0zMSAtNjkgMA0KdiAtMzIgLTY5IDANCnYgLTMzIC02OSAwDQp2IC0zNCAtNjkgMA0KdiAtMzUgLTY5IDANCnYgLTM2IC02OSAwDQp2IC0zNyAtNjkgMA0KdiAtMzggLTY5IDANCnYgLTM5IC02OSAwDQp2IC00MCAtNjkgMA0KdiAtNDEgLTY5IDANCnYgLTQyIC02OSAwDQp2IC00MyAtNjkgMA0KdiAtNDQgLTY5IDANCnYgLTQ1IC02OSAwDQp2IC00NiAtNjkgMA0KdiAtNDcgLTY5IDANCnYgLTQ4IC02OSAwDQp2IC00OSAtNjkgMA0KdiAtNTAgLTY5IDANCnYgLTUxIC02OSAwDQp2IC01MiAtNjkgMA0KdiAtNTMgLTY5IDANCnYgLTU0IC02OSAwDQp2IC01NSAtNjkgMA0KdiAtNTYgLTY5IDANCnYgLTU3IC02OSAwDQp2IC01OCAtNjkgMA0KdiAtNTkgLTY5IDANCnYgLTYwIC02OSAwDQp2IC02MSAtNjkgMA0KdiAtNjIgLTY5IDANCnYgLTYzIC02OSAwDQp2IC02NCAtNjkgMA0KdiAtNjUgLTY5IDANCnYgLTY2IC02OSAwDQp2IC02NyAtNjkgMA0KdiAtNjggLTY5IDANCnYgLTY5IC02OSAwDQp2IC03MCAtNjkgMA0KdiAtNzEgLTY5IDANCnYgLTcyIC02OSAwDQp2IC03MyAtNjkgMA0KdiAtNzQgLTY5IDANCnYgLTc1IC02OSAwDQp2IC03NiAtNjkgMA0KdiAtNzcgLTY5IDANCnYgLTc4IC02OSAwDQp2IC03OSAtNjkgMA0KdiAtODAgLTY5IDANCnYgLTgxIC02OSAwDQp2IC04MiAtNjkgMA0KdiAtODMgLTY5IDANCnYgLTg0IC02OSAwDQp2IC04NSAtNjkgMA0KdiAtODYgLTY5IDANCnYgLTg3IC02OSAwDQp2IC04OCAtNjkgMA0KdiAtODkgLTY5IDANCnYgLTkwIC02OSAwDQp2IC05MSAtNjkgMA0KdiAtOTIgLTY5IDANCnYgLTkzIC02OSAwDQp2IC05NCAtNjkgMA0KdiAtOTUgLTY5IDANCnYgLTk2IC02OSAwDQp2IC05NyAtNjkgMA0KdiAtOTggLTY5IDANCnYgLTk5IC02OSAwDQp2IC0xMDAgLTY5IDANCnYgMCAtNzAgMA0KdiAtMSAtNzAgMA0KdiAtMiAtNzAgMA0KdiAtMyAtNzAgMA0KdiAtNCAtNzAgMA0KdiAtNSAtNzAgMA0KdiAtNiAtNzAgMA0KdiAtNyAtNzAgMA0KdiAtOCAtNzAgMA0KdiAtOSAtNzAgMA0KdiAtMTAgLTcwIDANCnYgLTExIC03MCAwDQp2IC0xMiAtNzAgMA0KdiAtMTMgLTcwIDANCnYgLTE0IC03MCAwDQp2IC0xNSAtNzAgMA0KdiAtMTYgLTcwIDANCnYgLTE3IC03MCAwDQp2IC0xOCAtNzAgMA0KdiAtMTkgLTcwIDANCnYgLTIwIC03MCAwDQp2IC0yMSAtNzAgMA0KdiAtMjIgLTcwIDANCnYgLTIzIC03MCAwDQp2IC0yNCAtNzAgMA0KdiAtMjUgLTcwIDANCnYgLTI2IC03MCAwDQp2IC0yNyAtNzAgMA0KdiAtMjggLTcwIDANCnYgLTI5IC03MCAwDQp2IC0zMCAtNzAgMA0KdiAtMzEgLTcwIDANCnYgLTMyIC03MCAwDQp2IC0zMyAtNzAgMA0KdiAtMzQgLTcwIDANCnYgLTM1IC03MCAwDQp2IC0zNiAtNzAgMA0KdiAtMzcgLTcwIDANCnYgLTM4IC03MCAwDQp2IC0zOSAtNzAgMA0KdiAtNDAgLTcwIDANCnYgLTQxIC03MCAwDQp2IC00MiAtNzAgMA0KdiAtNDMgLTcwIDANCnYgLTQ0IC03MCAwDQp2IC00NSAtNzAgMA0KdiAtNDYgLTcwIDANCnYgLTQ3IC03MCAwDQp2IC00OCAtNzAgMA0KdiAtNDkgLTcwIDANCnYgLTUwIC03MCAwDQp2IC01MSAtNzAgMA0KdiAtNTIgLTcwIDANCnYgLTUzIC03MCAwDQp2IC01NCAtNzAgMA0KdiAtNTUgLTcwIDANCnYgLTU2IC03MCAwDQp2IC01NyAtNzAgMA0KdiAtNTggLTcwIDANCnYgLTU5IC03MCAwDQp2IC02MCAtNzAgMA0KdiAtNjEgLTcwIDANCnYgLTYyIC03MCAwDQp2IC02MyAtNzAgMA0KdiAtNjQgLTcwIDANCnYgLTY1IC03MCAwDQp2IC02NiAtNzAgMA0KdiAtNjcgLTcwIDANCnYgLTY4IC03MCAwDQp2IC02OSAtNzAgMA0KdiAtNzAgLTcwIDANCnYgLTcxIC03MCAwDQp2IC03MiAtNzAgMA0KdiAtNzMgLTcwIDANCnYgLTc0IC03MCAwDQp2IC03NSAtNzAgMA0KdiAtNzYgLTcwIDANCnYgLTc3IC03MCAwDQp2IC03OCAtNzAgMA0KdiAtNzkgLTcwIDANCnYgLTgwIC03MCAwDQp2IC04MSAtNzAgMA0KdiAtODIgLTcwIDANCnYgLTgzIC03MCAwDQp2IC04NCAtNzAgMA0KdiAtODUgLTcwIDANCnYgLTg2IC03MCAwDQp2IC04NyAtNzAgMA0KdiAtODggLTcwIDANCnYgLTg5IC03MCAwDQp2IC05MCAtNzAgMA0KdiAtOTEgLTcwIDANCnYgLTkyIC03MCAwDQp2IC05MyAtNzAgMA0KdiAtOTQgLTcwIDANCnYgLTk1IC03MCAwDQp2IC05NiAtNzAgMA0KdiAtOTcgLTcwIDANCnYgLTk4IC03MCAwDQp2IC05OSAtNzAgMA0KdiAtMTAwIC03MCAwDQp2IDAgLTcxIDANCnYgLTEgLTcxIDANCnYgLTIgLTcxIDANCnYgLTMgLTcxIDANCnYgLTQgLTcxIDANCnYgLTUgLTcxIDANCnYgLTYgLTcxIDANCnYgLTcgLTcxIDANCnYgLTggLTcxIDANCnYgLTkgLTcxIDANCnYgLTEwIC03MSAwDQp2IC0xMSAtNzEgMA0KdiAtMTIgLTcxIDANCnYgLTEzIC03MSAwDQp2IC0xNCAtNzEgMA0KdiAtMTUgLTcxIDANCnYgLTE2IC03MSAwDQp2IC0xNyAtNzEgMA0KdiAtMTggLTcxIDANCnYgLTE5IC03MSAwDQp2IC0yMCAtNzEgMA0KdiAtMjEgLTcxIDANCnYgLTIyIC03MSAwDQp2IC0yMyAtNzEgMA0KdiAtMjQgLTcxIDANCnYgLTI1IC03MSAwDQp2IC0yNiAtNzEgMA0KdiAtMjcgLTcxIDANCnYgLTI4IC03MSAwDQp2IC0yOSAtNzEgMA0KdiAtMzAgLTcxIDANCnYgLTMxIC03MSAwDQp2IC0zMiAtNzEgMA0KdiAtMzMgLTcxIDANCnYgLTM0IC03MSAwDQp2IC0zNSAtNzEgMA0KdiAtMzYgLTcxIDANCnYgLTM3IC03MSAwDQp2IC0zOCAtNzEgMA0KdiAtMzkgLTcxIDANCnYgLTQwIC03MSAwDQp2IC00MSAtNzEgMA0KdiAtNDIgLTcxIDANCnYgLTQzIC03MSAwDQp2IC00NCAtNzEgMA0KdiAtNDUgLTcxIDANCnYgLTQ2IC03MSAwDQp2IC00NyAtNzEgMA0KdiAtNDggLTcxIDANCnYgLTQ5IC03MSAwDQp2IC01MCAtNzEgMA0KdiAtNTEgLTcxIDANCnYgLTUyIC03MSAwDQp2IC01MyAtNzEgMA0KdiAtNTQgLTcxIDANCnYgLTU1IC03MSAwDQp2IC01NiAtNzEgMA0KdiAtNTcgLTcxIDANCnYgLTU4IC03MSAwDQp2IC01OSAtNzEgMA0KdiAtNjAgLTcxIDANCnYgLTYxIC03MSAwDQp2IC02MiAtNzEgMA0KdiAtNjMgLTcxIDANCnYgLTY0IC03MSAwDQp2IC02NSAtNzEgMA0KdiAtNjYgLTcxIDANCnYgLTY3IC03MSAwDQp2IC02OCAtNzEgMA0KdiAtNjkgLTcxIDANCnYgLTcwIC03MSAwDQp2IC03MSAtNzEgMA0KdiAtNzIgLTcxIDANCnYgLTczIC03MSAwDQp2IC03NCAtNzEgMA0KdiAtNzUgLTcxIDANCnYgLTc2IC03MSAwDQp2IC03NyAtNzEgMA0KdiAtNzggLTcxIDANCnYgLTc5IC03MSAwDQp2IC04MCAtNzEgMA0KdiAtODEgLTcxIDANCnYgLTgyIC03MSAwDQp2IC04MyAtNzEgMA0KdiAtODQgLTcxIDANCnYgLTg1IC03MSAwDQp2IC04NiAtNzEgMA0KdiAtODcgLTcxIDANCnYgLTg4IC03MSAwDQp2IC04OSAtNzEgMA0KdiAtOTAgLTcxIDANCnYgLTkxIC03MSAwDQp2IC05MiAtNzEgMA0KdiAtOTMgLTcxIDANCnYgLTk0IC03MSAwDQp2IC05NSAtNzEgMA0KdiAtOTYgLTcxIDANCnYgLTk3IC03MSAwDQp2IC05OCAtNzEgMA0KdiAtOTkgLTcxIDANCnYgLTEwMCAtNzEgMA0KdiAwIC03MiAwDQp2IC0xIC03MiAwDQp2IC0yIC03MiAwDQp2IC0zIC03MiAwDQp2IC00IC03MiAwDQp2IC01IC03MiAwDQp2IC02IC03MiAwDQp2IC03IC03MiAwDQp2IC04IC03MiAwDQp2IC05IC03MiAwDQp2IC0xMCAtNzIgMA0KdiAtMTEgLTcyIDANCnYgLTEyIC03MiAwDQp2IC0xMyAtNzIgMA0KdiAtMTQgLTcyIDANCnYgLTE1IC03MiAwDQp2IC0xNiAtNzIgMA0KdiAtMTcgLTcyIDANCnYgLTE4IC03MiAwDQp2IC0xOSAtNzIgMA0KdiAtMjAgLTcyIDANCnYgLTIxIC03MiAwDQp2IC0yMiAtNzIgMA0KdiAtMjMgLTcyIDANCnYgLTI0IC03MiAwDQp2IC0yNSAtNzIgMA0KdiAtMjYgLTcyIDANCnYgLTI3IC03MiAwDQp2IC0yOCAtNzIgMA0KdiAtMjkgLTcyIDANCnYgLTMwIC03MiAwDQp2IC0zMSAtNzIgMA0KdiAtMzIgLTcyIDANCnYgLTMzIC03MiAwDQp2IC0zNCAtNzIgMA0KdiAtMzUgLTcyIDANCnYgLTM2IC03MiAwDQp2IC0zNyAtNzIgMA0KdiAtMzggLTcyIDANCnYgLTM5IC03MiAwDQp2IC00MCAtNzIgMA0KdiAtNDEgLTcyIDANCnYgLTQyIC03MiAwDQp2IC00MyAtNzIgMA0KdiAtNDQgLTcyIDANCnYgLTQ1IC03MiAwDQp2IC00NiAtNzIgMA0KdiAtNDcgLTcyIDANCnYgLTQ4IC03MiAwDQp2IC00OSAtNzIgMA0KdiAtNTAgLTcyIDANCnYgLTUxIC03MiAwDQp2IC01MiAtNzIgMA0KdiAtNTMgLTcyIDANCnYgLTU0IC03MiAwDQp2IC01NSAtNzIgMA0KdiAtNTYgLTcyIDANCnYgLTU3IC03MiAwDQp2IC01OCAtNzIgMA0KdiAtNTkgLTcyIDANCnYgLTYwIC03MiAwDQp2IC02MSAtNzIgMA0KdiAtNjIgLTcyIDANCnYgLTYzIC03MiAwDQp2IC02NCAtNzIgMA0KdiAtNjUgLTcyIDANCnYgLTY2IC03MiAwDQp2IC02NyAtNzIgMA0KdiAtNjggLTcyIDANCnYgLTY5IC03MiAwDQp2IC03MCAtNzIgMA0KdiAtNzEgLTcyIDANCnYgLTcyIC03MiAwDQp2IC03MyAtNzIgMA0KdiAtNzQgLTcyIDANCnYgLTc1IC03MiAwDQp2IC03NiAtNzIgMA0KdiAtNzcgLTcyIDANCnYgLTc4IC03MiAwDQp2IC03OSAtNzIgMA0KdiAtODAgLTcyIDANCnYgLTgxIC03MiAwDQp2IC04MiAtNzIgMA0KdiAtODMgLTcyIDANCnYgLTg0IC03MiAwDQp2IC04NSAtNzIgMA0KdiAtODYgLTcyIDANCnYgLTg3IC03MiAwDQp2IC04OCAtNzIgMA0KdiAtODkgLTcyIDANCnYgLTkwIC03MiAwDQp2IC05MSAtNzIgMA0KdiAtOTIgLTcyIDANCnYgLTkzIC03MiAwDQp2IC05NCAtNzIgMA0KdiAtOTUgLTcyIDANCnYgLTk2IC03MiAwDQp2IC05NyAtNzIgMA0KdiAtOTggLTcyIDANCnYgLTk5IC03MiAwDQp2IC0xMDAgLTcyIDANCnYgMCAtNzMgMA0KdiAtMSAtNzMgMA0KdiAtMiAtNzMgMA0KdiAtMyAtNzMgMA0KdiAtNCAtNzMgMA0KdiAtNSAtNzMgMA0KdiAtNiAtNzMgMA0KdiAtNyAtNzMgMA0KdiAtOCAtNzMgMA0KdiAtOSAtNzMgMA0KdiAtMTAgLTczIDANCnYgLTExIC03MyAwDQp2IC0xMiAtNzMgMA0KdiAtMTMgLTczIDANCnYgLTE0IC03MyAwDQp2IC0xNSAtNzMgMA0KdiAtMTYgLTczIDANCnYgLTE3IC03MyAwDQp2IC0xOCAtNzMgMA0KdiAtMTkgLTczIDANCnYgLTIwIC03MyAwDQp2IC0yMSAtNzMgMA0KdiAtMjIgLTczIDANCnYgLTIzIC03MyAwDQp2IC0yNCAtNzMgMA0KdiAtMjUgLTczIDANCnYgLTI2IC03MyAwDQp2IC0yNyAtNzMgMA0KdiAtMjggLTczIDANCnYgLTI5IC03MyAwDQp2IC0zMCAtNzMgMA0KdiAtMzEgLTczIDANCnYgLTMyIC03MyAwDQp2IC0zMyAtNzMgMA0KdiAtMzQgLTczIDANCnYgLTM1IC03MyAwDQp2IC0zNiAtNzMgMA0KdiAtMzcgLTczIDANCnYgLTM4IC03MyAwDQp2IC0zOSAtNzMgMA0KdiAtNDAgLTczIDANCnYgLTQxIC03MyAwDQp2IC00MiAtNzMgMA0KdiAtNDMgLTczIDANCnYgLTQ0IC03MyAwDQp2IC00NSAtNzMgMA0KdiAtNDYgLTczIDANCnYgLTQ3IC03MyAwDQp2IC00OCAtNzMgMA0KdiAtNDkgLTczIDANCnYgLTUwIC03MyAwDQp2IC01MSAtNzMgMA0KdiAtNTIgLTczIDANCnYgLTUzIC03MyAwDQp2IC01NCAtNzMgMA0KdiAtNTUgLTczIDANCnYgLTU2IC03MyAwDQp2IC01NyAtNzMgMA0KdiAtNTggLTczIDANCnYgLTU5IC03MyAwDQp2IC02MCAtNzMgMA0KdiAtNjEgLTczIDANCnYgLTYyIC03MyAwDQp2IC02MyAtNzMgMA0KdiAtNjQgLTczIDANCnYgLTY1IC03MyAwDQp2IC02NiAtNzMgMA0KdiAtNjcgLTczIDANCnYgLTY4IC03MyAwDQp2IC02OSAtNzMgMA0KdiAtNzAgLTczIDANCnYgLTcxIC03MyAwDQp2IC03MiAtNzMgMA0KdiAtNzMgLTczIDANCnYgLTc0IC03MyAwDQp2IC03NSAtNzMgMA0KdiAtNzYgLTczIDANCnYgLTc3IC03MyAwDQp2IC03OCAtNzMgMA0KdiAtNzkgLTczIDANCnYgLTgwIC03MyAwDQp2IC04MSAtNzMgMA0KdiAtODIgLTczIDANCnYgLTgzIC03MyAwDQp2IC04NCAtNzMgMA0KdiAtODUgLTczIDANCnYgLTg2IC03MyAwDQp2IC04NyAtNzMgMA0KdiAtODggLTczIDANCnYgLTg5IC03MyAwDQp2IC05MCAtNzMgMA0KdiAtOTEgLTczIDANCnYgLTkyIC03MyAwDQp2IC05MyAtNzMgMA0KdiAtOTQgLTczIDANCnYgLTk1IC03MyAwDQp2IC05NiAtNzMgMA0KdiAtOTcgLTczIDANCnYgLTk4IC03MyAwDQp2IC05OSAtNzMgMA0KdiAtMTAwIC03MyAwDQp2IDAgLTc0IDANCnYgLTEgLTc0IDANCnYgLTIgLTc0IDANCnYgLTMgLTc0IDANCnYgLTQgLTc0IDANCnYgLTUgLTc0IDANCnYgLTYgLTc0IDANCnYgLTcgLTc0IDANCnYgLTggLTc0IDANCnYgLTkgLTc0IDANCnYgLTEwIC03NCAwDQp2IC0xMSAtNzQgMA0KdiAtMTIgLTc0IDANCnYgLTEzIC03NCAwDQp2IC0xNCAtNzQgMA0KdiAtMTUgLTc0IDANCnYgLTE2IC03NCAwDQp2IC0xNyAtNzQgMA0KdiAtMTggLTc0IDANCnYgLTE5IC03NCAwDQp2IC0yMCAtNzQgMA0KdiAtMjEgLTc0IDANCnYgLTIyIC03NCAwDQp2IC0yMyAtNzQgMA0KdiAtMjQgLTc0IDANCnYgLTI1IC03NCAwDQp2IC0yNiAtNzQgMA0KdiAtMjcgLTc0IDANCnYgLTI4IC03NCAwDQp2IC0yOSAtNzQgMA0KdiAtMzAgLTc0IDANCnYgLTMxIC03NCAwDQp2IC0zMiAtNzQgMA0KdiAtMzMgLTc0IDANCnYgLTM0IC03NCAwDQp2IC0zNSAtNzQgMA0KdiAtMzYgLTc0IDANCnYgLTM3IC03NCAwDQp2IC0zOCAtNzQgMA0KdiAtMzkgLTc0IDANCnYgLTQwIC03NCAwDQp2IC00MSAtNzQgMA0KdiAtNDIgLTc0IDANCnYgLTQzIC03NCAwDQp2IC00NCAtNzQgMA0KdiAtNDUgLTc0IDANCnYgLTQ2IC03NCAwDQp2IC00NyAtNzQgMA0KdiAtNDggLTc0IDANCnYgLTQ5IC03NCAwDQp2IC01MCAtNzQgMA0KdiAtNTEgLTc0IDANCnYgLTUyIC03NCAwDQp2IC01MyAtNzQgMA0KdiAtNTQgLTc0IDANCnYgLTU1IC03NCAwDQp2IC01NiAtNzQgMA0KdiAtNTcgLTc0IDANCnYgLTU4IC03NCAwDQp2IC01OSAtNzQgMA0KdiAtNjAgLTc0IDANCnYgLTYxIC03NCAwDQp2IC02MiAtNzQgMA0KdiAtNjMgLTc0IDANCnYgLTY0IC03NCAwDQp2IC02NSAtNzQgMA0KdiAtNjYgLTc0IDANCnYgLTY3IC03NCAwDQp2IC02OCAtNzQgMA0KdiAtNjkgLTc0IDANCnYgLTcwIC03NCAwDQp2IC03MSAtNzQgMA0KdiAtNzIgLTc0IDANCnYgLTczIC03NCAwDQp2IC03NCAtNzQgMA0KdiAtNzUgLTc0IDANCnYgLTc2IC03NCAwDQp2IC03NyAtNzQgMA0KdiAtNzggLTc0IDANCnYgLTc5IC03NCAwDQp2IC04MCAtNzQgMA0KdiAtODEgLTc0IDANCnYgLTgyIC03NCAwDQp2IC04MyAtNzQgMA0KdiAtODQgLTc0IDANCnYgLTg1IC03NCAwDQp2IC04NiAtNzQgMA0KdiAtODcgLTc0IDANCnYgLTg4IC03NCAwDQp2IC04OSAtNzQgMA0KdiAtOTAgLTc0IDANCnYgLTkxIC03NCAwDQp2IC05MiAtNzQgMA0KdiAtOTMgLTc0IDANCnYgLTk0IC03NCAwDQp2IC05NSAtNzQgMA0KdiAtOTYgLTc0IDANCnYgLTk3IC03NCAwDQp2IC05OCAtNzQgMA0KdiAtOTkgLTc0IDANCnYgLTEwMCAtNzQgMA0KdiAwIC03NSAwDQp2IC0xIC03NSAwDQp2IC0yIC03NSAwDQp2IC0zIC03NSAwDQp2IC00IC03NSAwDQp2IC01IC03NSAwDQp2IC02IC03NSAwDQp2IC03IC03NSAwDQp2IC04IC03NSAwDQp2IC05IC03NSAwDQp2IC0xMCAtNzUgMA0KdiAtMTEgLTc1IDANCnYgLTEyIC03NSAwDQp2IC0xMyAtNzUgMA0KdiAtMTQgLTc1IDANCnYgLTE1IC03NSAwDQp2IC0xNiAtNzUgMA0KdiAtMTcgLTc1IDANCnYgLTE4IC03NSAwDQp2IC0xOSAtNzUgMA0KdiAtMjAgLTc1IDANCnYgLTIxIC03NSAwDQp2IC0yMiAtNzUgMA0KdiAtMjMgLTc1IDANCnYgLTI0IC03NSAwDQp2IC0yNSAtNzUgMA0KdiAtMjYgLTc1IDANCnYgLTI3IC03NSAwDQp2IC0yOCAtNzUgMA0KdiAtMjkgLTc1IDANCnYgLTMwIC03NSAwDQp2IC0zMSAtNzUgMA0KdiAtMzIgLTc1IDANCnYgLTMzIC03NSAwDQp2IC0zNCAtNzUgMA0KdiAtMzUgLTc1IDANCnYgLTM2IC03NSAwDQp2IC0zNyAtNzUgMA0KdiAtMzggLTc1IDANCnYgLTM5IC03NSAwDQp2IC00MCAtNzUgMA0KdiAtNDEgLTc1IDANCnYgLTQyIC03NSAwDQp2IC00MyAtNzUgMA0KdiAtNDQgLTc1IDANCnYgLTQ1IC03NSAwDQp2IC00NiAtNzUgMA0KdiAtNDcgLTc1IDANCnYgLTQ4IC03NSAwDQp2IC00OSAtNzUgMA0KdiAtNTAgLTc1IDANCnYgLTUxIC03NSAwDQp2IC01MiAtNzUgMA0KdiAtNTMgLTc1IDANCnYgLTU0IC03NSAwDQp2IC01NSAtNzUgMA0KdiAtNTYgLTc1IDANCnYgLTU3IC03NSAwDQp2IC01OCAtNzUgMA0KdiAtNTkgLTc1IDANCnYgLTYwIC03NSAwDQp2IC02MSAtNzUgMA0KdiAtNjIgLTc1IDANCnYgLTYzIC03NSAwDQp2IC02NCAtNzUgMA0KdiAtNjUgLTc1IDANCnYgLTY2IC03NSAwDQp2IC02NyAtNzUgMA0KdiAtNjggLTc1IDANCnYgLTY5IC03NSAwDQp2IC03MCAtNzUgMA0KdiAtNzEgLTc1IDANCnYgLTcyIC03NSAwDQp2IC03MyAtNzUgMA0KdiAtNzQgLTc1IDANCnYgLTc1IC03NSAwDQp2IC03NiAtNzUgMA0KdiAtNzcgLTc1IDANCnYgLTc4IC03NSAwDQp2IC03OSAtNzUgMA0KdiAtODAgLTc1IDANCnYgLTgxIC03NSAwDQp2IC04MiAtNzUgMA0KdiAtODMgLTc1IDANCnYgLTg0IC03NSAwDQp2IC04NSAtNzUgMA0KdiAtODYgLTc1IDANCnYgLTg3IC03NSAwDQp2IC04OCAtNzUgMA0KdiAtODkgLTc1IDANCnYgLTkwIC03NSAwDQp2IC05MSAtNzUgMA0KdiAtOTIgLTc1IDANCnYgLTkzIC03NSAwDQp2IC05NCAtNzUgMA0KdiAtOTUgLTc1IDANCnYgLTk2IC03NSAwDQp2IC05NyAtNzUgMA0KdiAtOTggLTc1IDANCnYgLTk5IC03NSAwDQp2IC0xMDAgLTc1IDANCnYgMCAtNzYgMA0KdiAtMSAtNzYgMA0KdiAtMiAtNzYgMA0KdiAtMyAtNzYgMA0KdiAtNCAtNzYgMA0KdiAtNSAtNzYgMA0KdiAtNiAtNzYgMA0KdiAtNyAtNzYgMA0KdiAtOCAtNzYgMA0KdiAtOSAtNzYgMA0KdiAtMTAgLTc2IDANCnYgLTExIC03NiAwDQp2IC0xMiAtNzYgMA0KdiAtMTMgLTc2IDANCnYgLTE0IC03NiAwDQp2IC0xNSAtNzYgMA0KdiAtMTYgLTc2IDANCnYgLTE3IC03NiAwDQp2IC0xOCAtNzYgMA0KdiAtMTkgLTc2IDANCnYgLTIwIC03NiAwDQp2IC0yMSAtNzYgMA0KdiAtMjIgLTc2IDANCnYgLTIzIC03NiAwDQp2IC0yNCAtNzYgMA0KdiAtMjUgLTc2IDANCnYgLTI2IC03NiAwDQp2IC0yNyAtNzYgMA0KdiAtMjggLTc2IDANCnYgLTI5IC03NiAwDQp2IC0zMCAtNzYgMA0KdiAtMzEgLTc2IDANCnYgLTMyIC03NiAwDQp2IC0zMyAtNzYgMA0KdiAtMzQgLTc2IDANCnYgLTM1IC03NiAwDQp2IC0zNiAtNzYgMA0KdiAtMzcgLTc2IDANCnYgLTM4IC03NiAwDQp2IC0zOSAtNzYgMA0KdiAtNDAgLTc2IDANCnYgLTQxIC03NiAwDQp2IC00MiAtNzYgMA0KdiAtNDMgLTc2IDANCnYgLTQ0IC03NiAwDQp2IC00NSAtNzYgMA0KdiAtNDYgLTc2IDANCnYgLTQ3IC03NiAwDQp2IC00OCAtNzYgMA0KdiAtNDkgLTc2IDANCnYgLTUwIC03NiAwDQp2IC01MSAtNzYgMA0KdiAtNTIgLTc2IDANCnYgLTUzIC03NiAwDQp2IC01NCAtNzYgMA0KdiAtNTUgLTc2IDANCnYgLTU2IC03NiAwDQp2IC01NyAtNzYgMA0KdiAtNTggLTc2IDANCnYgLTU5IC03NiAwDQp2IC02MCAtNzYgMA0KdiAtNjEgLTc2IDANCnYgLTYyIC03NiAwDQp2IC02MyAtNzYgMA0KdiAtNjQgLTc2IDANCnYgLTY1IC03NiAwDQp2IC02NiAtNzYgMA0KdiAtNjcgLTc2IDANCnYgLTY4IC03NiAwDQp2IC02OSAtNzYgMA0KdiAtNzAgLTc2IDANCnYgLTcxIC03NiAwDQp2IC03MiAtNzYgMA0KdiAtNzMgLTc2IDANCnYgLTc0IC03NiAwDQp2IC03NSAtNzYgMA0KdiAtNzYgLTc2IDANCnYgLTc3IC03NiAwDQp2IC03OCAtNzYgMA0KdiAtNzkgLTc2IDANCnYgLTgwIC03NiAwDQp2IC04MSAtNzYgMA0KdiAtODIgLTc2IDANCnYgLTgzIC03NiAwDQp2IC04NCAtNzYgMA0KdiAtODUgLTc2IDANCnYgLTg2IC03NiAwDQp2IC04NyAtNzYgMA0KdiAtODggLTc2IDANCnYgLTg5IC03NiAwDQp2IC05MCAtNzYgMA0KdiAtOTEgLTc2IDANCnYgLTkyIC03NiAwDQp2IC05MyAtNzYgMA0KdiAtOTQgLTc2IDANCnYgLTk1IC03NiAwDQp2IC05NiAtNzYgMA0KdiAtOTcgLTc2IDANCnYgLTk4IC03NiAwDQp2IC05OSAtNzYgMA0KdiAtMTAwIC03NiAwDQp2IDAgLTc3IDANCnYgLTEgLTc3IDANCnYgLTIgLTc3IDANCnYgLTMgLTc3IDANCnYgLTQgLTc3IDANCnYgLTUgLTc3IDANCnYgLTYgLTc3IDANCnYgLTcgLTc3IDANCnYgLTggLTc3IDANCnYgLTkgLTc3IDANCnYgLTEwIC03NyAwDQp2IC0xMSAtNzcgMA0KdiAtMTIgLTc3IDANCnYgLTEzIC03NyAwDQp2IC0xNCAtNzcgMA0KdiAtMTUgLTc3IDANCnYgLTE2IC03NyAwDQp2IC0xNyAtNzcgMA0KdiAtMTggLTc3IDANCnYgLTE5IC03NyAwDQp2IC0yMCAtNzcgMA0KdiAtMjEgLTc3IDANCnYgLTIyIC03NyAwDQp2IC0yMyAtNzcgMA0KdiAtMjQgLTc3IDANCnYgLTI1IC03NyAwDQp2IC0yNiAtNzcgMA0KdiAtMjcgLTc3IDANCnYgLTI4IC03NyAwDQp2IC0yOSAtNzcgMA0KdiAtMzAgLTc3IDANCnYgLTMxIC03NyAwDQp2IC0zMiAtNzcgMA0KdiAtMzMgLTc3IDANCnYgLTM0IC03NyAwDQp2IC0zNSAtNzcgMA0KdiAtMzYgLTc3IDANCnYgLTM3IC03NyAwDQp2IC0zOCAtNzcgMA0KdiAtMzkgLTc3IDANCnYgLTQwIC03NyAwDQp2IC00MSAtNzcgMA0KdiAtNDIgLTc3IDANCnYgLTQzIC03NyAwDQp2IC00NCAtNzcgMA0KdiAtNDUgLTc3IDANCnYgLTQ2IC03NyAwDQp2IC00NyAtNzcgMA0KdiAtNDggLTc3IDANCnYgLTQ5IC03NyAwDQp2IC01MCAtNzcgMA0KdiAtNTEgLTc3IDANCnYgLTUyIC03NyAwDQp2IC01MyAtNzcgMA0KdiAtNTQgLTc3IDANCnYgLTU1IC03NyAwDQp2IC01NiAtNzcgMA0KdiAtNTcgLTc3IDANCnYgLTU4IC03NyAwDQp2IC01OSAtNzcgMA0KdiAtNjAgLTc3IDANCnYgLTYxIC03NyAwDQp2IC02MiAtNzcgMA0KdiAtNjMgLTc3IDANCnYgLTY0IC03NyAwDQp2IC02NSAtNzcgMA0KdiAtNjYgLTc3IDANCnYgLTY3IC03NyAwDQp2IC02OCAtNzcgMA0KdiAtNjkgLTc3IDANCnYgLTcwIC03NyAwDQp2IC03MSAtNzcgMA0KdiAtNzIgLTc3IDANCnYgLTczIC03NyAwDQp2IC03NCAtNzcgMA0KdiAtNzUgLTc3IDANCnYgLTc2IC03NyAwDQp2IC03NyAtNzcgMA0KdiAtNzggLTc3IDANCnYgLTc5IC03NyAwDQp2IC04MCAtNzcgMA0KdiAtODEgLTc3IDANCnYgLTgyIC03NyAwDQp2IC04MyAtNzcgMA0KdiAtODQgLTc3IDANCnYgLTg1IC03NyAwDQp2IC04NiAtNzcgMA0KdiAtODcgLTc3IDANCnYgLTg4IC03NyAwDQp2IC04OSAtNzcgMA0KdiAtOTAgLTc3IDANCnYgLTkxIC03NyAwDQp2IC05MiAtNzcgMA0KdiAtOTMgLTc3IDANCnYgLTk0IC03NyAwDQp2IC05NSAtNzcgMA0KdiAtOTYgLTc3IDANCnYgLTk3IC03NyAwDQp2IC05OCAtNzcgMA0KdiAtOTkgLTc3IDANCnYgLTEwMCAtNzcgMA0KdiAwIC03OCAwDQp2IC0xIC03OCAwDQp2IC0yIC03OCAwDQp2IC0zIC03OCAwDQp2IC00IC03OCAwDQp2IC01IC03OCAwDQp2IC02IC03OCAwDQp2IC03IC03OCAwDQp2IC04IC03OCAwDQp2IC05IC03OCAwDQp2IC0xMCAtNzggMA0KdiAtMTEgLTc4IDANCnYgLTEyIC03OCAwDQp2IC0xMyAtNzggMA0KdiAtMTQgLTc4IDANCnYgLTE1IC03OCAwDQp2IC0xNiAtNzggMA0KdiAtMTcgLTc4IDANCnYgLTE4IC03OCAwDQp2IC0xOSAtNzggMA0KdiAtMjAgLTc4IDANCnYgLTIxIC03OCAwDQp2IC0yMiAtNzggMA0KdiAtMjMgLTc4IDANCnYgLTI0IC03OCAwDQp2IC0yNSAtNzggMA0KdiAtMjYgLTc4IDANCnYgLTI3IC03OCAwDQp2IC0yOCAtNzggMA0KdiAtMjkgLTc4IDANCnYgLTMwIC03OCAwDQp2IC0zMSAtNzggMA0KdiAtMzIgLTc4IDANCnYgLTMzIC03OCAwDQp2IC0zNCAtNzggMA0KdiAtMzUgLTc4IDANCnYgLTM2IC03OCAwDQp2IC0zNyAtNzggMA0KdiAtMzggLTc4IDANCnYgLTM5IC03OCAwDQp2IC00MCAtNzggMA0KdiAtNDEgLTc4IDANCnYgLTQyIC03OCAwDQp2IC00MyAtNzggMA0KdiAtNDQgLTc4IDANCnYgLTQ1IC03OCAwDQp2IC00NiAtNzggMA0KdiAtNDcgLTc4IDANCnYgLTQ4IC03OCAwDQp2IC00OSAtNzggMA0KdiAtNTAgLTc4IDANCnYgLTUxIC03OCAwDQp2IC01MiAtNzggMA0KdiAtNTMgLTc4IDANCnYgLTU0IC03OCAwDQp2IC01NSAtNzggMA0KdiAtNTYgLTc4IDANCnYgLTU3IC03OCAwDQp2IC01OCAtNzggMA0KdiAtNTkgLTc4IDANCnYgLTYwIC03OCAwDQp2IC02MSAtNzggMA0KdiAtNjIgLTc4IDANCnYgLTYzIC03OCAwDQp2IC02NCAtNzggMA0KdiAtNjUgLTc4IDANCnYgLTY2IC03OCAwDQp2IC02NyAtNzggMA0KdiAtNjggLTc4IDANCnYgLTY5IC03OCAwDQp2IC03MCAtNzggMA0KdiAtNzEgLTc4IDANCnYgLTcyIC03OCAwDQp2IC03MyAtNzggMA0KdiAtNzQgLTc4IDANCnYgLTc1IC03OCAwDQp2IC03NiAtNzggMA0KdiAtNzcgLTc4IDANCnYgLTc4IC03OCAwDQp2IC03OSAtNzggMA0KdiAtODAgLTc4IDANCnYgLTgxIC03OCAwDQp2IC04MiAtNzggMA0KdiAtODMgLTc4IDANCnYgLTg0IC03OCAwDQp2IC04NSAtNzggMA0KdiAtODYgLTc4IDANCnYgLTg3IC03OCAwDQp2IC04OCAtNzggMA0KdiAtODkgLTc4IDANCnYgLTkwIC03OCAwDQp2IC05MSAtNzggMA0KdiAtOTIgLTc4IDANCnYgLTkzIC03OCAwDQp2IC05NCAtNzggMA0KdiAtOTUgLTc4IDANCnYgLTk2IC03OCAwDQp2IC05NyAtNzggMA0KdiAtOTggLTc4IDANCnYgLTk5IC03OCAwDQp2IC0xMDAgLTc4IDANCnYgMCAtNzkgMA0KdiAtMSAtNzkgMA0KdiAtMiAtNzkgMA0KdiAtMyAtNzkgMA0KdiAtNCAtNzkgMA0KdiAtNSAtNzkgMA0KdiAtNiAtNzkgMA0KdiAtNyAtNzkgMA0KdiAtOCAtNzkgMA0KdiAtOSAtNzkgMA0KdiAtMTAgLTc5IDANCnYgLTExIC03OSAwDQp2IC0xMiAtNzkgMA0KdiAtMTMgLTc5IDANCnYgLTE0IC03OSAwDQp2IC0xNSAtNzkgMA0KdiAtMTYgLTc5IDANCnYgLTE3IC03OSAwDQp2IC0xOCAtNzkgMA0KdiAtMTkgLTc5IDANCnYgLTIwIC03OSAwDQp2IC0yMSAtNzkgMA0KdiAtMjIgLTc5IDANCnYgLTIzIC03OSAwDQp2IC0yNCAtNzkgMA0KdiAtMjUgLTc5IDANCnYgLTI2IC03OSAwDQp2IC0yNyAtNzkgMA0KdiAtMjggLTc5IDANCnYgLTI5IC03OSAwDQp2IC0zMCAtNzkgMA0KdiAtMzEgLTc5IDANCnYgLTMyIC03OSAwDQp2IC0zMyAtNzkgMA0KdiAtMzQgLTc5IDANCnYgLTM1IC03OSAwDQp2IC0zNiAtNzkgMA0KdiAtMzcgLTc5IDANCnYgLTM4IC03OSAwDQp2IC0zOSAtNzkgMA0KdiAtNDAgLTc5IDANCnYgLTQxIC03OSAwDQp2IC00MiAtNzkgMA0KdiAtNDMgLTc5IDANCnYgLTQ0IC03OSAwDQp2IC00NSAtNzkgMA0KdiAtNDYgLTc5IDANCnYgLTQ3IC03OSAwDQp2IC00OCAtNzkgMA0KdiAtNDkgLTc5IDANCnYgLTUwIC03OSAwDQp2IC01MSAtNzkgMA0KdiAtNTIgLTc5IDANCnYgLTUzIC03OSAwDQp2IC01NCAtNzkgMA0KdiAtNTUgLTc5IDANCnYgLTU2IC03OSAwDQp2IC01NyAtNzkgMA0KdiAtNTggLTc5IDANCnYgLTU5IC03OSAwDQp2IC02MCAtNzkgMA0KdiAtNjEgLTc5IDANCnYgLTYyIC03OSAwDQp2IC02MyAtNzkgMA0KdiAtNjQgLTc5IDANCnYgLTY1IC03OSAwDQp2IC02NiAtNzkgMA0KdiAtNjcgLTc5IDANCnYgLTY4IC03OSAwDQp2IC02OSAtNzkgMA0KdiAtNzAgLTc5IDANCnYgLTcxIC03OSAwDQp2IC03MiAtNzkgMA0KdiAtNzMgLTc5IDANCnYgLTc0IC03OSAwDQp2IC03NSAtNzkgMA0KdiAtNzYgLTc5IDANCnYgLTc3IC03OSAwDQp2IC03OCAtNzkgMA0KdiAtNzkgLTc5IDANCnYgLTgwIC03OSAwDQp2IC04MSAtNzkgMA0KdiAtODIgLTc5IDANCnYgLTgzIC03OSAwDQp2IC04NCAtNzkgMA0KdiAtODUgLTc5IDANCnYgLTg2IC03OSAwDQp2IC04NyAtNzkgMA0KdiAtODggLTc5IDANCnYgLTg5IC03OSAwDQp2IC05MCAtNzkgMA0KdiAtOTEgLTc5IDANCnYgLTkyIC03OSAwDQp2IC05MyAtNzkgMA0KdiAtOTQgLTc5IDANCnYgLTk1IC03OSAwDQp2IC05NiAtNzkgMA0KdiAtOTcgLTc5IDANCnYgLTk4IC03OSAwDQp2IC05OSAtNzkgMA0KdiAtMTAwIC03OSAwDQp2IDAgLTgwIDANCnYgLTEgLTgwIDANCnYgLTIgLTgwIDANCnYgLTMgLTgwIDANCnYgLTQgLTgwIDANCnYgLTUgLTgwIDANCnYgLTYgLTgwIDANCnYgLTcgLTgwIDANCnYgLTggLTgwIDANCnYgLTkgLTgwIDANCnYgLTEwIC04MCAwDQp2IC0xMSAtODAgMA0KdiAtMTIgLTgwIDANCnYgLTEzIC04MCAwDQp2IC0xNCAtODAgMA0KdiAtMTUgLTgwIDANCnYgLTE2IC04MCAwDQp2IC0xNyAtODAgMA0KdiAtMTggLTgwIDANCnYgLTE5IC04MCAwDQp2IC0yMCAtODAgMA0KdiAtMjEgLTgwIDANCnYgLTIyIC04MCAwDQp2IC0yMyAtODAgMA0KdiAtMjQgLTgwIDANCnYgLTI1IC04MCAwDQp2IC0yNiAtODAgMA0KdiAtMjcgLTgwIDANCnYgLTI4IC04MCAwDQp2IC0yOSAtODAgMA0KdiAtMzAgLTgwIDANCnYgLTMxIC04MCAwDQp2IC0zMiAtODAgMA0KdiAtMzMgLTgwIDANCnYgLTM0IC04MCAwDQp2IC0zNSAtODAgMA0KdiAtMzYgLTgwIDANCnYgLTM3IC04MCAwDQp2IC0zOCAtODAgMA0KdiAtMzkgLTgwIDANCnYgLTQwIC04MCAwDQp2IC00MSAtODAgMA0KdiAtNDIgLTgwIDANCnYgLTQzIC04MCAwDQp2IC00NCAtODAgMA0KdiAtNDUgLTgwIDANCnYgLTQ2IC04MCAwDQp2IC00NyAtODAgMA0KdiAtNDggLTgwIDANCnYgLTQ5IC04MCAwDQp2IC01MCAtODAgMA0KdiAtNTEgLTgwIDANCnYgLTUyIC04MCAwDQp2IC01MyAtODAgMA0KdiAtNTQgLTgwIDANCnYgLTU1IC04MCAwDQp2IC01NiAtODAgMA0KdiAtNTcgLTgwIDANCnYgLTU4IC04MCAwDQp2IC01OSAtODAgMA0KdiAtNjAgLTgwIDANCnYgLTYxIC04MCAwDQp2IC02MiAtODAgMA0KdiAtNjMgLTgwIDANCnYgLTY0IC04MCAwDQp2IC02NSAtODAgMA0KdiAtNjYgLTgwIDANCnYgLTY3IC04MCAwDQp2IC02OCAtODAgMA0KdiAtNjkgLTgwIDANCnYgLTcwIC04MCAwDQp2IC03MSAtODAgMA0KdiAtNzIgLTgwIDANCnYgLTczIC04MCAwDQp2IC03NCAtODAgMA0KdiAtNzUgLTgwIDANCnYgLTc2IC04MCAwDQp2IC03NyAtODAgMA0KdiAtNzggLTgwIDANCnYgLTc5IC04MCAwDQp2IC04MCAtODAgMA0KdiAtODEgLTgwIDANCnYgLTgyIC04MCAwDQp2IC04MyAtODAgMA0KdiAtODQgLTgwIDANCnYgLTg1IC04MCAwDQp2IC04NiAtODAgMA0KdiAtODcgLTgwIDANCnYgLTg4IC04MCAwDQp2IC04OSAtODAgMA0KdiAtOTAgLTgwIDANCnYgLTkxIC04MCAwDQp2IC05MiAtODAgMA0KdiAtOTMgLTgwIDANCnYgLTk0IC04MCAwDQp2IC05NSAtODAgMA0KdiAtOTYgLTgwIDANCnYgLTk3IC04MCAwDQp2IC05OCAtODAgMA0KdiAtOTkgLTgwIDANCnYgLTEwMCAtODAgMA0KdiAwIC04MSAwDQp2IC0xIC04MSAwDQp2IC0yIC04MSAwDQp2IC0zIC04MSAwDQp2IC00IC04MSAwDQp2IC01IC04MSAwDQp2IC02IC04MSAwDQp2IC03IC04MSAwDQp2IC04IC04MSAwDQp2IC05IC04MSAwDQp2IC0xMCAtODEgMA0KdiAtMTEgLTgxIDANCnYgLTEyIC04MSAwDQp2IC0xMyAtODEgMA0KdiAtMTQgLTgxIDANCnYgLTE1IC04MSAwDQp2IC0xNiAtODEgMA0KdiAtMTcgLTgxIDANCnYgLTE4IC04MSAwDQp2IC0xOSAtODEgMA0KdiAtMjAgLTgxIDANCnYgLTIxIC04MSAwDQp2IC0yMiAtODEgMA0KdiAtMjMgLTgxIDANCnYgLTI0IC04MSAwDQp2IC0yNSAtODEgMA0KdiAtMjYgLTgxIDANCnYgLTI3IC04MSAwDQp2IC0yOCAtODEgMA0KdiAtMjkgLTgxIDANCnYgLTMwIC04MSAwDQp2IC0zMSAtODEgMA0KdiAtMzIgLTgxIDANCnYgLTMzIC04MSAwDQp2IC0zNCAtODEgMA0KdiAtMzUgLTgxIDANCnYgLTM2IC04MSAwDQp2IC0zNyAtODEgMA0KdiAtMzggLTgxIDANCnYgLTM5IC04MSAwDQp2IC00MCAtODEgMA0KdiAtNDEgLTgxIDANCnYgLTQyIC04MSAwDQp2IC00MyAtODEgMA0KdiAtNDQgLTgxIDANCnYgLTQ1IC04MSAwDQp2IC00NiAtODEgMA0KdiAtNDcgLTgxIDANCnYgLTQ4IC04MSAwDQp2IC00OSAtODEgMA0KdiAtNTAgLTgxIDANCnYgLTUxIC04MSAwDQp2IC01MiAtODEgMA0KdiAtNTMgLTgxIDANCnYgLTU0IC04MSAwDQp2IC01NSAtODEgMA0KdiAtNTYgLTgxIDANCnYgLTU3IC04MSAwDQp2IC01OCAtODEgMA0KdiAtNTkgLTgxIDANCnYgLTYwIC04MSAwDQp2IC02MSAtODEgMA0KdiAtNjIgLTgxIDANCnYgLTYzIC04MSAwDQp2IC02NCAtODEgMA0KdiAtNjUgLTgxIDANCnYgLTY2IC04MSAwDQp2IC02NyAtODEgMA0KdiAtNjggLTgxIDANCnYgLTY5IC04MSAwDQp2IC03MCAtODEgMA0KdiAtNzEgLTgxIDANCnYgLTcyIC04MSAwDQp2IC03MyAtODEgMA0KdiAtNzQgLTgxIDANCnYgLTc1IC04MSAwDQp2IC03NiAtODEgMA0KdiAtNzcgLTgxIDANCnYgLTc4IC04MSAwDQp2IC03OSAtODEgMA0KdiAtODAgLTgxIDANCnYgLTgxIC04MSAwDQp2IC04MiAtODEgMA0KdiAtODMgLTgxIDANCnYgLTg0IC04MSAwDQp2IC04NSAtODEgMA0KdiAtODYgLTgxIDANCnYgLTg3IC04MSAwDQp2IC04OCAtODEgMA0KdiAtODkgLTgxIDANCnYgLTkwIC04MSAwDQp2IC05MSAtODEgMA0KdiAtOTIgLTgxIDANCnYgLTkzIC04MSAwDQp2IC05NCAtODEgMA0KdiAtOTUgLTgxIDANCnYgLTk2IC04MSAwDQp2IC05NyAtODEgMA0KdiAtOTggLTgxIDANCnYgLTk5IC04MSAwDQp2IC0xMDAgLTgxIDANCnYgMCAtODIgMA0KdiAtMSAtODIgMA0KdiAtMiAtODIgMA0KdiAtMyAtODIgMA0KdiAtNCAtODIgMA0KdiAtNSAtODIgMA0KdiAtNiAtODIgMA0KdiAtNyAtODIgMA0KdiAtOCAtODIgMA0KdiAtOSAtODIgMA0KdiAtMTAgLTgyIDANCnYgLTExIC04MiAwDQp2IC0xMiAtODIgMA0KdiAtMTMgLTgyIDANCnYgLTE0IC04MiAwDQp2IC0xNSAtODIgMA0KdiAtMTYgLTgyIDANCnYgLTE3IC04MiAwDQp2IC0xOCAtODIgMA0KdiAtMTkgLTgyIDANCnYgLTIwIC04MiAwDQp2IC0yMSAtODIgMA0KdiAtMjIgLTgyIDANCnYgLTIzIC04MiAwDQp2IC0yNCAtODIgMA0KdiAtMjUgLTgyIDANCnYgLTI2IC04MiAwDQp2IC0yNyAtODIgMA0KdiAtMjggLTgyIDANCnYgLTI5IC04MiAwDQp2IC0zMCAtODIgMA0KdiAtMzEgLTgyIDANCnYgLTMyIC04MiAwDQp2IC0zMyAtODIgMA0KdiAtMzQgLTgyIDANCnYgLTM1IC04MiAwDQp2IC0zNiAtODIgMA0KdiAtMzcgLTgyIDANCnYgLTM4IC04MiAwDQp2IC0zOSAtODIgMA0KdiAtNDAgLTgyIDANCnYgLTQxIC04MiAwDQp2IC00MiAtODIgMA0KdiAtNDMgLTgyIDANCnYgLTQ0IC04MiAwDQp2IC00NSAtODIgMA0KdiAtNDYgLTgyIDANCnYgLTQ3IC04MiAwDQp2IC00OCAtODIgMA0KdiAtNDkgLTgyIDANCnYgLTUwIC04MiAwDQp2IC01MSAtODIgMA0KdiAtNTIgLTgyIDANCnYgLTUzIC04MiAwDQp2IC01NCAtODIgMA0KdiAtNTUgLTgyIDANCnYgLTU2IC04MiAwDQp2IC01NyAtODIgMA0KdiAtNTggLTgyIDANCnYgLTU5IC04MiAwDQp2IC02MCAtODIgMA0KdiAtNjEgLTgyIDANCnYgLTYyIC04MiAwDQp2IC02MyAtODIgMA0KdiAtNjQgLTgyIDANCnYgLTY1IC04MiAwDQp2IC02NiAtODIgMA0KdiAtNjcgLTgyIDANCnYgLTY4IC04MiAwDQp2IC02OSAtODIgMA0KdiAtNzAgLTgyIDANCnYgLTcxIC04MiAwDQp2IC03MiAtODIgMA0KdiAtNzMgLTgyIDANCnYgLTc0IC04MiAwDQp2IC03NSAtODIgMA0KdiAtNzYgLTgyIDANCnYgLTc3IC04MiAwDQp2IC03OCAtODIgMA0KdiAtNzkgLTgyIDANCnYgLTgwIC04MiAwDQp2IC04MSAtODIgMA0KdiAtODIgLTgyIDANCnYgLTgzIC04MiAwDQp2IC04NCAtODIgMA0KdiAtODUgLTgyIDANCnYgLTg2IC04MiAwDQp2IC04NyAtODIgMA0KdiAtODggLTgyIDANCnYgLTg5IC04MiAwDQp2IC05MCAtODIgMA0KdiAtOTEgLTgyIDANCnYgLTkyIC04MiAwDQp2IC05MyAtODIgMA0KdiAtOTQgLTgyIDANCnYgLTk1IC04MiAwDQp2IC05NiAtODIgMA0KdiAtOTcgLTgyIDANCnYgLTk4IC04MiAwDQp2IC05OSAtODIgMA0KdiAtMTAwIC04MiAwDQp2IDAgLTgzIDANCnYgLTEgLTgzIDANCnYgLTIgLTgzIDANCnYgLTMgLTgzIDANCnYgLTQgLTgzIDANCnYgLTUgLTgzIDANCnYgLTYgLTgzIDANCnYgLTcgLTgzIDANCnYgLTggLTgzIDANCnYgLTkgLTgzIDANCnYgLTEwIC04MyAwDQp2IC0xMSAtODMgMA0KdiAtMTIgLTgzIDANCnYgLTEzIC04MyAwDQp2IC0xNCAtODMgMA0KdiAtMTUgLTgzIDANCnYgLTE2IC04MyAwDQp2IC0xNyAtODMgMA0KdiAtMTggLTgzIDANCnYgLTE5IC04MyAwDQp2IC0yMCAtODMgMA0KdiAtMjEgLTgzIDANCnYgLTIyIC04MyAwDQp2IC0yMyAtODMgMA0KdiAtMjQgLTgzIDANCnYgLTI1IC04MyAwDQp2IC0yNiAtODMgMA0KdiAtMjcgLTgzIDANCnYgLTI4IC04MyAwDQp2IC0yOSAtODMgMA0KdiAtMzAgLTgzIDANCnYgLTMxIC04MyAwDQp2IC0zMiAtODMgMA0KdiAtMzMgLTgzIDANCnYgLTM0IC04MyAwDQp2IC0zNSAtODMgMA0KdiAtMzYgLTgzIDANCnYgLTM3IC04MyAwDQp2IC0zOCAtODMgMA0KdiAtMzkgLTgzIDANCnYgLTQwIC04MyAwDQp2IC00MSAtODMgMA0KdiAtNDIgLTgzIDANCnYgLTQzIC04MyAwDQp2IC00NCAtODMgMA0KdiAtNDUgLTgzIDANCnYgLTQ2IC04MyAwDQp2IC00NyAtODMgMA0KdiAtNDggLTgzIDANCnYgLTQ5IC04MyAwDQp2IC01MCAtODMgMA0KdiAtNTEgLTgzIDANCnYgLTUyIC04MyAwDQp2IC01MyAtODMgMA0KdiAtNTQgLTgzIDANCnYgLTU1IC04MyAwDQp2IC01NiAtODMgMA0KdiAtNTcgLTgzIDANCnYgLTU4IC04MyAwDQp2IC01OSAtODMgMA0KdiAtNjAgLTgzIDANCnYgLTYxIC04MyAwDQp2IC02MiAtODMgMA0KdiAtNjMgLTgzIDANCnYgLTY0IC04MyAwDQp2IC02NSAtODMgMA0KdiAtNjYgLTgzIDANCnYgLTY3IC04MyAwDQp2IC02OCAtODMgMA0KdiAtNjkgLTgzIDANCnYgLTcwIC04MyAwDQp2IC03MSAtODMgMA0KdiAtNzIgLTgzIDANCnYgLTczIC04MyAwDQp2IC03NCAtODMgMA0KdiAtNzUgLTgzIDANCnYgLTc2IC04MyAwDQp2IC03NyAtODMgMA0KdiAtNzggLTgzIDANCnYgLTc5IC04MyAwDQp2IC04MCAtODMgMA0KdiAtODEgLTgzIDANCnYgLTgyIC04MyAwDQp2IC04MyAtODMgMA0KdiAtODQgLTgzIDANCnYgLTg1IC04MyAwDQp2IC04NiAtODMgMA0KdiAtODcgLTgzIDANCnYgLTg4IC04MyAwDQp2IC04OSAtODMgMA0KdiAtOTAgLTgzIDANCnYgLTkxIC04MyAwDQp2IC05MiAtODMgMA0KdiAtOTMgLTgzIDANCnYgLTk0IC04MyAwDQp2IC05NSAtODMgMA0KdiAtOTYgLTgzIDANCnYgLTk3IC04MyAwDQp2IC05OCAtODMgMA0KdiAtOTkgLTgzIDANCnYgLTEwMCAtODMgMA0KdiAwIC04NCAwDQp2IC0xIC04NCAwDQp2IC0yIC04NCAwDQp2IC0zIC04NCAwDQp2IC00IC04NCAwDQp2IC01IC04NCAwDQp2IC02IC04NCAwDQp2IC03IC04NCAwDQp2IC04IC04NCAwDQp2IC05IC04NCAwDQp2IC0xMCAtODQgMA0KdiAtMTEgLTg0IDANCnYgLTEyIC04NCAwDQp2IC0xMyAtODQgMA0KdiAtMTQgLTg0IDANCnYgLTE1IC04NCAwDQp2IC0xNiAtODQgMA0KdiAtMTcgLTg0IDANCnYgLTE4IC04NCAwDQp2IC0xOSAtODQgMA0KdiAtMjAgLTg0IDANCnYgLTIxIC04NCAwDQp2IC0yMiAtODQgMA0KdiAtMjMgLTg0IDANCnYgLTI0IC04NCAwDQp2IC0yNSAtODQgMA0KdiAtMjYgLTg0IDANCnYgLTI3IC04NCAwDQp2IC0yOCAtODQgMA0KdiAtMjkgLTg0IDANCnYgLTMwIC04NCAwDQp2IC0zMSAtODQgMA0KdiAtMzIgLTg0IDANCnYgLTMzIC04NCAwDQp2IC0zNCAtODQgMA0KdiAtMzUgLTg0IDANCnYgLTM2IC04NCAwDQp2IC0zNyAtODQgMA0KdiAtMzggLTg0IDANCnYgLTM5IC04NCAwDQp2IC00MCAtODQgMA0KdiAtNDEgLTg0IDANCnYgLTQyIC04NCAwDQp2IC00MyAtODQgMA0KdiAtNDQgLTg0IDANCnYgLTQ1IC04NCAwDQp2IC00NiAtODQgMA0KdiAtNDcgLTg0IDANCnYgLTQ4IC04NCAwDQp2IC00OSAtODQgMA0KdiAtNTAgLTg0IDANCnYgLTUxIC04NCAwDQp2IC01MiAtODQgMA0KdiAtNTMgLTg0IDANCnYgLTU0IC04NCAwDQp2IC01NSAtODQgMA0KdiAtNTYgLTg0IDANCnYgLTU3IC04NCAwDQp2IC01OCAtODQgMA0KdiAtNTkgLTg0IDANCnYgLTYwIC04NCAwDQp2IC02MSAtODQgMA0KdiAtNjIgLTg0IDANCnYgLTYzIC04NCAwDQp2IC02NCAtODQgMA0KdiAtNjUgLTg0IDANCnYgLTY2IC04NCAwDQp2IC02NyAtODQgMA0KdiAtNjggLTg0IDANCnYgLTY5IC04NCAwDQp2IC03MCAtODQgMA0KdiAtNzEgLTg0IDANCnYgLTcyIC04NCAwDQp2IC03MyAtODQgMA0KdiAtNzQgLTg0IDANCnYgLTc1IC04NCAwDQp2IC03NiAtODQgMA0KdiAtNzcgLTg0IDANCnYgLTc4IC04NCAwDQp2IC03OSAtODQgMA0KdiAtODAgLTg0IDANCnYgLTgxIC04NCAwDQp2IC04MiAtODQgMA0KdiAtODMgLTg0IDANCnYgLTg0IC04NCAwDQp2IC04NSAtODQgMA0KdiAtODYgLTg0IDANCnYgLTg3IC04NCAwDQp2IC04OCAtODQgMA0KdiAtODkgLTg0IDANCnYgLTkwIC04NCAwDQp2IC05MSAtODQgMA0KdiAtOTIgLTg0IDANCnYgLTkzIC04NCAwDQp2IC05NCAtODQgMA0KdiAtOTUgLTg0IDANCnYgLTk2IC04NCAwDQp2IC05NyAtODQgMA0KdiAtOTggLTg0IDANCnYgLTk5IC04NCAwDQp2IC0xMDAgLTg0IDANCnYgMCAtODUgMA0KdiAtMSAtODUgMA0KdiAtMiAtODUgMA0KdiAtMyAtODUgMA0KdiAtNCAtODUgMA0KdiAtNSAtODUgMA0KdiAtNiAtODUgMA0KdiAtNyAtODUgMA0KdiAtOCAtODUgMA0KdiAtOSAtODUgMA0KdiAtMTAgLTg1IDANCnYgLTExIC04NSAwDQp2IC0xMiAtODUgMA0KdiAtMTMgLTg1IDANCnYgLTE0IC04NSAwDQp2IC0xNSAtODUgMA0KdiAtMTYgLTg1IDANCnYgLTE3IC04NSAwDQp2IC0xOCAtODUgMA0KdiAtMTkgLTg1IDANCnYgLTIwIC04NSAwDQp2IC0yMSAtODUgMA0KdiAtMjIgLTg1IDANCnYgLTIzIC04NSAwDQp2IC0yNCAtODUgMA0KdiAtMjUgLTg1IDANCnYgLTI2IC04NSAwDQp2IC0yNyAtODUgMA0KdiAtMjggLTg1IDANCnYgLTI5IC04NSAwDQp2IC0zMCAtODUgMA0KdiAtMzEgLTg1IDANCnYgLTMyIC04NSAwDQp2IC0zMyAtODUgMA0KdiAtMzQgLTg1IDANCnYgLTM1IC04NSAwDQp2IC0zNiAtODUgMA0KdiAtMzcgLTg1IDANCnYgLTM4IC04NSAwDQp2IC0zOSAtODUgMA0KdiAtNDAgLTg1IDANCnYgLTQxIC04NSAwDQp2IC00MiAtODUgMA0KdiAtNDMgLTg1IDANCnYgLTQ0IC04NSAwDQp2IC00NSAtODUgMA0KdiAtNDYgLTg1IDANCnYgLTQ3IC04NSAwDQp2IC00OCAtODUgMA0KdiAtNDkgLTg1IDANCnYgLTUwIC04NSAwDQp2IC01MSAtODUgMA0KdiAtNTIgLTg1IDANCnYgLTUzIC04NSAwDQp2IC01NCAtODUgMA0KdiAtNTUgLTg1IDANCnYgLTU2IC04NSAwDQp2IC01NyAtODUgMA0KdiAtNTggLTg1IDANCnYgLTU5IC04NSAwDQp2IC02MCAtODUgMA0KdiAtNjEgLTg1IDANCnYgLTYyIC04NSAwDQp2IC02MyAtODUgMA0KdiAtNjQgLTg1IDANCnYgLTY1IC04NSAwDQp2IC02NiAtODUgMA0KdiAtNjcgLTg1IDANCnYgLTY4IC04NSAwDQp2IC02OSAtODUgMA0KdiAtNzAgLTg1IDANCnYgLTcxIC04NSAwDQp2IC03MiAtODUgMA0KdiAtNzMgLTg1IDANCnYgLTc0IC04NSAwDQp2IC03NSAtODUgMA0KdiAtNzYgLTg1IDANCnYgLTc3IC04NSAwDQp2IC03OCAtODUgMA0KdiAtNzkgLTg1IDANCnYgLTgwIC04NSAwDQp2IC04MSAtODUgMA0KdiAtODIgLTg1IDANCnYgLTgzIC04NSAwDQp2IC04NCAtODUgMA0KdiAtODUgLTg1IDANCnYgLTg2IC04NSAwDQp2IC04NyAtODUgMA0KdiAtODggLTg1IDANCnYgLTg5IC04NSAwDQp2IC05MCAtODUgMA0KdiAtOTEgLTg1IDANCnYgLTkyIC04NSAwDQp2IC05MyAtODUgMA0KdiAtOTQgLTg1IDANCnYgLTk1IC04NSAwDQp2IC05NiAtODUgMA0KdiAtOTcgLTg1IDANCnYgLTk4IC04NSAwDQp2IC05OSAtODUgMA0KdiAtMTAwIC04NSAwDQp2IDAgLTg2IDANCnYgLTEgLTg2IDANCnYgLTIgLTg2IDANCnYgLTMgLTg2IDANCnYgLTQgLTg2IDANCnYgLTUgLTg2IDANCnYgLTYgLTg2IDANCnYgLTcgLTg2IDANCnYgLTggLTg2IDANCnYgLTkgLTg2IDANCnYgLTEwIC04NiAwDQp2IC0xMSAtODYgMA0KdiAtMTIgLTg2IDANCnYgLTEzIC04NiAwDQp2IC0xNCAtODYgMA0KdiAtMTUgLTg2IDANCnYgLTE2IC04NiAwDQp2IC0xNyAtODYgMA0KdiAtMTggLTg2IDANCnYgLTE5IC04NiAwDQp2IC0yMCAtODYgMA0KdiAtMjEgLTg2IDANCnYgLTIyIC04NiAwDQp2IC0yMyAtODYgMA0KdiAtMjQgLTg2IDANCnYgLTI1IC04NiAwDQp2IC0yNiAtODYgMA0KdiAtMjcgLTg2IDANCnYgLTI4IC04NiAwDQp2IC0yOSAtODYgMA0KdiAtMzAgLTg2IDANCnYgLTMxIC04NiAwDQp2IC0zMiAtODYgMA0KdiAtMzMgLTg2IDANCnYgLTM0IC04NiAwDQp2IC0zNSAtODYgMA0KdiAtMzYgLTg2IDANCnYgLTM3IC04NiAwDQp2IC0zOCAtODYgMA0KdiAtMzkgLTg2IDANCnYgLTQwIC04NiAwDQp2IC00MSAtODYgMA0KdiAtNDIgLTg2IDANCnYgLTQzIC04NiAwDQp2IC00NCAtODYgMA0KdiAtNDUgLTg2IDANCnYgLTQ2IC04NiAwDQp2IC00NyAtODYgMA0KdiAtNDggLTg2IDANCnYgLTQ5IC04NiAwDQp2IC01MCAtODYgMA0KdiAtNTEgLTg2IDANCnYgLTUyIC04NiAwDQp2IC01MyAtODYgMA0KdiAtNTQgLTg2IDANCnYgLTU1IC04NiAwDQp2IC01NiAtODYgMA0KdiAtNTcgLTg2IDANCnYgLTU4IC04NiAwDQp2IC01OSAtODYgMA0KdiAtNjAgLTg2IDANCnYgLTYxIC04NiAwDQp2IC02MiAtODYgMA0KdiAtNjMgLTg2IDANCnYgLTY0IC04NiAwDQp2IC02NSAtODYgMA0KdiAtNjYgLTg2IDANCnYgLTY3IC04NiAwDQp2IC02OCAtODYgMA0KdiAtNjkgLTg2IDANCnYgLTcwIC04NiAwDQp2IC03MSAtODYgMA0KdiAtNzIgLTg2IDANCnYgLTczIC04NiAwDQp2IC03NCAtODYgMA0KdiAtNzUgLTg2IDANCnYgLTc2IC04NiAwDQp2IC03NyAtODYgMA0KdiAtNzggLTg2IDANCnYgLTc5IC04NiAwDQp2IC04MCAtODYgMA0KdiAtODEgLTg2IDANCnYgLTgyIC04NiAwDQp2IC04MyAtODYgMA0KdiAtODQgLTg2IDANCnYgLTg1IC04NiAwDQp2IC04NiAtODYgMA0KdiAtODcgLTg2IDANCnYgLTg4IC04NiAwDQp2IC04OSAtODYgMA0KdiAtOTAgLTg2IDANCnYgLTkxIC04NiAwDQp2IC05MiAtODYgMA0KdiAtOTMgLTg2IDANCnYgLTk0IC04NiAwDQp2IC05NSAtODYgMA0KdiAtOTYgLTg2IDANCnYgLTk3IC04NiAwDQp2IC05OCAtODYgMA0KdiAtOTkgLTg2IDANCnYgLTEwMCAtODYgMA0KdiAwIC04NyAwDQp2IC0xIC04NyAwDQp2IC0yIC04NyAwDQp2IC0zIC04NyAwDQp2IC00IC04NyAwDQp2IC01IC04NyAwDQp2IC02IC04NyAwDQp2IC03IC04NyAwDQp2IC04IC04NyAwDQp2IC05IC04NyAwDQp2IC0xMCAtODcgMA0KdiAtMTEgLTg3IDANCnYgLTEyIC04NyAwDQp2IC0xMyAtODcgMA0KdiAtMTQgLTg3IDANCnYgLTE1IC04NyAwDQp2IC0xNiAtODcgMA0KdiAtMTcgLTg3IDANCnYgLTE4IC04NyAwDQp2IC0xOSAtODcgMA0KdiAtMjAgLTg3IDANCnYgLTIxIC04NyAwDQp2IC0yMiAtODcgMA0KdiAtMjMgLTg3IDANCnYgLTI0IC04NyAwDQp2IC0yNSAtODcgMA0KdiAtMjYgLTg3IDANCnYgLTI3IC04NyAwDQp2IC0yOCAtODcgMA0KdiAtMjkgLTg3IDANCnYgLTMwIC04NyAwDQp2IC0zMSAtODcgMA0KdiAtMzIgLTg3IDANCnYgLTMzIC04NyAwDQp2IC0zNCAtODcgMA0KdiAtMzUgLTg3IDANCnYgLTM2IC04NyAwDQp2IC0zNyAtODcgMA0KdiAtMzggLTg3IDANCnYgLTM5IC04NyAwDQp2IC00MCAtODcgMA0KdiAtNDEgLTg3IDANCnYgLTQyIC04NyAwDQp2IC00MyAtODcgMA0KdiAtNDQgLTg3IDANCnYgLTQ1IC04NyAwDQp2IC00NiAtODcgMA0KdiAtNDcgLTg3IDANCnYgLTQ4IC04NyAwDQp2IC00OSAtODcgMA0KdiAtNTAgLTg3IDANCnYgLTUxIC04NyAwDQp2IC01MiAtODcgMA0KdiAtNTMgLTg3IDANCnYgLTU0IC04NyAwDQp2IC01NSAtODcgMA0KdiAtNTYgLTg3IDANCnYgLTU3IC04NyAwDQp2IC01OCAtODcgMA0KdiAtNTkgLTg3IDANCnYgLTYwIC04NyAwDQp2IC02MSAtODcgMA0KdiAtNjIgLTg3IDANCnYgLTYzIC04NyAwDQp2IC02NCAtODcgMA0KdiAtNjUgLTg3IDANCnYgLTY2IC04NyAwDQp2IC02NyAtODcgMA0KdiAtNjggLTg3IDANCnYgLTY5IC04NyAwDQp2IC03MCAtODcgMA0KdiAtNzEgLTg3IDANCnYgLTcyIC04NyAwDQp2IC03MyAtODcgMA0KdiAtNzQgLTg3IDANCnYgLTc1IC04NyAwDQp2IC03NiAtODcgMA0KdiAtNzcgLTg3IDANCnYgLTc4IC04NyAwDQp2IC03OSAtODcgMA0KdiAtODAgLTg3IDANCnYgLTgxIC04NyAwDQp2IC04MiAtODcgMA0KdiAtODMgLTg3IDANCnYgLTg0IC04NyAwDQp2IC04NSAtODcgMA0KdiAtODYgLTg3IDANCnYgLTg3IC04NyAwDQp2IC04OCAtODcgMA0KdiAtODkgLTg3IDANCnYgLTkwIC04NyAwDQp2IC05MSAtODcgMA0KdiAtOTIgLTg3IDANCnYgLTkzIC04NyAwDQp2IC05NCAtODcgMA0KdiAtOTUgLTg3IDANCnYgLTk2IC04NyAwDQp2IC05NyAtODcgMA0KdiAtOTggLTg3IDANCnYgLTk5IC04NyAwDQp2IC0xMDAgLTg3IDANCnYgMCAtODggMA0KdiAtMSAtODggMA0KdiAtMiAtODggMA0KdiAtMyAtODggMA0KdiAtNCAtODggMA0KdiAtNSAtODggMA0KdiAtNiAtODggMA0KdiAtNyAtODggMA0KdiAtOCAtODggMA0KdiAtOSAtODggMA0KdiAtMTAgLTg4IDANCnYgLTExIC04OCAwDQp2IC0xMiAtODggMA0KdiAtMTMgLTg4IDANCnYgLTE0IC04OCAwDQp2IC0xNSAtODggMA0KdiAtMTYgLTg4IDANCnYgLTE3IC04OCAwDQp2IC0xOCAtODggMA0KdiAtMTkgLTg4IDANCnYgLTIwIC04OCAwDQp2IC0yMSAtODggMA0KdiAtMjIgLTg4IDANCnYgLTIzIC04OCAwDQp2IC0yNCAtODggMA0KdiAtMjUgLTg4IDANCnYgLTI2IC04OCAwDQp2IC0yNyAtODggMA0KdiAtMjggLTg4IDANCnYgLTI5IC04OCAwDQp2IC0zMCAtODggMA0KdiAtMzEgLTg4IDANCnYgLTMyIC04OCAwDQp2IC0zMyAtODggMA0KdiAtMzQgLTg4IDANCnYgLTM1IC04OCAwDQp2IC0zNiAtODggMA0KdiAtMzcgLTg4IDANCnYgLTM4IC04OCAwDQp2IC0zOSAtODggMA0KdiAtNDAgLTg4IDANCnYgLTQxIC04OCAwDQp2IC00MiAtODggMA0KdiAtNDMgLTg4IDANCnYgLTQ0IC04OCAwDQp2IC00NSAtODggMA0KdiAtNDYgLTg4IDANCnYgLTQ3IC04OCAwDQp2IC00OCAtODggMA0KdiAtNDkgLTg4IDANCnYgLTUwIC04OCAwDQp2IC01MSAtODggMA0KdiAtNTIgLTg4IDANCnYgLTUzIC04OCAwDQp2IC01NCAtODggMA0KdiAtNTUgLTg4IDANCnYgLTU2IC04OCAwDQp2IC01NyAtODggMA0KdiAtNTggLTg4IDANCnYgLTU5IC04OCAwDQp2IC02MCAtODggMA0KdiAtNjEgLTg4IDANCnYgLTYyIC04OCAwDQp2IC02MyAtODggMA0KdiAtNjQgLTg4IDANCnYgLTY1IC04OCAwDQp2IC02NiAtODggMA0KdiAtNjcgLTg4IDANCnYgLTY4IC04OCAwDQp2IC02OSAtODggMA0KdiAtNzAgLTg4IDANCnYgLTcxIC04OCAwDQp2IC03MiAtODggMA0KdiAtNzMgLTg4IDANCnYgLTc0IC04OCAwDQp2IC03NSAtODggMA0KdiAtNzYgLTg4IDANCnYgLTc3IC04OCAwDQp2IC03OCAtODggMA0KdiAtNzkgLTg4IDANCnYgLTgwIC04OCAwDQp2IC04MSAtODggMA0KdiAtODIgLTg4IDANCnYgLTgzIC04OCAwDQp2IC04NCAtODggMA0KdiAtODUgLTg4IDANCnYgLTg2IC04OCAwDQp2IC04NyAtODggMA0KdiAtODggLTg4IDANCnYgLTg5IC04OCAwDQp2IC05MCAtODggMA0KdiAtOTEgLTg4IDANCnYgLTkyIC04OCAwDQp2IC05MyAtODggMA0KdiAtOTQgLTg4IDANCnYgLTk1IC04OCAwDQp2IC05NiAtODggMA0KdiAtOTcgLTg4IDANCnYgLTk4IC04OCAwDQp2IC05OSAtODggMA0KdiAtMTAwIC04OCAwDQp2IDAgLTg5IDANCnYgLTEgLTg5IDANCnYgLTIgLTg5IDANCnYgLTMgLTg5IDANCnYgLTQgLTg5IDANCnYgLTUgLTg5IDANCnYgLTYgLTg5IDANCnYgLTcgLTg5IDANCnYgLTggLTg5IDANCnYgLTkgLTg5IDANCnYgLTEwIC04OSAwDQp2IC0xMSAtODkgMA0KdiAtMTIgLTg5IDANCnYgLTEzIC04OSAwDQp2IC0xNCAtODkgMA0KdiAtMTUgLTg5IDANCnYgLTE2IC04OSAwDQp2IC0xNyAtODkgMA0KdiAtMTggLTg5IDANCnYgLTE5IC04OSAwDQp2IC0yMCAtODkgMA0KdiAtMjEgLTg5IDANCnYgLTIyIC04OSAwDQp2IC0yMyAtODkgMA0KdiAtMjQgLTg5IDANCnYgLTI1IC04OSAwDQp2IC0yNiAtODkgMA0KdiAtMjcgLTg5IDANCnYgLTI4IC04OSAwDQp2IC0yOSAtODkgMA0KdiAtMzAgLTg5IDANCnYgLTMxIC04OSAwDQp2IC0zMiAtODkgMA0KdiAtMzMgLTg5IDANCnYgLTM0IC04OSAwDQp2IC0zNSAtODkgMA0KdiAtMzYgLTg5IDANCnYgLTM3IC04OSAwDQp2IC0zOCAtODkgMA0KdiAtMzkgLTg5IDANCnYgLTQwIC04OSAwDQp2IC00MSAtODkgMA0KdiAtNDIgLTg5IDANCnYgLTQzIC04OSAwDQp2IC00NCAtODkgMA0KdiAtNDUgLTg5IDANCnYgLTQ2IC04OSAwDQp2IC00NyAtODkgMA0KdiAtNDggLTg5IDANCnYgLTQ5IC04OSAwDQp2IC01MCAtODkgMA0KdiAtNTEgLTg5IDANCnYgLTUyIC04OSAwDQp2IC01MyAtODkgMA0KdiAtNTQgLTg5IDANCnYgLTU1IC04OSAwDQp2IC01NiAtODkgMA0KdiAtNTcgLTg5IDANCnYgLTU4IC04OSAwDQp2IC01OSAtODkgMA0KdiAtNjAgLTg5IDANCnYgLTYxIC04OSAwDQp2IC02MiAtODkgMA0KdiAtNjMgLTg5IDANCnYgLTY0IC04OSAwDQp2IC02NSAtODkgMA0KdiAtNjYgLTg5IDANCnYgLTY3IC04OSAwDQp2IC02OCAtODkgMA0KdiAtNjkgLTg5IDANCnYgLTcwIC04OSAwDQp2IC03MSAtODkgMA0KdiAtNzIgLTg5IDANCnYgLTczIC04OSAwDQp2IC03NCAtODkgMA0KdiAtNzUgLTg5IDANCnYgLTc2IC04OSAwDQp2IC03NyAtODkgMA0KdiAtNzggLTg5IDANCnYgLTc5IC04OSAwDQp2IC04MCAtODkgMA0KdiAtODEgLTg5IDANCnYgLTgyIC04OSAwDQp2IC04MyAtODkgMA0KdiAtODQgLTg5IDANCnYgLTg1IC04OSAwDQp2IC04NiAtODkgMA0KdiAtODcgLTg5IDANCnYgLTg4IC04OSAwDQp2IC04OSAtODkgMA0KdiAtOTAgLTg5IDANCnYgLTkxIC04OSAwDQp2IC05MiAtODkgMA0KdiAtOTMgLTg5IDANCnYgLTk0IC04OSAwDQp2IC05NSAtODkgMA0KdiAtOTYgLTg5IDANCnYgLTk3IC04OSAwDQp2IC05OCAtODkgMA0KdiAtOTkgLTg5IDANCnYgLTEwMCAtODkgMA0KdiAwIC05MCAwDQp2IC0xIC05MCAwDQp2IC0yIC05MCAwDQp2IC0zIC05MCAwDQp2IC00IC05MCAwDQp2IC01IC05MCAwDQp2IC02IC05MCAwDQp2IC03IC05MCAwDQp2IC04IC05MCAwDQp2IC05IC05MCAwDQp2IC0xMCAtOTAgMA0KdiAtMTEgLTkwIDANCnYgLTEyIC05MCAwDQp2IC0xMyAtOTAgMA0KdiAtMTQgLTkwIDANCnYgLTE1IC05MCAwDQp2IC0xNiAtOTAgMA0KdiAtMTcgLTkwIDANCnYgLTE4IC05MCAwDQp2IC0xOSAtOTAgMA0KdiAtMjAgLTkwIDANCnYgLTIxIC05MCAwDQp2IC0yMiAtOTAgMA0KdiAtMjMgLTkwIDANCnYgLTI0IC05MCAwDQp2IC0yNSAtOTAgMA0KdiAtMjYgLTkwIDANCnYgLTI3IC05MCAwDQp2IC0yOCAtOTAgMA0KdiAtMjkgLTkwIDANCnYgLTMwIC05MCAwDQp2IC0zMSAtOTAgMA0KdiAtMzIgLTkwIDANCnYgLTMzIC05MCAwDQp2IC0zNCAtOTAgMA0KdiAtMzUgLTkwIDANCnYgLTM2IC05MCAwDQp2IC0zNyAtOTAgMA0KdiAtMzggLTkwIDANCnYgLTM5IC05MCAwDQp2IC00MCAtOTAgMA0KdiAtNDEgLTkwIDANCnYgLTQyIC05MCAwDQp2IC00MyAtOTAgMA0KdiAtNDQgLTkwIDANCnYgLTQ1IC05MCAwDQp2IC00NiAtOTAgMA0KdiAtNDcgLTkwIDANCnYgLTQ4IC05MCAwDQp2IC00OSAtOTAgMA0KdiAtNTAgLTkwIDANCnYgLTUxIC05MCAwDQp2IC01MiAtOTAgMA0KdiAtNTMgLTkwIDANCnYgLTU0IC05MCAwDQp2IC01NSAtOTAgMA0KdiAtNTYgLTkwIDANCnYgLTU3IC05MCAwDQp2IC01OCAtOTAgMA0KdiAtNTkgLTkwIDANCnYgLTYwIC05MCAwDQp2IC02MSAtOTAgMA0KdiAtNjIgLTkwIDANCnYgLTYzIC05MCAwDQp2IC02NCAtOTAgMA0KdiAtNjUgLTkwIDANCnYgLTY2IC05MCAwDQp2IC02NyAtOTAgMA0KdiAtNjggLTkwIDANCnYgLTY5IC05MCAwDQp2IC03MCAtOTAgMA0KdiAtNzEgLTkwIDANCnYgLTcyIC05MCAwDQp2IC03MyAtOTAgMA0KdiAtNzQgLTkwIDANCnYgLTc1IC05MCAwDQp2IC03NiAtOTAgMA0KdiAtNzcgLTkwIDANCnYgLTc4IC05MCAwDQp2IC03OSAtOTAgMA0KdiAtODAgLTkwIDANCnYgLTgxIC05MCAwDQp2IC04MiAtOTAgMA0KdiAtODMgLTkwIDANCnYgLTg0IC05MCAwDQp2IC04NSAtOTAgMA0KdiAtODYgLTkwIDANCnYgLTg3IC05MCAwDQp2IC04OCAtOTAgMA0KdiAtODkgLTkwIDANCnYgLTkwIC05MCAwDQp2IC05MSAtOTAgMA0KdiAtOTIgLTkwIDANCnYgLTkzIC05MCAwDQp2IC05NCAtOTAgMA0KdiAtOTUgLTkwIDANCnYgLTk2IC05MCAwDQp2IC05NyAtOTAgMA0KdiAtOTggLTkwIDANCnYgLTk5IC05MCAwDQp2IC0xMDAgLTkwIDANCnYgMCAtOTEgMA0KdiAtMSAtOTEgMA0KdiAtMiAtOTEgMA0KdiAtMyAtOTEgMA0KdiAtNCAtOTEgMA0KdiAtNSAtOTEgMA0KdiAtNiAtOTEgMA0KdiAtNyAtOTEgMA0KdiAtOCAtOTEgMA0KdiAtOSAtOTEgMA0KdiAtMTAgLTkxIDANCnYgLTExIC05MSAwDQp2IC0xMiAtOTEgMA0KdiAtMTMgLTkxIDANCnYgLTE0IC05MSAwDQp2IC0xNSAtOTEgMA0KdiAtMTYgLTkxIDANCnYgLTE3IC05MSAwDQp2IC0xOCAtOTEgMA0KdiAtMTkgLTkxIDANCnYgLTIwIC05MSAwDQp2IC0yMSAtOTEgMA0KdiAtMjIgLTkxIDANCnYgLTIzIC05MSAwDQp2IC0yNCAtOTEgMA0KdiAtMjUgLTkxIDANCnYgLTI2IC05MSAwDQp2IC0yNyAtOTEgMA0KdiAtMjggLTkxIDANCnYgLTI5IC05MSAwDQp2IC0zMCAtOTEgMA0KdiAtMzEgLTkxIDANCnYgLTMyIC05MSAwDQp2IC0zMyAtOTEgMA0KdiAtMzQgLTkxIDANCnYgLTM1IC05MSAwDQp2IC0zNiAtOTEgMA0KdiAtMzcgLTkxIDANCnYgLTM4IC05MSAwDQp2IC0zOSAtOTEgMA0KdiAtNDAgLTkxIDANCnYgLTQxIC05MSAwDQp2IC00MiAtOTEgMA0KdiAtNDMgLTkxIDANCnYgLTQ0IC05MSAwDQp2IC00NSAtOTEgMA0KdiAtNDYgLTkxIDANCnYgLTQ3IC05MSAwDQp2IC00OCAtOTEgMA0KdiAtNDkgLTkxIDANCnYgLTUwIC05MSAwDQp2IC01MSAtOTEgMA0KdiAtNTIgLTkxIDANCnYgLTUzIC05MSAwDQp2IC01NCAtOTEgMA0KdiAtNTUgLTkxIDANCnYgLTU2IC05MSAwDQp2IC01NyAtOTEgMA0KdiAtNTggLTkxIDANCnYgLTU5IC05MSAwDQp2IC02MCAtOTEgMA0KdiAtNjEgLTkxIDANCnYgLTYyIC05MSAwDQp2IC02MyAtOTEgMA0KdiAtNjQgLTkxIDANCnYgLTY1IC05MSAwDQp2IC02NiAtOTEgMA0KdiAtNjcgLTkxIDANCnYgLTY4IC05MSAwDQp2IC02OSAtOTEgMA0KdiAtNzAgLTkxIDANCnYgLTcxIC05MSAwDQp2IC03MiAtOTEgMA0KdiAtNzMgLTkxIDANCnYgLTc0IC05MSAwDQp2IC03NSAtOTEgMA0KdiAtNzYgLTkxIDANCnYgLTc3IC05MSAwDQp2IC03OCAtOTEgMA0KdiAtNzkgLTkxIDANCnYgLTgwIC05MSAwDQp2IC04MSAtOTEgMA0KdiAtODIgLTkxIDANCnYgLTgzIC05MSAwDQp2IC04NCAtOTEgMA0KdiAtODUgLTkxIDANCnYgLTg2IC05MSAwDQp2IC04NyAtOTEgMA0KdiAtODggLTkxIDANCnYgLTg5IC05MSAwDQp2IC05MCAtOTEgMA0KdiAtOTEgLTkxIDANCnYgLTkyIC05MSAwDQp2IC05MyAtOTEgMA0KdiAtOTQgLTkxIDANCnYgLTk1IC05MSAwDQp2IC05NiAtOTEgMA0KdiAtOTcgLTkxIDANCnYgLTk4IC05MSAwDQp2IC05OSAtOTEgMA0KdiAtMTAwIC05MSAwDQp2IDAgLTkyIDANCnYgLTEgLTkyIDANCnYgLTIgLTkyIDANCnYgLTMgLTkyIDANCnYgLTQgLTkyIDANCnYgLTUgLTkyIDANCnYgLTYgLTkyIDANCnYgLTcgLTkyIDANCnYgLTggLTkyIDANCnYgLTkgLTkyIDANCnYgLTEwIC05MiAwDQp2IC0xMSAtOTIgMA0KdiAtMTIgLTkyIDANCnYgLTEzIC05MiAwDQp2IC0xNCAtOTIgMA0KdiAtMTUgLTkyIDANCnYgLTE2IC05MiAwDQp2IC0xNyAtOTIgMA0KdiAtMTggLTkyIDANCnYgLTE5IC05MiAwDQp2IC0yMCAtOTIgMA0KdiAtMjEgLTkyIDANCnYgLTIyIC05MiAwDQp2IC0yMyAtOTIgMA0KdiAtMjQgLTkyIDANCnYgLTI1IC05MiAwDQp2IC0yNiAtOTIgMA0KdiAtMjcgLTkyIDANCnYgLTI4IC05MiAwDQp2IC0yOSAtOTIgMA0KdiAtMzAgLTkyIDANCnYgLTMxIC05MiAwDQp2IC0zMiAtOTIgMA0KdiAtMzMgLTkyIDANCnYgLTM0IC05MiAwDQp2IC0zNSAtOTIgMA0KdiAtMzYgLTkyIDANCnYgLTM3IC05MiAwDQp2IC0zOCAtOTIgMA0KdiAtMzkgLTkyIDANCnYgLTQwIC05MiAwDQp2IC00MSAtOTIgMA0KdiAtNDIgLTkyIDANCnYgLTQzIC05MiAwDQp2IC00NCAtOTIgMA0KdiAtNDUgLTkyIDANCnYgLTQ2IC05MiAwDQp2IC00NyAtOTIgMA0KdiAtNDggLTkyIDANCnYgLTQ5IC05MiAwDQp2IC01MCAtOTIgMA0KdiAtNTEgLTkyIDANCnYgLTUyIC05MiAwDQp2IC01MyAtOTIgMA0KdiAtNTQgLTkyIDANCnYgLTU1IC05MiAwDQp2IC01NiAtOTIgMA0KdiAtNTcgLTkyIDANCnYgLTU4IC05MiAwDQp2IC01OSAtOTIgMA0KdiAtNjAgLTkyIDANCnYgLTYxIC05MiAwDQp2IC02MiAtOTIgMA0KdiAtNjMgLTkyIDANCnYgLTY0IC05MiAwDQp2IC02NSAtOTIgMA0KdiAtNjYgLTkyIDANCnYgLTY3IC05MiAwDQp2IC02OCAtOTIgMA0KdiAtNjkgLTkyIDANCnYgLTcwIC05MiAwDQp2IC03MSAtOTIgMA0KdiAtNzIgLTkyIDANCnYgLTczIC05MiAwDQp2IC03NCAtOTIgMA0KdiAtNzUgLTkyIDANCnYgLTc2IC05MiAwDQp2IC03NyAtOTIgMA0KdiAtNzggLTkyIDANCnYgLTc5IC05MiAwDQp2IC04MCAtOTIgMA0KdiAtODEgLTkyIDANCnYgLTgyIC05MiAwDQp2IC04MyAtOTIgMA0KdiAtODQgLTkyIDANCnYgLTg1IC05MiAwDQp2IC04NiAtOTIgMA0KdiAtODcgLTkyIDANCnYgLTg4IC05MiAwDQp2IC04OSAtOTIgMA0KdiAtOTAgLTkyIDANCnYgLTkxIC05MiAwDQp2IC05MiAtOTIgMA0KdiAtOTMgLTkyIDANCnYgLTk0IC05MiAwDQp2IC05NSAtOTIgMA0KdiAtOTYgLTkyIDANCnYgLTk3IC05MiAwDQp2IC05OCAtOTIgMA0KdiAtOTkgLTkyIDANCnYgLTEwMCAtOTIgMA0KdiAwIC05MyAwDQp2IC0xIC05MyAwDQp2IC0yIC05MyAwDQp2IC0zIC05MyAwDQp2IC00IC05MyAwDQp2IC01IC05MyAwDQp2IC02IC05MyAwDQp2IC03IC05MyAwDQp2IC04IC05MyAwDQp2IC05IC05MyAwDQp2IC0xMCAtOTMgMA0KdiAtMTEgLTkzIDANCnYgLTEyIC05MyAwDQp2IC0xMyAtOTMgMA0KdiAtMTQgLTkzIDANCnYgLTE1IC05MyAwDQp2IC0xNiAtOTMgMA0KdiAtMTcgLTkzIDANCnYgLTE4IC05MyAwDQp2IC0xOSAtOTMgMA0KdiAtMjAgLTkzIDANCnYgLTIxIC05MyAwDQp2IC0yMiAtOTMgMA0KdiAtMjMgLTkzIDANCnYgLTI0IC05MyAwDQp2IC0yNSAtOTMgMA0KdiAtMjYgLTkzIDANCnYgLTI3IC05MyAwDQp2IC0yOCAtOTMgMA0KdiAtMjkgLTkzIDANCnYgLTMwIC05MyAwDQp2IC0zMSAtOTMgMA0KdiAtMzIgLTkzIDANCnYgLTMzIC05MyAwDQp2IC0zNCAtOTMgMA0KdiAtMzUgLTkzIDANCnYgLTM2IC05MyAwDQp2IC0zNyAtOTMgMA0KdiAtMzggLTkzIDANCnYgLTM5IC05MyAwDQp2IC00MCAtOTMgMA0KdiAtNDEgLTkzIDANCnYgLTQyIC05MyAwDQp2IC00MyAtOTMgMA0KdiAtNDQgLTkzIDANCnYgLTQ1IC05MyAwDQp2IC00NiAtOTMgMA0KdiAtNDcgLTkzIDANCnYgLTQ4IC05MyAwDQp2IC00OSAtOTMgMA0KdiAtNTAgLTkzIDANCnYgLTUxIC05MyAwDQp2IC01MiAtOTMgMA0KdiAtNTMgLTkzIDANCnYgLTU0IC05MyAwDQp2IC01NSAtOTMgMA0KdiAtNTYgLTkzIDANCnYgLTU3IC05MyAwDQp2IC01OCAtOTMgMA0KdiAtNTkgLTkzIDANCnYgLTYwIC05MyAwDQp2IC02MSAtOTMgMA0KdiAtNjIgLTkzIDANCnYgLTYzIC05MyAwDQp2IC02NCAtOTMgMA0KdiAtNjUgLTkzIDANCnYgLTY2IC05MyAwDQp2IC02NyAtOTMgMA0KdiAtNjggLTkzIDANCnYgLTY5IC05MyAwDQp2IC03MCAtOTMgMA0KdiAtNzEgLTkzIDANCnYgLTcyIC05MyAwDQp2IC03MyAtOTMgMA0KdiAtNzQgLTkzIDANCnYgLTc1IC05MyAwDQp2IC03NiAtOTMgMA0KdiAtNzcgLTkzIDANCnYgLTc4IC05MyAwDQp2IC03OSAtOTMgMA0KdiAtODAgLTkzIDANCnYgLTgxIC05MyAwDQp2IC04MiAtOTMgMA0KdiAtODMgLTkzIDANCnYgLTg0IC05MyAwDQp2IC04NSAtOTMgMA0KdiAtODYgLTkzIDANCnYgLTg3IC05MyAwDQp2IC04OCAtOTMgMA0KdiAtODkgLTkzIDANCnYgLTkwIC05MyAwDQp2IC05MSAtOTMgMA0KdiAtOTIgLTkzIDANCnYgLTkzIC05MyAwDQp2IC05NCAtOTMgMA0KdiAtOTUgLTkzIDANCnYgLTk2IC05MyAwDQp2IC05NyAtOTMgMA0KdiAtOTggLTkzIDANCnYgLTk5IC05MyAwDQp2IC0xMDAgLTkzIDANCnYgMCAtOTQgMA0KdiAtMSAtOTQgMA0KdiAtMiAtOTQgMA0KdiAtMyAtOTQgMA0KdiAtNCAtOTQgMA0KdiAtNSAtOTQgMA0KdiAtNiAtOTQgMA0KdiAtNyAtOTQgMA0KdiAtOCAtOTQgMA0KdiAtOSAtOTQgMA0KdiAtMTAgLTk0IDANCnYgLTExIC05NCAwDQp2IC0xMiAtOTQgMA0KdiAtMTMgLTk0IDANCnYgLTE0IC05NCAwDQp2IC0xNSAtOTQgMA0KdiAtMTYgLTk0IDANCnYgLTE3IC05NCAwDQp2IC0xOCAtOTQgMA0KdiAtMTkgLTk0IDANCnYgLTIwIC05NCAwDQp2IC0yMSAtOTQgMA0KdiAtMjIgLTk0IDANCnYgLTIzIC05NCAwDQp2IC0yNCAtOTQgMA0KdiAtMjUgLTk0IDANCnYgLTI2IC05NCAwDQp2IC0yNyAtOTQgMA0KdiAtMjggLTk0IDANCnYgLTI5IC05NCAwDQp2IC0zMCAtOTQgMA0KdiAtMzEgLTk0IDANCnYgLTMyIC05NCAwDQp2IC0zMyAtOTQgMA0KdiAtMzQgLTk0IDANCnYgLTM1IC05NCAwDQp2IC0zNiAtOTQgMA0KdiAtMzcgLTk0IDANCnYgLTM4IC05NCAwDQp2IC0zOSAtOTQgMA0KdiAtNDAgLTk0IDANCnYgLTQxIC05NCAwDQp2IC00MiAtOTQgMA0KdiAtNDMgLTk0IDANCnYgLTQ0IC05NCAwDQp2IC00NSAtOTQgMA0KdiAtNDYgLTk0IDANCnYgLTQ3IC05NCAwDQp2IC00OCAtOTQgMA0KdiAtNDkgLTk0IDANCnYgLTUwIC05NCAwDQp2IC01MSAtOTQgMA0KdiAtNTIgLTk0IDANCnYgLTUzIC05NCAwDQp2IC01NCAtOTQgMA0KdiAtNTUgLTk0IDANCnYgLTU2IC05NCAwDQp2IC01NyAtOTQgMA0KdiAtNTggLTk0IDANCnYgLTU5IC05NCAwDQp2IC02MCAtOTQgMA0KdiAtNjEgLTk0IDANCnYgLTYyIC05NCAwDQp2IC02MyAtOTQgMA0KdiAtNjQgLTk0IDANCnYgLTY1IC05NCAwDQp2IC02NiAtOTQgMA0KdiAtNjcgLTk0IDANCnYgLTY4IC05NCAwDQp2IC02OSAtOTQgMA0KdiAtNzAgLTk0IDANCnYgLTcxIC05NCAwDQp2IC03MiAtOTQgMA0KdiAtNzMgLTk0IDANCnYgLTc0IC05NCAwDQp2IC03NSAtOTQgMA0KdiAtNzYgLTk0IDANCnYgLTc3IC05NCAwDQp2IC03OCAtOTQgMA0KdiAtNzkgLTk0IDANCnYgLTgwIC05NCAwDQp2IC04MSAtOTQgMA0KdiAtODIgLTk0IDANCnYgLTgzIC05NCAwDQp2IC04NCAtOTQgMA0KdiAtODUgLTk0IDANCnYgLTg2IC05NCAwDQp2IC04NyAtOTQgMA0KdiAtODggLTk0IDANCnYgLTg5IC05NCAwDQp2IC05MCAtOTQgMA0KdiAtOTEgLTk0IDANCnYgLTkyIC05NCAwDQp2IC05MyAtOTQgMA0KdiAtOTQgLTk0IDANCnYgLTk1IC05NCAwDQp2IC05NiAtOTQgMA0KdiAtOTcgLTk0IDANCnYgLTk4IC05NCAwDQp2IC05OSAtOTQgMA0KdiAtMTAwIC05NCAwDQp2IDAgLTk1IDANCnYgLTEgLTk1IDANCnYgLTIgLTk1IDANCnYgLTMgLTk1IDANCnYgLTQgLTk1IDANCnYgLTUgLTk1IDANCnYgLTYgLTk1IDANCnYgLTcgLTk1IDANCnYgLTggLTk1IDANCnYgLTkgLTk1IDANCnYgLTEwIC05NSAwDQp2IC0xMSAtOTUgMA0KdiAtMTIgLTk1IDANCnYgLTEzIC05NSAwDQp2IC0xNCAtOTUgMA0KdiAtMTUgLTk1IDANCnYgLTE2IC05NSAwDQp2IC0xNyAtOTUgMA0KdiAtMTggLTk1IDANCnYgLTE5IC05NSAwDQp2IC0yMCAtOTUgMA0KdiAtMjEgLTk1IDANCnYgLTIyIC05NSAwDQp2IC0yMyAtOTUgMA0KdiAtMjQgLTk1IDANCnYgLTI1IC05NSAwDQp2IC0yNiAtOTUgMA0KdiAtMjcgLTk1IDANCnYgLTI4IC05NSAwDQp2IC0yOSAtOTUgMA0KdiAtMzAgLTk1IDANCnYgLTMxIC05NSAwDQp2IC0zMiAtOTUgMA0KdiAtMzMgLTk1IDANCnYgLTM0IC05NSAwDQp2IC0zNSAtOTUgMA0KdiAtMzYgLTk1IDANCnYgLTM3IC05NSAwDQp2IC0zOCAtOTUgMA0KdiAtMzkgLTk1IDANCnYgLTQwIC05NSAwDQp2IC00MSAtOTUgMA0KdiAtNDIgLTk1IDANCnYgLTQzIC05NSAwDQp2IC00NCAtOTUgMA0KdiAtNDUgLTk1IDANCnYgLTQ2IC05NSAwDQp2IC00NyAtOTUgMA0KdiAtNDggLTk1IDANCnYgLTQ5IC05NSAwDQp2IC01MCAtOTUgMA0KdiAtNTEgLTk1IDANCnYgLTUyIC05NSAwDQp2IC01MyAtOTUgMA0KdiAtNTQgLTk1IDANCnYgLTU1IC05NSAwDQp2IC01NiAtOTUgMA0KdiAtNTcgLTk1IDANCnYgLTU4IC05NSAwDQp2IC01OSAtOTUgMA0KdiAtNjAgLTk1IDANCnYgLTYxIC05NSAwDQp2IC02MiAtOTUgMA0KdiAtNjMgLTk1IDANCnYgLTY0IC05NSAwDQp2IC02NSAtOTUgMA0KdiAtNjYgLTk1IDANCnYgLTY3IC05NSAwDQp2IC02OCAtOTUgMA0KdiAtNjkgLTk1IDANCnYgLTcwIC05NSAwDQp2IC03MSAtOTUgMA0KdiAtNzIgLTk1IDANCnYgLTczIC05NSAwDQp2IC03NCAtOTUgMA0KdiAtNzUgLTk1IDANCnYgLTc2IC05NSAwDQp2IC03NyAtOTUgMA0KdiAtNzggLTk1IDANCnYgLTc5IC05NSAwDQp2IC04MCAtOTUgMA0KdiAtODEgLTk1IDANCnYgLTgyIC05NSAwDQp2IC04MyAtOTUgMA0KdiAtODQgLTk1IDANCnYgLTg1IC05NSAwDQp2IC04NiAtOTUgMA0KdiAtODcgLTk1IDANCnYgLTg4IC05NSAwDQp2IC04OSAtOTUgMA0KdiAtOTAgLTk1IDANCnYgLTkxIC05NSAwDQp2IC05MiAtOTUgMA0KdiAtOTMgLTk1IDANCnYgLTk0IC05NSAwDQp2IC05NSAtOTUgMA0KdiAtOTYgLTk1IDANCnYgLTk3IC05NSAwDQp2IC05OCAtOTUgMA0KdiAtOTkgLTk1IDANCnYgLTEwMCAtOTUgMA0KdiAwIC05NiAwDQp2IC0xIC05NiAwDQp2IC0yIC05NiAwDQp2IC0zIC05NiAwDQp2IC00IC05NiAwDQp2IC01IC05NiAwDQp2IC02IC05NiAwDQp2IC03IC05NiAwDQp2IC04IC05NiAwDQp2IC05IC05NiAwDQp2IC0xMCAtOTYgMA0KdiAtMTEgLTk2IDANCnYgLTEyIC05NiAwDQp2IC0xMyAtOTYgMA0KdiAtMTQgLTk2IDANCnYgLTE1IC05NiAwDQp2IC0xNiAtOTYgMA0KdiAtMTcgLTk2IDANCnYgLTE4IC05NiAwDQp2IC0xOSAtOTYgMA0KdiAtMjAgLTk2IDANCnYgLTIxIC05NiAwDQp2IC0yMiAtOTYgMA0KdiAtMjMgLTk2IDANCnYgLTI0IC05NiAwDQp2IC0yNSAtOTYgMA0KdiAtMjYgLTk2IDANCnYgLTI3IC05NiAwDQp2IC0yOCAtOTYgMA0KdiAtMjkgLTk2IDANCnYgLTMwIC05NiAwDQp2IC0zMSAtOTYgMA0KdiAtMzIgLTk2IDANCnYgLTMzIC05NiAwDQp2IC0zNCAtOTYgMA0KdiAtMzUgLTk2IDANCnYgLTM2IC05NiAwDQp2IC0zNyAtOTYgMA0KdiAtMzggLTk2IDANCnYgLTM5IC05NiAwDQp2IC00MCAtOTYgMA0KdiAtNDEgLTk2IDANCnYgLTQyIC05NiAwDQp2IC00MyAtOTYgMA0KdiAtNDQgLTk2IDANCnYgLTQ1IC05NiAwDQp2IC00NiAtOTYgMA0KdiAtNDcgLTk2IDANCnYgLTQ4IC05NiAwDQp2IC00OSAtOTYgMA0KdiAtNTAgLTk2IDANCnYgLTUxIC05NiAwDQp2IC01MiAtOTYgMA0KdiAtNTMgLTk2IDANCnYgLTU0IC05NiAwDQp2IC01NSAtOTYgMA0KdiAtNTYgLTk2IDANCnYgLTU3IC05NiAwDQp2IC01OCAtOTYgMA0KdiAtNTkgLTk2IDANCnYgLTYwIC05NiAwDQp2IC02MSAtOTYgMA0KdiAtNjIgLTk2IDANCnYgLTYzIC05NiAwDQp2IC02NCAtOTYgMA0KdiAtNjUgLTk2IDANCnYgLTY2IC05NiAwDQp2IC02NyAtOTYgMA0KdiAtNjggLTk2IDANCnYgLTY5IC05NiAwDQp2IC03MCAtOTYgMA0KdiAtNzEgLTk2IDANCnYgLTcyIC05NiAwDQp2IC03MyAtOTYgMA0KdiAtNzQgLTk2IDANCnYgLTc1IC05NiAwDQp2IC03NiAtOTYgMA0KdiAtNzcgLTk2IDANCnYgLTc4IC05NiAwDQp2IC03OSAtOTYgMA0KdiAtODAgLTk2IDANCnYgLTgxIC05NiAwDQp2IC04MiAtOTYgMA0KdiAtODMgLTk2IDANCnYgLTg0IC05NiAwDQp2IC04NSAtOTYgMA0KdiAtODYgLTk2IDANCnYgLTg3IC05NiAwDQp2IC04OCAtOTYgMA0KdiAtODkgLTk2IDANCnYgLTkwIC05NiAwDQp2IC05MSAtOTYgMA0KdiAtOTIgLTk2IDANCnYgLTkzIC05NiAwDQp2IC05NCAtOTYgMA0KdiAtOTUgLTk2IDANCnYgLTk2IC05NiAwDQp2IC05NyAtOTYgMA0KdiAtOTggLTk2IDANCnYgLTk5IC05NiAwDQp2IC0xMDAgLTk2IDANCnYgMCAtOTcgMA0KdiAtMSAtOTcgMA0KdiAtMiAtOTcgMA0KdiAtMyAtOTcgMA0KdiAtNCAtOTcgMA0KdiAtNSAtOTcgMA0KdiAtNiAtOTcgMA0KdiAtNyAtOTcgMA0KdiAtOCAtOTcgMA0KdiAtOSAtOTcgMA0KdiAtMTAgLTk3IDANCnYgLTExIC05NyAwDQp2IC0xMiAtOTcgMA0KdiAtMTMgLTk3IDANCnYgLTE0IC05NyAwDQp2IC0xNSAtOTcgMA0KdiAtMTYgLTk3IDANCnYgLTE3IC05NyAwDQp2IC0xOCAtOTcgMA0KdiAtMTkgLTk3IDANCnYgLTIwIC05NyAwDQp2IC0yMSAtOTcgMA0KdiAtMjIgLTk3IDANCnYgLTIzIC05NyAwDQp2IC0yNCAtOTcgMA0KdiAtMjUgLTk3IDANCnYgLTI2IC05NyAwDQp2IC0yNyAtOTcgMA0KdiAtMjggLTk3IDANCnYgLTI5IC05NyAwDQp2IC0zMCAtOTcgMA0KdiAtMzEgLTk3IDANCnYgLTMyIC05NyAwDQp2IC0zMyAtOTcgMA0KdiAtMzQgLTk3IDANCnYgLTM1IC05NyAwDQp2IC0zNiAtOTcgMA0KdiAtMzcgLTk3IDANCnYgLTM4IC05NyAwDQp2IC0zOSAtOTcgMA0KdiAtNDAgLTk3IDANCnYgLTQxIC05NyAwDQp2IC00MiAtOTcgMA0KdiAtNDMgLTk3IDANCnYgLTQ0IC05NyAwDQp2IC00NSAtOTcgMA0KdiAtNDYgLTk3IDANCnYgLTQ3IC05NyAwDQp2IC00OCAtOTcgMA0KdiAtNDkgLTk3IDANCnYgLTUwIC05NyAwDQp2IC01MSAtOTcgMA0KdiAtNTIgLTk3IDANCnYgLTUzIC05NyAwDQp2IC01NCAtOTcgMA0KdiAtNTUgLTk3IDANCnYgLTU2IC05NyAwDQp2IC01NyAtOTcgMA0KdiAtNTggLTk3IDANCnYgLTU5IC05NyAwDQp2IC02MCAtOTcgMA0KdiAtNjEgLTk3IDANCnYgLTYyIC05NyAwDQp2IC02MyAtOTcgMA0KdiAtNjQgLTk3IDANCnYgLTY1IC05NyAwDQp2IC02NiAtOTcgMA0KdiAtNjcgLTk3IDANCnYgLTY4IC05NyAwDQp2IC02OSAtOTcgMA0KdiAtNzAgLTk3IDANCnYgLTcxIC05NyAwDQp2IC03MiAtOTcgMA0KdiAtNzMgLTk3IDANCnYgLTc0IC05NyAwDQp2IC03NSAtOTcgMA0KdiAtNzYgLTk3IDANCnYgLTc3IC05NyAwDQp2IC03OCAtOTcgMA0KdiAtNzkgLTk3IDANCnYgLTgwIC05NyAwDQp2IC04MSAtOTcgMA0KdiAtODIgLTk3IDANCnYgLTgzIC05NyAwDQp2IC04NCAtOTcgMA0KdiAtODUgLTk3IDANCnYgLTg2IC05NyAwDQp2IC04NyAtOTcgMA0KdiAtODggLTk3IDANCnYgLTg5IC05NyAwDQp2IC05MCAtOTcgMA0KdiAtOTEgLTk3IDANCnYgLTkyIC05NyAwDQp2IC05MyAtOTcgMA0KdiAtOTQgLTk3IDANCnYgLTk1IC05NyAwDQp2IC05NiAtOTcgMA0KdiAtOTcgLTk3IDANCnYgLTk4IC05NyAwDQp2IC05OSAtOTcgMA0KdiAtMTAwIC05NyAwDQp2IDAgLTk4IDANCnYgLTEgLTk4IDANCnYgLTIgLTk4IDANCnYgLTMgLTk4IDANCnYgLTQgLTk4IDANCnYgLTUgLTk4IDANCnYgLTYgLTk4IDANCnYgLTcgLTk4IDANCnYgLTggLTk4IDANCnYgLTkgLTk4IDANCnYgLTEwIC05OCAwDQp2IC0xMSAtOTggMA0KdiAtMTIgLTk4IDANCnYgLTEzIC05OCAwDQp2IC0xNCAtOTggMA0KdiAtMTUgLTk4IDANCnYgLTE2IC05OCAwDQp2IC0xNyAtOTggMA0KdiAtMTggLTk4IDANCnYgLTE5IC05OCAwDQp2IC0yMCAtOTggMA0KdiAtMjEgLTk4IDANCnYgLTIyIC05OCAwDQp2IC0yMyAtOTggMA0KdiAtMjQgLTk4IDANCnYgLTI1IC05OCAwDQp2IC0yNiAtOTggMA0KdiAtMjcgLTk4IDANCnYgLTI4IC05OCAwDQp2IC0yOSAtOTggMA0KdiAtMzAgLTk4IDANCnYgLTMxIC05OCAwDQp2IC0zMiAtOTggMA0KdiAtMzMgLTk4IDANCnYgLTM0IC05OCAwDQp2IC0zNSAtOTggMA0KdiAtMzYgLTk4IDANCnYgLTM3IC05OCAwDQp2IC0zOCAtOTggMA0KdiAtMzkgLTk4IDANCnYgLTQwIC05OCAwDQp2IC00MSAtOTggMA0KdiAtNDIgLTk4IDANCnYgLTQzIC05OCAwDQp2IC00NCAtOTggMA0KdiAtNDUgLTk4IDANCnYgLTQ2IC05OCAwDQp2IC00NyAtOTggMA0KdiAtNDggLTk4IDANCnYgLTQ5IC05OCAwDQp2IC01MCAtOTggMA0KdiAtNTEgLTk4IDANCnYgLTUyIC05OCAwDQp2IC01MyAtOTggMA0KdiAtNTQgLTk4IDANCnYgLTU1IC05OCAwDQp2IC01NiAtOTggMA0KdiAtNTcgLTk4IDANCnYgLTU4IC05OCAwDQp2IC01OSAtOTggMA0KdiAtNjAgLTk4IDANCnYgLTYxIC05OCAwDQp2IC02MiAtOTggMA0KdiAtNjMgLTk4IDANCnYgLTY0IC05OCAwDQp2IC02NSAtOTggMA0KdiAtNjYgLTk4IDANCnYgLTY3IC05OCAwDQp2IC02OCAtOTggMA0KdiAtNjkgLTk4IDANCnYgLTcwIC05OCAwDQp2IC03MSAtOTggMA0KdiAtNzIgLTk4IDANCnYgLTczIC05OCAwDQp2IC03NCAtOTggMA0KdiAtNzUgLTk4IDANCnYgLTc2IC05OCAwDQp2IC03NyAtOTggMA0KdiAtNzggLTk4IDANCnYgLTc5IC05OCAwDQp2IC04MCAtOTggMA0KdiAtODEgLTk4IDANCnYgLTgyIC05OCAwDQp2IC04MyAtOTggMA0KdiAtODQgLTk4IDANCnYgLTg1IC05OCAwDQp2IC04NiAtOTggMA0KdiAtODcgLTk4IDANCnYgLTg4IC05OCAwDQp2IC04OSAtOTggMA0KdiAtOTAgLTk4IDANCnYgLTkxIC05OCAwDQp2IC05MiAtOTggMA0KdiAtOTMgLTk4IDANCnYgLTk0IC05OCAwDQp2IC05NSAtOTggMA0KdiAtOTYgLTk4IDANCnYgLTk3IC05OCAwDQp2IC05OCAtOTggMA0KdiAtOTkgLTk4IDANCnYgLTEwMCAtOTggMA0KdiAwIC05OSAwDQp2IC0xIC05OSAwDQp2IC0yIC05OSAwDQp2IC0zIC05OSAwDQp2IC00IC05OSAwDQp2IC01IC05OSAwDQp2IC02IC05OSAwDQp2IC03IC05OSAwDQp2IC04IC05OSAwDQp2IC05IC05OSAwDQp2IC0xMCAtOTkgMA0KdiAtMTEgLTk5IDANCnYgLTEyIC05OSAwDQp2IC0xMyAtOTkgMA0KdiAtMTQgLTk5IDANCnYgLTE1IC05OSAwDQp2IC0xNiAtOTkgMA0KdiAtMTcgLTk5IDANCnYgLTE4IC05OSAwDQp2IC0xOSAtOTkgMA0KdiAtMjAgLTk5IDANCnYgLTIxIC05OSAwDQp2IC0yMiAtOTkgMA0KdiAtMjMgLTk5IDANCnYgLTI0IC05OSAwDQp2IC0yNSAtOTkgMA0KdiAtMjYgLTk5IDANCnYgLTI3IC05OSAwDQp2IC0yOCAtOTkgMA0KdiAtMjkgLTk5IDANCnYgLTMwIC05OSAwDQp2IC0zMSAtOTkgMA0KdiAtMzIgLTk5IDANCnYgLTMzIC05OSAwDQp2IC0zNCAtOTkgMA0KdiAtMzUgLTk5IDANCnYgLTM2IC05OSAwDQp2IC0zNyAtOTkgMA0KdiAtMzggLTk5IDANCnYgLTM5IC05OSAwDQp2IC00MCAtOTkgMA0KdiAtNDEgLTk5IDANCnYgLTQyIC05OSAwDQp2IC00MyAtOTkgMA0KdiAtNDQgLTk5IDANCnYgLTQ1IC05OSAwDQp2IC00NiAtOTkgMA0KdiAtNDcgLTk5IDANCnYgLTQ4IC05OSAwDQp2IC00OSAtOTkgMA0KdiAtNTAgLTk5IDANCnYgLTUxIC05OSAwDQp2IC01MiAtOTkgMA0KdiAtNTMgLTk5IDANCnYgLTU0IC05OSAwDQp2IC01NSAtOTkgMA0KdiAtNTYgLTk5IDANCnYgLTU3IC05OSAwDQp2IC01OCAtOTkgMA0KdiAtNTkgLTk5IDANCnYgLTYwIC05OSAwDQp2IC02MSAtOTkgMA0KdiAtNjIgLTk5IDANCnYgLTYzIC05OSAwDQp2IC02NCAtOTkgMA0KdiAtNjUgLTk5IDANCnYgLTY2IC05OSAwDQp2IC02NyAtOTkgMA0KdiAtNjggLTk5IDANCnYgLTY5IC05OSAwDQp2IC03MCAtOTkgMA0KdiAtNzEgLTk5IDANCnYgLTcyIC05OSAwDQp2IC03MyAtOTkgMA0KdiAtNzQgLTk5IDANCnYgLTc1IC05OSAwDQp2IC03NiAtOTkgMA0KdiAtNzcgLTk5IDANCnYgLTc4IC05OSAwDQp2IC03OSAtOTkgMA0KdiAtODAgLTk5IDANCnYgLTgxIC05OSAwDQp2IC04MiAtOTkgMA0KdiAtODMgLTk5IDANCnYgLTg0IC05OSAwDQp2IC04NSAtOTkgMA0KdiAtODYgLTk5IDANCnYgLTg3IC05OSAwDQp2IC04OCAtOTkgMA0KdiAtODkgLTk5IDANCnYgLTkwIC05OSAwDQp2IC05MSAtOTkgMA0KdiAtOTIgLTk5IDANCnYgLTkzIC05OSAwDQp2IC05NCAtOTkgMA0KdiAtOTUgLTk5IDANCnYgLTk2IC05OSAwDQp2IC05NyAtOTkgMA0KdiAtOTggLTk5IDANCnYgLTk5IC05OSAwDQp2IC0xMDAgLTk5IDANCnYgMCAtMTAwIDANCnYgLTEgLTEwMCAwDQp2IC0yIC0xMDAgMA0KdiAtMyAtMTAwIDANCnYgLTQgLTEwMCAwDQp2IC01IC0xMDAgMA0KdiAtNiAtMTAwIDANCnYgLTcgLTEwMCAwDQp2IC04IC0xMDAgMA0KdiAtOSAtMTAwIDANCnYgLTEwIC0xMDAgMA0KdiAtMTEgLTEwMCAwDQp2IC0xMiAtMTAwIDANCnYgLTEzIC0xMDAgMA0KdiAtMTQgLTEwMCAwDQp2IC0xNSAtMTAwIDANCnYgLTE2IC0xMDAgMA0KdiAtMTcgLTEwMCAwDQp2IC0xOCAtMTAwIDANCnYgLTE5IC0xMDAgMA0KdiAtMjAgLTEwMCAwDQp2IC0yMSAtMTAwIDANCnYgLTIyIC0xMDAgMA0KdiAtMjMgLTEwMCAwDQp2IC0yNCAtMTAwIDANCnYgLTI1IC0xMDAgMA0KdiAtMjYgLTEwMCAwDQp2IC0yNyAtMTAwIDANCnYgLTI4IC0xMDAgMA0KdiAtMjkgLTEwMCAwDQp2IC0zMCAtMTAwIDANCnYgLTMxIC0xMDAgMA0KdiAtMzIgLTEwMCAwDQp2IC0zMyAtMTAwIDANCnYgLTM0IC0xMDAgMA0KdiAtMzUgLTEwMCAwDQp2IC0zNiAtMTAwIDANCnYgLTM3IC0xMDAgMA0KdiAtMzggLTEwMCAwDQp2IC0zOSAtMTAwIDANCnYgLTQwIC0xMDAgMA0KdiAtNDEgLTEwMCAwDQp2IC00MiAtMTAwIDANCnYgLTQzIC0xMDAgMA0KdiAtNDQgLTEwMCAwDQp2IC00NSAtMTAwIDANCnYgLTQ2IC0xMDAgMA0KdiAtNDcgLTEwMCAwDQp2IC00OCAtMTAwIDANCnYgLTQ5IC0xMDAgMA0KdiAtNTAgLTEwMCAwDQp2IC01MSAtMTAwIDANCnYgLTUyIC0xMDAgMA0KdiAtNTMgLTEwMCAwDQp2IC01NCAtMTAwIDANCnYgLTU1IC0xMDAgMA0KdiAtNTYgLTEwMCAwDQp2IC01NyAtMTAwIDANCnYgLTU4IC0xMDAgMA0KdiAtNTkgLTEwMCAwDQp2IC02MCAtMTAwIDANCnYgLTYxIC0xMDAgMA0KdiAtNjIgLTEwMCAwDQp2IC02MyAtMTAwIDANCnYgLTY0IC0xMDAgMA0KdiAtNjUgLTEwMCAwDQp2IC02NiAtMTAwIDANCnYgLTY3IC0xMDAgMA0KdiAtNjggLTEwMCAwDQp2IC02OSAtMTAwIDANCnYgLTcwIC0xMDAgMA0KdiAtNzEgLTEwMCAwDQp2IC03MiAtMTAwIDANCnYgLTczIC0xMDAgMA0KdiAtNzQgLTEwMCAwDQp2IC03NSAtMTAwIDANCnYgLTc2IC0xMDAgMA0KdiAtNzcgLTEwMCAwDQp2IC03OCAtMTAwIDANCnYgLTc5IC0xMDAgMA0KdiAtODAgLTEwMCAwDQp2IC04MSAtMTAwIDANCnYgLTgyIC0xMDAgMA0KdiAtODMgLTEwMCAwDQp2IC04NCAtMTAwIDANCnYgLTg1IC0xMDAgMA0KdiAtODYgLTEwMCAwDQp2IC04NyAtMTAwIDANCnYgLTg4IC0xMDAgMA0KdiAtODkgLTEwMCAwDQp2IC05MCAtMTAwIDANCnYgLTkxIC0xMDAgMA0KdiAtOTIgLTEwMCAwDQp2IC05MyAtMTAwIDANCnYgLTk0IC0xMDAgMA0KdiAtOTUgLTEwMCAwDQp2IC05NiAtMTAwIDANCnYgLTk3IC0xMDAgMA0KdiAtOTggLTEwMCAwDQp2IC05OSAtMTAwIDANCnYgLTEwMCAtMTAwIDANCg0KIyBUZXh0dXJlIENvb3JpbmRhdGVzIChDb3VudCA9IDEwNCkNCnZ0IDAuMTg3NjIyMSAwLjMxMjYyMjENCnZ0IDAuMjQ5ODc3OSAwLjMxMjYyMjENCnZ0IDAuMjQ5ODc3OSAwLjM3NDg3NzkNCnZ0IDAuMTg3NjIyMSAwLjM3NDg3NzkNCnZ0IDAuMDAwMTIyMDcwMyAwLjMxMjYyMjENCnZ0IDAuMDYyMzc3OTMgMC4zMTI2MjIxDQp2dCAwLjA2MjM3NzkzIDAuMzc0ODc3OQ0KdnQgMC4wMDAxMjIwNzAzIDAuMzc0ODc3OQ0KdnQgMC4wNjI2MjIwNyAwLjMxMjYyMjENCnZ0IDAuMTI0ODc3OSAwLjMxMjYyMjENCnZ0IDAuMTI0ODc3OSAwLjM3NDg3NzkNCnZ0IDAuMDYyNjIyMDcgMC4zNzQ4Nzc5DQp2dCAwLjEyNTEyMjEgMC4zMTI2MjIxDQp2dCAwLjE4NzM3NzkgMC4zMTI2MjIxDQp2dCAwLjE4NzM3NzkgMC4zNzQ4Nzc5DQp2dCAwLjEyNTEyMjEgMC4zNzQ4Nzc5DQp2dCAwLjAwMDEyMjA3MDMgMC4yNTAxMjIxDQp2dCAwLjA2MjM3NzkzIDAuMjUwMTIyMQ0KdnQgMC4wNjIzNzc5MyAwLjMxMjM3NzkNCnZ0IDAuMDAwMTIyMDcwMyAwLjMxMjM3NzkNCnZ0IDAuMDYyNjIyMDcgMC4yNTAxMjIxDQp2dCAwLjEyNDg3NzkgMC4yNTAxMjIxDQp2dCAwLjEyNDg3NzkgMC4zMTIzNzc5DQp2dCAwLjA2MjYyMjA3IDAuMzEyMzc3OQ0KdnQgMC4xMjUxMjIxIDAuMjUwMTIyMQ0KdnQgMC4xODczNzc5IDAuMjUwMTIyMQ0KdnQgMC4xODczNzc5IDAuMzEyMzc3OQ0KdnQgMC4xMjUxMjIxIDAuMzEyMzc3OQ0KdnQgMC4wMDAxMjIwNzAzIDAuOTM3NjIyMQ0KdnQgMC4wNjIzNzc5MyAwLjkzNzYyMjENCnZ0IDAuMDYyMzc3OTMgMC45OTk4Nzc5DQp2dCAwLjAwMDEyMjA3MDMgMC45OTk4Nzc5DQp2dCAwLjA2MjYyMjA3IDAuOTM3NjIyMQ0KdnQgMC4xMjQ4Nzc5IDAuOTM3NjIyMQ0KdnQgMC4xMjQ4Nzc5IDAuOTk5ODc3OQ0KdnQgMC4wNjI2MjIwNyAwLjk5OTg3NzkNCnZ0IDAuMTI1MTIyMSAwLjkzNzYyMjENCnZ0IDAuMTg3Mzc3OSAwLjkzNzYyMjENCnZ0IDAuMTg3Mzc3OSAwLjk5OTg3NzkNCnZ0IDAuMTI1MTIyMSAwLjk5OTg3NzkNCnZ0IDAuMDYyNjIyMDcgMC42ODc2MjIxDQp2dCAwLjEyNDg3NzkgMC42ODc2MjIxDQp2dCAwLjEyNDg3NzkgMC43NDk4Nzc5DQp2dCAwLjA2MjYyMjA3IDAuNzQ5ODc3OQ0KdnQgMC4wNjI2MjIwNyAwLjg3NTEyMjENCnZ0IDAuMTI0ODc3OSAwLjg3NTEyMjENCnZ0IDAuMTI0ODc3OSAwLjkzNzM3NzkNCnZ0IDAuMDYyNjIyMDcgMC45MzczNzc5DQp2dCAwLjAwMDEyMjA3MDMgMC42ODc2MjIxDQp2dCAwLjA2MjM3NzkzIDAuNjg3NjIyMQ0KdnQgMC4wNjIzNzc5MyAwLjc0OTg3NzkNCnZ0IDAuMDAwMTIyMDcwMyAwLjc0OTg3NzkNCnZ0IDAuMDAwMTIyMDcwMyAwLjg3NTEyMjENCnZ0IDAuMDYyMzc3OTMgMC44NzUxMjIxDQp2dCAwLjA2MjM3NzkzIDAuOTM3Mzc3OQ0KdnQgMC4wMDAxMjIwNzAzIDAuOTM3Mzc3OQ0KdnQgMC4wMDAxMjIwNzAzIDAuNzUwMTIyMQ0KdnQgMC4wNjIzNzc5MyAwLjc1MDEyMjENCnZ0IDAuMDYyMzc3OTMgMC44MTIzNzc5DQp2dCAwLjAwMDEyMjA3MDMgMC44MTIzNzc5DQp2dCAwLjA2MjYyMjA3IDAuODEyNjIyMQ0KdnQgMC4xMjQ4Nzc5IDAuODEyNjIyMQ0KdnQgMC4xMjQ4Nzc5IDAuODc0ODc3OQ0KdnQgMC4wNjI2MjIwNyAwLjg3NDg3NzkNCnZ0IDAuMDYyNjIyMDcgMC43NTAxMjIxDQp2dCAwLjEyNDg3NzkgMC43NTAxMjIxDQp2dCAwLjEyNDg3NzkgMC44MTIzNzc5DQp2dCAwLjA2MjYyMjA3IDAuODEyMzc3OQ0KdnQgMC4xMjUxMjIxIDAuODc1MTIyMQ0KdnQgMC4xODczNzc5IDAuODc1MTIyMQ0KdnQgMC4xODczNzc5IDAuOTM3Mzc3OQ0KdnQgMC4xMjUxMjIxIDAuOTM3Mzc3OQ0KdnQgMC4xMjUxMjIxIDAuODEyNjIyMQ0KdnQgMC4xODczNzc5IDAuODEyNjIyMQ0KdnQgMC4xODczNzc5IDAuODc0ODc3OQ0KdnQgMC4xMjUxMjIxIDAuODc0ODc3OQ0KdnQgMC4wMDAxMjIwNzAzIDAuODEyNjIyMQ0KdnQgMC4wNjIzNzc5MyAwLjgxMjYyMjENCnZ0IDAuMDYyMzc3OTMgMC44NzQ4Nzc5DQp2dCAwLjAwMDEyMjA3MDMgMC44NzQ4Nzc5DQp2dCAwLjA2MjYyMjA3IDAuMTg3NjIyMQ0KdnQgMC4xMjQ4Nzc5IDAuMTg3NjIyMQ0KdnQgMC4xMjQ4Nzc5IDAuMjQ5ODc3OQ0KdnQgMC4wNjI2MjIwNyAwLjI0OTg3NzkNCnZ0IDAuMTI1MTIyMSAwLjE4NzYyMjENCnZ0IDAuMTg3Mzc3OSAwLjE4NzYyMjENCnZ0IDAuMTg3Mzc3OSAwLjI0OTg3NzkNCnZ0IDAuMTI1MTIyMSAwLjI0OTg3NzkNCnZ0IDAuMDYyNjIyMDcgMC4xMjUxMjIxDQp2dCAwLjEyNDg3NzkgMC4xMjUxMjIxDQp2dCAwLjEyNDg3NzkgMC4xODczNzc5DQp2dCAwLjA2MjYyMjA3IDAuMTg3Mzc3OQ0KdnQgMC4xMjUxMjIxIDAuMTI1MTIyMQ0KdnQgMC4xODczNzc5IDAuMTI1MTIyMQ0KdnQgMC4xODczNzc5IDAuMTg3Mzc3OQ0KdnQgMC4xMjUxMjIxIDAuMTg3Mzc3OQ0KdnQgMC4wMDAxMjIwNzAzIDAuMTg3NjIyMQ0KdnQgMC4wNjIzNzc5MyAwLjE4NzYyMjENCnZ0IDAuMDYyMzc3OTMgMC4yNDk4Nzc5DQp2dCAwLjAwMDEyMjA3MDMgMC4yNDk4Nzc5DQp2dCAwLjAwMDEyMjA3MDMgMC4xMjUxMjIxDQp2dCAwLjA2MjM3NzkzIDAuMTI1MTIyMQ0KdnQgMC4wNjIzNzc5MyAwLjE4NzM3NzkNCnZ0IDAuMDAwMTIyMDcwMyAwLjE4NzM3NzkNCg0KIyBOb3JtYWwNCnZuIDAgMCAtMQ0KDQojIEdyb3VwcyAoQ291bnQgPSAxKQ0KZyBtZXNoX1swMF1fWzAwXQ0KZiAgMS8xLzEgIDIvMi8xICAzLzMvMSAgNC80LzEgDQpmICAyLzEvMSAgNS8yLzEgIDYvMy8xICAzLzQvMSANCmYgIDUvMS8xICA3LzIvMSAgOC8zLzEgIDYvNC8xIA0KZiAgNy8xLzEgIDkvMi8xICAxMC8zLzEgIDgvNC8xIA0KZiAgOS8xLzEgIDExLzIvMSAgMTIvMy8xICAxMC80LzEgDQpmICAxMS8xLzEgIDEzLzIvMSAgMTQvMy8xICAxMi80LzEgDQpmICAxMy8xLzEgIDE1LzIvMSAgMTYvMy8xICAxNC80LzEgDQpmICAxNS8xLzEgIDE3LzIvMSAgMTgvMy8xICAxNi80LzEgDQpmICAxNy8xLzEgIDE5LzIvMSAgMjAvMy8xICAxOC80LzEgDQpmICAxOS8xLzEgIDIxLzIvMSAgMjIvMy8xICAyMC80LzEgDQpmICAyMS8xLzEgIDIzLzIvMSAgMjQvMy8xICAyMi80LzEgDQpmICAyMy8xLzEgIDI1LzIvMSAgMjYvMy8xICAyNC80LzEgDQpmICAyNS8xLzEgIDI3LzIvMSAgMjgvMy8xICAyNi80LzEgDQpmICAyNy8xLzEgIDI5LzIvMSAgMzAvMy8xICAyOC80LzEgDQpmICAyOS8xLzEgIDMxLzIvMSAgMzIvMy8xICAzMC80LzEgDQpmICAzMS8xLzEgIDMzLzIvMSAgMzQvMy8xICAzMi80LzEgDQpmICAzMy8xLzEgIDM1LzIvMSAgMzYvMy8xICAzNC80LzEgDQpmICAzNS8xLzEgIDM3LzIvMSAgMzgvMy8xICAzNi80LzEgDQpmICAzNy8xLzEgIDM5LzIvMSAgNDAvMy8xICAzOC80LzEgDQpmICAzOS8xLzEgIDQxLzIvMSAgNDIvMy8xICA0MC80LzEgDQpmICA0MS8xLzEgIDQzLzIvMSAgNDQvMy8xICA0Mi80LzEgDQpmICA0My8xLzEgIDQ1LzIvMSAgNDYvMy8xICA0NC80LzEgDQpmICA0NS8xLzEgIDQ3LzIvMSAgNDgvMy8xICA0Ni80LzEgDQpmICA0Ny8xLzEgIDQ5LzIvMSAgNTAvMy8xICA0OC80LzEgDQpmICA0OS8xLzEgIDUxLzIvMSAgNTIvMy8xICA1MC80LzEgDQpmICA1MS8xLzEgIDUzLzIvMSAgNTQvMy8xICA1Mi80LzEgDQpmICA1My8xLzEgIDU1LzIvMSAgNTYvMy8xICA1NC80LzEgDQpmICA1NS8xLzEgIDU3LzIvMSAgNTgvMy8xICA1Ni80LzEgDQpmICA1Ny8xLzEgIDU5LzIvMSAgNjAvMy8xICA1OC80LzEgDQpmICA1OS8xLzEgIDYxLzIvMSAgNjIvMy8xICA2MC80LzEgDQpmICA2MS8xLzEgIDYzLzIvMSAgNjQvMy8xICA2Mi80LzEgDQpmICA2My8xLzEgIDY1LzIvMSAgNjYvMy8xICA2NC80LzEgDQpmICA2NS8xLzEgIDY3LzIvMSAgNjgvMy8xICA2Ni80LzEgDQpmICA2Ny8xLzEgIDY5LzIvMSAgNzAvMy8xICA2OC80LzEgDQpmICA2OS8xLzEgIDcxLzIvMSAgNzIvMy8xICA3MC80LzEgDQpmICA3MS8xLzEgIDczLzIvMSAgNzQvMy8xICA3Mi80LzEgDQpmICA3My8xLzEgIDc1LzIvMSAgNzYvMy8xICA3NC80LzEgDQpmICA3NS8xLzEgIDc3LzIvMSAgNzgvMy8xICA3Ni80LzEgDQpmICA3Ny8xLzEgIDc5LzIvMSAgODAvMy8xICA3OC80LzEgDQpmICA3OS8xLzEgIDgxLzIvMSAgODIvMy8xICA4MC80LzEgDQpmICA4MS8xLzEgIDgzLzIvMSAgODQvMy8xICA4Mi80LzEgDQpmICA4My8xLzEgIDg1LzIvMSAgODYvMy8xICA4NC80LzEgDQpmICA4NS8xLzEgIDg3LzIvMSAgODgvMy8xICA4Ni80LzEgDQpmICA4Ny8xLzEgIDg5LzIvMSAgOTAvMy8xICA4OC80LzEgDQpmICA4OS8xLzEgIDkxLzIvMSAgOTIvMy8xICA5MC80LzEgDQpmICA5MS8xLzEgIDkzLzIvMSAgOTQvMy8xICA5Mi80LzEgDQpmICA5My8xLzEgIDk1LzIvMSAgOTYvMy8xICA5NC80LzEgDQpmICA5NS8xLzEgIDk3LzIvMSAgOTgvMy8xICA5Ni80LzEgDQpmICA5Ny8xLzEgIDk5LzIvMSAgMTAwLzMvMSAgOTgvNC8xIA0KZiAgOTkvMS8xICAxMDEvMi8xICAxMDIvMy8xICAxMDAvNC8xIA0KZiAgMTAxLzEvMSAgMTAzLzIvMSAgMTA0LzMvMSAgMTAyLzQvMSANCmYgIDEwMy8xLzEgIDEwNS8yLzEgIDEwNi8zLzEgIDEwNC80LzEgDQpmICAxMDUvMS8xICAxMDcvMi8xICAxMDgvMy8xICAxMDYvNC8xIA0KZiAgMTA3LzEvMSAgMTA5LzIvMSAgMTEwLzMvMSAgMTA4LzQvMSANCmYgIDEwOS8xLzEgIDExMS8yLzEgIDExMi8zLzEgIDExMC80LzEgDQpmICAxMTEvMS8xICAxMTMvMi8xICAxMTQvMy8xICAxMTIvNC8xIA0KZiAgMTEzLzEvMSAgMTE1LzIvMSAgMTE2LzMvMSAgMTE0LzQvMSANCmYgIDExNS8xLzEgIDExNy8yLzEgIDExOC8zLzEgIDExNi80LzEgDQpmICAxMTcvMS8xICAxMTkvMi8xICAxMjAvMy8xICAxMTgvNC8xIA0KZiAgMTE5LzEvMSAgMTIxLzIvMSAgMTIyLzMvMSAgMTIwLzQvMSANCmYgIDEyMS8xLzEgIDEyMy8yLzEgIDEyNC8zLzEgIDEyMi80LzEgDQpmICAxMjMvMS8xICAxMjUvMi8xICAxMjYvMy8xICAxMjQvNC8xIA0KZiAgMTI1LzEvMSAgMTI3LzIvMSAgMTI4LzMvMSAgMTI2LzQvMSANCmYgIDEyNy8xLzEgIDEyOS8yLzEgIDEzMC8zLzEgIDEyOC80LzEgDQpmICAxMjkvMS8xICAxMzEvMi8xICAxMzIvMy8xICAxMzAvNC8xIA0KZiAgMTMxLzEvMSAgMTMzLzIvMSAgMTM0LzMvMSAgMTMyLzQvMSANCmYgIDEzMy8xLzEgIDEzNS8yLzEgIDEzNi8zLzEgIDEzNC80LzEgDQpmICAxMzUvMS8xICAxMzcvMi8xICAxMzgvMy8xICAxMzYvNC8xIA0KZiAgMTM3LzEvMSAgMTM5LzIvMSAgMTQwLzMvMSAgMTM4LzQvMSANCmYgIDEzOS8xLzEgIDE0MS8yLzEgIDE0Mi8zLzEgIDE0MC80LzEgDQpmICAxNDEvMS8xICAxNDMvMi8xICAxNDQvMy8xICAxNDIvNC8xIA0KZiAgMTQzLzEvMSAgMTQ1LzIvMSAgMTQ2LzMvMSAgMTQ0LzQvMSANCmYgIDE0NS8xLzEgIDE0Ny8yLzEgIDE0OC8zLzEgIDE0Ni80LzEgDQpmICAxNDcvMS8xICAxNDkvMi8xICAxNTAvMy8xICAxNDgvNC8xIA0KZiAgMTQ5LzEvMSAgMTUxLzIvMSAgMTUyLzMvMSAgMTUwLzQvMSANCmYgIDE1MS8xLzEgIDE1My8yLzEgIDE1NC8zLzEgIDE1Mi80LzEgDQpmICAxNTMvMS8xICAxNTUvMi8xICAxNTYvMy8xICAxNTQvNC8xIA0KZiAgMTU1LzEvMSAgMTU3LzIvMSAgMTU4LzMvMSAgMTU2LzQvMSANCmYgIDE1Ny8xLzEgIDE1OS8yLzEgIDE2MC8zLzEgIDE1OC80LzEgDQpmICAxNTkvMS8xICAxNjEvMi8xICAxNjIvMy8xICAxNjAvNC8xIA0KZiAgMTYxLzEvMSAgMTYzLzIvMSAgMTY0LzMvMSAgMTYyLzQvMSANCmYgIDE2My8xLzEgIDE2NS8yLzEgIDE2Ni8zLzEgIDE2NC80LzEgDQpmICAxNjUvMS8xICAxNjcvMi8xICAxNjgvMy8xICAxNjYvNC8xIA0KZiAgMTY3LzEvMSAgMTY5LzIvMSAgMTcwLzMvMSAgMTY4LzQvMSANCmYgIDE2OS8xLzEgIDE3MS8yLzEgIDE3Mi8zLzEgIDE3MC80LzEgDQpmICAxNzEvMS8xICAxNzMvMi8xICAxNzQvMy8xICAxNzIvNC8xIA0KZiAgMTczLzEvMSAgMTc1LzIvMSAgMTc2LzMvMSAgMTc0LzQvMSANCmYgIDE3NS8xLzEgIDE3Ny8yLzEgIDE3OC8zLzEgIDE3Ni80LzEgDQpmICAxNzcvMS8xICAxNzkvMi8xICAxODAvMy8xICAxNzgvNC8xIA0KZiAgMTc5LzEvMSAgMTgxLzIvMSAgMTgyLzMvMSAgMTgwLzQvMSANCmYgIDE4MS8xLzEgIDE4My8yLzEgIDE4NC8zLzEgIDE4Mi80LzEgDQpmICAxODMvMS8xICAxODUvMi8xICAxODYvMy8xICAxODQvNC8xIA0KZiAgMTg1LzEvMSAgMTg3LzIvMSAgMTg4LzMvMSAgMTg2LzQvMSANCmYgIDE4Ny8xLzEgIDE4OS8yLzEgIDE5MC8zLzEgIDE4OC80LzEgDQpmICAxODkvMS8xICAxOTEvMi8xICAxOTIvMy8xICAxOTAvNC8xIA0KZiAgMTkxLzEvMSAgMTkzLzIvMSAgMTk0LzMvMSAgMTkyLzQvMSANCmYgIDE5My8xLzEgIDE5NS8yLzEgIDE5Ni8zLzEgIDE5NC80LzEgDQpmICAxOTUvMS8xICAxOTcvMi8xICAxOTgvMy8xICAxOTYvNC8xIA0KZiAgMTk3LzEvMSAgMTk5LzIvMSAgMjAwLzMvMSAgMTk4LzQvMSANCmYgIDE5OS8xLzEgIDIwMS8yLzEgIDIwMi8zLzEgIDIwMC80LzEgDQpmICAyMDMvMS8xICAyMDQvMi8xICAyLzMvMSAgMS80LzEgDQpmICAyMDQvMS8xICAyMDUvMi8xICA1LzMvMSAgMi80LzEgDQpmICAyMDUvMS8xICAyMDYvMi8xICA3LzMvMSAgNS80LzEgDQpmICAyMDYvMS8xICAyMDcvMi8xICA5LzMvMSAgNy80LzEgDQpmICAyMDcvMS8xICAyMDgvMi8xICAxMS8zLzEgIDkvNC8xIA0KZiAgMjA4LzEvMSAgMjA5LzIvMSAgMTMvMy8xICAxMS80LzEgDQpmICAyMDkvMS8xICAyMTAvMi8xICAxNS8zLzEgIDEzLzQvMSANCmYgIDIxMC8xLzEgIDIxMS8yLzEgIDE3LzMvMSAgMTUvNC8xIA0KZiAgMjExLzEvMSAgMjEyLzIvMSAgMTkvMy8xICAxNy80LzEgDQpmICAyMTIvMS8xICAyMTMvMi8xICAyMS8zLzEgIDE5LzQvMSANCmYgIDIxMy8xLzEgIDIxNC8yLzEgIDIzLzMvMSAgMjEvNC8xIA0KZiAgMjE0LzEvMSAgMjE1LzIvMSAgMjUvMy8xICAyMy80LzEgDQpmICAyMTUvMS8xICAyMTYvMi8xICAyNy8zLzEgIDI1LzQvMSANCmYgIDIxNi8xLzEgIDIxNy8yLzEgIDI5LzMvMSAgMjcvNC8xIA0KZiAgMjE3LzEvMSAgMjE4LzIvMSAgMzEvMy8xICAyOS80LzEgDQpmICAyMTgvMS8xICAyMTkvMi8xICAzMy8zLzEgIDMxLzQvMSANCmYgIDIxOS8xLzEgIDIyMC8yLzEgIDM1LzMvMSAgMzMvNC8xIA0KZiAgMjIwLzEvMSAgMjIxLzIvMSAgMzcvMy8xICAzNS80LzEgDQpmICAyMjEvMS8xICAyMjIvMi8xICAzOS8zLzEgIDM3LzQvMSANCmYgIDIyMi8xLzEgIDIyMy8yLzEgIDQxLzMvMSAgMzkvNC8xIA0KZiAgMjIzLzEvMSAgMjI0LzIvMSAgNDMvMy8xICA0MS80LzEgDQpmICAyMjQvMS8xICAyMjUvMi8xICA0NS8zLzEgIDQzLzQvMSANCmYgIDIyNS8xLzEgIDIyNi8yLzEgIDQ3LzMvMSAgNDUvNC8xIA0KZiAgMjI2LzEvMSAgMjI3LzIvMSAgNDkvMy8xICA0Ny80LzEgDQpmICAyMjcvMS8xICAyMjgvMi8xICA1MS8zLzEgIDQ5LzQvMSANCmYgIDIyOC8xLzEgIDIyOS8yLzEgIDUzLzMvMSAgNTEvNC8xIA0KZiAgMjI5LzEvMSAgMjMwLzIvMSAgNTUvMy8xICA1My80LzEgDQpmICAyMzAvMS8xICAyMzEvMi8xICA1Ny8zLzEgIDU1LzQvMSANCmYgIDIzMS8xLzEgIDIzMi8yLzEgIDU5LzMvMSAgNTcvNC8xIA0KZiAgMjMyLzEvMSAgMjMzLzIvMSAgNjEvMy8xICA1OS80LzEgDQpmICAyMzMvMS8xICAyMzQvMi8xICA2My8zLzEgIDYxLzQvMSANCmYgIDIzNC8xLzEgIDIzNS8yLzEgIDY1LzMvMSAgNjMvNC8xIA0KZiAgMjM1LzEvMSAgMjM2LzIvMSAgNjcvMy8xICA2NS80LzEgDQpmICAyMzYvMS8xICAyMzcvMi8xICA2OS8zLzEgIDY3LzQvMSANCmYgIDIzNy8xLzEgIDIzOC8yLzEgIDcxLzMvMSAgNjkvNC8xIA0KZiAgMjM4LzEvMSAgMjM5LzIvMSAgNzMvMy8xICA3MS80LzEgDQpmICAyMzkvMS8xICAyNDAvMi8xICA3NS8zLzEgIDczLzQvMSANCmYgIDI0MC8xLzEgIDI0MS8yLzEgIDc3LzMvMSAgNzUvNC8xIA0KZiAgMjQxLzEvMSAgMjQyLzIvMSAgNzkvMy8xICA3Ny80LzEgDQpmICAyNDIvMS8xICAyNDMvMi8xICA4MS8zLzEgIDc5LzQvMSANCmYgIDI0My8xLzEgIDI0NC8yLzEgIDgzLzMvMSAgODEvNC8xIA0KZiAgMjQ0LzEvMSAgMjQ1LzIvMSAgODUvMy8xICA4My80LzEgDQpmICAyNDUvMS8xICAyNDYvMi8xICA4Ny8zLzEgIDg1LzQvMSANCmYgIDI0Ni8xLzEgIDI0Ny8yLzEgIDg5LzMvMSAgODcvNC8xIA0KZiAgMjQ3LzEvMSAgMjQ4LzIvMSAgOTEvMy8xICA4OS80LzEgDQpmICAyNDgvMS8xICAyNDkvMi8xICA5My8zLzEgIDkxLzQvMSANCmYgIDI0OS8xLzEgIDI1MC8yLzEgIDk1LzMvMSAgOTMvNC8xIA0KZiAgMjUwLzEvMSAgMjUxLzIvMSAgOTcvMy8xICA5NS80LzEgDQpmICAyNTEvMS8xICAyNTIvMi8xICA5OS8zLzEgIDk3LzQvMSANCmYgIDI1Mi8xLzEgIDI1My8yLzEgIDEwMS8zLzEgIDk5LzQvMSANCmYgIDI1My8xLzEgIDI1NC8yLzEgIDEwMy8zLzEgIDEwMS80LzEgDQpmICAyNTQvMS8xICAyNTUvMi8xICAxMDUvMy8xICAxMDMvNC8xIA0KZiAgMjU1LzEvMSAgMjU2LzIvMSAgMTA3LzMvMSAgMTA1LzQvMSANCmYgIDI1Ni8xLzEgIDI1Ny8yLzEgIDEwOS8zLzEgIDEwNy80LzEgDQpmICAyNTcvMS8xICAyNTgvMi8xICAxMTEvMy8xICAxMDkvNC8xIA0KZiAgMjU4LzEvMSAgMjU5LzIvMSAgMTEzLzMvMSAgMTExLzQvMSANCmYgIDI1OS8xLzEgIDI2MC8yLzEgIDExNS8zLzEgIDExMy80LzEgDQpmICAyNjAvMS8xICAyNjEvMi8xICAxMTcvMy8xICAxMTUvNC8xIA0KZiAgMjYxLzEvMSAgMjYyLzIvMSAgMTE5LzMvMSAgMTE3LzQvMSANCmYgIDI2Mi8xLzEgIDI2My8yLzEgIDEyMS8zLzEgIDExOS80LzEgDQpmICAyNjMvMS8xICAyNjQvMi8xICAxMjMvMy8xICAxMjEvNC8xIA0KZiAgMjY0LzEvMSAgMjY1LzIvMSAgMTI1LzMvMSAgMTIzLzQvMSANCmYgIDI2NS8xLzEgIDI2Ni8yLzEgIDEyNy8zLzEgIDEyNS80LzEgDQpmICAyNjYvMS8xICAyNjcvMi8xICAxMjkvMy8xICAxMjcvNC8xIA0KZiAgMjY3LzEvMSAgMjY4LzIvMSAgMTMxLzMvMSAgMTI5LzQvMSANCmYgIDI2OC8xLzEgIDI2OS8yLzEgIDEzMy8zLzEgIDEzMS80LzEgDQpmICAyNjkvMS8xICAyNzAvMi8xICAxMzUvMy8xICAxMzMvNC8xIA0KZiAgMjcwLzEvMSAgMjcxLzIvMSAgMTM3LzMvMSAgMTM1LzQvMSANCmYgIDI3MS8xLzEgIDI3Mi8yLzEgIDEzOS8zLzEgIDEzNy80LzEgDQpmICAyNzIvMS8xICAyNzMvMi8xICAxNDEvMy8xICAxMzkvNC8xIA0KZiAgMjczLzEvMSAgMjc0LzIvMSAgMTQzLzMvMSAgMTQxLzQvMSANCmYgIDI3NC8xLzEgIDI3NS8yLzEgIDE0NS8zLzEgIDE0My80LzEgDQpmICAyNzUvMS8xICAyNzYvMi8xICAxNDcvMy8xICAxNDUvNC8xIA0KZiAgMjc2LzEvMSAgMjc3LzIvMSAgMTQ5LzMvMSAgMTQ3LzQvMSANCmYgIDI3Ny8xLzEgIDI3OC8yLzEgIDE1MS8zLzEgIDE0OS80LzEgDQpmICAyNzgvMS8xICAyNzkvMi8xICAxNTMvMy8xICAxNTEvNC8xIA0KZiAgMjc5LzEvMSAgMjgwLzIvMSAgMTU1LzMvMSAgMTUzLzQvMSANCmYgIDI4MC8xLzEgIDI4MS8yLzEgIDE1Ny8zLzEgIDE1NS80LzEgDQpmICAyODEvMS8xICAyODIvMi8xICAxNTkvMy8xICAxNTcvNC8xIA0KZiAgMjgyLzEvMSAgMjgzLzIvMSAgMTYxLzMvMSAgMTU5LzQvMSANCmYgIDI4My8xLzEgIDI4NC8yLzEgIDE2My8zLzEgIDE2MS80LzEgDQpmICAyODQvMS8xICAyODUvMi8xICAxNjUvMy8xICAxNjMvNC8xIA0KZiAgMjg1LzEvMSAgMjg2LzIvMSAgMTY3LzMvMSAgMTY1LzQvMSANCmYgIDI4Ni8xLzEgIDI4Ny8yLzEgIDE2OS8zLzEgIDE2Ny80LzEgDQpmICAyODcvMS8xICAyODgvMi8xICAxNzEvMy8xICAxNjkvNC8xIA0KZiAgMjg4LzEvMSAgMjg5LzIvMSAgMTczLzMvMSAgMTcxLzQvMSANCmYgIDI4OS8xLzEgIDI5MC8yLzEgIDE3NS8zLzEgIDE3My80LzEgDQpmICAyOTAvMS8xICAyOTEvMi8xICAxNzcvMy8xICAxNzUvNC8xIA0KZiAgMjkxLzEvMSAgMjkyLzIvMSAgMTc5LzMvMSAgMTc3LzQvMSANCmYgIDI5Mi8xLzEgIDI5My8yLzEgIDE4MS8zLzEgIDE3OS80LzEgDQpmICAyOTMvMS8xICAyOTQvMi8xICAxODMvMy8xICAxODEvNC8xIA0KZiAgMjk0LzEvMSAgMjk1LzIvMSAgMTg1LzMvMSAgMTgzLzQvMSANCmYgIDI5NS8xLzEgIDI5Ni8yLzEgIDE4Ny8zLzEgIDE4NS80LzEgDQpmICAyOTYvMS8xICAyOTcvMi8xICAxODkvMy8xICAxODcvNC8xIA0KZiAgMjk3LzEvMSAgMjk4LzIvMSAgMTkxLzMvMSAgMTg5LzQvMSANCmYgIDI5OC8xLzEgIDI5OS8yLzEgIDE5My8zLzEgIDE5MS80LzEgDQpmICAyOTkvMS8xICAzMDAvMi8xICAxOTUvMy8xICAxOTMvNC8xIA0KZiAgMzAwLzEvMSAgMzAxLzIvMSAgMTk3LzMvMSAgMTk1LzQvMSANCmYgIDMwMS8xLzEgIDMwMi8yLzEgIDE5OS8zLzEgIDE5Ny80LzEgDQpmICAzMDIvMS8xICAzMDMvMi8xICAyMDEvMy8xICAxOTkvNC8xIA0KZiAgMzA0LzEvMSAgMzA1LzIvMSAgMjA0LzMvMSAgMjAzLzQvMSANCmYgIDMwNS8xLzEgIDMwNi8yLzEgIDIwNS8zLzEgIDIwNC80LzEgDQpmICAzMDYvMS8xICAzMDcvMi8xICAyMDYvMy8xICAyMDUvNC8xIA0KZiAgMzA3LzEvMSAgMzA4LzIvMSAgMjA3LzMvMSAgMjA2LzQvMSANCmYgIDMwOC8xLzEgIDMwOS8yLzEgIDIwOC8zLzEgIDIwNy80LzEgDQpmICAzMDkvMS8xICAzMTAvMi8xICAyMDkvMy8xICAyMDgvNC8xIA0KZiAgMzEwLzEvMSAgMzExLzIvMSAgMjEwLzMvMSAgMjA5LzQvMSANCmYgIDMxMS8xLzEgIDMxMi8yLzEgIDIxMS8zLzEgIDIxMC80LzEgDQpmICAzMTIvMS8xICAzMTMvMi8xICAyMTIvMy8xICAyMTEvNC8xIA0KZiAgMzEzLzEvMSAgMzE0LzIvMSAgMjEzLzMvMSAgMjEyLzQvMSANCmYgIDMxNC8xLzEgIDMxNS8yLzEgIDIxNC8zLzEgIDIxMy80LzEgDQpmICAzMTUvMS8xICAzMTYvMi8xICAyMTUvMy8xICAyMTQvNC8xIA0KZiAgMzE2LzEvMSAgMzE3LzIvMSAgMjE2LzMvMSAgMjE1LzQvMSANCmYgIDMxNy8xLzEgIDMxOC8yLzEgIDIxNy8zLzEgIDIxNi80LzEgDQpmICAzMTgvMS8xICAzMTkvMi8xICAyMTgvMy8xICAyMTcvNC8xIA0KZiAgMzE5LzEvMSAgMzIwLzIvMSAgMjE5LzMvMSAgMjE4LzQvMSANCmYgIDMyMC8xLzEgIDMyMS8yLzEgIDIyMC8zLzEgIDIxOS80LzEgDQpmICAzMjEvMS8xICAzMjIvMi8xICAyMjEvMy8xICAyMjAvNC8xIA0KZiAgMzIyLzEvMSAgMzIzLzIvMSAgMjIyLzMvMSAgMjIxLzQvMSANCmYgIDMyMy8xLzEgIDMyNC8yLzEgIDIyMy8zLzEgIDIyMi80LzEgDQpmICAzMjQvMS8xICAzMjUvMi8xICAyMjQvMy8xICAyMjMvNC8xIA0KZiAgMzI1LzEvMSAgMzI2LzIvMSAgMjI1LzMvMSAgMjI0LzQvMSANCmYgIDMyNi8xLzEgIDMyNy8yLzEgIDIyNi8zLzEgIDIyNS80LzEgDQpmICAzMjcvMS8xICAzMjgvMi8xICAyMjcvMy8xICAyMjYvNC8xIA0KZiAgMzI4LzEvMSAgMzI5LzIvMSAgMjI4LzMvMSAgMjI3LzQvMSANCmYgIDMyOS8xLzEgIDMzMC8yLzEgIDIyOS8zLzEgIDIyOC80LzEgDQpmICAzMzAvMS8xICAzMzEvMi8xICAyMzAvMy8xICAyMjkvNC8xIA0KZiAgMzMxLzEvMSAgMzMyLzIvMSAgMjMxLzMvMSAgMjMwLzQvMSANCmYgIDMzMi8xLzEgIDMzMy8yLzEgIDIzMi8zLzEgIDIzMS80LzEgDQpmICAzMzMvMS8xICAzMzQvMi8xICAyMzMvMy8xICAyMzIvNC8xIA0KZiAgMzM0LzEvMSAgMzM1LzIvMSAgMjM0LzMvMSAgMjMzLzQvMSANCmYgIDMzNS8xLzEgIDMzNi8yLzEgIDIzNS8zLzEgIDIzNC80LzEgDQpmICAzMzYvMS8xICAzMzcvMi8xICAyMzYvMy8xICAyMzUvNC8xIA0KZiAgMzM3LzEvMSAgMzM4LzIvMSAgMjM3LzMvMSAgMjM2LzQvMSANCmYgIDMzOC8xLzEgIDMzOS8yLzEgIDIzOC8zLzEgIDIzNy80LzEgDQpmICAzMzkvMS8xICAzNDAvMi8xICAyMzkvMy8xICAyMzgvNC8xIA0KZiAgMzQwLzEvMSAgMzQxLzIvMSAgMjQwLzMvMSAgMjM5LzQvMSANCmYgIDM0MS8xLzEgIDM0Mi8yLzEgIDI0MS8zLzEgIDI0MC80LzEgDQpmICAzNDIvMS8xICAzNDMvMi8xICAyNDIvMy8xICAyNDEvNC8xIA0KZiAgMzQzLzEvMSAgMzQ0LzIvMSAgMjQzLzMvMSAgMjQyLzQvMSANCmYgIDM0NC8xLzEgIDM0NS8yLzEgIDI0NC8zLzEgIDI0My80LzEgDQpmICAzNDUvMS8xICAzNDYvMi8xICAyNDUvMy8xICAyNDQvNC8xIA0KZiAgMzQ2LzEvMSAgMzQ3LzIvMSAgMjQ2LzMvMSAgMjQ1LzQvMSANCmYgIDM0Ny8xLzEgIDM0OC8yLzEgIDI0Ny8zLzEgIDI0Ni80LzEgDQpmICAzNDgvMS8xICAzNDkvMi8xICAyNDgvMy8xICAyNDcvNC8xIA0KZiAgMzQ5LzEvMSAgMzUwLzIvMSAgMjQ5LzMvMSAgMjQ4LzQvMSANCmYgIDM1MC8xLzEgIDM1MS8yLzEgIDI1MC8zLzEgIDI0OS80LzEgDQpmICAzNTEvMS8xICAzNTIvMi8xICAyNTEvMy8xICAyNTAvNC8xIA0KZiAgMzUyLzEvMSAgMzUzLzIvMSAgMjUyLzMvMSAgMjUxLzQvMSANCmYgIDM1My8xLzEgIDM1NC8yLzEgIDI1My8zLzEgIDI1Mi80LzEgDQpmICAzNTQvMS8xICAzNTUvMi8xICAyNTQvMy8xICAyNTMvNC8xIA0KZiAgMzU1LzEvMSAgMzU2LzIvMSAgMjU1LzMvMSAgMjU0LzQvMSANCmYgIDM1Ni8xLzEgIDM1Ny8yLzEgIDI1Ni8zLzEgIDI1NS80LzEgDQpmICAzNTcvMS8xICAzNTgvMi8xICAyNTcvMy8xICAyNTYvNC8xIA0KZiAgMzU4LzEvMSAgMzU5LzIvMSAgMjU4LzMvMSAgMjU3LzQvMSANCmYgIDM1OS8xLzEgIDM2MC8yLzEgIDI1OS8zLzEgIDI1OC80LzEgDQpmICAzNjAvMS8xICAzNjEvMi8xICAyNjAvMy8xICAyNTkvNC8xIA0KZiAgMzYxLzEvMSAgMzYyLzIvMSAgMjYxLzMvMSAgMjYwLzQvMSANCmYgIDM2Mi8xLzEgIDM2My8yLzEgIDI2Mi8zLzEgIDI2MS80LzEgDQpmICAzNjMvMS8xICAzNjQvMi8xICAyNjMvMy8xICAyNjIvNC8xIA0KZiAgMzY0LzEvMSAgMzY1LzIvMSAgMjY0LzMvMSAgMjYzLzQvMSANCmYgIDM2NS8xLzEgIDM2Ni8yLzEgIDI2NS8zLzEgIDI2NC80LzEgDQpmICAzNjYvMS8xICAzNjcvMi8xICAyNjYvMy8xICAyNjUvNC8xIA0KZiAgMzY3LzEvMSAgMzY4LzIvMSAgMjY3LzMvMSAgMjY2LzQvMSANCmYgIDM2OC8xLzEgIDM2OS8yLzEgIDI2OC8zLzEgIDI2Ny80LzEgDQpmICAzNjkvMS8xICAzNzAvMi8xICAyNjkvMy8xICAyNjgvNC8xIA0KZiAgMzcwLzEvMSAgMzcxLzIvMSAgMjcwLzMvMSAgMjY5LzQvMSANCmYgIDM3MS8xLzEgIDM3Mi8yLzEgIDI3MS8zLzEgIDI3MC80LzEgDQpmICAzNzIvMS8xICAzNzMvMi8xICAyNzIvMy8xICAyNzEvNC8xIA0KZiAgMzczLzEvMSAgMzc0LzIvMSAgMjczLzMvMSAgMjcyLzQvMSANCmYgIDM3NC8xLzEgIDM3NS8yLzEgIDI3NC8zLzEgIDI3My80LzEgDQpmICAzNzUvMS8xICAzNzYvMi8xICAyNzUvMy8xICAyNzQvNC8xIA0KZiAgMzc2LzEvMSAgMzc3LzIvMSAgMjc2LzMvMSAgMjc1LzQvMSANCmYgIDM3Ny8xLzEgIDM3OC8yLzEgIDI3Ny8zLzEgIDI3Ni80LzEgDQpmICAzNzgvMS8xICAzNzkvMi8xICAyNzgvMy8xICAyNzcvNC8xIA0KZiAgMzc5LzEvMSAgMzgwLzIvMSAgMjc5LzMvMSAgMjc4LzQvMSANCmYgIDM4MC8xLzEgIDM4MS8yLzEgIDI4MC8zLzEgIDI3OS80LzEgDQpmICAzODEvMS8xICAzODIvMi8xICAyODEvMy8xICAyODAvNC8xIA0KZiAgMzgyLzEvMSAgMzgzLzIvMSAgMjgyLzMvMSAgMjgxLzQvMSANCmYgIDM4My8xLzEgIDM4NC8yLzEgIDI4My8zLzEgIDI4Mi80LzEgDQpmICAzODQvMS8xICAzODUvMi8xICAyODQvMy8xICAyODMvNC8xIA0KZiAgMzg1LzEvMSAgMzg2LzIvMSAgMjg1LzMvMSAgMjg0LzQvMSANCmYgIDM4Ni8xLzEgIDM4Ny8yLzEgIDI4Ni8zLzEgIDI4NS80LzEgDQpmICAzODcvMS8xICAzODgvMi8xICAyODcvMy8xICAyODYvNC8xIA0KZiAgMzg4LzEvMSAgMzg5LzIvMSAgMjg4LzMvMSAgMjg3LzQvMSANCmYgIDM4OS8xLzEgIDM5MC8yLzEgIDI4OS8zLzEgIDI4OC80LzEgDQpmICAzOTAvMS8xICAzOTEvMi8xICAyOTAvMy8xICAyODkvNC8xIA0KZiAgMzkxLzEvMSAgMzkyLzIvMSAgMjkxLzMvMSAgMjkwLzQvMSANCmYgIDM5Mi8xLzEgIDM5My8yLzEgIDI5Mi8zLzEgIDI5MS80LzEgDQpmICAzOTMvMS8xICAzOTQvMi8xICAyOTMvMy8xICAyOTIvNC8xIA0KZiAgMzk0LzEvMSAgMzk1LzIvMSAgMjk0LzMvMSAgMjkzLzQvMSANCmYgIDM5NS8xLzEgIDM5Ni8yLzEgIDI5NS8zLzEgIDI5NC80LzEgDQpmICAzOTYvMS8xICAzOTcvMi8xICAyOTYvMy8xICAyOTUvNC8xIA0KZiAgMzk3LzEvMSAgMzk4LzIvMSAgMjk3LzMvMSAgMjk2LzQvMSANCmYgIDM5OC8xLzEgIDM5OS8yLzEgIDI5OC8zLzEgIDI5Ny80LzEgDQpmICAzOTkvMS8xICA0MDAvMi8xICAyOTkvMy8xICAyOTgvNC8xIA0KZiAgNDAwLzEvMSAgNDAxLzIvMSAgMzAwLzMvMSAgMjk5LzQvMSANCmYgIDQwMS8xLzEgIDQwMi8yLzEgIDMwMS8zLzEgIDMwMC80LzEgDQpmICA0MDIvMS8xICA0MDMvMi8xICAzMDIvMy8xICAzMDEvNC8xIA0KZiAgNDAzLzEvMSAgNDA0LzIvMSAgMzAzLzMvMSAgMzAyLzQvMSANCmYgIDQwNS8xLzEgIDQwNi8yLzEgIDMwNS8zLzEgIDMwNC80LzEgDQpmICA0MDYvMS8xICA0MDcvMi8xICAzMDYvMy8xICAzMDUvNC8xIA0KZiAgNDA3LzEvMSAgNDA4LzIvMSAgMzA3LzMvMSAgMzA2LzQvMSANCmYgIDQwOC8xLzEgIDQwOS8yLzEgIDMwOC8zLzEgIDMwNy80LzEgDQpmICA0MDkvMS8xICA0MTAvMi8xICAzMDkvMy8xICAzMDgvNC8xIA0KZiAgNDEwLzEvMSAgNDExLzIvMSAgMzEwLzMvMSAgMzA5LzQvMSANCmYgIDQxMS8xLzEgIDQxMi8yLzEgIDMxMS8zLzEgIDMxMC80LzEgDQpmICA0MTIvMS8xICA0MTMvMi8xICAzMTIvMy8xICAzMTEvNC8xIA0KZiAgNDEzLzEvMSAgNDE0LzIvMSAgMzEzLzMvMSAgMzEyLzQvMSANCmYgIDQxNC8xLzEgIDQxNS8yLzEgIDMxNC8zLzEgIDMxMy80LzEgDQpmICA0MTUvMS8xICA0MTYvMi8xICAzMTUvMy8xICAzMTQvNC8xIA0KZiAgNDE2LzEvMSAgNDE3LzIvMSAgMzE2LzMvMSAgMzE1LzQvMSANCmYgIDQxNy8xLzEgIDQxOC8yLzEgIDMxNy8zLzEgIDMxNi80LzEgDQpmICA0MTgvMS8xICA0MTkvMi8xICAzMTgvMy8xICAzMTcvNC8xIA0KZiAgNDE5LzEvMSAgNDIwLzIvMSAgMzE5LzMvMSAgMzE4LzQvMSANCmYgIDQyMC8xLzEgIDQyMS8yLzEgIDMyMC8zLzEgIDMxOS80LzEgDQpmICA0MjEvMS8xICA0MjIvMi8xICAzMjEvMy8xICAzMjAvNC8xIA0KZiAgNDIyLzEvMSAgNDIzLzIvMSAgMzIyLzMvMSAgMzIxLzQvMSANCmYgIDQyMy8xLzEgIDQyNC8yLzEgIDMyMy8zLzEgIDMyMi80LzEgDQpmICA0MjQvMS8xICA0MjUvMi8xICAzMjQvMy8xICAzMjMvNC8xIA0KZiAgNDI1LzEvMSAgNDI2LzIvMSAgMzI1LzMvMSAgMzI0LzQvMSANCmYgIDQyNi8xLzEgIDQyNy8yLzEgIDMyNi8zLzEgIDMyNS80LzEgDQpmICA0MjcvMS8xICA0MjgvMi8xICAzMjcvMy8xICAzMjYvNC8xIA0KZiAgNDI4LzEvMSAgNDI5LzIvMSAgMzI4LzMvMSAgMzI3LzQvMSANCmYgIDQyOS8xLzEgIDQzMC8yLzEgIDMyOS8zLzEgIDMyOC80LzEgDQpmICA0MzAvMS8xICA0MzEvMi8xICAzMzAvMy8xICAzMjkvNC8xIA0KZiAgNDMxLzEvMSAgNDMyLzIvMSAgMzMxLzMvMSAgMzMwLzQvMSANCmYgIDQzMi8xLzEgIDQzMy8yLzEgIDMzMi8zLzEgIDMzMS80LzEgDQpmICA0MzMvMS8xICA0MzQvMi8xICAzMzMvMy8xICAzMzIvNC8xIA0KZiAgNDM0LzEvMSAgNDM1LzIvMSAgMzM0LzMvMSAgMzMzLzQvMSANCmYgIDQzNS8xLzEgIDQzNi8yLzEgIDMzNS8zLzEgIDMzNC80LzEgDQpmICA0MzYvMS8xICA0MzcvMi8xICAzMzYvMy8xICAzMzUvNC8xIA0KZiAgNDM3LzEvMSAgNDM4LzIvMSAgMzM3LzMvMSAgMzM2LzQvMSANCmYgIDQzOC8xLzEgIDQzOS8yLzEgIDMzOC8zLzEgIDMzNy80LzEgDQpmICA0MzkvMS8xICA0NDAvMi8xICAzMzkvMy8xICAzMzgvNC8xIA0KZiAgNDQwLzEvMSAgNDQxLzIvMSAgMzQwLzMvMSAgMzM5LzQvMSANCmYgIDQ0MS8xLzEgIDQ0Mi8yLzEgIDM0MS8zLzEgIDM0MC80LzEgDQpmICA0NDIvMS8xICA0NDMvMi8xICAzNDIvMy8xICAzNDEvNC8xIA0KZiAgNDQzLzEvMSAgNDQ0LzIvMSAgMzQzLzMvMSAgMzQyLzQvMSANCmYgIDQ0NC8xLzEgIDQ0NS8yLzEgIDM0NC8zLzEgIDM0My80LzEgDQpmICA0NDUvMS8xICA0NDYvMi8xICAzNDUvMy8xICAzNDQvNC8xIA0KZiAgNDQ2LzEvMSAgNDQ3LzIvMSAgMzQ2LzMvMSAgMzQ1LzQvMSANCmYgIDQ0Ny8xLzEgIDQ0OC8yLzEgIDM0Ny8zLzEgIDM0Ni80LzEgDQpmICA0NDgvMS8xICA0NDkvMi8xICAzNDgvMy8xICAzNDcvNC8xIA0KZiAgNDQ5LzEvMSAgNDUwLzIvMSAgMzQ5LzMvMSAgMzQ4LzQvMSANCmYgIDQ1MC8xLzEgIDQ1MS8yLzEgIDM1MC8zLzEgIDM0OS80LzEgDQpmICA0NTEvMS8xICA0NTIvMi8xICAzNTEvMy8xICAzNTAvNC8xIA0KZiAgNDUyLzEvMSAgNDUzLzIvMSAgMzUyLzMvMSAgMzUxLzQvMSANCmYgIDQ1My8xLzEgIDQ1NC8yLzEgIDM1My8zLzEgIDM1Mi80LzEgDQpmICA0NTQvMS8xICA0NTUvMi8xICAzNTQvMy8xICAzNTMvNC8xIA0KZiAgNDU1LzEvMSAgNDU2LzIvMSAgMzU1LzMvMSAgMzU0LzQvMSANCmYgIDQ1Ni8xLzEgIDQ1Ny8yLzEgIDM1Ni8zLzEgIDM1NS80LzEgDQpmICA0NTcvMS8xICA0NTgvMi8xICAzNTcvMy8xICAzNTYvNC8xIA0KZiAgNDU4LzEvMSAgNDU5LzIvMSAgMzU4LzMvMSAgMzU3LzQvMSANCmYgIDQ1OS8xLzEgIDQ2MC8yLzEgIDM1OS8zLzEgIDM1OC80LzEgDQpmICA0NjAvMS8xICA0NjEvMi8xICAzNjAvMy8xICAzNTkvNC8xIA0KZiAgNDYxLzEvMSAgNDYyLzIvMSAgMzYxLzMvMSAgMzYwLzQvMSANCmYgIDQ2Mi8xLzEgIDQ2My8yLzEgIDM2Mi8zLzEgIDM2MS80LzEgDQpmICA0NjMvMS8xICA0NjQvMi8xICAzNjMvMy8xICAzNjIvNC8xIA0KZiAgNDY0LzEvMSAgNDY1LzIvMSAgMzY0LzMvMSAgMzYzLzQvMSANCmYgIDQ2NS8xLzEgIDQ2Ni8yLzEgIDM2NS8zLzEgIDM2NC80LzEgDQpmICA0NjYvMS8xICA0NjcvMi8xICAzNjYvMy8xICAzNjUvNC8xIA0KZiAgNDY3LzEvMSAgNDY4LzIvMSAgMzY3LzMvMSAgMzY2LzQvMSANCmYgIDQ2OC8xLzEgIDQ2OS8yLzEgIDM2OC8zLzEgIDM2Ny80LzEgDQpmICA0NjkvMS8xICA0NzAvMi8xICAzNjkvMy8xICAzNjgvNC8xIA0KZiAgNDcwLzEvMSAgNDcxLzIvMSAgMzcwLzMvMSAgMzY5LzQvMSANCmYgIDQ3MS8xLzEgIDQ3Mi8yLzEgIDM3MS8zLzEgIDM3MC80LzEgDQpmICA0NzIvMS8xICA0NzMvMi8xICAzNzIvMy8xICAzNzEvNC8xIA0KZiAgNDczLzEvMSAgNDc0LzIvMSAgMzczLzMvMSAgMzcyLzQvMSANCmYgIDQ3NC8xLzEgIDQ3NS8yLzEgIDM3NC8zLzEgIDM3My80LzEgDQpmICA0NzUvMS8xICA0NzYvMi8xICAzNzUvMy8xICAzNzQvNC8xIA0KZiAgNDc2LzEvMSAgNDc3LzIvMSAgMzc2LzMvMSAgMzc1LzQvMSANCmYgIDQ3Ny8xLzEgIDQ3OC8yLzEgIDM3Ny8zLzEgIDM3Ni80LzEgDQpmICA0NzgvMS8xICA0NzkvMi8xICAzNzgvMy8xICAzNzcvNC8xIA0KZiAgNDc5LzEvMSAgNDgwLzIvMSAgMzc5LzMvMSAgMzc4LzQvMSANCmYgIDQ4MC8xLzEgIDQ4MS8yLzEgIDM4MC8zLzEgIDM3OS80LzEgDQpmICA0ODEvMS8xICA0ODIvMi8xICAzODEvMy8xICAzODAvNC8xIA0KZiAgNDgyLzEvMSAgNDgzLzIvMSAgMzgyLzMvMSAgMzgxLzQvMSANCmYgIDQ4My8xLzEgIDQ4NC8yLzEgIDM4My8zLzEgIDM4Mi80LzEgDQpmICA0ODQvMS8xICA0ODUvMi8xICAzODQvMy8xICAzODMvNC8xIA0KZiAgNDg1LzEvMSAgNDg2LzIvMSAgMzg1LzMvMSAgMzg0LzQvMSANCmYgIDQ4Ni8xLzEgIDQ4Ny8yLzEgIDM4Ni8zLzEgIDM4NS80LzEgDQpmICA0ODcvMS8xICA0ODgvMi8xICAzODcvMy8xICAzODYvNC8xIA0KZiAgNDg4LzEvMSAgNDg5LzIvMSAgMzg4LzMvMSAgMzg3LzQvMSANCmYgIDQ4OS8xLzEgIDQ5MC8yLzEgIDM4OS8zLzEgIDM4OC80LzEgDQpmICA0OTAvMS8xICA0OTEvMi8xICAzOTAvMy8xICAzODkvNC8xIA0KZiAgNDkxLzEvMSAgNDkyLzIvMSAgMzkxLzMvMSAgMzkwLzQvMSANCmYgIDQ5Mi8xLzEgIDQ5My8yLzEgIDM5Mi8zLzEgIDM5MS80LzEgDQpmICA0OTMvMS8xICA0OTQvMi8xICAzOTMvMy8xICAzOTIvNC8xIA0KZiAgNDk0LzEvMSAgNDk1LzIvMSAgMzk0LzMvMSAgMzkzLzQvMSANCmYgIDQ5NS8xLzEgIDQ5Ni8yLzEgIDM5NS8zLzEgIDM5NC80LzEgDQpmICA0OTYvMS8xICA0OTcvMi8xICAzOTYvMy8xICAzOTUvNC8xIA0KZiAgNDk3LzEvMSAgNDk4LzIvMSAgMzk3LzMvMSAgMzk2LzQvMSANCmYgIDQ5OC8xLzEgIDQ5OS8yLzEgIDM5OC8zLzEgIDM5Ny80LzEgDQpmICA0OTkvMS8xICA1MDAvMi8xICAzOTkvMy8xICAzOTgvNC8xIA0KZiAgNTAwLzEvMSAgNTAxLzIvMSAgNDAwLzMvMSAgMzk5LzQvMSANCmYgIDUwMS8xLzEgIDUwMi8yLzEgIDQwMS8zLzEgIDQwMC80LzEgDQpmICA1MDIvMS8xICA1MDMvMi8xICA0MDIvMy8xICA0MDEvNC8xIA0KZiAgNTAzLzEvMSAgNTA0LzIvMSAgNDAzLzMvMSAgNDAyLzQvMSANCmYgIDUwNC8xLzEgIDUwNS8yLzEgIDQwNC8zLzEgIDQwMy80LzEgDQpmICA1MDYvMS8xICA1MDcvMi8xICA0MDYvMy8xICA0MDUvNC8xIA0KZiAgNTA3LzEvMSAgNTA4LzIvMSAgNDA3LzMvMSAgNDA2LzQvMSANCmYgIDUwOC8xLzEgIDUwOS8yLzEgIDQwOC8zLzEgIDQwNy80LzEgDQpmICA1MDkvMS8xICA1MTAvMi8xICA0MDkvMy8xICA0MDgvNC8xIA0KZiAgNTEwLzEvMSAgNTExLzIvMSAgNDEwLzMvMSAgNDA5LzQvMSANCmYgIDUxMS8xLzEgIDUxMi8yLzEgIDQxMS8zLzEgIDQxMC80LzEgDQpmICA1MTIvMS8xICA1MTMvMi8xICA0MTIvMy8xICA0MTEvNC8xIA0KZiAgNTEzLzEvMSAgNTE0LzIvMSAgNDEzLzMvMSAgNDEyLzQvMSANCmYgIDUxNC8xLzEgIDUxNS8yLzEgIDQxNC8zLzEgIDQxMy80LzEgDQpmICA1MTUvMS8xICA1MTYvMi8xICA0MTUvMy8xICA0MTQvNC8xIA0KZiAgNTE2LzEvMSAgNTE3LzIvMSAgNDE2LzMvMSAgNDE1LzQvMSANCmYgIDUxNy8xLzEgIDUxOC8yLzEgIDQxNy8zLzEgIDQxNi80LzEgDQpmICA1MTgvMS8xICA1MTkvMi8xICA0MTgvMy8xICA0MTcvNC8xIA0KZiAgNTE5LzEvMSAgNTIwLzIvMSAgNDE5LzMvMSAgNDE4LzQvMSANCmYgIDUyMC8xLzEgIDUyMS8yLzEgIDQyMC8zLzEgIDQxOS80LzEgDQpmICA1MjEvMS8xICA1MjIvMi8xICA0MjEvMy8xICA0MjAvNC8xIA0KZiAgNTIyLzEvMSAgNTIzLzIvMSAgNDIyLzMvMSAgNDIxLzQvMSANCmYgIDUyMy8xLzEgIDUyNC8yLzEgIDQyMy8zLzEgIDQyMi80LzEgDQpmICA1MjQvMS8xICA1MjUvMi8xICA0MjQvMy8xICA0MjMvNC8xIA0KZiAgNTI1LzEvMSAgNTI2LzIvMSAgNDI1LzMvMSAgNDI0LzQvMSANCmYgIDUyNi8xLzEgIDUyNy8yLzEgIDQyNi8zLzEgIDQyNS80LzEgDQpmICA1MjcvMS8xICA1MjgvMi8xICA0MjcvMy8xICA0MjYvNC8xIA0KZiAgNTI4LzEvMSAgNTI5LzIvMSAgNDI4LzMvMSAgNDI3LzQvMSANCmYgIDUyOS8xLzEgIDUzMC8yLzEgIDQyOS8zLzEgIDQyOC80LzEgDQpmICA1MzAvMS8xICA1MzEvMi8xICA0MzAvMy8xICA0MjkvNC8xIA0KZiAgNTMxLzEvMSAgNTMyLzIvMSAgNDMxLzMvMSAgNDMwLzQvMSANCmYgIDUzMi8xLzEgIDUzMy8yLzEgIDQzMi8zLzEgIDQzMS80LzEgDQpmICA1MzMvMS8xICA1MzQvMi8xICA0MzMvMy8xICA0MzIvNC8xIA0KZiAgNTM0LzEvMSAgNTM1LzIvMSAgNDM0LzMvMSAgNDMzLzQvMSANCmYgIDUzNS8xLzEgIDUzNi8yLzEgIDQzNS8zLzEgIDQzNC80LzEgDQpmICA1MzYvMS8xICA1MzcvMi8xICA0MzYvMy8xICA0MzUvNC8xIA0KZiAgNTM3LzEvMSAgNTM4LzIvMSAgNDM3LzMvMSAgNDM2LzQvMSANCmYgIDUzOC8xLzEgIDUzOS8yLzEgIDQzOC8zLzEgIDQzNy80LzEgDQpmICA1MzkvMS8xICA1NDAvMi8xICA0MzkvMy8xICA0MzgvNC8xIA0KZiAgNTQwLzEvMSAgNTQxLzIvMSAgNDQwLzMvMSAgNDM5LzQvMSANCmYgIDU0MS8xLzEgIDU0Mi8yLzEgIDQ0MS8zLzEgIDQ0MC80LzEgDQpmICA1NDIvMS8xICA1NDMvMi8xICA0NDIvMy8xICA0NDEvNC8xIA0KZiAgNTQzLzEvMSAgNTQ0LzIvMSAgNDQzLzMvMSAgNDQyLzQvMSANCmYgIDU0NC8xLzEgIDU0NS8yLzEgIDQ0NC8zLzEgIDQ0My80LzEgDQpmICA1NDUvMS8xICA1NDYvMi8xICA0NDUvMy8xICA0NDQvNC8xIA0KZiAgNTQ2LzEvMSAgNTQ3LzIvMSAgNDQ2LzMvMSAgNDQ1LzQvMSANCmYgIDU0Ny8xLzEgIDU0OC8yLzEgIDQ0Ny8zLzEgIDQ0Ni80LzEgDQpmICA1NDgvMS8xICA1NDkvMi8xICA0NDgvMy8xICA0NDcvNC8xIA0KZiAgNTQ5LzEvMSAgNTUwLzIvMSAgNDQ5LzMvMSAgNDQ4LzQvMSANCmYgIDU1MC8xLzEgIDU1MS8yLzEgIDQ1MC8zLzEgIDQ0OS80LzEgDQpmICA1NTEvMS8xICA1NTIvMi8xICA0NTEvMy8xICA0NTAvNC8xIA0KZiAgNTUyLzEvMSAgNTUzLzIvMSAgNDUyLzMvMSAgNDUxLzQvMSANCmYgIDU1My8xLzEgIDU1NC8yLzEgIDQ1My8zLzEgIDQ1Mi80LzEgDQpmICA1NTQvMS8xICA1NTUvMi8xICA0NTQvMy8xICA0NTMvNC8xIA0KZiAgNTU1LzEvMSAgNTU2LzIvMSAgNDU1LzMvMSAgNDU0LzQvMSANCmYgIDU1Ni8xLzEgIDU1Ny8yLzEgIDQ1Ni8zLzEgIDQ1NS80LzEgDQpmICA1NTcvMS8xICA1NTgvMi8xICA0NTcvMy8xICA0NTYvNC8xIA0KZiAgNTU4LzEvMSAgNTU5LzIvMSAgNDU4LzMvMSAgNDU3LzQvMSANCmYgIDU1OS8xLzEgIDU2MC8yLzEgIDQ1OS8zLzEgIDQ1OC80LzEgDQpmICA1NjAvMS8xICA1NjEvMi8xICA0NjAvMy8xICA0NTkvNC8xIA0KZiAgNTYxLzEvMSAgNTYyLzIvMSAgNDYxLzMvMSAgNDYwLzQvMSANCmYgIDU2Mi8xLzEgIDU2My8yLzEgIDQ2Mi8zLzEgIDQ2MS80LzEgDQpmICA1NjMvMS8xICA1NjQvMi8xICA0NjMvMy8xICA0NjIvNC8xIA0KZiAgNTY0LzEvMSAgNTY1LzIvMSAgNDY0LzMvMSAgNDYzLzQvMSANCmYgIDU2NS8xLzEgIDU2Ni8yLzEgIDQ2NS8zLzEgIDQ2NC80LzEgDQpmICA1NjYvMS8xICA1NjcvMi8xICA0NjYvMy8xICA0NjUvNC8xIA0KZiAgNTY3LzEvMSAgNTY4LzIvMSAgNDY3LzMvMSAgNDY2LzQvMSANCmYgIDU2OC8xLzEgIDU2OS8yLzEgIDQ2OC8zLzEgIDQ2Ny80LzEgDQpmICA1NjkvMS8xICA1NzAvMi8xICA0NjkvMy8xICA0NjgvNC8xIA0KZiAgNTcwLzEvMSAgNTcxLzIvMSAgNDcwLzMvMSAgNDY5LzQvMSANCmYgIDU3MS8xLzEgIDU3Mi8yLzEgIDQ3MS8zLzEgIDQ3MC80LzEgDQpmICA1NzIvMS8xICA1NzMvMi8xICA0NzIvMy8xICA0NzEvNC8xIA0KZiAgNTczLzEvMSAgNTc0LzIvMSAgNDczLzMvMSAgNDcyLzQvMSANCmYgIDU3NC8xLzEgIDU3NS8yLzEgIDQ3NC8zLzEgIDQ3My80LzEgDQpmICA1NzUvMS8xICA1NzYvMi8xICA0NzUvMy8xICA0NzQvNC8xIA0KZiAgNTc2LzEvMSAgNTc3LzIvMSAgNDc2LzMvMSAgNDc1LzQvMSANCmYgIDU3Ny8xLzEgIDU3OC8yLzEgIDQ3Ny8zLzEgIDQ3Ni80LzEgDQpmICA1NzgvMS8xICA1NzkvMi8xICA0NzgvMy8xICA0NzcvNC8xIA0KZiAgNTc5LzEvMSAgNTgwLzIvMSAgNDc5LzMvMSAgNDc4LzQvMSANCmYgIDU4MC8xLzEgIDU4MS8yLzEgIDQ4MC8zLzEgIDQ3OS80LzEgDQpmICA1ODEvMS8xICA1ODIvMi8xICA0ODEvMy8xICA0ODAvNC8xIA0KZiAgNTgyLzEvMSAgNTgzLzIvMSAgNDgyLzMvMSAgNDgxLzQvMSANCmYgIDU4My8xLzEgIDU4NC8yLzEgIDQ4My8zLzEgIDQ4Mi80LzEgDQpmICA1ODQvMS8xICA1ODUvMi8xICA0ODQvMy8xICA0ODMvNC8xIA0KZiAgNTg1LzEvMSAgNTg2LzIvMSAgNDg1LzMvMSAgNDg0LzQvMSANCmYgIDU4Ni8xLzEgIDU4Ny8yLzEgIDQ4Ni8zLzEgIDQ4NS80LzEgDQpmICA1ODcvMS8xICA1ODgvMi8xICA0ODcvMy8xICA0ODYvNC8xIA0KZiAgNTg4LzEvMSAgNTg5LzIvMSAgNDg4LzMvMSAgNDg3LzQvMSANCmYgIDU4OS8xLzEgIDU5MC8yLzEgIDQ4OS8zLzEgIDQ4OC80LzEgDQpmICA1OTAvMS8xICA1OTEvMi8xICA0OTAvMy8xICA0ODkvNC8xIA0KZiAgNTkxLzEvMSAgNTkyLzIvMSAgNDkxLzMvMSAgNDkwLzQvMSANCmYgIDU5Mi8xLzEgIDU5My8yLzEgIDQ5Mi8zLzEgIDQ5MS80LzEgDQpmICA1OTMvMS8xICA1OTQvMi8xICA0OTMvMy8xICA0OTIvNC8xIA0KZiAgNTk0LzEvMSAgNTk1LzIvMSAgNDk0LzMvMSAgNDkzLzQvMSANCmYgIDU5NS8xLzEgIDU5Ni8yLzEgIDQ5NS8zLzEgIDQ5NC80LzEgDQpmICA1OTYvMS8xICA1OTcvMi8xICA0OTYvMy8xICA0OTUvNC8xIA0KZiAgNTk3LzEvMSAgNTk4LzIvMSAgNDk3LzMvMSAgNDk2LzQvMSANCmYgIDU5OC8xLzEgIDU5OS8yLzEgIDQ5OC8zLzEgIDQ5Ny80LzEgDQpmICA1OTkvMS8xICA2MDAvMi8xICA0OTkvMy8xICA0OTgvNC8xIA0KZiAgNjAwLzEvMSAgNjAxLzIvMSAgNTAwLzMvMSAgNDk5LzQvMSANCmYgIDYwMS8xLzEgIDYwMi8yLzEgIDUwMS8zLzEgIDUwMC80LzEgDQpmICA2MDIvMS8xICA2MDMvMi8xICA1MDIvMy8xICA1MDEvNC8xIA0KZiAgNjAzLzEvMSAgNjA0LzIvMSAgNTAzLzMvMSAgNTAyLzQvMSANCmYgIDYwNC8xLzEgIDYwNS8yLzEgIDUwNC8zLzEgIDUwMy80LzEgDQpmICA2MDUvMS8xICA2MDYvMi8xICA1MDUvMy8xICA1MDQvNC8xIA0KZiAgNjA3LzEvMSAgNjA4LzIvMSAgNTA3LzMvMSAgNTA2LzQvMSANCmYgIDYwOC8xLzEgIDYwOS8yLzEgIDUwOC8zLzEgIDUwNy80LzEgDQpmICA2MDkvMS8xICA2MTAvMi8xICA1MDkvMy8xICA1MDgvNC8xIA0KZiAgNjEwLzEvMSAgNjExLzIvMSAgNTEwLzMvMSAgNTA5LzQvMSANCmYgIDYxMS8xLzEgIDYxMi8yLzEgIDUxMS8zLzEgIDUxMC80LzEgDQpmICA2MTIvMS8xICA2MTMvMi8xICA1MTIvMy8xICA1MTEvNC8xIA0KZiAgNjEzLzEvMSAgNjE0LzIvMSAgNTEzLzMvMSAgNTEyLzQvMSANCmYgIDYxNC8xLzEgIDYxNS8yLzEgIDUxNC8zLzEgIDUxMy80LzEgDQpmICA2MTUvMS8xICA2MTYvMi8xICA1MTUvMy8xICA1MTQvNC8xIA0KZiAgNjE2LzEvMSAgNjE3LzIvMSAgNTE2LzMvMSAgNTE1LzQvMSANCmYgIDYxNy8xLzEgIDYxOC8yLzEgIDUxNy8zLzEgIDUxNi80LzEgDQpmICA2MTgvMS8xICA2MTkvMi8xICA1MTgvMy8xICA1MTcvNC8xIA0KZiAgNjE5LzEvMSAgNjIwLzIvMSAgNTE5LzMvMSAgNTE4LzQvMSANCmYgIDYyMC8xLzEgIDYyMS8yLzEgIDUyMC8zLzEgIDUxOS80LzEgDQpmICA2MjEvMS8xICA2MjIvMi8xICA1MjEvMy8xICA1MjAvNC8xIA0KZiAgNjIyLzEvMSAgNjIzLzIvMSAgNTIyLzMvMSAgNTIxLzQvMSANCmYgIDYyMy8xLzEgIDYyNC8yLzEgIDUyMy8zLzEgIDUyMi80LzEgDQpmICA2MjQvMS8xICA2MjUvMi8xICA1MjQvMy8xICA1MjMvNC8xIA0KZiAgNjI1LzEvMSAgNjI2LzIvMSAgNTI1LzMvMSAgNTI0LzQvMSANCmYgIDYyNi8xLzEgIDYyNy8yLzEgIDUyNi8zLzEgIDUyNS80LzEgDQpmICA2MjcvMS8xICA2MjgvMi8xICA1MjcvMy8xICA1MjYvNC8xIA0KZiAgNjI4LzEvMSAgNjI5LzIvMSAgNTI4LzMvMSAgNTI3LzQvMSANCmYgIDYyOS8xLzEgIDYzMC8yLzEgIDUyOS8zLzEgIDUyOC80LzEgDQpmICA2MzAvMS8xICA2MzEvMi8xICA1MzAvMy8xICA1MjkvNC8xIA0KZiAgNjMxLzEvMSAgNjMyLzIvMSAgNTMxLzMvMSAgNTMwLzQvMSANCmYgIDYzMi8xLzEgIDYzMy8yLzEgIDUzMi8zLzEgIDUzMS80LzEgDQpmICA2MzMvMS8xICA2MzQvMi8xICA1MzMvMy8xICA1MzIvNC8xIA0KZiAgNjM0LzEvMSAgNjM1LzIvMSAgNTM0LzMvMSAgNTMzLzQvMSANCmYgIDYzNS8xLzEgIDYzNi8yLzEgIDUzNS8zLzEgIDUzNC80LzEgDQpmICA2MzYvMS8xICA2MzcvMi8xICA1MzYvMy8xICA1MzUvNC8xIA0KZiAgNjM3LzEvMSAgNjM4LzIvMSAgNTM3LzMvMSAgNTM2LzQvMSANCmYgIDYzOC8xLzEgIDYzOS8yLzEgIDUzOC8zLzEgIDUzNy80LzEgDQpmICA2MzkvMS8xICA2NDAvMi8xICA1MzkvMy8xICA1MzgvNC8xIA0KZiAgNjQwLzEvMSAgNjQxLzIvMSAgNTQwLzMvMSAgNTM5LzQvMSANCmYgIDY0MS8xLzEgIDY0Mi8yLzEgIDU0MS8zLzEgIDU0MC80LzEgDQpmICA2NDIvMS8xICA2NDMvMi8xICA1NDIvMy8xICA1NDEvNC8xIA0KZiAgNjQzLzEvMSAgNjQ0LzIvMSAgNTQzLzMvMSAgNTQyLzQvMSANCmYgIDY0NC8xLzEgIDY0NS8yLzEgIDU0NC8zLzEgIDU0My80LzEgDQpmICA2NDUvMS8xICA2NDYvMi8xICA1NDUvMy8xICA1NDQvNC8xIA0KZiAgNjQ2LzEvMSAgNjQ3LzIvMSAgNTQ2LzMvMSAgNTQ1LzQvMSANCmYgIDY0Ny8xLzEgIDY0OC8yLzEgIDU0Ny8zLzEgIDU0Ni80LzEgDQpmICA2NDgvMS8xICA2NDkvMi8xICA1NDgvMy8xICA1NDcvNC8xIA0KZiAgNjQ5LzEvMSAgNjUwLzIvMSAgNTQ5LzMvMSAgNTQ4LzQvMSANCmYgIDY1MC8xLzEgIDY1MS8yLzEgIDU1MC8zLzEgIDU0OS80LzEgDQpmICA2NTEvMS8xICA2NTIvMi8xICA1NTEvMy8xICA1NTAvNC8xIA0KZiAgNjUyLzEvMSAgNjUzLzIvMSAgNTUyLzMvMSAgNTUxLzQvMSANCmYgIDY1My8xLzEgIDY1NC8yLzEgIDU1My8zLzEgIDU1Mi80LzEgDQpmICA2NTQvMS8xICA2NTUvMi8xICA1NTQvMy8xICA1NTMvNC8xIA0KZiAgNjU1LzEvMSAgNjU2LzIvMSAgNTU1LzMvMSAgNTU0LzQvMSANCmYgIDY1Ni8xLzEgIDY1Ny8yLzEgIDU1Ni8zLzEgIDU1NS80LzEgDQpmICA2NTcvMS8xICA2NTgvMi8xICA1NTcvMy8xICA1NTYvNC8xIA0KZiAgNjU4LzEvMSAgNjU5LzIvMSAgNTU4LzMvMSAgNTU3LzQvMSANCmYgIDY1OS8xLzEgIDY2MC8yLzEgIDU1OS8zLzEgIDU1OC80LzEgDQpmICA2NjAvMS8xICA2NjEvMi8xICA1NjAvMy8xICA1NTkvNC8xIA0KZiAgNjYxLzEvMSAgNjYyLzIvMSAgNTYxLzMvMSAgNTYwLzQvMSANCmYgIDY2Mi8xLzEgIDY2My8yLzEgIDU2Mi8zLzEgIDU2MS80LzEgDQpmICA2NjMvMS8xICA2NjQvMi8xICA1NjMvMy8xICA1NjIvNC8xIA0KZiAgNjY0LzEvMSAgNjY1LzIvMSAgNTY0LzMvMSAgNTYzLzQvMSANCmYgIDY2NS8xLzEgIDY2Ni8yLzEgIDU2NS8zLzEgIDU2NC80LzEgDQpmICA2NjYvMS8xICA2NjcvMi8xICA1NjYvMy8xICA1NjUvNC8xIA0KZiAgNjY3LzEvMSAgNjY4LzIvMSAgNTY3LzMvMSAgNTY2LzQvMSANCmYgIDY2OC8xLzEgIDY2OS8yLzEgIDU2OC8zLzEgIDU2Ny80LzEgDQpmICA2NjkvMS8xICA2NzAvMi8xICA1NjkvMy8xICA1NjgvNC8xIA0KZiAgNjcwLzEvMSAgNjcxLzIvMSAgNTcwLzMvMSAgNTY5LzQvMSANCmYgIDY3MS8xLzEgIDY3Mi8yLzEgIDU3MS8zLzEgIDU3MC80LzEgDQpmICA2NzIvMS8xICA2NzMvMi8xICA1NzIvMy8xICA1NzEvNC8xIA0KZiAgNjczLzEvMSAgNjc0LzIvMSAgNTczLzMvMSAgNTcyLzQvMSANCmYgIDY3NC8xLzEgIDY3NS8yLzEgIDU3NC8zLzEgIDU3My80LzEgDQpmICA2NzUvMS8xICA2NzYvMi8xICA1NzUvMy8xICA1NzQvNC8xIA0KZiAgNjc2LzEvMSAgNjc3LzIvMSAgNTc2LzMvMSAgNTc1LzQvMSANCmYgIDY3Ny8xLzEgIDY3OC8yLzEgIDU3Ny8zLzEgIDU3Ni80LzEgDQpmICA2NzgvMS8xICA2NzkvMi8xICA1NzgvMy8xICA1NzcvNC8xIA0KZiAgNjc5LzEvMSAgNjgwLzIvMSAgNTc5LzMvMSAgNTc4LzQvMSANCmYgIDY4MC8xLzEgIDY4MS8yLzEgIDU4MC8zLzEgIDU3OS80LzEgDQpmICA2ODEvMS8xICA2ODIvMi8xICA1ODEvMy8xICA1ODAvNC8xIA0KZiAgNjgyLzEvMSAgNjgzLzIvMSAgNTgyLzMvMSAgNTgxLzQvMSANCmYgIDY4My8xLzEgIDY4NC8yLzEgIDU4My8zLzEgIDU4Mi80LzEgDQpmICA2ODQvMS8xICA2ODUvMi8xICA1ODQvMy8xICA1ODMvNC8xIA0KZiAgNjg1LzEvMSAgNjg2LzIvMSAgNTg1LzMvMSAgNTg0LzQvMSANCmYgIDY4Ni8xLzEgIDY4Ny8yLzEgIDU4Ni8zLzEgIDU4NS80LzEgDQpmICA2ODcvMS8xICA2ODgvMi8xICA1ODcvMy8xICA1ODYvNC8xIA0KZiAgNjg4LzEvMSAgNjg5LzIvMSAgNTg4LzMvMSAgNTg3LzQvMSANCmYgIDY4OS8xLzEgIDY5MC8yLzEgIDU4OS8zLzEgIDU4OC80LzEgDQpmICA2OTAvMS8xICA2OTEvMi8xICA1OTAvMy8xICA1ODkvNC8xIA0KZiAgNjkxLzEvMSAgNjkyLzIvMSAgNTkxLzMvMSAgNTkwLzQvMSANCmYgIDY5Mi8xLzEgIDY5My8yLzEgIDU5Mi8zLzEgIDU5MS80LzEgDQpmICA2OTMvMS8xICA2OTQvMi8xICA1OTMvMy8xICA1OTIvNC8xIA0KZiAgNjk0LzEvMSAgNjk1LzIvMSAgNTk0LzMvMSAgNTkzLzQvMSANCmYgIDY5NS8xLzEgIDY5Ni8yLzEgIDU5NS8zLzEgIDU5NC80LzEgDQpmICA2OTYvMS8xICA2OTcvMi8xICA1OTYvMy8xICA1OTUvNC8xIA0KZiAgNjk3LzEvMSAgNjk4LzIvMSAgNTk3LzMvMSAgNTk2LzQvMSANCmYgIDY5OC8xLzEgIDY5OS8yLzEgIDU5OC8zLzEgIDU5Ny80LzEgDQpmICA2OTkvMS8xICA3MDAvMi8xICA1OTkvMy8xICA1OTgvNC8xIA0KZiAgNzAwLzEvMSAgNzAxLzIvMSAgNjAwLzMvMSAgNTk5LzQvMSANCmYgIDcwMS8xLzEgIDcwMi8yLzEgIDYwMS8zLzEgIDYwMC80LzEgDQpmICA3MDIvMS8xICA3MDMvMi8xICA2MDIvMy8xICA2MDEvNC8xIA0KZiAgNzAzLzEvMSAgNzA0LzIvMSAgNjAzLzMvMSAgNjAyLzQvMSANCmYgIDcwNC8xLzEgIDcwNS8yLzEgIDYwNC8zLzEgIDYwMy80LzEgDQpmICA3MDUvMS8xICA3MDYvMi8xICA2MDUvMy8xICA2MDQvNC8xIA0KZiAgNzA2LzEvMSAgNzA3LzIvMSAgNjA2LzMvMSAgNjA1LzQvMSANCmYgIDcwOC8xLzEgIDcwOS8yLzEgIDYwOC8zLzEgIDYwNy80LzEgDQpmICA3MDkvMS8xICA3MTAvMi8xICA2MDkvMy8xICA2MDgvNC8xIA0KZiAgNzEwLzEvMSAgNzExLzIvMSAgNjEwLzMvMSAgNjA5LzQvMSANCmYgIDcxMS8xLzEgIDcxMi8yLzEgIDYxMS8zLzEgIDYxMC80LzEgDQpmICA3MTIvMS8xICA3MTMvMi8xICA2MTIvMy8xICA2MTEvNC8xIA0KZiAgNzEzLzEvMSAgNzE0LzIvMSAgNjEzLzMvMSAgNjEyLzQvMSANCmYgIDcxNC8xLzEgIDcxNS8yLzEgIDYxNC8zLzEgIDYxMy80LzEgDQpmICA3MTUvMS8xICA3MTYvMi8xICA2MTUvMy8xICA2MTQvNC8xIA0KZiAgNzE2LzEvMSAgNzE3LzIvMSAgNjE2LzMvMSAgNjE1LzQvMSANCmYgIDcxNy8xLzEgIDcxOC8yLzEgIDYxNy8zLzEgIDYxNi80LzEgDQpmICA3MTgvMS8xICA3MTkvMi8xICA2MTgvMy8xICA2MTcvNC8xIA0KZiAgNzE5LzEvMSAgNzIwLzIvMSAgNjE5LzMvMSAgNjE4LzQvMSANCmYgIDcyMC8xLzEgIDcyMS8yLzEgIDYyMC8zLzEgIDYxOS80LzEgDQpmICA3MjEvMS8xICA3MjIvMi8xICA2MjEvMy8xICA2MjAvNC8xIA0KZiAgNzIyLzEvMSAgNzIzLzIvMSAgNjIyLzMvMSAgNjIxLzQvMSANCmYgIDcyMy8xLzEgIDcyNC8yLzEgIDYyMy8zLzEgIDYyMi80LzEgDQpmICA3MjQvMS8xICA3MjUvMi8xICA2MjQvMy8xICA2MjMvNC8xIA0KZiAgNzI1LzEvMSAgNzI2LzIvMSAgNjI1LzMvMSAgNjI0LzQvMSANCmYgIDcyNi8xLzEgIDcyNy8yLzEgIDYyNi8zLzEgIDYyNS80LzEgDQpmICA3MjcvMS8xICA3MjgvMi8xICA2MjcvMy8xICA2MjYvNC8xIA0KZiAgNzI4LzEvMSAgNzI5LzIvMSAgNjI4LzMvMSAgNjI3LzQvMSANCmYgIDcyOS8xLzEgIDczMC8yLzEgIDYyOS8zLzEgIDYyOC80LzEgDQpmICA3MzAvMS8xICA3MzEvMi8xICA2MzAvMy8xICA2MjkvNC8xIA0KZiAgNzMxLzEvMSAgNzMyLzIvMSAgNjMxLzMvMSAgNjMwLzQvMSANCmYgIDczMi8xLzEgIDczMy8yLzEgIDYzMi8zLzEgIDYzMS80LzEgDQpmICA3MzMvMS8xICA3MzQvMi8xICA2MzMvMy8xICA2MzIvNC8xIA0KZiAgNzM0LzEvMSAgNzM1LzIvMSAgNjM0LzMvMSAgNjMzLzQvMSANCmYgIDczNS8xLzEgIDczNi8yLzEgIDYzNS8zLzEgIDYzNC80LzEgDQpmICA3MzYvMS8xICA3MzcvMi8xICA2MzYvMy8xICA2MzUvNC8xIA0KZiAgNzM3LzEvMSAgNzM4LzIvMSAgNjM3LzMvMSAgNjM2LzQvMSANCmYgIDczOC8xLzEgIDczOS8yLzEgIDYzOC8zLzEgIDYzNy80LzEgDQpmICA3MzkvMS8xICA3NDAvMi8xICA2MzkvMy8xICA2MzgvNC8xIA0KZiAgNzQwLzEvMSAgNzQxLzIvMSAgNjQwLzMvMSAgNjM5LzQvMSANCmYgIDc0MS8xLzEgIDc0Mi8yLzEgIDY0MS8zLzEgIDY0MC80LzEgDQpmICA3NDIvMS8xICA3NDMvMi8xICA2NDIvMy8xICA2NDEvNC8xIA0KZiAgNzQzLzEvMSAgNzQ0LzIvMSAgNjQzLzMvMSAgNjQyLzQvMSANCmYgIDc0NC8xLzEgIDc0NS8yLzEgIDY0NC8zLzEgIDY0My80LzEgDQpmICA3NDUvMS8xICA3NDYvMi8xICA2NDUvMy8xICA2NDQvNC8xIA0KZiAgNzQ2LzEvMSAgNzQ3LzIvMSAgNjQ2LzMvMSAgNjQ1LzQvMSANCmYgIDc0Ny8xLzEgIDc0OC8yLzEgIDY0Ny8zLzEgIDY0Ni80LzEgDQpmICA3NDgvMS8xICA3NDkvMi8xICA2NDgvMy8xICA2NDcvNC8xIA0KZiAgNzQ5LzEvMSAgNzUwLzIvMSAgNjQ5LzMvMSAgNjQ4LzQvMSANCmYgIDc1MC8xLzEgIDc1MS8yLzEgIDY1MC8zLzEgIDY0OS80LzEgDQpmICA3NTEvMS8xICA3NTIvMi8xICA2NTEvMy8xICA2NTAvNC8xIA0KZiAgNzUyLzEvMSAgNzUzLzIvMSAgNjUyLzMvMSAgNjUxLzQvMSANCmYgIDc1My8xLzEgIDc1NC8yLzEgIDY1My8zLzEgIDY1Mi80LzEgDQpmICA3NTQvMS8xICA3NTUvMi8xICA2NTQvMy8xICA2NTMvNC8xIA0KZiAgNzU1LzEvMSAgNzU2LzIvMSAgNjU1LzMvMSAgNjU0LzQvMSANCmYgIDc1Ni8xLzEgIDc1Ny8yLzEgIDY1Ni8zLzEgIDY1NS80LzEgDQpmICA3NTcvMS8xICA3NTgvMi8xICA2NTcvMy8xICA2NTYvNC8xIA0KZiAgNzU4LzEvMSAgNzU5LzIvMSAgNjU4LzMvMSAgNjU3LzQvMSANCmYgIDc1OS8xLzEgIDc2MC8yLzEgIDY1OS8zLzEgIDY1OC80LzEgDQpmICA3NjAvMS8xICA3NjEvMi8xICA2NjAvMy8xICA2NTkvNC8xIA0KZiAgNzYxLzEvMSAgNzYyLzIvMSAgNjYxLzMvMSAgNjYwLzQvMSANCmYgIDc2Mi8xLzEgIDc2My8yLzEgIDY2Mi8zLzEgIDY2MS80LzEgDQpmICA3NjMvMS8xICA3NjQvMi8xICA2NjMvMy8xICA2NjIvNC8xIA0KZiAgNzY0LzEvMSAgNzY1LzIvMSAgNjY0LzMvMSAgNjYzLzQvMSANCmYgIDc2NS8xLzEgIDc2Ni8yLzEgIDY2NS8zLzEgIDY2NC80LzEgDQpmICA3NjYvMS8xICA3NjcvMi8xICA2NjYvMy8xICA2NjUvNC8xIA0KZiAgNzY3LzEvMSAgNzY4LzIvMSAgNjY3LzMvMSAgNjY2LzQvMSANCmYgIDc2OC8xLzEgIDc2OS8yLzEgIDY2OC8zLzEgIDY2Ny80LzEgDQpmICA3NjkvMS8xICA3NzAvMi8xICA2NjkvMy8xICA2NjgvNC8xIA0KZiAgNzcwLzEvMSAgNzcxLzIvMSAgNjcwLzMvMSAgNjY5LzQvMSANCmYgIDc3MS8xLzEgIDc3Mi8yLzEgIDY3MS8zLzEgIDY3MC80LzEgDQpmICA3NzIvMS8xICA3NzMvMi8xICA2NzIvMy8xICA2NzEvNC8xIA0KZiAgNzczLzEvMSAgNzc0LzIvMSAgNjczLzMvMSAgNjcyLzQvMSANCmYgIDc3NC8xLzEgIDc3NS8yLzEgIDY3NC8zLzEgIDY3My80LzEgDQpmICA3NzUvMS8xICA3NzYvMi8xICA2NzUvMy8xICA2NzQvNC8xIA0KZiAgNzc2LzEvMSAgNzc3LzIvMSAgNjc2LzMvMSAgNjc1LzQvMSANCmYgIDc3Ny8xLzEgIDc3OC8yLzEgIDY3Ny8zLzEgIDY3Ni80LzEgDQpmICA3NzgvMS8xICA3NzkvMi8xICA2NzgvMy8xICA2NzcvNC8xIA0KZiAgNzc5LzEvMSAgNzgwLzIvMSAgNjc5LzMvMSAgNjc4LzQvMSANCmYgIDc4MC8xLzEgIDc4MS8yLzEgIDY4MC8zLzEgIDY3OS80LzEgDQpmICA3ODEvMS8xICA3ODIvMi8xICA2ODEvMy8xICA2ODAvNC8xIA0KZiAgNzgyLzEvMSAgNzgzLzIvMSAgNjgyLzMvMSAgNjgxLzQvMSANCmYgIDc4My8xLzEgIDc4NC8yLzEgIDY4My8zLzEgIDY4Mi80LzEgDQpmICA3ODQvMS8xICA3ODUvMi8xICA2ODQvMy8xICA2ODMvNC8xIA0KZiAgNzg1LzEvMSAgNzg2LzIvMSAgNjg1LzMvMSAgNjg0LzQvMSANCmYgIDc4Ni8xLzEgIDc4Ny8yLzEgIDY4Ni8zLzEgIDY4NS80LzEgDQpmICA3ODcvMS8xICA3ODgvMi8xICA2ODcvMy8xICA2ODYvNC8xIA0KZiAgNzg4LzEvMSAgNzg5LzIvMSAgNjg4LzMvMSAgNjg3LzQvMSANCmYgIDc4OS8xLzEgIDc5MC8yLzEgIDY4OS8zLzEgIDY4OC80LzEgDQpmICA3OTAvMS8xICA3OTEvMi8xICA2OTAvMy8xICA2ODkvNC8xIA0KZiAgNzkxLzEvMSAgNzkyLzIvMSAgNjkxLzMvMSAgNjkwLzQvMSANCmYgIDc5Mi8xLzEgIDc5My8yLzEgIDY5Mi8zLzEgIDY5MS80LzEgDQpmICA3OTMvMS8xICA3OTQvMi8xICA2OTMvMy8xICA2OTIvNC8xIA0KZiAgNzk0LzEvMSAgNzk1LzIvMSAgNjk0LzMvMSAgNjkzLzQvMSANCmYgIDc5NS8xLzEgIDc5Ni8yLzEgIDY5NS8zLzEgIDY5NC80LzEgDQpmICA3OTYvMS8xICA3OTcvMi8xICA2OTYvMy8xICA2OTUvNC8xIA0KZiAgNzk3LzEvMSAgNzk4LzIvMSAgNjk3LzMvMSAgNjk2LzQvMSANCmYgIDc5OC8xLzEgIDc5OS8yLzEgIDY5OC8zLzEgIDY5Ny80LzEgDQpmICA3OTkvMS8xICA4MDAvMi8xICA2OTkvMy8xICA2OTgvNC8xIA0KZiAgODAwLzEvMSAgODAxLzIvMSAgNzAwLzMvMSAgNjk5LzQvMSANCmYgIDgwMS8xLzEgIDgwMi8yLzEgIDcwMS8zLzEgIDcwMC80LzEgDQpmICA4MDIvMS8xICA4MDMvMi8xICA3MDIvMy8xICA3MDEvNC8xIA0KZiAgODAzLzEvMSAgODA0LzIvMSAgNzAzLzMvMSAgNzAyLzQvMSANCmYgIDgwNC8xLzEgIDgwNS8yLzEgIDcwNC8zLzEgIDcwMy80LzEgDQpmICA4MDUvMS8xICA4MDYvMi8xICA3MDUvMy8xICA3MDQvNC8xIA0KZiAgODA2LzEvMSAgODA3LzIvMSAgNzA2LzMvMSAgNzA1LzQvMSANCmYgIDgwNy8xLzEgIDgwOC8yLzEgIDcwNy8zLzEgIDcwNi80LzEgDQpmICA4MDkvMS8xICA4MTAvMi8xICA3MDkvMy8xICA3MDgvNC8xIA0KZiAgODEwLzEvMSAgODExLzIvMSAgNzEwLzMvMSAgNzA5LzQvMSANCmYgIDgxMS8xLzEgIDgxMi8yLzEgIDcxMS8zLzEgIDcxMC80LzEgDQpmICA4MTIvMS8xICA4MTMvMi8xICA3MTIvMy8xICA3MTEvNC8xIA0KZiAgODEzLzEvMSAgODE0LzIvMSAgNzEzLzMvMSAgNzEyLzQvMSANCmYgIDgxNC8xLzEgIDgxNS8yLzEgIDcxNC8zLzEgIDcxMy80LzEgDQpmICA4MTUvMS8xICA4MTYvMi8xICA3MTUvMy8xICA3MTQvNC8xIA0KZiAgODE2LzEvMSAgODE3LzIvMSAgNzE2LzMvMSAgNzE1LzQvMSANCmYgIDgxNy8xLzEgIDgxOC8yLzEgIDcxNy8zLzEgIDcxNi80LzEgDQpmICA4MTgvMS8xICA4MTkvMi8xICA3MTgvMy8xICA3MTcvNC8xIA0KZiAgODE5LzEvMSAgODIwLzIvMSAgNzE5LzMvMSAgNzE4LzQvMSANCmYgIDgyMC8xLzEgIDgyMS8yLzEgIDcyMC8zLzEgIDcxOS80LzEgDQpmICA4MjEvMS8xICA4MjIvMi8xICA3MjEvMy8xICA3MjAvNC8xIA0KZiAgODIyLzEvMSAgODIzLzIvMSAgNzIyLzMvMSAgNzIxLzQvMSANCmYgIDgyMy8xLzEgIDgyNC8yLzEgIDcyMy8zLzEgIDcyMi80LzEgDQpmICA4MjQvMS8xICA4MjUvMi8xICA3MjQvMy8xICA3MjMvNC8xIA0KZiAgODI1LzEvMSAgODI2LzIvMSAgNzI1LzMvMSAgNzI0LzQvMSANCmYgIDgyNi8xLzEgIDgyNy8yLzEgIDcyNi8zLzEgIDcyNS80LzEgDQpmICA4MjcvMS8xICA4MjgvMi8xICA3MjcvMy8xICA3MjYvNC8xIA0KZiAgODI4LzEvMSAgODI5LzIvMSAgNzI4LzMvMSAgNzI3LzQvMSANCmYgIDgyOS8xLzEgIDgzMC8yLzEgIDcyOS8zLzEgIDcyOC80LzEgDQpmICA4MzAvMS8xICA4MzEvMi8xICA3MzAvMy8xICA3MjkvNC8xIA0KZiAgODMxLzEvMSAgODMyLzIvMSAgNzMxLzMvMSAgNzMwLzQvMSANCmYgIDgzMi8xLzEgIDgzMy8yLzEgIDczMi8zLzEgIDczMS80LzEgDQpmICA4MzMvMS8xICA4MzQvMi8xICA3MzMvMy8xICA3MzIvNC8xIA0KZiAgODM0LzEvMSAgODM1LzIvMSAgNzM0LzMvMSAgNzMzLzQvMSANCmYgIDgzNS8xLzEgIDgzNi8yLzEgIDczNS8zLzEgIDczNC80LzEgDQpmICA4MzYvMS8xICA4MzcvMi8xICA3MzYvMy8xICA3MzUvNC8xIA0KZiAgODM3LzEvMSAgODM4LzIvMSAgNzM3LzMvMSAgNzM2LzQvMSANCmYgIDgzOC8xLzEgIDgzOS8yLzEgIDczOC8zLzEgIDczNy80LzEgDQpmICA4MzkvMS8xICA4NDAvMi8xICA3MzkvMy8xICA3MzgvNC8xIA0KZiAgODQwLzEvMSAgODQxLzIvMSAgNzQwLzMvMSAgNzM5LzQvMSANCmYgIDg0MS8xLzEgIDg0Mi8yLzEgIDc0MS8zLzEgIDc0MC80LzEgDQpmICA4NDIvMS8xICA4NDMvMi8xICA3NDIvMy8xICA3NDEvNC8xIA0KZiAgODQzLzEvMSAgODQ0LzIvMSAgNzQzLzMvMSAgNzQyLzQvMSANCmYgIDg0NC8xLzEgIDg0NS8yLzEgIDc0NC8zLzEgIDc0My80LzEgDQpmICA4NDUvMS8xICA4NDYvMi8xICA3NDUvMy8xICA3NDQvNC8xIA0KZiAgODQ2LzEvMSAgODQ3LzIvMSAgNzQ2LzMvMSAgNzQ1LzQvMSANCmYgIDg0Ny8xLzEgIDg0OC8yLzEgIDc0Ny8zLzEgIDc0Ni80LzEgDQpmICA4NDgvMS8xICA4NDkvMi8xICA3NDgvMy8xICA3NDcvNC8xIA0KZiAgODQ5LzEvMSAgODUwLzIvMSAgNzQ5LzMvMSAgNzQ4LzQvMSANCmYgIDg1MC8xLzEgIDg1MS8yLzEgIDc1MC8zLzEgIDc0OS80LzEgDQpmICA4NTEvMS8xICA4NTIvMi8xICA3NTEvMy8xICA3NTAvNC8xIA0KZiAgODUyLzEvMSAgODUzLzIvMSAgNzUyLzMvMSAgNzUxLzQvMSANCmYgIDg1My8xLzEgIDg1NC8yLzEgIDc1My8zLzEgIDc1Mi80LzEgDQpmICA4NTQvMS8xICA4NTUvMi8xICA3NTQvMy8xICA3NTMvNC8xIA0KZiAgODU1LzEvMSAgODU2LzIvMSAgNzU1LzMvMSAgNzU0LzQvMSANCmYgIDg1Ni8xLzEgIDg1Ny8yLzEgIDc1Ni8zLzEgIDc1NS80LzEgDQpmICA4NTcvMS8xICA4NTgvMi8xICA3NTcvMy8xICA3NTYvNC8xIA0KZiAgODU4LzEvMSAgODU5LzIvMSAgNzU4LzMvMSAgNzU3LzQvMSANCmYgIDg1OS8xLzEgIDg2MC8yLzEgIDc1OS8zLzEgIDc1OC80LzEgDQpmICA4NjAvMS8xICA4NjEvMi8xICA3NjAvMy8xICA3NTkvNC8xIA0KZiAgODYxLzEvMSAgODYyLzIvMSAgNzYxLzMvMSAgNzYwLzQvMSANCmYgIDg2Mi8xLzEgIDg2My8yLzEgIDc2Mi8zLzEgIDc2MS80LzEgDQpmICA4NjMvMS8xICA4NjQvMi8xICA3NjMvMy8xICA3NjIvNC8xIA0KZiAgODY0LzEvMSAgODY1LzIvMSAgNzY0LzMvMSAgNzYzLzQvMSANCmYgIDg2NS8xLzEgIDg2Ni8yLzEgIDc2NS8zLzEgIDc2NC80LzEgDQpmICA4NjYvMS8xICA4NjcvMi8xICA3NjYvMy8xICA3NjUvNC8xIA0KZiAgODY3LzEvMSAgODY4LzIvMSAgNzY3LzMvMSAgNzY2LzQvMSANCmYgIDg2OC8xLzEgIDg2OS8yLzEgIDc2OC8zLzEgIDc2Ny80LzEgDQpmICA4NjkvMS8xICA4NzAvMi8xICA3NjkvMy8xICA3NjgvNC8xIA0KZiAgODcwLzEvMSAgODcxLzIvMSAgNzcwLzMvMSAgNzY5LzQvMSANCmYgIDg3MS8xLzEgIDg3Mi8yLzEgIDc3MS8zLzEgIDc3MC80LzEgDQpmICA4NzIvMS8xICA4NzMvMi8xICA3NzIvMy8xICA3NzEvNC8xIA0KZiAgODczLzEvMSAgODc0LzIvMSAgNzczLzMvMSAgNzcyLzQvMSANCmYgIDg3NC8xLzEgIDg3NS8yLzEgIDc3NC8zLzEgIDc3My80LzEgDQpmICA4NzUvMS8xICA4NzYvMi8xICA3NzUvMy8xICA3NzQvNC8xIA0KZiAgODc2LzEvMSAgODc3LzIvMSAgNzc2LzMvMSAgNzc1LzQvMSANCmYgIDg3Ny8xLzEgIDg3OC8yLzEgIDc3Ny8zLzEgIDc3Ni80LzEgDQpmICA4NzgvMS8xICA4NzkvMi8xICA3NzgvMy8xICA3NzcvNC8xIA0KZiAgODc5LzEvMSAgODgwLzIvMSAgNzc5LzMvMSAgNzc4LzQvMSANCmYgIDg4MC8xLzEgIDg4MS8yLzEgIDc4MC8zLzEgIDc3OS80LzEgDQpmICA4ODEvMS8xICA4ODIvMi8xICA3ODEvMy8xICA3ODAvNC8xIA0KZiAgODgyLzEvMSAgODgzLzIvMSAgNzgyLzMvMSAgNzgxLzQvMSANCmYgIDg4My8xLzEgIDg4NC8yLzEgIDc4My8zLzEgIDc4Mi80LzEgDQpmICA4ODQvMS8xICA4ODUvMi8xICA3ODQvMy8xICA3ODMvNC8xIA0KZiAgODg1LzEvMSAgODg2LzIvMSAgNzg1LzMvMSAgNzg0LzQvMSANCmYgIDg4Ni8xLzEgIDg4Ny8yLzEgIDc4Ni8zLzEgIDc4NS80LzEgDQpmICA4ODcvMS8xICA4ODgvMi8xICA3ODcvMy8xICA3ODYvNC8xIA0KZiAgODg4LzEvMSAgODg5LzIvMSAgNzg4LzMvMSAgNzg3LzQvMSANCmYgIDg4OS8xLzEgIDg5MC8yLzEgIDc4OS8zLzEgIDc4OC80LzEgDQpmICA4OTAvMS8xICA4OTEvMi8xICA3OTAvMy8xICA3ODkvNC8xIA0KZiAgODkxLzEvMSAgODkyLzIvMSAgNzkxLzMvMSAgNzkwLzQvMSANCmYgIDg5Mi8xLzEgIDg5My8yLzEgIDc5Mi8zLzEgIDc5MS80LzEgDQpmICA4OTMvMS8xICA4OTQvMi8xICA3OTMvMy8xICA3OTIvNC8xIA0KZiAgODk0LzEvMSAgODk1LzIvMSAgNzk0LzMvMSAgNzkzLzQvMSANCmYgIDg5NS8xLzEgIDg5Ni8yLzEgIDc5NS8zLzEgIDc5NC80LzEgDQpmICA4OTYvMS8xICA4OTcvMi8xICA3OTYvMy8xICA3OTUvNC8xIA0KZiAgODk3LzEvMSAgODk4LzIvMSAgNzk3LzMvMSAgNzk2LzQvMSANCmYgIDg5OC8xLzEgIDg5OS8yLzEgIDc5OC8zLzEgIDc5Ny80LzEgDQpmICA4OTkvMS8xICA5MDAvMi8xICA3OTkvMy8xICA3OTgvNC8xIA0KZiAgOTAwLzEvMSAgOTAxLzIvMSAgODAwLzMvMSAgNzk5LzQvMSANCmYgIDkwMS8xLzEgIDkwMi8yLzEgIDgwMS8zLzEgIDgwMC80LzEgDQpmICA5MDIvMS8xICA5MDMvMi8xICA4MDIvMy8xICA4MDEvNC8xIA0KZiAgOTAzLzEvMSAgOTA0LzIvMSAgODAzLzMvMSAgODAyLzQvMSANCmYgIDkwNC8xLzEgIDkwNS8yLzEgIDgwNC8zLzEgIDgwMy80LzEgDQpmICA5MDUvMS8xICA5MDYvMi8xICA4MDUvMy8xICA4MDQvNC8xIA0KZiAgOTA2LzEvMSAgOTA3LzIvMSAgODA2LzMvMSAgODA1LzQvMSANCmYgIDkwNy8xLzEgIDkwOC8yLzEgIDgwNy8zLzEgIDgwNi80LzEgDQpmICA5MDgvMS8xICA5MDkvMi8xICA4MDgvMy8xICA4MDcvNC8xIA0KZiAgOTEwLzEvMSAgOTExLzIvMSAgODEwLzMvMSAgODA5LzQvMSANCmYgIDkxMS8xLzEgIDkxMi8yLzEgIDgxMS8zLzEgIDgxMC80LzEgDQpmICA5MTIvMS8xICA5MTMvMi8xICA4MTIvMy8xICA4MTEvNC8xIA0KZiAgOTEzLzEvMSAgOTE0LzIvMSAgODEzLzMvMSAgODEyLzQvMSANCmYgIDkxNC8xLzEgIDkxNS8yLzEgIDgxNC8zLzEgIDgxMy80LzEgDQpmICA5MTUvMS8xICA5MTYvMi8xICA4MTUvMy8xICA4MTQvNC8xIA0KZiAgOTE2LzEvMSAgOTE3LzIvMSAgODE2LzMvMSAgODE1LzQvMSANCmYgIDkxNy8xLzEgIDkxOC8yLzEgIDgxNy8zLzEgIDgxNi80LzEgDQpmICA5MTgvMS8xICA5MTkvMi8xICA4MTgvMy8xICA4MTcvNC8xIA0KZiAgOTE5LzEvMSAgOTIwLzIvMSAgODE5LzMvMSAgODE4LzQvMSANCmYgIDkyMC8xLzEgIDkyMS8yLzEgIDgyMC8zLzEgIDgxOS80LzEgDQpmICA5MjEvMS8xICA5MjIvMi8xICA4MjEvMy8xICA4MjAvNC8xIA0KZiAgOTIyLzEvMSAgOTIzLzIvMSAgODIyLzMvMSAgODIxLzQvMSANCmYgIDkyMy8xLzEgIDkyNC8yLzEgIDgyMy8zLzEgIDgyMi80LzEgDQpmICA5MjQvMS8xICA5MjUvMi8xICA4MjQvMy8xICA4MjMvNC8xIA0KZiAgOTI1LzEvMSAgOTI2LzIvMSAgODI1LzMvMSAgODI0LzQvMSANCmYgIDkyNi8xLzEgIDkyNy8yLzEgIDgyNi8zLzEgIDgyNS80LzEgDQpmICA5MjcvMS8xICA5MjgvMi8xICA4MjcvMy8xICA4MjYvNC8xIA0KZiAgOTI4LzEvMSAgOTI5LzIvMSAgODI4LzMvMSAgODI3LzQvMSANCmYgIDkyOS8xLzEgIDkzMC8yLzEgIDgyOS8zLzEgIDgyOC80LzEgDQpmICA5MzAvMS8xICA5MzEvMi8xICA4MzAvMy8xICA4MjkvNC8xIA0KZiAgOTMxLzEvMSAgOTMyLzIvMSAgODMxLzMvMSAgODMwLzQvMSANCmYgIDkzMi8xLzEgIDkzMy8yLzEgIDgzMi8zLzEgIDgzMS80LzEgDQpmICA5MzMvMS8xICA5MzQvMi8xICA4MzMvMy8xICA4MzIvNC8xIA0KZiAgOTM0LzEvMSAgOTM1LzIvMSAgODM0LzMvMSAgODMzLzQvMSANCmYgIDkzNS8xLzEgIDkzNi8yLzEgIDgzNS8zLzEgIDgzNC80LzEgDQpmICA5MzYvMS8xICA5MzcvMi8xICA4MzYvMy8xICA4MzUvNC8xIA0KZiAgOTM3LzEvMSAgOTM4LzIvMSAgODM3LzMvMSAgODM2LzQvMSANCmYgIDkzOC8xLzEgIDkzOS8yLzEgIDgzOC8zLzEgIDgzNy80LzEgDQpmICA5MzkvMS8xICA5NDAvMi8xICA4MzkvMy8xICA4MzgvNC8xIA0KZiAgOTQwLzEvMSAgOTQxLzIvMSAgODQwLzMvMSAgODM5LzQvMSANCmYgIDk0MS8xLzEgIDk0Mi8yLzEgIDg0MS8zLzEgIDg0MC80LzEgDQpmICA5NDIvMS8xICA5NDMvMi8xICA4NDIvMy8xICA4NDEvNC8xIA0KZiAgOTQzLzEvMSAgOTQ0LzIvMSAgODQzLzMvMSAgODQyLzQvMSANCmYgIDk0NC8xLzEgIDk0NS8yLzEgIDg0NC8zLzEgIDg0My80LzEgDQpmICA5NDUvMS8xICA5NDYvMi8xICA4NDUvMy8xICA4NDQvNC8xIA0KZiAgOTQ2LzEvMSAgOTQ3LzIvMSAgODQ2LzMvMSAgODQ1LzQvMSANCmYgIDk0Ny8xLzEgIDk0OC8yLzEgIDg0Ny8zLzEgIDg0Ni80LzEgDQpmICA5NDgvMS8xICA5NDkvMi8xICA4NDgvMy8xICA4NDcvNC8xIA0KZiAgOTQ5LzEvMSAgOTUwLzIvMSAgODQ5LzMvMSAgODQ4LzQvMSANCmYgIDk1MC8xLzEgIDk1MS8yLzEgIDg1MC8zLzEgIDg0OS80LzEgDQpmICA5NTEvMS8xICA5NTIvMi8xICA4NTEvMy8xICA4NTAvNC8xIA0KZiAgOTUyLzEvMSAgOTUzLzIvMSAgODUyLzMvMSAgODUxLzQvMSANCmYgIDk1My8xLzEgIDk1NC8yLzEgIDg1My8zLzEgIDg1Mi80LzEgDQpmICA5NTQvMS8xICA5NTUvMi8xICA4NTQvMy8xICA4NTMvNC8xIA0KZiAgOTU1LzEvMSAgOTU2LzIvMSAgODU1LzMvMSAgODU0LzQvMSANCmYgIDk1Ni8xLzEgIDk1Ny8yLzEgIDg1Ni8zLzEgIDg1NS80LzEgDQpmICA5NTcvMS8xICA5NTgvMi8xICA4NTcvMy8xICA4NTYvNC8xIA0KZiAgOTU4LzEvMSAgOTU5LzIvMSAgODU4LzMvMSAgODU3LzQvMSANCmYgIDk1OS8xLzEgIDk2MC8yLzEgIDg1OS8zLzEgIDg1OC80LzEgDQpmICA5NjAvMS8xICA5NjEvMi8xICA4NjAvMy8xICA4NTkvNC8xIA0KZiAgOTYxLzEvMSAgOTYyLzIvMSAgODYxLzMvMSAgODYwLzQvMSANCmYgIDk2Mi8xLzEgIDk2My8yLzEgIDg2Mi8zLzEgIDg2MS80LzEgDQpmICA5NjMvMS8xICA5NjQvMi8xICA4NjMvMy8xICA4NjIvNC8xIA0KZiAgOTY0LzEvMSAgOTY1LzIvMSAgODY0LzMvMSAgODYzLzQvMSANCmYgIDk2NS8xLzEgIDk2Ni8yLzEgIDg2NS8zLzEgIDg2NC80LzEgDQpmICA5NjYvMS8xICA5NjcvMi8xICA4NjYvMy8xICA4NjUvNC8xIA0KZiAgOTY3LzEvMSAgOTY4LzIvMSAgODY3LzMvMSAgODY2LzQvMSANCmYgIDk2OC8xLzEgIDk2OS8yLzEgIDg2OC8zLzEgIDg2Ny80LzEgDQpmICA5NjkvMS8xICA5NzAvMi8xICA4NjkvMy8xICA4NjgvNC8xIA0KZiAgOTcwLzEvMSAgOTcxLzIvMSAgODcwLzMvMSAgODY5LzQvMSANCmYgIDk3MS8xLzEgIDk3Mi8yLzEgIDg3MS8zLzEgIDg3MC80LzEgDQpmICA5NzIvMS8xICA5NzMvMi8xICA4NzIvMy8xICA4NzEvNC8xIA0KZiAgOTczLzEvMSAgOTc0LzIvMSAgODczLzMvMSAgODcyLzQvMSANCmYgIDk3NC8xLzEgIDk3NS8yLzEgIDg3NC8zLzEgIDg3My80LzEgDQpmICA5NzUvMS8xICA5NzYvMi8xICA4NzUvMy8xICA4NzQvNC8xIA0KZiAgOTc2LzEvMSAgOTc3LzIvMSAgODc2LzMvMSAgODc1LzQvMSANCmYgIDk3Ny8xLzEgIDk3OC8yLzEgIDg3Ny8zLzEgIDg3Ni80LzEgDQpmICA5NzgvMS8xICA5NzkvMi8xICA4NzgvMy8xICA4NzcvNC8xIA0KZiAgOTc5LzEvMSAgOTgwLzIvMSAgODc5LzMvMSAgODc4LzQvMSANCmYgIDk4MC8xLzEgIDk4MS8yLzEgIDg4MC8zLzEgIDg3OS80LzEgDQpmICA5ODEvMS8xICA5ODIvMi8xICA4ODEvMy8xICA4ODAvNC8xIA0KZiAgOTgyLzEvMSAgOTgzLzIvMSAgODgyLzMvMSAgODgxLzQvMSANCmYgIDk4My8xLzEgIDk4NC8yLzEgIDg4My8zLzEgIDg4Mi80LzEgDQpmICA5ODQvMS8xICA5ODUvMi8xICA4ODQvMy8xICA4ODMvNC8xIA0KZiAgOTg1LzEvMSAgOTg2LzIvMSAgODg1LzMvMSAgODg0LzQvMSANCmYgIDk4Ni8xLzEgIDk4Ny8yLzEgIDg4Ni8zLzEgIDg4NS80LzEgDQpmICA5ODcvMS8xICA5ODgvMi8xICA4ODcvMy8xICA4ODYvNC8xIA0KZiAgOTg4LzEvMSAgOTg5LzIvMSAgODg4LzMvMSAgODg3LzQvMSANCmYgIDk4OS8xLzEgIDk5MC8yLzEgIDg4OS8zLzEgIDg4OC80LzEgDQpmICA5OTAvMS8xICA5OTEvMi8xICA4OTAvMy8xICA4ODkvNC8xIA0KZiAgOTkxLzEvMSAgOTkyLzIvMSAgODkxLzMvMSAgODkwLzQvMSANCmYgIDk5Mi8xLzEgIDk5My8yLzEgIDg5Mi8zLzEgIDg5MS80LzEgDQpmICA5OTMvMS8xICA5OTQvMi8xICA4OTMvMy8xICA4OTIvNC8xIA0KZiAgOTk0LzEvMSAgOTk1LzIvMSAgODk0LzMvMSAgODkzLzQvMSANCmYgIDk5NS8xLzEgIDk5Ni8yLzEgIDg5NS8zLzEgIDg5NC80LzEgDQpmICA5OTYvMS8xICA5OTcvMi8xICA4OTYvMy8xICA4OTUvNC8xIA0KZiAgOTk3LzEvMSAgOTk4LzIvMSAgODk3LzMvMSAgODk2LzQvMSANCmYgIDk5OC8xLzEgIDk5OS8yLzEgIDg5OC8zLzEgIDg5Ny80LzEgDQpmICA5OTkvMS8xICAxMDAwLzIvMSAgODk5LzMvMSAgODk4LzQvMSANCmYgIDEwMDAvMS8xICAxMDAxLzIvMSAgOTAwLzMvMSAgODk5LzQvMSANCmYgIDEwMDEvMS8xICAxMDAyLzIvMSAgOTAxLzMvMSAgOTAwLzQvMSANCmYgIDEwMDIvMS8xICAxMDAzLzIvMSAgOTAyLzMvMSAgOTAxLzQvMSANCmYgIDEwMDMvMS8xICAxMDA0LzIvMSAgOTAzLzMvMSAgOTAyLzQvMSANCmYgIDEwMDQvMS8xICAxMDA1LzIvMSAgOTA0LzMvMSAgOTAzLzQvMSANCmYgIDEwMDUvMS8xICAxMDA2LzIvMSAgOTA1LzMvMSAgOTA0LzQvMSANCmYgIDEwMDYvMS8xICAxMDA3LzIvMSAgOTA2LzMvMSAgOTA1LzQvMSANCmYgIDEwMDcvMS8xICAxMDA4LzIvMSAgOTA3LzMvMSAgOTA2LzQvMSANCmYgIDEwMDgvMS8xICAxMDA5LzIvMSAgOTA4LzMvMSAgOTA3LzQvMSANCmYgIDEwMDkvMS8xICAxMDEwLzIvMSAgOTA5LzMvMSAgOTA4LzQvMSANCmYgIDEwMTEvMS8xICAxMDEyLzIvMSAgOTExLzMvMSAgOTEwLzQvMSANCmYgIDEwMTIvMS8xICAxMDEzLzIvMSAgOTEyLzMvMSAgOTExLzQvMSANCmYgIDEwMTMvMS8xICAxMDE0LzIvMSAgOTEzLzMvMSAgOTEyLzQvMSANCmYgIDEwMTQvMS8xICAxMDE1LzIvMSAgOTE0LzMvMSAgOTEzLzQvMSANCmYgIDEwMTUvMS8xICAxMDE2LzIvMSAgOTE1LzMvMSAgOTE0LzQvMSANCmYgIDEwMTYvMS8xICAxMDE3LzIvMSAgOTE2LzMvMSAgOTE1LzQvMSANCmYgIDEwMTcvMS8xICAxMDE4LzIvMSAgOTE3LzMvMSAgOTE2LzQvMSANCmYgIDEwMTgvMS8xICAxMDE5LzIvMSAgOTE4LzMvMSAgOTE3LzQvMSANCmYgIDEwMTkvMS8xICAxMDIwLzIvMSAgOTE5LzMvMSAgOTE4LzQvMSANCmYgIDEwMjAvMS8xICAxMDIxLzIvMSAgOTIwLzMvMSAgOTE5LzQvMSANCmYgIDEwMjEvMS8xICAxMDIyLzIvMSAgOTIxLzMvMSAgOTIwLzQvMSANCmYgIDEwMjIvMS8xICAxMDIzLzIvMSAgOTIyLzMvMSAgOTIxLzQvMSANCmYgIDEwMjMvMS8xICAxMDI0LzIvMSAgOTIzLzMvMSAgOTIyLzQvMSANCmYgIDEwMjQvMS8xICAxMDI1LzIvMSAgOTI0LzMvMSAgOTIzLzQvMSANCmYgIDEwMjUvMS8xICAxMDI2LzIvMSAgOTI1LzMvMSAgOTI0LzQvMSANCmYgIDEwMjYvMS8xICAxMDI3LzIvMSAgOTI2LzMvMSAgOTI1LzQvMSANCmYgIDEwMjcvMS8xICAxMDI4LzIvMSAgOTI3LzMvMSAgOTI2LzQvMSANCmYgIDEwMjgvMS8xICAxMDI5LzIvMSAgOTI4LzMvMSAgOTI3LzQvMSANCmYgIDEwMjkvMS8xICAxMDMwLzIvMSAgOTI5LzMvMSAgOTI4LzQvMSANCmYgIDEwMzAvMS8xICAxMDMxLzIvMSAgOTMwLzMvMSAgOTI5LzQvMSANCmYgIDEwMzEvMS8xICAxMDMyLzIvMSAgOTMxLzMvMSAgOTMwLzQvMSANCmYgIDEwMzIvMS8xICAxMDMzLzIvMSAgOTMyLzMvMSAgOTMxLzQvMSANCmYgIDEwMzMvMS8xICAxMDM0LzIvMSAgOTMzLzMvMSAgOTMyLzQvMSANCmYgIDEwMzQvMS8xICAxMDM1LzIvMSAgOTM0LzMvMSAgOTMzLzQvMSANCmYgIDEwMzUvMS8xICAxMDM2LzIvMSAgOTM1LzMvMSAgOTM0LzQvMSANCmYgIDEwMzYvMS8xICAxMDM3LzIvMSAgOTM2LzMvMSAgOTM1LzQvMSANCmYgIDEwMzcvMS8xICAxMDM4LzIvMSAgOTM3LzMvMSAgOTM2LzQvMSANCmYgIDEwMzgvMS8xICAxMDM5LzIvMSAgOTM4LzMvMSAgOTM3LzQvMSANCmYgIDEwMzkvMS8xICAxMDQwLzIvMSAgOTM5LzMvMSAgOTM4LzQvMSANCmYgIDEwNDAvMS8xICAxMDQxLzIvMSAgOTQwLzMvMSAgOTM5LzQvMSANCmYgIDEwNDEvMS8xICAxMDQyLzIvMSAgOTQxLzMvMSAgOTQwLzQvMSANCmYgIDEwNDIvMS8xICAxMDQzLzIvMSAgOTQyLzMvMSAgOTQxLzQvMSANCmYgIDEwNDMvMS8xICAxMDQ0LzIvMSAgOTQzLzMvMSAgOTQyLzQvMSANCmYgIDEwNDQvMS8xICAxMDQ1LzIvMSAgOTQ0LzMvMSAgOTQzLzQvMSANCmYgIDEwNDUvMS8xICAxMDQ2LzIvMSAgOTQ1LzMvMSAgOTQ0LzQvMSANCmYgIDEwNDYvMS8xICAxMDQ3LzIvMSAgOTQ2LzMvMSAgOTQ1LzQvMSANCmYgIDEwNDcvMS8xICAxMDQ4LzIvMSAgOTQ3LzMvMSAgOTQ2LzQvMSANCmYgIDEwNDgvMS8xICAxMDQ5LzIvMSAgOTQ4LzMvMSAgOTQ3LzQvMSANCmYgIDEwNDkvMS8xICAxMDUwLzIvMSAgOTQ5LzMvMSAgOTQ4LzQvMSANCmYgIDEwNTAvMS8xICAxMDUxLzIvMSAgOTUwLzMvMSAgOTQ5LzQvMSANCmYgIDEwNTEvMS8xICAxMDUyLzIvMSAgOTUxLzMvMSAgOTUwLzQvMSANCmYgIDEwNTIvMS8xICAxMDUzLzIvMSAgOTUyLzMvMSAgOTUxLzQvMSANCmYgIDEwNTMvMS8xICAxMDU0LzIvMSAgOTUzLzMvMSAgOTUyLzQvMSANCmYgIDEwNTQvMS8xICAxMDU1LzIvMSAgOTU0LzMvMSAgOTUzLzQvMSANCmYgIDEwNTUvMS8xICAxMDU2LzIvMSAgOTU1LzMvMSAgOTU0LzQvMSANCmYgIDEwNTYvMS8xICAxMDU3LzIvMSAgOTU2LzMvMSAgOTU1LzQvMSANCmYgIDEwNTcvMS8xICAxMDU4LzIvMSAgOTU3LzMvMSAgOTU2LzQvMSANCmYgIDEwNTgvMS8xICAxMDU5LzIvMSAgOTU4LzMvMSAgOTU3LzQvMSANCmYgIDEwNTkvMS8xICAxMDYwLzIvMSAgOTU5LzMvMSAgOTU4LzQvMSANCmYgIDEwNjAvMS8xICAxMDYxLzIvMSAgOTYwLzMvMSAgOTU5LzQvMSANCmYgIDEwNjEvMS8xICAxMDYyLzIvMSAgOTYxLzMvMSAgOTYwLzQvMSANCmYgIDEwNjIvMS8xICAxMDYzLzIvMSAgOTYyLzMvMSAgOTYxLzQvMSANCmYgIDEwNjMvMS8xICAxMDY0LzIvMSAgOTYzLzMvMSAgOTYyLzQvMSANCmYgIDEwNjQvMS8xICAxMDY1LzIvMSAgOTY0LzMvMSAgOTYzLzQvMSANCmYgIDEwNjUvMS8xICAxMDY2LzIvMSAgOTY1LzMvMSAgOTY0LzQvMSANCmYgIDEwNjYvMS8xICAxMDY3LzIvMSAgOTY2LzMvMSAgOTY1LzQvMSANCmYgIDEwNjcvMS8xICAxMDY4LzIvMSAgOTY3LzMvMSAgOTY2LzQvMSANCmYgIDEwNjgvMS8xICAxMDY5LzIvMSAgOTY4LzMvMSAgOTY3LzQvMSANCmYgIDEwNjkvMS8xICAxMDcwLzIvMSAgOTY5LzMvMSAgOTY4LzQvMSANCmYgIDEwNzAvMS8xICAxMDcxLzIvMSAgOTcwLzMvMSAgOTY5LzQvMSANCmYgIDEwNzEvMS8xICAxMDcyLzIvMSAgOTcxLzMvMSAgOTcwLzQvMSANCmYgIDEwNzIvMS8xICAxMDczLzIvMSAgOTcyLzMvMSAgOTcxLzQvMSANCmYgIDEwNzMvMS8xICAxMDc0LzIvMSAgOTczLzMvMSAgOTcyLzQvMSANCmYgIDEwNzQvMS8xICAxMDc1LzIvMSAgOTc0LzMvMSAgOTczLzQvMSANCmYgIDEwNzUvMS8xICAxMDc2LzIvMSAgOTc1LzMvMSAgOTc0LzQvMSANCmYgIDEwNzYvMS8xICAxMDc3LzIvMSAgOTc2LzMvMSAgOTc1LzQvMSANCmYgIDEwNzcvMS8xICAxMDc4LzIvMSAgOTc3LzMvMSAgOTc2LzQvMSANCmYgIDEwNzgvMS8xICAxMDc5LzIvMSAgOTc4LzMvMSAgOTc3LzQvMSANCmYgIDEwNzkvMS8xICAxMDgwLzIvMSAgOTc5LzMvMSAgOTc4LzQvMSANCmYgIDEwODAvMS8xICAxMDgxLzIvMSAgOTgwLzMvMSAgOTc5LzQvMSANCmYgIDEwODEvMS8xICAxMDgyLzIvMSAgOTgxLzMvMSAgOTgwLzQvMSANCmYgIDEwODIvMS8xICAxMDgzLzIvMSAgOTgyLzMvMSAgOTgxLzQvMSANCmYgIDEwODMvMS8xICAxMDg0LzIvMSAgOTgzLzMvMSAgOTgyLzQvMSANCmYgIDEwODQvMS8xICAxMDg1LzIvMSAgOTg0LzMvMSAgOTgzLzQvMSANCmYgIDEwODUvMS8xICAxMDg2LzIvMSAgOTg1LzMvMSAgOTg0LzQvMSANCmYgIDEwODYvMS8xICAxMDg3LzIvMSAgOTg2LzMvMSAgOTg1LzQvMSANCmYgIDEwODcvMS8xICAxMDg4LzIvMSAgOTg3LzMvMSAgOTg2LzQvMSANCmYgIDEwODgvMS8xICAxMDg5LzIvMSAgOTg4LzMvMSAgOTg3LzQvMSANCmYgIDEwODkvMS8xICAxMDkwLzIvMSAgOTg5LzMvMSAgOTg4LzQvMSANCmYgIDEwOTAvMS8xICAxMDkxLzIvMSAgOTkwLzMvMSAgOTg5LzQvMSANCmYgIDEwOTEvMS8xICAxMDkyLzIvMSAgOTkxLzMvMSAgOTkwLzQvMSANCmYgIDEwOTIvMS8xICAxMDkzLzIvMSAgOTkyLzMvMSAgOTkxLzQvMSANCmYgIDEwOTMvMS8xICAxMDk0LzIvMSAgOTkzLzMvMSAgOTkyLzQvMSANCmYgIDEwOTQvMS8xICAxMDk1LzIvMSAgOTk0LzMvMSAgOTkzLzQvMSANCmYgIDEwOTUvMS8xICAxMDk2LzIvMSAgOTk1LzMvMSAgOTk0LzQvMSANCmYgIDEwOTYvMS8xICAxMDk3LzIvMSAgOTk2LzMvMSAgOTk1LzQvMSANCmYgIDEwOTcvMS8xICAxMDk4LzIvMSAgOTk3LzMvMSAgOTk2LzQvMSANCmYgIDEwOTgvMS8xICAxMDk5LzIvMSAgOTk4LzMvMSAgOTk3LzQvMSANCmYgIDEwOTkvMS8xICAxMTAwLzIvMSAgOTk5LzMvMSAgOTk4LzQvMSANCmYgIDExMDAvMS8xICAxMTAxLzIvMSAgMTAwMC8zLzEgIDk5OS80LzEgDQpmICAxMTAxLzEvMSAgMTEwMi8yLzEgIDEwMDEvMy8xICAxMDAwLzQvMSANCmYgIDExMDIvMS8xICAxMTAzLzIvMSAgMTAwMi8zLzEgIDEwMDEvNC8xIA0KZiAgMTEwMy8xLzEgIDExMDQvMi8xICAxMDAzLzMvMSAgMTAwMi80LzEgDQpmICAxMTA0LzEvMSAgMTEwNS8yLzEgIDEwMDQvMy8xICAxMDAzLzQvMSANCmYgIDExMDUvMS8xICAxMTA2LzIvMSAgMTAwNS8zLzEgIDEwMDQvNC8xIA0KZiAgMTEwNi8xLzEgIDExMDcvMi8xICAxMDA2LzMvMSAgMTAwNS80LzEgDQpmICAxMTA3LzEvMSAgMTEwOC8yLzEgIDEwMDcvMy8xICAxMDA2LzQvMSANCmYgIDExMDgvMS8xICAxMTA5LzIvMSAgMTAwOC8zLzEgIDEwMDcvNC8xIA0KZiAgMTEwOS8xLzEgIDExMTAvMi8xICAxMDA5LzMvMSAgMTAwOC80LzEgDQpmICAxMTEwLzEvMSAgMTExMS8yLzEgIDEwMTAvMy8xICAxMDA5LzQvMSANCmYgIDExMTIvMS8xICAxMTEzLzIvMSAgMTAxMi8zLzEgIDEwMTEvNC8xIA0KZiAgMTExMy8xLzEgIDExMTQvMi8xICAxMDEzLzMvMSAgMTAxMi80LzEgDQpmICAxMTE0LzEvMSAgMTExNS8yLzEgIDEwMTQvMy8xICAxMDEzLzQvMSANCmYgIDExMTUvMS8xICAxMTE2LzIvMSAgMTAxNS8zLzEgIDEwMTQvNC8xIA0KZiAgMTExNi8xLzEgIDExMTcvMi8xICAxMDE2LzMvMSAgMTAxNS80LzEgDQpmICAxMTE3LzEvMSAgMTExOC8yLzEgIDEwMTcvMy8xICAxMDE2LzQvMSANCmYgIDExMTgvMS8xICAxMTE5LzIvMSAgMTAxOC8zLzEgIDEwMTcvNC8xIA0KZiAgMTExOS8xLzEgIDExMjAvMi8xICAxMDE5LzMvMSAgMTAxOC80LzEgDQpmICAxMTIwLzEvMSAgMTEyMS8yLzEgIDEwMjAvMy8xICAxMDE5LzQvMSANCmYgIDExMjEvMS8xICAxMTIyLzIvMSAgMTAyMS8zLzEgIDEwMjAvNC8xIA0KZiAgMTEyMi8xLzEgIDExMjMvMi8xICAxMDIyLzMvMSAgMTAyMS80LzEgDQpmICAxMTIzLzEvMSAgMTEyNC8yLzEgIDEwMjMvMy8xICAxMDIyLzQvMSANCmYgIDExMjQvMS8xICAxMTI1LzIvMSAgMTAyNC8zLzEgIDEwMjMvNC8xIA0KZiAgMTEyNS8xLzEgIDExMjYvMi8xICAxMDI1LzMvMSAgMTAyNC80LzEgDQpmICAxMTI2LzEvMSAgMTEyNy8yLzEgIDEwMjYvMy8xICAxMDI1LzQvMSANCmYgIDExMjcvMS8xICAxMTI4LzIvMSAgMTAyNy8zLzEgIDEwMjYvNC8xIA0KZiAgMTEyOC8xLzEgIDExMjkvMi8xICAxMDI4LzMvMSAgMTAyNy80LzEgDQpmICAxMTI5LzEvMSAgMTEzMC8yLzEgIDEwMjkvMy8xICAxMDI4LzQvMSANCmYgIDExMzAvMS8xICAxMTMxLzIvMSAgMTAzMC8zLzEgIDEwMjkvNC8xIA0KZiAgMTEzMS8xLzEgIDExMzIvMi8xICAxMDMxLzMvMSAgMTAzMC80LzEgDQpmICAxMTMyLzEvMSAgMTEzMy8yLzEgIDEwMzIvMy8xICAxMDMxLzQvMSANCmYgIDExMzMvMS8xICAxMTM0LzIvMSAgMTAzMy8zLzEgIDEwMzIvNC8xIA0KZiAgMTEzNC8xLzEgIDExMzUvMi8xICAxMDM0LzMvMSAgMTAzMy80LzEgDQpmICAxMTM1LzEvMSAgMTEzNi8yLzEgIDEwMzUvMy8xICAxMDM0LzQvMSANCmYgIDExMzYvMS8xICAxMTM3LzIvMSAgMTAzNi8zLzEgIDEwMzUvNC8xIA0KZiAgMTEzNy8xLzEgIDExMzgvMi8xICAxMDM3LzMvMSAgMTAzNi80LzEgDQpmICAxMTM4LzEvMSAgMTEzOS8yLzEgIDEwMzgvMy8xICAxMDM3LzQvMSANCmYgIDExMzkvMS8xICAxMTQwLzIvMSAgMTAzOS8zLzEgIDEwMzgvNC8xIA0KZiAgMTE0MC8xLzEgIDExNDEvMi8xICAxMDQwLzMvMSAgMTAzOS80LzEgDQpmICAxMTQxLzEvMSAgMTE0Mi8yLzEgIDEwNDEvMy8xICAxMDQwLzQvMSANCmYgIDExNDIvMS8xICAxMTQzLzIvMSAgMTA0Mi8zLzEgIDEwNDEvNC8xIA0KZiAgMTE0My8xLzEgIDExNDQvMi8xICAxMDQzLzMvMSAgMTA0Mi80LzEgDQpmICAxMTQ0LzEvMSAgMTE0NS8yLzEgIDEwNDQvMy8xICAxMDQzLzQvMSANCmYgIDExNDUvMS8xICAxMTQ2LzIvMSAgMTA0NS8zLzEgIDEwNDQvNC8xIA0KZiAgMTE0Ni8xLzEgIDExNDcvMi8xICAxMDQ2LzMvMSAgMTA0NS80LzEgDQpmICAxMTQ3LzEvMSAgMTE0OC8yLzEgIDEwNDcvMy8xICAxMDQ2LzQvMSANCmYgIDExNDgvMS8xICAxMTQ5LzIvMSAgMTA0OC8zLzEgIDEwNDcvNC8xIA0KZiAgMTE0OS8xLzEgIDExNTAvMi8xICAxMDQ5LzMvMSAgMTA0OC80LzEgDQpmICAxMTUwLzEvMSAgMTE1MS8yLzEgIDEwNTAvMy8xICAxMDQ5LzQvMSANCmYgIDExNTEvMS8xICAxMTUyLzIvMSAgMTA1MS8zLzEgIDEwNTAvNC8xIA0KZiAgMTE1Mi8xLzEgIDExNTMvMi8xICAxMDUyLzMvMSAgMTA1MS80LzEgDQpmICAxMTUzLzEvMSAgMTE1NC8yLzEgIDEwNTMvMy8xICAxMDUyLzQvMSANCmYgIDExNTQvMS8xICAxMTU1LzIvMSAgMTA1NC8zLzEgIDEwNTMvNC8xIA0KZiAgMTE1NS8xLzEgIDExNTYvMi8xICAxMDU1LzMvMSAgMTA1NC80LzEgDQpmICAxMTU2LzEvMSAgMTE1Ny8yLzEgIDEwNTYvMy8xICAxMDU1LzQvMSANCmYgIDExNTcvMS8xICAxMTU4LzIvMSAgMTA1Ny8zLzEgIDEwNTYvNC8xIA0KZiAgMTE1OC8xLzEgIDExNTkvMi8xICAxMDU4LzMvMSAgMTA1Ny80LzEgDQpmICAxMTU5LzEvMSAgMTE2MC8yLzEgIDEwNTkvMy8xICAxMDU4LzQvMSANCmYgIDExNjAvMS8xICAxMTYxLzIvMSAgMTA2MC8zLzEgIDEwNTkvNC8xIA0KZiAgMTE2MS8xLzEgIDExNjIvMi8xICAxMDYxLzMvMSAgMTA2MC80LzEgDQpmICAxMTYyLzEvMSAgMTE2My8yLzEgIDEwNjIvMy8xICAxMDYxLzQvMSANCmYgIDExNjMvMS8xICAxMTY0LzIvMSAgMTA2My8zLzEgIDEwNjIvNC8xIA0KZiAgMTE2NC8xLzEgIDExNjUvMi8xICAxMDY0LzMvMSAgMTA2My80LzEgDQpmICAxMTY1LzEvMSAgMTE2Ni8yLzEgIDEwNjUvMy8xICAxMDY0LzQvMSANCmYgIDExNjYvMS8xICAxMTY3LzIvMSAgMTA2Ni8zLzEgIDEwNjUvNC8xIA0KZiAgMTE2Ny8xLzEgIDExNjgvMi8xICAxMDY3LzMvMSAgMTA2Ni80LzEgDQpmICAxMTY4LzEvMSAgMTE2OS8yLzEgIDEwNjgvMy8xICAxMDY3LzQvMSANCmYgIDExNjkvMS8xICAxMTcwLzIvMSAgMTA2OS8zLzEgIDEwNjgvNC8xIA0KZiAgMTE3MC8xLzEgIDExNzEvMi8xICAxMDcwLzMvMSAgMTA2OS80LzEgDQpmICAxMTcxLzEvMSAgMTE3Mi8yLzEgIDEwNzEvMy8xICAxMDcwLzQvMSANCmYgIDExNzIvMS8xICAxMTczLzIvMSAgMTA3Mi8zLzEgIDEwNzEvNC8xIA0KZiAgMTE3My8xLzEgIDExNzQvMi8xICAxMDczLzMvMSAgMTA3Mi80LzEgDQpmICAxMTc0LzEvMSAgMTE3NS8yLzEgIDEwNzQvMy8xICAxMDczLzQvMSANCmYgIDExNzUvMS8xICAxMTc2LzIvMSAgMTA3NS8zLzEgIDEwNzQvNC8xIA0KZiAgMTE3Ni8xLzEgIDExNzcvMi8xICAxMDc2LzMvMSAgMTA3NS80LzEgDQpmICAxMTc3LzEvMSAgMTE3OC8yLzEgIDEwNzcvMy8xICAxMDc2LzQvMSANCmYgIDExNzgvMS8xICAxMTc5LzIvMSAgMTA3OC8zLzEgIDEwNzcvNC8xIA0KZiAgMTE3OS8xLzEgIDExODAvMi8xICAxMDc5LzMvMSAgMTA3OC80LzEgDQpmICAxMTgwLzEvMSAgMTE4MS8yLzEgIDEwODAvMy8xICAxMDc5LzQvMSANCmYgIDExODEvMS8xICAxMTgyLzIvMSAgMTA4MS8zLzEgIDEwODAvNC8xIA0KZiAgMTE4Mi8xLzEgIDExODMvMi8xICAxMDgyLzMvMSAgMTA4MS80LzEgDQpmICAxMTgzLzEvMSAgMTE4NC8yLzEgIDEwODMvMy8xICAxMDgyLzQvMSANCmYgIDExODQvMS8xICAxMTg1LzIvMSAgMTA4NC8zLzEgIDEwODMvNC8xIA0KZiAgMTE4NS8xLzEgIDExODYvMi8xICAxMDg1LzMvMSAgMTA4NC80LzEgDQpmICAxMTg2LzEvMSAgMTE4Ny8yLzEgIDEwODYvMy8xICAxMDg1LzQvMSANCmYgIDExODcvMS8xICAxMTg4LzIvMSAgMTA4Ny8zLzEgIDEwODYvNC8xIA0KZiAgMTE4OC8xLzEgIDExODkvMi8xICAxMDg4LzMvMSAgMTA4Ny80LzEgDQpmICAxMTg5LzEvMSAgMTE5MC8yLzEgIDEwODkvMy8xICAxMDg4LzQvMSANCmYgIDExOTAvMS8xICAxMTkxLzIvMSAgMTA5MC8zLzEgIDEwODkvNC8xIA0KZiAgMTE5MS8xLzEgIDExOTIvMi8xICAxMDkxLzMvMSAgMTA5MC80LzEgDQpmICAxMTkyLzEvMSAgMTE5My8yLzEgIDEwOTIvMy8xICAxMDkxLzQvMSANCmYgIDExOTMvMS8xICAxMTk0LzIvMSAgMTA5My8zLzEgIDEwOTIvNC8xIA0KZiAgMTE5NC8xLzEgIDExOTUvMi8xICAxMDk0LzMvMSAgMTA5My80LzEgDQpmICAxMTk1LzEvMSAgMTE5Ni8yLzEgIDEwOTUvMy8xICAxMDk0LzQvMSANCmYgIDExOTYvMS8xICAxMTk3LzIvMSAgMTA5Ni8zLzEgIDEwOTUvNC8xIA0KZiAgMTE5Ny8xLzEgIDExOTgvMi8xICAxMDk3LzMvMSAgMTA5Ni80LzEgDQpmICAxMTk4LzEvMSAgMTE5OS8yLzEgIDEwOTgvMy8xICAxMDk3LzQvMSANCmYgIDExOTkvMS8xICAxMjAwLzIvMSAgMTA5OS8zLzEgIDEwOTgvNC8xIA0KZiAgMTIwMC8xLzEgIDEyMDEvMi8xICAxMTAwLzMvMSAgMTA5OS80LzEgDQpmICAxMjAxLzEvMSAgMTIwMi8yLzEgIDExMDEvMy8xICAxMTAwLzQvMSANCmYgIDEyMDIvMS8xICAxMjAzLzIvMSAgMTEwMi8zLzEgIDExMDEvNC8xIA0KZiAgMTIwMy8xLzEgIDEyMDQvMi8xICAxMTAzLzMvMSAgMTEwMi80LzEgDQpmICAxMjA0LzEvMSAgMTIwNS8yLzEgIDExMDQvMy8xICAxMTAzLzQvMSANCmYgIDEyMDUvMS8xICAxMjA2LzIvMSAgMTEwNS8zLzEgIDExMDQvNC8xIA0KZiAgMTIwNi8xLzEgIDEyMDcvMi8xICAxMTA2LzMvMSAgMTEwNS80LzEgDQpmICAxMjA3LzEvMSAgMTIwOC8yLzEgIDExMDcvMy8xICAxMTA2LzQvMSANCmYgIDEyMDgvMS8xICAxMjA5LzIvMSAgMTEwOC8zLzEgIDExMDcvNC8xIA0KZiAgMTIwOS8xLzEgIDEyMTAvMi8xICAxMTA5LzMvMSAgMTEwOC80LzEgDQpmICAxMjEwLzEvMSAgMTIxMS8yLzEgIDExMTAvMy8xICAxMTA5LzQvMSANCmYgIDEyMTEvMS8xICAxMjEyLzIvMSAgMTExMS8zLzEgIDExMTAvNC8xIA0KZiAgMTIxMy8xLzEgIDEyMTQvMi8xICAxMTEzLzMvMSAgMTExMi80LzEgDQpmICAxMjE0LzEvMSAgMTIxNS8yLzEgIDExMTQvMy8xICAxMTEzLzQvMSANCmYgIDEyMTUvMS8xICAxMjE2LzIvMSAgMTExNS8zLzEgIDExMTQvNC8xIA0KZiAgMTIxNi8xLzEgIDEyMTcvMi8xICAxMTE2LzMvMSAgMTExNS80LzEgDQpmICAxMjE3LzEvMSAgMTIxOC8yLzEgIDExMTcvMy8xICAxMTE2LzQvMSANCmYgIDEyMTgvMS8xICAxMjE5LzIvMSAgMTExOC8zLzEgIDExMTcvNC8xIA0KZiAgMTIxOS8xLzEgIDEyMjAvMi8xICAxMTE5LzMvMSAgMTExOC80LzEgDQpmICAxMjIwLzEvMSAgMTIyMS8yLzEgIDExMjAvMy8xICAxMTE5LzQvMSANCmYgIDEyMjEvMS8xICAxMjIyLzIvMSAgMTEyMS8zLzEgIDExMjAvNC8xIA0KZiAgMTIyMi8xLzEgIDEyMjMvMi8xICAxMTIyLzMvMSAgMTEyMS80LzEgDQpmICAxMjIzLzEvMSAgMTIyNC8yLzEgIDExMjMvMy8xICAxMTIyLzQvMSANCmYgIDEyMjQvMS8xICAxMjI1LzIvMSAgMTEyNC8zLzEgIDExMjMvNC8xIA0KZiAgMTIyNS8xLzEgIDEyMjYvMi8xICAxMTI1LzMvMSAgMTEyNC80LzEgDQpmICAxMjI2LzEvMSAgMTIyNy8yLzEgIDExMjYvMy8xICAxMTI1LzQvMSANCmYgIDEyMjcvMS8xICAxMjI4LzIvMSAgMTEyNy8zLzEgIDExMjYvNC8xIA0KZiAgMTIyOC8xLzEgIDEyMjkvMi8xICAxMTI4LzMvMSAgMTEyNy80LzEgDQpmICAxMjI5LzEvMSAgMTIzMC8yLzEgIDExMjkvMy8xICAxMTI4LzQvMSANCmYgIDEyMzAvMS8xICAxMjMxLzIvMSAgMTEzMC8zLzEgIDExMjkvNC8xIA0KZiAgMTIzMS8xLzEgIDEyMzIvMi8xICAxMTMxLzMvMSAgMTEzMC80LzEgDQpmICAxMjMyLzEvMSAgMTIzMy8yLzEgIDExMzIvMy8xICAxMTMxLzQvMSANCmYgIDEyMzMvMS8xICAxMjM0LzIvMSAgMTEzMy8zLzEgIDExMzIvNC8xIA0KZiAgMTIzNC8xLzEgIDEyMzUvMi8xICAxMTM0LzMvMSAgMTEzMy80LzEgDQpmICAxMjM1LzEvMSAgMTIzNi8yLzEgIDExMzUvMy8xICAxMTM0LzQvMSANCmYgIDEyMzYvMS8xICAxMjM3LzIvMSAgMTEzNi8zLzEgIDExMzUvNC8xIA0KZiAgMTIzNy8xLzEgIDEyMzgvMi8xICAxMTM3LzMvMSAgMTEzNi80LzEgDQpmICAxMjM4LzEvMSAgMTIzOS8yLzEgIDExMzgvMy8xICAxMTM3LzQvMSANCmYgIDEyMzkvMS8xICAxMjQwLzIvMSAgMTEzOS8zLzEgIDExMzgvNC8xIA0KZiAgMTI0MC8xLzEgIDEyNDEvMi8xICAxMTQwLzMvMSAgMTEzOS80LzEgDQpmICAxMjQxLzEvMSAgMTI0Mi8yLzEgIDExNDEvMy8xICAxMTQwLzQvMSANCmYgIDEyNDIvMS8xICAxMjQzLzIvMSAgMTE0Mi8zLzEgIDExNDEvNC8xIA0KZiAgMTI0My8xLzEgIDEyNDQvMi8xICAxMTQzLzMvMSAgMTE0Mi80LzEgDQpmICAxMjQ0LzEvMSAgMTI0NS8yLzEgIDExNDQvMy8xICAxMTQzLzQvMSANCmYgIDEyNDUvMS8xICAxMjQ2LzIvMSAgMTE0NS8zLzEgIDExNDQvNC8xIA0KZiAgMTI0Ni8xLzEgIDEyNDcvMi8xICAxMTQ2LzMvMSAgMTE0NS80LzEgDQpmICAxMjQ3LzEvMSAgMTI0OC8yLzEgIDExNDcvMy8xICAxMTQ2LzQvMSANCmYgIDEyNDgvMS8xICAxMjQ5LzIvMSAgMTE0OC8zLzEgIDExNDcvNC8xIA0KZiAgMTI0OS8xLzEgIDEyNTAvMi8xICAxMTQ5LzMvMSAgMTE0OC80LzEgDQpmICAxMjUwLzEvMSAgMTI1MS8yLzEgIDExNTAvMy8xICAxMTQ5LzQvMSANCmYgIDEyNTEvMS8xICAxMjUyLzIvMSAgMTE1MS8zLzEgIDExNTAvNC8xIA0KZiAgMTI1Mi8xLzEgIDEyNTMvMi8xICAxMTUyLzMvMSAgMTE1MS80LzEgDQpmICAxMjUzLzEvMSAgMTI1NC8yLzEgIDExNTMvMy8xICAxMTUyLzQvMSANCmYgIDEyNTQvMS8xICAxMjU1LzIvMSAgMTE1NC8zLzEgIDExNTMvNC8xIA0KZiAgMTI1NS8xLzEgIDEyNTYvMi8xICAxMTU1LzMvMSAgMTE1NC80LzEgDQpmICAxMjU2LzEvMSAgMTI1Ny8yLzEgIDExNTYvMy8xICAxMTU1LzQvMSANCmYgIDEyNTcvMS8xICAxMjU4LzIvMSAgMTE1Ny8zLzEgIDExNTYvNC8xIA0KZiAgMTI1OC8xLzEgIDEyNTkvMi8xICAxMTU4LzMvMSAgMTE1Ny80LzEgDQpmICAxMjU5LzEvMSAgMTI2MC8yLzEgIDExNTkvMy8xICAxMTU4LzQvMSANCmYgIDEyNjAvMS8xICAxMjYxLzIvMSAgMTE2MC8zLzEgIDExNTkvNC8xIA0KZiAgMTI2MS8xLzEgIDEyNjIvMi8xICAxMTYxLzMvMSAgMTE2MC80LzEgDQpmICAxMjYyLzEvMSAgMTI2My8yLzEgIDExNjIvMy8xICAxMTYxLzQvMSANCmYgIDEyNjMvMS8xICAxMjY0LzIvMSAgMTE2My8zLzEgIDExNjIvNC8xIA0KZiAgMTI2NC8xLzEgIDEyNjUvMi8xICAxMTY0LzMvMSAgMTE2My80LzEgDQpmICAxMjY1LzEvMSAgMTI2Ni8yLzEgIDExNjUvMy8xICAxMTY0LzQvMSANCmYgIDEyNjYvMS8xICAxMjY3LzIvMSAgMTE2Ni8zLzEgIDExNjUvNC8xIA0KZiAgMTI2Ny8xLzEgIDEyNjgvMi8xICAxMTY3LzMvMSAgMTE2Ni80LzEgDQpmICAxMjY4LzEvMSAgMTI2OS8yLzEgIDExNjgvMy8xICAxMTY3LzQvMSANCmYgIDEyNjkvMS8xICAxMjcwLzIvMSAgMTE2OS8zLzEgIDExNjgvNC8xIA0KZiAgMTI3MC8xLzEgIDEyNzEvMi8xICAxMTcwLzMvMSAgMTE2OS80LzEgDQpmICAxMjcxLzEvMSAgMTI3Mi8yLzEgIDExNzEvMy8xICAxMTcwLzQvMSANCmYgIDEyNzIvMS8xICAxMjczLzIvMSAgMTE3Mi8zLzEgIDExNzEvNC8xIA0KZiAgMTI3My8xLzEgIDEyNzQvMi8xICAxMTczLzMvMSAgMTE3Mi80LzEgDQpmICAxMjc0LzEvMSAgMTI3NS8yLzEgIDExNzQvMy8xICAxMTczLzQvMSANCmYgIDEyNzUvMS8xICAxMjc2LzIvMSAgMTE3NS8zLzEgIDExNzQvNC8xIA0KZiAgMTI3Ni8xLzEgIDEyNzcvMi8xICAxMTc2LzMvMSAgMTE3NS80LzEgDQpmICAxMjc3LzEvMSAgMTI3OC8yLzEgIDExNzcvMy8xICAxMTc2LzQvMSANCmYgIDEyNzgvMS8xICAxMjc5LzIvMSAgMTE3OC8zLzEgIDExNzcvNC8xIA0KZiAgMTI3OS8xLzEgIDEyODAvMi8xICAxMTc5LzMvMSAgMTE3OC80LzEgDQpmICAxMjgwLzEvMSAgMTI4MS8yLzEgIDExODAvMy8xICAxMTc5LzQvMSANCmYgIDEyODEvMS8xICAxMjgyLzIvMSAgMTE4MS8zLzEgIDExODAvNC8xIA0KZiAgMTI4Mi8xLzEgIDEyODMvMi8xICAxMTgyLzMvMSAgMTE4MS80LzEgDQpmICAxMjgzLzEvMSAgMTI4NC8yLzEgIDExODMvMy8xICAxMTgyLzQvMSANCmYgIDEyODQvMS8xICAxMjg1LzIvMSAgMTE4NC8zLzEgIDExODMvNC8xIA0KZiAgMTI4NS8xLzEgIDEyODYvMi8xICAxMTg1LzMvMSAgMTE4NC80LzEgDQpmICAxMjg2LzEvMSAgMTI4Ny8yLzEgIDExODYvMy8xICAxMTg1LzQvMSANCmYgIDEyODcvMS8xICAxMjg4LzIvMSAgMTE4Ny8zLzEgIDExODYvNC8xIA0KZiAgMTI4OC8xLzEgIDEyODkvMi8xICAxMTg4LzMvMSAgMTE4Ny80LzEgDQpmICAxMjg5LzEvMSAgMTI5MC8yLzEgIDExODkvMy8xICAxMTg4LzQvMSANCmYgIDEyOTAvMS8xICAxMjkxLzIvMSAgMTE5MC8zLzEgIDExODkvNC8xIA0KZiAgMTI5MS8xLzEgIDEyOTIvMi8xICAxMTkxLzMvMSAgMTE5MC80LzEgDQpmICAxMjkyLzEvMSAgMTI5My8yLzEgIDExOTIvMy8xICAxMTkxLzQvMSANCmYgIDEyOTMvMS8xICAxMjk0LzIvMSAgMTE5My8zLzEgIDExOTIvNC8xIA0KZiAgMTI5NC8xLzEgIDEyOTUvMi8xICAxMTk0LzMvMSAgMTE5My80LzEgDQpmICAxMjk1LzEvMSAgMTI5Ni8yLzEgIDExOTUvMy8xICAxMTk0LzQvMSANCmYgIDEyOTYvMS8xICAxMjk3LzIvMSAgMTE5Ni8zLzEgIDExOTUvNC8xIA0KZiAgMTI5Ny8xLzEgIDEyOTgvMi8xICAxMTk3LzMvMSAgMTE5Ni80LzEgDQpmICAxMjk4LzEvMSAgMTI5OS8yLzEgIDExOTgvMy8xICAxMTk3LzQvMSANCmYgIDEyOTkvMS8xICAxMzAwLzIvMSAgMTE5OS8zLzEgIDExOTgvNC8xIA0KZiAgMTMwMC8xLzEgIDEzMDEvMi8xICAxMjAwLzMvMSAgMTE5OS80LzEgDQpmICAxMzAxLzEvMSAgMTMwMi8yLzEgIDEyMDEvMy8xICAxMjAwLzQvMSANCmYgIDEzMDIvMS8xICAxMzAzLzIvMSAgMTIwMi8zLzEgIDEyMDEvNC8xIA0KZiAgMTMwMy8xLzEgIDEzMDQvMi8xICAxMjAzLzMvMSAgMTIwMi80LzEgDQpmICAxMzA0LzEvMSAgMTMwNS8yLzEgIDEyMDQvMy8xICAxMjAzLzQvMSANCmYgIDEzMDUvMS8xICAxMzA2LzIvMSAgMTIwNS8zLzEgIDEyMDQvNC8xIA0KZiAgMTMwNi8xLzEgIDEzMDcvMi8xICAxMjA2LzMvMSAgMTIwNS80LzEgDQpmICAxMzA3LzEvMSAgMTMwOC8yLzEgIDEyMDcvMy8xICAxMjA2LzQvMSANCmYgIDEzMDgvMS8xICAxMzA5LzIvMSAgMTIwOC8zLzEgIDEyMDcvNC8xIA0KZiAgMTMwOS8xLzEgIDEzMTAvMi8xICAxMjA5LzMvMSAgMTIwOC80LzEgDQpmICAxMzEwLzEvMSAgMTMxMS8yLzEgIDEyMTAvMy8xICAxMjA5LzQvMSANCmYgIDEzMTEvMS8xICAxMzEyLzIvMSAgMTIxMS8zLzEgIDEyMTAvNC8xIA0KZiAgMTMxMi8xLzEgIDEzMTMvMi8xICAxMjEyLzMvMSAgMTIxMS80LzEgDQpmICAxMzE0LzEvMSAgMTMxNS8yLzEgIDEyMTQvMy8xICAxMjEzLzQvMSANCmYgIDEzMTUvMS8xICAxMzE2LzIvMSAgMTIxNS8zLzEgIDEyMTQvNC8xIA0KZiAgMTMxNi8xLzEgIDEzMTcvMi8xICAxMjE2LzMvMSAgMTIxNS80LzEgDQpmICAxMzE3LzEvMSAgMTMxOC8yLzEgIDEyMTcvMy8xICAxMjE2LzQvMSANCmYgIDEzMTgvMS8xICAxMzE5LzIvMSAgMTIxOC8zLzEgIDEyMTcvNC8xIA0KZiAgMTMxOS8xLzEgIDEzMjAvMi8xICAxMjE5LzMvMSAgMTIxOC80LzEgDQpmICAxMzIwLzEvMSAgMTMyMS8yLzEgIDEyMjAvMy8xICAxMjE5LzQvMSANCmYgIDEzMjEvMS8xICAxMzIyLzIvMSAgMTIyMS8zLzEgIDEyMjAvNC8xIA0KZiAgMTMyMi8xLzEgIDEzMjMvMi8xICAxMjIyLzMvMSAgMTIyMS80LzEgDQpmICAxMzIzLzEvMSAgMTMyNC8yLzEgIDEyMjMvMy8xICAxMjIyLzQvMSANCmYgIDEzMjQvMS8xICAxMzI1LzIvMSAgMTIyNC8zLzEgIDEyMjMvNC8xIA0KZiAgMTMyNS8xLzEgIDEzMjYvMi8xICAxMjI1LzMvMSAgMTIyNC80LzEgDQpmICAxMzI2LzEvMSAgMTMyNy8yLzEgIDEyMjYvMy8xICAxMjI1LzQvMSANCmYgIDEzMjcvMS8xICAxMzI4LzIvMSAgMTIyNy8zLzEgIDEyMjYvNC8xIA0KZiAgMTMyOC8xLzEgIDEzMjkvMi8xICAxMjI4LzMvMSAgMTIyNy80LzEgDQpmICAxMzI5LzEvMSAgMTMzMC8yLzEgIDEyMjkvMy8xICAxMjI4LzQvMSANCmYgIDEzMzAvMS8xICAxMzMxLzIvMSAgMTIzMC8zLzEgIDEyMjkvNC8xIA0KZiAgMTMzMS8xLzEgIDEzMzIvMi8xICAxMjMxLzMvMSAgMTIzMC80LzEgDQpmICAxMzMyLzEvMSAgMTMzMy8yLzEgIDEyMzIvMy8xICAxMjMxLzQvMSANCmYgIDEzMzMvMS8xICAxMzM0LzIvMSAgMTIzMy8zLzEgIDEyMzIvNC8xIA0KZiAgMTMzNC8xLzEgIDEzMzUvMi8xICAxMjM0LzMvMSAgMTIzMy80LzEgDQpmICAxMzM1LzEvMSAgMTMzNi8yLzEgIDEyMzUvMy8xICAxMjM0LzQvMSANCmYgIDEzMzYvMS8xICAxMzM3LzIvMSAgMTIzNi8zLzEgIDEyMzUvNC8xIA0KZiAgMTMzNy8xLzEgIDEzMzgvMi8xICAxMjM3LzMvMSAgMTIzNi80LzEgDQpmICAxMzM4LzEvMSAgMTMzOS8yLzEgIDEyMzgvMy8xICAxMjM3LzQvMSANCmYgIDEzMzkvMS8xICAxMzQwLzIvMSAgMTIzOS8zLzEgIDEyMzgvNC8xIA0KZiAgMTM0MC8xLzEgIDEzNDEvMi8xICAxMjQwLzMvMSAgMTIzOS80LzEgDQpmICAxMzQxLzEvMSAgMTM0Mi8yLzEgIDEyNDEvMy8xICAxMjQwLzQvMSANCmYgIDEzNDIvMS8xICAxMzQzLzIvMSAgMTI0Mi8zLzEgIDEyNDEvNC8xIA0KZiAgMTM0My8xLzEgIDEzNDQvMi8xICAxMjQzLzMvMSAgMTI0Mi80LzEgDQpmICAxMzQ0LzEvMSAgMTM0NS8yLzEgIDEyNDQvMy8xICAxMjQzLzQvMSANCmYgIDEzNDUvMS8xICAxMzQ2LzIvMSAgMTI0NS8zLzEgIDEyNDQvNC8xIA0KZiAgMTM0Ni8xLzEgIDEzNDcvMi8xICAxMjQ2LzMvMSAgMTI0NS80LzEgDQpmICAxMzQ3LzEvMSAgMTM0OC8yLzEgIDEyNDcvMy8xICAxMjQ2LzQvMSANCmYgIDEzNDgvMS8xICAxMzQ5LzIvMSAgMTI0OC8zLzEgIDEyNDcvNC8xIA0KZiAgMTM0OS8xLzEgIDEzNTAvMi8xICAxMjQ5LzMvMSAgMTI0OC80LzEgDQpmICAxMzUwLzEvMSAgMTM1MS8yLzEgIDEyNTAvMy8xICAxMjQ5LzQvMSANCmYgIDEzNTEvMS8xICAxMzUyLzIvMSAgMTI1MS8zLzEgIDEyNTAvNC8xIA0KZiAgMTM1Mi8xLzEgIDEzNTMvMi8xICAxMjUyLzMvMSAgMTI1MS80LzEgDQpmICAxMzUzLzEvMSAgMTM1NC8yLzEgIDEyNTMvMy8xICAxMjUyLzQvMSANCmYgIDEzNTQvMS8xICAxMzU1LzIvMSAgMTI1NC8zLzEgIDEyNTMvNC8xIA0KZiAgMTM1NS8xLzEgIDEzNTYvMi8xICAxMjU1LzMvMSAgMTI1NC80LzEgDQpmICAxMzU2LzEvMSAgMTM1Ny8yLzEgIDEyNTYvMy8xICAxMjU1LzQvMSANCmYgIDEzNTcvMS8xICAxMzU4LzIvMSAgMTI1Ny8zLzEgIDEyNTYvNC8xIA0KZiAgMTM1OC8xLzEgIDEzNTkvMi8xICAxMjU4LzMvMSAgMTI1Ny80LzEgDQpmICAxMzU5LzEvMSAgMTM2MC8yLzEgIDEyNTkvMy8xICAxMjU4LzQvMSANCmYgIDEzNjAvMS8xICAxMzYxLzIvMSAgMTI2MC8zLzEgIDEyNTkvNC8xIA0KZiAgMTM2MS8xLzEgIDEzNjIvMi8xICAxMjYxLzMvMSAgMTI2MC80LzEgDQpmICAxMzYyLzEvMSAgMTM2My8yLzEgIDEyNjIvMy8xICAxMjYxLzQvMSANCmYgIDEzNjMvMS8xICAxMzY0LzIvMSAgMTI2My8zLzEgIDEyNjIvNC8xIA0KZiAgMTM2NC8xLzEgIDEzNjUvMi8xICAxMjY0LzMvMSAgMTI2My80LzEgDQpmICAxMzY1LzEvMSAgMTM2Ni8yLzEgIDEyNjUvMy8xICAxMjY0LzQvMSANCmYgIDEzNjYvMS8xICAxMzY3LzIvMSAgMTI2Ni8zLzEgIDEyNjUvNC8xIA0KZiAgMTM2Ny8xLzEgIDEzNjgvMi8xICAxMjY3LzMvMSAgMTI2Ni80LzEgDQpmICAxMzY4LzEvMSAgMTM2OS8yLzEgIDEyNjgvMy8xICAxMjY3LzQvMSANCmYgIDEzNjkvMS8xICAxMzcwLzIvMSAgMTI2OS8zLzEgIDEyNjgvNC8xIA0KZiAgMTM3MC8xLzEgIDEzNzEvMi8xICAxMjcwLzMvMSAgMTI2OS80LzEgDQpmICAxMzcxLzEvMSAgMTM3Mi8yLzEgIDEyNzEvMy8xICAxMjcwLzQvMSANCmYgIDEzNzIvMS8xICAxMzczLzIvMSAgMTI3Mi8zLzEgIDEyNzEvNC8xIA0KZiAgMTM3My8xLzEgIDEzNzQvMi8xICAxMjczLzMvMSAgMTI3Mi80LzEgDQpmICAxMzc0LzEvMSAgMTM3NS8yLzEgIDEyNzQvMy8xICAxMjczLzQvMSANCmYgIDEzNzUvMS8xICAxMzc2LzIvMSAgMTI3NS8zLzEgIDEyNzQvNC8xIA0KZiAgMTM3Ni8xLzEgIDEzNzcvMi8xICAxMjc2LzMvMSAgMTI3NS80LzEgDQpmICAxMzc3LzEvMSAgMTM3OC8yLzEgIDEyNzcvMy8xICAxMjc2LzQvMSANCmYgIDEzNzgvMS8xICAxMzc5LzIvMSAgMTI3OC8zLzEgIDEyNzcvNC8xIA0KZiAgMTM3OS8xLzEgIDEzODAvMi8xICAxMjc5LzMvMSAgMTI3OC80LzEgDQpmICAxMzgwLzEvMSAgMTM4MS8yLzEgIDEyODAvMy8xICAxMjc5LzQvMSANCmYgIDEzODEvMS8xICAxMzgyLzIvMSAgMTI4MS8zLzEgIDEyODAvNC8xIA0KZiAgMTM4Mi8xLzEgIDEzODMvMi8xICAxMjgyLzMvMSAgMTI4MS80LzEgDQpmICAxMzgzLzEvMSAgMTM4NC8yLzEgIDEyODMvMy8xICAxMjgyLzQvMSANCmYgIDEzODQvMS8xICAxMzg1LzIvMSAgMTI4NC8zLzEgIDEyODMvNC8xIA0KZiAgMTM4NS8xLzEgIDEzODYvMi8xICAxMjg1LzMvMSAgMTI4NC80LzEgDQpmICAxMzg2LzEvMSAgMTM4Ny8yLzEgIDEyODYvMy8xICAxMjg1LzQvMSANCmYgIDEzODcvMS8xICAxMzg4LzIvMSAgMTI4Ny8zLzEgIDEyODYvNC8xIA0KZiAgMTM4OC8xLzEgIDEzODkvMi8xICAxMjg4LzMvMSAgMTI4Ny80LzEgDQpmICAxMzg5LzEvMSAgMTM5MC8yLzEgIDEyODkvMy8xICAxMjg4LzQvMSANCmYgIDEzOTAvMS8xICAxMzkxLzIvMSAgMTI5MC8zLzEgIDEyODkvNC8xIA0KZiAgMTM5MS8xLzEgIDEzOTIvMi8xICAxMjkxLzMvMSAgMTI5MC80LzEgDQpmICAxMzkyLzEvMSAgMTM5My8yLzEgIDEyOTIvMy8xICAxMjkxLzQvMSANCmYgIDEzOTMvMS8xICAxMzk0LzIvMSAgMTI5My8zLzEgIDEyOTIvNC8xIA0KZiAgMTM5NC8xLzEgIDEzOTUvMi8xICAxMjk0LzMvMSAgMTI5My80LzEgDQpmICAxMzk1LzEvMSAgMTM5Ni8yLzEgIDEyOTUvMy8xICAxMjk0LzQvMSANCmYgIDEzOTYvMS8xICAxMzk3LzIvMSAgMTI5Ni8zLzEgIDEyOTUvNC8xIA0KZiAgMTM5Ny8xLzEgIDEzOTgvMi8xICAxMjk3LzMvMSAgMTI5Ni80LzEgDQpmICAxMzk4LzEvMSAgMTM5OS8yLzEgIDEyOTgvMy8xICAxMjk3LzQvMSANCmYgIDEzOTkvMS8xICAxNDAwLzIvMSAgMTI5OS8zLzEgIDEyOTgvNC8xIA0KZiAgMTQwMC8xLzEgIDE0MDEvMi8xICAxMzAwLzMvMSAgMTI5OS80LzEgDQpmICAxNDAxLzEvMSAgMTQwMi8yLzEgIDEzMDEvMy8xICAxMzAwLzQvMSANCmYgIDE0MDIvMS8xICAxNDAzLzIvMSAgMTMwMi8zLzEgIDEzMDEvNC8xIA0KZiAgMTQwMy8xLzEgIDE0MDQvMi8xICAxMzAzLzMvMSAgMTMwMi80LzEgDQpmICAxNDA0LzEvMSAgMTQwNS8yLzEgIDEzMDQvMy8xICAxMzAzLzQvMSANCmYgIDE0MDUvMS8xICAxNDA2LzIvMSAgMTMwNS8zLzEgIDEzMDQvNC8xIA0KZiAgMTQwNi8xLzEgIDE0MDcvMi8xICAxMzA2LzMvMSAgMTMwNS80LzEgDQpmICAxNDA3LzEvMSAgMTQwOC8yLzEgIDEzMDcvMy8xICAxMzA2LzQvMSANCmYgIDE0MDgvMS8xICAxNDA5LzIvMSAgMTMwOC8zLzEgIDEzMDcvNC8xIA0KZiAgMTQwOS8xLzEgIDE0MTAvMi8xICAxMzA5LzMvMSAgMTMwOC80LzEgDQpmICAxNDEwLzEvMSAgMTQxMS8yLzEgIDEzMTAvMy8xICAxMzA5LzQvMSANCmYgIDE0MTEvMS8xICAxNDEyLzIvMSAgMTMxMS8zLzEgIDEzMTAvNC8xIA0KZiAgMTQxMi8xLzEgIDE0MTMvMi8xICAxMzEyLzMvMSAgMTMxMS80LzEgDQpmICAxNDEzLzEvMSAgMTQxNC8yLzEgIDEzMTMvMy8xICAxMzEyLzQvMSANCmYgIDE0MTUvMS8xICAxNDE2LzIvMSAgMTMxNS8zLzEgIDEzMTQvNC8xIA0KZiAgMTQxNi8xLzEgIDE0MTcvMi8xICAxMzE2LzMvMSAgMTMxNS80LzEgDQpmICAxNDE3LzEvMSAgMTQxOC8yLzEgIDEzMTcvMy8xICAxMzE2LzQvMSANCmYgIDE0MTgvMS8xICAxNDE5LzIvMSAgMTMxOC8zLzEgIDEzMTcvNC8xIA0KZiAgMTQxOS8xLzEgIDE0MjAvMi8xICAxMzE5LzMvMSAgMTMxOC80LzEgDQpmICAxNDIwLzEvMSAgMTQyMS8yLzEgIDEzMjAvMy8xICAxMzE5LzQvMSANCmYgIDE0MjEvMS8xICAxNDIyLzIvMSAgMTMyMS8zLzEgIDEzMjAvNC8xIA0KZiAgMTQyMi8xLzEgIDE0MjMvMi8xICAxMzIyLzMvMSAgMTMyMS80LzEgDQpmICAxNDIzLzEvMSAgMTQyNC8yLzEgIDEzMjMvMy8xICAxMzIyLzQvMSANCmYgIDE0MjQvMS8xICAxNDI1LzIvMSAgMTMyNC8zLzEgIDEzMjMvNC8xIA0KZiAgMTQyNS8xLzEgIDE0MjYvMi8xICAxMzI1LzMvMSAgMTMyNC80LzEgDQpmICAxNDI2LzEvMSAgMTQyNy8yLzEgIDEzMjYvMy8xICAxMzI1LzQvMSANCmYgIDE0MjcvMS8xICAxNDI4LzIvMSAgMTMyNy8zLzEgIDEzMjYvNC8xIA0KZiAgMTQyOC8xLzEgIDE0MjkvMi8xICAxMzI4LzMvMSAgMTMyNy80LzEgDQpmICAxNDI5LzEvMSAgMTQzMC8yLzEgIDEzMjkvMy8xICAxMzI4LzQvMSANCmYgIDE0MzAvMS8xICAxNDMxLzIvMSAgMTMzMC8zLzEgIDEzMjkvNC8xIA0KZiAgMTQzMS8xLzEgIDE0MzIvMi8xICAxMzMxLzMvMSAgMTMzMC80LzEgDQpmICAxNDMyLzEvMSAgMTQzMy8yLzEgIDEzMzIvMy8xICAxMzMxLzQvMSANCmYgIDE0MzMvMS8xICAxNDM0LzIvMSAgMTMzMy8zLzEgIDEzMzIvNC8xIA0KZiAgMTQzNC8xLzEgIDE0MzUvMi8xICAxMzM0LzMvMSAgMTMzMy80LzEgDQpmICAxNDM1LzEvMSAgMTQzNi8yLzEgIDEzMzUvMy8xICAxMzM0LzQvMSANCmYgIDE0MzYvMS8xICAxNDM3LzIvMSAgMTMzNi8zLzEgIDEzMzUvNC8xIA0KZiAgMTQzNy8xLzEgIDE0MzgvMi8xICAxMzM3LzMvMSAgMTMzNi80LzEgDQpmICAxNDM4LzEvMSAgMTQzOS8yLzEgIDEzMzgvMy8xICAxMzM3LzQvMSANCmYgIDE0MzkvMS8xICAxNDQwLzIvMSAgMTMzOS8zLzEgIDEzMzgvNC8xIA0KZiAgMTQ0MC8xLzEgIDE0NDEvMi8xICAxMzQwLzMvMSAgMTMzOS80LzEgDQpmICAxNDQxLzEvMSAgMTQ0Mi8yLzEgIDEzNDEvMy8xICAxMzQwLzQvMSANCmYgIDE0NDIvMS8xICAxNDQzLzIvMSAgMTM0Mi8zLzEgIDEzNDEvNC8xIA0KZiAgMTQ0My8xLzEgIDE0NDQvMi8xICAxMzQzLzMvMSAgMTM0Mi80LzEgDQpmICAxNDQ0LzEvMSAgMTQ0NS8yLzEgIDEzNDQvMy8xICAxMzQzLzQvMSANCmYgIDE0NDUvMS8xICAxNDQ2LzIvMSAgMTM0NS8zLzEgIDEzNDQvNC8xIA0KZiAgMTQ0Ni8xLzEgIDE0NDcvMi8xICAxMzQ2LzMvMSAgMTM0NS80LzEgDQpmICAxNDQ3LzEvMSAgMTQ0OC8yLzEgIDEzNDcvMy8xICAxMzQ2LzQvMSANCmYgIDE0NDgvMS8xICAxNDQ5LzIvMSAgMTM0OC8zLzEgIDEzNDcvNC8xIA0KZiAgMTQ0OS8xLzEgIDE0NTAvMi8xICAxMzQ5LzMvMSAgMTM0OC80LzEgDQpmICAxNDUwLzEvMSAgMTQ1MS8yLzEgIDEzNTAvMy8xICAxMzQ5LzQvMSANCmYgIDE0NTEvMS8xICAxNDUyLzIvMSAgMTM1MS8zLzEgIDEzNTAvNC8xIA0KZiAgMTQ1Mi8xLzEgIDE0NTMvMi8xICAxMzUyLzMvMSAgMTM1MS80LzEgDQpmICAxNDUzLzEvMSAgMTQ1NC8yLzEgIDEzNTMvMy8xICAxMzUyLzQvMSANCmYgIDE0NTQvMS8xICAxNDU1LzIvMSAgMTM1NC8zLzEgIDEzNTMvNC8xIA0KZiAgMTQ1NS8xLzEgIDE0NTYvMi8xICAxMzU1LzMvMSAgMTM1NC80LzEgDQpmICAxNDU2LzEvMSAgMTQ1Ny8yLzEgIDEzNTYvMy8xICAxMzU1LzQvMSANCmYgIDE0NTcvMS8xICAxNDU4LzIvMSAgMTM1Ny8zLzEgIDEzNTYvNC8xIA0KZiAgMTQ1OC8xLzEgIDE0NTkvMi8xICAxMzU4LzMvMSAgMTM1Ny80LzEgDQpmICAxNDU5LzEvMSAgMTQ2MC8yLzEgIDEzNTkvMy8xICAxMzU4LzQvMSANCmYgIDE0NjAvMS8xICAxNDYxLzIvMSAgMTM2MC8zLzEgIDEzNTkvNC8xIA0KZiAgMTQ2MS8xLzEgIDE0NjIvMi8xICAxMzYxLzMvMSAgMTM2MC80LzEgDQpmICAxNDYyLzEvMSAgMTQ2My8yLzEgIDEzNjIvMy8xICAxMzYxLzQvMSANCmYgIDE0NjMvMS8xICAxNDY0LzIvMSAgMTM2My8zLzEgIDEzNjIvNC8xIA0KZiAgMTQ2NC8xLzEgIDE0NjUvMi8xICAxMzY0LzMvMSAgMTM2My80LzEgDQpmICAxNDY1LzEvMSAgMTQ2Ni8yLzEgIDEzNjUvMy8xICAxMzY0LzQvMSANCmYgIDE0NjYvMS8xICAxNDY3LzIvMSAgMTM2Ni8zLzEgIDEzNjUvNC8xIA0KZiAgMTQ2Ny8xLzEgIDE0NjgvMi8xICAxMzY3LzMvMSAgMTM2Ni80LzEgDQpmICAxNDY4LzEvMSAgMTQ2OS8yLzEgIDEzNjgvMy8xICAxMzY3LzQvMSANCmYgIDE0NjkvMS8xICAxNDcwLzIvMSAgMTM2OS8zLzEgIDEzNjgvNC8xIA0KZiAgMTQ3MC8xLzEgIDE0NzEvMi8xICAxMzcwLzMvMSAgMTM2OS80LzEgDQpmICAxNDcxLzEvMSAgMTQ3Mi8yLzEgIDEzNzEvMy8xICAxMzcwLzQvMSANCmYgIDE0NzIvMS8xICAxNDczLzIvMSAgMTM3Mi8zLzEgIDEzNzEvNC8xIA0KZiAgMTQ3My8xLzEgIDE0NzQvMi8xICAxMzczLzMvMSAgMTM3Mi80LzEgDQpmICAxNDc0LzEvMSAgMTQ3NS8yLzEgIDEzNzQvMy8xICAxMzczLzQvMSANCmYgIDE0NzUvMS8xICAxNDc2LzIvMSAgMTM3NS8zLzEgIDEzNzQvNC8xIA0KZiAgMTQ3Ni8xLzEgIDE0NzcvMi8xICAxMzc2LzMvMSAgMTM3NS80LzEgDQpmICAxNDc3LzEvMSAgMTQ3OC8yLzEgIDEzNzcvMy8xICAxMzc2LzQvMSANCmYgIDE0NzgvMS8xICAxNDc5LzIvMSAgMTM3OC8zLzEgIDEzNzcvNC8xIA0KZiAgMTQ3OS8xLzEgIDE0ODAvMi8xICAxMzc5LzMvMSAgMTM3OC80LzEgDQpmICAxNDgwLzEvMSAgMTQ4MS8yLzEgIDEzODAvMy8xICAxMzc5LzQvMSANCmYgIDE0ODEvMS8xICAxNDgyLzIvMSAgMTM4MS8zLzEgIDEzODAvNC8xIA0KZiAgMTQ4Mi8xLzEgIDE0ODMvMi8xICAxMzgyLzMvMSAgMTM4MS80LzEgDQpmICAxNDgzLzEvMSAgMTQ4NC8yLzEgIDEzODMvMy8xICAxMzgyLzQvMSANCmYgIDE0ODQvMS8xICAxNDg1LzIvMSAgMTM4NC8zLzEgIDEzODMvNC8xIA0KZiAgMTQ4NS8xLzEgIDE0ODYvMi8xICAxMzg1LzMvMSAgMTM4NC80LzEgDQpmICAxNDg2LzEvMSAgMTQ4Ny8yLzEgIDEzODYvMy8xICAxMzg1LzQvMSANCmYgIDE0ODcvMS8xICAxNDg4LzIvMSAgMTM4Ny8zLzEgIDEzODYvNC8xIA0KZiAgMTQ4OC8xLzEgIDE0ODkvMi8xICAxMzg4LzMvMSAgMTM4Ny80LzEgDQpmICAxNDg5LzEvMSAgMTQ5MC8yLzEgIDEzODkvMy8xICAxMzg4LzQvMSANCmYgIDE0OTAvMS8xICAxNDkxLzIvMSAgMTM5MC8zLzEgIDEzODkvNC8xIA0KZiAgMTQ5MS8xLzEgIDE0OTIvMi8xICAxMzkxLzMvMSAgMTM5MC80LzEgDQpmICAxNDkyLzEvMSAgMTQ5My8yLzEgIDEzOTIvMy8xICAxMzkxLzQvMSANCmYgIDE0OTMvMS8xICAxNDk0LzIvMSAgMTM5My8zLzEgIDEzOTIvNC8xIA0KZiAgMTQ5NC8xLzEgIDE0OTUvMi8xICAxMzk0LzMvMSAgMTM5My80LzEgDQpmICAxNDk1LzEvMSAgMTQ5Ni8yLzEgIDEzOTUvMy8xICAxMzk0LzQvMSANCmYgIDE0OTYvMS8xICAxNDk3LzIvMSAgMTM5Ni8zLzEgIDEzOTUvNC8xIA0KZiAgMTQ5Ny8xLzEgIDE0OTgvMi8xICAxMzk3LzMvMSAgMTM5Ni80LzEgDQpmICAxNDk4LzEvMSAgMTQ5OS8yLzEgIDEzOTgvMy8xICAxMzk3LzQvMSANCmYgIDE0OTkvMS8xICAxNTAwLzIvMSAgMTM5OS8zLzEgIDEzOTgvNC8xIA0KZiAgMTUwMC8xLzEgIDE1MDEvMi8xICAxNDAwLzMvMSAgMTM5OS80LzEgDQpmICAxNTAxLzEvMSAgMTUwMi8yLzEgIDE0MDEvMy8xICAxNDAwLzQvMSANCmYgIDE1MDIvMS8xICAxNTAzLzIvMSAgMTQwMi8zLzEgIDE0MDEvNC8xIA0KZiAgMTUwMy8xLzEgIDE1MDQvMi8xICAxNDAzLzMvMSAgMTQwMi80LzEgDQpmICAxNTA0LzEvMSAgMTUwNS8yLzEgIDE0MDQvMy8xICAxNDAzLzQvMSANCmYgIDE1MDUvMS8xICAxNTA2LzIvMSAgMTQwNS8zLzEgIDE0MDQvNC8xIA0KZiAgMTUwNi8xLzEgIDE1MDcvMi8xICAxNDA2LzMvMSAgMTQwNS80LzEgDQpmICAxNTA3LzEvMSAgMTUwOC8yLzEgIDE0MDcvMy8xICAxNDA2LzQvMSANCmYgIDE1MDgvMS8xICAxNTA5LzIvMSAgMTQwOC8zLzEgIDE0MDcvNC8xIA0KZiAgMTUwOS8xLzEgIDE1MTAvMi8xICAxNDA5LzMvMSAgMTQwOC80LzEgDQpmICAxNTEwLzEvMSAgMTUxMS8yLzEgIDE0MTAvMy8xICAxNDA5LzQvMSANCmYgIDE1MTEvMS8xICAxNTEyLzIvMSAgMTQxMS8zLzEgIDE0MTAvNC8xIA0KZiAgMTUxMi8xLzEgIDE1MTMvMi8xICAxNDEyLzMvMSAgMTQxMS80LzEgDQpmICAxNTEzLzEvMSAgMTUxNC8yLzEgIDE0MTMvMy8xICAxNDEyLzQvMSANCmYgIDE1MTQvMS8xICAxNTE1LzIvMSAgMTQxNC8zLzEgIDE0MTMvNC8xIA0KZiAgMTUxNi8xLzEgIDE1MTcvMi8xICAxNDE2LzMvMSAgMTQxNS80LzEgDQpmICAxNTE3LzEvMSAgMTUxOC8yLzEgIDE0MTcvMy8xICAxNDE2LzQvMSANCmYgIDE1MTgvMS8xICAxNTE5LzIvMSAgMTQxOC8zLzEgIDE0MTcvNC8xIA0KZiAgMTUxOS8xLzEgIDE1MjAvMi8xICAxNDE5LzMvMSAgMTQxOC80LzEgDQpmICAxNTIwLzEvMSAgMTUyMS8yLzEgIDE0MjAvMy8xICAxNDE5LzQvMSANCmYgIDE1MjEvMS8xICAxNTIyLzIvMSAgMTQyMS8zLzEgIDE0MjAvNC8xIA0KZiAgMTUyMi8xLzEgIDE1MjMvMi8xICAxNDIyLzMvMSAgMTQyMS80LzEgDQpmICAxNTIzLzEvMSAgMTUyNC8yLzEgIDE0MjMvMy8xICAxNDIyLzQvMSANCmYgIDE1MjQvMS8xICAxNTI1LzIvMSAgMTQyNC8zLzEgIDE0MjMvNC8xIA0KZiAgMTUyNS8xLzEgIDE1MjYvMi8xICAxNDI1LzMvMSAgMTQyNC80LzEgDQpmICAxNTI2LzEvMSAgMTUyNy8yLzEgIDE0MjYvMy8xICAxNDI1LzQvMSANCmYgIDE1MjcvMS8xICAxNTI4LzIvMSAgMTQyNy8zLzEgIDE0MjYvNC8xIA0KZiAgMTUyOC8xLzEgIDE1MjkvMi8xICAxNDI4LzMvMSAgMTQyNy80LzEgDQpmICAxNTI5LzEvMSAgMTUzMC8yLzEgIDE0MjkvMy8xICAxNDI4LzQvMSANCmYgIDE1MzAvMS8xICAxNTMxLzIvMSAgMTQzMC8zLzEgIDE0MjkvNC8xIA0KZiAgMTUzMS8xLzEgIDE1MzIvMi8xICAxNDMxLzMvMSAgMTQzMC80LzEgDQpmICAxNTMyLzEvMSAgMTUzMy8yLzEgIDE0MzIvMy8xICAxNDMxLzQvMSANCmYgIDE1MzMvMS8xICAxNTM0LzIvMSAgMTQzMy8zLzEgIDE0MzIvNC8xIA0KZiAgMTUzNC8xLzEgIDE1MzUvMi8xICAxNDM0LzMvMSAgMTQzMy80LzEgDQpmICAxNTM1LzEvMSAgMTUzNi8yLzEgIDE0MzUvMy8xICAxNDM0LzQvMSANCmYgIDE1MzYvMS8xICAxNTM3LzIvMSAgMTQzNi8zLzEgIDE0MzUvNC8xIA0KZiAgMTUzNy81LzEgIDE1MzgvNi8xICAxNDM3LzcvMSAgMTQzNi84LzEgDQpmICAxNTM4LzkvMSAgMTUzOS8xMC8xICAxNDM4LzExLzEgIDE0MzcvMTIvMSANCmYgIDE1MzkvOS8xICAxNTQwLzEwLzEgIDE0MzkvMTEvMSAgMTQzOC8xMi8xIA0KZiAgMTU0MC85LzEgIDE1NDEvMTAvMSAgMTQ0MC8xMS8xICAxNDM5LzEyLzEgDQpmICAxNTQxLzkvMSAgMTU0Mi8xMC8xICAxNDQxLzExLzEgIDE0NDAvMTIvMSANCmYgIDE1NDIvOS8xICAxNTQzLzEwLzEgIDE0NDIvMTEvMSAgMTQ0MS8xMi8xIA0KZiAgMTU0My85LzEgIDE1NDQvMTAvMSAgMTQ0My8xMS8xICAxNDQyLzEyLzEgDQpmICAxNTQ0LzkvMSAgMTU0NS8xMC8xICAxNDQ0LzExLzEgIDE0NDMvMTIvMSANCmYgIDE1NDUvOS8xICAxNTQ2LzEwLzEgIDE0NDUvMTEvMSAgMTQ0NC8xMi8xIA0KZiAgMTU0Ni85LzEgIDE1NDcvMTAvMSAgMTQ0Ni8xMS8xICAxNDQ1LzEyLzEgDQpmICAxNTQ3LzkvMSAgMTU0OC8xMC8xICAxNDQ3LzExLzEgIDE0NDYvMTIvMSANCmYgIDE1NDgvOS8xICAxNTQ5LzEwLzEgIDE0NDgvMTEvMSAgMTQ0Ny8xMi8xIA0KZiAgMTU0OS85LzEgIDE1NTAvMTAvMSAgMTQ0OS8xMS8xICAxNDQ4LzEyLzEgDQpmICAxNTUwLzkvMSAgMTU1MS8xMC8xICAxNDUwLzExLzEgIDE0NDkvMTIvMSANCmYgIDE1NTEvOS8xICAxNTUyLzEwLzEgIDE0NTEvMTEvMSAgMTQ1MC8xMi8xIA0KZiAgMTU1Mi85LzEgIDE1NTMvMTAvMSAgMTQ1Mi8xMS8xICAxNDUxLzEyLzEgDQpmICAxNTUzLzkvMSAgMTU1NC8xMC8xICAxNDUzLzExLzEgIDE0NTIvMTIvMSANCmYgIDE1NTQvOS8xICAxNTU1LzEwLzEgIDE0NTQvMTEvMSAgMTQ1My8xMi8xIA0KZiAgMTU1NS85LzEgIDE1NTYvMTAvMSAgMTQ1NS8xMS8xICAxNDU0LzEyLzEgDQpmICAxNTU2LzkvMSAgMTU1Ny8xMC8xICAxNDU2LzExLzEgIDE0NTUvMTIvMSANCmYgIDE1NTcvOS8xICAxNTU4LzEwLzEgIDE0NTcvMTEvMSAgMTQ1Ni8xMi8xIA0KZiAgMTU1OC85LzEgIDE1NTkvMTAvMSAgMTQ1OC8xMS8xICAxNDU3LzEyLzEgDQpmICAxNTU5LzkvMSAgMTU2MC8xMC8xICAxNDU5LzExLzEgIDE0NTgvMTIvMSANCmYgIDE1NjAvOS8xICAxNTYxLzEwLzEgIDE0NjAvMTEvMSAgMTQ1OS8xMi8xIA0KZiAgMTU2MS85LzEgIDE1NjIvMTAvMSAgMTQ2MS8xMS8xICAxNDYwLzEyLzEgDQpmICAxNTYyLzkvMSAgMTU2My8xMC8xICAxNDYyLzExLzEgIDE0NjEvMTIvMSANCmYgIDE1NjMvMTMvMSAgMTU2NC8xNC8xICAxNDYzLzE1LzEgIDE0NjIvMTYvMSANCmYgIDE1NjQvMS8xICAxNTY1LzIvMSAgMTQ2NC8zLzEgIDE0NjMvNC8xIA0KZiAgMTU2NS8xLzEgIDE1NjYvMi8xICAxNDY1LzMvMSAgMTQ2NC80LzEgDQpmICAxNTY2LzEvMSAgMTU2Ny8yLzEgIDE0NjYvMy8xICAxNDY1LzQvMSANCmYgIDE1NjcvMS8xICAxNTY4LzIvMSAgMTQ2Ny8zLzEgIDE0NjYvNC8xIA0KZiAgMTU2OC8xLzEgIDE1NjkvMi8xICAxNDY4LzMvMSAgMTQ2Ny80LzEgDQpmICAxNTY5LzEvMSAgMTU3MC8yLzEgIDE0NjkvMy8xICAxNDY4LzQvMSANCmYgIDE1NzAvMS8xICAxNTcxLzIvMSAgMTQ3MC8zLzEgIDE0NjkvNC8xIA0KZiAgMTU3MS8xLzEgIDE1NzIvMi8xICAxNDcxLzMvMSAgMTQ3MC80LzEgDQpmICAxNTcyLzEvMSAgMTU3My8yLzEgIDE0NzIvMy8xICAxNDcxLzQvMSANCmYgIDE1NzMvMS8xICAxNTc0LzIvMSAgMTQ3My8zLzEgIDE0NzIvNC8xIA0KZiAgMTU3NC8xLzEgIDE1NzUvMi8xICAxNDc0LzMvMSAgMTQ3My80LzEgDQpmICAxNTc1LzEvMSAgMTU3Ni8yLzEgIDE0NzUvMy8xICAxNDc0LzQvMSANCmYgIDE1NzYvMS8xICAxNTc3LzIvMSAgMTQ3Ni8zLzEgIDE0NzUvNC8xIA0KZiAgMTU3Ny8xLzEgIDE1NzgvMi8xICAxNDc3LzMvMSAgMTQ3Ni80LzEgDQpmICAxNTc4LzEvMSAgMTU3OS8yLzEgIDE0NzgvMy8xICAxNDc3LzQvMSANCmYgIDE1NzkvMS8xICAxNTgwLzIvMSAgMTQ3OS8zLzEgIDE0NzgvNC8xIA0KZiAgMTU4MC8xLzEgIDE1ODEvMi8xICAxNDgwLzMvMSAgMTQ3OS80LzEgDQpmICAxNTgxLzEvMSAgMTU4Mi8yLzEgIDE0ODEvMy8xICAxNDgwLzQvMSANCmYgIDE1ODIvMS8xICAxNTgzLzIvMSAgMTQ4Mi8zLzEgIDE0ODEvNC8xIA0KZiAgMTU4My8xLzEgIDE1ODQvMi8xICAxNDgzLzMvMSAgMTQ4Mi80LzEgDQpmICAxNTg0LzEvMSAgMTU4NS8yLzEgIDE0ODQvMy8xICAxNDgzLzQvMSANCmYgIDE1ODUvMS8xICAxNTg2LzIvMSAgMTQ4NS8zLzEgIDE0ODQvNC8xIA0KZiAgMTU4Ni8xLzEgIDE1ODcvMi8xICAxNDg2LzMvMSAgMTQ4NS80LzEgDQpmICAxNTg3LzEvMSAgMTU4OC8yLzEgIDE0ODcvMy8xICAxNDg2LzQvMSANCmYgIDE1ODgvMS8xICAxNTg5LzIvMSAgMTQ4OC8zLzEgIDE0ODcvNC8xIA0KZiAgMTU4OS8xLzEgIDE1OTAvMi8xICAxNDg5LzMvMSAgMTQ4OC80LzEgDQpmICAxNTkwLzEvMSAgMTU5MS8yLzEgIDE0OTAvMy8xICAxNDg5LzQvMSANCmYgIDE1OTEvMS8xICAxNTkyLzIvMSAgMTQ5MS8zLzEgIDE0OTAvNC8xIA0KZiAgMTU5Mi8xLzEgIDE1OTMvMi8xICAxNDkyLzMvMSAgMTQ5MS80LzEgDQpmICAxNTkzLzEvMSAgMTU5NC8yLzEgIDE0OTMvMy8xICAxNDkyLzQvMSANCmYgIDE1OTQvMS8xICAxNTk1LzIvMSAgMTQ5NC8zLzEgIDE0OTMvNC8xIA0KZiAgMTU5NS8xLzEgIDE1OTYvMi8xICAxNDk1LzMvMSAgMTQ5NC80LzEgDQpmICAxNTk2LzEvMSAgMTU5Ny8yLzEgIDE0OTYvMy8xICAxNDk1LzQvMSANCmYgIDE1OTcvMS8xICAxNTk4LzIvMSAgMTQ5Ny8zLzEgIDE0OTYvNC8xIA0KZiAgMTU5OC8xLzEgIDE1OTkvMi8xICAxNDk4LzMvMSAgMTQ5Ny80LzEgDQpmICAxNTk5LzEvMSAgMTYwMC8yLzEgIDE0OTkvMy8xICAxNDk4LzQvMSANCmYgIDE2MDAvMS8xICAxNjAxLzIvMSAgMTUwMC8zLzEgIDE0OTkvNC8xIA0KZiAgMTYwMS8xLzEgIDE2MDIvMi8xICAxNTAxLzMvMSAgMTUwMC80LzEgDQpmICAxNjAyLzEvMSAgMTYwMy8yLzEgIDE1MDIvMy8xICAxNTAxLzQvMSANCmYgIDE2MDMvMS8xICAxNjA0LzIvMSAgMTUwMy8zLzEgIDE1MDIvNC8xIA0KZiAgMTYwNC8xLzEgIDE2MDUvMi8xICAxNTA0LzMvMSAgMTUwMy80LzEgDQpmICAxNjA1LzEvMSAgMTYwNi8yLzEgIDE1MDUvMy8xICAxNTA0LzQvMSANCmYgIDE2MDYvMS8xICAxNjA3LzIvMSAgMTUwNi8zLzEgIDE1MDUvNC8xIA0KZiAgMTYwNy8xLzEgIDE2MDgvMi8xICAxNTA3LzMvMSAgMTUwNi80LzEgDQpmICAxNjA4LzEvMSAgMTYwOS8yLzEgIDE1MDgvMy8xICAxNTA3LzQvMSANCmYgIDE2MDkvMS8xICAxNjEwLzIvMSAgMTUwOS8zLzEgIDE1MDgvNC8xIA0KZiAgMTYxMC8xLzEgIDE2MTEvMi8xICAxNTEwLzMvMSAgMTUwOS80LzEgDQpmICAxNjExLzEvMSAgMTYxMi8yLzEgIDE1MTEvMy8xICAxNTEwLzQvMSANCmYgIDE2MTIvMS8xICAxNjEzLzIvMSAgMTUxMi8zLzEgIDE1MTEvNC8xIA0KZiAgMTYxMy8xLzEgIDE2MTQvMi8xICAxNTEzLzMvMSAgMTUxMi80LzEgDQpmICAxNjE0LzEvMSAgMTYxNS8yLzEgIDE1MTQvMy8xICAxNTEzLzQvMSANCmYgIDE2MTUvMS8xICAxNjE2LzIvMSAgMTUxNS8zLzEgIDE1MTQvNC8xIA0KZiAgMTYxNy8xLzEgIDE2MTgvMi8xICAxNTE3LzMvMSAgMTUxNi80LzEgDQpmICAxNjE4LzEvMSAgMTYxOS8yLzEgIDE1MTgvMy8xICAxNTE3LzQvMSANCmYgIDE2MTkvMS8xICAxNjIwLzIvMSAgMTUxOS8zLzEgIDE1MTgvNC8xIA0KZiAgMTYyMC8xLzEgIDE2MjEvMi8xICAxNTIwLzMvMSAgMTUxOS80LzEgDQpmICAxNjIxLzEvMSAgMTYyMi8yLzEgIDE1MjEvMy8xICAxNTIwLzQvMSANCmYgIDE2MjIvMS8xICAxNjIzLzIvMSAgMTUyMi8zLzEgIDE1MjEvNC8xIA0KZiAgMTYyMy8xLzEgIDE2MjQvMi8xICAxNTIzLzMvMSAgMTUyMi80LzEgDQpmICAxNjI0LzEvMSAgMTYyNS8yLzEgIDE1MjQvMy8xICAxNTIzLzQvMSANCmYgIDE2MjUvMS8xICAxNjI2LzIvMSAgMTUyNS8zLzEgIDE1MjQvNC8xIA0KZiAgMTYyNi8xLzEgIDE2MjcvMi8xICAxNTI2LzMvMSAgMTUyNS80LzEgDQpmICAxNjI3LzEvMSAgMTYyOC8yLzEgIDE1MjcvMy8xICAxNTI2LzQvMSANCmYgIDE2MjgvMS8xICAxNjI5LzIvMSAgMTUyOC8zLzEgIDE1MjcvNC8xIA0KZiAgMTYyOS8xLzEgIDE2MzAvMi8xICAxNTI5LzMvMSAgMTUyOC80LzEgDQpmICAxNjMwLzEvMSAgMTYzMS8yLzEgIDE1MzAvMy8xICAxNTI5LzQvMSANCmYgIDE2MzEvMS8xICAxNjMyLzIvMSAgMTUzMS8zLzEgIDE1MzAvNC8xIA0KZiAgMTYzMi8xLzEgIDE2MzMvMi8xICAxNTMyLzMvMSAgMTUzMS80LzEgDQpmICAxNjMzLzEvMSAgMTYzNC8yLzEgIDE1MzMvMy8xICAxNTMyLzQvMSANCmYgIDE2MzQvMS8xICAxNjM1LzIvMSAgMTUzNC8zLzEgIDE1MzMvNC8xIA0KZiAgMTYzNS8xLzEgIDE2MzYvMi8xICAxNTM1LzMvMSAgMTUzNC80LzEgDQpmICAxNjM2LzEvMSAgMTYzNy8yLzEgIDE1MzYvMy8xICAxNTM1LzQvMSANCmYgIDE2MzcvMS8xICAxNjM4LzIvMSAgMTUzNy8zLzEgIDE1MzYvNC8xIA0KZiAgMTYzOC8xNy8xICAxNjM5LzE4LzEgIDE1MzgvMTkvMSAgMTUzNy8yMC8xIA0KZiAgMTYzOS8yMS8xICAxNjQwLzIyLzEgIDE1MzkvMjMvMSAgMTUzOC8yNC8xIA0KZiAgMTY0MC8yMS8xICAxNjQxLzIyLzEgIDE1NDAvMjMvMSAgMTUzOS8yNC8xIA0KZiAgMTY0MS8yMS8xICAxNjQyLzIyLzEgIDE1NDEvMjMvMSAgMTU0MC8yNC8xIA0KZiAgMTY0Mi8yMS8xICAxNjQzLzIyLzEgIDE1NDIvMjMvMSAgMTU0MS8yNC8xIA0KZiAgMTY0My8yMS8xICAxNjQ0LzIyLzEgIDE1NDMvMjMvMSAgMTU0Mi8yNC8xIA0KZiAgMTY0NC8yMS8xICAxNjQ1LzIyLzEgIDE1NDQvMjMvMSAgMTU0My8yNC8xIA0KZiAgMTY0NS8yMS8xICAxNjQ2LzIyLzEgIDE1NDUvMjMvMSAgMTU0NC8yNC8xIA0KZiAgMTY0Ni8yMS8xICAxNjQ3LzIyLzEgIDE1NDYvMjMvMSAgMTU0NS8yNC8xIA0KZiAgMTY0Ny8yMS8xICAxNjQ4LzIyLzEgIDE1NDcvMjMvMSAgMTU0Ni8yNC8xIA0KZiAgMTY0OC8yMS8xICAxNjQ5LzIyLzEgIDE1NDgvMjMvMSAgMTU0Ny8yNC8xIA0KZiAgMTY0OS8yMS8xICAxNjUwLzIyLzEgIDE1NDkvMjMvMSAgMTU0OC8yNC8xIA0KZiAgMTY1MC8yMS8xICAxNjUxLzIyLzEgIDE1NTAvMjMvMSAgMTU0OS8yNC8xIA0KZiAgMTY1MS8yMS8xICAxNjUyLzIyLzEgIDE1NTEvMjMvMSAgMTU1MC8yNC8xIA0KZiAgMTY1Mi8yMS8xICAxNjUzLzIyLzEgIDE1NTIvMjMvMSAgMTU1MS8yNC8xIA0KZiAgMTY1My8yMS8xICAxNjU0LzIyLzEgIDE1NTMvMjMvMSAgMTU1Mi8yNC8xIA0KZiAgMTY1NC8yMS8xICAxNjU1LzIyLzEgIDE1NTQvMjMvMSAgMTU1My8yNC8xIA0KZiAgMTY1NS8yMS8xICAxNjU2LzIyLzEgIDE1NTUvMjMvMSAgMTU1NC8yNC8xIA0KZiAgMTY1Ni8yMS8xICAxNjU3LzIyLzEgIDE1NTYvMjMvMSAgMTU1NS8yNC8xIA0KZiAgMTY1Ny8yMS8xICAxNjU4LzIyLzEgIDE1NTcvMjMvMSAgMTU1Ni8yNC8xIA0KZiAgMTY1OC8yMS8xICAxNjU5LzIyLzEgIDE1NTgvMjMvMSAgMTU1Ny8yNC8xIA0KZiAgMTY1OS8yMS8xICAxNjYwLzIyLzEgIDE1NTkvMjMvMSAgMTU1OC8yNC8xIA0KZiAgMTY2MC8yMS8xICAxNjYxLzIyLzEgIDE1NjAvMjMvMSAgMTU1OS8yNC8xIA0KZiAgMTY2MS8yMS8xICAxNjYyLzIyLzEgIDE1NjEvMjMvMSAgMTU2MC8yNC8xIA0KZiAgMTY2Mi8yMS8xICAxNjYzLzIyLzEgIDE1NjIvMjMvMSAgMTU2MS8yNC8xIA0KZiAgMTY2My8yMS8xICAxNjY0LzIyLzEgIDE1NjMvMjMvMSAgMTU2Mi8yNC8xIA0KZiAgMTY2NC8yNS8xICAxNjY1LzI2LzEgIDE1NjQvMjcvMSAgMTU2My8yOC8xIA0KZiAgMTY2NS8xLzEgIDE2NjYvMi8xICAxNTY1LzMvMSAgMTU2NC80LzEgDQpmICAxNjY2LzEvMSAgMTY2Ny8yLzEgIDE1NjYvMy8xICAxNTY1LzQvMSANCmYgIDE2NjcvMS8xICAxNjY4LzIvMSAgMTU2Ny8zLzEgIDE1NjYvNC8xIA0KZiAgMTY2OC8xLzEgIDE2NjkvMi8xICAxNTY4LzMvMSAgMTU2Ny80LzEgDQpmICAxNjY5LzEvMSAgMTY3MC8yLzEgIDE1NjkvMy8xICAxNTY4LzQvMSANCmYgIDE2NzAvMS8xICAxNjcxLzIvMSAgMTU3MC8zLzEgIDE1NjkvNC8xIA0KZiAgMTY3MS8xLzEgIDE2NzIvMi8xICAxNTcxLzMvMSAgMTU3MC80LzEgDQpmICAxNjcyLzEvMSAgMTY3My8yLzEgIDE1NzIvMy8xICAxNTcxLzQvMSANCmYgIDE2NzMvMS8xICAxNjc0LzIvMSAgMTU3My8zLzEgIDE1NzIvNC8xIA0KZiAgMTY3NC8xLzEgIDE2NzUvMi8xICAxNTc0LzMvMSAgMTU3My80LzEgDQpmICAxNjc1LzEvMSAgMTY3Ni8yLzEgIDE1NzUvMy8xICAxNTc0LzQvMSANCmYgIDE2NzYvMS8xICAxNjc3LzIvMSAgMTU3Ni8zLzEgIDE1NzUvNC8xIA0KZiAgMTY3Ny8xLzEgIDE2NzgvMi8xICAxNTc3LzMvMSAgMTU3Ni80LzEgDQpmICAxNjc4LzEvMSAgMTY3OS8yLzEgIDE1NzgvMy8xICAxNTc3LzQvMSANCmYgIDE2NzkvMS8xICAxNjgwLzIvMSAgMTU3OS8zLzEgIDE1NzgvNC8xIA0KZiAgMTY4MC8xLzEgIDE2ODEvMi8xICAxNTgwLzMvMSAgMTU3OS80LzEgDQpmICAxNjgxLzEvMSAgMTY4Mi8yLzEgIDE1ODEvMy8xICAxNTgwLzQvMSANCmYgIDE2ODIvMS8xICAxNjgzLzIvMSAgMTU4Mi8zLzEgIDE1ODEvNC8xIA0KZiAgMTY4My8xLzEgIDE2ODQvMi8xICAxNTgzLzMvMSAgMTU4Mi80LzEgDQpmICAxNjg0LzEvMSAgMTY4NS8yLzEgIDE1ODQvMy8xICAxNTgzLzQvMSANCmYgIDE2ODUvMS8xICAxNjg2LzIvMSAgMTU4NS8zLzEgIDE1ODQvNC8xIA0KZiAgMTY4Ni8xLzEgIDE2ODcvMi8xICAxNTg2LzMvMSAgMTU4NS80LzEgDQpmICAxNjg3LzEvMSAgMTY4OC8yLzEgIDE1ODcvMy8xICAxNTg2LzQvMSANCmYgIDE2ODgvMS8xICAxNjg5LzIvMSAgMTU4OC8zLzEgIDE1ODcvNC8xIA0KZiAgMTY4OS8xLzEgIDE2OTAvMi8xICAxNTg5LzMvMSAgMTU4OC80LzEgDQpmICAxNjkwLzEvMSAgMTY5MS8yLzEgIDE1OTAvMy8xICAxNTg5LzQvMSANCmYgIDE2OTEvMS8xICAxNjkyLzIvMSAgMTU5MS8zLzEgIDE1OTAvNC8xIA0KZiAgMTY5Mi8xLzEgIDE2OTMvMi8xICAxNTkyLzMvMSAgMTU5MS80LzEgDQpmICAxNjkzLzEvMSAgMTY5NC8yLzEgIDE1OTMvMy8xICAxNTkyLzQvMSANCmYgIDE2OTQvMS8xICAxNjk1LzIvMSAgMTU5NC8zLzEgIDE1OTMvNC8xIA0KZiAgMTY5NS8xLzEgIDE2OTYvMi8xICAxNTk1LzMvMSAgMTU5NC80LzEgDQpmICAxNjk2LzEvMSAgMTY5Ny8yLzEgIDE1OTYvMy8xICAxNTk1LzQvMSANCmYgIDE2OTcvMS8xICAxNjk4LzIvMSAgMTU5Ny8zLzEgIDE1OTYvNC8xIA0KZiAgMTY5OC8xLzEgIDE2OTkvMi8xICAxNTk4LzMvMSAgMTU5Ny80LzEgDQpmICAxNjk5LzEvMSAgMTcwMC8yLzEgIDE1OTkvMy8xICAxNTk4LzQvMSANCmYgIDE3MDAvMS8xICAxNzAxLzIvMSAgMTYwMC8zLzEgIDE1OTkvNC8xIA0KZiAgMTcwMS8xLzEgIDE3MDIvMi8xICAxNjAxLzMvMSAgMTYwMC80LzEgDQpmICAxNzAyLzEvMSAgMTcwMy8yLzEgIDE2MDIvMy8xICAxNjAxLzQvMSANCmYgIDE3MDMvMS8xICAxNzA0LzIvMSAgMTYwMy8zLzEgIDE2MDIvNC8xIA0KZiAgMTcwNC8xLzEgIDE3MDUvMi8xICAxNjA0LzMvMSAgMTYwMy80LzEgDQpmICAxNzA1LzEvMSAgMTcwNi8yLzEgIDE2MDUvMy8xICAxNjA0LzQvMSANCmYgIDE3MDYvMS8xICAxNzA3LzIvMSAgMTYwNi8zLzEgIDE2MDUvNC8xIA0KZiAgMTcwNy8xLzEgIDE3MDgvMi8xICAxNjA3LzMvMSAgMTYwNi80LzEgDQpmICAxNzA4LzEvMSAgMTcwOS8yLzEgIDE2MDgvMy8xICAxNjA3LzQvMSANCmYgIDE3MDkvMS8xICAxNzEwLzIvMSAgMTYwOS8zLzEgIDE2MDgvNC8xIA0KZiAgMTcxMC8xLzEgIDE3MTEvMi8xICAxNjEwLzMvMSAgMTYwOS80LzEgDQpmICAxNzExLzEvMSAgMTcxMi8yLzEgIDE2MTEvMy8xICAxNjEwLzQvMSANCmYgIDE3MTIvMS8xICAxNzEzLzIvMSAgMTYxMi8zLzEgIDE2MTEvNC8xIA0KZiAgMTcxMy8xLzEgIDE3MTQvMi8xICAxNjEzLzMvMSAgMTYxMi80LzEgDQpmICAxNzE0LzEvMSAgMTcxNS8yLzEgIDE2MTQvMy8xICAxNjEzLzQvMSANCmYgIDE3MTUvMS8xICAxNzE2LzIvMSAgMTYxNS8zLzEgIDE2MTQvNC8xIA0KZiAgMTcxNi8xLzEgIDE3MTcvMi8xICAxNjE2LzMvMSAgMTYxNS80LzEgDQpmICAxNzE4LzEvMSAgMTcxOS8yLzEgIDE2MTgvMy8xICAxNjE3LzQvMSANCmYgIDE3MTkvMS8xICAxNzIwLzIvMSAgMTYxOS8zLzEgIDE2MTgvNC8xIA0KZiAgMTcyMC8xLzEgIDE3MjEvMi8xICAxNjIwLzMvMSAgMTYxOS80LzEgDQpmICAxNzIxLzEvMSAgMTcyMi8yLzEgIDE2MjEvMy8xICAxNjIwLzQvMSANCmYgIDE3MjIvMS8xICAxNzIzLzIvMSAgMTYyMi8zLzEgIDE2MjEvNC8xIA0KZiAgMTcyMy8xLzEgIDE3MjQvMi8xICAxNjIzLzMvMSAgMTYyMi80LzEgDQpmICAxNzI0LzEvMSAgMTcyNS8yLzEgIDE2MjQvMy8xICAxNjIzLzQvMSANCmYgIDE3MjUvMS8xICAxNzI2LzIvMSAgMTYyNS8zLzEgIDE2MjQvNC8xIA0KZiAgMTcyNi8xLzEgIDE3MjcvMi8xICAxNjI2LzMvMSAgMTYyNS80LzEgDQpmICAxNzI3LzEvMSAgMTcyOC8yLzEgIDE2MjcvMy8xICAxNjI2LzQvMSANCmYgIDE3MjgvMS8xICAxNzI5LzIvMSAgMTYyOC8zLzEgIDE2MjcvNC8xIA0KZiAgMTcyOS8xLzEgIDE3MzAvMi8xICAxNjI5LzMvMSAgMTYyOC80LzEgDQpmICAxNzMwLzEvMSAgMTczMS8yLzEgIDE2MzAvMy8xICAxNjI5LzQvMSANCmYgIDE3MzEvMS8xICAxNzMyLzIvMSAgMTYzMS8zLzEgIDE2MzAvNC8xIA0KZiAgMTczMi8xLzEgIDE3MzMvMi8xICAxNjMyLzMvMSAgMTYzMS80LzEgDQpmICAxNzMzLzEvMSAgMTczNC8yLzEgIDE2MzMvMy8xICAxNjMyLzQvMSANCmYgIDE3MzQvMS8xICAxNzM1LzIvMSAgMTYzNC8zLzEgIDE2MzMvNC8xIA0KZiAgMTczNS8xLzEgIDE3MzYvMi8xICAxNjM1LzMvMSAgMTYzNC80LzEgDQpmICAxNzM2LzEvMSAgMTczNy8yLzEgIDE2MzYvMy8xICAxNjM1LzQvMSANCmYgIDE3MzcvMS8xICAxNzM4LzIvMSAgMTYzNy8zLzEgIDE2MzYvNC8xIA0KZiAgMTczOC8xLzEgIDE3MzkvMi8xICAxNjM4LzMvMSAgMTYzNy80LzEgDQpmICAxNzM5LzE3LzEgIDE3NDAvMTgvMSAgMTYzOS8xOS8xICAxNjM4LzIwLzEgDQpmICAxNzQwLzIxLzEgIDE3NDEvMjIvMSAgMTY0MC8yMy8xICAxNjM5LzI0LzEgDQpmICAxNzQxLzIxLzEgIDE3NDIvMjIvMSAgMTY0MS8yMy8xICAxNjQwLzI0LzEgDQpmICAxNzQyLzIxLzEgIDE3NDMvMjIvMSAgMTY0Mi8yMy8xICAxNjQxLzI0LzEgDQpmICAxNzQzLzI5LzEgIDE3NDQvMzAvMSAgMTY0My8zMS8xICAxNjQyLzMyLzEgDQpmICAxNzQ0LzMzLzEgIDE3NDUvMzQvMSAgMTY0NC8zNS8xICAxNjQzLzM2LzEgDQpmICAxNzQ1LzMzLzEgIDE3NDYvMzQvMSAgMTY0NS8zNS8xICAxNjQ0LzM2LzEgDQpmICAxNzQ2LzMzLzEgIDE3NDcvMzQvMSAgMTY0Ni8zNS8xICAxNjQ1LzM2LzEgDQpmICAxNzQ3LzMzLzEgIDE3NDgvMzQvMSAgMTY0Ny8zNS8xICAxNjQ2LzM2LzEgDQpmICAxNzQ4LzMzLzEgIDE3NDkvMzQvMSAgMTY0OC8zNS8xICAxNjQ3LzM2LzEgDQpmICAxNzQ5LzMzLzEgIDE3NTAvMzQvMSAgMTY0OS8zNS8xICAxNjQ4LzM2LzEgDQpmICAxNzUwLzMzLzEgIDE3NTEvMzQvMSAgMTY1MC8zNS8xICAxNjQ5LzM2LzEgDQpmICAxNzUxLzMzLzEgIDE3NTIvMzQvMSAgMTY1MS8zNS8xICAxNjUwLzM2LzEgDQpmICAxNzUyLzMzLzEgIDE3NTMvMzQvMSAgMTY1Mi8zNS8xICAxNjUxLzM2LzEgDQpmICAxNzUzLzMzLzEgIDE3NTQvMzQvMSAgMTY1My8zNS8xICAxNjUyLzM2LzEgDQpmICAxNzU0LzMzLzEgIDE3NTUvMzQvMSAgMTY1NC8zNS8xICAxNjUzLzM2LzEgDQpmICAxNzU1LzMzLzEgIDE3NTYvMzQvMSAgMTY1NS8zNS8xICAxNjU0LzM2LzEgDQpmICAxNzU2LzMzLzEgIDE3NTcvMzQvMSAgMTY1Ni8zNS8xICAxNjU1LzM2LzEgDQpmICAxNzU3LzMzLzEgIDE3NTgvMzQvMSAgMTY1Ny8zNS8xICAxNjU2LzM2LzEgDQpmICAxNzU4LzMzLzEgIDE3NTkvMzQvMSAgMTY1OC8zNS8xICAxNjU3LzM2LzEgDQpmICAxNzU5LzMzLzEgIDE3NjAvMzQvMSAgMTY1OS8zNS8xICAxNjU4LzM2LzEgDQpmICAxNzYwLzMzLzEgIDE3NjEvMzQvMSAgMTY2MC8zNS8xICAxNjU5LzM2LzEgDQpmICAxNzYxLzMzLzEgIDE3NjIvMzQvMSAgMTY2MS8zNS8xICAxNjYwLzM2LzEgDQpmICAxNzYyLzM3LzEgIDE3NjMvMzgvMSAgMTY2Mi8zOS8xICAxNjYxLzQwLzEgDQpmICAxNzYzLzIxLzEgIDE3NjQvMjIvMSAgMTY2My8yMy8xICAxNjYyLzI0LzEgDQpmICAxNzY0LzIxLzEgIDE3NjUvMjIvMSAgMTY2NC8yMy8xICAxNjYzLzI0LzEgDQpmICAxNzY1LzI1LzEgIDE3NjYvMjYvMSAgMTY2NS8yNy8xICAxNjY0LzI4LzEgDQpmICAxNzY2LzEvMSAgMTc2Ny8yLzEgIDE2NjYvMy8xICAxNjY1LzQvMSANCmYgIDE3NjcvMS8xICAxNzY4LzIvMSAgMTY2Ny8zLzEgIDE2NjYvNC8xIA0KZiAgMTc2OC8xLzEgIDE3NjkvMi8xICAxNjY4LzMvMSAgMTY2Ny80LzEgDQpmICAxNzY5LzEvMSAgMTc3MC8yLzEgIDE2NjkvMy8xICAxNjY4LzQvMSANCmYgIDE3NzAvMS8xICAxNzcxLzIvMSAgMTY3MC8zLzEgIDE2NjkvNC8xIA0KZiAgMTc3MS8xLzEgIDE3NzIvMi8xICAxNjcxLzMvMSAgMTY3MC80LzEgDQpmICAxNzcyLzEvMSAgMTc3My8yLzEgIDE2NzIvMy8xICAxNjcxLzQvMSANCmYgIDE3NzMvMS8xICAxNzc0LzIvMSAgMTY3My8zLzEgIDE2NzIvNC8xIA0KZiAgMTc3NC8xLzEgIDE3NzUvMi8xICAxNjc0LzMvMSAgMTY3My80LzEgDQpmICAxNzc1LzEvMSAgMTc3Ni8yLzEgIDE2NzUvMy8xICAxNjc0LzQvMSANCmYgIDE3NzYvMS8xICAxNzc3LzIvMSAgMTY3Ni8zLzEgIDE2NzUvNC8xIA0KZiAgMTc3Ny8xLzEgIDE3NzgvMi8xICAxNjc3LzMvMSAgMTY3Ni80LzEgDQpmICAxNzc4LzEvMSAgMTc3OS8yLzEgIDE2NzgvMy8xICAxNjc3LzQvMSANCmYgIDE3NzkvMS8xICAxNzgwLzIvMSAgMTY3OS8zLzEgIDE2NzgvNC8xIA0KZiAgMTc4MC8xLzEgIDE3ODEvMi8xICAxNjgwLzMvMSAgMTY3OS80LzEgDQpmICAxNzgxLzEvMSAgMTc4Mi8yLzEgIDE2ODEvMy8xICAxNjgwLzQvMSANCmYgIDE3ODIvMS8xICAxNzgzLzIvMSAgMTY4Mi8zLzEgIDE2ODEvNC8xIA0KZiAgMTc4My8xLzEgIDE3ODQvMi8xICAxNjgzLzMvMSAgMTY4Mi80LzEgDQpmICAxNzg0LzEvMSAgMTc4NS8yLzEgIDE2ODQvMy8xICAxNjgzLzQvMSANCmYgIDE3ODUvMS8xICAxNzg2LzIvMSAgMTY4NS8zLzEgIDE2ODQvNC8xIA0KZiAgMTc4Ni8xLzEgIDE3ODcvMi8xICAxNjg2LzMvMSAgMTY4NS80LzEgDQpmICAxNzg3LzEvMSAgMTc4OC8yLzEgIDE2ODcvMy8xICAxNjg2LzQvMSANCmYgIDE3ODgvMS8xICAxNzg5LzIvMSAgMTY4OC8zLzEgIDE2ODcvNC8xIA0KZiAgMTc4OS8xLzEgIDE3OTAvMi8xICAxNjg5LzMvMSAgMTY4OC80LzEgDQpmICAxNzkwLzEvMSAgMTc5MS8yLzEgIDE2OTAvMy8xICAxNjg5LzQvMSANCmYgIDE3OTEvMS8xICAxNzkyLzIvMSAgMTY5MS8zLzEgIDE2OTAvNC8xIA0KZiAgMTc5Mi8xLzEgIDE3OTMvMi8xICAxNjkyLzMvMSAgMTY5MS80LzEgDQpmICAxNzkzLzEvMSAgMTc5NC8yLzEgIDE2OTMvMy8xICAxNjkyLzQvMSANCmYgIDE3OTQvMS8xICAxNzk1LzIvMSAgMTY5NC8zLzEgIDE2OTMvNC8xIA0KZiAgMTc5NS8xLzEgIDE3OTYvMi8xICAxNjk1LzMvMSAgMTY5NC80LzEgDQpmICAxNzk2LzEvMSAgMTc5Ny8yLzEgIDE2OTYvMy8xICAxNjk1LzQvMSANCmYgIDE3OTcvMS8xICAxNzk4LzIvMSAgMTY5Ny8zLzEgIDE2OTYvNC8xIA0KZiAgMTc5OC8xLzEgIDE3OTkvMi8xICAxNjk4LzMvMSAgMTY5Ny80LzEgDQpmICAxNzk5LzEvMSAgMTgwMC8yLzEgIDE2OTkvMy8xICAxNjk4LzQvMSANCmYgIDE4MDAvMS8xICAxODAxLzIvMSAgMTcwMC8zLzEgIDE2OTkvNC8xIA0KZiAgMTgwMS8xLzEgIDE4MDIvMi8xICAxNzAxLzMvMSAgMTcwMC80LzEgDQpmICAxODAyLzEvMSAgMTgwMy8yLzEgIDE3MDIvMy8xICAxNzAxLzQvMSANCmYgIDE4MDMvMS8xICAxODA0LzIvMSAgMTcwMy8zLzEgIDE3MDIvNC8xIA0KZiAgMTgwNC8xLzEgIDE4MDUvMi8xICAxNzA0LzMvMSAgMTcwMy80LzEgDQpmICAxODA1LzEvMSAgMTgwNi8yLzEgIDE3MDUvMy8xICAxNzA0LzQvMSANCmYgIDE4MDYvMS8xICAxODA3LzIvMSAgMTcwNi8zLzEgIDE3MDUvNC8xIA0KZiAgMTgwNy8xLzEgIDE4MDgvMi8xICAxNzA3LzMvMSAgMTcwNi80LzEgDQpmICAxODA4LzEvMSAgMTgwOS8yLzEgIDE3MDgvMy8xICAxNzA3LzQvMSANCmYgIDE4MDkvMS8xICAxODEwLzIvMSAgMTcwOS8zLzEgIDE3MDgvNC8xIA0KZiAgMTgxMC8xLzEgIDE4MTEvMi8xICAxNzEwLzMvMSAgMTcwOS80LzEgDQpmICAxODExLzEvMSAgMTgxMi8yLzEgIDE3MTEvMy8xICAxNzEwLzQvMSANCmYgIDE4MTIvMS8xICAxODEzLzIvMSAgMTcxMi8zLzEgIDE3MTEvNC8xIA0KZiAgMTgxMy8xLzEgIDE4MTQvMi8xICAxNzEzLzMvMSAgMTcxMi80LzEgDQpmICAxODE0LzEvMSAgMTgxNS8yLzEgIDE3MTQvMy8xICAxNzEzLzQvMSANCmYgIDE4MTUvMS8xICAxODE2LzIvMSAgMTcxNS8zLzEgIDE3MTQvNC8xIA0KZiAgMTgxNi8xLzEgIDE4MTcvMi8xICAxNzE2LzMvMSAgMTcxNS80LzEgDQpmICAxODE3LzEvMSAgMTgxOC8yLzEgIDE3MTcvMy8xICAxNzE2LzQvMSANCmYgIDE4MTkvMS8xICAxODIwLzIvMSAgMTcxOS8zLzEgIDE3MTgvNC8xIA0KZiAgMTgyMC8xLzEgIDE4MjEvMi8xICAxNzIwLzMvMSAgMTcxOS80LzEgDQpmICAxODIxLzEvMSAgMTgyMi8yLzEgIDE3MjEvMy8xICAxNzIwLzQvMSANCmYgIDE4MjIvMS8xICAxODIzLzIvMSAgMTcyMi8zLzEgIDE3MjEvNC8xIA0KZiAgMTgyMy8xLzEgIDE4MjQvMi8xICAxNzIzLzMvMSAgMTcyMi80LzEgDQpmICAxODI0LzEvMSAgMTgyNS8yLzEgIDE3MjQvMy8xICAxNzIzLzQvMSANCmYgIDE4MjUvMS8xICAxODI2LzIvMSAgMTcyNS8zLzEgIDE3MjQvNC8xIA0KZiAgMTgyNi8xLzEgIDE4MjcvMi8xICAxNzI2LzMvMSAgMTcyNS80LzEgDQpmICAxODI3LzEvMSAgMTgyOC8yLzEgIDE3MjcvMy8xICAxNzI2LzQvMSANCmYgIDE4MjgvMS8xICAxODI5LzIvMSAgMTcyOC8zLzEgIDE3MjcvNC8xIA0KZiAgMTgyOS8xLzEgIDE4MzAvMi8xICAxNzI5LzMvMSAgMTcyOC80LzEgDQpmICAxODMwLzEvMSAgMTgzMS8yLzEgIDE3MzAvMy8xICAxNzI5LzQvMSANCmYgIDE4MzEvMS8xICAxODMyLzIvMSAgMTczMS8zLzEgIDE3MzAvNC8xIA0KZiAgMTgzMi8xLzEgIDE4MzMvMi8xICAxNzMyLzMvMSAgMTczMS80LzEgDQpmICAxODMzLzEvMSAgMTgzNC8yLzEgIDE3MzMvMy8xICAxNzMyLzQvMSANCmYgIDE4MzQvMS8xICAxODM1LzIvMSAgMTczNC8zLzEgIDE3MzMvNC8xIA0KZiAgMTgzNS8xLzEgIDE4MzYvMi8xICAxNzM1LzMvMSAgMTczNC80LzEgDQpmICAxODM2LzEvMSAgMTgzNy8yLzEgIDE3MzYvMy8xICAxNzM1LzQvMSANCmYgIDE4MzcvMS8xICAxODM4LzIvMSAgMTczNy8zLzEgIDE3MzYvNC8xIA0KZiAgMTgzOC8xLzEgIDE4MzkvMi8xICAxNzM4LzMvMSAgMTczNy80LzEgDQpmICAxODM5LzEvMSAgMTg0MC8yLzEgIDE3MzkvMy8xICAxNzM4LzQvMSANCmYgIDE4NDAvMTcvMSAgMTg0MS8xOC8xICAxNzQwLzE5LzEgIDE3MzkvMjAvMSANCmYgIDE4NDEvMjEvMSAgMTg0Mi8yMi8xICAxNzQxLzIzLzEgIDE3NDAvMjQvMSANCmYgIDE4NDIvMjEvMSAgMTg0My8yMi8xICAxNzQyLzIzLzEgIDE3NDEvMjQvMSANCmYgIDE4NDMvMjkvMSAgMTg0NC8zMC8xICAxNzQzLzMxLzEgIDE3NDIvMzIvMSANCmYgIDE4NDQvNDEvMSAgMTg0NS80Mi8xICAxNzQ0LzQzLzEgIDE3NDMvNDQvMSANCmYgIDE4NDUvNDUvMSAgMTg0Ni80Ni8xICAxNzQ1LzQ3LzEgIDE3NDQvNDgvMSANCmYgIDE4NDYvNDUvMSAgMTg0Ny80Ni8xICAxNzQ2LzQ3LzEgIDE3NDUvNDgvMSANCmYgIDE4NDcvNDUvMSAgMTg0OC80Ni8xICAxNzQ3LzQ3LzEgIDE3NDYvNDgvMSANCmYgIDE4NDgvNDUvMSAgMTg0OS80Ni8xICAxNzQ4LzQ3LzEgIDE3NDcvNDgvMSANCmYgIDE4NDkvNDUvMSAgMTg1MC80Ni8xICAxNzQ5LzQ3LzEgIDE3NDgvNDgvMSANCmYgIDE4NTAvNDUvMSAgMTg1MS80Ni8xICAxNzUwLzQ3LzEgIDE3NDkvNDgvMSANCmYgIDE4NTEvNDUvMSAgMTg1Mi80Ni8xICAxNzUxLzQ3LzEgIDE3NTAvNDgvMSANCmYgIDE4NTIvNDUvMSAgMTg1My80Ni8xICAxNzUyLzQ3LzEgIDE3NTEvNDgvMSANCmYgIDE4NTMvNDUvMSAgMTg1NC80Ni8xICAxNzUzLzQ3LzEgIDE3NTIvNDgvMSANCmYgIDE4NTQvNDUvMSAgMTg1NS80Ni8xICAxNzU0LzQ3LzEgIDE3NTMvNDgvMSANCmYgIDE4NTUvNDUvMSAgMTg1Ni80Ni8xICAxNzU1LzQ3LzEgIDE3NTQvNDgvMSANCmYgIDE4NTYvNDUvMSAgMTg1Ny80Ni8xICAxNzU2LzQ3LzEgIDE3NTUvNDgvMSANCmYgIDE4NTcvNDUvMSAgMTg1OC80Ni8xICAxNzU3LzQ3LzEgIDE3NTYvNDgvMSANCmYgIDE4NTgvNDUvMSAgMTg1OS80Ni8xICAxNzU4LzQ3LzEgIDE3NTcvNDgvMSANCmYgIDE4NTkvNDUvMSAgMTg2MC80Ni8xICAxNzU5LzQ3LzEgIDE3NTgvNDgvMSANCmYgIDE4NjAvNDUvMSAgMTg2MS80Ni8xICAxNzYwLzQ3LzEgIDE3NTkvNDgvMSANCmYgIDE4NjEvNDUvMSAgMTg2Mi80Ni8xICAxNzYxLzQ3LzEgIDE3NjAvNDgvMSANCmYgIDE4NjIvNDUvMSAgMTg2My80Ni8xICAxNzYyLzQ3LzEgIDE3NjEvNDgvMSANCmYgIDE4NjMvNDkvMSAgMTg2NC81MC8xICAxNzYzLzUxLzEgIDE3NjIvNTIvMSANCmYgIDE4NjQvMzcvMSAgMTg2NS8zOC8xICAxNzY0LzM5LzEgIDE3NjMvNDAvMSANCmYgIDE4NjUvMjEvMSAgMTg2Ni8yMi8xICAxNzY1LzIzLzEgIDE3NjQvMjQvMSANCmYgIDE4NjYvMjUvMSAgMTg2Ny8yNi8xICAxNzY2LzI3LzEgIDE3NjUvMjgvMSANCmYgIDE4NjcvMS8xICAxODY4LzIvMSAgMTc2Ny8zLzEgIDE3NjYvNC8xIA0KZiAgMTg2OC8xLzEgIDE4NjkvMi8xICAxNzY4LzMvMSAgMTc2Ny80LzEgDQpmICAxODY5LzEvMSAgMTg3MC8yLzEgIDE3NjkvMy8xICAxNzY4LzQvMSANCmYgIDE4NzAvMS8xICAxODcxLzIvMSAgMTc3MC8zLzEgIDE3NjkvNC8xIA0KZiAgMTg3MS8xLzEgIDE4NzIvMi8xICAxNzcxLzMvMSAgMTc3MC80LzEgDQpmICAxODcyLzEvMSAgMTg3My8yLzEgIDE3NzIvMy8xICAxNzcxLzQvMSANCmYgIDE4NzMvMS8xICAxODc0LzIvMSAgMTc3My8zLzEgIDE3NzIvNC8xIA0KZiAgMTg3NC8xLzEgIDE4NzUvMi8xICAxNzc0LzMvMSAgMTc3My80LzEgDQpmICAxODc1LzEvMSAgMTg3Ni8yLzEgIDE3NzUvMy8xICAxNzc0LzQvMSANCmYgIDE4NzYvMS8xICAxODc3LzIvMSAgMTc3Ni8zLzEgIDE3NzUvNC8xIA0KZiAgMTg3Ny8xLzEgIDE4NzgvMi8xICAxNzc3LzMvMSAgMTc3Ni80LzEgDQpmICAxODc4LzEvMSAgMTg3OS8yLzEgIDE3NzgvMy8xICAxNzc3LzQvMSANCmYgIDE4NzkvMS8xICAxODgwLzIvMSAgMTc3OS8zLzEgIDE3NzgvNC8xIA0KZiAgMTg4MC8xLzEgIDE4ODEvMi8xICAxNzgwLzMvMSAgMTc3OS80LzEgDQpmICAxODgxLzEvMSAgMTg4Mi8yLzEgIDE3ODEvMy8xICAxNzgwLzQvMSANCmYgIDE4ODIvMS8xICAxODgzLzIvMSAgMTc4Mi8zLzEgIDE3ODEvNC8xIA0KZiAgMTg4My8xLzEgIDE4ODQvMi8xICAxNzgzLzMvMSAgMTc4Mi80LzEgDQpmICAxODg0LzEvMSAgMTg4NS8yLzEgIDE3ODQvMy8xICAxNzgzLzQvMSANCmYgIDE4ODUvMS8xICAxODg2LzIvMSAgMTc4NS8zLzEgIDE3ODQvNC8xIA0KZiAgMTg4Ni8xLzEgIDE4ODcvMi8xICAxNzg2LzMvMSAgMTc4NS80LzEgDQpmICAxODg3LzEvMSAgMTg4OC8yLzEgIDE3ODcvMy8xICAxNzg2LzQvMSANCmYgIDE4ODgvMS8xICAxODg5LzIvMSAgMTc4OC8zLzEgIDE3ODcvNC8xIA0KZiAgMTg4OS8xLzEgIDE4OTAvMi8xICAxNzg5LzMvMSAgMTc4OC80LzEgDQpmICAxODkwLzEvMSAgMTg5MS8yLzEgIDE3OTAvMy8xICAxNzg5LzQvMSANCmYgIDE4OTEvMS8xICAxODkyLzIvMSAgMTc5MS8zLzEgIDE3OTAvNC8xIA0KZiAgMTg5Mi8xLzEgIDE4OTMvMi8xICAxNzkyLzMvMSAgMTc5MS80LzEgDQpmICAxODkzLzEvMSAgMTg5NC8yLzEgIDE3OTMvMy8xICAxNzkyLzQvMSANCmYgIDE4OTQvMS8xICAxODk1LzIvMSAgMTc5NC8zLzEgIDE3OTMvNC8xIA0KZiAgMTg5NS8xLzEgIDE4OTYvMi8xICAxNzk1LzMvMSAgMTc5NC80LzEgDQpmICAxODk2LzEvMSAgMTg5Ny8yLzEgIDE3OTYvMy8xICAxNzk1LzQvMSANCmYgIDE4OTcvMS8xICAxODk4LzIvMSAgMTc5Ny8zLzEgIDE3OTYvNC8xIA0KZiAgMTg5OC8xLzEgIDE4OTkvMi8xICAxNzk4LzMvMSAgMTc5Ny80LzEgDQpmICAxODk5LzEvMSAgMTkwMC8yLzEgIDE3OTkvMy8xICAxNzk4LzQvMSANCmYgIDE5MDAvMS8xICAxOTAxLzIvMSAgMTgwMC8zLzEgIDE3OTkvNC8xIA0KZiAgMTkwMS8xLzEgIDE5MDIvMi8xICAxODAxLzMvMSAgMTgwMC80LzEgDQpmICAxOTAyLzEvMSAgMTkwMy8yLzEgIDE4MDIvMy8xICAxODAxLzQvMSANCmYgIDE5MDMvMS8xICAxOTA0LzIvMSAgMTgwMy8zLzEgIDE4MDIvNC8xIA0KZiAgMTkwNC8xLzEgIDE5MDUvMi8xICAxODA0LzMvMSAgMTgwMy80LzEgDQpmICAxOTA1LzEvMSAgMTkwNi8yLzEgIDE4MDUvMy8xICAxODA0LzQvMSANCmYgIDE5MDYvMS8xICAxOTA3LzIvMSAgMTgwNi8zLzEgIDE4MDUvNC8xIA0KZiAgMTkwNy8xLzEgIDE5MDgvMi8xICAxODA3LzMvMSAgMTgwNi80LzEgDQpmICAxOTA4LzEvMSAgMTkwOS8yLzEgIDE4MDgvMy8xICAxODA3LzQvMSANCmYgIDE5MDkvMS8xICAxOTEwLzIvMSAgMTgwOS8zLzEgIDE4MDgvNC8xIA0KZiAgMTkxMC8xLzEgIDE5MTEvMi8xICAxODEwLzMvMSAgMTgwOS80LzEgDQpmICAxOTExLzEvMSAgMTkxMi8yLzEgIDE4MTEvMy8xICAxODEwLzQvMSANCmYgIDE5MTIvMS8xICAxOTEzLzIvMSAgMTgxMi8zLzEgIDE4MTEvNC8xIA0KZiAgMTkxMy8xLzEgIDE5MTQvMi8xICAxODEzLzMvMSAgMTgxMi80LzEgDQpmICAxOTE0LzEvMSAgMTkxNS8yLzEgIDE4MTQvMy8xICAxODEzLzQvMSANCmYgIDE5MTUvMS8xICAxOTE2LzIvMSAgMTgxNS8zLzEgIDE4MTQvNC8xIA0KZiAgMTkxNi8xLzEgIDE5MTcvMi8xICAxODE2LzMvMSAgMTgxNS80LzEgDQpmICAxOTE3LzEvMSAgMTkxOC8yLzEgIDE4MTcvMy8xICAxODE2LzQvMSANCmYgIDE5MTgvMS8xICAxOTE5LzIvMSAgMTgxOC8zLzEgIDE4MTcvNC8xIA0KZiAgMTkyMC8xLzEgIDE5MjEvMi8xICAxODIwLzMvMSAgMTgxOS80LzEgDQpmICAxOTIxLzEvMSAgMTkyMi8yLzEgIDE4MjEvMy8xICAxODIwLzQvMSANCmYgIDE5MjIvMS8xICAxOTIzLzIvMSAgMTgyMi8zLzEgIDE4MjEvNC8xIA0KZiAgMTkyMy8xLzEgIDE5MjQvMi8xICAxODIzLzMvMSAgMTgyMi80LzEgDQpmICAxOTI0LzEvMSAgMTkyNS8yLzEgIDE4MjQvMy8xICAxODIzLzQvMSANCmYgIDE5MjUvMS8xICAxOTI2LzIvMSAgMTgyNS8zLzEgIDE4MjQvNC8xIA0KZiAgMTkyNi8xLzEgIDE5MjcvMi8xICAxODI2LzMvMSAgMTgyNS80LzEgDQpmICAxOTI3LzEvMSAgMTkyOC8yLzEgIDE4MjcvMy8xICAxODI2LzQvMSANCmYgIDE5MjgvMS8xICAxOTI5LzIvMSAgMTgyOC8zLzEgIDE4MjcvNC8xIA0KZiAgMTkyOS8xLzEgIDE5MzAvMi8xICAxODI5LzMvMSAgMTgyOC80LzEgDQpmICAxOTMwLzEvMSAgMTkzMS8yLzEgIDE4MzAvMy8xICAxODI5LzQvMSANCmYgIDE5MzEvMS8xICAxOTMyLzIvMSAgMTgzMS8zLzEgIDE4MzAvNC8xIA0KZiAgMTkzMi8xLzEgIDE5MzMvMi8xICAxODMyLzMvMSAgMTgzMS80LzEgDQpmICAxOTMzLzEvMSAgMTkzNC8yLzEgIDE4MzMvMy8xICAxODMyLzQvMSANCmYgIDE5MzQvMS8xICAxOTM1LzIvMSAgMTgzNC8zLzEgIDE4MzMvNC8xIA0KZiAgMTkzNS8xLzEgIDE5MzYvMi8xICAxODM1LzMvMSAgMTgzNC80LzEgDQpmICAxOTM2LzEvMSAgMTkzNy8yLzEgIDE4MzYvMy8xICAxODM1LzQvMSANCmYgIDE5MzcvMS8xICAxOTM4LzIvMSAgMTgzNy8zLzEgIDE4MzYvNC8xIA0KZiAgMTkzOC8xLzEgIDE5MzkvMi8xICAxODM4LzMvMSAgMTgzNy80LzEgDQpmICAxOTM5LzEvMSAgMTk0MC8yLzEgIDE4MzkvMy8xICAxODM4LzQvMSANCmYgIDE5NDAvMS8xICAxOTQxLzIvMSAgMTg0MC8zLzEgIDE4MzkvNC8xIA0KZiAgMTk0MS8xNy8xICAxOTQyLzE4LzEgIDE4NDEvMTkvMSAgMTg0MC8yMC8xIA0KZiAgMTk0Mi8yMS8xICAxOTQzLzIyLzEgIDE4NDIvMjMvMSAgMTg0MS8yNC8xIA0KZiAgMTk0My8yMS8xICAxOTQ0LzIyLzEgIDE4NDMvMjMvMSAgMTg0Mi8yNC8xIA0KZiAgMTk0NC81My8xICAxOTQ1LzU0LzEgIDE4NDQvNTUvMSAgMTg0My81Ni8xIA0KZiAgMTk0NS80NS8xICAxOTQ2LzQ2LzEgIDE4NDUvNDcvMSAgMTg0NC80OC8xIA0KZiAgMTk0Ni80NS8xICAxOTQ3LzQ2LzEgIDE4NDYvNDcvMSAgMTg0NS80OC8xIA0KZiAgMTk0Ny81Ny8xICAxOTQ4LzU4LzEgIDE4NDcvNTkvMSAgMTg0Ni82MC8xIA0KZiAgMTk0OC82MS8xICAxOTQ5LzYyLzEgIDE4NDgvNjMvMSAgMTg0Ny82NC8xIA0KZiAgMTk0OS82MS8xICAxOTUwLzYyLzEgIDE4NDkvNjMvMSAgMTg0OC82NC8xIA0KZiAgMTk1MC82MS8xICAxOTUxLzYyLzEgIDE4NTAvNjMvMSAgMTg0OS82NC8xIA0KZiAgMTk1MS82MS8xICAxOTUyLzYyLzEgIDE4NTEvNjMvMSAgMTg1MC82NC8xIA0KZiAgMTk1Mi82MS8xICAxOTUzLzYyLzEgIDE4NTIvNjMvMSAgMTg1MS82NC8xIA0KZiAgMTk1My82MS8xICAxOTU0LzYyLzEgIDE4NTMvNjMvMSAgMTg1Mi82NC8xIA0KZiAgMTk1NC82MS8xICAxOTU1LzYyLzEgIDE4NTQvNjMvMSAgMTg1My82NC8xIA0KZiAgMTk1NS82MS8xICAxOTU2LzYyLzEgIDE4NTUvNjMvMSAgMTg1NC82NC8xIA0KZiAgMTk1Ni82MS8xICAxOTU3LzYyLzEgIDE4NTYvNjMvMSAgMTg1NS82NC8xIA0KZiAgMTk1Ny82MS8xICAxOTU4LzYyLzEgIDE4NTcvNjMvMSAgMTg1Ni82NC8xIA0KZiAgMTk1OC82MS8xICAxOTU5LzYyLzEgIDE4NTgvNjMvMSAgMTg1Ny82NC8xIA0KZiAgMTk1OS82MS8xICAxOTYwLzYyLzEgIDE4NTkvNjMvMSAgMTg1OC82NC8xIA0KZiAgMTk2MC82MS8xICAxOTYxLzYyLzEgIDE4NjAvNjMvMSAgMTg1OS82NC8xIA0KZiAgMTk2MS82MS8xICAxOTYyLzYyLzEgIDE4NjEvNjMvMSAgMTg2MC82NC8xIA0KZiAgMTk2Mi82NS8xICAxOTYzLzY2LzEgIDE4NjIvNjcvMSAgMTg2MS82OC8xIA0KZiAgMTk2My80NS8xICAxOTY0LzQ2LzEgIDE4NjMvNDcvMSAgMTg2Mi80OC8xIA0KZiAgMTk2NC80NS8xICAxOTY1LzQ2LzEgIDE4NjQvNDcvMSAgMTg2My80OC8xIA0KZiAgMTk2NS82OS8xICAxOTY2LzcwLzEgIDE4NjUvNzEvMSAgMTg2NC83Mi8xIA0KZiAgMTk2Ni8yMS8xICAxOTY3LzIyLzEgIDE4NjYvMjMvMSAgMTg2NS8yNC8xIA0KZiAgMTk2Ny8yNS8xICAxOTY4LzI2LzEgIDE4NjcvMjcvMSAgMTg2Ni8yOC8xIA0KZiAgMTk2OC8xLzEgIDE5NjkvMi8xICAxODY4LzMvMSAgMTg2Ny80LzEgDQpmICAxOTY5LzEvMSAgMTk3MC8yLzEgIDE4NjkvMy8xICAxODY4LzQvMSANCmYgIDE5NzAvMS8xICAxOTcxLzIvMSAgMTg3MC8zLzEgIDE4NjkvNC8xIA0KZiAgMTk3MS8xLzEgIDE5NzIvMi8xICAxODcxLzMvMSAgMTg3MC80LzEgDQpmICAxOTcyLzEvMSAgMTk3My8yLzEgIDE4NzIvMy8xICAxODcxLzQvMSANCmYgIDE5NzMvMS8xICAxOTc0LzIvMSAgMTg3My8zLzEgIDE4NzIvNC8xIA0KZiAgMTk3NC8xLzEgIDE5NzUvMi8xICAxODc0LzMvMSAgMTg3My80LzEgDQpmICAxOTc1LzEvMSAgMTk3Ni8yLzEgIDE4NzUvMy8xICAxODc0LzQvMSANCmYgIDE5NzYvMS8xICAxOTc3LzIvMSAgMTg3Ni8zLzEgIDE4NzUvNC8xIA0KZiAgMTk3Ny8xLzEgIDE5NzgvMi8xICAxODc3LzMvMSAgMTg3Ni80LzEgDQpmICAxOTc4LzEvMSAgMTk3OS8yLzEgIDE4NzgvMy8xICAxODc3LzQvMSANCmYgIDE5NzkvMS8xICAxOTgwLzIvMSAgMTg3OS8zLzEgIDE4NzgvNC8xIA0KZiAgMTk4MC8xLzEgIDE5ODEvMi8xICAxODgwLzMvMSAgMTg3OS80LzEgDQpmICAxOTgxLzEvMSAgMTk4Mi8yLzEgIDE4ODEvMy8xICAxODgwLzQvMSANCmYgIDE5ODIvMS8xICAxOTgzLzIvMSAgMTg4Mi8zLzEgIDE4ODEvNC8xIA0KZiAgMTk4My8xLzEgIDE5ODQvMi8xICAxODgzLzMvMSAgMTg4Mi80LzEgDQpmICAxOTg0LzEvMSAgMTk4NS8yLzEgIDE4ODQvMy8xICAxODgzLzQvMSANCmYgIDE5ODUvMS8xICAxOTg2LzIvMSAgMTg4NS8zLzEgIDE4ODQvNC8xIA0KZiAgMTk4Ni8xLzEgIDE5ODcvMi8xICAxODg2LzMvMSAgMTg4NS80LzEgDQpmICAxOTg3LzEvMSAgMTk4OC8yLzEgIDE4ODcvMy8xICAxODg2LzQvMSANCmYgIDE5ODgvMS8xICAxOTg5LzIvMSAgMTg4OC8zLzEgIDE4ODcvNC8xIA0KZiAgMTk4OS8xLzEgIDE5OTAvMi8xICAxODg5LzMvMSAgMTg4OC80LzEgDQpmICAxOTkwLzEvMSAgMTk5MS8yLzEgIDE4OTAvMy8xICAxODg5LzQvMSANCmYgIDE5OTEvMS8xICAxOTkyLzIvMSAgMTg5MS8zLzEgIDE4OTAvNC8xIA0KZiAgMTk5Mi8xLzEgIDE5OTMvMi8xICAxODkyLzMvMSAgMTg5MS80LzEgDQpmICAxOTkzLzEvMSAgMTk5NC8yLzEgIDE4OTMvMy8xICAxODkyLzQvMSANCmYgIDE5OTQvMS8xICAxOTk1LzIvMSAgMTg5NC8zLzEgIDE4OTMvNC8xIA0KZiAgMTk5NS8xLzEgIDE5OTYvMi8xICAxODk1LzMvMSAgMTg5NC80LzEgDQpmICAxOTk2LzEvMSAgMTk5Ny8yLzEgIDE4OTYvMy8xICAxODk1LzQvMSANCmYgIDE5OTcvMS8xICAxOTk4LzIvMSAgMTg5Ny8zLzEgIDE4OTYvNC8xIA0KZiAgMTk5OC8xLzEgIDE5OTkvMi8xICAxODk4LzMvMSAgMTg5Ny80LzEgDQpmICAxOTk5LzEvMSAgMjAwMC8yLzEgIDE4OTkvMy8xICAxODk4LzQvMSANCmYgIDIwMDAvMS8xICAyMDAxLzIvMSAgMTkwMC8zLzEgIDE4OTkvNC8xIA0KZiAgMjAwMS8xLzEgIDIwMDIvMi8xICAxOTAxLzMvMSAgMTkwMC80LzEgDQpmICAyMDAyLzEvMSAgMjAwMy8yLzEgIDE5MDIvMy8xICAxOTAxLzQvMSANCmYgIDIwMDMvMS8xICAyMDA0LzIvMSAgMTkwMy8zLzEgIDE5MDIvNC8xIA0KZiAgMjAwNC8xLzEgIDIwMDUvMi8xICAxOTA0LzMvMSAgMTkwMy80LzEgDQpmICAyMDA1LzEvMSAgMjAwNi8yLzEgIDE5MDUvMy8xICAxOTA0LzQvMSANCmYgIDIwMDYvMS8xICAyMDA3LzIvMSAgMTkwNi8zLzEgIDE5MDUvNC8xIA0KZiAgMjAwNy8xLzEgIDIwMDgvMi8xICAxOTA3LzMvMSAgMTkwNi80LzEgDQpmICAyMDA4LzEvMSAgMjAwOS8yLzEgIDE5MDgvMy8xICAxOTA3LzQvMSANCmYgIDIwMDkvMS8xICAyMDEwLzIvMSAgMTkwOS8zLzEgIDE5MDgvNC8xIA0KZiAgMjAxMC8xLzEgIDIwMTEvMi8xICAxOTEwLzMvMSAgMTkwOS80LzEgDQpmICAyMDExLzEvMSAgMjAxMi8yLzEgIDE5MTEvMy8xICAxOTEwLzQvMSANCmYgIDIwMTIvMS8xICAyMDEzLzIvMSAgMTkxMi8zLzEgIDE5MTEvNC8xIA0KZiAgMjAxMy8xLzEgIDIwMTQvMi8xICAxOTEzLzMvMSAgMTkxMi80LzEgDQpmICAyMDE0LzEvMSAgMjAxNS8yLzEgIDE5MTQvMy8xICAxOTEzLzQvMSANCmYgIDIwMTUvMS8xICAyMDE2LzIvMSAgMTkxNS8zLzEgIDE5MTQvNC8xIA0KZiAgMjAxNi8xLzEgIDIwMTcvMi8xICAxOTE2LzMvMSAgMTkxNS80LzEgDQpmICAyMDE3LzEvMSAgMjAxOC8yLzEgIDE5MTcvMy8xICAxOTE2LzQvMSANCmYgIDIwMTgvMS8xICAyMDE5LzIvMSAgMTkxOC8zLzEgIDE5MTcvNC8xIA0KZiAgMjAxOS8xLzEgIDIwMjAvMi8xICAxOTE5LzMvMSAgMTkxOC80LzEgDQpmICAyMDIxLzEvMSAgMjAyMi8yLzEgIDE5MjEvMy8xICAxOTIwLzQvMSANCmYgIDIwMjIvMS8xICAyMDIzLzIvMSAgMTkyMi8zLzEgIDE5MjEvNC8xIA0KZiAgMjAyMy8xLzEgIDIwMjQvMi8xICAxOTIzLzMvMSAgMTkyMi80LzEgDQpmICAyMDI0LzEvMSAgMjAyNS8yLzEgIDE5MjQvMy8xICAxOTIzLzQvMSANCmYgIDIwMjUvMS8xICAyMDI2LzIvMSAgMTkyNS8zLzEgIDE5MjQvNC8xIA0KZiAgMjAyNi8xLzEgIDIwMjcvMi8xICAxOTI2LzMvMSAgMTkyNS80LzEgDQpmICAyMDI3LzEvMSAgMjAyOC8yLzEgIDE5MjcvMy8xICAxOTI2LzQvMSANCmYgIDIwMjgvMS8xICAyMDI5LzIvMSAgMTkyOC8zLzEgIDE5MjcvNC8xIA0KZiAgMjAyOS8xLzEgIDIwMzAvMi8xICAxOTI5LzMvMSAgMTkyOC80LzEgDQpmICAyMDMwLzEvMSAgMjAzMS8yLzEgIDE5MzAvMy8xICAxOTI5LzQvMSANCmYgIDIwMzEvMS8xICAyMDMyLzIvMSAgMTkzMS8zLzEgIDE5MzAvNC8xIA0KZiAgMjAzMi8xLzEgIDIwMzMvMi8xICAxOTMyLzMvMSAgMTkzMS80LzEgDQpmICAyMDMzLzEvMSAgMjAzNC8yLzEgIDE5MzMvMy8xICAxOTMyLzQvMSANCmYgIDIwMzQvMS8xICAyMDM1LzIvMSAgMTkzNC8zLzEgIDE5MzMvNC8xIA0KZiAgMjAzNS8xLzEgIDIwMzYvMi8xICAxOTM1LzMvMSAgMTkzNC80LzEgDQpmICAyMDM2LzEvMSAgMjAzNy8yLzEgIDE5MzYvMy8xICAxOTM1LzQvMSANCmYgIDIwMzcvMS8xICAyMDM4LzIvMSAgMTkzNy8zLzEgIDE5MzYvNC8xIA0KZiAgMjAzOC8xLzEgIDIwMzkvMi8xICAxOTM4LzMvMSAgMTkzNy80LzEgDQpmICAyMDM5LzEvMSAgMjA0MC8yLzEgIDE5MzkvMy8xICAxOTM4LzQvMSANCmYgIDIwNDAvMS8xICAyMDQxLzIvMSAgMTk0MC8zLzEgIDE5MzkvNC8xIA0KZiAgMjA0MS8xLzEgIDIwNDIvMi8xICAxOTQxLzMvMSAgMTk0MC80LzEgDQpmICAyMDQyLzE3LzEgIDIwNDMvMTgvMSAgMTk0Mi8xOS8xICAxOTQxLzIwLzEgDQpmICAyMDQzLzIxLzEgIDIwNDQvMjIvMSAgMTk0My8yMy8xICAxOTQyLzI0LzEgDQpmICAyMDQ0LzIxLzEgIDIwNDUvMjIvMSAgMTk0NC8yMy8xICAxOTQzLzI0LzEgDQpmICAyMDQ1LzUzLzEgIDIwNDYvNTQvMSAgMTk0NS81NS8xICAxOTQ0LzU2LzEgDQpmICAyMDQ2LzQ1LzEgIDIwNDcvNDYvMSAgMTk0Ni80Ny8xICAxOTQ1LzQ4LzEgDQpmICAyMDQ3LzU3LzEgIDIwNDgvNTgvMSAgMTk0Ny81OS8xICAxOTQ2LzYwLzEgDQpmICAyMDQ4LzczLzEgIDIwNDkvNzQvMSAgMTk0OC83NS8xICAxOTQ3Lzc2LzEgDQpmICAyMDQ5LzIxLzEgIDIwNTAvMjIvMSAgMTk0OS8yMy8xICAxOTQ4LzI0LzEgDQpmICAyMDUwLzIxLzEgIDIwNTEvMjIvMSAgMTk1MC8yMy8xICAxOTQ5LzI0LzEgDQpmICAyMDUxLzIxLzEgIDIwNTIvMjIvMSAgMTk1MS8yMy8xICAxOTUwLzI0LzEgDQpmICAyMDUyLzIxLzEgIDIwNTMvMjIvMSAgMTk1Mi8yMy8xICAxOTUxLzI0LzEgDQpmICAyMDUzLzIxLzEgIDIwNTQvMjIvMSAgMTk1My8yMy8xICAxOTUyLzI0LzEgDQpmICAyMDU0LzIxLzEgIDIwNTUvMjIvMSAgMTk1NC8yMy8xICAxOTUzLzI0LzEgDQpmICAyMDU1LzIxLzEgIDIwNTYvMjIvMSAgMTk1NS8yMy8xICAxOTU0LzI0LzEgDQpmICAyMDU2LzIxLzEgIDIwNTcvMjIvMSAgMTk1Ni8yMy8xICAxOTU1LzI0LzEgDQpmICAyMDU3LzIxLzEgIDIwNTgvMjIvMSAgMTk1Ny8yMy8xICAxOTU2LzI0LzEgDQpmICAyMDU4LzIxLzEgIDIwNTkvMjIvMSAgMTk1OC8yMy8xICAxOTU3LzI0LzEgDQpmICAyMDU5LzIxLzEgIDIwNjAvMjIvMSAgMTk1OS8yMy8xICAxOTU4LzI0LzEgDQpmICAyMDYwLzIxLzEgIDIwNjEvMjIvMSAgMTk2MC8yMy8xICAxOTU5LzI0LzEgDQpmICAyMDYxLzIxLzEgIDIwNjIvMjIvMSAgMTk2MS8yMy8xICAxOTYwLzI0LzEgDQpmICAyMDYyLzIxLzEgIDIwNjMvMjIvMSAgMTk2Mi8yMy8xICAxOTYxLzI0LzEgDQpmICAyMDYzLzc3LzEgIDIwNjQvNzgvMSAgMTk2My83OS8xICAxOTYyLzgwLzEgDQpmICAyMDY0LzY1LzEgIDIwNjUvNjYvMSAgMTk2NC82Ny8xICAxOTYzLzY4LzEgDQpmICAyMDY1LzQ1LzEgIDIwNjYvNDYvMSAgMTk2NS80Ny8xICAxOTY0LzQ4LzEgDQpmICAyMDY2LzY5LzEgIDIwNjcvNzAvMSAgMTk2Ni83MS8xICAxOTY1LzcyLzEgDQpmICAyMDY3LzIxLzEgIDIwNjgvMjIvMSAgMTk2Ny8yMy8xICAxOTY2LzI0LzEgDQpmICAyMDY4LzI1LzEgIDIwNjkvMjYvMSAgMTk2OC8yNy8xICAxOTY3LzI4LzEgDQpmICAyMDY5LzEvMSAgMjA3MC8yLzEgIDE5NjkvMy8xICAxOTY4LzQvMSANCmYgIDIwNzAvMS8xICAyMDcxLzIvMSAgMTk3MC8zLzEgIDE5NjkvNC8xIA0KZiAgMjA3MS8xLzEgIDIwNzIvMi8xICAxOTcxLzMvMSAgMTk3MC80LzEgDQpmICAyMDcyLzEvMSAgMjA3My8yLzEgIDE5NzIvMy8xICAxOTcxLzQvMSANCmYgIDIwNzMvMS8xICAyMDc0LzIvMSAgMTk3My8zLzEgIDE5NzIvNC8xIA0KZiAgMjA3NC8xLzEgIDIwNzUvMi8xICAxOTc0LzMvMSAgMTk3My80LzEgDQpmICAyMDc1LzEvMSAgMjA3Ni8yLzEgIDE5NzUvMy8xICAxOTc0LzQvMSANCmYgIDIwNzYvMS8xICAyMDc3LzIvMSAgMTk3Ni8zLzEgIDE5NzUvNC8xIA0KZiAgMjA3Ny8xLzEgIDIwNzgvMi8xICAxOTc3LzMvMSAgMTk3Ni80LzEgDQpmICAyMDc4LzEvMSAgMjA3OS8yLzEgIDE5NzgvMy8xICAxOTc3LzQvMSANCmYgIDIwNzkvMS8xICAyMDgwLzIvMSAgMTk3OS8zLzEgIDE5NzgvNC8xIA0KZiAgMjA4MC8xLzEgIDIwODEvMi8xICAxOTgwLzMvMSAgMTk3OS80LzEgDQpmICAyMDgxLzEvMSAgMjA4Mi8yLzEgIDE5ODEvMy8xICAxOTgwLzQvMSANCmYgIDIwODIvMS8xICAyMDgzLzIvMSAgMTk4Mi8zLzEgIDE5ODEvNC8xIA0KZiAgMjA4My8xLzEgIDIwODQvMi8xICAxOTgzLzMvMSAgMTk4Mi80LzEgDQpmICAyMDg0LzEvMSAgMjA4NS8yLzEgIDE5ODQvMy8xICAxOTgzLzQvMSANCmYgIDIwODUvMS8xICAyMDg2LzIvMSAgMTk4NS8zLzEgIDE5ODQvNC8xIA0KZiAgMjA4Ni8xLzEgIDIwODcvMi8xICAxOTg2LzMvMSAgMTk4NS80LzEgDQpmICAyMDg3LzEvMSAgMjA4OC8yLzEgIDE5ODcvMy8xICAxOTg2LzQvMSANCmYgIDIwODgvMS8xICAyMDg5LzIvMSAgMTk4OC8zLzEgIDE5ODcvNC8xIA0KZiAgMjA4OS8xLzEgIDIwOTAvMi8xICAxOTg5LzMvMSAgMTk4OC80LzEgDQpmICAyMDkwLzEvMSAgMjA5MS8yLzEgIDE5OTAvMy8xICAxOTg5LzQvMSANCmYgIDIwOTEvMS8xICAyMDkyLzIvMSAgMTk5MS8zLzEgIDE5OTAvNC8xIA0KZiAgMjA5Mi8xLzEgIDIwOTMvMi8xICAxOTkyLzMvMSAgMTk5MS80LzEgDQpmICAyMDkzLzEvMSAgMjA5NC8yLzEgIDE5OTMvMy8xICAxOTkyLzQvMSANCmYgIDIwOTQvMS8xICAyMDk1LzIvMSAgMTk5NC8zLzEgIDE5OTMvNC8xIA0KZiAgMjA5NS8xLzEgIDIwOTYvMi8xICAxOTk1LzMvMSAgMTk5NC80LzEgDQpmICAyMDk2LzEvMSAgMjA5Ny8yLzEgIDE5OTYvMy8xICAxOTk1LzQvMSANCmYgIDIwOTcvMS8xICAyMDk4LzIvMSAgMTk5Ny8zLzEgIDE5OTYvNC8xIA0KZiAgMjA5OC8xLzEgIDIwOTkvMi8xICAxOTk4LzMvMSAgMTk5Ny80LzEgDQpmICAyMDk5LzEvMSAgMjEwMC8yLzEgIDE5OTkvMy8xICAxOTk4LzQvMSANCmYgIDIxMDAvMS8xICAyMTAxLzIvMSAgMjAwMC8zLzEgIDE5OTkvNC8xIA0KZiAgMjEwMS8xLzEgIDIxMDIvMi8xICAyMDAxLzMvMSAgMjAwMC80LzEgDQpmICAyMTAyLzEvMSAgMjEwMy8yLzEgIDIwMDIvMy8xICAyMDAxLzQvMSANCmYgIDIxMDMvMS8xICAyMTA0LzIvMSAgMjAwMy8zLzEgIDIwMDIvNC8xIA0KZiAgMjEwNC8xLzEgIDIxMDUvMi8xICAyMDA0LzMvMSAgMjAwMy80LzEgDQpmICAyMTA1LzEvMSAgMjEwNi8yLzEgIDIwMDUvMy8xICAyMDA0LzQvMSANCmYgIDIxMDYvMS8xICAyMTA3LzIvMSAgMjAwNi8zLzEgIDIwMDUvNC8xIA0KZiAgMjEwNy8xLzEgIDIxMDgvMi8xICAyMDA3LzMvMSAgMjAwNi80LzEgDQpmICAyMTA4LzEvMSAgMjEwOS8yLzEgIDIwMDgvMy8xICAyMDA3LzQvMSANCmYgIDIxMDkvMS8xICAyMTEwLzIvMSAgMjAwOS8zLzEgIDIwMDgvNC8xIA0KZiAgMjExMC8xLzEgIDIxMTEvMi8xICAyMDEwLzMvMSAgMjAwOS80LzEgDQpmICAyMTExLzEvMSAgMjExMi8yLzEgIDIwMTEvMy8xICAyMDEwLzQvMSANCmYgIDIxMTIvMS8xICAyMTEzLzIvMSAgMjAxMi8zLzEgIDIwMTEvNC8xIA0KZiAgMjExMy8xLzEgIDIxMTQvMi8xICAyMDEzLzMvMSAgMjAxMi80LzEgDQpmICAyMTE0LzEvMSAgMjExNS8yLzEgIDIwMTQvMy8xICAyMDEzLzQvMSANCmYgIDIxMTUvMS8xICAyMTE2LzIvMSAgMjAxNS8zLzEgIDIwMTQvNC8xIA0KZiAgMjExNi8xLzEgIDIxMTcvMi8xICAyMDE2LzMvMSAgMjAxNS80LzEgDQpmICAyMTE3LzEvMSAgMjExOC8yLzEgIDIwMTcvMy8xICAyMDE2LzQvMSANCmYgIDIxMTgvMS8xICAyMTE5LzIvMSAgMjAxOC8zLzEgIDIwMTcvNC8xIA0KZiAgMjExOS8xLzEgIDIxMjAvMi8xICAyMDE5LzMvMSAgMjAxOC80LzEgDQpmICAyMTIwLzEvMSAgMjEyMS8yLzEgIDIwMjAvMy8xICAyMDE5LzQvMSANCmYgIDIxMjIvMS8xICAyMTIzLzIvMSAgMjAyMi8zLzEgIDIwMjEvNC8xIA0KZiAgMjEyMy8xLzEgIDIxMjQvMi8xICAyMDIzLzMvMSAgMjAyMi80LzEgDQpmICAyMTI0LzEvMSAgMjEyNS8yLzEgIDIwMjQvMy8xICAyMDIzLzQvMSANCmYgIDIxMjUvMS8xICAyMTI2LzIvMSAgMjAyNS8zLzEgIDIwMjQvNC8xIA0KZiAgMjEyNi8xLzEgIDIxMjcvMi8xICAyMDI2LzMvMSAgMjAyNS80LzEgDQpmICAyMTI3LzEvMSAgMjEyOC8yLzEgIDIwMjcvMy8xICAyMDI2LzQvMSANCmYgIDIxMjgvMS8xICAyMTI5LzIvMSAgMjAyOC8zLzEgIDIwMjcvNC8xIA0KZiAgMjEyOS8xLzEgIDIxMzAvMi8xICAyMDI5LzMvMSAgMjAyOC80LzEgDQpmICAyMTMwLzEvMSAgMjEzMS8yLzEgIDIwMzAvMy8xICAyMDI5LzQvMSANCmYgIDIxMzEvMS8xICAyMTMyLzIvMSAgMjAzMS8zLzEgIDIwMzAvNC8xIA0KZiAgMjEzMi8xLzEgIDIxMzMvMi8xICAyMDMyLzMvMSAgMjAzMS80LzEgDQpmICAyMTMzLzEvMSAgMjEzNC8yLzEgIDIwMzMvMy8xICAyMDMyLzQvMSANCmYgIDIxMzQvMS8xICAyMTM1LzIvMSAgMjAzNC8zLzEgIDIwMzMvNC8xIA0KZiAgMjEzNS8xLzEgIDIxMzYvMi8xICAyMDM1LzMvMSAgMjAzNC80LzEgDQpmICAyMTM2LzEvMSAgMjEzNy8yLzEgIDIwMzYvMy8xICAyMDM1LzQvMSANCmYgIDIxMzcvMS8xICAyMTM4LzIvMSAgMjAzNy8zLzEgIDIwMzYvNC8xIA0KZiAgMjEzOC8xLzEgIDIxMzkvMi8xICAyMDM4LzMvMSAgMjAzNy80LzEgDQpmICAyMTM5LzEvMSAgMjE0MC8yLzEgIDIwMzkvMy8xICAyMDM4LzQvMSANCmYgIDIxNDAvMS8xICAyMTQxLzIvMSAgMjA0MC8zLzEgIDIwMzkvNC8xIA0KZiAgMjE0MS8xLzEgIDIxNDIvMi8xICAyMDQxLzMvMSAgMjA0MC80LzEgDQpmICAyMTQyLzEvMSAgMjE0My8yLzEgIDIwNDIvMy8xICAyMDQxLzQvMSANCmYgIDIxNDMvMTcvMSAgMjE0NC8xOC8xICAyMDQzLzE5LzEgIDIwNDIvMjAvMSANCmYgIDIxNDQvMjEvMSAgMjE0NS8yMi8xICAyMDQ0LzIzLzEgIDIwNDMvMjQvMSANCmYgIDIxNDUvMjEvMSAgMjE0Ni8yMi8xICAyMDQ1LzIzLzEgIDIwNDQvMjQvMSANCmYgIDIxNDYvNTMvMSAgMjE0Ny81NC8xICAyMDQ2LzU1LzEgIDIwNDUvNTYvMSANCmYgIDIxNDcvNDUvMSAgMjE0OC80Ni8xICAyMDQ3LzQ3LzEgIDIwNDYvNDgvMSANCmYgIDIxNDgvNjkvMSAgMjE0OS83MC8xICAyMDQ4LzcxLzEgIDIwNDcvNzIvMSANCmYgIDIxNDkvMjEvMSAgMjE1MC8yMi8xICAyMDQ5LzIzLzEgIDIwNDgvMjQvMSANCmYgIDIxNTAvMjEvMSAgMjE1MS8yMi8xICAyMDUwLzIzLzEgIDIwNDkvMjQvMSANCmYgIDIxNTEvMjEvMSAgMjE1Mi8yMi8xICAyMDUxLzIzLzEgIDIwNTAvMjQvMSANCmYgIDIxNTIvMjEvMSAgMjE1My8yMi8xICAyMDUyLzIzLzEgIDIwNTEvMjQvMSANCmYgIDIxNTMvMjEvMSAgMjE1NC8yMi8xICAyMDUzLzIzLzEgIDIwNTIvMjQvMSANCmYgIDIxNTQvMjEvMSAgMjE1NS8yMi8xICAyMDU0LzIzLzEgIDIwNTMvMjQvMSANCmYgIDIxNTUvMjEvMSAgMjE1Ni8yMi8xICAyMDU1LzIzLzEgIDIwNTQvMjQvMSANCmYgIDIxNTYvMjEvMSAgMjE1Ny8yMi8xICAyMDU2LzIzLzEgIDIwNTUvMjQvMSANCmYgIDIxNTcvMjEvMSAgMjE1OC8yMi8xICAyMDU3LzIzLzEgIDIwNTYvMjQvMSANCmYgIDIxNTgvMjEvMSAgMjE1OS8yMi8xICAyMDU4LzIzLzEgIDIwNTcvMjQvMSANCmYgIDIxNTkvMjEvMSAgMjE2MC8yMi8xICAyMDU5LzIzLzEgIDIwNTgvMjQvMSANCmYgIDIxNjAvMjEvMSAgMjE2MS8yMi8xICAyMDYwLzIzLzEgIDIwNTkvMjQvMSANCmYgIDIxNjEvMjEvMSAgMjE2Mi8yMi8xICAyMDYxLzIzLzEgIDIwNjAvMjQvMSANCmYgIDIxNjIvMjEvMSAgMjE2My8yMi8xICAyMDYyLzIzLzEgIDIwNjEvMjQvMSANCmYgIDIxNjMvMjEvMSAgMjE2NC8yMi8xICAyMDYzLzIzLzEgIDIwNjIvMjQvMSANCmYgIDIxNjQvMjEvMSAgMjE2NS8yMi8xICAyMDY0LzIzLzEgIDIwNjMvMjQvMSANCmYgIDIxNjUvNTMvMSAgMjE2Ni81NC8xICAyMDY1LzU1LzEgIDIwNjQvNTYvMSANCmYgIDIxNjYvNDUvMSAgMjE2Ny80Ni8xICAyMDY2LzQ3LzEgIDIwNjUvNDgvMSANCmYgIDIxNjcvNjkvMSAgMjE2OC83MC8xICAyMDY3LzcxLzEgIDIwNjYvNzIvMSANCmYgIDIxNjgvMjEvMSAgMjE2OS8yMi8xICAyMDY4LzIzLzEgIDIwNjcvMjQvMSANCmYgIDIxNjkvMjUvMSAgMjE3MC8yNi8xICAyMDY5LzI3LzEgIDIwNjgvMjgvMSANCmYgIDIxNzAvMS8xICAyMTcxLzIvMSAgMjA3MC8zLzEgIDIwNjkvNC8xIA0KZiAgMjE3MS8xLzEgIDIxNzIvMi8xICAyMDcxLzMvMSAgMjA3MC80LzEgDQpmICAyMTcyLzEvMSAgMjE3My8yLzEgIDIwNzIvMy8xICAyMDcxLzQvMSANCmYgIDIxNzMvMS8xICAyMTc0LzIvMSAgMjA3My8zLzEgIDIwNzIvNC8xIA0KZiAgMjE3NC8xLzEgIDIxNzUvMi8xICAyMDc0LzMvMSAgMjA3My80LzEgDQpmICAyMTc1LzEvMSAgMjE3Ni8yLzEgIDIwNzUvMy8xICAyMDc0LzQvMSANCmYgIDIxNzYvMS8xICAyMTc3LzIvMSAgMjA3Ni8zLzEgIDIwNzUvNC8xIA0KZiAgMjE3Ny8xLzEgIDIxNzgvMi8xICAyMDc3LzMvMSAgMjA3Ni80LzEgDQpmICAyMTc4LzEvMSAgMjE3OS8yLzEgIDIwNzgvMy8xICAyMDc3LzQvMSANCmYgIDIxNzkvMS8xICAyMTgwLzIvMSAgMjA3OS8zLzEgIDIwNzgvNC8xIA0KZiAgMjE4MC8xLzEgIDIxODEvMi8xICAyMDgwLzMvMSAgMjA3OS80LzEgDQpmICAyMTgxLzEvMSAgMjE4Mi8yLzEgIDIwODEvMy8xICAyMDgwLzQvMSANCmYgIDIxODIvMS8xICAyMTgzLzIvMSAgMjA4Mi8zLzEgIDIwODEvNC8xIA0KZiAgMjE4My8xLzEgIDIxODQvMi8xICAyMDgzLzMvMSAgMjA4Mi80LzEgDQpmICAyMTg0LzEvMSAgMjE4NS8yLzEgIDIwODQvMy8xICAyMDgzLzQvMSANCmYgIDIxODUvMS8xICAyMTg2LzIvMSAgMjA4NS8zLzEgIDIwODQvNC8xIA0KZiAgMjE4Ni8xLzEgIDIxODcvMi8xICAyMDg2LzMvMSAgMjA4NS80LzEgDQpmICAyMTg3LzEvMSAgMjE4OC8yLzEgIDIwODcvMy8xICAyMDg2LzQvMSANCmYgIDIxODgvMS8xICAyMTg5LzIvMSAgMjA4OC8zLzEgIDIwODcvNC8xIA0KZiAgMjE4OS8xLzEgIDIxOTAvMi8xICAyMDg5LzMvMSAgMjA4OC80LzEgDQpmICAyMTkwLzEvMSAgMjE5MS8yLzEgIDIwOTAvMy8xICAyMDg5LzQvMSANCmYgIDIxOTEvMS8xICAyMTkyLzIvMSAgMjA5MS8zLzEgIDIwOTAvNC8xIA0KZiAgMjE5Mi8xLzEgIDIxOTMvMi8xICAyMDkyLzMvMSAgMjA5MS80LzEgDQpmICAyMTkzLzEvMSAgMjE5NC8yLzEgIDIwOTMvMy8xICAyMDkyLzQvMSANCmYgIDIxOTQvMS8xICAyMTk1LzIvMSAgMjA5NC8zLzEgIDIwOTMvNC8xIA0KZiAgMjE5NS8xLzEgIDIxOTYvMi8xICAyMDk1LzMvMSAgMjA5NC80LzEgDQpmICAyMTk2LzEvMSAgMjE5Ny8yLzEgIDIwOTYvMy8xICAyMDk1LzQvMSANCmYgIDIxOTcvMS8xICAyMTk4LzIvMSAgMjA5Ny8zLzEgIDIwOTYvNC8xIA0KZiAgMjE5OC8xLzEgIDIxOTkvMi8xICAyMDk4LzMvMSAgMjA5Ny80LzEgDQpmICAyMTk5LzEvMSAgMjIwMC8yLzEgIDIwOTkvMy8xICAyMDk4LzQvMSANCmYgIDIyMDAvMS8xICAyMjAxLzIvMSAgMjEwMC8zLzEgIDIwOTkvNC8xIA0KZiAgMjIwMS8xLzEgIDIyMDIvMi8xICAyMTAxLzMvMSAgMjEwMC80LzEgDQpmICAyMjAyLzEvMSAgMjIwMy8yLzEgIDIxMDIvMy8xICAyMTAxLzQvMSANCmYgIDIyMDMvMS8xICAyMjA0LzIvMSAgMjEwMy8zLzEgIDIxMDIvNC8xIA0KZiAgMjIwNC8xLzEgIDIyMDUvMi8xICAyMTA0LzMvMSAgMjEwMy80LzEgDQpmICAyMjA1LzEvMSAgMjIwNi8yLzEgIDIxMDUvMy8xICAyMTA0LzQvMSANCmYgIDIyMDYvMS8xICAyMjA3LzIvMSAgMjEwNi8zLzEgIDIxMDUvNC8xIA0KZiAgMjIwNy8xLzEgIDIyMDgvMi8xICAyMTA3LzMvMSAgMjEwNi80LzEgDQpmICAyMjA4LzEvMSAgMjIwOS8yLzEgIDIxMDgvMy8xICAyMTA3LzQvMSANCmYgIDIyMDkvMS8xICAyMjEwLzIvMSAgMjEwOS8zLzEgIDIxMDgvNC8xIA0KZiAgMjIxMC8xLzEgIDIyMTEvMi8xICAyMTEwLzMvMSAgMjEwOS80LzEgDQpmICAyMjExLzEvMSAgMjIxMi8yLzEgIDIxMTEvMy8xICAyMTEwLzQvMSANCmYgIDIyMTIvMS8xICAyMjEzLzIvMSAgMjExMi8zLzEgIDIxMTEvNC8xIA0KZiAgMjIxMy8xLzEgIDIyMTQvMi8xICAyMTEzLzMvMSAgMjExMi80LzEgDQpmICAyMjE0LzEvMSAgMjIxNS8yLzEgIDIxMTQvMy8xICAyMTEzLzQvMSANCmYgIDIyMTUvMS8xICAyMjE2LzIvMSAgMjExNS8zLzEgIDIxMTQvNC8xIA0KZiAgMjIxNi8xLzEgIDIyMTcvMi8xICAyMTE2LzMvMSAgMjExNS80LzEgDQpmICAyMjE3LzEvMSAgMjIxOC8yLzEgIDIxMTcvMy8xICAyMTE2LzQvMSANCmYgIDIyMTgvMS8xICAyMjE5LzIvMSAgMjExOC8zLzEgIDIxMTcvNC8xIA0KZiAgMjIxOS8xLzEgIDIyMjAvMi8xICAyMTE5LzMvMSAgMjExOC80LzEgDQpmICAyMjIwLzEvMSAgMjIyMS8yLzEgIDIxMjAvMy8xICAyMTE5LzQvMSANCmYgIDIyMjEvMS8xICAyMjIyLzIvMSAgMjEyMS8zLzEgIDIxMjAvNC8xIA0KZiAgMjIyMy8xLzEgIDIyMjQvMi8xICAyMTIzLzMvMSAgMjEyMi80LzEgDQpmICAyMjI0LzEvMSAgMjIyNS8yLzEgIDIxMjQvMy8xICAyMTIzLzQvMSANCmYgIDIyMjUvMS8xICAyMjI2LzIvMSAgMjEyNS8zLzEgIDIxMjQvNC8xIA0KZiAgMjIyNi8xLzEgIDIyMjcvMi8xICAyMTI2LzMvMSAgMjEyNS80LzEgDQpmICAyMjI3LzEvMSAgMjIyOC8yLzEgIDIxMjcvMy8xICAyMTI2LzQvMSANCmYgIDIyMjgvMS8xICAyMjI5LzIvMSAgMjEyOC8zLzEgIDIxMjcvNC8xIA0KZiAgMjIyOS8xLzEgIDIyMzAvMi8xICAyMTI5LzMvMSAgMjEyOC80LzEgDQpmICAyMjMwLzEvMSAgMjIzMS8yLzEgIDIxMzAvMy8xICAyMTI5LzQvMSANCmYgIDIyMzEvMS8xICAyMjMyLzIvMSAgMjEzMS8zLzEgIDIxMzAvNC8xIA0KZiAgMjIzMi8xLzEgIDIyMzMvMi8xICAyMTMyLzMvMSAgMjEzMS80LzEgDQpmICAyMjMzLzEvMSAgMjIzNC8yLzEgIDIxMzMvMy8xICAyMTMyLzQvMSANCmYgIDIyMzQvMS8xICAyMjM1LzIvMSAgMjEzNC8zLzEgIDIxMzMvNC8xIA0KZiAgMjIzNS8xLzEgIDIyMzYvMi8xICAyMTM1LzMvMSAgMjEzNC80LzEgDQpmICAyMjM2LzEvMSAgMjIzNy8yLzEgIDIxMzYvMy8xICAyMTM1LzQvMSANCmYgIDIyMzcvMS8xICAyMjM4LzIvMSAgMjEzNy8zLzEgIDIxMzYvNC8xIA0KZiAgMjIzOC8xLzEgIDIyMzkvMi8xICAyMTM4LzMvMSAgMjEzNy80LzEgDQpmICAyMjM5LzEvMSAgMjI0MC8yLzEgIDIxMzkvMy8xICAyMTM4LzQvMSANCmYgIDIyNDAvMS8xICAyMjQxLzIvMSAgMjE0MC8zLzEgIDIxMzkvNC8xIA0KZiAgMjI0MS8xLzEgIDIyNDIvMi8xICAyMTQxLzMvMSAgMjE0MC80LzEgDQpmICAyMjQyLzEvMSAgMjI0My8yLzEgIDIxNDIvMy8xICAyMTQxLzQvMSANCmYgIDIyNDMvMS8xICAyMjQ0LzIvMSAgMjE0My8zLzEgIDIxNDIvNC8xIA0KZiAgMjI0NC8xNy8xICAyMjQ1LzE4LzEgIDIxNDQvMTkvMSAgMjE0My8yMC8xIA0KZiAgMjI0NS8yMS8xICAyMjQ2LzIyLzEgIDIxNDUvMjMvMSAgMjE0NC8yNC8xIA0KZiAgMjI0Ni8yMS8xICAyMjQ3LzIyLzEgIDIxNDYvMjMvMSAgMjE0NS8yNC8xIA0KZiAgMjI0Ny81My8xICAyMjQ4LzU0LzEgIDIxNDcvNTUvMSAgMjE0Ni81Ni8xIA0KZiAgMjI0OC80NS8xICAyMjQ5LzQ2LzEgIDIxNDgvNDcvMSAgMjE0Ny80OC8xIA0KZiAgMjI0OS82OS8xICAyMjUwLzcwLzEgIDIxNDkvNzEvMSAgMjE0OC83Mi8xIA0KZiAgMjI1MC8yMS8xICAyMjUxLzIyLzEgIDIxNTAvMjMvMSAgMjE0OS8yNC8xIA0KZiAgMjI1MS8yMS8xICAyMjUyLzIyLzEgIDIxNTEvMjMvMSAgMjE1MC8yNC8xIA0KZiAgMjI1Mi8yMS8xICAyMjUzLzIyLzEgIDIxNTIvMjMvMSAgMjE1MS8yNC8xIA0KZiAgMjI1My8yMS8xICAyMjU0LzIyLzEgIDIxNTMvMjMvMSAgMjE1Mi8yNC8xIA0KZiAgMjI1NC8yMS8xICAyMjU1LzIyLzEgIDIxNTQvMjMvMSAgMjE1My8yNC8xIA0KZiAgMjI1NS8yMS8xICAyMjU2LzIyLzEgIDIxNTUvMjMvMSAgMjE1NC8yNC8xIA0KZiAgMjI1Ni8yMS8xICAyMjU3LzIyLzEgIDIxNTYvMjMvMSAgMjE1NS8yNC8xIA0KZiAgMjI1Ny8yMS8xICAyMjU4LzIyLzEgIDIxNTcvMjMvMSAgMjE1Ni8yNC8xIA0KZiAgMjI1OC8yMS8xICAyMjU5LzIyLzEgIDIxNTgvMjMvMSAgMjE1Ny8yNC8xIA0KZiAgMjI1OS8yMS8xICAyMjYwLzIyLzEgIDIxNTkvMjMvMSAgMjE1OC8yNC8xIA0KZiAgMjI2MC8yMS8xICAyMjYxLzIyLzEgIDIxNjAvMjMvMSAgMjE1OS8yNC8xIA0KZiAgMjI2MS8yMS8xICAyMjYyLzIyLzEgIDIxNjEvMjMvMSAgMjE2MC8yNC8xIA0KZiAgMjI2Mi8yMS8xICAyMjYzLzIyLzEgIDIxNjIvMjMvMSAgMjE2MS8yNC8xIA0KZiAgMjI2My8yMS8xICAyMjY0LzIyLzEgIDIxNjMvMjMvMSAgMjE2Mi8yNC8xIA0KZiAgMjI2NC8yMS8xICAyMjY1LzIyLzEgIDIxNjQvMjMvMSAgMjE2My8yNC8xIA0KZiAgMjI2NS8yMS8xICAyMjY2LzIyLzEgIDIxNjUvMjMvMSAgMjE2NC8yNC8xIA0KZiAgMjI2Ni81My8xICAyMjY3LzU0LzEgIDIxNjYvNTUvMSAgMjE2NS81Ni8xIA0KZiAgMjI2Ny80NS8xICAyMjY4LzQ2LzEgIDIxNjcvNDcvMSAgMjE2Ni80OC8xIA0KZiAgMjI2OC82OS8xICAyMjY5LzcwLzEgIDIxNjgvNzEvMSAgMjE2Ny83Mi8xIA0KZiAgMjI2OS8yMS8xICAyMjcwLzIyLzEgIDIxNjkvMjMvMSAgMjE2OC8yNC8xIA0KZiAgMjI3MC8yNS8xICAyMjcxLzI2LzEgIDIxNzAvMjcvMSAgMjE2OS8yOC8xIA0KZiAgMjI3MS8xLzEgIDIyNzIvMi8xICAyMTcxLzMvMSAgMjE3MC80LzEgDQpmICAyMjcyLzEvMSAgMjI3My8yLzEgIDIxNzIvMy8xICAyMTcxLzQvMSANCmYgIDIyNzMvMS8xICAyMjc0LzIvMSAgMjE3My8zLzEgIDIxNzIvNC8xIA0KZiAgMjI3NC8xLzEgIDIyNzUvMi8xICAyMTc0LzMvMSAgMjE3My80LzEgDQpmICAyMjc1LzEvMSAgMjI3Ni8yLzEgIDIxNzUvMy8xICAyMTc0LzQvMSANCmYgIDIyNzYvMS8xICAyMjc3LzIvMSAgMjE3Ni8zLzEgIDIxNzUvNC8xIA0KZiAgMjI3Ny8xLzEgIDIyNzgvMi8xICAyMTc3LzMvMSAgMjE3Ni80LzEgDQpmICAyMjc4LzEvMSAgMjI3OS8yLzEgIDIxNzgvMy8xICAyMTc3LzQvMSANCmYgIDIyNzkvMS8xICAyMjgwLzIvMSAgMjE3OS8zLzEgIDIxNzgvNC8xIA0KZiAgMjI4MC8xLzEgIDIyODEvMi8xICAyMTgwLzMvMSAgMjE3OS80LzEgDQpmICAyMjgxLzEvMSAgMjI4Mi8yLzEgIDIxODEvMy8xICAyMTgwLzQvMSANCmYgIDIyODIvMS8xICAyMjgzLzIvMSAgMjE4Mi8zLzEgIDIxODEvNC8xIA0KZiAgMjI4My8xLzEgIDIyODQvMi8xICAyMTgzLzMvMSAgMjE4Mi80LzEgDQpmICAyMjg0LzEvMSAgMjI4NS8yLzEgIDIxODQvMy8xICAyMTgzLzQvMSANCmYgIDIyODUvMS8xICAyMjg2LzIvMSAgMjE4NS8zLzEgIDIxODQvNC8xIA0KZiAgMjI4Ni8xLzEgIDIyODcvMi8xICAyMTg2LzMvMSAgMjE4NS80LzEgDQpmICAyMjg3LzEvMSAgMjI4OC8yLzEgIDIxODcvMy8xICAyMTg2LzQvMSANCmYgIDIyODgvMS8xICAyMjg5LzIvMSAgMjE4OC8zLzEgIDIxODcvNC8xIA0KZiAgMjI4OS8xLzEgIDIyOTAvMi8xICAyMTg5LzMvMSAgMjE4OC80LzEgDQpmICAyMjkwLzEvMSAgMjI5MS8yLzEgIDIxOTAvMy8xICAyMTg5LzQvMSANCmYgIDIyOTEvMS8xICAyMjkyLzIvMSAgMjE5MS8zLzEgIDIxOTAvNC8xIA0KZiAgMjI5Mi8xLzEgIDIyOTMvMi8xICAyMTkyLzMvMSAgMjE5MS80LzEgDQpmICAyMjkzLzEvMSAgMjI5NC8yLzEgIDIxOTMvMy8xICAyMTkyLzQvMSANCmYgIDIyOTQvMS8xICAyMjk1LzIvMSAgMjE5NC8zLzEgIDIxOTMvNC8xIA0KZiAgMjI5NS8xLzEgIDIyOTYvMi8xICAyMTk1LzMvMSAgMjE5NC80LzEgDQpmICAyMjk2LzEvMSAgMjI5Ny8yLzEgIDIxOTYvMy8xICAyMTk1LzQvMSANCmYgIDIyOTcvMS8xICAyMjk4LzIvMSAgMjE5Ny8zLzEgIDIxOTYvNC8xIA0KZiAgMjI5OC8xLzEgIDIyOTkvMi8xICAyMTk4LzMvMSAgMjE5Ny80LzEgDQpmICAyMjk5LzEvMSAgMjMwMC8yLzEgIDIxOTkvMy8xICAyMTk4LzQvMSANCmYgIDIzMDAvMS8xICAyMzAxLzIvMSAgMjIwMC8zLzEgIDIxOTkvNC8xIA0KZiAgMjMwMS8xLzEgIDIzMDIvMi8xICAyMjAxLzMvMSAgMjIwMC80LzEgDQpmICAyMzAyLzEvMSAgMjMwMy8yLzEgIDIyMDIvMy8xICAyMjAxLzQvMSANCmYgIDIzMDMvMS8xICAyMzA0LzIvMSAgMjIwMy8zLzEgIDIyMDIvNC8xIA0KZiAgMjMwNC8xLzEgIDIzMDUvMi8xICAyMjA0LzMvMSAgMjIwMy80LzEgDQpmICAyMzA1LzEvMSAgMjMwNi8yLzEgIDIyMDUvMy8xICAyMjA0LzQvMSANCmYgIDIzMDYvMS8xICAyMzA3LzIvMSAgMjIwNi8zLzEgIDIyMDUvNC8xIA0KZiAgMjMwNy8xLzEgIDIzMDgvMi8xICAyMjA3LzMvMSAgMjIwNi80LzEgDQpmICAyMzA4LzEvMSAgMjMwOS8yLzEgIDIyMDgvMy8xICAyMjA3LzQvMSANCmYgIDIzMDkvMS8xICAyMzEwLzIvMSAgMjIwOS8zLzEgIDIyMDgvNC8xIA0KZiAgMjMxMC8xLzEgIDIzMTEvMi8xICAyMjEwLzMvMSAgMjIwOS80LzEgDQpmICAyMzExLzEvMSAgMjMxMi8yLzEgIDIyMTEvMy8xICAyMjEwLzQvMSANCmYgIDIzMTIvMS8xICAyMzEzLzIvMSAgMjIxMi8zLzEgIDIyMTEvNC8xIA0KZiAgMjMxMy8xLzEgIDIzMTQvMi8xICAyMjEzLzMvMSAgMjIxMi80LzEgDQpmICAyMzE0LzEvMSAgMjMxNS8yLzEgIDIyMTQvMy8xICAyMjEzLzQvMSANCmYgIDIzMTUvMS8xICAyMzE2LzIvMSAgMjIxNS8zLzEgIDIyMTQvNC8xIA0KZiAgMjMxNi8xLzEgIDIzMTcvMi8xICAyMjE2LzMvMSAgMjIxNS80LzEgDQpmICAyMzE3LzEvMSAgMjMxOC8yLzEgIDIyMTcvMy8xICAyMjE2LzQvMSANCmYgIDIzMTgvMS8xICAyMzE5LzIvMSAgMjIxOC8zLzEgIDIyMTcvNC8xIA0KZiAgMjMxOS8xLzEgIDIzMjAvMi8xICAyMjE5LzMvMSAgMjIxOC80LzEgDQpmICAyMzIwLzEvMSAgMjMyMS8yLzEgIDIyMjAvMy8xICAyMjE5LzQvMSANCmYgIDIzMjEvMS8xICAyMzIyLzIvMSAgMjIyMS8zLzEgIDIyMjAvNC8xIA0KZiAgMjMyMi8xLzEgIDIzMjMvMi8xICAyMjIyLzMvMSAgMjIyMS80LzEgDQpmICAyMzI0LzEvMSAgMjMyNS8yLzEgIDIyMjQvMy8xICAyMjIzLzQvMSANCmYgIDIzMjUvMS8xICAyMzI2LzIvMSAgMjIyNS8zLzEgIDIyMjQvNC8xIA0KZiAgMjMyNi8xLzEgIDIzMjcvMi8xICAyMjI2LzMvMSAgMjIyNS80LzEgDQpmICAyMzI3LzEvMSAgMjMyOC8yLzEgIDIyMjcvMy8xICAyMjI2LzQvMSANCmYgIDIzMjgvMS8xICAyMzI5LzIvMSAgMjIyOC8zLzEgIDIyMjcvNC8xIA0KZiAgMjMyOS8xLzEgIDIzMzAvMi8xICAyMjI5LzMvMSAgMjIyOC80LzEgDQpmICAyMzMwLzEvMSAgMjMzMS8yLzEgIDIyMzAvMy8xICAyMjI5LzQvMSANCmYgIDIzMzEvMS8xICAyMzMyLzIvMSAgMjIzMS8zLzEgIDIyMzAvNC8xIA0KZiAgMjMzMi8xLzEgIDIzMzMvMi8xICAyMjMyLzMvMSAgMjIzMS80LzEgDQpmICAyMzMzLzEvMSAgMjMzNC8yLzEgIDIyMzMvMy8xICAyMjMyLzQvMSANCmYgIDIzMzQvMS8xICAyMzM1LzIvMSAgMjIzNC8zLzEgIDIyMzMvNC8xIA0KZiAgMjMzNS8xLzEgIDIzMzYvMi8xICAyMjM1LzMvMSAgMjIzNC80LzEgDQpmICAyMzM2LzEvMSAgMjMzNy8yLzEgIDIyMzYvMy8xICAyMjM1LzQvMSANCmYgIDIzMzcvMS8xICAyMzM4LzIvMSAgMjIzNy8zLzEgIDIyMzYvNC8xIA0KZiAgMjMzOC8xLzEgIDIzMzkvMi8xICAyMjM4LzMvMSAgMjIzNy80LzEgDQpmICAyMzM5LzEvMSAgMjM0MC8yLzEgIDIyMzkvMy8xICAyMjM4LzQvMSANCmYgIDIzNDAvMS8xICAyMzQxLzIvMSAgMjI0MC8zLzEgIDIyMzkvNC8xIA0KZiAgMjM0MS8xLzEgIDIzNDIvMi8xICAyMjQxLzMvMSAgMjI0MC80LzEgDQpmICAyMzQyLzEvMSAgMjM0My8yLzEgIDIyNDIvMy8xICAyMjQxLzQvMSANCmYgIDIzNDMvMS8xICAyMzQ0LzIvMSAgMjI0My8zLzEgIDIyNDIvNC8xIA0KZiAgMjM0NC8xLzEgIDIzNDUvMi8xICAyMjQ0LzMvMSAgMjI0My80LzEgDQpmICAyMzQ1LzE3LzEgIDIzNDYvMTgvMSAgMjI0NS8xOS8xICAyMjQ0LzIwLzEgDQpmICAyMzQ2LzIxLzEgIDIzNDcvMjIvMSAgMjI0Ni8yMy8xICAyMjQ1LzI0LzEgDQpmICAyMzQ3LzIxLzEgIDIzNDgvMjIvMSAgMjI0Ny8yMy8xICAyMjQ2LzI0LzEgDQpmICAyMzQ4LzUzLzEgIDIzNDkvNTQvMSAgMjI0OC81NS8xICAyMjQ3LzU2LzEgDQpmICAyMzQ5LzQ1LzEgIDIzNTAvNDYvMSAgMjI0OS80Ny8xICAyMjQ4LzQ4LzEgDQpmICAyMzUwLzY5LzEgIDIzNTEvNzAvMSAgMjI1MC83MS8xICAyMjQ5LzcyLzEgDQpmICAyMzUxLzIxLzEgIDIzNTIvMjIvMSAgMjI1MS8yMy8xICAyMjUwLzI0LzEgDQpmICAyMzUyLzIxLzEgIDIzNTMvMjIvMSAgMjI1Mi8yMy8xICAyMjUxLzI0LzEgDQpmICAyMzUzLzIxLzEgIDIzNTQvMjIvMSAgMjI1My8yMy8xICAyMjUyLzI0LzEgDQpmICAyMzU0LzIxLzEgIDIzNTUvMjIvMSAgMjI1NC8yMy8xICAyMjUzLzI0LzEgDQpmICAyMzU1LzIxLzEgIDIzNTYvMjIvMSAgMjI1NS8yMy8xICAyMjU0LzI0LzEgDQpmICAyMzU2LzIxLzEgIDIzNTcvMjIvMSAgMjI1Ni8yMy8xICAyMjU1LzI0LzEgDQpmICAyMzU3LzIxLzEgIDIzNTgvMjIvMSAgMjI1Ny8yMy8xICAyMjU2LzI0LzEgDQpmICAyMzU4LzIxLzEgIDIzNTkvMjIvMSAgMjI1OC8yMy8xICAyMjU3LzI0LzEgDQpmICAyMzU5LzIxLzEgIDIzNjAvMjIvMSAgMjI1OS8yMy8xICAyMjU4LzI0LzEgDQpmICAyMzYwLzIxLzEgIDIzNjEvMjIvMSAgMjI2MC8yMy8xICAyMjU5LzI0LzEgDQpmICAyMzYxLzIxLzEgIDIzNjIvMjIvMSAgMjI2MS8yMy8xICAyMjYwLzI0LzEgDQpmICAyMzYyLzIxLzEgIDIzNjMvMjIvMSAgMjI2Mi8yMy8xICAyMjYxLzI0LzEgDQpmICAyMzYzLzIxLzEgIDIzNjQvMjIvMSAgMjI2My8yMy8xICAyMjYyLzI0LzEgDQpmICAyMzY0LzIxLzEgIDIzNjUvMjIvMSAgMjI2NC8yMy8xICAyMjYzLzI0LzEgDQpmICAyMzY1LzIxLzEgIDIzNjYvMjIvMSAgMjI2NS8yMy8xICAyMjY0LzI0LzEgDQpmICAyMzY2LzIxLzEgIDIzNjcvMjIvMSAgMjI2Ni8yMy8xICAyMjY1LzI0LzEgDQpmICAyMzY3LzUzLzEgIDIzNjgvNTQvMSAgMjI2Ny81NS8xICAyMjY2LzU2LzEgDQpmICAyMzY4LzQ1LzEgIDIzNjkvNDYvMSAgMjI2OC80Ny8xICAyMjY3LzQ4LzEgDQpmICAyMzY5LzY5LzEgIDIzNzAvNzAvMSAgMjI2OS83MS8xICAyMjY4LzcyLzEgDQpmICAyMzcwLzIxLzEgIDIzNzEvMjIvMSAgMjI3MC8yMy8xICAyMjY5LzI0LzEgDQpmICAyMzcxLzI1LzEgIDIzNzIvMjYvMSAgMjI3MS8yNy8xICAyMjcwLzI4LzEgDQpmICAyMzcyLzEvMSAgMjM3My8yLzEgIDIyNzIvMy8xICAyMjcxLzQvMSANCmYgIDIzNzMvMS8xICAyMzc0LzIvMSAgMjI3My8zLzEgIDIyNzIvNC8xIA0KZiAgMjM3NC8xLzEgIDIzNzUvMi8xICAyMjc0LzMvMSAgMjI3My80LzEgDQpmICAyMzc1LzEvMSAgMjM3Ni8yLzEgIDIyNzUvMy8xICAyMjc0LzQvMSANCmYgIDIzNzYvMS8xICAyMzc3LzIvMSAgMjI3Ni8zLzEgIDIyNzUvNC8xIA0KZiAgMjM3Ny8xLzEgIDIzNzgvMi8xICAyMjc3LzMvMSAgMjI3Ni80LzEgDQpmICAyMzc4LzEvMSAgMjM3OS8yLzEgIDIyNzgvMy8xICAyMjc3LzQvMSANCmYgIDIzNzkvMS8xICAyMzgwLzIvMSAgMjI3OS8zLzEgIDIyNzgvNC8xIA0KZiAgMjM4MC8xLzEgIDIzODEvMi8xICAyMjgwLzMvMSAgMjI3OS80LzEgDQpmICAyMzgxLzEvMSAgMjM4Mi8yLzEgIDIyODEvMy8xICAyMjgwLzQvMSANCmYgIDIzODIvMS8xICAyMzgzLzIvMSAgMjI4Mi8zLzEgIDIyODEvNC8xIA0KZiAgMjM4My8xLzEgIDIzODQvMi8xICAyMjgzLzMvMSAgMjI4Mi80LzEgDQpmICAyMzg0LzEvMSAgMjM4NS8yLzEgIDIyODQvMy8xICAyMjgzLzQvMSANCmYgIDIzODUvMS8xICAyMzg2LzIvMSAgMjI4NS8zLzEgIDIyODQvNC8xIA0KZiAgMjM4Ni8xLzEgIDIzODcvMi8xICAyMjg2LzMvMSAgMjI4NS80LzEgDQpmICAyMzg3LzEvMSAgMjM4OC8yLzEgIDIyODcvMy8xICAyMjg2LzQvMSANCmYgIDIzODgvMS8xICAyMzg5LzIvMSAgMjI4OC8zLzEgIDIyODcvNC8xIA0KZiAgMjM4OS8xLzEgIDIzOTAvMi8xICAyMjg5LzMvMSAgMjI4OC80LzEgDQpmICAyMzkwLzEvMSAgMjM5MS8yLzEgIDIyOTAvMy8xICAyMjg5LzQvMSANCmYgIDIzOTEvMS8xICAyMzkyLzIvMSAgMjI5MS8zLzEgIDIyOTAvNC8xIA0KZiAgMjM5Mi8xLzEgIDIzOTMvMi8xICAyMjkyLzMvMSAgMjI5MS80LzEgDQpmICAyMzkzLzEvMSAgMjM5NC8yLzEgIDIyOTMvMy8xICAyMjkyLzQvMSANCmYgIDIzOTQvMS8xICAyMzk1LzIvMSAgMjI5NC8zLzEgIDIyOTMvNC8xIA0KZiAgMjM5NS8xLzEgIDIzOTYvMi8xICAyMjk1LzMvMSAgMjI5NC80LzEgDQpmICAyMzk2LzEvMSAgMjM5Ny8yLzEgIDIyOTYvMy8xICAyMjk1LzQvMSANCmYgIDIzOTcvMS8xICAyMzk4LzIvMSAgMjI5Ny8zLzEgIDIyOTYvNC8xIA0KZiAgMjM5OC8xLzEgIDIzOTkvMi8xICAyMjk4LzMvMSAgMjI5Ny80LzEgDQpmICAyMzk5LzEvMSAgMjQwMC8yLzEgIDIyOTkvMy8xICAyMjk4LzQvMSANCmYgIDI0MDAvMS8xICAyNDAxLzIvMSAgMjMwMC8zLzEgIDIyOTkvNC8xIA0KZiAgMjQwMS8xLzEgIDI0MDIvMi8xICAyMzAxLzMvMSAgMjMwMC80LzEgDQpmICAyNDAyLzEvMSAgMjQwMy8yLzEgIDIzMDIvMy8xICAyMzAxLzQvMSANCmYgIDI0MDMvMS8xICAyNDA0LzIvMSAgMjMwMy8zLzEgIDIzMDIvNC8xIA0KZiAgMjQwNC8xLzEgIDI0MDUvMi8xICAyMzA0LzMvMSAgMjMwMy80LzEgDQpmICAyNDA1LzEvMSAgMjQwNi8yLzEgIDIzMDUvMy8xICAyMzA0LzQvMSANCmYgIDI0MDYvMS8xICAyNDA3LzIvMSAgMjMwNi8zLzEgIDIzMDUvNC8xIA0KZiAgMjQwNy8xLzEgIDI0MDgvMi8xICAyMzA3LzMvMSAgMjMwNi80LzEgDQpmICAyNDA4LzEvMSAgMjQwOS8yLzEgIDIzMDgvMy8xICAyMzA3LzQvMSANCmYgIDI0MDkvMS8xICAyNDEwLzIvMSAgMjMwOS8zLzEgIDIzMDgvNC8xIA0KZiAgMjQxMC8xLzEgIDI0MTEvMi8xICAyMzEwLzMvMSAgMjMwOS80LzEgDQpmICAyNDExLzEvMSAgMjQxMi8yLzEgIDIzMTEvMy8xICAyMzEwLzQvMSANCmYgIDI0MTIvMS8xICAyNDEzLzIvMSAgMjMxMi8zLzEgIDIzMTEvNC8xIA0KZiAgMjQxMy8xLzEgIDI0MTQvMi8xICAyMzEzLzMvMSAgMjMxMi80LzEgDQpmICAyNDE0LzEvMSAgMjQxNS8yLzEgIDIzMTQvMy8xICAyMzEzLzQvMSANCmYgIDI0MTUvMS8xICAyNDE2LzIvMSAgMjMxNS8zLzEgIDIzMTQvNC8xIA0KZiAgMjQxNi8xLzEgIDI0MTcvMi8xICAyMzE2LzMvMSAgMjMxNS80LzEgDQpmICAyNDE3LzEvMSAgMjQxOC8yLzEgIDIzMTcvMy8xICAyMzE2LzQvMSANCmYgIDI0MTgvMS8xICAyNDE5LzIvMSAgMjMxOC8zLzEgIDIzMTcvNC8xIA0KZiAgMjQxOS8xLzEgIDI0MjAvMi8xICAyMzE5LzMvMSAgMjMxOC80LzEgDQpmICAyNDIwLzEvMSAgMjQyMS8yLzEgIDIzMjAvMy8xICAyMzE5LzQvMSANCmYgIDI0MjEvMS8xICAyNDIyLzIvMSAgMjMyMS8zLzEgIDIzMjAvNC8xIA0KZiAgMjQyMi8xLzEgIDI0MjMvMi8xICAyMzIyLzMvMSAgMjMyMS80LzEgDQpmICAyNDIzLzEvMSAgMjQyNC8yLzEgIDIzMjMvMy8xICAyMzIyLzQvMSANCmYgIDI0MjUvMS8xICAyNDI2LzIvMSAgMjMyNS8zLzEgIDIzMjQvNC8xIA0KZiAgMjQyNi8xLzEgIDI0MjcvMi8xICAyMzI2LzMvMSAgMjMyNS80LzEgDQpmICAyNDI3LzEvMSAgMjQyOC8yLzEgIDIzMjcvMy8xICAyMzI2LzQvMSANCmYgIDI0MjgvMS8xICAyNDI5LzIvMSAgMjMyOC8zLzEgIDIzMjcvNC8xIA0KZiAgMjQyOS8xLzEgIDI0MzAvMi8xICAyMzI5LzMvMSAgMjMyOC80LzEgDQpmICAyNDMwLzEvMSAgMjQzMS8yLzEgIDIzMzAvMy8xICAyMzI5LzQvMSANCmYgIDI0MzEvMS8xICAyNDMyLzIvMSAgMjMzMS8zLzEgIDIzMzAvNC8xIA0KZiAgMjQzMi8xLzEgIDI0MzMvMi8xICAyMzMyLzMvMSAgMjMzMS80LzEgDQpmICAyNDMzLzEvMSAgMjQzNC8yLzEgIDIzMzMvMy8xICAyMzMyLzQvMSANCmYgIDI0MzQvMS8xICAyNDM1LzIvMSAgMjMzNC8zLzEgIDIzMzMvNC8xIA0KZiAgMjQzNS8xLzEgIDI0MzYvMi8xICAyMzM1LzMvMSAgMjMzNC80LzEgDQpmICAyNDM2LzEvMSAgMjQzNy8yLzEgIDIzMzYvMy8xICAyMzM1LzQvMSANCmYgIDI0MzcvMS8xICAyNDM4LzIvMSAgMjMzNy8zLzEgIDIzMzYvNC8xIA0KZiAgMjQzOC8xLzEgIDI0MzkvMi8xICAyMzM4LzMvMSAgMjMzNy80LzEgDQpmICAyNDM5LzEvMSAgMjQ0MC8yLzEgIDIzMzkvMy8xICAyMzM4LzQvMSANCmYgIDI0NDAvMS8xICAyNDQxLzIvMSAgMjM0MC8zLzEgIDIzMzkvNC8xIA0KZiAgMjQ0MS8xLzEgIDI0NDIvMi8xICAyMzQxLzMvMSAgMjM0MC80LzEgDQpmICAyNDQyLzEvMSAgMjQ0My8yLzEgIDIzNDIvMy8xICAyMzQxLzQvMSANCmYgIDI0NDMvMS8xICAyNDQ0LzIvMSAgMjM0My8zLzEgIDIzNDIvNC8xIA0KZiAgMjQ0NC8xLzEgIDI0NDUvMi8xICAyMzQ0LzMvMSAgMjM0My80LzEgDQpmICAyNDQ1LzEvMSAgMjQ0Ni8yLzEgIDIzNDUvMy8xICAyMzQ0LzQvMSANCmYgIDI0NDYvMTcvMSAgMjQ0Ny8xOC8xICAyMzQ2LzE5LzEgIDIzNDUvMjAvMSANCmYgIDI0NDcvMjEvMSAgMjQ0OC8yMi8xICAyMzQ3LzIzLzEgIDIzNDYvMjQvMSANCmYgIDI0NDgvMjEvMSAgMjQ0OS8yMi8xICAyMzQ4LzIzLzEgIDIzNDcvMjQvMSANCmYgIDI0NDkvNTMvMSAgMjQ1MC81NC8xICAyMzQ5LzU1LzEgIDIzNDgvNTYvMSANCmYgIDI0NTAvNDUvMSAgMjQ1MS80Ni8xICAyMzUwLzQ3LzEgIDIzNDkvNDgvMSANCmYgIDI0NTEvNjkvMSAgMjQ1Mi83MC8xICAyMzUxLzcxLzEgIDIzNTAvNzIvMSANCmYgIDI0NTIvMjEvMSAgMjQ1My8yMi8xICAyMzUyLzIzLzEgIDIzNTEvMjQvMSANCmYgIDI0NTMvMjEvMSAgMjQ1NC8yMi8xICAyMzUzLzIzLzEgIDIzNTIvMjQvMSANCmYgIDI0NTQvMjEvMSAgMjQ1NS8yMi8xICAyMzU0LzIzLzEgIDIzNTMvMjQvMSANCmYgIDI0NTUvMjEvMSAgMjQ1Ni8yMi8xICAyMzU1LzIzLzEgIDIzNTQvMjQvMSANCmYgIDI0NTYvMjEvMSAgMjQ1Ny8yMi8xICAyMzU2LzIzLzEgIDIzNTUvMjQvMSANCmYgIDI0NTcvMjEvMSAgMjQ1OC8yMi8xICAyMzU3LzIzLzEgIDIzNTYvMjQvMSANCmYgIDI0NTgvMjEvMSAgMjQ1OS8yMi8xICAyMzU4LzIzLzEgIDIzNTcvMjQvMSANCmYgIDI0NTkvMjEvMSAgMjQ2MC8yMi8xICAyMzU5LzIzLzEgIDIzNTgvMjQvMSANCmYgIDI0NjAvMjEvMSAgMjQ2MS8yMi8xICAyMzYwLzIzLzEgIDIzNTkvMjQvMSANCmYgIDI0NjEvMjEvMSAgMjQ2Mi8yMi8xICAyMzYxLzIzLzEgIDIzNjAvMjQvMSANCmYgIDI0NjIvMjEvMSAgMjQ2My8yMi8xICAyMzYyLzIzLzEgIDIzNjEvMjQvMSANCmYgIDI0NjMvMjEvMSAgMjQ2NC8yMi8xICAyMzYzLzIzLzEgIDIzNjIvMjQvMSANCmYgIDI0NjQvMjEvMSAgMjQ2NS8yMi8xICAyMzY0LzIzLzEgIDIzNjMvMjQvMSANCmYgIDI0NjUvMjEvMSAgMjQ2Ni8yMi8xICAyMzY1LzIzLzEgIDIzNjQvMjQvMSANCmYgIDI0NjYvMjEvMSAgMjQ2Ny8yMi8xICAyMzY2LzIzLzEgIDIzNjUvMjQvMSANCmYgIDI0NjcvMjEvMSAgMjQ2OC8yMi8xICAyMzY3LzIzLzEgIDIzNjYvMjQvMSANCmYgIDI0NjgvNTMvMSAgMjQ2OS81NC8xICAyMzY4LzU1LzEgIDIzNjcvNTYvMSANCmYgIDI0NjkvNDUvMSAgMjQ3MC80Ni8xICAyMzY5LzQ3LzEgIDIzNjgvNDgvMSANCmYgIDI0NzAvNjkvMSAgMjQ3MS83MC8xICAyMzcwLzcxLzEgIDIzNjkvNzIvMSANCmYgIDI0NzEvMjEvMSAgMjQ3Mi8yMi8xICAyMzcxLzIzLzEgIDIzNzAvMjQvMSANCmYgIDI0NzIvMjUvMSAgMjQ3My8yNi8xICAyMzcyLzI3LzEgIDIzNzEvMjgvMSANCmYgIDI0NzMvMS8xICAyNDc0LzIvMSAgMjM3My8zLzEgIDIzNzIvNC8xIA0KZiAgMjQ3NC8xLzEgIDI0NzUvMi8xICAyMzc0LzMvMSAgMjM3My80LzEgDQpmICAyNDc1LzEvMSAgMjQ3Ni8yLzEgIDIzNzUvMy8xICAyMzc0LzQvMSANCmYgIDI0NzYvMS8xICAyNDc3LzIvMSAgMjM3Ni8zLzEgIDIzNzUvNC8xIA0KZiAgMjQ3Ny8xLzEgIDI0NzgvMi8xICAyMzc3LzMvMSAgMjM3Ni80LzEgDQpmICAyNDc4LzEvMSAgMjQ3OS8yLzEgIDIzNzgvMy8xICAyMzc3LzQvMSANCmYgIDI0NzkvMS8xICAyNDgwLzIvMSAgMjM3OS8zLzEgIDIzNzgvNC8xIA0KZiAgMjQ4MC8xLzEgIDI0ODEvMi8xICAyMzgwLzMvMSAgMjM3OS80LzEgDQpmICAyNDgxLzEvMSAgMjQ4Mi8yLzEgIDIzODEvMy8xICAyMzgwLzQvMSANCmYgIDI0ODIvMS8xICAyNDgzLzIvMSAgMjM4Mi8zLzEgIDIzODEvNC8xIA0KZiAgMjQ4My8xLzEgIDI0ODQvMi8xICAyMzgzLzMvMSAgMjM4Mi80LzEgDQpmICAyNDg0LzEvMSAgMjQ4NS8yLzEgIDIzODQvMy8xICAyMzgzLzQvMSANCmYgIDI0ODUvMS8xICAyNDg2LzIvMSAgMjM4NS8zLzEgIDIzODQvNC8xIA0KZiAgMjQ4Ni8xLzEgIDI0ODcvMi8xICAyMzg2LzMvMSAgMjM4NS80LzEgDQpmICAyNDg3LzEvMSAgMjQ4OC8yLzEgIDIzODcvMy8xICAyMzg2LzQvMSANCmYgIDI0ODgvMS8xICAyNDg5LzIvMSAgMjM4OC8zLzEgIDIzODcvNC8xIA0KZiAgMjQ4OS8xLzEgIDI0OTAvMi8xICAyMzg5LzMvMSAgMjM4OC80LzEgDQpmICAyNDkwLzEvMSAgMjQ5MS8yLzEgIDIzOTAvMy8xICAyMzg5LzQvMSANCmYgIDI0OTEvMS8xICAyNDkyLzIvMSAgMjM5MS8zLzEgIDIzOTAvNC8xIA0KZiAgMjQ5Mi8xLzEgIDI0OTMvMi8xICAyMzkyLzMvMSAgMjM5MS80LzEgDQpmICAyNDkzLzEvMSAgMjQ5NC8yLzEgIDIzOTMvMy8xICAyMzkyLzQvMSANCmYgIDI0OTQvMS8xICAyNDk1LzIvMSAgMjM5NC8zLzEgIDIzOTMvNC8xIA0KZiAgMjQ5NS8xLzEgIDI0OTYvMi8xICAyMzk1LzMvMSAgMjM5NC80LzEgDQpmICAyNDk2LzEvMSAgMjQ5Ny8yLzEgIDIzOTYvMy8xICAyMzk1LzQvMSANCmYgIDI0OTcvMS8xICAyNDk4LzIvMSAgMjM5Ny8zLzEgIDIzOTYvNC8xIA0KZiAgMjQ5OC8xLzEgIDI0OTkvMi8xICAyMzk4LzMvMSAgMjM5Ny80LzEgDQpmICAyNDk5LzEvMSAgMjUwMC8yLzEgIDIzOTkvMy8xICAyMzk4LzQvMSANCmYgIDI1MDAvMS8xICAyNTAxLzIvMSAgMjQwMC8zLzEgIDIzOTkvNC8xIA0KZiAgMjUwMS8xLzEgIDI1MDIvMi8xICAyNDAxLzMvMSAgMjQwMC80LzEgDQpmICAyNTAyLzEvMSAgMjUwMy8yLzEgIDI0MDIvMy8xICAyNDAxLzQvMSANCmYgIDI1MDMvMS8xICAyNTA0LzIvMSAgMjQwMy8zLzEgIDI0MDIvNC8xIA0KZiAgMjUwNC8xLzEgIDI1MDUvMi8xICAyNDA0LzMvMSAgMjQwMy80LzEgDQpmICAyNTA1LzEvMSAgMjUwNi8yLzEgIDI0MDUvMy8xICAyNDA0LzQvMSANCmYgIDI1MDYvMS8xICAyNTA3LzIvMSAgMjQwNi8zLzEgIDI0MDUvNC8xIA0KZiAgMjUwNy8xLzEgIDI1MDgvMi8xICAyNDA3LzMvMSAgMjQwNi80LzEgDQpmICAyNTA4LzEvMSAgMjUwOS8yLzEgIDI0MDgvMy8xICAyNDA3LzQvMSANCmYgIDI1MDkvMS8xICAyNTEwLzIvMSAgMjQwOS8zLzEgIDI0MDgvNC8xIA0KZiAgMjUxMC8xLzEgIDI1MTEvMi8xICAyNDEwLzMvMSAgMjQwOS80LzEgDQpmICAyNTExLzEvMSAgMjUxMi8yLzEgIDI0MTEvMy8xICAyNDEwLzQvMSANCmYgIDI1MTIvMS8xICAyNTEzLzIvMSAgMjQxMi8zLzEgIDI0MTEvNC8xIA0KZiAgMjUxMy8xLzEgIDI1MTQvMi8xICAyNDEzLzMvMSAgMjQxMi80LzEgDQpmICAyNTE0LzEvMSAgMjUxNS8yLzEgIDI0MTQvMy8xICAyNDEzLzQvMSANCmYgIDI1MTUvMS8xICAyNTE2LzIvMSAgMjQxNS8zLzEgIDI0MTQvNC8xIA0KZiAgMjUxNi8xLzEgIDI1MTcvMi8xICAyNDE2LzMvMSAgMjQxNS80LzEgDQpmICAyNTE3LzEvMSAgMjUxOC8yLzEgIDI0MTcvMy8xICAyNDE2LzQvMSANCmYgIDI1MTgvMS8xICAyNTE5LzIvMSAgMjQxOC8zLzEgIDI0MTcvNC8xIA0KZiAgMjUxOS8xLzEgIDI1MjAvMi8xICAyNDE5LzMvMSAgMjQxOC80LzEgDQpmICAyNTIwLzEvMSAgMjUyMS8yLzEgIDI0MjAvMy8xICAyNDE5LzQvMSANCmYgIDI1MjEvMS8xICAyNTIyLzIvMSAgMjQyMS8zLzEgIDI0MjAvNC8xIA0KZiAgMjUyMi8xLzEgIDI1MjMvMi8xICAyNDIyLzMvMSAgMjQyMS80LzEgDQpmICAyNTIzLzEvMSAgMjUyNC8yLzEgIDI0MjMvMy8xICAyNDIyLzQvMSANCmYgIDI1MjQvMS8xICAyNTI1LzIvMSAgMjQyNC8zLzEgIDI0MjMvNC8xIA0KZiAgMjUyNi8xLzEgIDI1MjcvMi8xICAyNDI2LzMvMSAgMjQyNS80LzEgDQpmICAyNTI3LzEvMSAgMjUyOC8yLzEgIDI0MjcvMy8xICAyNDI2LzQvMSANCmYgIDI1MjgvMS8xICAyNTI5LzIvMSAgMjQyOC8zLzEgIDI0MjcvNC8xIA0KZiAgMjUyOS8xLzEgIDI1MzAvMi8xICAyNDI5LzMvMSAgMjQyOC80LzEgDQpmICAyNTMwLzEvMSAgMjUzMS8yLzEgIDI0MzAvMy8xICAyNDI5LzQvMSANCmYgIDI1MzEvMS8xICAyNTMyLzIvMSAgMjQzMS8zLzEgIDI0MzAvNC8xIA0KZiAgMjUzMi8xLzEgIDI1MzMvMi8xICAyNDMyLzMvMSAgMjQzMS80LzEgDQpmICAyNTMzLzEvMSAgMjUzNC8yLzEgIDI0MzMvMy8xICAyNDMyLzQvMSANCmYgIDI1MzQvMS8xICAyNTM1LzIvMSAgMjQzNC8zLzEgIDI0MzMvNC8xIA0KZiAgMjUzNS8xLzEgIDI1MzYvMi8xICAyNDM1LzMvMSAgMjQzNC80LzEgDQpmICAyNTM2LzEvMSAgMjUzNy8yLzEgIDI0MzYvMy8xICAyNDM1LzQvMSANCmYgIDI1MzcvMS8xICAyNTM4LzIvMSAgMjQzNy8zLzEgIDI0MzYvNC8xIA0KZiAgMjUzOC8xLzEgIDI1MzkvMi8xICAyNDM4LzMvMSAgMjQzNy80LzEgDQpmICAyNTM5LzEvMSAgMjU0MC8yLzEgIDI0MzkvMy8xICAyNDM4LzQvMSANCmYgIDI1NDAvMS8xICAyNTQxLzIvMSAgMjQ0MC8zLzEgIDI0MzkvNC8xIA0KZiAgMjU0MS8xLzEgIDI1NDIvMi8xICAyNDQxLzMvMSAgMjQ0MC80LzEgDQpmICAyNTQyLzEvMSAgMjU0My8yLzEgIDI0NDIvMy8xICAyNDQxLzQvMSANCmYgIDI1NDMvMS8xICAyNTQ0LzIvMSAgMjQ0My8zLzEgIDI0NDIvNC8xIA0KZiAgMjU0NC8xLzEgIDI1NDUvMi8xICAyNDQ0LzMvMSAgMjQ0My80LzEgDQpmICAyNTQ1LzEvMSAgMjU0Ni8yLzEgIDI0NDUvMy8xICAyNDQ0LzQvMSANCmYgIDI1NDYvMS8xICAyNTQ3LzIvMSAgMjQ0Ni8zLzEgIDI0NDUvNC8xIA0KZiAgMjU0Ny8xNy8xICAyNTQ4LzE4LzEgIDI0NDcvMTkvMSAgMjQ0Ni8yMC8xIA0KZiAgMjU0OC8yMS8xICAyNTQ5LzIyLzEgIDI0NDgvMjMvMSAgMjQ0Ny8yNC8xIA0KZiAgMjU0OS8yMS8xICAyNTUwLzIyLzEgIDI0NDkvMjMvMSAgMjQ0OC8yNC8xIA0KZiAgMjU1MC81My8xICAyNTUxLzU0LzEgIDI0NTAvNTUvMSAgMjQ0OS81Ni8xIA0KZiAgMjU1MS80NS8xICAyNTUyLzQ2LzEgIDI0NTEvNDcvMSAgMjQ1MC80OC8xIA0KZiAgMjU1Mi82OS8xICAyNTUzLzcwLzEgIDI0NTIvNzEvMSAgMjQ1MS83Mi8xIA0KZiAgMjU1My8yMS8xICAyNTU0LzIyLzEgIDI0NTMvMjMvMSAgMjQ1Mi8yNC8xIA0KZiAgMjU1NC8yMS8xICAyNTU1LzIyLzEgIDI0NTQvMjMvMSAgMjQ1My8yNC8xIA0KZiAgMjU1NS8yMS8xICAyNTU2LzIyLzEgIDI0NTUvMjMvMSAgMjQ1NC8yNC8xIA0KZiAgMjU1Ni8yMS8xICAyNTU3LzIyLzEgIDI0NTYvMjMvMSAgMjQ1NS8yNC8xIA0KZiAgMjU1Ny8yMS8xICAyNTU4LzIyLzEgIDI0NTcvMjMvMSAgMjQ1Ni8yNC8xIA0KZiAgMjU1OC8yMS8xICAyNTU5LzIyLzEgIDI0NTgvMjMvMSAgMjQ1Ny8yNC8xIA0KZiAgMjU1OS8yMS8xICAyNTYwLzIyLzEgIDI0NTkvMjMvMSAgMjQ1OC8yNC8xIA0KZiAgMjU2MC8yMS8xICAyNTYxLzIyLzEgIDI0NjAvMjMvMSAgMjQ1OS8yNC8xIA0KZiAgMjU2MS8yMS8xICAyNTYyLzIyLzEgIDI0NjEvMjMvMSAgMjQ2MC8yNC8xIA0KZiAgMjU2Mi8yMS8xICAyNTYzLzIyLzEgIDI0NjIvMjMvMSAgMjQ2MS8yNC8xIA0KZiAgMjU2My8yMS8xICAyNTY0LzIyLzEgIDI0NjMvMjMvMSAgMjQ2Mi8yNC8xIA0KZiAgMjU2NC8yMS8xICAyNTY1LzIyLzEgIDI0NjQvMjMvMSAgMjQ2My8yNC8xIA0KZiAgMjU2NS8yMS8xICAyNTY2LzIyLzEgIDI0NjUvMjMvMSAgMjQ2NC8yNC8xIA0KZiAgMjU2Ni8yMS8xICAyNTY3LzIyLzEgIDI0NjYvMjMvMSAgMjQ2NS8yNC8xIA0KZiAgMjU2Ny8yMS8xICAyNTY4LzIyLzEgIDI0NjcvMjMvMSAgMjQ2Ni8yNC8xIA0KZiAgMjU2OC8yMS8xICAyNTY5LzIyLzEgIDI0NjgvMjMvMSAgMjQ2Ny8yNC8xIA0KZiAgMjU2OS81My8xICAyNTcwLzU0LzEgIDI0NjkvNTUvMSAgMjQ2OC81Ni8xIA0KZiAgMjU3MC80NS8xICAyNTcxLzQ2LzEgIDI0NzAvNDcvMSAgMjQ2OS80OC8xIA0KZiAgMjU3MS82OS8xICAyNTcyLzcwLzEgIDI0NzEvNzEvMSAgMjQ3MC83Mi8xIA0KZiAgMjU3Mi8yMS8xICAyNTczLzIyLzEgIDI0NzIvMjMvMSAgMjQ3MS8yNC8xIA0KZiAgMjU3My8yNS8xICAyNTc0LzI2LzEgIDI0NzMvMjcvMSAgMjQ3Mi8yOC8xIA0KZiAgMjU3NC8xLzEgIDI1NzUvMi8xICAyNDc0LzMvMSAgMjQ3My80LzEgDQpmICAyNTc1LzEvMSAgMjU3Ni8yLzEgIDI0NzUvMy8xICAyNDc0LzQvMSANCmYgIDI1NzYvMS8xICAyNTc3LzIvMSAgMjQ3Ni8zLzEgIDI0NzUvNC8xIA0KZiAgMjU3Ny8xLzEgIDI1NzgvMi8xICAyNDc3LzMvMSAgMjQ3Ni80LzEgDQpmICAyNTc4LzEvMSAgMjU3OS8yLzEgIDI0NzgvMy8xICAyNDc3LzQvMSANCmYgIDI1NzkvMS8xICAyNTgwLzIvMSAgMjQ3OS8zLzEgIDI0NzgvNC8xIA0KZiAgMjU4MC8xLzEgIDI1ODEvMi8xICAyNDgwLzMvMSAgMjQ3OS80LzEgDQpmICAyNTgxLzEvMSAgMjU4Mi8yLzEgIDI0ODEvMy8xICAyNDgwLzQvMSANCmYgIDI1ODIvMS8xICAyNTgzLzIvMSAgMjQ4Mi8zLzEgIDI0ODEvNC8xIA0KZiAgMjU4My8xLzEgIDI1ODQvMi8xICAyNDgzLzMvMSAgMjQ4Mi80LzEgDQpmICAyNTg0LzEvMSAgMjU4NS8yLzEgIDI0ODQvMy8xICAyNDgzLzQvMSANCmYgIDI1ODUvMS8xICAyNTg2LzIvMSAgMjQ4NS8zLzEgIDI0ODQvNC8xIA0KZiAgMjU4Ni8xLzEgIDI1ODcvMi8xICAyNDg2LzMvMSAgMjQ4NS80LzEgDQpmICAyNTg3LzEvMSAgMjU4OC8yLzEgIDI0ODcvMy8xICAyNDg2LzQvMSANCmYgIDI1ODgvMS8xICAyNTg5LzIvMSAgMjQ4OC8zLzEgIDI0ODcvNC8xIA0KZiAgMjU4OS8xLzEgIDI1OTAvMi8xICAyNDg5LzMvMSAgMjQ4OC80LzEgDQpmICAyNTkwLzEvMSAgMjU5MS8yLzEgIDI0OTAvMy8xICAyNDg5LzQvMSANCmYgIDI1OTEvMS8xICAyNTkyLzIvMSAgMjQ5MS8zLzEgIDI0OTAvNC8xIA0KZiAgMjU5Mi8xLzEgIDI1OTMvMi8xICAyNDkyLzMvMSAgMjQ5MS80LzEgDQpmICAyNTkzLzEvMSAgMjU5NC8yLzEgIDI0OTMvMy8xICAyNDkyLzQvMSANCmYgIDI1OTQvMS8xICAyNTk1LzIvMSAgMjQ5NC8zLzEgIDI0OTMvNC8xIA0KZiAgMjU5NS8xLzEgIDI1OTYvMi8xICAyNDk1LzMvMSAgMjQ5NC80LzEgDQpmICAyNTk2LzEvMSAgMjU5Ny8yLzEgIDI0OTYvMy8xICAyNDk1LzQvMSANCmYgIDI1OTcvMS8xICAyNTk4LzIvMSAgMjQ5Ny8zLzEgIDI0OTYvNC8xIA0KZiAgMjU5OC8xLzEgIDI1OTkvMi8xICAyNDk4LzMvMSAgMjQ5Ny80LzEgDQpmICAyNTk5LzEvMSAgMjYwMC8yLzEgIDI0OTkvMy8xICAyNDk4LzQvMSANCmYgIDI2MDAvMS8xICAyNjAxLzIvMSAgMjUwMC8zLzEgIDI0OTkvNC8xIA0KZiAgMjYwMS8xLzEgIDI2MDIvMi8xICAyNTAxLzMvMSAgMjUwMC80LzEgDQpmICAyNjAyLzEvMSAgMjYwMy8yLzEgIDI1MDIvMy8xICAyNTAxLzQvMSANCmYgIDI2MDMvMS8xICAyNjA0LzIvMSAgMjUwMy8zLzEgIDI1MDIvNC8xIA0KZiAgMjYwNC8xLzEgIDI2MDUvMi8xICAyNTA0LzMvMSAgMjUwMy80LzEgDQpmICAyNjA1LzEvMSAgMjYwNi8yLzEgIDI1MDUvMy8xICAyNTA0LzQvMSANCmYgIDI2MDYvMS8xICAyNjA3LzIvMSAgMjUwNi8zLzEgIDI1MDUvNC8xIA0KZiAgMjYwNy8xLzEgIDI2MDgvMi8xICAyNTA3LzMvMSAgMjUwNi80LzEgDQpmICAyNjA4LzEvMSAgMjYwOS8yLzEgIDI1MDgvMy8xICAyNTA3LzQvMSANCmYgIDI2MDkvMS8xICAyNjEwLzIvMSAgMjUwOS8zLzEgIDI1MDgvNC8xIA0KZiAgMjYxMC8xLzEgIDI2MTEvMi8xICAyNTEwLzMvMSAgMjUwOS80LzEgDQpmICAyNjExLzEvMSAgMjYxMi8yLzEgIDI1MTEvMy8xICAyNTEwLzQvMSANCmYgIDI2MTIvMS8xICAyNjEzLzIvMSAgMjUxMi8zLzEgIDI1MTEvNC8xIA0KZiAgMjYxMy8xLzEgIDI2MTQvMi8xICAyNTEzLzMvMSAgMjUxMi80LzEgDQpmICAyNjE0LzEvMSAgMjYxNS8yLzEgIDI1MTQvMy8xICAyNTEzLzQvMSANCmYgIDI2MTUvMS8xICAyNjE2LzIvMSAgMjUxNS8zLzEgIDI1MTQvNC8xIA0KZiAgMjYxNi8xLzEgIDI2MTcvMi8xICAyNTE2LzMvMSAgMjUxNS80LzEgDQpmICAyNjE3LzEvMSAgMjYxOC8yLzEgIDI1MTcvMy8xICAyNTE2LzQvMSANCmYgIDI2MTgvMS8xICAyNjE5LzIvMSAgMjUxOC8zLzEgIDI1MTcvNC8xIA0KZiAgMjYxOS8xLzEgIDI2MjAvMi8xICAyNTE5LzMvMSAgMjUxOC80LzEgDQpmICAyNjIwLzEvMSAgMjYyMS8yLzEgIDI1MjAvMy8xICAyNTE5LzQvMSANCmYgIDI2MjEvMS8xICAyNjIyLzIvMSAgMjUyMS8zLzEgIDI1MjAvNC8xIA0KZiAgMjYyMi8xLzEgIDI2MjMvMi8xICAyNTIyLzMvMSAgMjUyMS80LzEgDQpmICAyNjIzLzEvMSAgMjYyNC8yLzEgIDI1MjMvMy8xICAyNTIyLzQvMSANCmYgIDI2MjQvMS8xICAyNjI1LzIvMSAgMjUyNC8zLzEgIDI1MjMvNC8xIA0KZiAgMjYyNS8xLzEgIDI2MjYvMi8xICAyNTI1LzMvMSAgMjUyNC80LzEgDQpmICAyNjI3LzEvMSAgMjYyOC8yLzEgIDI1MjcvMy8xICAyNTI2LzQvMSANCmYgIDI2MjgvMS8xICAyNjI5LzIvMSAgMjUyOC8zLzEgIDI1MjcvNC8xIA0KZiAgMjYyOS8xLzEgIDI2MzAvMi8xICAyNTI5LzMvMSAgMjUyOC80LzEgDQpmICAyNjMwLzEvMSAgMjYzMS8yLzEgIDI1MzAvMy8xICAyNTI5LzQvMSANCmYgIDI2MzEvMS8xICAyNjMyLzIvMSAgMjUzMS8zLzEgIDI1MzAvNC8xIA0KZiAgMjYzMi8xLzEgIDI2MzMvMi8xICAyNTMyLzMvMSAgMjUzMS80LzEgDQpmICAyNjMzLzEvMSAgMjYzNC8yLzEgIDI1MzMvMy8xICAyNTMyLzQvMSANCmYgIDI2MzQvMS8xICAyNjM1LzIvMSAgMjUzNC8zLzEgIDI1MzMvNC8xIA0KZiAgMjYzNS8xLzEgIDI2MzYvMi8xICAyNTM1LzMvMSAgMjUzNC80LzEgDQpmICAyNjM2LzEvMSAgMjYzNy8yLzEgIDI1MzYvMy8xICAyNTM1LzQvMSANCmYgIDI2MzcvMS8xICAyNjM4LzIvMSAgMjUzNy8zLzEgIDI1MzYvNC8xIA0KZiAgMjYzOC8xLzEgIDI2MzkvMi8xICAyNTM4LzMvMSAgMjUzNy80LzEgDQpmICAyNjM5LzEvMSAgMjY0MC8yLzEgIDI1MzkvMy8xICAyNTM4LzQvMSANCmYgIDI2NDAvMS8xICAyNjQxLzIvMSAgMjU0MC8zLzEgIDI1MzkvNC8xIA0KZiAgMjY0MS8xLzEgIDI2NDIvMi8xICAyNTQxLzMvMSAgMjU0MC80LzEgDQpmICAyNjQyLzEvMSAgMjY0My8yLzEgIDI1NDIvMy8xICAyNTQxLzQvMSANCmYgIDI2NDMvMS8xICAyNjQ0LzIvMSAgMjU0My8zLzEgIDI1NDIvNC8xIA0KZiAgMjY0NC8xLzEgIDI2NDUvMi8xICAyNTQ0LzMvMSAgMjU0My80LzEgDQpmICAyNjQ1LzEvMSAgMjY0Ni8yLzEgIDI1NDUvMy8xICAyNTQ0LzQvMSANCmYgIDI2NDYvMS8xICAyNjQ3LzIvMSAgMjU0Ni8zLzEgIDI1NDUvNC8xIA0KZiAgMjY0Ny8xLzEgIDI2NDgvMi8xICAyNTQ3LzMvMSAgMjU0Ni80LzEgDQpmICAyNjQ4LzE3LzEgIDI2NDkvMTgvMSAgMjU0OC8xOS8xICAyNTQ3LzIwLzEgDQpmICAyNjQ5LzIxLzEgIDI2NTAvMjIvMSAgMjU0OS8yMy8xICAyNTQ4LzI0LzEgDQpmICAyNjUwLzIxLzEgIDI2NTEvMjIvMSAgMjU1MC8yMy8xICAyNTQ5LzI0LzEgDQpmICAyNjUxLzUzLzEgIDI2NTIvNTQvMSAgMjU1MS81NS8xICAyNTUwLzU2LzEgDQpmICAyNjUyLzQ1LzEgIDI2NTMvNDYvMSAgMjU1Mi80Ny8xICAyNTUxLzQ4LzEgDQpmICAyNjUzLzY5LzEgIDI2NTQvNzAvMSAgMjU1My83MS8xICAyNTUyLzcyLzEgDQpmICAyNjU0LzIxLzEgIDI2NTUvMjIvMSAgMjU1NC8yMy8xICAyNTUzLzI0LzEgDQpmICAyNjU1LzIxLzEgIDI2NTYvMjIvMSAgMjU1NS8yMy8xICAyNTU0LzI0LzEgDQpmICAyNjU2LzIxLzEgIDI2NTcvMjIvMSAgMjU1Ni8yMy8xICAyNTU1LzI0LzEgDQpmICAyNjU3LzIxLzEgIDI2NTgvMjIvMSAgMjU1Ny8yMy8xICAyNTU2LzI0LzEgDQpmICAyNjU4LzIxLzEgIDI2NTkvMjIvMSAgMjU1OC8yMy8xICAyNTU3LzI0LzEgDQpmICAyNjU5LzIxLzEgIDI2NjAvMjIvMSAgMjU1OS8yMy8xICAyNTU4LzI0LzEgDQpmICAyNjYwLzIxLzEgIDI2NjEvMjIvMSAgMjU2MC8yMy8xICAyNTU5LzI0LzEgDQpmICAyNjYxLzIxLzEgIDI2NjIvMjIvMSAgMjU2MS8yMy8xICAyNTYwLzI0LzEgDQpmICAyNjYyLzIxLzEgIDI2NjMvMjIvMSAgMjU2Mi8yMy8xICAyNTYxLzI0LzEgDQpmICAyNjYzLzIxLzEgIDI2NjQvMjIvMSAgMjU2My8yMy8xICAyNTYyLzI0LzEgDQpmICAyNjY0LzIxLzEgIDI2NjUvMjIvMSAgMjU2NC8yMy8xICAyNTYzLzI0LzEgDQpmICAyNjY1LzIxLzEgIDI2NjYvMjIvMSAgMjU2NS8yMy8xICAyNTY0LzI0LzEgDQpmICAyNjY2LzIxLzEgIDI2NjcvMjIvMSAgMjU2Ni8yMy8xICAyNTY1LzI0LzEgDQpmICAyNjY3LzIxLzEgIDI2NjgvMjIvMSAgMjU2Ny8yMy8xICAyNTY2LzI0LzEgDQpmICAyNjY4LzIxLzEgIDI2NjkvMjIvMSAgMjU2OC8yMy8xICAyNTY3LzI0LzEgDQpmICAyNjY5LzIxLzEgIDI2NzAvMjIvMSAgMjU2OS8yMy8xICAyNTY4LzI0LzEgDQpmICAyNjcwLzUzLzEgIDI2NzEvNTQvMSAgMjU3MC81NS8xICAyNTY5LzU2LzEgDQpmICAyNjcxLzQ1LzEgIDI2NzIvNDYvMSAgMjU3MS80Ny8xICAyNTcwLzQ4LzEgDQpmICAyNjcyLzY5LzEgIDI2NzMvNzAvMSAgMjU3Mi83MS8xICAyNTcxLzcyLzEgDQpmICAyNjczLzIxLzEgIDI2NzQvMjIvMSAgMjU3My8yMy8xICAyNTcyLzI0LzEgDQpmICAyNjc0LzI1LzEgIDI2NzUvMjYvMSAgMjU3NC8yNy8xICAyNTczLzI4LzEgDQpmICAyNjc1LzEvMSAgMjY3Ni8yLzEgIDI1NzUvMy8xICAyNTc0LzQvMSANCmYgIDI2NzYvMS8xICAyNjc3LzIvMSAgMjU3Ni8zLzEgIDI1NzUvNC8xIA0KZiAgMjY3Ny8xLzEgIDI2NzgvMi8xICAyNTc3LzMvMSAgMjU3Ni80LzEgDQpmICAyNjc4LzEvMSAgMjY3OS8yLzEgIDI1NzgvMy8xICAyNTc3LzQvMSANCmYgIDI2NzkvMS8xICAyNjgwLzIvMSAgMjU3OS8zLzEgIDI1NzgvNC8xIA0KZiAgMjY4MC8xLzEgIDI2ODEvMi8xICAyNTgwLzMvMSAgMjU3OS80LzEgDQpmICAyNjgxLzEvMSAgMjY4Mi8yLzEgIDI1ODEvMy8xICAyNTgwLzQvMSANCmYgIDI2ODIvMS8xICAyNjgzLzIvMSAgMjU4Mi8zLzEgIDI1ODEvNC8xIA0KZiAgMjY4My8xLzEgIDI2ODQvMi8xICAyNTgzLzMvMSAgMjU4Mi80LzEgDQpmICAyNjg0LzEvMSAgMjY4NS8yLzEgIDI1ODQvMy8xICAyNTgzLzQvMSANCmYgIDI2ODUvMS8xICAyNjg2LzIvMSAgMjU4NS8zLzEgIDI1ODQvNC8xIA0KZiAgMjY4Ni8xLzEgIDI2ODcvMi8xICAyNTg2LzMvMSAgMjU4NS80LzEgDQpmICAyNjg3LzEvMSAgMjY4OC8yLzEgIDI1ODcvMy8xICAyNTg2LzQvMSANCmYgIDI2ODgvMS8xICAyNjg5LzIvMSAgMjU4OC8zLzEgIDI1ODcvNC8xIA0KZiAgMjY4OS8xLzEgIDI2OTAvMi8xICAyNTg5LzMvMSAgMjU4OC80LzEgDQpmICAyNjkwLzEvMSAgMjY5MS8yLzEgIDI1OTAvMy8xICAyNTg5LzQvMSANCmYgIDI2OTEvMS8xICAyNjkyLzIvMSAgMjU5MS8zLzEgIDI1OTAvNC8xIA0KZiAgMjY5Mi8xLzEgIDI2OTMvMi8xICAyNTkyLzMvMSAgMjU5MS80LzEgDQpmICAyNjkzLzEvMSAgMjY5NC8yLzEgIDI1OTMvMy8xICAyNTkyLzQvMSANCmYgIDI2OTQvMS8xICAyNjk1LzIvMSAgMjU5NC8zLzEgIDI1OTMvNC8xIA0KZiAgMjY5NS8xLzEgIDI2OTYvMi8xICAyNTk1LzMvMSAgMjU5NC80LzEgDQpmICAyNjk2LzEvMSAgMjY5Ny8yLzEgIDI1OTYvMy8xICAyNTk1LzQvMSANCmYgIDI2OTcvMS8xICAyNjk4LzIvMSAgMjU5Ny8zLzEgIDI1OTYvNC8xIA0KZiAgMjY5OC8xLzEgIDI2OTkvMi8xICAyNTk4LzMvMSAgMjU5Ny80LzEgDQpmICAyNjk5LzEvMSAgMjcwMC8yLzEgIDI1OTkvMy8xICAyNTk4LzQvMSANCmYgIDI3MDAvMS8xICAyNzAxLzIvMSAgMjYwMC8zLzEgIDI1OTkvNC8xIA0KZiAgMjcwMS8xLzEgIDI3MDIvMi8xICAyNjAxLzMvMSAgMjYwMC80LzEgDQpmICAyNzAyLzEvMSAgMjcwMy8yLzEgIDI2MDIvMy8xICAyNjAxLzQvMSANCmYgIDI3MDMvMS8xICAyNzA0LzIvMSAgMjYwMy8zLzEgIDI2MDIvNC8xIA0KZiAgMjcwNC8xLzEgIDI3MDUvMi8xICAyNjA0LzMvMSAgMjYwMy80LzEgDQpmICAyNzA1LzEvMSAgMjcwNi8yLzEgIDI2MDUvMy8xICAyNjA0LzQvMSANCmYgIDI3MDYvMS8xICAyNzA3LzIvMSAgMjYwNi8zLzEgIDI2MDUvNC8xIA0KZiAgMjcwNy8xLzEgIDI3MDgvMi8xICAyNjA3LzMvMSAgMjYwNi80LzEgDQpmICAyNzA4LzEvMSAgMjcwOS8yLzEgIDI2MDgvMy8xICAyNjA3LzQvMSANCmYgIDI3MDkvMS8xICAyNzEwLzIvMSAgMjYwOS8zLzEgIDI2MDgvNC8xIA0KZiAgMjcxMC8xLzEgIDI3MTEvMi8xICAyNjEwLzMvMSAgMjYwOS80LzEgDQpmICAyNzExLzEvMSAgMjcxMi8yLzEgIDI2MTEvMy8xICAyNjEwLzQvMSANCmYgIDI3MTIvMS8xICAyNzEzLzIvMSAgMjYxMi8zLzEgIDI2MTEvNC8xIA0KZiAgMjcxMy8xLzEgIDI3MTQvMi8xICAyNjEzLzMvMSAgMjYxMi80LzEgDQpmICAyNzE0LzEvMSAgMjcxNS8yLzEgIDI2MTQvMy8xICAyNjEzLzQvMSANCmYgIDI3MTUvMS8xICAyNzE2LzIvMSAgMjYxNS8zLzEgIDI2MTQvNC8xIA0KZiAgMjcxNi8xLzEgIDI3MTcvMi8xICAyNjE2LzMvMSAgMjYxNS80LzEgDQpmICAyNzE3LzEvMSAgMjcxOC8yLzEgIDI2MTcvMy8xICAyNjE2LzQvMSANCmYgIDI3MTgvMS8xICAyNzE5LzIvMSAgMjYxOC8zLzEgIDI2MTcvNC8xIA0KZiAgMjcxOS8xLzEgIDI3MjAvMi8xICAyNjE5LzMvMSAgMjYxOC80LzEgDQpmICAyNzIwLzEvMSAgMjcyMS8yLzEgIDI2MjAvMy8xICAyNjE5LzQvMSANCmYgIDI3MjEvMS8xICAyNzIyLzIvMSAgMjYyMS8zLzEgIDI2MjAvNC8xIA0KZiAgMjcyMi8xLzEgIDI3MjMvMi8xICAyNjIyLzMvMSAgMjYyMS80LzEgDQpmICAyNzIzLzEvMSAgMjcyNC8yLzEgIDI2MjMvMy8xICAyNjIyLzQvMSANCmYgIDI3MjQvMS8xICAyNzI1LzIvMSAgMjYyNC8zLzEgIDI2MjMvNC8xIA0KZiAgMjcyNS8xLzEgIDI3MjYvMi8xICAyNjI1LzMvMSAgMjYyNC80LzEgDQpmICAyNzI2LzEvMSAgMjcyNy8yLzEgIDI2MjYvMy8xICAyNjI1LzQvMSANCmYgIDI3MjgvMS8xICAyNzI5LzIvMSAgMjYyOC8zLzEgIDI2MjcvNC8xIA0KZiAgMjcyOS8xLzEgIDI3MzAvMi8xICAyNjI5LzMvMSAgMjYyOC80LzEgDQpmICAyNzMwLzEvMSAgMjczMS8yLzEgIDI2MzAvMy8xICAyNjI5LzQvMSANCmYgIDI3MzEvMS8xICAyNzMyLzIvMSAgMjYzMS8zLzEgIDI2MzAvNC8xIA0KZiAgMjczMi8xLzEgIDI3MzMvMi8xICAyNjMyLzMvMSAgMjYzMS80LzEgDQpmICAyNzMzLzEvMSAgMjczNC8yLzEgIDI2MzMvMy8xICAyNjMyLzQvMSANCmYgIDI3MzQvMS8xICAyNzM1LzIvMSAgMjYzNC8zLzEgIDI2MzMvNC8xIA0KZiAgMjczNS8xLzEgIDI3MzYvMi8xICAyNjM1LzMvMSAgMjYzNC80LzEgDQpmICAyNzM2LzEvMSAgMjczNy8yLzEgIDI2MzYvMy8xICAyNjM1LzQvMSANCmYgIDI3MzcvMS8xICAyNzM4LzIvMSAgMjYzNy8zLzEgIDI2MzYvNC8xIA0KZiAgMjczOC8xLzEgIDI3MzkvMi8xICAyNjM4LzMvMSAgMjYzNy80LzEgDQpmICAyNzM5LzEvMSAgMjc0MC8yLzEgIDI2MzkvMy8xICAyNjM4LzQvMSANCmYgIDI3NDAvMS8xICAyNzQxLzIvMSAgMjY0MC8zLzEgIDI2MzkvNC8xIA0KZiAgMjc0MS8xLzEgIDI3NDIvMi8xICAyNjQxLzMvMSAgMjY0MC80LzEgDQpmICAyNzQyLzEvMSAgMjc0My8yLzEgIDI2NDIvMy8xICAyNjQxLzQvMSANCmYgIDI3NDMvMS8xICAyNzQ0LzIvMSAgMjY0My8zLzEgIDI2NDIvNC8xIA0KZiAgMjc0NC8xLzEgIDI3NDUvMi8xICAyNjQ0LzMvMSAgMjY0My80LzEgDQpmICAyNzQ1LzEvMSAgMjc0Ni8yLzEgIDI2NDUvMy8xICAyNjQ0LzQvMSANCmYgIDI3NDYvMS8xICAyNzQ3LzIvMSAgMjY0Ni8zLzEgIDI2NDUvNC8xIA0KZiAgMjc0Ny8xLzEgIDI3NDgvMi8xICAyNjQ3LzMvMSAgMjY0Ni80LzEgDQpmICAyNzQ4LzEvMSAgMjc0OS8yLzEgIDI2NDgvMy8xICAyNjQ3LzQvMSANCmYgIDI3NDkvMTcvMSAgMjc1MC8xOC8xICAyNjQ5LzE5LzEgIDI2NDgvMjAvMSANCmYgIDI3NTAvMjEvMSAgMjc1MS8yMi8xICAyNjUwLzIzLzEgIDI2NDkvMjQvMSANCmYgIDI3NTEvMjEvMSAgMjc1Mi8yMi8xICAyNjUxLzIzLzEgIDI2NTAvMjQvMSANCmYgIDI3NTIvNTMvMSAgMjc1My81NC8xICAyNjUyLzU1LzEgIDI2NTEvNTYvMSANCmYgIDI3NTMvNDUvMSAgMjc1NC80Ni8xICAyNjUzLzQ3LzEgIDI2NTIvNDgvMSANCmYgIDI3NTQvNDkvMSAgMjc1NS81MC8xICAyNjU0LzUxLzEgIDI2NTMvNTIvMSANCmYgIDI3NTUvMzcvMSAgMjc1Ni8zOC8xICAyNjU1LzM5LzEgIDI2NTQvNDAvMSANCmYgIDI3NTYvMjEvMSAgMjc1Ny8yMi8xICAyNjU2LzIzLzEgIDI2NTUvMjQvMSANCmYgIDI3NTcvMjEvMSAgMjc1OC8yMi8xICAyNjU3LzIzLzEgIDI2NTYvMjQvMSANCmYgIDI3NTgvMjEvMSAgMjc1OS8yMi8xICAyNjU4LzIzLzEgIDI2NTcvMjQvMSANCmYgIDI3NTkvMjEvMSAgMjc2MC8yMi8xICAyNjU5LzIzLzEgIDI2NTgvMjQvMSANCmYgIDI3NjAvMjEvMSAgMjc2MS8yMi8xICAyNjYwLzIzLzEgIDI2NTkvMjQvMSANCmYgIDI3NjEvMjEvMSAgMjc2Mi8yMi8xICAyNjYxLzIzLzEgIDI2NjAvMjQvMSANCmYgIDI3NjIvMjEvMSAgMjc2My8yMi8xICAyNjYyLzIzLzEgIDI2NjEvMjQvMSANCmYgIDI3NjMvMjEvMSAgMjc2NC8yMi8xICAyNjYzLzIzLzEgIDI2NjIvMjQvMSANCmYgIDI3NjQvMjEvMSAgMjc2NS8yMi8xICAyNjY0LzIzLzEgIDI2NjMvMjQvMSANCmYgIDI3NjUvMjEvMSAgMjc2Ni8yMi8xICAyNjY1LzIzLzEgIDI2NjQvMjQvMSANCmYgIDI3NjYvMjEvMSAgMjc2Ny8yMi8xICAyNjY2LzIzLzEgIDI2NjUvMjQvMSANCmYgIDI3NjcvMjEvMSAgMjc2OC8yMi8xICAyNjY3LzIzLzEgIDI2NjYvMjQvMSANCmYgIDI3NjgvMjEvMSAgMjc2OS8yMi8xICAyNjY4LzIzLzEgIDI2NjcvMjQvMSANCmYgIDI3NjkvMjEvMSAgMjc3MC8yMi8xICAyNjY5LzIzLzEgIDI2NjgvMjQvMSANCmYgIDI3NzAvMjkvMSAgMjc3MS8zMC8xICAyNjcwLzMxLzEgIDI2NjkvMzIvMSANCmYgIDI3NzEvNDEvMSAgMjc3Mi80Mi8xICAyNjcxLzQzLzEgIDI2NzAvNDQvMSANCmYgIDI3NzIvNDUvMSAgMjc3My80Ni8xICAyNjcyLzQ3LzEgIDI2NzEvNDgvMSANCmYgIDI3NzMvNjkvMSAgMjc3NC83MC8xICAyNjczLzcxLzEgIDI2NzIvNzIvMSANCmYgIDI3NzQvMjEvMSAgMjc3NS8yMi8xICAyNjc0LzIzLzEgIDI2NzMvMjQvMSANCmYgIDI3NzUvMjUvMSAgMjc3Ni8yNi8xICAyNjc1LzI3LzEgIDI2NzQvMjgvMSANCmYgIDI3NzYvMS8xICAyNzc3LzIvMSAgMjY3Ni8zLzEgIDI2NzUvNC8xIA0KZiAgMjc3Ny8xLzEgIDI3NzgvMi8xICAyNjc3LzMvMSAgMjY3Ni80LzEgDQpmICAyNzc4LzEvMSAgMjc3OS8yLzEgIDI2NzgvMy8xICAyNjc3LzQvMSANCmYgIDI3NzkvMS8xICAyNzgwLzIvMSAgMjY3OS8zLzEgIDI2NzgvNC8xIA0KZiAgMjc4MC8xLzEgIDI3ODEvMi8xICAyNjgwLzMvMSAgMjY3OS80LzEgDQpmICAyNzgxLzEvMSAgMjc4Mi8yLzEgIDI2ODEvMy8xICAyNjgwLzQvMSANCmYgIDI3ODIvMS8xICAyNzgzLzIvMSAgMjY4Mi8zLzEgIDI2ODEvNC8xIA0KZiAgMjc4My8xLzEgIDI3ODQvMi8xICAyNjgzLzMvMSAgMjY4Mi80LzEgDQpmICAyNzg0LzEvMSAgMjc4NS8yLzEgIDI2ODQvMy8xICAyNjgzLzQvMSANCmYgIDI3ODUvMS8xICAyNzg2LzIvMSAgMjY4NS8zLzEgIDI2ODQvNC8xIA0KZiAgMjc4Ni8xLzEgIDI3ODcvMi8xICAyNjg2LzMvMSAgMjY4NS80LzEgDQpmICAyNzg3LzEvMSAgMjc4OC8yLzEgIDI2ODcvMy8xICAyNjg2LzQvMSANCmYgIDI3ODgvMS8xICAyNzg5LzIvMSAgMjY4OC8zLzEgIDI2ODcvNC8xIA0KZiAgMjc4OS8xLzEgIDI3OTAvMi8xICAyNjg5LzMvMSAgMjY4OC80LzEgDQpmICAyNzkwLzEvMSAgMjc5MS8yLzEgIDI2OTAvMy8xICAyNjg5LzQvMSANCmYgIDI3OTEvMS8xICAyNzkyLzIvMSAgMjY5MS8zLzEgIDI2OTAvNC8xIA0KZiAgMjc5Mi8xLzEgIDI3OTMvMi8xICAyNjkyLzMvMSAgMjY5MS80LzEgDQpmICAyNzkzLzEvMSAgMjc5NC8yLzEgIDI2OTMvMy8xICAyNjkyLzQvMSANCmYgIDI3OTQvMS8xICAyNzk1LzIvMSAgMjY5NC8zLzEgIDI2OTMvNC8xIA0KZiAgMjc5NS8xLzEgIDI3OTYvMi8xICAyNjk1LzMvMSAgMjY5NC80LzEgDQpmICAyNzk2LzEvMSAgMjc5Ny8yLzEgIDI2OTYvMy8xICAyNjk1LzQvMSANCmYgIDI3OTcvMS8xICAyNzk4LzIvMSAgMjY5Ny8zLzEgIDI2OTYvNC8xIA0KZiAgMjc5OC8xLzEgIDI3OTkvMi8xICAyNjk4LzMvMSAgMjY5Ny80LzEgDQpmICAyNzk5LzEvMSAgMjgwMC8yLzEgIDI2OTkvMy8xICAyNjk4LzQvMSANCmYgIDI4MDAvMS8xICAyODAxLzIvMSAgMjcwMC8zLzEgIDI2OTkvNC8xIA0KZiAgMjgwMS8xLzEgIDI4MDIvMi8xICAyNzAxLzMvMSAgMjcwMC80LzEgDQpmICAyODAyLzEvMSAgMjgwMy8yLzEgIDI3MDIvMy8xICAyNzAxLzQvMSANCmYgIDI4MDMvMS8xICAyODA0LzIvMSAgMjcwMy8zLzEgIDI3MDIvNC8xIA0KZiAgMjgwNC8xLzEgIDI4MDUvMi8xICAyNzA0LzMvMSAgMjcwMy80LzEgDQpmICAyODA1LzEvMSAgMjgwNi8yLzEgIDI3MDUvMy8xICAyNzA0LzQvMSANCmYgIDI4MDYvMS8xICAyODA3LzIvMSAgMjcwNi8zLzEgIDI3MDUvNC8xIA0KZiAgMjgwNy8xLzEgIDI4MDgvMi8xICAyNzA3LzMvMSAgMjcwNi80LzEgDQpmICAyODA4LzEvMSAgMjgwOS8yLzEgIDI3MDgvMy8xICAyNzA3LzQvMSANCmYgIDI4MDkvMS8xICAyODEwLzIvMSAgMjcwOS8zLzEgIDI3MDgvNC8xIA0KZiAgMjgxMC8xLzEgIDI4MTEvMi8xICAyNzEwLzMvMSAgMjcwOS80LzEgDQpmICAyODExLzEvMSAgMjgxMi8yLzEgIDI3MTEvMy8xICAyNzEwLzQvMSANCmYgIDI4MTIvMS8xICAyODEzLzIvMSAgMjcxMi8zLzEgIDI3MTEvNC8xIA0KZiAgMjgxMy8xLzEgIDI4MTQvMi8xICAyNzEzLzMvMSAgMjcxMi80LzEgDQpmICAyODE0LzEvMSAgMjgxNS8yLzEgIDI3MTQvMy8xICAyNzEzLzQvMSANCmYgIDI4MTUvMS8xICAyODE2LzIvMSAgMjcxNS8zLzEgIDI3MTQvNC8xIA0KZiAgMjgxNi8xLzEgIDI4MTcvMi8xICAyNzE2LzMvMSAgMjcxNS80LzEgDQpmICAyODE3LzEvMSAgMjgxOC8yLzEgIDI3MTcvMy8xICAyNzE2LzQvMSANCmYgIDI4MTgvMS8xICAyODE5LzIvMSAgMjcxOC8zLzEgIDI3MTcvNC8xIA0KZiAgMjgxOS8xLzEgIDI4MjAvMi8xICAyNzE5LzMvMSAgMjcxOC80LzEgDQpmICAyODIwLzEvMSAgMjgyMS8yLzEgIDI3MjAvMy8xICAyNzE5LzQvMSANCmYgIDI4MjEvMS8xICAyODIyLzIvMSAgMjcyMS8zLzEgIDI3MjAvNC8xIA0KZiAgMjgyMi8xLzEgIDI4MjMvMi8xICAyNzIyLzMvMSAgMjcyMS80LzEgDQpmICAyODIzLzEvMSAgMjgyNC8yLzEgIDI3MjMvMy8xICAyNzIyLzQvMSANCmYgIDI4MjQvMS8xICAyODI1LzIvMSAgMjcyNC8zLzEgIDI3MjMvNC8xIA0KZiAgMjgyNS8xLzEgIDI4MjYvMi8xICAyNzI1LzMvMSAgMjcyNC80LzEgDQpmICAyODI2LzEvMSAgMjgyNy8yLzEgIDI3MjYvMy8xICAyNzI1LzQvMSANCmYgIDI4MjcvMS8xICAyODI4LzIvMSAgMjcyNy8zLzEgIDI3MjYvNC8xIA0KZiAgMjgyOS8xLzEgIDI4MzAvMi8xICAyNzI5LzMvMSAgMjcyOC80LzEgDQpmICAyODMwLzEvMSAgMjgzMS8yLzEgIDI3MzAvMy8xICAyNzI5LzQvMSANCmYgIDI4MzEvMS8xICAyODMyLzIvMSAgMjczMS8zLzEgIDI3MzAvNC8xIA0KZiAgMjgzMi8xLzEgIDI4MzMvMi8xICAyNzMyLzMvMSAgMjczMS80LzEgDQpmICAyODMzLzEvMSAgMjgzNC8yLzEgIDI3MzMvMy8xICAyNzMyLzQvMSANCmYgIDI4MzQvMS8xICAyODM1LzIvMSAgMjczNC8zLzEgIDI3MzMvNC8xIA0KZiAgMjgzNS8xLzEgIDI4MzYvMi8xICAyNzM1LzMvMSAgMjczNC80LzEgDQpmICAyODM2LzEvMSAgMjgzNy8yLzEgIDI3MzYvMy8xICAyNzM1LzQvMSANCmYgIDI4MzcvMS8xICAyODM4LzIvMSAgMjczNy8zLzEgIDI3MzYvNC8xIA0KZiAgMjgzOC8xLzEgIDI4MzkvMi8xICAyNzM4LzMvMSAgMjczNy80LzEgDQpmICAyODM5LzEvMSAgMjg0MC8yLzEgIDI3MzkvMy8xICAyNzM4LzQvMSANCmYgIDI4NDAvMS8xICAyODQxLzIvMSAgMjc0MC8zLzEgIDI3MzkvNC8xIA0KZiAgMjg0MS8xLzEgIDI4NDIvMi8xICAyNzQxLzMvMSAgMjc0MC80LzEgDQpmICAyODQyLzEvMSAgMjg0My8yLzEgIDI3NDIvMy8xICAyNzQxLzQvMSANCmYgIDI4NDMvMS8xICAyODQ0LzIvMSAgMjc0My8zLzEgIDI3NDIvNC8xIA0KZiAgMjg0NC8xLzEgIDI4NDUvMi8xICAyNzQ0LzMvMSAgMjc0My80LzEgDQpmICAyODQ1LzEvMSAgMjg0Ni8yLzEgIDI3NDUvMy8xICAyNzQ0LzQvMSANCmYgIDI4NDYvMS8xICAyODQ3LzIvMSAgMjc0Ni8zLzEgIDI3NDUvNC8xIA0KZiAgMjg0Ny8xLzEgIDI4NDgvMi8xICAyNzQ3LzMvMSAgMjc0Ni80LzEgDQpmICAyODQ4LzEvMSAgMjg0OS8yLzEgIDI3NDgvMy8xICAyNzQ3LzQvMSANCmYgIDI4NDkvMS8xICAyODUwLzIvMSAgMjc0OS8zLzEgIDI3NDgvNC8xIA0KZiAgMjg1MC8xNy8xICAyODUxLzE4LzEgIDI3NTAvMTkvMSAgMjc0OS8yMC8xIA0KZiAgMjg1MS8yMS8xICAyODUyLzIyLzEgIDI3NTEvMjMvMSAgMjc1MC8yNC8xIA0KZiAgMjg1Mi8yMS8xICAyODUzLzIyLzEgIDI3NTIvMjMvMSAgMjc1MS8yNC8xIA0KZiAgMjg1My81My8xICAyODU0LzU0LzEgIDI3NTMvNTUvMSAgMjc1Mi81Ni8xIA0KZiAgMjg1NC80NS8xICAyODU1LzQ2LzEgIDI3NTQvNDcvMSAgMjc1My80OC8xIA0KZiAgMjg1NS80NS8xICAyODU2LzQ2LzEgIDI3NTUvNDcvMSAgMjc1NC80OC8xIA0KZiAgMjg1Ni80OS8xICAyODU3LzUwLzEgIDI3NTYvNTEvMSAgMjc1NS81Mi8xIA0KZiAgMjg1Ny8zMy8xICAyODU4LzM0LzEgIDI3NTcvMzUvMSAgMjc1Ni8zNi8xIA0KZiAgMjg1OC8zMy8xICAyODU5LzM0LzEgIDI3NTgvMzUvMSAgMjc1Ny8zNi8xIA0KZiAgMjg1OS8zMy8xICAyODYwLzM0LzEgIDI3NTkvMzUvMSAgMjc1OC8zNi8xIA0KZiAgMjg2MC8zMy8xICAyODYxLzM0LzEgIDI3NjAvMzUvMSAgMjc1OS8zNi8xIA0KZiAgMjg2MS8zMy8xICAyODYyLzM0LzEgIDI3NjEvMzUvMSAgMjc2MC8zNi8xIA0KZiAgMjg2Mi8zMy8xICAyODYzLzM0LzEgIDI3NjIvMzUvMSAgMjc2MS8zNi8xIA0KZiAgMjg2My8zMy8xICAyODY0LzM0LzEgIDI3NjMvMzUvMSAgMjc2Mi8zNi8xIA0KZiAgMjg2NC8zMy8xICAyODY1LzM0LzEgIDI3NjQvMzUvMSAgMjc2My8zNi8xIA0KZiAgMjg2NS8zMy8xICAyODY2LzM0LzEgIDI3NjUvMzUvMSAgMjc2NC8zNi8xIA0KZiAgMjg2Ni8zMy8xICAyODY3LzM0LzEgIDI3NjYvMzUvMSAgMjc2NS8zNi8xIA0KZiAgMjg2Ny8zMy8xICAyODY4LzM0LzEgIDI3NjcvMzUvMSAgMjc2Ni8zNi8xIA0KZiAgMjg2OC8zMy8xICAyODY5LzM0LzEgIDI3NjgvMzUvMSAgMjc2Ny8zNi8xIA0KZiAgMjg2OS8zMy8xICAyODcwLzM0LzEgIDI3NjkvMzUvMSAgMjc2OC8zNi8xIA0KZiAgMjg3MC8zMy8xICAyODcxLzM0LzEgIDI3NzAvMzUvMSAgMjc2OS8zNi8xIA0KZiAgMjg3MS80MS8xICAyODcyLzQyLzEgIDI3NzEvNDMvMSAgMjc3MC80NC8xIA0KZiAgMjg3Mi80NS8xICAyODczLzQ2LzEgIDI3NzIvNDcvMSAgMjc3MS80OC8xIA0KZiAgMjg3My80NS8xICAyODc0LzQ2LzEgIDI3NzMvNDcvMSAgMjc3Mi80OC8xIA0KZiAgMjg3NC82OS8xICAyODc1LzcwLzEgIDI3NzQvNzEvMSAgMjc3My83Mi8xIA0KZiAgMjg3NS8yMS8xICAyODc2LzIyLzEgIDI3NzUvMjMvMSAgMjc3NC8yNC8xIA0KZiAgMjg3Ni8yNS8xICAyODc3LzI2LzEgIDI3NzYvMjcvMSAgMjc3NS8yOC8xIA0KZiAgMjg3Ny8xLzEgIDI4NzgvMi8xICAyNzc3LzMvMSAgMjc3Ni80LzEgDQpmICAyODc4LzEvMSAgMjg3OS8yLzEgIDI3NzgvMy8xICAyNzc3LzQvMSANCmYgIDI4NzkvMS8xICAyODgwLzIvMSAgMjc3OS8zLzEgIDI3NzgvNC8xIA0KZiAgMjg4MC8xLzEgIDI4ODEvMi8xICAyNzgwLzMvMSAgMjc3OS80LzEgDQpmICAyODgxLzEvMSAgMjg4Mi8yLzEgIDI3ODEvMy8xICAyNzgwLzQvMSANCmYgIDI4ODIvMS8xICAyODgzLzIvMSAgMjc4Mi8zLzEgIDI3ODEvNC8xIA0KZiAgMjg4My8xLzEgIDI4ODQvMi8xICAyNzgzLzMvMSAgMjc4Mi80LzEgDQpmICAyODg0LzEvMSAgMjg4NS8yLzEgIDI3ODQvMy8xICAyNzgzLzQvMSANCmYgIDI4ODUvMS8xICAyODg2LzIvMSAgMjc4NS8zLzEgIDI3ODQvNC8xIA0KZiAgMjg4Ni8xLzEgIDI4ODcvMi8xICAyNzg2LzMvMSAgMjc4NS80LzEgDQpmICAyODg3LzEvMSAgMjg4OC8yLzEgIDI3ODcvMy8xICAyNzg2LzQvMSANCmYgIDI4ODgvMS8xICAyODg5LzIvMSAgMjc4OC8zLzEgIDI3ODcvNC8xIA0KZiAgMjg4OS8xLzEgIDI4OTAvMi8xICAyNzg5LzMvMSAgMjc4OC80LzEgDQpmICAyODkwLzEvMSAgMjg5MS8yLzEgIDI3OTAvMy8xICAyNzg5LzQvMSANCmYgIDI4OTEvMS8xICAyODkyLzIvMSAgMjc5MS8zLzEgIDI3OTAvNC8xIA0KZiAgMjg5Mi8xLzEgIDI4OTMvMi8xICAyNzkyLzMvMSAgMjc5MS80LzEgDQpmICAyODkzLzEvMSAgMjg5NC8yLzEgIDI3OTMvMy8xICAyNzkyLzQvMSANCmYgIDI4OTQvMS8xICAyODk1LzIvMSAgMjc5NC8zLzEgIDI3OTMvNC8xIA0KZiAgMjg5NS8xLzEgIDI4OTYvMi8xICAyNzk1LzMvMSAgMjc5NC80LzEgDQpmICAyODk2LzEvMSAgMjg5Ny8yLzEgIDI3OTYvMy8xICAyNzk1LzQvMSANCmYgIDI4OTcvMS8xICAyODk4LzIvMSAgMjc5Ny8zLzEgIDI3OTYvNC8xIA0KZiAgMjg5OC8xLzEgIDI4OTkvMi8xICAyNzk4LzMvMSAgMjc5Ny80LzEgDQpmICAyODk5LzEvMSAgMjkwMC8yLzEgIDI3OTkvMy8xICAyNzk4LzQvMSANCmYgIDI5MDAvMS8xICAyOTAxLzIvMSAgMjgwMC8zLzEgIDI3OTkvNC8xIA0KZiAgMjkwMS8xLzEgIDI5MDIvMi8xICAyODAxLzMvMSAgMjgwMC80LzEgDQpmICAyOTAyLzEvMSAgMjkwMy8yLzEgIDI4MDIvMy8xICAyODAxLzQvMSANCmYgIDI5MDMvMS8xICAyOTA0LzIvMSAgMjgwMy8zLzEgIDI4MDIvNC8xIA0KZiAgMjkwNC8xLzEgIDI5MDUvMi8xICAyODA0LzMvMSAgMjgwMy80LzEgDQpmICAyOTA1LzEvMSAgMjkwNi8yLzEgIDI4MDUvMy8xICAyODA0LzQvMSANCmYgIDI5MDYvMS8xICAyOTA3LzIvMSAgMjgwNi8zLzEgIDI4MDUvNC8xIA0KZiAgMjkwNy8xLzEgIDI5MDgvMi8xICAyODA3LzMvMSAgMjgwNi80LzEgDQpmICAyOTA4LzEvMSAgMjkwOS8yLzEgIDI4MDgvMy8xICAyODA3LzQvMSANCmYgIDI5MDkvMS8xICAyOTEwLzIvMSAgMjgwOS8zLzEgIDI4MDgvNC8xIA0KZiAgMjkxMC8xLzEgIDI5MTEvMi8xICAyODEwLzMvMSAgMjgwOS80LzEgDQpmICAyOTExLzEvMSAgMjkxMi8yLzEgIDI4MTEvMy8xICAyODEwLzQvMSANCmYgIDI5MTIvMS8xICAyOTEzLzIvMSAgMjgxMi8zLzEgIDI4MTEvNC8xIA0KZiAgMjkxMy8xLzEgIDI5MTQvMi8xICAyODEzLzMvMSAgMjgxMi80LzEgDQpmICAyOTE0LzEvMSAgMjkxNS8yLzEgIDI4MTQvMy8xICAyODEzLzQvMSANCmYgIDI5MTUvMS8xICAyOTE2LzIvMSAgMjgxNS8zLzEgIDI4MTQvNC8xIA0KZiAgMjkxNi8xLzEgIDI5MTcvMi8xICAyODE2LzMvMSAgMjgxNS80LzEgDQpmICAyOTE3LzEvMSAgMjkxOC8yLzEgIDI4MTcvMy8xICAyODE2LzQvMSANCmYgIDI5MTgvMS8xICAyOTE5LzIvMSAgMjgxOC8zLzEgIDI4MTcvNC8xIA0KZiAgMjkxOS8xLzEgIDI5MjAvMi8xICAyODE5LzMvMSAgMjgxOC80LzEgDQpmICAyOTIwLzEvMSAgMjkyMS8yLzEgIDI4MjAvMy8xICAyODE5LzQvMSANCmYgIDI5MjEvMS8xICAyOTIyLzIvMSAgMjgyMS8zLzEgIDI4MjAvNC8xIA0KZiAgMjkyMi8xLzEgIDI5MjMvMi8xICAyODIyLzMvMSAgMjgyMS80LzEgDQpmICAyOTIzLzEvMSAgMjkyNC8yLzEgIDI4MjMvMy8xICAyODIyLzQvMSANCmYgIDI5MjQvMS8xICAyOTI1LzIvMSAgMjgyNC8zLzEgIDI4MjMvNC8xIA0KZiAgMjkyNS8xLzEgIDI5MjYvMi8xICAyODI1LzMvMSAgMjgyNC80LzEgDQpmICAyOTI2LzEvMSAgMjkyNy8yLzEgIDI4MjYvMy8xICAyODI1LzQvMSANCmYgIDI5MjcvMS8xICAyOTI4LzIvMSAgMjgyNy8zLzEgIDI4MjYvNC8xIA0KZiAgMjkyOC8xLzEgIDI5MjkvMi8xICAyODI4LzMvMSAgMjgyNy80LzEgDQpmICAyOTMwLzEvMSAgMjkzMS8yLzEgIDI4MzAvMy8xICAyODI5LzQvMSANCmYgIDI5MzEvMS8xICAyOTMyLzIvMSAgMjgzMS8zLzEgIDI4MzAvNC8xIA0KZiAgMjkzMi8xLzEgIDI5MzMvMi8xICAyODMyLzMvMSAgMjgzMS80LzEgDQpmICAyOTMzLzEvMSAgMjkzNC8yLzEgIDI4MzMvMy8xICAyODMyLzQvMSANCmYgIDI5MzQvMS8xICAyOTM1LzIvMSAgMjgzNC8zLzEgIDI4MzMvNC8xIA0KZiAgMjkzNS8xLzEgIDI5MzYvMi8xICAyODM1LzMvMSAgMjgzNC80LzEgDQpmICAyOTM2LzEvMSAgMjkzNy8yLzEgIDI4MzYvMy8xICAyODM1LzQvMSANCmYgIDI5MzcvMS8xICAyOTM4LzIvMSAgMjgzNy8zLzEgIDI4MzYvNC8xIA0KZiAgMjkzOC8xLzEgIDI5MzkvMi8xICAyODM4LzMvMSAgMjgzNy80LzEgDQpmICAyOTM5LzEvMSAgMjk0MC8yLzEgIDI4MzkvMy8xICAyODM4LzQvMSANCmYgIDI5NDAvMS8xICAyOTQxLzIvMSAgMjg0MC8zLzEgIDI4MzkvNC8xIA0KZiAgMjk0MS8xLzEgIDI5NDIvMi8xICAyODQxLzMvMSAgMjg0MC80LzEgDQpmICAyOTQyLzEvMSAgMjk0My8yLzEgIDI4NDIvMy8xICAyODQxLzQvMSANCmYgIDI5NDMvMS8xICAyOTQ0LzIvMSAgMjg0My8zLzEgIDI4NDIvNC8xIA0KZiAgMjk0NC8xLzEgIDI5NDUvMi8xICAyODQ0LzMvMSAgMjg0My80LzEgDQpmICAyOTQ1LzEvMSAgMjk0Ni8yLzEgIDI4NDUvMy8xICAyODQ0LzQvMSANCmYgIDI5NDYvMS8xICAyOTQ3LzIvMSAgMjg0Ni8zLzEgIDI4NDUvNC8xIA0KZiAgMjk0Ny8xLzEgIDI5NDgvMi8xICAyODQ3LzMvMSAgMjg0Ni80LzEgDQpmICAyOTQ4LzEvMSAgMjk0OS8yLzEgIDI4NDgvMy8xICAyODQ3LzQvMSANCmYgIDI5NDkvMS8xICAyOTUwLzIvMSAgMjg0OS8zLzEgIDI4NDgvNC8xIA0KZiAgMjk1MC8xLzEgIDI5NTEvMi8xICAyODUwLzMvMSAgMjg0OS80LzEgDQpmICAyOTUxLzE3LzEgIDI5NTIvMTgvMSAgMjg1MS8xOS8xICAyODUwLzIwLzEgDQpmICAyOTUyLzIxLzEgIDI5NTMvMjIvMSAgMjg1Mi8yMy8xICAyODUxLzI0LzEgDQpmICAyOTUzLzIxLzEgIDI5NTQvMjIvMSAgMjg1My8yMy8xICAyODUyLzI0LzEgDQpmICAyOTU0Lzc3LzEgIDI5NTUvNzgvMSAgMjg1NC83OS8xICAyODUzLzgwLzEgDQpmICAyOTU1LzY1LzEgIDI5NTYvNjYvMSAgMjg1NS82Ny8xICAyODU0LzY4LzEgDQpmICAyOTU2LzQ1LzEgIDI5NTcvNDYvMSAgMjg1Ni80Ny8xICAyODU1LzQ4LzEgDQpmICAyOTU3LzQ1LzEgIDI5NTgvNDYvMSAgMjg1Ny80Ny8xICAyODU2LzQ4LzEgDQpmICAyOTU4LzQ1LzEgIDI5NTkvNDYvMSAgMjg1OC80Ny8xICAyODU3LzQ4LzEgDQpmICAyOTU5LzQ1LzEgIDI5NjAvNDYvMSAgMjg1OS80Ny8xICAyODU4LzQ4LzEgDQpmICAyOTYwLzQ1LzEgIDI5NjEvNDYvMSAgMjg2MC80Ny8xICAyODU5LzQ4LzEgDQpmICAyOTYxLzQ1LzEgIDI5NjIvNDYvMSAgMjg2MS80Ny8xICAyODYwLzQ4LzEgDQpmICAyOTYyLzQ1LzEgIDI5NjMvNDYvMSAgMjg2Mi80Ny8xICAyODYxLzQ4LzEgDQpmICAyOTYzLzQ1LzEgIDI5NjQvNDYvMSAgMjg2My80Ny8xICAyODYyLzQ4LzEgDQpmICAyOTY0LzQ1LzEgIDI5NjUvNDYvMSAgMjg2NC80Ny8xICAyODYzLzQ4LzEgDQpmICAyOTY1LzQ1LzEgIDI5NjYvNDYvMSAgMjg2NS80Ny8xICAyODY0LzQ4LzEgDQpmICAyOTY2LzQ1LzEgIDI5NjcvNDYvMSAgMjg2Ni80Ny8xICAyODY1LzQ4LzEgDQpmICAyOTY3LzQ1LzEgIDI5NjgvNDYvMSAgMjg2Ny80Ny8xICAyODY2LzQ4LzEgDQpmICAyOTY4LzQ1LzEgIDI5NjkvNDYvMSAgMjg2OC80Ny8xICAyODY3LzQ4LzEgDQpmICAyOTY5LzQ1LzEgIDI5NzAvNDYvMSAgMjg2OS80Ny8xICAyODY4LzQ4LzEgDQpmICAyOTcwLzQ1LzEgIDI5NzEvNDYvMSAgMjg3MC80Ny8xICAyODY5LzQ4LzEgDQpmICAyOTcxLzQ1LzEgIDI5NzIvNDYvMSAgMjg3MS80Ny8xICAyODcwLzQ4LzEgDQpmICAyOTcyLzQ1LzEgIDI5NzMvNDYvMSAgMjg3Mi80Ny8xICAyODcxLzQ4LzEgDQpmICAyOTczLzQ1LzEgIDI5NzQvNDYvMSAgMjg3My80Ny8xICAyODcyLzQ4LzEgDQpmICAyOTc0LzU3LzEgIDI5NzUvNTgvMSAgMjg3NC81OS8xICAyODczLzYwLzEgDQpmICAyOTc1LzczLzEgIDI5NzYvNzQvMSAgMjg3NS83NS8xICAyODc0Lzc2LzEgDQpmICAyOTc2LzIxLzEgIDI5NzcvMjIvMSAgMjg3Ni8yMy8xICAyODc1LzI0LzEgDQpmICAyOTc3LzI1LzEgIDI5NzgvMjYvMSAgMjg3Ny8yNy8xICAyODc2LzI4LzEgDQpmICAyOTc4LzEvMSAgMjk3OS8yLzEgIDI4NzgvMy8xICAyODc3LzQvMSANCmYgIDI5NzkvMS8xICAyOTgwLzIvMSAgMjg3OS8zLzEgIDI4NzgvNC8xIA0KZiAgMjk4MC8xLzEgIDI5ODEvMi8xICAyODgwLzMvMSAgMjg3OS80LzEgDQpmICAyOTgxLzEvMSAgMjk4Mi8yLzEgIDI4ODEvMy8xICAyODgwLzQvMSANCmYgIDI5ODIvMS8xICAyOTgzLzIvMSAgMjg4Mi8zLzEgIDI4ODEvNC8xIA0KZiAgMjk4My8xLzEgIDI5ODQvMi8xICAyODgzLzMvMSAgMjg4Mi80LzEgDQpmICAyOTg0LzEvMSAgMjk4NS8yLzEgIDI4ODQvMy8xICAyODgzLzQvMSANCmYgIDI5ODUvMS8xICAyOTg2LzIvMSAgMjg4NS8zLzEgIDI4ODQvNC8xIA0KZiAgMjk4Ni8xLzEgIDI5ODcvMi8xICAyODg2LzMvMSAgMjg4NS80LzEgDQpmICAyOTg3LzEvMSAgMjk4OC8yLzEgIDI4ODcvMy8xICAyODg2LzQvMSANCmYgIDI5ODgvMS8xICAyOTg5LzIvMSAgMjg4OC8zLzEgIDI4ODcvNC8xIA0KZiAgMjk4OS8xLzEgIDI5OTAvMi8xICAyODg5LzMvMSAgMjg4OC80LzEgDQpmICAyOTkwLzEvMSAgMjk5MS8yLzEgIDI4OTAvMy8xICAyODg5LzQvMSANCmYgIDI5OTEvMS8xICAyOTkyLzIvMSAgMjg5MS8zLzEgIDI4OTAvNC8xIA0KZiAgMjk5Mi8xLzEgIDI5OTMvMi8xICAyODkyLzMvMSAgMjg5MS80LzEgDQpmICAyOTkzLzEvMSAgMjk5NC8yLzEgIDI4OTMvMy8xICAyODkyLzQvMSANCmYgIDI5OTQvMS8xICAyOTk1LzIvMSAgMjg5NC8zLzEgIDI4OTMvNC8xIA0KZiAgMjk5NS8xLzEgIDI5OTYvMi8xICAyODk1LzMvMSAgMjg5NC80LzEgDQpmICAyOTk2LzEvMSAgMjk5Ny8yLzEgIDI4OTYvMy8xICAyODk1LzQvMSANCmYgIDI5OTcvMS8xICAyOTk4LzIvMSAgMjg5Ny8zLzEgIDI4OTYvNC8xIA0KZiAgMjk5OC8xLzEgIDI5OTkvMi8xICAyODk4LzMvMSAgMjg5Ny80LzEgDQpmICAyOTk5LzEvMSAgMzAwMC8yLzEgIDI4OTkvMy8xICAyODk4LzQvMSANCmYgIDMwMDAvMS8xICAzMDAxLzIvMSAgMjkwMC8zLzEgIDI4OTkvNC8xIA0KZiAgMzAwMS8xLzEgIDMwMDIvMi8xICAyOTAxLzMvMSAgMjkwMC80LzEgDQpmICAzMDAyLzEvMSAgMzAwMy8yLzEgIDI5MDIvMy8xICAyOTAxLzQvMSANCmYgIDMwMDMvMS8xICAzMDA0LzIvMSAgMjkwMy8zLzEgIDI5MDIvNC8xIA0KZiAgMzAwNC8xLzEgIDMwMDUvMi8xICAyOTA0LzMvMSAgMjkwMy80LzEgDQpmICAzMDA1LzEvMSAgMzAwNi8yLzEgIDI5MDUvMy8xICAyOTA0LzQvMSANCmYgIDMwMDYvMS8xICAzMDA3LzIvMSAgMjkwNi8zLzEgIDI5MDUvNC8xIA0KZiAgMzAwNy8xLzEgIDMwMDgvMi8xICAyOTA3LzMvMSAgMjkwNi80LzEgDQpmICAzMDA4LzEvMSAgMzAwOS8yLzEgIDI5MDgvMy8xICAyOTA3LzQvMSANCmYgIDMwMDkvMS8xICAzMDEwLzIvMSAgMjkwOS8zLzEgIDI5MDgvNC8xIA0KZiAgMzAxMC8xLzEgIDMwMTEvMi8xICAyOTEwLzMvMSAgMjkwOS80LzEgDQpmICAzMDExLzEvMSAgMzAxMi8yLzEgIDI5MTEvMy8xICAyOTEwLzQvMSANCmYgIDMwMTIvMS8xICAzMDEzLzIvMSAgMjkxMi8zLzEgIDI5MTEvNC8xIA0KZiAgMzAxMy8xLzEgIDMwMTQvMi8xICAyOTEzLzMvMSAgMjkxMi80LzEgDQpmICAzMDE0LzEvMSAgMzAxNS8yLzEgIDI5MTQvMy8xICAyOTEzLzQvMSANCmYgIDMwMTUvMS8xICAzMDE2LzIvMSAgMjkxNS8zLzEgIDI5MTQvNC8xIA0KZiAgMzAxNi8xLzEgIDMwMTcvMi8xICAyOTE2LzMvMSAgMjkxNS80LzEgDQpmICAzMDE3LzEvMSAgMzAxOC8yLzEgIDI5MTcvMy8xICAyOTE2LzQvMSANCmYgIDMwMTgvMS8xICAzMDE5LzIvMSAgMjkxOC8zLzEgIDI5MTcvNC8xIA0KZiAgMzAxOS8xLzEgIDMwMjAvMi8xICAyOTE5LzMvMSAgMjkxOC80LzEgDQpmICAzMDIwLzEvMSAgMzAyMS8yLzEgIDI5MjAvMy8xICAyOTE5LzQvMSANCmYgIDMwMjEvMS8xICAzMDIyLzIvMSAgMjkyMS8zLzEgIDI5MjAvNC8xIA0KZiAgMzAyMi8xLzEgIDMwMjMvMi8xICAyOTIyLzMvMSAgMjkyMS80LzEgDQpmICAzMDIzLzEvMSAgMzAyNC8yLzEgIDI5MjMvMy8xICAyOTIyLzQvMSANCmYgIDMwMjQvMS8xICAzMDI1LzIvMSAgMjkyNC8zLzEgIDI5MjMvNC8xIA0KZiAgMzAyNS8xLzEgIDMwMjYvMi8xICAyOTI1LzMvMSAgMjkyNC80LzEgDQpmICAzMDI2LzEvMSAgMzAyNy8yLzEgIDI5MjYvMy8xICAyOTI1LzQvMSANCmYgIDMwMjcvMS8xICAzMDI4LzIvMSAgMjkyNy8zLzEgIDI5MjYvNC8xIA0KZiAgMzAyOC8xLzEgIDMwMjkvMi8xICAyOTI4LzMvMSAgMjkyNy80LzEgDQpmICAzMDI5LzEvMSAgMzAzMC8yLzEgIDI5MjkvMy8xICAyOTI4LzQvMSANCmYgIDMwMzEvMS8xICAzMDMyLzIvMSAgMjkzMS8zLzEgIDI5MzAvNC8xIA0KZiAgMzAzMi8xLzEgIDMwMzMvMi8xICAyOTMyLzMvMSAgMjkzMS80LzEgDQpmICAzMDMzLzEvMSAgMzAzNC8yLzEgIDI5MzMvMy8xICAyOTMyLzQvMSANCmYgIDMwMzQvMS8xICAzMDM1LzIvMSAgMjkzNC8zLzEgIDI5MzMvNC8xIA0KZiAgMzAzNS8xLzEgIDMwMzYvMi8xICAyOTM1LzMvMSAgMjkzNC80LzEgDQpmICAzMDM2LzEvMSAgMzAzNy8yLzEgIDI5MzYvMy8xICAyOTM1LzQvMSANCmYgIDMwMzcvMS8xICAzMDM4LzIvMSAgMjkzNy8zLzEgIDI5MzYvNC8xIA0KZiAgMzAzOC8xLzEgIDMwMzkvMi8xICAyOTM4LzMvMSAgMjkzNy80LzEgDQpmICAzMDM5LzEvMSAgMzA0MC8yLzEgIDI5MzkvMy8xICAyOTM4LzQvMSANCmYgIDMwNDAvMS8xICAzMDQxLzIvMSAgMjk0MC8zLzEgIDI5MzkvNC8xIA0KZiAgMzA0MS8xLzEgIDMwNDIvMi8xICAyOTQxLzMvMSAgMjk0MC80LzEgDQpmICAzMDQyLzEvMSAgMzA0My8yLzEgIDI5NDIvMy8xICAyOTQxLzQvMSANCmYgIDMwNDMvMS8xICAzMDQ0LzIvMSAgMjk0My8zLzEgIDI5NDIvNC8xIA0KZiAgMzA0NC8xLzEgIDMwNDUvMi8xICAyOTQ0LzMvMSAgMjk0My80LzEgDQpmICAzMDQ1LzEvMSAgMzA0Ni8yLzEgIDI5NDUvMy8xICAyOTQ0LzQvMSANCmYgIDMwNDYvMS8xICAzMDQ3LzIvMSAgMjk0Ni8zLzEgIDI5NDUvNC8xIA0KZiAgMzA0Ny8xLzEgIDMwNDgvMi8xICAyOTQ3LzMvMSAgMjk0Ni80LzEgDQpmICAzMDQ4LzEvMSAgMzA0OS8yLzEgIDI5NDgvMy8xICAyOTQ3LzQvMSANCmYgIDMwNDkvMS8xICAzMDUwLzIvMSAgMjk0OS8zLzEgIDI5NDgvNC8xIA0KZiAgMzA1MC8xLzEgIDMwNTEvMi8xICAyOTUwLzMvMSAgMjk0OS80LzEgDQpmICAzMDUxLzUvMSAgMzA1Mi82LzEgIDI5NTEvNy8xICAyOTUwLzgvMSANCmYgIDMwNTIvMjEvMSAgMzA1My8yMi8xICAyOTUyLzIzLzEgIDI5NTEvMjQvMSANCmYgIDMwNTMvMjEvMSAgMzA1NC8yMi8xICAyOTUzLzIzLzEgIDI5NTIvMjQvMSANCmYgIDMwNTQvMjEvMSAgMzA1NS8yMi8xICAyOTU0LzIzLzEgIDI5NTMvMjQvMSANCmYgIDMwNTUvMjEvMSAgMzA1Ni8yMi8xICAyOTU1LzIzLzEgIDI5NTQvMjQvMSANCmYgIDMwNTYvNzcvMSAgMzA1Ny83OC8xICAyOTU2Lzc5LzEgIDI5NTUvODAvMSANCmYgIDMwNTcvNjEvMSAgMzA1OC82Mi8xICAyOTU3LzYzLzEgIDI5NTYvNjQvMSANCmYgIDMwNTgvNjEvMSAgMzA1OS82Mi8xICAyOTU4LzYzLzEgIDI5NTcvNjQvMSANCmYgIDMwNTkvNjEvMSAgMzA2MC82Mi8xICAyOTU5LzYzLzEgIDI5NTgvNjQvMSANCmYgIDMwNjAvNjEvMSAgMzA2MS82Mi8xICAyOTYwLzYzLzEgIDI5NTkvNjQvMSANCmYgIDMwNjEvNjEvMSAgMzA2Mi82Mi8xICAyOTYxLzYzLzEgIDI5NjAvNjQvMSANCmYgIDMwNjIvNjEvMSAgMzA2My82Mi8xICAyOTYyLzYzLzEgIDI5NjEvNjQvMSANCmYgIDMwNjMvNjEvMSAgMzA2NC82Mi8xICAyOTYzLzYzLzEgIDI5NjIvNjQvMSANCmYgIDMwNjQvNjEvMSAgMzA2NS82Mi8xICAyOTY0LzYzLzEgIDI5NjMvNjQvMSANCmYgIDMwNjUvNjEvMSAgMzA2Ni82Mi8xICAyOTY1LzYzLzEgIDI5NjQvNjQvMSANCmYgIDMwNjYvNjEvMSAgMzA2Ny82Mi8xICAyOTY2LzYzLzEgIDI5NjUvNjQvMSANCmYgIDMwNjcvNjEvMSAgMzA2OC82Mi8xICAyOTY3LzYzLzEgIDI5NjYvNjQvMSANCmYgIDMwNjgvNjEvMSAgMzA2OS82Mi8xICAyOTY4LzYzLzEgIDI5NjcvNjQvMSANCmYgIDMwNjkvNjEvMSAgMzA3MC82Mi8xICAyOTY5LzYzLzEgIDI5NjgvNjQvMSANCmYgIDMwNzAvNjEvMSAgMzA3MS82Mi8xICAyOTcwLzYzLzEgIDI5NjkvNjQvMSANCmYgIDMwNzEvNjEvMSAgMzA3Mi82Mi8xICAyOTcxLzYzLzEgIDI5NzAvNjQvMSANCmYgIDMwNzIvNjEvMSAgMzA3My82Mi8xICAyOTcyLzYzLzEgIDI5NzEvNjQvMSANCmYgIDMwNzMvNjEvMSAgMzA3NC82Mi8xICAyOTczLzYzLzEgIDI5NzIvNjQvMSANCmYgIDMwNzQvNjEvMSAgMzA3NS82Mi8xICAyOTc0LzYzLzEgIDI5NzMvNjQvMSANCmYgIDMwNzUvNzMvMSAgMzA3Ni83NC8xICAyOTc1Lzc1LzEgIDI5NzQvNzYvMSANCmYgIDMwNzYvMjEvMSAgMzA3Ny8yMi8xICAyOTc2LzIzLzEgIDI5NzUvMjQvMSANCmYgIDMwNzcvMjEvMSAgMzA3OC8yMi8xICAyOTc3LzIzLzEgIDI5NzYvMjQvMSANCmYgIDMwNzgvMjUvMSAgMzA3OS8yNi8xICAyOTc4LzI3LzEgIDI5NzcvMjgvMSANCmYgIDMwNzkvMS8xICAzMDgwLzIvMSAgMjk3OS8zLzEgIDI5NzgvNC8xIA0KZiAgMzA4MC8xLzEgIDMwODEvMi8xICAyOTgwLzMvMSAgMjk3OS80LzEgDQpmICAzMDgxLzEvMSAgMzA4Mi8yLzEgIDI5ODEvMy8xICAyOTgwLzQvMSANCmYgIDMwODIvMS8xICAzMDgzLzIvMSAgMjk4Mi8zLzEgIDI5ODEvNC8xIA0KZiAgMzA4My8xLzEgIDMwODQvMi8xICAyOTgzLzMvMSAgMjk4Mi80LzEgDQpmICAzMDg0LzEvMSAgMzA4NS8yLzEgIDI5ODQvMy8xICAyOTgzLzQvMSANCmYgIDMwODUvMS8xICAzMDg2LzIvMSAgMjk4NS8zLzEgIDI5ODQvNC8xIA0KZiAgMzA4Ni8xLzEgIDMwODcvMi8xICAyOTg2LzMvMSAgMjk4NS80LzEgDQpmICAzMDg3LzEvMSAgMzA4OC8yLzEgIDI5ODcvMy8xICAyOTg2LzQvMSANCmYgIDMwODgvMS8xICAzMDg5LzIvMSAgMjk4OC8zLzEgIDI5ODcvNC8xIA0KZiAgMzA4OS8xLzEgIDMwOTAvMi8xICAyOTg5LzMvMSAgMjk4OC80LzEgDQpmICAzMDkwLzEvMSAgMzA5MS8yLzEgIDI5OTAvMy8xICAyOTg5LzQvMSANCmYgIDMwOTEvMS8xICAzMDkyLzIvMSAgMjk5MS8zLzEgIDI5OTAvNC8xIA0KZiAgMzA5Mi8xLzEgIDMwOTMvMi8xICAyOTkyLzMvMSAgMjk5MS80LzEgDQpmICAzMDkzLzEvMSAgMzA5NC8yLzEgIDI5OTMvMy8xICAyOTkyLzQvMSANCmYgIDMwOTQvMS8xICAzMDk1LzIvMSAgMjk5NC8zLzEgIDI5OTMvNC8xIA0KZiAgMzA5NS8xLzEgIDMwOTYvMi8xICAyOTk1LzMvMSAgMjk5NC80LzEgDQpmICAzMDk2LzEvMSAgMzA5Ny8yLzEgIDI5OTYvMy8xICAyOTk1LzQvMSANCmYgIDMwOTcvMS8xICAzMDk4LzIvMSAgMjk5Ny8zLzEgIDI5OTYvNC8xIA0KZiAgMzA5OC8xLzEgIDMwOTkvMi8xICAyOTk4LzMvMSAgMjk5Ny80LzEgDQpmICAzMDk5LzEvMSAgMzEwMC8yLzEgIDI5OTkvMy8xICAyOTk4LzQvMSANCmYgIDMxMDAvMS8xICAzMTAxLzIvMSAgMzAwMC8zLzEgIDI5OTkvNC8xIA0KZiAgMzEwMS8xLzEgIDMxMDIvMi8xICAzMDAxLzMvMSAgMzAwMC80LzEgDQpmICAzMTAyLzEvMSAgMzEwMy8yLzEgIDMwMDIvMy8xICAzMDAxLzQvMSANCmYgIDMxMDMvMS8xICAzMTA0LzIvMSAgMzAwMy8zLzEgIDMwMDIvNC8xIA0KZiAgMzEwNC8xLzEgIDMxMDUvMi8xICAzMDA0LzMvMSAgMzAwMy80LzEgDQpmICAzMTA1LzEvMSAgMzEwNi8yLzEgIDMwMDUvMy8xICAzMDA0LzQvMSANCmYgIDMxMDYvMS8xICAzMTA3LzIvMSAgMzAwNi8zLzEgIDMwMDUvNC8xIA0KZiAgMzEwNy8xLzEgIDMxMDgvMi8xICAzMDA3LzMvMSAgMzAwNi80LzEgDQpmICAzMTA4LzEvMSAgMzEwOS8yLzEgIDMwMDgvMy8xICAzMDA3LzQvMSANCmYgIDMxMDkvMS8xICAzMTEwLzIvMSAgMzAwOS8zLzEgIDMwMDgvNC8xIA0KZiAgMzExMC8xLzEgIDMxMTEvMi8xICAzMDEwLzMvMSAgMzAwOS80LzEgDQpmICAzMTExLzEvMSAgMzExMi8yLzEgIDMwMTEvMy8xICAzMDEwLzQvMSANCmYgIDMxMTIvMS8xICAzMTEzLzIvMSAgMzAxMi8zLzEgIDMwMTEvNC8xIA0KZiAgMzExMy8xLzEgIDMxMTQvMi8xICAzMDEzLzMvMSAgMzAxMi80LzEgDQpmICAzMTE0LzEvMSAgMzExNS8yLzEgIDMwMTQvMy8xICAzMDEzLzQvMSANCmYgIDMxMTUvMS8xICAzMTE2LzIvMSAgMzAxNS8zLzEgIDMwMTQvNC8xIA0KZiAgMzExNi8xLzEgIDMxMTcvMi8xICAzMDE2LzMvMSAgMzAxNS80LzEgDQpmICAzMTE3LzEvMSAgMzExOC8yLzEgIDMwMTcvMy8xICAzMDE2LzQvMSANCmYgIDMxMTgvMS8xICAzMTE5LzIvMSAgMzAxOC8zLzEgIDMwMTcvNC8xIA0KZiAgMzExOS8xLzEgIDMxMjAvMi8xICAzMDE5LzMvMSAgMzAxOC80LzEgDQpmICAzMTIwLzEvMSAgMzEyMS8yLzEgIDMwMjAvMy8xICAzMDE5LzQvMSANCmYgIDMxMjEvMS8xICAzMTIyLzIvMSAgMzAyMS8zLzEgIDMwMjAvNC8xIA0KZiAgMzEyMi8xLzEgIDMxMjMvMi8xICAzMDIyLzMvMSAgMzAyMS80LzEgDQpmICAzMTIzLzEvMSAgMzEyNC8yLzEgIDMwMjMvMy8xICAzMDIyLzQvMSANCmYgIDMxMjQvMS8xICAzMTI1LzIvMSAgMzAyNC8zLzEgIDMwMjMvNC8xIA0KZiAgMzEyNS8xLzEgIDMxMjYvMi8xICAzMDI1LzMvMSAgMzAyNC80LzEgDQpmICAzMTI2LzEvMSAgMzEyNy8yLzEgIDMwMjYvMy8xICAzMDI1LzQvMSANCmYgIDMxMjcvMS8xICAzMTI4LzIvMSAgMzAyNy8zLzEgIDMwMjYvNC8xIA0KZiAgMzEyOC8xLzEgIDMxMjkvMi8xICAzMDI4LzMvMSAgMzAyNy80LzEgDQpmICAzMTI5LzEvMSAgMzEzMC8yLzEgIDMwMjkvMy8xICAzMDI4LzQvMSANCmYgIDMxMzAvMS8xICAzMTMxLzIvMSAgMzAzMC8zLzEgIDMwMjkvNC8xIA0KZiAgMzEzMi8xLzEgIDMxMzMvMi8xICAzMDMyLzMvMSAgMzAzMS80LzEgDQpmICAzMTMzLzEvMSAgMzEzNC8yLzEgIDMwMzMvMy8xICAzMDMyLzQvMSANCmYgIDMxMzQvMS8xICAzMTM1LzIvMSAgMzAzNC8zLzEgIDMwMzMvNC8xIA0KZiAgMzEzNS8xLzEgIDMxMzYvMi8xICAzMDM1LzMvMSAgMzAzNC80LzEgDQpmICAzMTM2LzEvMSAgMzEzNy8yLzEgIDMwMzYvMy8xICAzMDM1LzQvMSANCmYgIDMxMzcvMS8xICAzMTM4LzIvMSAgMzAzNy8zLzEgIDMwMzYvNC8xIA0KZiAgMzEzOC8xLzEgIDMxMzkvMi8xICAzMDM4LzMvMSAgMzAzNy80LzEgDQpmICAzMTM5LzEvMSAgMzE0MC8yLzEgIDMwMzkvMy8xICAzMDM4LzQvMSANCmYgIDMxNDAvMS8xICAzMTQxLzIvMSAgMzA0MC8zLzEgIDMwMzkvNC8xIA0KZiAgMzE0MS8xLzEgIDMxNDIvMi8xICAzMDQxLzMvMSAgMzA0MC80LzEgDQpmICAzMTQyLzEvMSAgMzE0My8yLzEgIDMwNDIvMy8xICAzMDQxLzQvMSANCmYgIDMxNDMvMS8xICAzMTQ0LzIvMSAgMzA0My8zLzEgIDMwNDIvNC8xIA0KZiAgMzE0NC8xLzEgIDMxNDUvMi8xICAzMDQ0LzMvMSAgMzA0My80LzEgDQpmICAzMTQ1LzEvMSAgMzE0Ni8yLzEgIDMwNDUvMy8xICAzMDQ0LzQvMSANCmYgIDMxNDYvMS8xICAzMTQ3LzIvMSAgMzA0Ni8zLzEgIDMwNDUvNC8xIA0KZiAgMzE0Ny8xLzEgIDMxNDgvMi8xICAzMDQ3LzMvMSAgMzA0Ni80LzEgDQpmICAzMTQ4LzEvMSAgMzE0OS8yLzEgIDMwNDgvMy8xICAzMDQ3LzQvMSANCmYgIDMxNDkvMS8xICAzMTUwLzIvMSAgMzA0OS8zLzEgIDMwNDgvNC8xIA0KZiAgMzE1MC8xLzEgIDMxNTEvMi8xICAzMDUwLzMvMSAgMzA0OS80LzEgDQpmICAzMTUxLzEvMSAgMzE1Mi8yLzEgIDMwNTEvMy8xICAzMDUwLzQvMSANCmYgIDMxNTIvMTcvMSAgMzE1My8xOC8xICAzMDUyLzE5LzEgIDMwNTEvMjAvMSANCmYgIDMxNTMvMjEvMSAgMzE1NC8yMi8xICAzMDUzLzIzLzEgIDMwNTIvMjQvMSANCmYgIDMxNTQvMjEvMSAgMzE1NS8yMi8xICAzMDU0LzIzLzEgIDMwNTMvMjQvMSANCmYgIDMxNTUvMjEvMSAgMzE1Ni8yMi8xICAzMDU1LzIzLzEgIDMwNTQvMjQvMSANCmYgIDMxNTYvMjEvMSAgMzE1Ny8yMi8xICAzMDU2LzIzLzEgIDMwNTUvMjQvMSANCmYgIDMxNTcvMjEvMSAgMzE1OC8yMi8xICAzMDU3LzIzLzEgIDMwNTYvMjQvMSANCmYgIDMxNTgvMjEvMSAgMzE1OS8yMi8xICAzMDU4LzIzLzEgIDMwNTcvMjQvMSANCmYgIDMxNTkvODEvMSAgMzE2MC84Mi8xICAzMDU5LzgzLzEgIDMwNTgvODQvMSANCmYgIDMxNjAvODEvMSAgMzE2MS84Mi8xICAzMDYwLzgzLzEgIDMwNTkvODQvMSANCmYgIDMxNjEvODEvMSAgMzE2Mi84Mi8xICAzMDYxLzgzLzEgIDMwNjAvODQvMSANCmYgIDMxNjIvODEvMSAgMzE2My84Mi8xICAzMDYyLzgzLzEgIDMwNjEvODQvMSANCmYgIDMxNjMvODEvMSAgMzE2NC84Mi8xICAzMDYzLzgzLzEgIDMwNjIvODQvMSANCmYgIDMxNjQvODEvMSAgMzE2NS84Mi8xICAzMDY0LzgzLzEgIDMwNjMvODQvMSANCmYgIDMxNjUvODEvMSAgMzE2Ni84Mi8xICAzMDY1LzgzLzEgIDMwNjQvODQvMSANCmYgIDMxNjYvODEvMSAgMzE2Ny84Mi8xICAzMDY2LzgzLzEgIDMwNjUvODQvMSANCmYgIDMxNjcvODEvMSAgMzE2OC84Mi8xICAzMDY3LzgzLzEgIDMwNjYvODQvMSANCmYgIDMxNjgvODEvMSAgMzE2OS84Mi8xICAzMDY4LzgzLzEgIDMwNjcvODQvMSANCmYgIDMxNjkvODEvMSAgMzE3MC84Mi8xICAzMDY5LzgzLzEgIDMwNjgvODQvMSANCmYgIDMxNzAvODEvMSAgMzE3MS84Mi8xICAzMDcwLzgzLzEgIDMwNjkvODQvMSANCmYgIDMxNzEvODEvMSAgMzE3Mi84Mi8xICAzMDcxLzgzLzEgIDMwNzAvODQvMSANCmYgIDMxNzIvODEvMSAgMzE3My84Mi8xICAzMDcyLzgzLzEgIDMwNzEvODQvMSANCmYgIDMxNzMvODEvMSAgMzE3NC84Mi8xICAzMDczLzgzLzEgIDMwNzIvODQvMSANCmYgIDMxNzQvODEvMSAgMzE3NS84Mi8xICAzMDc0LzgzLzEgIDMwNzMvODQvMSANCmYgIDMxNzUvODEvMSAgMzE3Ni84Mi8xICAzMDc1LzgzLzEgIDMwNzQvODQvMSANCmYgIDMxNzYvODEvMSAgMzE3Ny84Mi8xICAzMDc2LzgzLzEgIDMwNzUvODQvMSANCmYgIDMxNzcvODEvMSAgMzE3OC84Mi8xICAzMDc3LzgzLzEgIDMwNzYvODQvMSANCmYgIDMxNzgvODEvMSAgMzE3OS84Mi8xICAzMDc4LzgzLzEgIDMwNzcvODQvMSANCmYgIDMxNzkvODUvMSAgMzE4MC84Ni8xICAzMDc5Lzg3LzEgIDMwNzgvODgvMSANCmYgIDMxODAvMS8xICAzMTgxLzIvMSAgMzA4MC8zLzEgIDMwNzkvNC8xIA0KZiAgMzE4MS8xLzEgIDMxODIvMi8xICAzMDgxLzMvMSAgMzA4MC80LzEgDQpmICAzMTgyLzEvMSAgMzE4My8yLzEgIDMwODIvMy8xICAzMDgxLzQvMSANCmYgIDMxODMvMS8xICAzMTg0LzIvMSAgMzA4My8zLzEgIDMwODIvNC8xIA0KZiAgMzE4NC8xLzEgIDMxODUvMi8xICAzMDg0LzMvMSAgMzA4My80LzEgDQpmICAzMTg1LzEvMSAgMzE4Ni8yLzEgIDMwODUvMy8xICAzMDg0LzQvMSANCmYgIDMxODYvMS8xICAzMTg3LzIvMSAgMzA4Ni8zLzEgIDMwODUvNC8xIA0KZiAgMzE4Ny8xLzEgIDMxODgvMi8xICAzMDg3LzMvMSAgMzA4Ni80LzEgDQpmICAzMTg4LzEvMSAgMzE4OS8yLzEgIDMwODgvMy8xICAzMDg3LzQvMSANCmYgIDMxODkvMS8xICAzMTkwLzIvMSAgMzA4OS8zLzEgIDMwODgvNC8xIA0KZiAgMzE5MC8xLzEgIDMxOTEvMi8xICAzMDkwLzMvMSAgMzA4OS80LzEgDQpmICAzMTkxLzEvMSAgMzE5Mi8yLzEgIDMwOTEvMy8xICAzMDkwLzQvMSANCmYgIDMxOTIvMS8xICAzMTkzLzIvMSAgMzA5Mi8zLzEgIDMwOTEvNC8xIA0KZiAgMzE5My8xLzEgIDMxOTQvMi8xICAzMDkzLzMvMSAgMzA5Mi80LzEgDQpmICAzMTk0LzEvMSAgMzE5NS8yLzEgIDMwOTQvMy8xICAzMDkzLzQvMSANCmYgIDMxOTUvMS8xICAzMTk2LzIvMSAgMzA5NS8zLzEgIDMwOTQvNC8xIA0KZiAgMzE5Ni8xLzEgIDMxOTcvMi8xICAzMDk2LzMvMSAgMzA5NS80LzEgDQpmICAzMTk3LzEvMSAgMzE5OC8yLzEgIDMwOTcvMy8xICAzMDk2LzQvMSANCmYgIDMxOTgvMS8xICAzMTk5LzIvMSAgMzA5OC8zLzEgIDMwOTcvNC8xIA0KZiAgMzE5OS8xLzEgIDMyMDAvMi8xICAzMDk5LzMvMSAgMzA5OC80LzEgDQpmICAzMjAwLzEvMSAgMzIwMS8yLzEgIDMxMDAvMy8xICAzMDk5LzQvMSANCmYgIDMyMDEvMS8xICAzMjAyLzIvMSAgMzEwMS8zLzEgIDMxMDAvNC8xIA0KZiAgMzIwMi8xLzEgIDMyMDMvMi8xICAzMTAyLzMvMSAgMzEwMS80LzEgDQpmICAzMjAzLzEvMSAgMzIwNC8yLzEgIDMxMDMvMy8xICAzMTAyLzQvMSANCmYgIDMyMDQvMS8xICAzMjA1LzIvMSAgMzEwNC8zLzEgIDMxMDMvNC8xIA0KZiAgMzIwNS8xLzEgIDMyMDYvMi8xICAzMTA1LzMvMSAgMzEwNC80LzEgDQpmICAzMjA2LzEvMSAgMzIwNy8yLzEgIDMxMDYvMy8xICAzMTA1LzQvMSANCmYgIDMyMDcvMS8xICAzMjA4LzIvMSAgMzEwNy8zLzEgIDMxMDYvNC8xIA0KZiAgMzIwOC8xLzEgIDMyMDkvMi8xICAzMTA4LzMvMSAgMzEwNy80LzEgDQpmICAzMjA5LzEvMSAgMzIxMC8yLzEgIDMxMDkvMy8xICAzMTA4LzQvMSANCmYgIDMyMTAvMS8xICAzMjExLzIvMSAgMzExMC8zLzEgIDMxMDkvNC8xIA0KZiAgMzIxMS8xLzEgIDMyMTIvMi8xICAzMTExLzMvMSAgMzExMC80LzEgDQpmICAzMjEyLzEvMSAgMzIxMy8yLzEgIDMxMTIvMy8xICAzMTExLzQvMSANCmYgIDMyMTMvMS8xICAzMjE0LzIvMSAgMzExMy8zLzEgIDMxMTIvNC8xIA0KZiAgMzIxNC8xLzEgIDMyMTUvMi8xICAzMTE0LzMvMSAgMzExMy80LzEgDQpmICAzMjE1LzEvMSAgMzIxNi8yLzEgIDMxMTUvMy8xICAzMTE0LzQvMSANCmYgIDMyMTYvMS8xICAzMjE3LzIvMSAgMzExNi8zLzEgIDMxMTUvNC8xIA0KZiAgMzIxNy8xLzEgIDMyMTgvMi8xICAzMTE3LzMvMSAgMzExNi80LzEgDQpmICAzMjE4LzEvMSAgMzIxOS8yLzEgIDMxMTgvMy8xICAzMTE3LzQvMSANCmYgIDMyMTkvMS8xICAzMjIwLzIvMSAgMzExOS8zLzEgIDMxMTgvNC8xIA0KZiAgMzIyMC8xLzEgIDMyMjEvMi8xICAzMTIwLzMvMSAgMzExOS80LzEgDQpmICAzMjIxLzEvMSAgMzIyMi8yLzEgIDMxMjEvMy8xICAzMTIwLzQvMSANCmYgIDMyMjIvMS8xICAzMjIzLzIvMSAgMzEyMi8zLzEgIDMxMjEvNC8xIA0KZiAgMzIyMy8xLzEgIDMyMjQvMi8xICAzMTIzLzMvMSAgMzEyMi80LzEgDQpmICAzMjI0LzEvMSAgMzIyNS8yLzEgIDMxMjQvMy8xICAzMTIzLzQvMSANCmYgIDMyMjUvMS8xICAzMjI2LzIvMSAgMzEyNS8zLzEgIDMxMjQvNC8xIA0KZiAgMzIyNi8xLzEgIDMyMjcvMi8xICAzMTI2LzMvMSAgMzEyNS80LzEgDQpmICAzMjI3LzEvMSAgMzIyOC8yLzEgIDMxMjcvMy8xICAzMTI2LzQvMSANCmYgIDMyMjgvMS8xICAzMjI5LzIvMSAgMzEyOC8zLzEgIDMxMjcvNC8xIA0KZiAgMzIyOS8xLzEgIDMyMzAvMi8xICAzMTI5LzMvMSAgMzEyOC80LzEgDQpmICAzMjMwLzEvMSAgMzIzMS8yLzEgIDMxMzAvMy8xICAzMTI5LzQvMSANCmYgIDMyMzEvMS8xICAzMjMyLzIvMSAgMzEzMS8zLzEgIDMxMzAvNC8xIA0KZiAgMzIzMy8xLzEgIDMyMzQvMi8xICAzMTMzLzMvMSAgMzEzMi80LzEgDQpmICAzMjM0LzEvMSAgMzIzNS8yLzEgIDMxMzQvMy8xICAzMTMzLzQvMSANCmYgIDMyMzUvMS8xICAzMjM2LzIvMSAgMzEzNS8zLzEgIDMxMzQvNC8xIA0KZiAgMzIzNi8xLzEgIDMyMzcvMi8xICAzMTM2LzMvMSAgMzEzNS80LzEgDQpmICAzMjM3LzEvMSAgMzIzOC8yLzEgIDMxMzcvMy8xICAzMTM2LzQvMSANCmYgIDMyMzgvMS8xICAzMjM5LzIvMSAgMzEzOC8zLzEgIDMxMzcvNC8xIA0KZiAgMzIzOS8xLzEgIDMyNDAvMi8xICAzMTM5LzMvMSAgMzEzOC80LzEgDQpmICAzMjQwLzEvMSAgMzI0MS8yLzEgIDMxNDAvMy8xICAzMTM5LzQvMSANCmYgIDMyNDEvMS8xICAzMjQyLzIvMSAgMzE0MS8zLzEgIDMxNDAvNC8xIA0KZiAgMzI0Mi8xLzEgIDMyNDMvMi8xICAzMTQyLzMvMSAgMzE0MS80LzEgDQpmICAzMjQzLzEvMSAgMzI0NC8yLzEgIDMxNDMvMy8xICAzMTQyLzQvMSANCmYgIDMyNDQvMS8xICAzMjQ1LzIvMSAgMzE0NC8zLzEgIDMxNDMvNC8xIA0KZiAgMzI0NS8xLzEgIDMyNDYvMi8xICAzMTQ1LzMvMSAgMzE0NC80LzEgDQpmICAzMjQ2LzEvMSAgMzI0Ny8yLzEgIDMxNDYvMy8xICAzMTQ1LzQvMSANCmYgIDMyNDcvMS8xICAzMjQ4LzIvMSAgMzE0Ny8zLzEgIDMxNDYvNC8xIA0KZiAgMzI0OC8xLzEgIDMyNDkvMi8xICAzMTQ4LzMvMSAgMzE0Ny80LzEgDQpmICAzMjQ5LzEvMSAgMzI1MC8yLzEgIDMxNDkvMy8xICAzMTQ4LzQvMSANCmYgIDMyNTAvMS8xICAzMjUxLzIvMSAgMzE1MC8zLzEgIDMxNDkvNC8xIA0KZiAgMzI1MS8xLzEgIDMyNTIvMi8xICAzMTUxLzMvMSAgMzE1MC80LzEgDQpmICAzMjUyLzUvMSAgMzI1My82LzEgIDMxNTIvNy8xICAzMTUxLzgvMSANCmYgIDMyNTMvMjEvMSAgMzI1NC8yMi8xICAzMTUzLzIzLzEgIDMxNTIvMjQvMSANCmYgIDMyNTQvMjEvMSAgMzI1NS8yMi8xICAzMTU0LzIzLzEgIDMxNTMvMjQvMSANCmYgIDMyNTUvMjEvMSAgMzI1Ni8yMi8xICAzMTU1LzIzLzEgIDMxNTQvMjQvMSANCmYgIDMyNTYvMjEvMSAgMzI1Ny8yMi8xICAzMTU2LzIzLzEgIDMxNTUvMjQvMSANCmYgIDMyNTcvMjEvMSAgMzI1OC8yMi8xICAzMTU3LzIzLzEgIDMxNTYvMjQvMSANCmYgIDMyNTgvMjEvMSAgMzI1OS8yMi8xICAzMTU4LzIzLzEgIDMxNTcvMjQvMSANCmYgIDMyNTkvMjUvMSAgMzI2MC8yNi8xICAzMTU5LzI3LzEgIDMxNTgvMjgvMSANCmYgIDMyNjAvODkvMSAgMzI2MS85MC8xICAzMTYwLzkxLzEgIDMxNTkvOTIvMSANCmYgIDMyNjEvODkvMSAgMzI2Mi85MC8xICAzMTYxLzkxLzEgIDMxNjAvOTIvMSANCmYgIDMyNjIvODkvMSAgMzI2My85MC8xICAzMTYyLzkxLzEgIDMxNjEvOTIvMSANCmYgIDMyNjMvODkvMSAgMzI2NC85MC8xICAzMTYzLzkxLzEgIDMxNjIvOTIvMSANCmYgIDMyNjQvODkvMSAgMzI2NS85MC8xICAzMTY0LzkxLzEgIDMxNjMvOTIvMSANCmYgIDMyNjUvODkvMSAgMzI2Ni85MC8xICAzMTY1LzkxLzEgIDMxNjQvOTIvMSANCmYgIDMyNjYvODkvMSAgMzI2Ny85MC8xICAzMTY2LzkxLzEgIDMxNjUvOTIvMSANCmYgIDMyNjcvODkvMSAgMzI2OC85MC8xICAzMTY3LzkxLzEgIDMxNjYvOTIvMSANCmYgIDMyNjgvODkvMSAgMzI2OS85MC8xICAzMTY4LzkxLzEgIDMxNjcvOTIvMSANCmYgIDMyNjkvODkvMSAgMzI3MC85MC8xICAzMTY5LzkxLzEgIDMxNjgvOTIvMSANCmYgIDMyNzAvOTMvMSAgMzI3MS85NC8xICAzMTcwLzk1LzEgIDMxNjkvOTYvMSANCmYgIDMyNzEvODkvMSAgMzI3Mi85MC8xICAzMTcxLzkxLzEgIDMxNzAvOTIvMSANCmYgIDMyNzIvODkvMSAgMzI3My85MC8xICAzMTcyLzkxLzEgIDMxNzEvOTIvMSANCmYgIDMyNzMvODkvMSAgMzI3NC85MC8xICAzMTczLzkxLzEgIDMxNzIvOTIvMSANCmYgIDMyNzQvODkvMSAgMzI3NS85MC8xICAzMTc0LzkxLzEgIDMxNzMvOTIvMSANCmYgIDMyNzUvODkvMSAgMzI3Ni85MC8xICAzMTc1LzkxLzEgIDMxNzQvOTIvMSANCmYgIDMyNzYvODkvMSAgMzI3Ny85MC8xICAzMTc2LzkxLzEgIDMxNzUvOTIvMSANCmYgIDMyNzcvODkvMSAgMzI3OC85MC8xICAzMTc3LzkxLzEgIDMxNzYvOTIvMSANCmYgIDMyNzgvODkvMSAgMzI3OS85MC8xICAzMTc4LzkxLzEgIDMxNzcvOTIvMSANCmYgIDMyNzkvODkvMSAgMzI4MC85MC8xICAzMTc5LzkxLzEgIDMxNzgvOTIvMSANCmYgIDMyODAvOTMvMSAgMzI4MS85NC8xICAzMTgwLzk1LzEgIDMxNzkvOTYvMSANCmYgIDMyODEvMS8xICAzMjgyLzIvMSAgMzE4MS8zLzEgIDMxODAvNC8xIA0KZiAgMzI4Mi8xLzEgIDMyODMvMi8xICAzMTgyLzMvMSAgMzE4MS80LzEgDQpmICAzMjgzLzEvMSAgMzI4NC8yLzEgIDMxODMvMy8xICAzMTgyLzQvMSANCmYgIDMyODQvMS8xICAzMjg1LzIvMSAgMzE4NC8zLzEgIDMxODMvNC8xIA0KZiAgMzI4NS8xLzEgIDMyODYvMi8xICAzMTg1LzMvMSAgMzE4NC80LzEgDQpmICAzMjg2LzEvMSAgMzI4Ny8yLzEgIDMxODYvMy8xICAzMTg1LzQvMSANCmYgIDMyODcvMS8xICAzMjg4LzIvMSAgMzE4Ny8zLzEgIDMxODYvNC8xIA0KZiAgMzI4OC8xLzEgIDMyODkvMi8xICAzMTg4LzMvMSAgMzE4Ny80LzEgDQpmICAzMjg5LzEvMSAgMzI5MC8yLzEgIDMxODkvMy8xICAzMTg4LzQvMSANCmYgIDMyOTAvMS8xICAzMjkxLzIvMSAgMzE5MC8zLzEgIDMxODkvNC8xIA0KZiAgMzI5MS8xLzEgIDMyOTIvMi8xICAzMTkxLzMvMSAgMzE5MC80LzEgDQpmICAzMjkyLzEvMSAgMzI5My8yLzEgIDMxOTIvMy8xICAzMTkxLzQvMSANCmYgIDMyOTMvMS8xICAzMjk0LzIvMSAgMzE5My8zLzEgIDMxOTIvNC8xIA0KZiAgMzI5NC8xLzEgIDMyOTUvMi8xICAzMTk0LzMvMSAgMzE5My80LzEgDQpmICAzMjk1LzEvMSAgMzI5Ni8yLzEgIDMxOTUvMy8xICAzMTk0LzQvMSANCmYgIDMyOTYvMS8xICAzMjk3LzIvMSAgMzE5Ni8zLzEgIDMxOTUvNC8xIA0KZiAgMzI5Ny8xLzEgIDMyOTgvMi8xICAzMTk3LzMvMSAgMzE5Ni80LzEgDQpmICAzMjk4LzEvMSAgMzI5OS8yLzEgIDMxOTgvMy8xICAzMTk3LzQvMSANCmYgIDMyOTkvMS8xICAzMzAwLzIvMSAgMzE5OS8zLzEgIDMxOTgvNC8xIA0KZiAgMzMwMC8xLzEgIDMzMDEvMi8xICAzMjAwLzMvMSAgMzE5OS80LzEgDQpmICAzMzAxLzEvMSAgMzMwMi8yLzEgIDMyMDEvMy8xICAzMjAwLzQvMSANCmYgIDMzMDIvMS8xICAzMzAzLzIvMSAgMzIwMi8zLzEgIDMyMDEvNC8xIA0KZiAgMzMwMy8xLzEgIDMzMDQvMi8xICAzMjAzLzMvMSAgMzIwMi80LzEgDQpmICAzMzA0LzEvMSAgMzMwNS8yLzEgIDMyMDQvMy8xICAzMjAzLzQvMSANCmYgIDMzMDUvMS8xICAzMzA2LzIvMSAgMzIwNS8zLzEgIDMyMDQvNC8xIA0KZiAgMzMwNi8xLzEgIDMzMDcvMi8xICAzMjA2LzMvMSAgMzIwNS80LzEgDQpmICAzMzA3LzEvMSAgMzMwOC8yLzEgIDMyMDcvMy8xICAzMjA2LzQvMSANCmYgIDMzMDgvMS8xICAzMzA5LzIvMSAgMzIwOC8zLzEgIDMyMDcvNC8xIA0KZiAgMzMwOS8xLzEgIDMzMTAvMi8xICAzMjA5LzMvMSAgMzIwOC80LzEgDQpmICAzMzEwLzEvMSAgMzMxMS8yLzEgIDMyMTAvMy8xICAzMjA5LzQvMSANCmYgIDMzMTEvMS8xICAzMzEyLzIvMSAgMzIxMS8zLzEgIDMyMTAvNC8xIA0KZiAgMzMxMi8xLzEgIDMzMTMvMi8xICAzMjEyLzMvMSAgMzIxMS80LzEgDQpmICAzMzEzLzEvMSAgMzMxNC8yLzEgIDMyMTMvMy8xICAzMjEyLzQvMSANCmYgIDMzMTQvMS8xICAzMzE1LzIvMSAgMzIxNC8zLzEgIDMyMTMvNC8xIA0KZiAgMzMxNS8xLzEgIDMzMTYvMi8xICAzMjE1LzMvMSAgMzIxNC80LzEgDQpmICAzMzE2LzEvMSAgMzMxNy8yLzEgIDMyMTYvMy8xICAzMjE1LzQvMSANCmYgIDMzMTcvMS8xICAzMzE4LzIvMSAgMzIxNy8zLzEgIDMyMTYvNC8xIA0KZiAgMzMxOC8xLzEgIDMzMTkvMi8xICAzMjE4LzMvMSAgMzIxNy80LzEgDQpmICAzMzE5LzEvMSAgMzMyMC8yLzEgIDMyMTkvMy8xICAzMjE4LzQvMSANCmYgIDMzMjAvMS8xICAzMzIxLzIvMSAgMzIyMC8zLzEgIDMyMTkvNC8xIA0KZiAgMzMyMS8xLzEgIDMzMjIvMi8xICAzMjIxLzMvMSAgMzIyMC80LzEgDQpmICAzMzIyLzEvMSAgMzMyMy8yLzEgIDMyMjIvMy8xICAzMjIxLzQvMSANCmYgIDMzMjMvMS8xICAzMzI0LzIvMSAgMzIyMy8zLzEgIDMyMjIvNC8xIA0KZiAgMzMyNC8xLzEgIDMzMjUvMi8xICAzMjI0LzMvMSAgMzIyMy80LzEgDQpmICAzMzI1LzEvMSAgMzMyNi8yLzEgIDMyMjUvMy8xICAzMjI0LzQvMSANCmYgIDMzMjYvMS8xICAzMzI3LzIvMSAgMzIyNi8zLzEgIDMyMjUvNC8xIA0KZiAgMzMyNy8xLzEgIDMzMjgvMi8xICAzMjI3LzMvMSAgMzIyNi80LzEgDQpmICAzMzI4LzEvMSAgMzMyOS8yLzEgIDMyMjgvMy8xICAzMjI3LzQvMSANCmYgIDMzMjkvMS8xICAzMzMwLzIvMSAgMzIyOS8zLzEgIDMyMjgvNC8xIA0KZiAgMzMzMC8xLzEgIDMzMzEvMi8xICAzMjMwLzMvMSAgMzIyOS80LzEgDQpmICAzMzMxLzEvMSAgMzMzMi8yLzEgIDMyMzEvMy8xICAzMjMwLzQvMSANCmYgIDMzMzIvMS8xICAzMzMzLzIvMSAgMzIzMi8zLzEgIDMyMzEvNC8xIA0KZiAgMzMzNC8xLzEgIDMzMzUvMi8xICAzMjM0LzMvMSAgMzIzMy80LzEgDQpmICAzMzM1LzEvMSAgMzMzNi8yLzEgIDMyMzUvMy8xICAzMjM0LzQvMSANCmYgIDMzMzYvMS8xICAzMzM3LzIvMSAgMzIzNi8zLzEgIDMyMzUvNC8xIA0KZiAgMzMzNy8xLzEgIDMzMzgvMi8xICAzMjM3LzMvMSAgMzIzNi80LzEgDQpmICAzMzM4LzEvMSAgMzMzOS8yLzEgIDMyMzgvMy8xICAzMjM3LzQvMSANCmYgIDMzMzkvMS8xICAzMzQwLzIvMSAgMzIzOS8zLzEgIDMyMzgvNC8xIA0KZiAgMzM0MC8xLzEgIDMzNDEvMi8xICAzMjQwLzMvMSAgMzIzOS80LzEgDQpmICAzMzQxLzEvMSAgMzM0Mi8yLzEgIDMyNDEvMy8xICAzMjQwLzQvMSANCmYgIDMzNDIvMS8xICAzMzQzLzIvMSAgMzI0Mi8zLzEgIDMyNDEvNC8xIA0KZiAgMzM0My8xLzEgIDMzNDQvMi8xICAzMjQzLzMvMSAgMzI0Mi80LzEgDQpmICAzMzQ0LzEvMSAgMzM0NS8yLzEgIDMyNDQvMy8xICAzMjQzLzQvMSANCmYgIDMzNDUvMS8xICAzMzQ2LzIvMSAgMzI0NS8zLzEgIDMyNDQvNC8xIA0KZiAgMzM0Ni8xLzEgIDMzNDcvMi8xICAzMjQ2LzMvMSAgMzI0NS80LzEgDQpmICAzMzQ3LzEvMSAgMzM0OC8yLzEgIDMyNDcvMy8xICAzMjQ2LzQvMSANCmYgIDMzNDgvMS8xICAzMzQ5LzIvMSAgMzI0OC8zLzEgIDMyNDcvNC8xIA0KZiAgMzM0OS8xLzEgIDMzNTAvMi8xICAzMjQ5LzMvMSAgMzI0OC80LzEgDQpmICAzMzUwLzEvMSAgMzM1MS8yLzEgIDMyNTAvMy8xICAzMjQ5LzQvMSANCmYgIDMzNTEvMS8xICAzMzUyLzIvMSAgMzI1MS8zLzEgIDMyNTAvNC8xIA0KZiAgMzM1Mi8xLzEgIDMzNTMvMi8xICAzMjUyLzMvMSAgMzI1MS80LzEgDQpmICAzMzUzLzE3LzEgIDMzNTQvMTgvMSAgMzI1My8xOS8xICAzMjUyLzIwLzEgDQpmICAzMzU0LzIxLzEgIDMzNTUvMjIvMSAgMzI1NC8yMy8xICAzMjUzLzI0LzEgDQpmICAzMzU1LzIxLzEgIDMzNTYvMjIvMSAgMzI1NS8yMy8xICAzMjU0LzI0LzEgDQpmICAzMzU2LzIxLzEgIDMzNTcvMjIvMSAgMzI1Ni8yMy8xICAzMjU1LzI0LzEgDQpmICAzMzU3LzIxLzEgIDMzNTgvMjIvMSAgMzI1Ny8yMy8xICAzMjU2LzI0LzEgDQpmICAzMzU4LzIxLzEgIDMzNTkvMjIvMSAgMzI1OC8yMy8xICAzMjU3LzI0LzEgDQpmICAzMzU5LzIxLzEgIDMzNjAvMjIvMSAgMzI1OS8yMy8xICAzMjU4LzI0LzEgDQpmICAzMzYwLzI1LzEgIDMzNjEvMjYvMSAgMzI2MC8yNy8xICAzMjU5LzI4LzEgDQpmICAzMzYxLzEvMSAgMzM2Mi8yLzEgIDMyNjEvMy8xICAzMjYwLzQvMSANCmYgIDMzNjIvMS8xICAzMzYzLzIvMSAgMzI2Mi8zLzEgIDMyNjEvNC8xIA0KZiAgMzM2My8xLzEgIDMzNjQvMi8xICAzMjYzLzMvMSAgMzI2Mi80LzEgDQpmICAzMzY0LzEvMSAgMzM2NS8yLzEgIDMyNjQvMy8xICAzMjYzLzQvMSANCmYgIDMzNjUvMS8xICAzMzY2LzIvMSAgMzI2NS8zLzEgIDMyNjQvNC8xIA0KZiAgMzM2Ni8xLzEgIDMzNjcvMi8xICAzMjY2LzMvMSAgMzI2NS80LzEgDQpmICAzMzY3LzEvMSAgMzM2OC8yLzEgIDMyNjcvMy8xICAzMjY2LzQvMSANCmYgIDMzNjgvMS8xICAzMzY5LzIvMSAgMzI2OC8zLzEgIDMyNjcvNC8xIA0KZiAgMzM2OS8xLzEgIDMzNzAvMi8xICAzMjY5LzMvMSAgMzI2OC80LzEgDQpmICAzMzcwLzEvMSAgMzM3MS8yLzEgIDMyNzAvMy8xICAzMjY5LzQvMSANCmYgIDMzNzEvMS8xICAzMzcyLzIvMSAgMzI3MS8zLzEgIDMyNzAvNC8xIA0KZiAgMzM3Mi8xLzEgIDMzNzMvMi8xICAzMjcyLzMvMSAgMzI3MS80LzEgDQpmICAzMzczLzEvMSAgMzM3NC8yLzEgIDMyNzMvMy8xICAzMjcyLzQvMSANCmYgIDMzNzQvMS8xICAzMzc1LzIvMSAgMzI3NC8zLzEgIDMyNzMvNC8xIA0KZiAgMzM3NS8xLzEgIDMzNzYvMi8xICAzMjc1LzMvMSAgMzI3NC80LzEgDQpmICAzMzc2LzEvMSAgMzM3Ny8yLzEgIDMyNzYvMy8xICAzMjc1LzQvMSANCmYgIDMzNzcvMS8xICAzMzc4LzIvMSAgMzI3Ny8zLzEgIDMyNzYvNC8xIA0KZiAgMzM3OC8xLzEgIDMzNzkvMi8xICAzMjc4LzMvMSAgMzI3Ny80LzEgDQpmICAzMzc5LzEvMSAgMzM4MC8yLzEgIDMyNzkvMy8xICAzMjc4LzQvMSANCmYgIDMzODAvMS8xICAzMzgxLzIvMSAgMzI4MC8zLzEgIDMyNzkvNC8xIA0KZiAgMzM4MS8xLzEgIDMzODIvMi8xICAzMjgxLzMvMSAgMzI4MC80LzEgDQpmICAzMzgyLzEvMSAgMzM4My8yLzEgIDMyODIvMy8xICAzMjgxLzQvMSANCmYgIDMzODMvMS8xICAzMzg0LzIvMSAgMzI4My8zLzEgIDMyODIvNC8xIA0KZiAgMzM4NC8xLzEgIDMzODUvMi8xICAzMjg0LzMvMSAgMzI4My80LzEgDQpmICAzMzg1LzEvMSAgMzM4Ni8yLzEgIDMyODUvMy8xICAzMjg0LzQvMSANCmYgIDMzODYvMS8xICAzMzg3LzIvMSAgMzI4Ni8zLzEgIDMyODUvNC8xIA0KZiAgMzM4Ny8xLzEgIDMzODgvMi8xICAzMjg3LzMvMSAgMzI4Ni80LzEgDQpmICAzMzg4LzEvMSAgMzM4OS8yLzEgIDMyODgvMy8xICAzMjg3LzQvMSANCmYgIDMzODkvMS8xICAzMzkwLzIvMSAgMzI4OS8zLzEgIDMyODgvNC8xIA0KZiAgMzM5MC8xLzEgIDMzOTEvMi8xICAzMjkwLzMvMSAgMzI4OS80LzEgDQpmICAzMzkxLzEvMSAgMzM5Mi8yLzEgIDMyOTEvMy8xICAzMjkwLzQvMSANCmYgIDMzOTIvMS8xICAzMzkzLzIvMSAgMzI5Mi8zLzEgIDMyOTEvNC8xIA0KZiAgMzM5My8xLzEgIDMzOTQvMi8xICAzMjkzLzMvMSAgMzI5Mi80LzEgDQpmICAzMzk0LzEvMSAgMzM5NS8yLzEgIDMyOTQvMy8xICAzMjkzLzQvMSANCmYgIDMzOTUvMS8xICAzMzk2LzIvMSAgMzI5NS8zLzEgIDMyOTQvNC8xIA0KZiAgMzM5Ni8xLzEgIDMzOTcvMi8xICAzMjk2LzMvMSAgMzI5NS80LzEgDQpmICAzMzk3LzEvMSAgMzM5OC8yLzEgIDMyOTcvMy8xICAzMjk2LzQvMSANCmYgIDMzOTgvMS8xICAzMzk5LzIvMSAgMzI5OC8zLzEgIDMyOTcvNC8xIA0KZiAgMzM5OS8xLzEgIDM0MDAvMi8xICAzMjk5LzMvMSAgMzI5OC80LzEgDQpmICAzNDAwLzEvMSAgMzQwMS8yLzEgIDMzMDAvMy8xICAzMjk5LzQvMSANCmYgIDM0MDEvMS8xICAzNDAyLzIvMSAgMzMwMS8zLzEgIDMzMDAvNC8xIA0KZiAgMzQwMi8xLzEgIDM0MDMvMi8xICAzMzAyLzMvMSAgMzMwMS80LzEgDQpmICAzNDAzLzEvMSAgMzQwNC8yLzEgIDMzMDMvMy8xICAzMzAyLzQvMSANCmYgIDM0MDQvMS8xICAzNDA1LzIvMSAgMzMwNC8zLzEgIDMzMDMvNC8xIA0KZiAgMzQwNS8xLzEgIDM0MDYvMi8xICAzMzA1LzMvMSAgMzMwNC80LzEgDQpmICAzNDA2LzEvMSAgMzQwNy8yLzEgIDMzMDYvMy8xICAzMzA1LzQvMSANCmYgIDM0MDcvMS8xICAzNDA4LzIvMSAgMzMwNy8zLzEgIDMzMDYvNC8xIA0KZiAgMzQwOC8xLzEgIDM0MDkvMi8xICAzMzA4LzMvMSAgMzMwNy80LzEgDQpmICAzNDA5LzEvMSAgMzQxMC8yLzEgIDMzMDkvMy8xICAzMzA4LzQvMSANCmYgIDM0MTAvMS8xICAzNDExLzIvMSAgMzMxMC8zLzEgIDMzMDkvNC8xIA0KZiAgMzQxMS8xLzEgIDM0MTIvMi8xICAzMzExLzMvMSAgMzMxMC80LzEgDQpmICAzNDEyLzEvMSAgMzQxMy8yLzEgIDMzMTIvMy8xICAzMzExLzQvMSANCmYgIDM0MTMvMS8xICAzNDE0LzIvMSAgMzMxMy8zLzEgIDMzMTIvNC8xIA0KZiAgMzQxNC8xLzEgIDM0MTUvMi8xICAzMzE0LzMvMSAgMzMxMy80LzEgDQpmICAzNDE1LzEvMSAgMzQxNi8yLzEgIDMzMTUvMy8xICAzMzE0LzQvMSANCmYgIDM0MTYvMS8xICAzNDE3LzIvMSAgMzMxNi8zLzEgIDMzMTUvNC8xIA0KZiAgMzQxNy8xLzEgIDM0MTgvMi8xICAzMzE3LzMvMSAgMzMxNi80LzEgDQpmICAzNDE4LzEvMSAgMzQxOS8yLzEgIDMzMTgvMy8xICAzMzE3LzQvMSANCmYgIDM0MTkvMS8xICAzNDIwLzIvMSAgMzMxOS8zLzEgIDMzMTgvNC8xIA0KZiAgMzQyMC8xLzEgIDM0MjEvMi8xICAzMzIwLzMvMSAgMzMxOS80LzEgDQpmICAzNDIxLzEvMSAgMzQyMi8yLzEgIDMzMjEvMy8xICAzMzIwLzQvMSANCmYgIDM0MjIvMS8xICAzNDIzLzIvMSAgMzMyMi8zLzEgIDMzMjEvNC8xIA0KZiAgMzQyMy8xLzEgIDM0MjQvMi8xICAzMzIzLzMvMSAgMzMyMi80LzEgDQpmICAzNDI0LzEvMSAgMzQyNS8yLzEgIDMzMjQvMy8xICAzMzIzLzQvMSANCmYgIDM0MjUvMS8xICAzNDI2LzIvMSAgMzMyNS8zLzEgIDMzMjQvNC8xIA0KZiAgMzQyNi8xLzEgIDM0MjcvMi8xICAzMzI2LzMvMSAgMzMyNS80LzEgDQpmICAzNDI3LzEvMSAgMzQyOC8yLzEgIDMzMjcvMy8xICAzMzI2LzQvMSANCmYgIDM0MjgvMS8xICAzNDI5LzIvMSAgMzMyOC8zLzEgIDMzMjcvNC8xIA0KZiAgMzQyOS8xLzEgIDM0MzAvMi8xICAzMzI5LzMvMSAgMzMyOC80LzEgDQpmICAzNDMwLzEvMSAgMzQzMS8yLzEgIDMzMzAvMy8xICAzMzI5LzQvMSANCmYgIDM0MzEvMS8xICAzNDMyLzIvMSAgMzMzMS8zLzEgIDMzMzAvNC8xIA0KZiAgMzQzMi8xLzEgIDM0MzMvMi8xICAzMzMyLzMvMSAgMzMzMS80LzEgDQpmICAzNDMzLzEvMSAgMzQzNC8yLzEgIDMzMzMvMy8xICAzMzMyLzQvMSANCmYgIDM0MzUvMS8xICAzNDM2LzIvMSAgMzMzNS8zLzEgIDMzMzQvNC8xIA0KZiAgMzQzNi8xLzEgIDM0MzcvMi8xICAzMzM2LzMvMSAgMzMzNS80LzEgDQpmICAzNDM3LzEvMSAgMzQzOC8yLzEgIDMzMzcvMy8xICAzMzM2LzQvMSANCmYgIDM0MzgvMS8xICAzNDM5LzIvMSAgMzMzOC8zLzEgIDMzMzcvNC8xIA0KZiAgMzQzOS8xLzEgIDM0NDAvMi8xICAzMzM5LzMvMSAgMzMzOC80LzEgDQpmICAzNDQwLzEvMSAgMzQ0MS8yLzEgIDMzNDAvMy8xICAzMzM5LzQvMSANCmYgIDM0NDEvMS8xICAzNDQyLzIvMSAgMzM0MS8zLzEgIDMzNDAvNC8xIA0KZiAgMzQ0Mi8xLzEgIDM0NDMvMi8xICAzMzQyLzMvMSAgMzM0MS80LzEgDQpmICAzNDQzLzEvMSAgMzQ0NC8yLzEgIDMzNDMvMy8xICAzMzQyLzQvMSANCmYgIDM0NDQvMS8xICAzNDQ1LzIvMSAgMzM0NC8zLzEgIDMzNDMvNC8xIA0KZiAgMzQ0NS8xLzEgIDM0NDYvMi8xICAzMzQ1LzMvMSAgMzM0NC80LzEgDQpmICAzNDQ2LzEvMSAgMzQ0Ny8yLzEgIDMzNDYvMy8xICAzMzQ1LzQvMSANCmYgIDM0NDcvMS8xICAzNDQ4LzIvMSAgMzM0Ny8zLzEgIDMzNDYvNC8xIA0KZiAgMzQ0OC8xLzEgIDM0NDkvMi8xICAzMzQ4LzMvMSAgMzM0Ny80LzEgDQpmICAzNDQ5LzEvMSAgMzQ1MC8yLzEgIDMzNDkvMy8xICAzMzQ4LzQvMSANCmYgIDM0NTAvMS8xICAzNDUxLzIvMSAgMzM1MC8zLzEgIDMzNDkvNC8xIA0KZiAgMzQ1MS8xLzEgIDM0NTIvMi8xICAzMzUxLzMvMSAgMzM1MC80LzEgDQpmICAzNDUyLzEvMSAgMzQ1My8yLzEgIDMzNTIvMy8xICAzMzUxLzQvMSANCmYgIDM0NTMvMS8xICAzNDU0LzIvMSAgMzM1My8zLzEgIDMzNTIvNC8xIA0KZiAgMzQ1NC8xNy8xICAzNDU1LzE4LzEgIDMzNTQvMTkvMSAgMzM1My8yMC8xIA0KZiAgMzQ1NS8yMS8xICAzNDU2LzIyLzEgIDMzNTUvMjMvMSAgMzM1NC8yNC8xIA0KZiAgMzQ1Ni8yMS8xICAzNDU3LzIyLzEgIDMzNTYvMjMvMSAgMzM1NS8yNC8xIA0KZiAgMzQ1Ny8yMS8xICAzNDU4LzIyLzEgIDMzNTcvMjMvMSAgMzM1Ni8yNC8xIA0KZiAgMzQ1OC8yMS8xICAzNDU5LzIyLzEgIDMzNTgvMjMvMSAgMzM1Ny8yNC8xIA0KZiAgMzQ1OS8yMS8xICAzNDYwLzIyLzEgIDMzNTkvMjMvMSAgMzM1OC8yNC8xIA0KZiAgMzQ2MC8yMS8xICAzNDYxLzIyLzEgIDMzNjAvMjMvMSAgMzM1OS8yNC8xIA0KZiAgMzQ2MS8yNS8xICAzNDYyLzI2LzEgIDMzNjEvMjcvMSAgMzM2MC8yOC8xIA0KZiAgMzQ2Mi8xLzEgIDM0NjMvMi8xICAzMzYyLzMvMSAgMzM2MS80LzEgDQpmICAzNDYzLzEvMSAgMzQ2NC8yLzEgIDMzNjMvMy8xICAzMzYyLzQvMSANCmYgIDM0NjQvMS8xICAzNDY1LzIvMSAgMzM2NC8zLzEgIDMzNjMvNC8xIA0KZiAgMzQ2NS8xLzEgIDM0NjYvMi8xICAzMzY1LzMvMSAgMzM2NC80LzEgDQpmICAzNDY2LzEvMSAgMzQ2Ny8yLzEgIDMzNjYvMy8xICAzMzY1LzQvMSANCmYgIDM0NjcvMS8xICAzNDY4LzIvMSAgMzM2Ny8zLzEgIDMzNjYvNC8xIA0KZiAgMzQ2OC8xLzEgIDM0NjkvMi8xICAzMzY4LzMvMSAgMzM2Ny80LzEgDQpmICAzNDY5LzEvMSAgMzQ3MC8yLzEgIDMzNjkvMy8xICAzMzY4LzQvMSANCmYgIDM0NzAvMS8xICAzNDcxLzIvMSAgMzM3MC8zLzEgIDMzNjkvNC8xIA0KZiAgMzQ3MS8xLzEgIDM0NzIvMi8xICAzMzcxLzMvMSAgMzM3MC80LzEgDQpmICAzNDcyLzEvMSAgMzQ3My8yLzEgIDMzNzIvMy8xICAzMzcxLzQvMSANCmYgIDM0NzMvMS8xICAzNDc0LzIvMSAgMzM3My8zLzEgIDMzNzIvNC8xIA0KZiAgMzQ3NC8xLzEgIDM0NzUvMi8xICAzMzc0LzMvMSAgMzM3My80LzEgDQpmICAzNDc1LzEvMSAgMzQ3Ni8yLzEgIDMzNzUvMy8xICAzMzc0LzQvMSANCmYgIDM0NzYvMS8xICAzNDc3LzIvMSAgMzM3Ni8zLzEgIDMzNzUvNC8xIA0KZiAgMzQ3Ny8xLzEgIDM0NzgvMi8xICAzMzc3LzMvMSAgMzM3Ni80LzEgDQpmICAzNDc4LzEvMSAgMzQ3OS8yLzEgIDMzNzgvMy8xICAzMzc3LzQvMSANCmYgIDM0NzkvMS8xICAzNDgwLzIvMSAgMzM3OS8zLzEgIDMzNzgvNC8xIA0KZiAgMzQ4MC8xLzEgIDM0ODEvMi8xICAzMzgwLzMvMSAgMzM3OS80LzEgDQpmICAzNDgxLzEvMSAgMzQ4Mi8yLzEgIDMzODEvMy8xICAzMzgwLzQvMSANCmYgIDM0ODIvMS8xICAzNDgzLzIvMSAgMzM4Mi8zLzEgIDMzODEvNC8xIA0KZiAgMzQ4My8xLzEgIDM0ODQvMi8xICAzMzgzLzMvMSAgMzM4Mi80LzEgDQpmICAzNDg0LzEvMSAgMzQ4NS8yLzEgIDMzODQvMy8xICAzMzgzLzQvMSANCmYgIDM0ODUvMS8xICAzNDg2LzIvMSAgMzM4NS8zLzEgIDMzODQvNC8xIA0KZiAgMzQ4Ni8xLzEgIDM0ODcvMi8xICAzMzg2LzMvMSAgMzM4NS80LzEgDQpmICAzNDg3LzEvMSAgMzQ4OC8yLzEgIDMzODcvMy8xICAzMzg2LzQvMSANCmYgIDM0ODgvMS8xICAzNDg5LzIvMSAgMzM4OC8zLzEgIDMzODcvNC8xIA0KZiAgMzQ4OS8xLzEgIDM0OTAvMi8xICAzMzg5LzMvMSAgMzM4OC80LzEgDQpmICAzNDkwLzEvMSAgMzQ5MS8yLzEgIDMzOTAvMy8xICAzMzg5LzQvMSANCmYgIDM0OTEvMS8xICAzNDkyLzIvMSAgMzM5MS8zLzEgIDMzOTAvNC8xIA0KZiAgMzQ5Mi8xLzEgIDM0OTMvMi8xICAzMzkyLzMvMSAgMzM5MS80LzEgDQpmICAzNDkzLzEvMSAgMzQ5NC8yLzEgIDMzOTMvMy8xICAzMzkyLzQvMSANCmYgIDM0OTQvMS8xICAzNDk1LzIvMSAgMzM5NC8zLzEgIDMzOTMvNC8xIA0KZiAgMzQ5NS8xLzEgIDM0OTYvMi8xICAzMzk1LzMvMSAgMzM5NC80LzEgDQpmICAzNDk2LzEvMSAgMzQ5Ny8yLzEgIDMzOTYvMy8xICAzMzk1LzQvMSANCmYgIDM0OTcvMS8xICAzNDk4LzIvMSAgMzM5Ny8zLzEgIDMzOTYvNC8xIA0KZiAgMzQ5OC8xLzEgIDM0OTkvMi8xICAzMzk4LzMvMSAgMzM5Ny80LzEgDQpmICAzNDk5LzEvMSAgMzUwMC8yLzEgIDMzOTkvMy8xICAzMzk4LzQvMSANCmYgIDM1MDAvMS8xICAzNTAxLzIvMSAgMzQwMC8zLzEgIDMzOTkvNC8xIA0KZiAgMzUwMS8xLzEgIDM1MDIvMi8xICAzNDAxLzMvMSAgMzQwMC80LzEgDQpmICAzNTAyLzEvMSAgMzUwMy8yLzEgIDM0MDIvMy8xICAzNDAxLzQvMSANCmYgIDM1MDMvMS8xICAzNTA0LzIvMSAgMzQwMy8zLzEgIDM0MDIvNC8xIA0KZiAgMzUwNC8xLzEgIDM1MDUvMi8xICAzNDA0LzMvMSAgMzQwMy80LzEgDQpmICAzNTA1LzEvMSAgMzUwNi8yLzEgIDM0MDUvMy8xICAzNDA0LzQvMSANCmYgIDM1MDYvMS8xICAzNTA3LzIvMSAgMzQwNi8zLzEgIDM0MDUvNC8xIA0KZiAgMzUwNy8xLzEgIDM1MDgvMi8xICAzNDA3LzMvMSAgMzQwNi80LzEgDQpmICAzNTA4LzEvMSAgMzUwOS8yLzEgIDM0MDgvMy8xICAzNDA3LzQvMSANCmYgIDM1MDkvMS8xICAzNTEwLzIvMSAgMzQwOS8zLzEgIDM0MDgvNC8xIA0KZiAgMzUxMC8xLzEgIDM1MTEvMi8xICAzNDEwLzMvMSAgMzQwOS80LzEgDQpmICAzNTExLzEvMSAgMzUxMi8yLzEgIDM0MTEvMy8xICAzNDEwLzQvMSANCmYgIDM1MTIvMS8xICAzNTEzLzIvMSAgMzQxMi8zLzEgIDM0MTEvNC8xIA0KZiAgMzUxMy8xLzEgIDM1MTQvMi8xICAzNDEzLzMvMSAgMzQxMi80LzEgDQpmICAzNTE0LzEvMSAgMzUxNS8yLzEgIDM0MTQvMy8xICAzNDEzLzQvMSANCmYgIDM1MTUvMS8xICAzNTE2LzIvMSAgMzQxNS8zLzEgIDM0MTQvNC8xIA0KZiAgMzUxNi8xLzEgIDM1MTcvMi8xICAzNDE2LzMvMSAgMzQxNS80LzEgDQpmICAzNTE3LzEvMSAgMzUxOC8yLzEgIDM0MTcvMy8xICAzNDE2LzQvMSANCmYgIDM1MTgvMS8xICAzNTE5LzIvMSAgMzQxOC8zLzEgIDM0MTcvNC8xIA0KZiAgMzUxOS8xLzEgIDM1MjAvMi8xICAzNDE5LzMvMSAgMzQxOC80LzEgDQpmICAzNTIwLzEvMSAgMzUyMS8yLzEgIDM0MjAvMy8xICAzNDE5LzQvMSANCmYgIDM1MjEvMS8xICAzNTIyLzIvMSAgMzQyMS8zLzEgIDM0MjAvNC8xIA0KZiAgMzUyMi8xLzEgIDM1MjMvMi8xICAzNDIyLzMvMSAgMzQyMS80LzEgDQpmICAzNTIzLzEvMSAgMzUyNC8yLzEgIDM0MjMvMy8xICAzNDIyLzQvMSANCmYgIDM1MjQvMS8xICAzNTI1LzIvMSAgMzQyNC8zLzEgIDM0MjMvNC8xIA0KZiAgMzUyNS8xLzEgIDM1MjYvMi8xICAzNDI1LzMvMSAgMzQyNC80LzEgDQpmICAzNTI2LzEvMSAgMzUyNy8yLzEgIDM0MjYvMy8xICAzNDI1LzQvMSANCmYgIDM1MjcvMS8xICAzNTI4LzIvMSAgMzQyNy8zLzEgIDM0MjYvNC8xIA0KZiAgMzUyOC8xLzEgIDM1MjkvMi8xICAzNDI4LzMvMSAgMzQyNy80LzEgDQpmICAzNTI5LzEvMSAgMzUzMC8yLzEgIDM0MjkvMy8xICAzNDI4LzQvMSANCmYgIDM1MzAvMS8xICAzNTMxLzIvMSAgMzQzMC8zLzEgIDM0MjkvNC8xIA0KZiAgMzUzMS8xLzEgIDM1MzIvMi8xICAzNDMxLzMvMSAgMzQzMC80LzEgDQpmICAzNTMyLzEvMSAgMzUzMy8yLzEgIDM0MzIvMy8xICAzNDMxLzQvMSANCmYgIDM1MzMvMS8xICAzNTM0LzIvMSAgMzQzMy8zLzEgIDM0MzIvNC8xIA0KZiAgMzUzNC8xLzEgIDM1MzUvMi8xICAzNDM0LzMvMSAgMzQzMy80LzEgDQpmICAzNTM2LzEvMSAgMzUzNy8yLzEgIDM0MzYvMy8xICAzNDM1LzQvMSANCmYgIDM1MzcvMS8xICAzNTM4LzIvMSAgMzQzNy8zLzEgIDM0MzYvNC8xIA0KZiAgMzUzOC8xLzEgIDM1MzkvMi8xICAzNDM4LzMvMSAgMzQzNy80LzEgDQpmICAzNTM5LzEvMSAgMzU0MC8yLzEgIDM0MzkvMy8xICAzNDM4LzQvMSANCmYgIDM1NDAvMS8xICAzNTQxLzIvMSAgMzQ0MC8zLzEgIDM0MzkvNC8xIA0KZiAgMzU0MS8xLzEgIDM1NDIvMi8xICAzNDQxLzMvMSAgMzQ0MC80LzEgDQpmICAzNTQyLzEvMSAgMzU0My8yLzEgIDM0NDIvMy8xICAzNDQxLzQvMSANCmYgIDM1NDMvMS8xICAzNTQ0LzIvMSAgMzQ0My8zLzEgIDM0NDIvNC8xIA0KZiAgMzU0NC8xLzEgIDM1NDUvMi8xICAzNDQ0LzMvMSAgMzQ0My80LzEgDQpmICAzNTQ1LzEvMSAgMzU0Ni8yLzEgIDM0NDUvMy8xICAzNDQ0LzQvMSANCmYgIDM1NDYvMS8xICAzNTQ3LzIvMSAgMzQ0Ni8zLzEgIDM0NDUvNC8xIA0KZiAgMzU0Ny8xLzEgIDM1NDgvMi8xICAzNDQ3LzMvMSAgMzQ0Ni80LzEgDQpmICAzNTQ4LzEvMSAgMzU0OS8yLzEgIDM0NDgvMy8xICAzNDQ3LzQvMSANCmYgIDM1NDkvMS8xICAzNTUwLzIvMSAgMzQ0OS8zLzEgIDM0NDgvNC8xIA0KZiAgMzU1MC8xLzEgIDM1NTEvMi8xICAzNDUwLzMvMSAgMzQ0OS80LzEgDQpmICAzNTUxLzEvMSAgMzU1Mi8yLzEgIDM0NTEvMy8xICAzNDUwLzQvMSANCmYgIDM1NTIvMS8xICAzNTUzLzIvMSAgMzQ1Mi8zLzEgIDM0NTEvNC8xIA0KZiAgMzU1My8xLzEgIDM1NTQvMi8xICAzNDUzLzMvMSAgMzQ1Mi80LzEgDQpmICAzNTU0LzUvMSAgMzU1NS82LzEgIDM0NTQvNy8xICAzNDUzLzgvMSANCmYgIDM1NTUvMjEvMSAgMzU1Ni8yMi8xICAzNDU1LzIzLzEgIDM0NTQvMjQvMSANCmYgIDM1NTYvMjEvMSAgMzU1Ny8yMi8xICAzNDU2LzIzLzEgIDM0NTUvMjQvMSANCmYgIDM1NTcvMjkvMSAgMzU1OC8zMC8xICAzNDU3LzMxLzEgIDM0NTYvMzIvMSANCmYgIDM1NTgvMzMvMSAgMzU1OS8zNC8xICAzNDU4LzM1LzEgIDM0NTcvMzYvMSANCmYgIDM1NTkvMzMvMSAgMzU2MC8zNC8xICAzNDU5LzM1LzEgIDM0NTgvMzYvMSANCmYgIDM1NjAvMzMvMSAgMzU2MS8zNC8xICAzNDYwLzM1LzEgIDM0NTkvMzYvMSANCmYgIDM1NjEvMzcvMSAgMzU2Mi8zOC8xICAzNDYxLzM5LzEgIDM0NjAvNDAvMSANCmYgIDM1NjIvMjEvMSAgMzU2My8yMi8xICAzNDYyLzIzLzEgIDM0NjEvMjQvMSANCmYgIDM1NjMvMTMvMSAgMzU2NC8xNC8xICAzNDYzLzE1LzEgIDM0NjIvMTYvMSANCmYgIDM1NjQvMS8xICAzNTY1LzIvMSAgMzQ2NC8zLzEgIDM0NjMvNC8xIA0KZiAgMzU2NS8xLzEgIDM1NjYvMi8xICAzNDY1LzMvMSAgMzQ2NC80LzEgDQpmICAzNTY2LzEvMSAgMzU2Ny8yLzEgIDM0NjYvMy8xICAzNDY1LzQvMSANCmYgIDM1NjcvMS8xICAzNTY4LzIvMSAgMzQ2Ny8zLzEgIDM0NjYvNC8xIA0KZiAgMzU2OC8xLzEgIDM1NjkvMi8xICAzNDY4LzMvMSAgMzQ2Ny80LzEgDQpmICAzNTY5LzEvMSAgMzU3MC8yLzEgIDM0NjkvMy8xICAzNDY4LzQvMSANCmYgIDM1NzAvMS8xICAzNTcxLzIvMSAgMzQ3MC8zLzEgIDM0NjkvNC8xIA0KZiAgMzU3MS8xLzEgIDM1NzIvMi8xICAzNDcxLzMvMSAgMzQ3MC80LzEgDQpmICAzNTcyLzEvMSAgMzU3My8yLzEgIDM0NzIvMy8xICAzNDcxLzQvMSANCmYgIDM1NzMvMS8xICAzNTc0LzIvMSAgMzQ3My8zLzEgIDM0NzIvNC8xIA0KZiAgMzU3NC8xLzEgIDM1NzUvMi8xICAzNDc0LzMvMSAgMzQ3My80LzEgDQpmICAzNTc1LzEvMSAgMzU3Ni8yLzEgIDM0NzUvMy8xICAzNDc0LzQvMSANCmYgIDM1NzYvMS8xICAzNTc3LzIvMSAgMzQ3Ni8zLzEgIDM0NzUvNC8xIA0KZiAgMzU3Ny8xLzEgIDM1NzgvMi8xICAzNDc3LzMvMSAgMzQ3Ni80LzEgDQpmICAzNTc4LzEvMSAgMzU3OS8yLzEgIDM0NzgvMy8xICAzNDc3LzQvMSANCmYgIDM1NzkvMS8xICAzNTgwLzIvMSAgMzQ3OS8zLzEgIDM0NzgvNC8xIA0KZiAgMzU4MC8xLzEgIDM1ODEvMi8xICAzNDgwLzMvMSAgMzQ3OS80LzEgDQpmICAzNTgxLzEvMSAgMzU4Mi8yLzEgIDM0ODEvMy8xICAzNDgwLzQvMSANCmYgIDM1ODIvMS8xICAzNTgzLzIvMSAgMzQ4Mi8zLzEgIDM0ODEvNC8xIA0KZiAgMzU4My8xLzEgIDM1ODQvMi8xICAzNDgzLzMvMSAgMzQ4Mi80LzEgDQpmICAzNTg0LzEvMSAgMzU4NS8yLzEgIDM0ODQvMy8xICAzNDgzLzQvMSANCmYgIDM1ODUvMS8xICAzNTg2LzIvMSAgMzQ4NS8zLzEgIDM0ODQvNC8xIA0KZiAgMzU4Ni8xLzEgIDM1ODcvMi8xICAzNDg2LzMvMSAgMzQ4NS80LzEgDQpmICAzNTg3LzEvMSAgMzU4OC8yLzEgIDM0ODcvMy8xICAzNDg2LzQvMSANCmYgIDM1ODgvMS8xICAzNTg5LzIvMSAgMzQ4OC8zLzEgIDM0ODcvNC8xIA0KZiAgMzU4OS8xLzEgIDM1OTAvMi8xICAzNDg5LzMvMSAgMzQ4OC80LzEgDQpmICAzNTkwLzEvMSAgMzU5MS8yLzEgIDM0OTAvMy8xICAzNDg5LzQvMSANCmYgIDM1OTEvMS8xICAzNTkyLzIvMSAgMzQ5MS8zLzEgIDM0OTAvNC8xIA0KZiAgMzU5Mi8xLzEgIDM1OTMvMi8xICAzNDkyLzMvMSAgMzQ5MS80LzEgDQpmICAzNTkzLzEvMSAgMzU5NC8yLzEgIDM0OTMvMy8xICAzNDkyLzQvMSANCmYgIDM1OTQvMS8xICAzNTk1LzIvMSAgMzQ5NC8zLzEgIDM0OTMvNC8xIA0KZiAgMzU5NS8xLzEgIDM1OTYvMi8xICAzNDk1LzMvMSAgMzQ5NC80LzEgDQpmICAzNTk2LzEvMSAgMzU5Ny8yLzEgIDM0OTYvMy8xICAzNDk1LzQvMSANCmYgIDM1OTcvMS8xICAzNTk4LzIvMSAgMzQ5Ny8zLzEgIDM0OTYvNC8xIA0KZiAgMzU5OC8xLzEgIDM1OTkvMi8xICAzNDk4LzMvMSAgMzQ5Ny80LzEgDQpmICAzNTk5LzEvMSAgMzYwMC8yLzEgIDM0OTkvMy8xICAzNDk4LzQvMSANCmYgIDM2MDAvMS8xICAzNjAxLzIvMSAgMzUwMC8zLzEgIDM0OTkvNC8xIA0KZiAgMzYwMS8xLzEgIDM2MDIvMi8xICAzNTAxLzMvMSAgMzUwMC80LzEgDQpmICAzNjAyLzEvMSAgMzYwMy8yLzEgIDM1MDIvMy8xICAzNTAxLzQvMSANCmYgIDM2MDMvMS8xICAzNjA0LzIvMSAgMzUwMy8zLzEgIDM1MDIvNC8xIA0KZiAgMzYwNC8xLzEgIDM2MDUvMi8xICAzNTA0LzMvMSAgMzUwMy80LzEgDQpmICAzNjA1LzEvMSAgMzYwNi8yLzEgIDM1MDUvMy8xICAzNTA0LzQvMSANCmYgIDM2MDYvMS8xICAzNjA3LzIvMSAgMzUwNi8zLzEgIDM1MDUvNC8xIA0KZiAgMzYwNy8xLzEgIDM2MDgvMi8xICAzNTA3LzMvMSAgMzUwNi80LzEgDQpmICAzNjA4LzEvMSAgMzYwOS8yLzEgIDM1MDgvMy8xICAzNTA3LzQvMSANCmYgIDM2MDkvMS8xICAzNjEwLzIvMSAgMzUwOS8zLzEgIDM1MDgvNC8xIA0KZiAgMzYxMC8xLzEgIDM2MTEvMi8xICAzNTEwLzMvMSAgMzUwOS80LzEgDQpmICAzNjExLzEvMSAgMzYxMi8yLzEgIDM1MTEvMy8xICAzNTEwLzQvMSANCmYgIDM2MTIvMS8xICAzNjEzLzIvMSAgMzUxMi8zLzEgIDM1MTEvNC8xIA0KZiAgMzYxMy8xLzEgIDM2MTQvMi8xICAzNTEzLzMvMSAgMzUxMi80LzEgDQpmICAzNjE0LzEvMSAgMzYxNS8yLzEgIDM1MTQvMy8xICAzNTEzLzQvMSANCmYgIDM2MTUvMS8xICAzNjE2LzIvMSAgMzUxNS8zLzEgIDM1MTQvNC8xIA0KZiAgMzYxNi8xLzEgIDM2MTcvMi8xICAzNTE2LzMvMSAgMzUxNS80LzEgDQpmICAzNjE3LzEvMSAgMzYxOC8yLzEgIDM1MTcvMy8xICAzNTE2LzQvMSANCmYgIDM2MTgvMS8xICAzNjE5LzIvMSAgMzUxOC8zLzEgIDM1MTcvNC8xIA0KZiAgMzYxOS8xLzEgIDM2MjAvMi8xICAzNTE5LzMvMSAgMzUxOC80LzEgDQpmICAzNjIwLzEvMSAgMzYyMS8yLzEgIDM1MjAvMy8xICAzNTE5LzQvMSANCmYgIDM2MjEvMS8xICAzNjIyLzIvMSAgMzUyMS8zLzEgIDM1MjAvNC8xIA0KZiAgMzYyMi8xLzEgIDM2MjMvMi8xICAzNTIyLzMvMSAgMzUyMS80LzEgDQpmICAzNjIzLzEvMSAgMzYyNC8yLzEgIDM1MjMvMy8xICAzNTIyLzQvMSANCmYgIDM2MjQvMS8xICAzNjI1LzIvMSAgMzUyNC8zLzEgIDM1MjMvNC8xIA0KZiAgMzYyNS8xLzEgIDM2MjYvMi8xICAzNTI1LzMvMSAgMzUyNC80LzEgDQpmICAzNjI2LzEvMSAgMzYyNy8yLzEgIDM1MjYvMy8xICAzNTI1LzQvMSANCmYgIDM2MjcvMS8xICAzNjI4LzIvMSAgMzUyNy8zLzEgIDM1MjYvNC8xIA0KZiAgMzYyOC8xLzEgIDM2MjkvMi8xICAzNTI4LzMvMSAgMzUyNy80LzEgDQpmICAzNjI5LzEvMSAgMzYzMC8yLzEgIDM1MjkvMy8xICAzNTI4LzQvMSANCmYgIDM2MzAvMS8xICAzNjMxLzIvMSAgMzUzMC8zLzEgIDM1MjkvNC8xIA0KZiAgMzYzMS8xLzEgIDM2MzIvMi8xICAzNTMxLzMvMSAgMzUzMC80LzEgDQpmICAzNjMyLzEvMSAgMzYzMy8yLzEgIDM1MzIvMy8xICAzNTMxLzQvMSANCmYgIDM2MzMvMS8xICAzNjM0LzIvMSAgMzUzMy8zLzEgIDM1MzIvNC8xIA0KZiAgMzYzNC8xLzEgIDM2MzUvMi8xICAzNTM0LzMvMSAgMzUzMy80LzEgDQpmICAzNjM1LzEvMSAgMzYzNi8yLzEgIDM1MzUvMy8xICAzNTM0LzQvMSANCmYgIDM2MzcvMS8xICAzNjM4LzIvMSAgMzUzNy8zLzEgIDM1MzYvNC8xIA0KZiAgMzYzOC8xLzEgIDM2MzkvMi8xICAzNTM4LzMvMSAgMzUzNy80LzEgDQpmICAzNjM5LzEvMSAgMzY0MC8yLzEgIDM1MzkvMy8xICAzNTM4LzQvMSANCmYgIDM2NDAvMS8xICAzNjQxLzIvMSAgMzU0MC8zLzEgIDM1MzkvNC8xIA0KZiAgMzY0MS8xLzEgIDM2NDIvMi8xICAzNTQxLzMvMSAgMzU0MC80LzEgDQpmICAzNjQyLzEvMSAgMzY0My8yLzEgIDM1NDIvMy8xICAzNTQxLzQvMSANCmYgIDM2NDMvMS8xICAzNjQ0LzIvMSAgMzU0My8zLzEgIDM1NDIvNC8xIA0KZiAgMzY0NC8xLzEgIDM2NDUvMi8xICAzNTQ0LzMvMSAgMzU0My80LzEgDQpmICAzNjQ1LzEvMSAgMzY0Ni8yLzEgIDM1NDUvMy8xICAzNTQ0LzQvMSANCmYgIDM2NDYvMS8xICAzNjQ3LzIvMSAgMzU0Ni8zLzEgIDM1NDUvNC8xIA0KZiAgMzY0Ny8xLzEgIDM2NDgvMi8xICAzNTQ3LzMvMSAgMzU0Ni80LzEgDQpmICAzNjQ4LzEvMSAgMzY0OS8yLzEgIDM1NDgvMy8xICAzNTQ3LzQvMSANCmYgIDM2NDkvMS8xICAzNjUwLzIvMSAgMzU0OS8zLzEgIDM1NDgvNC8xIA0KZiAgMzY1MC8xLzEgIDM2NTEvMi8xICAzNTUwLzMvMSAgMzU0OS80LzEgDQpmICAzNjUxLzEvMSAgMzY1Mi8yLzEgIDM1NTEvMy8xICAzNTUwLzQvMSANCmYgIDM2NTIvMS8xICAzNjUzLzIvMSAgMzU1Mi8zLzEgIDM1NTEvNC8xIA0KZiAgMzY1My8xLzEgIDM2NTQvMi8xICAzNTUzLzMvMSAgMzU1Mi80LzEgDQpmICAzNjU0LzEvMSAgMzY1NS8yLzEgIDM1NTQvMy8xICAzNTUzLzQvMSANCmYgIDM2NTUvMTcvMSAgMzY1Ni8xOC8xICAzNTU1LzE5LzEgIDM1NTQvMjAvMSANCmYgIDM2NTYvMjEvMSAgMzY1Ny8yMi8xICAzNTU2LzIzLzEgIDM1NTUvMjQvMSANCmYgIDM2NTcvMjEvMSAgMzY1OC8yMi8xICAzNTU3LzIzLzEgIDM1NTYvMjQvMSANCmYgIDM2NTgvNTMvMSAgMzY1OS81NC8xICAzNTU4LzU1LzEgIDM1NTcvNTYvMSANCmYgIDM2NTkvNDUvMSAgMzY2MC80Ni8xICAzNTU5LzQ3LzEgIDM1NTgvNDgvMSANCmYgIDM2NjAvNDUvMSAgMzY2MS80Ni8xICAzNTYwLzQ3LzEgIDM1NTkvNDgvMSANCmYgIDM2NjEvNDUvMSAgMzY2Mi80Ni8xICAzNTYxLzQ3LzEgIDM1NjAvNDgvMSANCmYgIDM2NjIvNjkvMSAgMzY2My83MC8xICAzNTYyLzcxLzEgIDM1NjEvNzIvMSANCmYgIDM2NjMvMjEvMSAgMzY2NC8yMi8xICAzNTYzLzIzLzEgIDM1NjIvMjQvMSANCmYgIDM2NjQvMjUvMSAgMzY2NS8yNi8xICAzNTY0LzI3LzEgIDM1NjMvMjgvMSANCmYgIDM2NjUvMS8xICAzNjY2LzIvMSAgMzU2NS8zLzEgIDM1NjQvNC8xIA0KZiAgMzY2Ni8xLzEgIDM2NjcvMi8xICAzNTY2LzMvMSAgMzU2NS80LzEgDQpmICAzNjY3LzEvMSAgMzY2OC8yLzEgIDM1NjcvMy8xICAzNTY2LzQvMSANCmYgIDM2NjgvMS8xICAzNjY5LzIvMSAgMzU2OC8zLzEgIDM1NjcvNC8xIA0KZiAgMzY2OS8xLzEgIDM2NzAvMi8xICAzNTY5LzMvMSAgMzU2OC80LzEgDQpmICAzNjcwLzEvMSAgMzY3MS8yLzEgIDM1NzAvMy8xICAzNTY5LzQvMSANCmYgIDM2NzEvMS8xICAzNjcyLzIvMSAgMzU3MS8zLzEgIDM1NzAvNC8xIA0KZiAgMzY3Mi8xLzEgIDM2NzMvMi8xICAzNTcyLzMvMSAgMzU3MS80LzEgDQpmICAzNjczLzEvMSAgMzY3NC8yLzEgIDM1NzMvMy8xICAzNTcyLzQvMSANCmYgIDM2NzQvMS8xICAzNjc1LzIvMSAgMzU3NC8zLzEgIDM1NzMvNC8xIA0KZiAgMzY3NS8xLzEgIDM2NzYvMi8xICAzNTc1LzMvMSAgMzU3NC80LzEgDQpmICAzNjc2LzEvMSAgMzY3Ny8yLzEgIDM1NzYvMy8xICAzNTc1LzQvMSANCmYgIDM2NzcvMS8xICAzNjc4LzIvMSAgMzU3Ny8zLzEgIDM1NzYvNC8xIA0KZiAgMzY3OC8xLzEgIDM2NzkvMi8xICAzNTc4LzMvMSAgMzU3Ny80LzEgDQpmICAzNjc5LzEvMSAgMzY4MC8yLzEgIDM1NzkvMy8xICAzNTc4LzQvMSANCmYgIDM2ODAvMS8xICAzNjgxLzIvMSAgMzU4MC8zLzEgIDM1NzkvNC8xIA0KZiAgMzY4MS8xLzEgIDM2ODIvMi8xICAzNTgxLzMvMSAgMzU4MC80LzEgDQpmICAzNjgyLzEvMSAgMzY4My8yLzEgIDM1ODIvMy8xICAzNTgxLzQvMSANCmYgIDM2ODMvMS8xICAzNjg0LzIvMSAgMzU4My8zLzEgIDM1ODIvNC8xIA0KZiAgMzY4NC8xLzEgIDM2ODUvMi8xICAzNTg0LzMvMSAgMzU4My80LzEgDQpmICAzNjg1LzEvMSAgMzY4Ni8yLzEgIDM1ODUvMy8xICAzNTg0LzQvMSANCmYgIDM2ODYvMS8xICAzNjg3LzIvMSAgMzU4Ni8zLzEgIDM1ODUvNC8xIA0KZiAgMzY4Ny8xLzEgIDM2ODgvMi8xICAzNTg3LzMvMSAgMzU4Ni80LzEgDQpmICAzNjg4LzEvMSAgMzY4OS8yLzEgIDM1ODgvMy8xICAzNTg3LzQvMSANCmYgIDM2ODkvMS8xICAzNjkwLzIvMSAgMzU4OS8zLzEgIDM1ODgvNC8xIA0KZiAgMzY5MC8xLzEgIDM2OTEvMi8xICAzNTkwLzMvMSAgMzU4OS80LzEgDQpmICAzNjkxLzEvMSAgMzY5Mi8yLzEgIDM1OTEvMy8xICAzNTkwLzQvMSANCmYgIDM2OTIvMS8xICAzNjkzLzIvMSAgMzU5Mi8zLzEgIDM1OTEvNC8xIA0KZiAgMzY5My8xLzEgIDM2OTQvMi8xICAzNTkzLzMvMSAgMzU5Mi80LzEgDQpmICAzNjk0LzEvMSAgMzY5NS8yLzEgIDM1OTQvMy8xICAzNTkzLzQvMSANCmYgIDM2OTUvMS8xICAzNjk2LzIvMSAgMzU5NS8zLzEgIDM1OTQvNC8xIA0KZiAgMzY5Ni8xLzEgIDM2OTcvMi8xICAzNTk2LzMvMSAgMzU5NS80LzEgDQpmICAzNjk3LzEvMSAgMzY5OC8yLzEgIDM1OTcvMy8xICAzNTk2LzQvMSANCmYgIDM2OTgvMS8xICAzNjk5LzIvMSAgMzU5OC8zLzEgIDM1OTcvNC8xIA0KZiAgMzY5OS8xLzEgIDM3MDAvMi8xICAzNTk5LzMvMSAgMzU5OC80LzEgDQpmICAzNzAwLzEvMSAgMzcwMS8yLzEgIDM2MDAvMy8xICAzNTk5LzQvMSANCmYgIDM3MDEvMS8xICAzNzAyLzIvMSAgMzYwMS8zLzEgIDM2MDAvNC8xIA0KZiAgMzcwMi8xLzEgIDM3MDMvMi8xICAzNjAyLzMvMSAgMzYwMS80LzEgDQpmICAzNzAzLzEvMSAgMzcwNC8yLzEgIDM2MDMvMy8xICAzNjAyLzQvMSANCmYgIDM3MDQvMS8xICAzNzA1LzIvMSAgMzYwNC8zLzEgIDM2MDMvNC8xIA0KZiAgMzcwNS8xLzEgIDM3MDYvMi8xICAzNjA1LzMvMSAgMzYwNC80LzEgDQpmICAzNzA2LzEvMSAgMzcwNy8yLzEgIDM2MDYvMy8xICAzNjA1LzQvMSANCmYgIDM3MDcvMS8xICAzNzA4LzIvMSAgMzYwNy8zLzEgIDM2MDYvNC8xIA0KZiAgMzcwOC8xLzEgIDM3MDkvMi8xICAzNjA4LzMvMSAgMzYwNy80LzEgDQpmICAzNzA5LzEvMSAgMzcxMC8yLzEgIDM2MDkvMy8xICAzNjA4LzQvMSANCmYgIDM3MTAvMS8xICAzNzExLzIvMSAgMzYxMC8zLzEgIDM2MDkvNC8xIA0KZiAgMzcxMS8xLzEgIDM3MTIvMi8xICAzNjExLzMvMSAgMzYxMC80LzEgDQpmICAzNzEyLzEvMSAgMzcxMy8yLzEgIDM2MTIvMy8xICAzNjExLzQvMSANCmYgIDM3MTMvMS8xICAzNzE0LzIvMSAgMzYxMy8zLzEgIDM2MTIvNC8xIA0KZiAgMzcxNC8xLzEgIDM3MTUvMi8xICAzNjE0LzMvMSAgMzYxMy80LzEgDQpmICAzNzE1LzEvMSAgMzcxNi8yLzEgIDM2MTUvMy8xICAzNjE0LzQvMSANCmYgIDM3MTYvMS8xICAzNzE3LzIvMSAgMzYxNi8zLzEgIDM2MTUvNC8xIA0KZiAgMzcxNy8xLzEgIDM3MTgvMi8xICAzNjE3LzMvMSAgMzYxNi80LzEgDQpmICAzNzE4LzEvMSAgMzcxOS8yLzEgIDM2MTgvMy8xICAzNjE3LzQvMSANCmYgIDM3MTkvMS8xICAzNzIwLzIvMSAgMzYxOS8zLzEgIDM2MTgvNC8xIA0KZiAgMzcyMC8xLzEgIDM3MjEvMi8xICAzNjIwLzMvMSAgMzYxOS80LzEgDQpmICAzNzIxLzEvMSAgMzcyMi8yLzEgIDM2MjEvMy8xICAzNjIwLzQvMSANCmYgIDM3MjIvMS8xICAzNzIzLzIvMSAgMzYyMi8zLzEgIDM2MjEvNC8xIA0KZiAgMzcyMy8xLzEgIDM3MjQvMi8xICAzNjIzLzMvMSAgMzYyMi80LzEgDQpmICAzNzI0LzEvMSAgMzcyNS8yLzEgIDM2MjQvMy8xICAzNjIzLzQvMSANCmYgIDM3MjUvMS8xICAzNzI2LzIvMSAgMzYyNS8zLzEgIDM2MjQvNC8xIA0KZiAgMzcyNi8xLzEgIDM3MjcvMi8xICAzNjI2LzMvMSAgMzYyNS80LzEgDQpmICAzNzI3LzEvMSAgMzcyOC8yLzEgIDM2MjcvMy8xICAzNjI2LzQvMSANCmYgIDM3MjgvMS8xICAzNzI5LzIvMSAgMzYyOC8zLzEgIDM2MjcvNC8xIA0KZiAgMzcyOS8xLzEgIDM3MzAvMi8xICAzNjI5LzMvMSAgMzYyOC80LzEgDQpmICAzNzMwLzEvMSAgMzczMS8yLzEgIDM2MzAvMy8xICAzNjI5LzQvMSANCmYgIDM3MzEvMS8xICAzNzMyLzIvMSAgMzYzMS8zLzEgIDM2MzAvNC8xIA0KZiAgMzczMi8xLzEgIDM3MzMvMi8xICAzNjMyLzMvMSAgMzYzMS80LzEgDQpmICAzNzMzLzEvMSAgMzczNC8yLzEgIDM2MzMvMy8xICAzNjMyLzQvMSANCmYgIDM3MzQvMS8xICAzNzM1LzIvMSAgMzYzNC8zLzEgIDM2MzMvNC8xIA0KZiAgMzczNS8xLzEgIDM3MzYvMi8xICAzNjM1LzMvMSAgMzYzNC80LzEgDQpmICAzNzM2LzEvMSAgMzczNy8yLzEgIDM2MzYvMy8xICAzNjM1LzQvMSANCmYgIDM3MzgvMS8xICAzNzM5LzIvMSAgMzYzOC8zLzEgIDM2MzcvNC8xIA0KZiAgMzczOS8xLzEgIDM3NDAvMi8xICAzNjM5LzMvMSAgMzYzOC80LzEgDQpmICAzNzQwLzEvMSAgMzc0MS8yLzEgIDM2NDAvMy8xICAzNjM5LzQvMSANCmYgIDM3NDEvMS8xICAzNzQyLzIvMSAgMzY0MS8zLzEgIDM2NDAvNC8xIA0KZiAgMzc0Mi8xLzEgIDM3NDMvMi8xICAzNjQyLzMvMSAgMzY0MS80LzEgDQpmICAzNzQzLzEvMSAgMzc0NC8yLzEgIDM2NDMvMy8xICAzNjQyLzQvMSANCmYgIDM3NDQvMS8xICAzNzQ1LzIvMSAgMzY0NC8zLzEgIDM2NDMvNC8xIA0KZiAgMzc0NS8xLzEgIDM3NDYvMi8xICAzNjQ1LzMvMSAgMzY0NC80LzEgDQpmICAzNzQ2LzEvMSAgMzc0Ny8yLzEgIDM2NDYvMy8xICAzNjQ1LzQvMSANCmYgIDM3NDcvMS8xICAzNzQ4LzIvMSAgMzY0Ny8zLzEgIDM2NDYvNC8xIA0KZiAgMzc0OC8xLzEgIDM3NDkvMi8xICAzNjQ4LzMvMSAgMzY0Ny80LzEgDQpmICAzNzQ5LzEvMSAgMzc1MC8yLzEgIDM2NDkvMy8xICAzNjQ4LzQvMSANCmYgIDM3NTAvMS8xICAzNzUxLzIvMSAgMzY1MC8zLzEgIDM2NDkvNC8xIA0KZiAgMzc1MS8xLzEgIDM3NTIvMi8xICAzNjUxLzMvMSAgMzY1MC80LzEgDQpmICAzNzUyLzEvMSAgMzc1My8yLzEgIDM2NTIvMy8xICAzNjUxLzQvMSANCmYgIDM3NTMvMS8xICAzNzU0LzIvMSAgMzY1My8zLzEgIDM2NTIvNC8xIA0KZiAgMzc1NC8xLzEgIDM3NTUvMi8xICAzNjU0LzMvMSAgMzY1My80LzEgDQpmICAzNzU1LzEvMSAgMzc1Ni8yLzEgIDM2NTUvMy8xICAzNjU0LzQvMSANCmYgIDM3NTYvMTcvMSAgMzc1Ny8xOC8xICAzNjU2LzE5LzEgIDM2NTUvMjAvMSANCmYgIDM3NTcvMjEvMSAgMzc1OC8yMi8xICAzNjU3LzIzLzEgIDM2NTYvMjQvMSANCmYgIDM3NTgvMjEvMSAgMzc1OS8yMi8xICAzNjU4LzIzLzEgIDM2NTcvMjQvMSANCmYgIDM3NTkvNTMvMSAgMzc2MC81NC8xICAzNjU5LzU1LzEgIDM2NTgvNTYvMSANCmYgIDM3NjAvNDUvMSAgMzc2MS80Ni8xICAzNjYwLzQ3LzEgIDM2NTkvNDgvMSANCmYgIDM3NjEvNDUvMSAgMzc2Mi80Ni8xICAzNjYxLzQ3LzEgIDM2NjAvNDgvMSANCmYgIDM3NjIvNDUvMSAgMzc2My80Ni8xICAzNjYyLzQ3LzEgIDM2NjEvNDgvMSANCmYgIDM3NjMvNjkvMSAgMzc2NC83MC8xICAzNjYzLzcxLzEgIDM2NjIvNzIvMSANCmYgIDM3NjQvMjEvMSAgMzc2NS8yMi8xICAzNjY0LzIzLzEgIDM2NjMvMjQvMSANCmYgIDM3NjUvMjUvMSAgMzc2Ni8yNi8xICAzNjY1LzI3LzEgIDM2NjQvMjgvMSANCmYgIDM3NjYvMS8xICAzNzY3LzIvMSAgMzY2Ni8zLzEgIDM2NjUvNC8xIA0KZiAgMzc2Ny8xLzEgIDM3NjgvMi8xICAzNjY3LzMvMSAgMzY2Ni80LzEgDQpmICAzNzY4LzEvMSAgMzc2OS8yLzEgIDM2NjgvMy8xICAzNjY3LzQvMSANCmYgIDM3NjkvMS8xICAzNzcwLzIvMSAgMzY2OS8zLzEgIDM2NjgvNC8xIA0KZiAgMzc3MC8xLzEgIDM3NzEvMi8xICAzNjcwLzMvMSAgMzY2OS80LzEgDQpmICAzNzcxLzEvMSAgMzc3Mi8yLzEgIDM2NzEvMy8xICAzNjcwLzQvMSANCmYgIDM3NzIvMS8xICAzNzczLzIvMSAgMzY3Mi8zLzEgIDM2NzEvNC8xIA0KZiAgMzc3My8xLzEgIDM3NzQvMi8xICAzNjczLzMvMSAgMzY3Mi80LzEgDQpmICAzNzc0LzEvMSAgMzc3NS8yLzEgIDM2NzQvMy8xICAzNjczLzQvMSANCmYgIDM3NzUvMS8xICAzNzc2LzIvMSAgMzY3NS8zLzEgIDM2NzQvNC8xIA0KZiAgMzc3Ni8xLzEgIDM3NzcvMi8xICAzNjc2LzMvMSAgMzY3NS80LzEgDQpmICAzNzc3LzEvMSAgMzc3OC8yLzEgIDM2NzcvMy8xICAzNjc2LzQvMSANCmYgIDM3NzgvMS8xICAzNzc5LzIvMSAgMzY3OC8zLzEgIDM2NzcvNC8xIA0KZiAgMzc3OS8xLzEgIDM3ODAvMi8xICAzNjc5LzMvMSAgMzY3OC80LzEgDQpmICAzNzgwLzEvMSAgMzc4MS8yLzEgIDM2ODAvMy8xICAzNjc5LzQvMSANCmYgIDM3ODEvMS8xICAzNzgyLzIvMSAgMzY4MS8zLzEgIDM2ODAvNC8xIA0KZiAgMzc4Mi8xLzEgIDM3ODMvMi8xICAzNjgyLzMvMSAgMzY4MS80LzEgDQpmICAzNzgzLzEvMSAgMzc4NC8yLzEgIDM2ODMvMy8xICAzNjgyLzQvMSANCmYgIDM3ODQvMS8xICAzNzg1LzIvMSAgMzY4NC8zLzEgIDM2ODMvNC8xIA0KZiAgMzc4NS8xLzEgIDM3ODYvMi8xICAzNjg1LzMvMSAgMzY4NC80LzEgDQpmICAzNzg2LzEvMSAgMzc4Ny8yLzEgIDM2ODYvMy8xICAzNjg1LzQvMSANCmYgIDM3ODcvMS8xICAzNzg4LzIvMSAgMzY4Ny8zLzEgIDM2ODYvNC8xIA0KZiAgMzc4OC8xLzEgIDM3ODkvMi8xICAzNjg4LzMvMSAgMzY4Ny80LzEgDQpmICAzNzg5LzEvMSAgMzc5MC8yLzEgIDM2ODkvMy8xICAzNjg4LzQvMSANCmYgIDM3OTAvMS8xICAzNzkxLzIvMSAgMzY5MC8zLzEgIDM2ODkvNC8xIA0KZiAgMzc5MS8xLzEgIDM3OTIvMi8xICAzNjkxLzMvMSAgMzY5MC80LzEgDQpmICAzNzkyLzEvMSAgMzc5My8yLzEgIDM2OTIvMy8xICAzNjkxLzQvMSANCmYgIDM3OTMvMS8xICAzNzk0LzIvMSAgMzY5My8zLzEgIDM2OTIvNC8xIA0KZiAgMzc5NC8xLzEgIDM3OTUvMi8xICAzNjk0LzMvMSAgMzY5My80LzEgDQpmICAzNzk1LzEvMSAgMzc5Ni8yLzEgIDM2OTUvMy8xICAzNjk0LzQvMSANCmYgIDM3OTYvMS8xICAzNzk3LzIvMSAgMzY5Ni8zLzEgIDM2OTUvNC8xIA0KZiAgMzc5Ny8xLzEgIDM3OTgvMi8xICAzNjk3LzMvMSAgMzY5Ni80LzEgDQpmICAzNzk4LzEvMSAgMzc5OS8yLzEgIDM2OTgvMy8xICAzNjk3LzQvMSANCmYgIDM3OTkvMS8xICAzODAwLzIvMSAgMzY5OS8zLzEgIDM2OTgvNC8xIA0KZiAgMzgwMC8xLzEgIDM4MDEvMi8xICAzNzAwLzMvMSAgMzY5OS80LzEgDQpmICAzODAxLzEvMSAgMzgwMi8yLzEgIDM3MDEvMy8xICAzNzAwLzQvMSANCmYgIDM4MDIvMS8xICAzODAzLzIvMSAgMzcwMi8zLzEgIDM3MDEvNC8xIA0KZiAgMzgwMy8xLzEgIDM4MDQvMi8xICAzNzAzLzMvMSAgMzcwMi80LzEgDQpmICAzODA0LzEvMSAgMzgwNS8yLzEgIDM3MDQvMy8xICAzNzAzLzQvMSANCmYgIDM4MDUvMS8xICAzODA2LzIvMSAgMzcwNS8zLzEgIDM3MDQvNC8xIA0KZiAgMzgwNi8xLzEgIDM4MDcvMi8xICAzNzA2LzMvMSAgMzcwNS80LzEgDQpmICAzODA3LzEvMSAgMzgwOC8yLzEgIDM3MDcvMy8xICAzNzA2LzQvMSANCmYgIDM4MDgvMS8xICAzODA5LzIvMSAgMzcwOC8zLzEgIDM3MDcvNC8xIA0KZiAgMzgwOS8xLzEgIDM4MTAvMi8xICAzNzA5LzMvMSAgMzcwOC80LzEgDQpmICAzODEwLzEvMSAgMzgxMS8yLzEgIDM3MTAvMy8xICAzNzA5LzQvMSANCmYgIDM4MTEvMS8xICAzODEyLzIvMSAgMzcxMS8zLzEgIDM3MTAvNC8xIA0KZiAgMzgxMi8xLzEgIDM4MTMvMi8xICAzNzEyLzMvMSAgMzcxMS80LzEgDQpmICAzODEzLzEvMSAgMzgxNC8yLzEgIDM3MTMvMy8xICAzNzEyLzQvMSANCmYgIDM4MTQvMS8xICAzODE1LzIvMSAgMzcxNC8zLzEgIDM3MTMvNC8xIA0KZiAgMzgxNS8xLzEgIDM4MTYvMi8xICAzNzE1LzMvMSAgMzcxNC80LzEgDQpmICAzODE2LzEvMSAgMzgxNy8yLzEgIDM3MTYvMy8xICAzNzE1LzQvMSANCmYgIDM4MTcvMS8xICAzODE4LzIvMSAgMzcxNy8zLzEgIDM3MTYvNC8xIA0KZiAgMzgxOC8xLzEgIDM4MTkvMi8xICAzNzE4LzMvMSAgMzcxNy80LzEgDQpmICAzODE5LzEvMSAgMzgyMC8yLzEgIDM3MTkvMy8xICAzNzE4LzQvMSANCmYgIDM4MjAvMS8xICAzODIxLzIvMSAgMzcyMC8zLzEgIDM3MTkvNC8xIA0KZiAgMzgyMS8xLzEgIDM4MjIvMi8xICAzNzIxLzMvMSAgMzcyMC80LzEgDQpmICAzODIyLzEvMSAgMzgyMy8yLzEgIDM3MjIvMy8xICAzNzIxLzQvMSANCmYgIDM4MjMvMS8xICAzODI0LzIvMSAgMzcyMy8zLzEgIDM3MjIvNC8xIA0KZiAgMzgyNC8xLzEgIDM4MjUvMi8xICAzNzI0LzMvMSAgMzcyMy80LzEgDQpmICAzODI1LzEvMSAgMzgyNi8yLzEgIDM3MjUvMy8xICAzNzI0LzQvMSANCmYgIDM4MjYvMS8xICAzODI3LzIvMSAgMzcyNi8zLzEgIDM3MjUvNC8xIA0KZiAgMzgyNy8xLzEgIDM4MjgvMi8xICAzNzI3LzMvMSAgMzcyNi80LzEgDQpmICAzODI4LzEvMSAgMzgyOS8yLzEgIDM3MjgvMy8xICAzNzI3LzQvMSANCmYgIDM4MjkvMS8xICAzODMwLzIvMSAgMzcyOS8zLzEgIDM3MjgvNC8xIA0KZiAgMzgzMC8xLzEgIDM4MzEvMi8xICAzNzMwLzMvMSAgMzcyOS80LzEgDQpmICAzODMxLzEvMSAgMzgzMi8yLzEgIDM3MzEvMy8xICAzNzMwLzQvMSANCmYgIDM4MzIvMS8xICAzODMzLzIvMSAgMzczMi8zLzEgIDM3MzEvNC8xIA0KZiAgMzgzMy8xLzEgIDM4MzQvMi8xICAzNzMzLzMvMSAgMzczMi80LzEgDQpmICAzODM0LzEvMSAgMzgzNS8yLzEgIDM3MzQvMy8xICAzNzMzLzQvMSANCmYgIDM4MzUvMS8xICAzODM2LzIvMSAgMzczNS8zLzEgIDM3MzQvNC8xIA0KZiAgMzgzNi8xLzEgIDM4MzcvMi8xICAzNzM2LzMvMSAgMzczNS80LzEgDQpmICAzODM3LzEvMSAgMzgzOC8yLzEgIDM3MzcvMy8xICAzNzM2LzQvMSANCmYgIDM4MzkvMS8xICAzODQwLzIvMSAgMzczOS8zLzEgIDM3MzgvNC8xIA0KZiAgMzg0MC8xLzEgIDM4NDEvMi8xICAzNzQwLzMvMSAgMzczOS80LzEgDQpmICAzODQxLzEvMSAgMzg0Mi8yLzEgIDM3NDEvMy8xICAzNzQwLzQvMSANCmYgIDM4NDIvMS8xICAzODQzLzIvMSAgMzc0Mi8zLzEgIDM3NDEvNC8xIA0KZiAgMzg0My8xLzEgIDM4NDQvMi8xICAzNzQzLzMvMSAgMzc0Mi80LzEgDQpmICAzODQ0LzEvMSAgMzg0NS8yLzEgIDM3NDQvMy8xICAzNzQzLzQvMSANCmYgIDM4NDUvMS8xICAzODQ2LzIvMSAgMzc0NS8zLzEgIDM3NDQvNC8xIA0KZiAgMzg0Ni8xLzEgIDM4NDcvMi8xICAzNzQ2LzMvMSAgMzc0NS80LzEgDQpmICAzODQ3LzEvMSAgMzg0OC8yLzEgIDM3NDcvMy8xICAzNzQ2LzQvMSANCmYgIDM4NDgvMS8xICAzODQ5LzIvMSAgMzc0OC8zLzEgIDM3NDcvNC8xIA0KZiAgMzg0OS8xLzEgIDM4NTAvMi8xICAzNzQ5LzMvMSAgMzc0OC80LzEgDQpmICAzODUwLzEvMSAgMzg1MS8yLzEgIDM3NTAvMy8xICAzNzQ5LzQvMSANCmYgIDM4NTEvMS8xICAzODUyLzIvMSAgMzc1MS8zLzEgIDM3NTAvNC8xIA0KZiAgMzg1Mi8xLzEgIDM4NTMvMi8xICAzNzUyLzMvMSAgMzc1MS80LzEgDQpmICAzODUzLzEvMSAgMzg1NC8yLzEgIDM3NTMvMy8xICAzNzUyLzQvMSANCmYgIDM4NTQvMS8xICAzODU1LzIvMSAgMzc1NC8zLzEgIDM3NTMvNC8xIA0KZiAgMzg1NS8xLzEgIDM4NTYvMi8xICAzNzU1LzMvMSAgMzc1NC80LzEgDQpmICAzODU2LzEvMSAgMzg1Ny8yLzEgIDM3NTYvMy8xICAzNzU1LzQvMSANCmYgIDM4NTcvMTcvMSAgMzg1OC8xOC8xICAzNzU3LzE5LzEgIDM3NTYvMjAvMSANCmYgIDM4NTgvMjEvMSAgMzg1OS8yMi8xICAzNzU4LzIzLzEgIDM3NTcvMjQvMSANCmYgIDM4NTkvMjEvMSAgMzg2MC8yMi8xICAzNzU5LzIzLzEgIDM3NTgvMjQvMSANCmYgIDM4NjAvNTMvMSAgMzg2MS81NC8xICAzNzYwLzU1LzEgIDM3NTkvNTYvMSANCmYgIDM4NjEvNDUvMSAgMzg2Mi80Ni8xICAzNzYxLzQ3LzEgIDM3NjAvNDgvMSANCmYgIDM4NjIvNDUvMSAgMzg2My80Ni8xICAzNzYyLzQ3LzEgIDM3NjEvNDgvMSANCmYgIDM4NjMvNDUvMSAgMzg2NC80Ni8xICAzNzYzLzQ3LzEgIDM3NjIvNDgvMSANCmYgIDM4NjQvNjkvMSAgMzg2NS83MC8xICAzNzY0LzcxLzEgIDM3NjMvNzIvMSANCmYgIDM4NjUvMjEvMSAgMzg2Ni8yMi8xICAzNzY1LzIzLzEgIDM3NjQvMjQvMSANCmYgIDM4NjYvMjUvMSAgMzg2Ny8yNi8xICAzNzY2LzI3LzEgIDM3NjUvMjgvMSANCmYgIDM4NjcvMS8xICAzODY4LzIvMSAgMzc2Ny8zLzEgIDM3NjYvNC8xIA0KZiAgMzg2OC8xLzEgIDM4NjkvMi8xICAzNzY4LzMvMSAgMzc2Ny80LzEgDQpmICAzODY5LzEvMSAgMzg3MC8yLzEgIDM3NjkvMy8xICAzNzY4LzQvMSANCmYgIDM4NzAvMS8xICAzODcxLzIvMSAgMzc3MC8zLzEgIDM3NjkvNC8xIA0KZiAgMzg3MS8xLzEgIDM4NzIvMi8xICAzNzcxLzMvMSAgMzc3MC80LzEgDQpmICAzODcyLzEvMSAgMzg3My8yLzEgIDM3NzIvMy8xICAzNzcxLzQvMSANCmYgIDM4NzMvMS8xICAzODc0LzIvMSAgMzc3My8zLzEgIDM3NzIvNC8xIA0KZiAgMzg3NC8xLzEgIDM4NzUvMi8xICAzNzc0LzMvMSAgMzc3My80LzEgDQpmICAzODc1LzEvMSAgMzg3Ni8yLzEgIDM3NzUvMy8xICAzNzc0LzQvMSANCmYgIDM4NzYvMS8xICAzODc3LzIvMSAgMzc3Ni8zLzEgIDM3NzUvNC8xIA0KZiAgMzg3Ny8xLzEgIDM4NzgvMi8xICAzNzc3LzMvMSAgMzc3Ni80LzEgDQpmICAzODc4LzEvMSAgMzg3OS8yLzEgIDM3NzgvMy8xICAzNzc3LzQvMSANCmYgIDM4NzkvMS8xICAzODgwLzIvMSAgMzc3OS8zLzEgIDM3NzgvNC8xIA0KZiAgMzg4MC8xLzEgIDM4ODEvMi8xICAzNzgwLzMvMSAgMzc3OS80LzEgDQpmICAzODgxLzEvMSAgMzg4Mi8yLzEgIDM3ODEvMy8xICAzNzgwLzQvMSANCmYgIDM4ODIvMS8xICAzODgzLzIvMSAgMzc4Mi8zLzEgIDM3ODEvNC8xIA0KZiAgMzg4My8xLzEgIDM4ODQvMi8xICAzNzgzLzMvMSAgMzc4Mi80LzEgDQpmICAzODg0LzEvMSAgMzg4NS8yLzEgIDM3ODQvMy8xICAzNzgzLzQvMSANCmYgIDM4ODUvMS8xICAzODg2LzIvMSAgMzc4NS8zLzEgIDM3ODQvNC8xIA0KZiAgMzg4Ni8xLzEgIDM4ODcvMi8xICAzNzg2LzMvMSAgMzc4NS80LzEgDQpmICAzODg3LzEvMSAgMzg4OC8yLzEgIDM3ODcvMy8xICAzNzg2LzQvMSANCmYgIDM4ODgvMS8xICAzODg5LzIvMSAgMzc4OC8zLzEgIDM3ODcvNC8xIA0KZiAgMzg4OS8xLzEgIDM4OTAvMi8xICAzNzg5LzMvMSAgMzc4OC80LzEgDQpmICAzODkwLzEvMSAgMzg5MS8yLzEgIDM3OTAvMy8xICAzNzg5LzQvMSANCmYgIDM4OTEvMS8xICAzODkyLzIvMSAgMzc5MS8zLzEgIDM3OTAvNC8xIA0KZiAgMzg5Mi8xLzEgIDM4OTMvMi8xICAzNzkyLzMvMSAgMzc5MS80LzEgDQpmICAzODkzLzEvMSAgMzg5NC8yLzEgIDM3OTMvMy8xICAzNzkyLzQvMSANCmYgIDM4OTQvMS8xICAzODk1LzIvMSAgMzc5NC8zLzEgIDM3OTMvNC8xIA0KZiAgMzg5NS8xLzEgIDM4OTYvMi8xICAzNzk1LzMvMSAgMzc5NC80LzEgDQpmICAzODk2LzEvMSAgMzg5Ny8yLzEgIDM3OTYvMy8xICAzNzk1LzQvMSANCmYgIDM4OTcvMS8xICAzODk4LzIvMSAgMzc5Ny8zLzEgIDM3OTYvNC8xIA0KZiAgMzg5OC8xLzEgIDM4OTkvMi8xICAzNzk4LzMvMSAgMzc5Ny80LzEgDQpmICAzODk5LzEvMSAgMzkwMC8yLzEgIDM3OTkvMy8xICAzNzk4LzQvMSANCmYgIDM5MDAvMS8xICAzOTAxLzIvMSAgMzgwMC8zLzEgIDM3OTkvNC8xIA0KZiAgMzkwMS8xLzEgIDM5MDIvMi8xICAzODAxLzMvMSAgMzgwMC80LzEgDQpmICAzOTAyLzEvMSAgMzkwMy8yLzEgIDM4MDIvMy8xICAzODAxLzQvMSANCmYgIDM5MDMvMS8xICAzOTA0LzIvMSAgMzgwMy8zLzEgIDM4MDIvNC8xIA0KZiAgMzkwNC8xLzEgIDM5MDUvMi8xICAzODA0LzMvMSAgMzgwMy80LzEgDQpmICAzOTA1LzEvMSAgMzkwNi8yLzEgIDM4MDUvMy8xICAzODA0LzQvMSANCmYgIDM5MDYvMS8xICAzOTA3LzIvMSAgMzgwNi8zLzEgIDM4MDUvNC8xIA0KZiAgMzkwNy8xLzEgIDM5MDgvMi8xICAzODA3LzMvMSAgMzgwNi80LzEgDQpmICAzOTA4LzEvMSAgMzkwOS8yLzEgIDM4MDgvMy8xICAzODA3LzQvMSANCmYgIDM5MDkvMS8xICAzOTEwLzIvMSAgMzgwOS8zLzEgIDM4MDgvNC8xIA0KZiAgMzkxMC8xLzEgIDM5MTEvMi8xICAzODEwLzMvMSAgMzgwOS80LzEgDQpmICAzOTExLzEvMSAgMzkxMi8yLzEgIDM4MTEvMy8xICAzODEwLzQvMSANCmYgIDM5MTIvMS8xICAzOTEzLzIvMSAgMzgxMi8zLzEgIDM4MTEvNC8xIA0KZiAgMzkxMy8xLzEgIDM5MTQvMi8xICAzODEzLzMvMSAgMzgxMi80LzEgDQpmICAzOTE0LzEvMSAgMzkxNS8yLzEgIDM4MTQvMy8xICAzODEzLzQvMSANCmYgIDM5MTUvMS8xICAzOTE2LzIvMSAgMzgxNS8zLzEgIDM4MTQvNC8xIA0KZiAgMzkxNi8xLzEgIDM5MTcvMi8xICAzODE2LzMvMSAgMzgxNS80LzEgDQpmICAzOTE3LzEvMSAgMzkxOC8yLzEgIDM4MTcvMy8xICAzODE2LzQvMSANCmYgIDM5MTgvMS8xICAzOTE5LzIvMSAgMzgxOC8zLzEgIDM4MTcvNC8xIA0KZiAgMzkxOS8xLzEgIDM5MjAvMi8xICAzODE5LzMvMSAgMzgxOC80LzEgDQpmICAzOTIwLzEvMSAgMzkyMS8yLzEgIDM4MjAvMy8xICAzODE5LzQvMSANCmYgIDM5MjEvMS8xICAzOTIyLzIvMSAgMzgyMS8zLzEgIDM4MjAvNC8xIA0KZiAgMzkyMi8xLzEgIDM5MjMvMi8xICAzODIyLzMvMSAgMzgyMS80LzEgDQpmICAzOTIzLzEvMSAgMzkyNC8yLzEgIDM4MjMvMy8xICAzODIyLzQvMSANCmYgIDM5MjQvMS8xICAzOTI1LzIvMSAgMzgyNC8zLzEgIDM4MjMvNC8xIA0KZiAgMzkyNS8xLzEgIDM5MjYvMi8xICAzODI1LzMvMSAgMzgyNC80LzEgDQpmICAzOTI2LzEvMSAgMzkyNy8yLzEgIDM4MjYvMy8xICAzODI1LzQvMSANCmYgIDM5MjcvMS8xICAzOTI4LzIvMSAgMzgyNy8zLzEgIDM4MjYvNC8xIA0KZiAgMzkyOC8xLzEgIDM5MjkvMi8xICAzODI4LzMvMSAgMzgyNy80LzEgDQpmICAzOTI5LzEvMSAgMzkzMC8yLzEgIDM4MjkvMy8xICAzODI4LzQvMSANCmYgIDM5MzAvMS8xICAzOTMxLzIvMSAgMzgzMC8zLzEgIDM4MjkvNC8xIA0KZiAgMzkzMS8xLzEgIDM5MzIvMi8xICAzODMxLzMvMSAgMzgzMC80LzEgDQpmICAzOTMyLzEvMSAgMzkzMy8yLzEgIDM4MzIvMy8xICAzODMxLzQvMSANCmYgIDM5MzMvMS8xICAzOTM0LzIvMSAgMzgzMy8zLzEgIDM4MzIvNC8xIA0KZiAgMzkzNC8xLzEgIDM5MzUvMi8xICAzODM0LzMvMSAgMzgzMy80LzEgDQpmICAzOTM1LzEvMSAgMzkzNi8yLzEgIDM4MzUvMy8xICAzODM0LzQvMSANCmYgIDM5MzYvMS8xICAzOTM3LzIvMSAgMzgzNi8zLzEgIDM4MzUvNC8xIA0KZiAgMzkzNy8xLzEgIDM5MzgvMi8xICAzODM3LzMvMSAgMzgzNi80LzEgDQpmICAzOTM4LzEvMSAgMzkzOS8yLzEgIDM4MzgvMy8xICAzODM3LzQvMSANCmYgIDM5NDAvMS8xICAzOTQxLzIvMSAgMzg0MC8zLzEgIDM4MzkvNC8xIA0KZiAgMzk0MS8xLzEgIDM5NDIvMi8xICAzODQxLzMvMSAgMzg0MC80LzEgDQpmICAzOTQyLzEvMSAgMzk0My8yLzEgIDM4NDIvMy8xICAzODQxLzQvMSANCmYgIDM5NDMvMS8xICAzOTQ0LzIvMSAgMzg0My8zLzEgIDM4NDIvNC8xIA0KZiAgMzk0NC8xLzEgIDM5NDUvMi8xICAzODQ0LzMvMSAgMzg0My80LzEgDQpmICAzOTQ1LzEvMSAgMzk0Ni8yLzEgIDM4NDUvMy8xICAzODQ0LzQvMSANCmYgIDM5NDYvMS8xICAzOTQ3LzIvMSAgMzg0Ni8zLzEgIDM4NDUvNC8xIA0KZiAgMzk0Ny8xLzEgIDM5NDgvMi8xICAzODQ3LzMvMSAgMzg0Ni80LzEgDQpmICAzOTQ4LzEvMSAgMzk0OS8yLzEgIDM4NDgvMy8xICAzODQ3LzQvMSANCmYgIDM5NDkvMS8xICAzOTUwLzIvMSAgMzg0OS8zLzEgIDM4NDgvNC8xIA0KZiAgMzk1MC8xLzEgIDM5NTEvMi8xICAzODUwLzMvMSAgMzg0OS80LzEgDQpmICAzOTUxLzEvMSAgMzk1Mi8yLzEgIDM4NTEvMy8xICAzODUwLzQvMSANCmYgIDM5NTIvMS8xICAzOTUzLzIvMSAgMzg1Mi8zLzEgIDM4NTEvNC8xIA0KZiAgMzk1My8xLzEgIDM5NTQvMi8xICAzODUzLzMvMSAgMzg1Mi80LzEgDQpmICAzOTU0LzEvMSAgMzk1NS8yLzEgIDM4NTQvMy8xICAzODUzLzQvMSANCmYgIDM5NTUvMS8xICAzOTU2LzIvMSAgMzg1NS8zLzEgIDM4NTQvNC8xIA0KZiAgMzk1Ni8xLzEgIDM5NTcvMi8xICAzODU2LzMvMSAgMzg1NS80LzEgDQpmICAzOTU3LzEvMSAgMzk1OC8yLzEgIDM4NTcvMy8xICAzODU2LzQvMSANCmYgIDM5NTgvOTcvMSAgMzk1OS85OC8xICAzODU4Lzk5LzEgIDM4NTcvMTAwLzEgDQpmICAzOTU5LzIxLzEgIDM5NjAvMjIvMSAgMzg1OS8yMy8xICAzODU4LzI0LzEgDQpmICAzOTYwLzIxLzEgIDM5NjEvMjIvMSAgMzg2MC8yMy8xICAzODU5LzI0LzEgDQpmICAzOTYxLzUzLzEgIDM5NjIvNTQvMSAgMzg2MS81NS8xICAzODYwLzU2LzEgDQpmICAzOTYyLzQ1LzEgIDM5NjMvNDYvMSAgMzg2Mi80Ny8xICAzODYxLzQ4LzEgDQpmICAzOTYzLzQ1LzEgIDM5NjQvNDYvMSAgMzg2My80Ny8xICAzODYyLzQ4LzEgDQpmICAzOTY0LzQ1LzEgIDM5NjUvNDYvMSAgMzg2NC80Ny8xICAzODYzLzQ4LzEgDQpmICAzOTY1LzY5LzEgIDM5NjYvNzAvMSAgMzg2NS83MS8xICAzODY0LzcyLzEgDQpmICAzOTY2LzIxLzEgIDM5NjcvMjIvMSAgMzg2Ni8yMy8xICAzODY1LzI0LzEgDQpmICAzOTY3LzI1LzEgIDM5NjgvMjYvMSAgMzg2Ny8yNy8xICAzODY2LzI4LzEgDQpmICAzOTY4LzEvMSAgMzk2OS8yLzEgIDM4NjgvMy8xICAzODY3LzQvMSANCmYgIDM5NjkvMS8xICAzOTcwLzIvMSAgMzg2OS8zLzEgIDM4NjgvNC8xIA0KZiAgMzk3MC8xLzEgIDM5NzEvMi8xICAzODcwLzMvMSAgMzg2OS80LzEgDQpmICAzOTcxLzEvMSAgMzk3Mi8yLzEgIDM4NzEvMy8xICAzODcwLzQvMSANCmYgIDM5NzIvMS8xICAzOTczLzIvMSAgMzg3Mi8zLzEgIDM4NzEvNC8xIA0KZiAgMzk3My8xLzEgIDM5NzQvMi8xICAzODczLzMvMSAgMzg3Mi80LzEgDQpmICAzOTc0LzEvMSAgMzk3NS8yLzEgIDM4NzQvMy8xICAzODczLzQvMSANCmYgIDM5NzUvMS8xICAzOTc2LzIvMSAgMzg3NS8zLzEgIDM4NzQvNC8xIA0KZiAgMzk3Ni8xLzEgIDM5NzcvMi8xICAzODc2LzMvMSAgMzg3NS80LzEgDQpmICAzOTc3LzEvMSAgMzk3OC8yLzEgIDM4NzcvMy8xICAzODc2LzQvMSANCmYgIDM5NzgvMS8xICAzOTc5LzIvMSAgMzg3OC8zLzEgIDM4NzcvNC8xIA0KZiAgMzk3OS8xLzEgIDM5ODAvMi8xICAzODc5LzMvMSAgMzg3OC80LzEgDQpmICAzOTgwLzEvMSAgMzk4MS8yLzEgIDM4ODAvMy8xICAzODc5LzQvMSANCmYgIDM5ODEvMS8xICAzOTgyLzIvMSAgMzg4MS8zLzEgIDM4ODAvNC8xIA0KZiAgMzk4Mi8xLzEgIDM5ODMvMi8xICAzODgyLzMvMSAgMzg4MS80LzEgDQpmICAzOTgzLzEvMSAgMzk4NC8yLzEgIDM4ODMvMy8xICAzODgyLzQvMSANCmYgIDM5ODQvMS8xICAzOTg1LzIvMSAgMzg4NC8zLzEgIDM4ODMvNC8xIA0KZiAgMzk4NS8xLzEgIDM5ODYvMi8xICAzODg1LzMvMSAgMzg4NC80LzEgDQpmICAzOTg2LzEvMSAgMzk4Ny8yLzEgIDM4ODYvMy8xICAzODg1LzQvMSANCmYgIDM5ODcvMS8xICAzOTg4LzIvMSAgMzg4Ny8zLzEgIDM4ODYvNC8xIA0KZiAgMzk4OC8xLzEgIDM5ODkvMi8xICAzODg4LzMvMSAgMzg4Ny80LzEgDQpmICAzOTg5LzEvMSAgMzk5MC8yLzEgIDM4ODkvMy8xICAzODg4LzQvMSANCmYgIDM5OTAvMS8xICAzOTkxLzIvMSAgMzg5MC8zLzEgIDM4ODkvNC8xIA0KZiAgMzk5MS8xLzEgIDM5OTIvMi8xICAzODkxLzMvMSAgMzg5MC80LzEgDQpmICAzOTkyLzEvMSAgMzk5My8yLzEgIDM4OTIvMy8xICAzODkxLzQvMSANCmYgIDM5OTMvMS8xICAzOTk0LzIvMSAgMzg5My8zLzEgIDM4OTIvNC8xIA0KZiAgMzk5NC8xLzEgIDM5OTUvMi8xICAzODk0LzMvMSAgMzg5My80LzEgDQpmICAzOTk1LzEvMSAgMzk5Ni8yLzEgIDM4OTUvMy8xICAzODk0LzQvMSANCmYgIDM5OTYvMS8xICAzOTk3LzIvMSAgMzg5Ni8zLzEgIDM4OTUvNC8xIA0KZiAgMzk5Ny8xLzEgIDM5OTgvMi8xICAzODk3LzMvMSAgMzg5Ni80LzEgDQpmICAzOTk4LzEvMSAgMzk5OS8yLzEgIDM4OTgvMy8xICAzODk3LzQvMSANCmYgIDM5OTkvMS8xICA0MDAwLzIvMSAgMzg5OS8zLzEgIDM4OTgvNC8xIA0KZiAgNDAwMC8xLzEgIDQwMDEvMi8xICAzOTAwLzMvMSAgMzg5OS80LzEgDQpmICA0MDAxLzEvMSAgNDAwMi8yLzEgIDM5MDEvMy8xICAzOTAwLzQvMSANCmYgIDQwMDIvMS8xICA0MDAzLzIvMSAgMzkwMi8zLzEgIDM5MDEvNC8xIA0KZiAgNDAwMy8xLzEgIDQwMDQvMi8xICAzOTAzLzMvMSAgMzkwMi80LzEgDQpmICA0MDA0LzEvMSAgNDAwNS8yLzEgIDM5MDQvMy8xICAzOTAzLzQvMSANCmYgIDQwMDUvMS8xICA0MDA2LzIvMSAgMzkwNS8zLzEgIDM5MDQvNC8xIA0KZiAgNDAwNi8xLzEgIDQwMDcvMi8xICAzOTA2LzMvMSAgMzkwNS80LzEgDQpmICA0MDA3LzEvMSAgNDAwOC8yLzEgIDM5MDcvMy8xICAzOTA2LzQvMSANCmYgIDQwMDgvMS8xICA0MDA5LzIvMSAgMzkwOC8zLzEgIDM5MDcvNC8xIA0KZiAgNDAwOS8xLzEgIDQwMTAvMi8xICAzOTA5LzMvMSAgMzkwOC80LzEgDQpmICA0MDEwLzEvMSAgNDAxMS8yLzEgIDM5MTAvMy8xICAzOTA5LzQvMSANCmYgIDQwMTEvMS8xICA0MDEyLzIvMSAgMzkxMS8zLzEgIDM5MTAvNC8xIA0KZiAgNDAxMi8xLzEgIDQwMTMvMi8xICAzOTEyLzMvMSAgMzkxMS80LzEgDQpmICA0MDEzLzEvMSAgNDAxNC8yLzEgIDM5MTMvMy8xICAzOTEyLzQvMSANCmYgIDQwMTQvMS8xICA0MDE1LzIvMSAgMzkxNC8zLzEgIDM5MTMvNC8xIA0KZiAgNDAxNS8xLzEgIDQwMTYvMi8xICAzOTE1LzMvMSAgMzkxNC80LzEgDQpmICA0MDE2LzEvMSAgNDAxNy8yLzEgIDM5MTYvMy8xICAzOTE1LzQvMSANCmYgIDQwMTcvMS8xICA0MDE4LzIvMSAgMzkxNy8zLzEgIDM5MTYvNC8xIA0KZiAgNDAxOC8xLzEgIDQwMTkvMi8xICAzOTE4LzMvMSAgMzkxNy80LzEgDQpmICA0MDE5LzEvMSAgNDAyMC8yLzEgIDM5MTkvMy8xICAzOTE4LzQvMSANCmYgIDQwMjAvMS8xICA0MDIxLzIvMSAgMzkyMC8zLzEgIDM5MTkvNC8xIA0KZiAgNDAyMS8xLzEgIDQwMjIvMi8xICAzOTIxLzMvMSAgMzkyMC80LzEgDQpmICA0MDIyLzEvMSAgNDAyMy8yLzEgIDM5MjIvMy8xICAzOTIxLzQvMSANCmYgIDQwMjMvMS8xICA0MDI0LzIvMSAgMzkyMy8zLzEgIDM5MjIvNC8xIA0KZiAgNDAyNC8xLzEgIDQwMjUvMi8xICAzOTI0LzMvMSAgMzkyMy80LzEgDQpmICA0MDI1LzEvMSAgNDAyNi8yLzEgIDM5MjUvMy8xICAzOTI0LzQvMSANCmYgIDQwMjYvMS8xICA0MDI3LzIvMSAgMzkyNi8zLzEgIDM5MjUvNC8xIA0KZiAgNDAyNy8xLzEgIDQwMjgvMi8xICAzOTI3LzMvMSAgMzkyNi80LzEgDQpmICA0MDI4LzEvMSAgNDAyOS8yLzEgIDM5MjgvMy8xICAzOTI3LzQvMSANCmYgIDQwMjkvMS8xICA0MDMwLzIvMSAgMzkyOS8zLzEgIDM5MjgvNC8xIA0KZiAgNDAzMC8xLzEgIDQwMzEvMi8xICAzOTMwLzMvMSAgMzkyOS80LzEgDQpmICA0MDMxLzEvMSAgNDAzMi8yLzEgIDM5MzEvMy8xICAzOTMwLzQvMSANCmYgIDQwMzIvMS8xICA0MDMzLzIvMSAgMzkzMi8zLzEgIDM5MzEvNC8xIA0KZiAgNDAzMy8xLzEgIDQwMzQvMi8xICAzOTMzLzMvMSAgMzkzMi80LzEgDQpmICA0MDM0LzEvMSAgNDAzNS8yLzEgIDM5MzQvMy8xICAzOTMzLzQvMSANCmYgIDQwMzUvMS8xICA0MDM2LzIvMSAgMzkzNS8zLzEgIDM5MzQvNC8xIA0KZiAgNDAzNi8xLzEgIDQwMzcvMi8xICAzOTM2LzMvMSAgMzkzNS80LzEgDQpmICA0MDM3LzEvMSAgNDAzOC8yLzEgIDM5MzcvMy8xICAzOTM2LzQvMSANCmYgIDQwMzgvMS8xICA0MDM5LzIvMSAgMzkzOC8zLzEgIDM5MzcvNC8xIA0KZiAgNDAzOS8xLzEgIDQwNDAvMi8xICAzOTM5LzMvMSAgMzkzOC80LzEgDQpmICA0MDQxLzEvMSAgNDA0Mi8yLzEgIDM5NDEvMy8xICAzOTQwLzQvMSANCmYgIDQwNDIvMS8xICA0MDQzLzIvMSAgMzk0Mi8zLzEgIDM5NDEvNC8xIA0KZiAgNDA0My8xLzEgIDQwNDQvMi8xICAzOTQzLzMvMSAgMzk0Mi80LzEgDQpmICA0MDQ0LzEvMSAgNDA0NS8yLzEgIDM5NDQvMy8xICAzOTQzLzQvMSANCmYgIDQwNDUvMS8xICA0MDQ2LzIvMSAgMzk0NS8zLzEgIDM5NDQvNC8xIA0KZiAgNDA0Ni8xLzEgIDQwNDcvMi8xICAzOTQ2LzMvMSAgMzk0NS80LzEgDQpmICA0MDQ3LzEvMSAgNDA0OC8yLzEgIDM5NDcvMy8xICAzOTQ2LzQvMSANCmYgIDQwNDgvMS8xICA0MDQ5LzIvMSAgMzk0OC8zLzEgIDM5NDcvNC8xIA0KZiAgNDA0OS8xLzEgIDQwNTAvMi8xICAzOTQ5LzMvMSAgMzk0OC80LzEgDQpmICA0MDUwLzEvMSAgNDA1MS8yLzEgIDM5NTAvMy8xICAzOTQ5LzQvMSANCmYgIDQwNTEvMS8xICA0MDUyLzIvMSAgMzk1MS8zLzEgIDM5NTAvNC8xIA0KZiAgNDA1Mi8xLzEgIDQwNTMvMi8xICAzOTUyLzMvMSAgMzk1MS80LzEgDQpmICA0MDUzLzEvMSAgNDA1NC8yLzEgIDM5NTMvMy8xICAzOTUyLzQvMSANCmYgIDQwNTQvMS8xICA0MDU1LzIvMSAgMzk1NC8zLzEgIDM5NTMvNC8xIA0KZiAgNDA1NS8xLzEgIDQwNTYvMi8xICAzOTU1LzMvMSAgMzk1NC80LzEgDQpmICA0MDU2LzEvMSAgNDA1Ny8yLzEgIDM5NTYvMy8xICAzOTU1LzQvMSANCmYgIDQwNTcvMS8xICA0MDU4LzIvMSAgMzk1Ny8zLzEgIDM5NTYvNC8xIA0KZiAgNDA1OC8xLzEgIDQwNTkvMi8xICAzOTU4LzMvMSAgMzk1Ny80LzEgDQpmICA0MDU5LzEwMS8xICA0MDYwLzEwMi8xICAzOTU5LzEwMy8xICAzOTU4LzEwNC8xIA0KZiAgNDA2MC8xNy8xICA0MDYxLzE4LzEgIDM5NjAvMTkvMSAgMzk1OS8yMC8xIA0KZiAgNDA2MS8yMS8xICA0MDYyLzIyLzEgIDM5NjEvMjMvMSAgMzk2MC8yNC8xIA0KZiAgNDA2Mi83Ny8xICA0MDYzLzc4LzEgIDM5NjIvNzkvMSAgMzk2MS84MC8xIA0KZiAgNDA2My82MS8xICA0MDY0LzYyLzEgIDM5NjMvNjMvMSAgMzk2Mi82NC8xIA0KZiAgNDA2NC82MS8xICA0MDY1LzYyLzEgIDM5NjQvNjMvMSAgMzk2My82NC8xIA0KZiAgNDA2NS82MS8xICA0MDY2LzYyLzEgIDM5NjUvNjMvMSAgMzk2NC82NC8xIA0KZiAgNDA2Ni83My8xICA0MDY3Lzc0LzEgIDM5NjYvNzUvMSAgMzk2NS83Ni8xIA0KZiAgNDA2Ny8yMS8xICA0MDY4LzIyLzEgIDM5NjcvMjMvMSAgMzk2Ni8yNC8xIA0KZiAgNDA2OC8yNS8xICA0MDY5LzI2LzEgIDM5NjgvMjcvMSAgMzk2Ny8yOC8xIA0KZiAgNDA2OS8xLzEgIDQwNzAvMi8xICAzOTY5LzMvMSAgMzk2OC80LzEgDQpmICA0MDcwLzEvMSAgNDA3MS8yLzEgIDM5NzAvMy8xICAzOTY5LzQvMSANCmYgIDQwNzEvMS8xICA0MDcyLzIvMSAgMzk3MS8zLzEgIDM5NzAvNC8xIA0KZiAgNDA3Mi8xLzEgIDQwNzMvMi8xICAzOTcyLzMvMSAgMzk3MS80LzEgDQpmICA0MDczLzEvMSAgNDA3NC8yLzEgIDM5NzMvMy8xICAzOTcyLzQvMSANCmYgIDQwNzQvMS8xICA0MDc1LzIvMSAgMzk3NC8zLzEgIDM5NzMvNC8xIA0KZiAgNDA3NS8xLzEgIDQwNzYvMi8xICAzOTc1LzMvMSAgMzk3NC80LzEgDQpmICA0MDc2LzEvMSAgNDA3Ny8yLzEgIDM5NzYvMy8xICAzOTc1LzQvMSANCmYgIDQwNzcvMS8xICA0MDc4LzIvMSAgMzk3Ny8zLzEgIDM5NzYvNC8xIA0KZiAgNDA3OC8xLzEgIDQwNzkvMi8xICAzOTc4LzMvMSAgMzk3Ny80LzEgDQpmICA0MDc5LzEvMSAgNDA4MC8yLzEgIDM5NzkvMy8xICAzOTc4LzQvMSANCmYgIDQwODAvMS8xICA0MDgxLzIvMSAgMzk4MC8zLzEgIDM5NzkvNC8xIA0KZiAgNDA4MS8xLzEgIDQwODIvMi8xICAzOTgxLzMvMSAgMzk4MC80LzEgDQpmICA0MDgyLzEvMSAgNDA4My8yLzEgIDM5ODIvMy8xICAzOTgxLzQvMSANCmYgIDQwODMvMS8xICA0MDg0LzIvMSAgMzk4My8zLzEgIDM5ODIvNC8xIA0KZiAgNDA4NC8xLzEgIDQwODUvMi8xICAzOTg0LzMvMSAgMzk4My80LzEgDQpmICA0MDg1LzEvMSAgNDA4Ni8yLzEgIDM5ODUvMy8xICAzOTg0LzQvMSANCmYgIDQwODYvMS8xICA0MDg3LzIvMSAgMzk4Ni8zLzEgIDM5ODUvNC8xIA0KZiAgNDA4Ny8xLzEgIDQwODgvMi8xICAzOTg3LzMvMSAgMzk4Ni80LzEgDQpmICA0MDg4LzEvMSAgNDA4OS8yLzEgIDM5ODgvMy8xICAzOTg3LzQvMSANCmYgIDQwODkvMS8xICA0MDkwLzIvMSAgMzk4OS8zLzEgIDM5ODgvNC8xIA0KZiAgNDA5MC8xLzEgIDQwOTEvMi8xICAzOTkwLzMvMSAgMzk4OS80LzEgDQpmICA0MDkxLzEvMSAgNDA5Mi8yLzEgIDM5OTEvMy8xICAzOTkwLzQvMSANCmYgIDQwOTIvMS8xICA0MDkzLzIvMSAgMzk5Mi8zLzEgIDM5OTEvNC8xIA0KZiAgNDA5My8xLzEgIDQwOTQvMi8xICAzOTkzLzMvMSAgMzk5Mi80LzEgDQpmICA0MDk0LzEvMSAgNDA5NS8yLzEgIDM5OTQvMy8xICAzOTkzLzQvMSANCmYgIDQwOTUvMS8xICA0MDk2LzIvMSAgMzk5NS8zLzEgIDM5OTQvNC8xIA0KZiAgNDA5Ni8xLzEgIDQwOTcvMi8xICAzOTk2LzMvMSAgMzk5NS80LzEgDQpmICA0MDk3LzEvMSAgNDA5OC8yLzEgIDM5OTcvMy8xICAzOTk2LzQvMSANCmYgIDQwOTgvMS8xICA0MDk5LzIvMSAgMzk5OC8zLzEgIDM5OTcvNC8xIA0KZiAgNDA5OS8xLzEgIDQxMDAvMi8xICAzOTk5LzMvMSAgMzk5OC80LzEgDQpmICA0MTAwLzEvMSAgNDEwMS8yLzEgIDQwMDAvMy8xICAzOTk5LzQvMSANCmYgIDQxMDEvMS8xICA0MTAyLzIvMSAgNDAwMS8zLzEgIDQwMDAvNC8xIA0KZiAgNDEwMi8xLzEgIDQxMDMvMi8xICA0MDAyLzMvMSAgNDAwMS80LzEgDQpmICA0MTAzLzEvMSAgNDEwNC8yLzEgIDQwMDMvMy8xICA0MDAyLzQvMSANCmYgIDQxMDQvMS8xICA0MTA1LzIvMSAgNDAwNC8zLzEgIDQwMDMvNC8xIA0KZiAgNDEwNS8xLzEgIDQxMDYvMi8xICA0MDA1LzMvMSAgNDAwNC80LzEgDQpmICA0MTA2LzEvMSAgNDEwNy8yLzEgIDQwMDYvMy8xICA0MDA1LzQvMSANCmYgIDQxMDcvMS8xICA0MTA4LzIvMSAgNDAwNy8zLzEgIDQwMDYvNC8xIA0KZiAgNDEwOC8xLzEgIDQxMDkvMi8xICA0MDA4LzMvMSAgNDAwNy80LzEgDQpmICA0MTA5LzEvMSAgNDExMC8yLzEgIDQwMDkvMy8xICA0MDA4LzQvMSANCmYgIDQxMTAvMS8xICA0MTExLzIvMSAgNDAxMC8zLzEgIDQwMDkvNC8xIA0KZiAgNDExMS8xLzEgIDQxMTIvMi8xICA0MDExLzMvMSAgNDAxMC80LzEgDQpmICA0MTEyLzEvMSAgNDExMy8yLzEgIDQwMTIvMy8xICA0MDExLzQvMSANCmYgIDQxMTMvMS8xICA0MTE0LzIvMSAgNDAxMy8zLzEgIDQwMTIvNC8xIA0KZiAgNDExNC8xLzEgIDQxMTUvMi8xICA0MDE0LzMvMSAgNDAxMy80LzEgDQpmICA0MTE1LzEvMSAgNDExNi8yLzEgIDQwMTUvMy8xICA0MDE0LzQvMSANCmYgIDQxMTYvMS8xICA0MTE3LzIvMSAgNDAxNi8zLzEgIDQwMTUvNC8xIA0KZiAgNDExNy8xLzEgIDQxMTgvMi8xICA0MDE3LzMvMSAgNDAxNi80LzEgDQpmICA0MTE4LzEvMSAgNDExOS8yLzEgIDQwMTgvMy8xICA0MDE3LzQvMSANCmYgIDQxMTkvMS8xICA0MTIwLzIvMSAgNDAxOS8zLzEgIDQwMTgvNC8xIA0KZiAgNDEyMC8xLzEgIDQxMjEvMi8xICA0MDIwLzMvMSAgNDAxOS80LzEgDQpmICA0MTIxLzEvMSAgNDEyMi8yLzEgIDQwMjEvMy8xICA0MDIwLzQvMSANCmYgIDQxMjIvMS8xICA0MTIzLzIvMSAgNDAyMi8zLzEgIDQwMjEvNC8xIA0KZiAgNDEyMy8xLzEgIDQxMjQvMi8xICA0MDIzLzMvMSAgNDAyMi80LzEgDQpmICA0MTI0LzEvMSAgNDEyNS8yLzEgIDQwMjQvMy8xICA0MDIzLzQvMSANCmYgIDQxMjUvMS8xICA0MTI2LzIvMSAgNDAyNS8zLzEgIDQwMjQvNC8xIA0KZiAgNDEyNi8xLzEgIDQxMjcvMi8xICA0MDI2LzMvMSAgNDAyNS80LzEgDQpmICA0MTI3LzEvMSAgNDEyOC8yLzEgIDQwMjcvMy8xICA0MDI2LzQvMSANCmYgIDQxMjgvMS8xICA0MTI5LzIvMSAgNDAyOC8zLzEgIDQwMjcvNC8xIA0KZiAgNDEyOS8xLzEgIDQxMzAvMi8xICA0MDI5LzMvMSAgNDAyOC80LzEgDQpmICA0MTMwLzEvMSAgNDEzMS8yLzEgIDQwMzAvMy8xICA0MDI5LzQvMSANCmYgIDQxMzEvMS8xICA0MTMyLzIvMSAgNDAzMS8zLzEgIDQwMzAvNC8xIA0KZiAgNDEzMi8xLzEgIDQxMzMvMi8xICA0MDMyLzMvMSAgNDAzMS80LzEgDQpmICA0MTMzLzEvMSAgNDEzNC8yLzEgIDQwMzMvMy8xICA0MDMyLzQvMSANCmYgIDQxMzQvMS8xICA0MTM1LzIvMSAgNDAzNC8zLzEgIDQwMzMvNC8xIA0KZiAgNDEzNS8xLzEgIDQxMzYvMi8xICA0MDM1LzMvMSAgNDAzNC80LzEgDQpmICA0MTM2LzEvMSAgNDEzNy8yLzEgIDQwMzYvMy8xICA0MDM1LzQvMSANCmYgIDQxMzcvMS8xICA0MTM4LzIvMSAgNDAzNy8zLzEgIDQwMzYvNC8xIA0KZiAgNDEzOC8xLzEgIDQxMzkvMi8xICA0MDM4LzMvMSAgNDAzNy80LzEgDQpmICA0MTM5LzEvMSAgNDE0MC8yLzEgIDQwMzkvMy8xICA0MDM4LzQvMSANCmYgIDQxNDAvMS8xICA0MTQxLzIvMSAgNDA0MC8zLzEgIDQwMzkvNC8xIA0KZiAgNDE0Mi8xLzEgIDQxNDMvMi8xICA0MDQyLzMvMSAgNDA0MS80LzEgDQpmICA0MTQzLzEvMSAgNDE0NC8yLzEgIDQwNDMvMy8xICA0MDQyLzQvMSANCmYgIDQxNDQvMS8xICA0MTQ1LzIvMSAgNDA0NC8zLzEgIDQwNDMvNC8xIA0KZiAgNDE0NS8xLzEgIDQxNDYvMi8xICA0MDQ1LzMvMSAgNDA0NC80LzEgDQpmICA0MTQ2LzEvMSAgNDE0Ny8yLzEgIDQwNDYvMy8xICA0MDQ1LzQvMSANCmYgIDQxNDcvMS8xICA0MTQ4LzIvMSAgNDA0Ny8zLzEgIDQwNDYvNC8xIA0KZiAgNDE0OC8xLzEgIDQxNDkvMi8xICA0MDQ4LzMvMSAgNDA0Ny80LzEgDQpmICA0MTQ5LzEvMSAgNDE1MC8yLzEgIDQwNDkvMy8xICA0MDQ4LzQvMSANCmYgIDQxNTAvMS8xICA0MTUxLzIvMSAgNDA1MC8zLzEgIDQwNDkvNC8xIA0KZiAgNDE1MS8xLzEgIDQxNTIvMi8xICA0MDUxLzMvMSAgNDA1MC80LzEgDQpmICA0MTUyLzEvMSAgNDE1My8yLzEgIDQwNTIvMy8xICA0MDUxLzQvMSANCmYgIDQxNTMvMS8xICA0MTU0LzIvMSAgNDA1My8zLzEgIDQwNTIvNC8xIA0KZiAgNDE1NC8xLzEgIDQxNTUvMi8xICA0MDU0LzMvMSAgNDA1My80LzEgDQpmICA0MTU1LzEvMSAgNDE1Ni8yLzEgIDQwNTUvMy8xICA0MDU0LzQvMSANCmYgIDQxNTYvMS8xICA0MTU3LzIvMSAgNDA1Ni8zLzEgIDQwNTUvNC8xIA0KZiAgNDE1Ny8xLzEgIDQxNTgvMi8xICA0MDU3LzMvMSAgNDA1Ni80LzEgDQpmICA0MTU4LzEvMSAgNDE1OS8yLzEgIDQwNTgvMy8xICA0MDU3LzQvMSANCmYgIDQxNTkvMS8xICA0MTYwLzIvMSAgNDA1OS8zLzEgIDQwNTgvNC8xIA0KZiAgNDE2MC8xLzEgIDQxNjEvMi8xICA0MDYwLzMvMSAgNDA1OS80LzEgDQpmICA0MTYxLzE3LzEgIDQxNjIvMTgvMSAgNDA2MS8xOS8xICA0MDYwLzIwLzEgDQpmICA0MTYyLzI5LzEgIDQxNjMvMzAvMSAgNDA2Mi8zMS8xICA0MDYxLzMyLzEgDQpmICA0MTYzLzM3LzEgIDQxNjQvMzgvMSAgNDA2My8zOS8xICA0MDYyLzQwLzEgDQpmICA0MTY0LzIxLzEgIDQxNjUvMjIvMSAgNDA2NC8yMy8xICA0MDYzLzI0LzEgDQpmICA0MTY1LzIxLzEgIDQxNjYvMjIvMSAgNDA2NS8yMy8xICA0MDY0LzI0LzEgDQpmICA0MTY2LzIxLzEgIDQxNjcvMjIvMSAgNDA2Ni8yMy8xICA0MDY1LzI0LzEgDQpmICA0MTY3LzIxLzEgIDQxNjgvMjIvMSAgNDA2Ny8yMy8xICA0MDY2LzI0LzEgDQpmICA0MTY4LzIxLzEgIDQxNjkvMjIvMSAgNDA2OC8yMy8xICA0MDY3LzI0LzEgDQpmICA0MTY5LzI1LzEgIDQxNzAvMjYvMSAgNDA2OS8yNy8xICA0MDY4LzI4LzEgDQpmICA0MTcwLzEvMSAgNDE3MS8yLzEgIDQwNzAvMy8xICA0MDY5LzQvMSANCmYgIDQxNzEvMS8xICA0MTcyLzIvMSAgNDA3MS8zLzEgIDQwNzAvNC8xIA0KZiAgNDE3Mi8xLzEgIDQxNzMvMi8xICA0MDcyLzMvMSAgNDA3MS80LzEgDQpmICA0MTczLzEvMSAgNDE3NC8yLzEgIDQwNzMvMy8xICA0MDcyLzQvMSANCmYgIDQxNzQvMS8xICA0MTc1LzIvMSAgNDA3NC8zLzEgIDQwNzMvNC8xIA0KZiAgNDE3NS8xLzEgIDQxNzYvMi8xICA0MDc1LzMvMSAgNDA3NC80LzEgDQpmICA0MTc2LzEvMSAgNDE3Ny8yLzEgIDQwNzYvMy8xICA0MDc1LzQvMSANCmYgIDQxNzcvMS8xICA0MTc4LzIvMSAgNDA3Ny8zLzEgIDQwNzYvNC8xIA0KZiAgNDE3OC8xLzEgIDQxNzkvMi8xICA0MDc4LzMvMSAgNDA3Ny80LzEgDQpmICA0MTc5LzEvMSAgNDE4MC8yLzEgIDQwNzkvMy8xICA0MDc4LzQvMSANCmYgIDQxODAvMS8xICA0MTgxLzIvMSAgNDA4MC8zLzEgIDQwNzkvNC8xIA0KZiAgNDE4MS8xLzEgIDQxODIvMi8xICA0MDgxLzMvMSAgNDA4MC80LzEgDQpmICA0MTgyLzEvMSAgNDE4My8yLzEgIDQwODIvMy8xICA0MDgxLzQvMSANCmYgIDQxODMvMS8xICA0MTg0LzIvMSAgNDA4My8zLzEgIDQwODIvNC8xIA0KZiAgNDE4NC8xLzEgIDQxODUvMi8xICA0MDg0LzMvMSAgNDA4My80LzEgDQpmICA0MTg1LzEvMSAgNDE4Ni8yLzEgIDQwODUvMy8xICA0MDg0LzQvMSANCmYgIDQxODYvMS8xICA0MTg3LzIvMSAgNDA4Ni8zLzEgIDQwODUvNC8xIA0KZiAgNDE4Ny8xLzEgIDQxODgvMi8xICA0MDg3LzMvMSAgNDA4Ni80LzEgDQpmICA0MTg4LzEvMSAgNDE4OS8yLzEgIDQwODgvMy8xICA0MDg3LzQvMSANCmYgIDQxODkvMS8xICA0MTkwLzIvMSAgNDA4OS8zLzEgIDQwODgvNC8xIA0KZiAgNDE5MC8xLzEgIDQxOTEvMi8xICA0MDkwLzMvMSAgNDA4OS80LzEgDQpmICA0MTkxLzEvMSAgNDE5Mi8yLzEgIDQwOTEvMy8xICA0MDkwLzQvMSANCmYgIDQxOTIvMS8xICA0MTkzLzIvMSAgNDA5Mi8zLzEgIDQwOTEvNC8xIA0KZiAgNDE5My8xLzEgIDQxOTQvMi8xICA0MDkzLzMvMSAgNDA5Mi80LzEgDQpmICA0MTk0LzEvMSAgNDE5NS8yLzEgIDQwOTQvMy8xICA0MDkzLzQvMSANCmYgIDQxOTUvMS8xICA0MTk2LzIvMSAgNDA5NS8zLzEgIDQwOTQvNC8xIA0KZiAgNDE5Ni8xLzEgIDQxOTcvMi8xICA0MDk2LzMvMSAgNDA5NS80LzEgDQpmICA0MTk3LzEvMSAgNDE5OC8yLzEgIDQwOTcvMy8xICA0MDk2LzQvMSANCmYgIDQxOTgvMS8xICA0MTk5LzIvMSAgNDA5OC8zLzEgIDQwOTcvNC8xIA0KZiAgNDE5OS8xLzEgIDQyMDAvMi8xICA0MDk5LzMvMSAgNDA5OC80LzEgDQpmICA0MjAwLzEvMSAgNDIwMS8yLzEgIDQxMDAvMy8xICA0MDk5LzQvMSANCmYgIDQyMDEvMS8xICA0MjAyLzIvMSAgNDEwMS8zLzEgIDQxMDAvNC8xIA0KZiAgNDIwMi8xLzEgIDQyMDMvMi8xICA0MTAyLzMvMSAgNDEwMS80LzEgDQpmICA0MjAzLzEvMSAgNDIwNC8yLzEgIDQxMDMvMy8xICA0MTAyLzQvMSANCmYgIDQyMDQvMS8xICA0MjA1LzIvMSAgNDEwNC8zLzEgIDQxMDMvNC8xIA0KZiAgNDIwNS8xLzEgIDQyMDYvMi8xICA0MTA1LzMvMSAgNDEwNC80LzEgDQpmICA0MjA2LzEvMSAgNDIwNy8yLzEgIDQxMDYvMy8xICA0MTA1LzQvMSANCmYgIDQyMDcvMS8xICA0MjA4LzIvMSAgNDEwNy8zLzEgIDQxMDYvNC8xIA0KZiAgNDIwOC8xLzEgIDQyMDkvMi8xICA0MTA4LzMvMSAgNDEwNy80LzEgDQpmICA0MjA5LzEvMSAgNDIxMC8yLzEgIDQxMDkvMy8xICA0MTA4LzQvMSANCmYgIDQyMTAvMS8xICA0MjExLzIvMSAgNDExMC8zLzEgIDQxMDkvNC8xIA0KZiAgNDIxMS8xLzEgIDQyMTIvMi8xICA0MTExLzMvMSAgNDExMC80LzEgDQpmICA0MjEyLzEvMSAgNDIxMy8yLzEgIDQxMTIvMy8xICA0MTExLzQvMSANCmYgIDQyMTMvMS8xICA0MjE0LzIvMSAgNDExMy8zLzEgIDQxMTIvNC8xIA0KZiAgNDIxNC8xLzEgIDQyMTUvMi8xICA0MTE0LzMvMSAgNDExMy80LzEgDQpmICA0MjE1LzEvMSAgNDIxNi8yLzEgIDQxMTUvMy8xICA0MTE0LzQvMSANCmYgIDQyMTYvMS8xICA0MjE3LzIvMSAgNDExNi8zLzEgIDQxMTUvNC8xIA0KZiAgNDIxNy8xLzEgIDQyMTgvMi8xICA0MTE3LzMvMSAgNDExNi80LzEgDQpmICA0MjE4LzEvMSAgNDIxOS8yLzEgIDQxMTgvMy8xICA0MTE3LzQvMSANCmYgIDQyMTkvMS8xICA0MjIwLzIvMSAgNDExOS8zLzEgIDQxMTgvNC8xIA0KZiAgNDIyMC8xLzEgIDQyMjEvMi8xICA0MTIwLzMvMSAgNDExOS80LzEgDQpmICA0MjIxLzEvMSAgNDIyMi8yLzEgIDQxMjEvMy8xICA0MTIwLzQvMSANCmYgIDQyMjIvMS8xICA0MjIzLzIvMSAgNDEyMi8zLzEgIDQxMjEvNC8xIA0KZiAgNDIyMy8xLzEgIDQyMjQvMi8xICA0MTIzLzMvMSAgNDEyMi80LzEgDQpmICA0MjI0LzEvMSAgNDIyNS8yLzEgIDQxMjQvMy8xICA0MTIzLzQvMSANCmYgIDQyMjUvMS8xICA0MjI2LzIvMSAgNDEyNS8zLzEgIDQxMjQvNC8xIA0KZiAgNDIyNi8xLzEgIDQyMjcvMi8xICA0MTI2LzMvMSAgNDEyNS80LzEgDQpmICA0MjI3LzEvMSAgNDIyOC8yLzEgIDQxMjcvMy8xICA0MTI2LzQvMSANCmYgIDQyMjgvMS8xICA0MjI5LzIvMSAgNDEyOC8zLzEgIDQxMjcvNC8xIA0KZiAgNDIyOS8xLzEgIDQyMzAvMi8xICA0MTI5LzMvMSAgNDEyOC80LzEgDQpmICA0MjMwLzEvMSAgNDIzMS8yLzEgIDQxMzAvMy8xICA0MTI5LzQvMSANCmYgIDQyMzEvMS8xICA0MjMyLzIvMSAgNDEzMS8zLzEgIDQxMzAvNC8xIA0KZiAgNDIzMi8xLzEgIDQyMzMvMi8xICA0MTMyLzMvMSAgNDEzMS80LzEgDQpmICA0MjMzLzEvMSAgNDIzNC8yLzEgIDQxMzMvMy8xICA0MTMyLzQvMSANCmYgIDQyMzQvMS8xICA0MjM1LzIvMSAgNDEzNC8zLzEgIDQxMzMvNC8xIA0KZiAgNDIzNS8xLzEgIDQyMzYvMi8xICA0MTM1LzMvMSAgNDEzNC80LzEgDQpmICA0MjM2LzEvMSAgNDIzNy8yLzEgIDQxMzYvMy8xICA0MTM1LzQvMSANCmYgIDQyMzcvMS8xICA0MjM4LzIvMSAgNDEzNy8zLzEgIDQxMzYvNC8xIA0KZiAgNDIzOC8xLzEgIDQyMzkvMi8xICA0MTM4LzMvMSAgNDEzNy80LzEgDQpmICA0MjM5LzEvMSAgNDI0MC8yLzEgIDQxMzkvMy8xICA0MTM4LzQvMSANCmYgIDQyNDAvMS8xICA0MjQxLzIvMSAgNDE0MC8zLzEgIDQxMzkvNC8xIA0KZiAgNDI0MS8xLzEgIDQyNDIvMi8xICA0MTQxLzMvMSAgNDE0MC80LzEgDQpmICA0MjQzLzEvMSAgNDI0NC8yLzEgIDQxNDMvMy8xICA0MTQyLzQvMSANCmYgIDQyNDQvMS8xICA0MjQ1LzIvMSAgNDE0NC8zLzEgIDQxNDMvNC8xIA0KZiAgNDI0NS8xLzEgIDQyNDYvMi8xICA0MTQ1LzMvMSAgNDE0NC80LzEgDQpmICA0MjQ2LzEvMSAgNDI0Ny8yLzEgIDQxNDYvMy8xICA0MTQ1LzQvMSANCmYgIDQyNDcvMS8xICA0MjQ4LzIvMSAgNDE0Ny8zLzEgIDQxNDYvNC8xIA0KZiAgNDI0OC8xLzEgIDQyNDkvMi8xICA0MTQ4LzMvMSAgNDE0Ny80LzEgDQpmICA0MjQ5LzEvMSAgNDI1MC8yLzEgIDQxNDkvMy8xICA0MTQ4LzQvMSANCmYgIDQyNTAvMS8xICA0MjUxLzIvMSAgNDE1MC8zLzEgIDQxNDkvNC8xIA0KZiAgNDI1MS8xLzEgIDQyNTIvMi8xICA0MTUxLzMvMSAgNDE1MC80LzEgDQpmICA0MjUyLzEvMSAgNDI1My8yLzEgIDQxNTIvMy8xICA0MTUxLzQvMSANCmYgIDQyNTMvMS8xICA0MjU0LzIvMSAgNDE1My8zLzEgIDQxNTIvNC8xIA0KZiAgNDI1NC8xLzEgIDQyNTUvMi8xICA0MTU0LzMvMSAgNDE1My80LzEgDQpmICA0MjU1LzEvMSAgNDI1Ni8yLzEgIDQxNTUvMy8xICA0MTU0LzQvMSANCmYgIDQyNTYvMS8xICA0MjU3LzIvMSAgNDE1Ni8zLzEgIDQxNTUvNC8xIA0KZiAgNDI1Ny8xLzEgIDQyNTgvMi8xICA0MTU3LzMvMSAgNDE1Ni80LzEgDQpmICA0MjU4LzEvMSAgNDI1OS8yLzEgIDQxNTgvMy8xICA0MTU3LzQvMSANCmYgIDQyNTkvMS8xICA0MjYwLzIvMSAgNDE1OS8zLzEgIDQxNTgvNC8xIA0KZiAgNDI2MC8xLzEgIDQyNjEvMi8xICA0MTYwLzMvMSAgNDE1OS80LzEgDQpmICA0MjYxLzEvMSAgNDI2Mi8yLzEgIDQxNjEvMy8xICA0MTYwLzQvMSANCmYgIDQyNjIvMTcvMSAgNDI2My8xOC8xICA0MTYyLzE5LzEgIDQxNjEvMjAvMSANCmYgIDQyNjMvNTMvMSAgNDI2NC81NC8xICA0MTYzLzU1LzEgIDQxNjIvNTYvMSANCmYgIDQyNjQvNjkvMSAgNDI2NS83MC8xICA0MTY0LzcxLzEgIDQxNjMvNzIvMSANCmYgIDQyNjUvMjEvMSAgNDI2Ni8yMi8xICA0MTY1LzIzLzEgIDQxNjQvMjQvMSANCmYgIDQyNjYvMjEvMSAgNDI2Ny8yMi8xICA0MTY2LzIzLzEgIDQxNjUvMjQvMSANCmYgIDQyNjcvMjEvMSAgNDI2OC8yMi8xICA0MTY3LzIzLzEgIDQxNjYvMjQvMSANCmYgIDQyNjgvMjEvMSAgNDI2OS8yMi8xICA0MTY4LzIzLzEgIDQxNjcvMjQvMSANCmYgIDQyNjkvMjEvMSAgNDI3MC8yMi8xICA0MTY5LzIzLzEgIDQxNjgvMjQvMSANCmYgIDQyNzAvMjUvMSAgNDI3MS8yNi8xICA0MTcwLzI3LzEgIDQxNjkvMjgvMSANCmYgIDQyNzEvMS8xICA0MjcyLzIvMSAgNDE3MS8zLzEgIDQxNzAvNC8xIA0KZiAgNDI3Mi8xLzEgIDQyNzMvMi8xICA0MTcyLzMvMSAgNDE3MS80LzEgDQpmICA0MjczLzEvMSAgNDI3NC8yLzEgIDQxNzMvMy8xICA0MTcyLzQvMSANCmYgIDQyNzQvMS8xICA0Mjc1LzIvMSAgNDE3NC8zLzEgIDQxNzMvNC8xIA0KZiAgNDI3NS8xLzEgIDQyNzYvMi8xICA0MTc1LzMvMSAgNDE3NC80LzEgDQpmICA0Mjc2LzEvMSAgNDI3Ny8yLzEgIDQxNzYvMy8xICA0MTc1LzQvMSANCmYgIDQyNzcvMS8xICA0Mjc4LzIvMSAgNDE3Ny8zLzEgIDQxNzYvNC8xIA0KZiAgNDI3OC8xLzEgIDQyNzkvMi8xICA0MTc4LzMvMSAgNDE3Ny80LzEgDQpmICA0Mjc5LzEvMSAgNDI4MC8yLzEgIDQxNzkvMy8xICA0MTc4LzQvMSANCmYgIDQyODAvMS8xICA0MjgxLzIvMSAgNDE4MC8zLzEgIDQxNzkvNC8xIA0KZiAgNDI4MS8xLzEgIDQyODIvMi8xICA0MTgxLzMvMSAgNDE4MC80LzEgDQpmICA0MjgyLzEvMSAgNDI4My8yLzEgIDQxODIvMy8xICA0MTgxLzQvMSANCmYgIDQyODMvMS8xICA0Mjg0LzIvMSAgNDE4My8zLzEgIDQxODIvNC8xIA0KZiAgNDI4NC8xLzEgIDQyODUvMi8xICA0MTg0LzMvMSAgNDE4My80LzEgDQpmICA0Mjg1LzEvMSAgNDI4Ni8yLzEgIDQxODUvMy8xICA0MTg0LzQvMSANCmYgIDQyODYvMS8xICA0Mjg3LzIvMSAgNDE4Ni8zLzEgIDQxODUvNC8xIA0KZiAgNDI4Ny8xLzEgIDQyODgvMi8xICA0MTg3LzMvMSAgNDE4Ni80LzEgDQpmICA0Mjg4LzEvMSAgNDI4OS8yLzEgIDQxODgvMy8xICA0MTg3LzQvMSANCmYgIDQyODkvMS8xICA0MjkwLzIvMSAgNDE4OS8zLzEgIDQxODgvNC8xIA0KZiAgNDI5MC8xLzEgIDQyOTEvMi8xICA0MTkwLzMvMSAgNDE4OS80LzEgDQpmICA0MjkxLzEvMSAgNDI5Mi8yLzEgIDQxOTEvMy8xICA0MTkwLzQvMSANCmYgIDQyOTIvMS8xICA0MjkzLzIvMSAgNDE5Mi8zLzEgIDQxOTEvNC8xIA0KZiAgNDI5My8xLzEgIDQyOTQvMi8xICA0MTkzLzMvMSAgNDE5Mi80LzEgDQpmICA0Mjk0LzEvMSAgNDI5NS8yLzEgIDQxOTQvMy8xICA0MTkzLzQvMSANCmYgIDQyOTUvMS8xICA0Mjk2LzIvMSAgNDE5NS8zLzEgIDQxOTQvNC8xIA0KZiAgNDI5Ni8xLzEgIDQyOTcvMi8xICA0MTk2LzMvMSAgNDE5NS80LzEgDQpmICA0Mjk3LzEvMSAgNDI5OC8yLzEgIDQxOTcvMy8xICA0MTk2LzQvMSANCmYgIDQyOTgvMS8xICA0Mjk5LzIvMSAgNDE5OC8zLzEgIDQxOTcvNC8xIA0KZiAgNDI5OS8xLzEgIDQzMDAvMi8xICA0MTk5LzMvMSAgNDE5OC80LzEgDQpmICA0MzAwLzEvMSAgNDMwMS8yLzEgIDQyMDAvMy8xICA0MTk5LzQvMSANCmYgIDQzMDEvMS8xICA0MzAyLzIvMSAgNDIwMS8zLzEgIDQyMDAvNC8xIA0KZiAgNDMwMi8xLzEgIDQzMDMvMi8xICA0MjAyLzMvMSAgNDIwMS80LzEgDQpmICA0MzAzLzEvMSAgNDMwNC8yLzEgIDQyMDMvMy8xICA0MjAyLzQvMSANCmYgIDQzMDQvMS8xICA0MzA1LzIvMSAgNDIwNC8zLzEgIDQyMDMvNC8xIA0KZiAgNDMwNS8xLzEgIDQzMDYvMi8xICA0MjA1LzMvMSAgNDIwNC80LzEgDQpmICA0MzA2LzEvMSAgNDMwNy8yLzEgIDQyMDYvMy8xICA0MjA1LzQvMSANCmYgIDQzMDcvMS8xICA0MzA4LzIvMSAgNDIwNy8zLzEgIDQyMDYvNC8xIA0KZiAgNDMwOC8xLzEgIDQzMDkvMi8xICA0MjA4LzMvMSAgNDIwNy80LzEgDQpmICA0MzA5LzEvMSAgNDMxMC8yLzEgIDQyMDkvMy8xICA0MjA4LzQvMSANCmYgIDQzMTAvMS8xICA0MzExLzIvMSAgNDIxMC8zLzEgIDQyMDkvNC8xIA0KZiAgNDMxMS8xLzEgIDQzMTIvMi8xICA0MjExLzMvMSAgNDIxMC80LzEgDQpmICA0MzEyLzEvMSAgNDMxMy8yLzEgIDQyMTIvMy8xICA0MjExLzQvMSANCmYgIDQzMTMvMS8xICA0MzE0LzIvMSAgNDIxMy8zLzEgIDQyMTIvNC8xIA0KZiAgNDMxNC8xLzEgIDQzMTUvMi8xICA0MjE0LzMvMSAgNDIxMy80LzEgDQpmICA0MzE1LzEvMSAgNDMxNi8yLzEgIDQyMTUvMy8xICA0MjE0LzQvMSANCmYgIDQzMTYvMS8xICA0MzE3LzIvMSAgNDIxNi8zLzEgIDQyMTUvNC8xIA0KZiAgNDMxNy8xLzEgIDQzMTgvMi8xICA0MjE3LzMvMSAgNDIxNi80LzEgDQpmICA0MzE4LzEvMSAgNDMxOS8yLzEgIDQyMTgvMy8xICA0MjE3LzQvMSANCmYgIDQzMTkvMS8xICA0MzIwLzIvMSAgNDIxOS8zLzEgIDQyMTgvNC8xIA0KZiAgNDMyMC8xLzEgIDQzMjEvMi8xICA0MjIwLzMvMSAgNDIxOS80LzEgDQpmICA0MzIxLzEvMSAgNDMyMi8yLzEgIDQyMjEvMy8xICA0MjIwLzQvMSANCmYgIDQzMjIvMS8xICA0MzIzLzIvMSAgNDIyMi8zLzEgIDQyMjEvNC8xIA0KZiAgNDMyMy8xLzEgIDQzMjQvMi8xICA0MjIzLzMvMSAgNDIyMi80LzEgDQpmICA0MzI0LzEvMSAgNDMyNS8yLzEgIDQyMjQvMy8xICA0MjIzLzQvMSANCmYgIDQzMjUvMS8xICA0MzI2LzIvMSAgNDIyNS8zLzEgIDQyMjQvNC8xIA0KZiAgNDMyNi8xLzEgIDQzMjcvMi8xICA0MjI2LzMvMSAgNDIyNS80LzEgDQpmICA0MzI3LzEvMSAgNDMyOC8yLzEgIDQyMjcvMy8xICA0MjI2LzQvMSANCmYgIDQzMjgvMS8xICA0MzI5LzIvMSAgNDIyOC8zLzEgIDQyMjcvNC8xIA0KZiAgNDMyOS8xLzEgIDQzMzAvMi8xICA0MjI5LzMvMSAgNDIyOC80LzEgDQpmICA0MzMwLzEvMSAgNDMzMS8yLzEgIDQyMzAvMy8xICA0MjI5LzQvMSANCmYgIDQzMzEvMS8xICA0MzMyLzIvMSAgNDIzMS8zLzEgIDQyMzAvNC8xIA0KZiAgNDMzMi8xLzEgIDQzMzMvMi8xICA0MjMyLzMvMSAgNDIzMS80LzEgDQpmICA0MzMzLzEvMSAgNDMzNC8yLzEgIDQyMzMvMy8xICA0MjMyLzQvMSANCmYgIDQzMzQvMS8xICA0MzM1LzIvMSAgNDIzNC8zLzEgIDQyMzMvNC8xIA0KZiAgNDMzNS8xLzEgIDQzMzYvMi8xICA0MjM1LzMvMSAgNDIzNC80LzEgDQpmICA0MzM2LzEvMSAgNDMzNy8yLzEgIDQyMzYvMy8xICA0MjM1LzQvMSANCmYgIDQzMzcvMS8xICA0MzM4LzIvMSAgNDIzNy8zLzEgIDQyMzYvNC8xIA0KZiAgNDMzOC8xLzEgIDQzMzkvMi8xICA0MjM4LzMvMSAgNDIzNy80LzEgDQpmICA0MzM5LzEvMSAgNDM0MC8yLzEgIDQyMzkvMy8xICA0MjM4LzQvMSANCmYgIDQzNDAvMS8xICA0MzQxLzIvMSAgNDI0MC8zLzEgIDQyMzkvNC8xIA0KZiAgNDM0MS8xLzEgIDQzNDIvMi8xICA0MjQxLzMvMSAgNDI0MC80LzEgDQpmICA0MzQyLzEvMSAgNDM0My8yLzEgIDQyNDIvMy8xICA0MjQxLzQvMSANCmYgIDQzNDQvMS8xICA0MzQ1LzIvMSAgNDI0NC8zLzEgIDQyNDMvNC8xIA0KZiAgNDM0NS8xLzEgIDQzNDYvMi8xICA0MjQ1LzMvMSAgNDI0NC80LzEgDQpmICA0MzQ2LzEvMSAgNDM0Ny8yLzEgIDQyNDYvMy8xICA0MjQ1LzQvMSANCmYgIDQzNDcvMS8xICA0MzQ4LzIvMSAgNDI0Ny8zLzEgIDQyNDYvNC8xIA0KZiAgNDM0OC8xLzEgIDQzNDkvMi8xICA0MjQ4LzMvMSAgNDI0Ny80LzEgDQpmICA0MzQ5LzEvMSAgNDM1MC8yLzEgIDQyNDkvMy8xICA0MjQ4LzQvMSANCmYgIDQzNTAvMS8xICA0MzUxLzIvMSAgNDI1MC8zLzEgIDQyNDkvNC8xIA0KZiAgNDM1MS8xLzEgIDQzNTIvMi8xICA0MjUxLzMvMSAgNDI1MC80LzEgDQpmICA0MzUyLzEvMSAgNDM1My8yLzEgIDQyNTIvMy8xICA0MjUxLzQvMSANCmYgIDQzNTMvMS8xICA0MzU0LzIvMSAgNDI1My8zLzEgIDQyNTIvNC8xIA0KZiAgNDM1NC8xLzEgIDQzNTUvMi8xICA0MjU0LzMvMSAgNDI1My80LzEgDQpmICA0MzU1LzEvMSAgNDM1Ni8yLzEgIDQyNTUvMy8xICA0MjU0LzQvMSANCmYgIDQzNTYvMS8xICA0MzU3LzIvMSAgNDI1Ni8zLzEgIDQyNTUvNC8xIA0KZiAgNDM1Ny8xLzEgIDQzNTgvMi8xICA0MjU3LzMvMSAgNDI1Ni80LzEgDQpmICA0MzU4LzEvMSAgNDM1OS8yLzEgIDQyNTgvMy8xICA0MjU3LzQvMSANCmYgIDQzNTkvMS8xICA0MzYwLzIvMSAgNDI1OS8zLzEgIDQyNTgvNC8xIA0KZiAgNDM2MC8xLzEgIDQzNjEvMi8xICA0MjYwLzMvMSAgNDI1OS80LzEgDQpmICA0MzYxLzEvMSAgNDM2Mi8yLzEgIDQyNjEvMy8xICA0MjYwLzQvMSANCmYgIDQzNjIvMS8xICA0MzYzLzIvMSAgNDI2Mi8zLzEgIDQyNjEvNC8xIA0KZiAgNDM2My8xNy8xICA0MzY0LzE4LzEgIDQyNjMvMTkvMSAgNDI2Mi8yMC8xIA0KZiAgNDM2NC81My8xICA0MzY1LzU0LzEgIDQyNjQvNTUvMSAgNDI2My81Ni8xIA0KZiAgNDM2NS82OS8xICA0MzY2LzcwLzEgIDQyNjUvNzEvMSAgNDI2NC83Mi8xIA0KZiAgNDM2Ni8yMS8xICA0MzY3LzIyLzEgIDQyNjYvMjMvMSAgNDI2NS8yNC8xIA0KZiAgNDM2Ny8yMS8xICA0MzY4LzIyLzEgIDQyNjcvMjMvMSAgNDI2Ni8yNC8xIA0KZiAgNDM2OC8yMS8xICA0MzY5LzIyLzEgIDQyNjgvMjMvMSAgNDI2Ny8yNC8xIA0KZiAgNDM2OS8yMS8xICA0MzcwLzIyLzEgIDQyNjkvMjMvMSAgNDI2OC8yNC8xIA0KZiAgNDM3MC8yMS8xICA0MzcxLzIyLzEgIDQyNzAvMjMvMSAgNDI2OS8yNC8xIA0KZiAgNDM3MS8yMS8xICA0MzcyLzIyLzEgIDQyNzEvMjMvMSAgNDI3MC8yNC8xIA0KZiAgNDM3Mi8xMy8xICA0MzczLzE0LzEgIDQyNzIvMTUvMSAgNDI3MS8xNi8xIA0KZiAgNDM3My8xLzEgIDQzNzQvMi8xICA0MjczLzMvMSAgNDI3Mi80LzEgDQpmICA0Mzc0LzEvMSAgNDM3NS8yLzEgIDQyNzQvMy8xICA0MjczLzQvMSANCmYgIDQzNzUvMS8xICA0Mzc2LzIvMSAgNDI3NS8zLzEgIDQyNzQvNC8xIA0KZiAgNDM3Ni8xLzEgIDQzNzcvMi8xICA0Mjc2LzMvMSAgNDI3NS80LzEgDQpmICA0Mzc3LzEvMSAgNDM3OC8yLzEgIDQyNzcvMy8xICA0Mjc2LzQvMSANCmYgIDQzNzgvMS8xICA0Mzc5LzIvMSAgNDI3OC8zLzEgIDQyNzcvNC8xIA0KZiAgNDM3OS8xLzEgIDQzODAvMi8xICA0Mjc5LzMvMSAgNDI3OC80LzEgDQpmICA0MzgwLzEvMSAgNDM4MS8yLzEgIDQyODAvMy8xICA0Mjc5LzQvMSANCmYgIDQzODEvMS8xICA0MzgyLzIvMSAgNDI4MS8zLzEgIDQyODAvNC8xIA0KZiAgNDM4Mi8xLzEgIDQzODMvMi8xICA0MjgyLzMvMSAgNDI4MS80LzEgDQpmICA0MzgzLzEvMSAgNDM4NC8yLzEgIDQyODMvMy8xICA0MjgyLzQvMSANCmYgIDQzODQvMS8xICA0Mzg1LzIvMSAgNDI4NC8zLzEgIDQyODMvNC8xIA0KZiAgNDM4NS8xLzEgIDQzODYvMi8xICA0Mjg1LzMvMSAgNDI4NC80LzEgDQpmICA0Mzg2LzEvMSAgNDM4Ny8yLzEgIDQyODYvMy8xICA0Mjg1LzQvMSANCmYgIDQzODcvMS8xICA0Mzg4LzIvMSAgNDI4Ny8zLzEgIDQyODYvNC8xIA0KZiAgNDM4OC8xLzEgIDQzODkvMi8xICA0Mjg4LzMvMSAgNDI4Ny80LzEgDQpmICA0Mzg5LzEvMSAgNDM5MC8yLzEgIDQyODkvMy8xICA0Mjg4LzQvMSANCmYgIDQzOTAvMS8xICA0MzkxLzIvMSAgNDI5MC8zLzEgIDQyODkvNC8xIA0KZiAgNDM5MS8xLzEgIDQzOTIvMi8xICA0MjkxLzMvMSAgNDI5MC80LzEgDQpmICA0MzkyLzEvMSAgNDM5My8yLzEgIDQyOTIvMy8xICA0MjkxLzQvMSANCmYgIDQzOTMvMS8xICA0Mzk0LzIvMSAgNDI5My8zLzEgIDQyOTIvNC8xIA0KZiAgNDM5NC8xLzEgIDQzOTUvMi8xICA0Mjk0LzMvMSAgNDI5My80LzEgDQpmICA0Mzk1LzEvMSAgNDM5Ni8yLzEgIDQyOTUvMy8xICA0Mjk0LzQvMSANCmYgIDQzOTYvMS8xICA0Mzk3LzIvMSAgNDI5Ni8zLzEgIDQyOTUvNC8xIA0KZiAgNDM5Ny8xLzEgIDQzOTgvMi8xICA0Mjk3LzMvMSAgNDI5Ni80LzEgDQpmICA0Mzk4LzEvMSAgNDM5OS8yLzEgIDQyOTgvMy8xICA0Mjk3LzQvMSANCmYgIDQzOTkvMS8xICA0NDAwLzIvMSAgNDI5OS8zLzEgIDQyOTgvNC8xIA0KZiAgNDQwMC8xLzEgIDQ0MDEvMi8xICA0MzAwLzMvMSAgNDI5OS80LzEgDQpmICA0NDAxLzEvMSAgNDQwMi8yLzEgIDQzMDEvMy8xICA0MzAwLzQvMSANCmYgIDQ0MDIvMS8xICA0NDAzLzIvMSAgNDMwMi8zLzEgIDQzMDEvNC8xIA0KZiAgNDQwMy8xLzEgIDQ0MDQvMi8xICA0MzAzLzMvMSAgNDMwMi80LzEgDQpmICA0NDA0LzEvMSAgNDQwNS8yLzEgIDQzMDQvMy8xICA0MzAzLzQvMSANCmYgIDQ0MDUvMS8xICA0NDA2LzIvMSAgNDMwNS8zLzEgIDQzMDQvNC8xIA0KZiAgNDQwNi8xLzEgIDQ0MDcvMi8xICA0MzA2LzMvMSAgNDMwNS80LzEgDQpmICA0NDA3LzEvMSAgNDQwOC8yLzEgIDQzMDcvMy8xICA0MzA2LzQvMSANCmYgIDQ0MDgvMS8xICA0NDA5LzIvMSAgNDMwOC8zLzEgIDQzMDcvNC8xIA0KZiAgNDQwOS8xLzEgIDQ0MTAvMi8xICA0MzA5LzMvMSAgNDMwOC80LzEgDQpmICA0NDEwLzEvMSAgNDQxMS8yLzEgIDQzMTAvMy8xICA0MzA5LzQvMSANCmYgIDQ0MTEvMS8xICA0NDEyLzIvMSAgNDMxMS8zLzEgIDQzMTAvNC8xIA0KZiAgNDQxMi8xLzEgIDQ0MTMvMi8xICA0MzEyLzMvMSAgNDMxMS80LzEgDQpmICA0NDEzLzEvMSAgNDQxNC8yLzEgIDQzMTMvMy8xICA0MzEyLzQvMSANCmYgIDQ0MTQvMS8xICA0NDE1LzIvMSAgNDMxNC8zLzEgIDQzMTMvNC8xIA0KZiAgNDQxNS8xLzEgIDQ0MTYvMi8xICA0MzE1LzMvMSAgNDMxNC80LzEgDQpmICA0NDE2LzEvMSAgNDQxNy8yLzEgIDQzMTYvMy8xICA0MzE1LzQvMSANCmYgIDQ0MTcvMS8xICA0NDE4LzIvMSAgNDMxNy8zLzEgIDQzMTYvNC8xIA0KZiAgNDQxOC8xLzEgIDQ0MTkvMi8xICA0MzE4LzMvMSAgNDMxNy80LzEgDQpmICA0NDE5LzEvMSAgNDQyMC8yLzEgIDQzMTkvMy8xICA0MzE4LzQvMSANCmYgIDQ0MjAvMS8xICA0NDIxLzIvMSAgNDMyMC8zLzEgIDQzMTkvNC8xIA0KZiAgNDQyMS8xLzEgIDQ0MjIvMi8xICA0MzIxLzMvMSAgNDMyMC80LzEgDQpmICA0NDIyLzEvMSAgNDQyMy8yLzEgIDQzMjIvMy8xICA0MzIxLzQvMSANCmYgIDQ0MjMvMS8xICA0NDI0LzIvMSAgNDMyMy8zLzEgIDQzMjIvNC8xIA0KZiAgNDQyNC8xLzEgIDQ0MjUvMi8xICA0MzI0LzMvMSAgNDMyMy80LzEgDQpmICA0NDI1LzEvMSAgNDQyNi8yLzEgIDQzMjUvMy8xICA0MzI0LzQvMSANCmYgIDQ0MjYvMS8xICA0NDI3LzIvMSAgNDMyNi8zLzEgIDQzMjUvNC8xIA0KZiAgNDQyNy8xLzEgIDQ0MjgvMi8xICA0MzI3LzMvMSAgNDMyNi80LzEgDQpmICA0NDI4LzEvMSAgNDQyOS8yLzEgIDQzMjgvMy8xICA0MzI3LzQvMSANCmYgIDQ0MjkvMS8xICA0NDMwLzIvMSAgNDMyOS8zLzEgIDQzMjgvNC8xIA0KZiAgNDQzMC8xLzEgIDQ0MzEvMi8xICA0MzMwLzMvMSAgNDMyOS80LzEgDQpmICA0NDMxLzEvMSAgNDQzMi8yLzEgIDQzMzEvMy8xICA0MzMwLzQvMSANCmYgIDQ0MzIvMS8xICA0NDMzLzIvMSAgNDMzMi8zLzEgIDQzMzEvNC8xIA0KZiAgNDQzMy8xLzEgIDQ0MzQvMi8xICA0MzMzLzMvMSAgNDMzMi80LzEgDQpmICA0NDM0LzEvMSAgNDQzNS8yLzEgIDQzMzQvMy8xICA0MzMzLzQvMSANCmYgIDQ0MzUvMS8xICA0NDM2LzIvMSAgNDMzNS8zLzEgIDQzMzQvNC8xIA0KZiAgNDQzNi8xLzEgIDQ0MzcvMi8xICA0MzM2LzMvMSAgNDMzNS80LzEgDQpmICA0NDM3LzEvMSAgNDQzOC8yLzEgIDQzMzcvMy8xICA0MzM2LzQvMSANCmYgIDQ0MzgvMS8xICA0NDM5LzIvMSAgNDMzOC8zLzEgIDQzMzcvNC8xIA0KZiAgNDQzOS8xLzEgIDQ0NDAvMi8xICA0MzM5LzMvMSAgNDMzOC80LzEgDQpmICA0NDQwLzEvMSAgNDQ0MS8yLzEgIDQzNDAvMy8xICA0MzM5LzQvMSANCmYgIDQ0NDEvMS8xICA0NDQyLzIvMSAgNDM0MS8zLzEgIDQzNDAvNC8xIA0KZiAgNDQ0Mi8xLzEgIDQ0NDMvMi8xICA0MzQyLzMvMSAgNDM0MS80LzEgDQpmICA0NDQzLzEvMSAgNDQ0NC8yLzEgIDQzNDMvMy8xICA0MzQyLzQvMSANCmYgIDQ0NDUvMS8xICA0NDQ2LzIvMSAgNDM0NS8zLzEgIDQzNDQvNC8xIA0KZiAgNDQ0Ni8xLzEgIDQ0NDcvMi8xICA0MzQ2LzMvMSAgNDM0NS80LzEgDQpmICA0NDQ3LzEvMSAgNDQ0OC8yLzEgIDQzNDcvMy8xICA0MzQ2LzQvMSANCmYgIDQ0NDgvMS8xICA0NDQ5LzIvMSAgNDM0OC8zLzEgIDQzNDcvNC8xIA0KZiAgNDQ0OS8xLzEgIDQ0NTAvMi8xICA0MzQ5LzMvMSAgNDM0OC80LzEgDQpmICA0NDUwLzEvMSAgNDQ1MS8yLzEgIDQzNTAvMy8xICA0MzQ5LzQvMSANCmYgIDQ0NTEvMS8xICA0NDUyLzIvMSAgNDM1MS8zLzEgIDQzNTAvNC8xIA0KZiAgNDQ1Mi8xLzEgIDQ0NTMvMi8xICA0MzUyLzMvMSAgNDM1MS80LzEgDQpmICA0NDUzLzEvMSAgNDQ1NC8yLzEgIDQzNTMvMy8xICA0MzUyLzQvMSANCmYgIDQ0NTQvMS8xICA0NDU1LzIvMSAgNDM1NC8zLzEgIDQzNTMvNC8xIA0KZiAgNDQ1NS8xLzEgIDQ0NTYvMi8xICA0MzU1LzMvMSAgNDM1NC80LzEgDQpmICA0NDU2LzEvMSAgNDQ1Ny8yLzEgIDQzNTYvMy8xICA0MzU1LzQvMSANCmYgIDQ0NTcvMS8xICA0NDU4LzIvMSAgNDM1Ny8zLzEgIDQzNTYvNC8xIA0KZiAgNDQ1OC8xLzEgIDQ0NTkvMi8xICA0MzU4LzMvMSAgNDM1Ny80LzEgDQpmICA0NDU5LzEvMSAgNDQ2MC8yLzEgIDQzNTkvMy8xICA0MzU4LzQvMSANCmYgIDQ0NjAvMS8xICA0NDYxLzIvMSAgNDM2MC8zLzEgIDQzNTkvNC8xIA0KZiAgNDQ2MS8xLzEgIDQ0NjIvMi8xICA0MzYxLzMvMSAgNDM2MC80LzEgDQpmICA0NDYyLzEvMSAgNDQ2My8yLzEgIDQzNjIvMy8xICA0MzYxLzQvMSANCmYgIDQ0NjMvMS8xICA0NDY0LzIvMSAgNDM2My8zLzEgIDQzNjIvNC8xIA0KZiAgNDQ2NC8xNy8xICA0NDY1LzE4LzEgIDQzNjQvMTkvMSAgNDM2My8yMC8xIA0KZiAgNDQ2NS81My8xICA0NDY2LzU0LzEgIDQzNjUvNTUvMSAgNDM2NC81Ni8xIA0KZiAgNDQ2Ni82OS8xICA0NDY3LzcwLzEgIDQzNjYvNzEvMSAgNDM2NS83Mi8xIA0KZiAgNDQ2Ny8yMS8xICA0NDY4LzIyLzEgIDQzNjcvMjMvMSAgNDM2Ni8yNC8xIA0KZiAgNDQ2OC8yMS8xICA0NDY5LzIyLzEgIDQzNjgvMjMvMSAgNDM2Ny8yNC8xIA0KZiAgNDQ2OS8yMS8xICA0NDcwLzIyLzEgIDQzNjkvMjMvMSAgNDM2OC8yNC8xIA0KZiAgNDQ3MC8yMS8xICA0NDcxLzIyLzEgIDQzNzAvMjMvMSAgNDM2OS8yNC8xIA0KZiAgNDQ3MS8yMS8xICA0NDcyLzIyLzEgIDQzNzEvMjMvMSAgNDM3MC8yNC8xIA0KZiAgNDQ3Mi8yMS8xICA0NDczLzIyLzEgIDQzNzIvMjMvMSAgNDM3MS8yNC8xIA0KZiAgNDQ3My8yNS8xICA0NDc0LzI2LzEgIDQzNzMvMjcvMSAgNDM3Mi8yOC8xIA0KZiAgNDQ3NC8xLzEgIDQ0NzUvMi8xICA0Mzc0LzMvMSAgNDM3My80LzEgDQpmICA0NDc1LzEvMSAgNDQ3Ni8yLzEgIDQzNzUvMy8xICA0Mzc0LzQvMSANCmYgIDQ0NzYvMS8xICA0NDc3LzIvMSAgNDM3Ni8zLzEgIDQzNzUvNC8xIA0KZiAgNDQ3Ny8xLzEgIDQ0NzgvMi8xICA0Mzc3LzMvMSAgNDM3Ni80LzEgDQpmICA0NDc4LzEvMSAgNDQ3OS8yLzEgIDQzNzgvMy8xICA0Mzc3LzQvMSANCmYgIDQ0NzkvMS8xICA0NDgwLzIvMSAgNDM3OS8zLzEgIDQzNzgvNC8xIA0KZiAgNDQ4MC8xLzEgIDQ0ODEvMi8xICA0MzgwLzMvMSAgNDM3OS80LzEgDQpmICA0NDgxLzEvMSAgNDQ4Mi8yLzEgIDQzODEvMy8xICA0MzgwLzQvMSANCmYgIDQ0ODIvMS8xICA0NDgzLzIvMSAgNDM4Mi8zLzEgIDQzODEvNC8xIA0KZiAgNDQ4My8xLzEgIDQ0ODQvMi8xICA0MzgzLzMvMSAgNDM4Mi80LzEgDQpmICA0NDg0LzEvMSAgNDQ4NS8yLzEgIDQzODQvMy8xICA0MzgzLzQvMSANCmYgIDQ0ODUvMS8xICA0NDg2LzIvMSAgNDM4NS8zLzEgIDQzODQvNC8xIA0KZiAgNDQ4Ni8xLzEgIDQ0ODcvMi8xICA0Mzg2LzMvMSAgNDM4NS80LzEgDQpmICA0NDg3LzEvMSAgNDQ4OC8yLzEgIDQzODcvMy8xICA0Mzg2LzQvMSANCmYgIDQ0ODgvMS8xICA0NDg5LzIvMSAgNDM4OC8zLzEgIDQzODcvNC8xIA0KZiAgNDQ4OS8xLzEgIDQ0OTAvMi8xICA0Mzg5LzMvMSAgNDM4OC80LzEgDQpmICA0NDkwLzEvMSAgNDQ5MS8yLzEgIDQzOTAvMy8xICA0Mzg5LzQvMSANCmYgIDQ0OTEvMS8xICA0NDkyLzIvMSAgNDM5MS8zLzEgIDQzOTAvNC8xIA0KZiAgNDQ5Mi8xLzEgIDQ0OTMvMi8xICA0MzkyLzMvMSAgNDM5MS80LzEgDQpmICA0NDkzLzEvMSAgNDQ5NC8yLzEgIDQzOTMvMy8xICA0MzkyLzQvMSANCmYgIDQ0OTQvMS8xICA0NDk1LzIvMSAgNDM5NC8zLzEgIDQzOTMvNC8xIA0KZiAgNDQ5NS8xLzEgIDQ0OTYvMi8xICA0Mzk1LzMvMSAgNDM5NC80LzEgDQpmICA0NDk2LzEvMSAgNDQ5Ny8yLzEgIDQzOTYvMy8xICA0Mzk1LzQvMSANCmYgIDQ0OTcvMS8xICA0NDk4LzIvMSAgNDM5Ny8zLzEgIDQzOTYvNC8xIA0KZiAgNDQ5OC8xLzEgIDQ0OTkvMi8xICA0Mzk4LzMvMSAgNDM5Ny80LzEgDQpmICA0NDk5LzEvMSAgNDUwMC8yLzEgIDQzOTkvMy8xICA0Mzk4LzQvMSANCmYgIDQ1MDAvMS8xICA0NTAxLzIvMSAgNDQwMC8zLzEgIDQzOTkvNC8xIA0KZiAgNDUwMS8xLzEgIDQ1MDIvMi8xICA0NDAxLzMvMSAgNDQwMC80LzEgDQpmICA0NTAyLzEvMSAgNDUwMy8yLzEgIDQ0MDIvMy8xICA0NDAxLzQvMSANCmYgIDQ1MDMvMS8xICA0NTA0LzIvMSAgNDQwMy8zLzEgIDQ0MDIvNC8xIA0KZiAgNDUwNC8xLzEgIDQ1MDUvMi8xICA0NDA0LzMvMSAgNDQwMy80LzEgDQpmICA0NTA1LzEvMSAgNDUwNi8yLzEgIDQ0MDUvMy8xICA0NDA0LzQvMSANCmYgIDQ1MDYvMS8xICA0NTA3LzIvMSAgNDQwNi8zLzEgIDQ0MDUvNC8xIA0KZiAgNDUwNy8xLzEgIDQ1MDgvMi8xICA0NDA3LzMvMSAgNDQwNi80LzEgDQpmICA0NTA4LzEvMSAgNDUwOS8yLzEgIDQ0MDgvMy8xICA0NDA3LzQvMSANCmYgIDQ1MDkvMS8xICA0NTEwLzIvMSAgNDQwOS8zLzEgIDQ0MDgvNC8xIA0KZiAgNDUxMC8xLzEgIDQ1MTEvMi8xICA0NDEwLzMvMSAgNDQwOS80LzEgDQpmICA0NTExLzEvMSAgNDUxMi8yLzEgIDQ0MTEvMy8xICA0NDEwLzQvMSANCmYgIDQ1MTIvMS8xICA0NTEzLzIvMSAgNDQxMi8zLzEgIDQ0MTEvNC8xIA0KZiAgNDUxMy8xLzEgIDQ1MTQvMi8xICA0NDEzLzMvMSAgNDQxMi80LzEgDQpmICA0NTE0LzEvMSAgNDUxNS8yLzEgIDQ0MTQvMy8xICA0NDEzLzQvMSANCmYgIDQ1MTUvMS8xICA0NTE2LzIvMSAgNDQxNS8zLzEgIDQ0MTQvNC8xIA0KZiAgNDUxNi8xLzEgIDQ1MTcvMi8xICA0NDE2LzMvMSAgNDQxNS80LzEgDQpmICA0NTE3LzEvMSAgNDUxOC8yLzEgIDQ0MTcvMy8xICA0NDE2LzQvMSANCmYgIDQ1MTgvMS8xICA0NTE5LzIvMSAgNDQxOC8zLzEgIDQ0MTcvNC8xIA0KZiAgNDUxOS8xLzEgIDQ1MjAvMi8xICA0NDE5LzMvMSAgNDQxOC80LzEgDQpmICA0NTIwLzEvMSAgNDUyMS8yLzEgIDQ0MjAvMy8xICA0NDE5LzQvMSANCmYgIDQ1MjEvMS8xICA0NTIyLzIvMSAgNDQyMS8zLzEgIDQ0MjAvNC8xIA0KZiAgNDUyMi8xLzEgIDQ1MjMvMi8xICA0NDIyLzMvMSAgNDQyMS80LzEgDQpmICA0NTIzLzEvMSAgNDUyNC8yLzEgIDQ0MjMvMy8xICA0NDIyLzQvMSANCmYgIDQ1MjQvMS8xICA0NTI1LzIvMSAgNDQyNC8zLzEgIDQ0MjMvNC8xIA0KZiAgNDUyNS8xLzEgIDQ1MjYvMi8xICA0NDI1LzMvMSAgNDQyNC80LzEgDQpmICA0NTI2LzEvMSAgNDUyNy8yLzEgIDQ0MjYvMy8xICA0NDI1LzQvMSANCmYgIDQ1MjcvMS8xICA0NTI4LzIvMSAgNDQyNy8zLzEgIDQ0MjYvNC8xIA0KZiAgNDUyOC8xLzEgIDQ1MjkvMi8xICA0NDI4LzMvMSAgNDQyNy80LzEgDQpmICA0NTI5LzEvMSAgNDUzMC8yLzEgIDQ0MjkvMy8xICA0NDI4LzQvMSANCmYgIDQ1MzAvMS8xICA0NTMxLzIvMSAgNDQzMC8zLzEgIDQ0MjkvNC8xIA0KZiAgNDUzMS8xLzEgIDQ1MzIvMi8xICA0NDMxLzMvMSAgNDQzMC80LzEgDQpmICA0NTMyLzEvMSAgNDUzMy8yLzEgIDQ0MzIvMy8xICA0NDMxLzQvMSANCmYgIDQ1MzMvMS8xICA0NTM0LzIvMSAgNDQzMy8zLzEgIDQ0MzIvNC8xIA0KZiAgNDUzNC8xLzEgIDQ1MzUvMi8xICA0NDM0LzMvMSAgNDQzMy80LzEgDQpmICA0NTM1LzEvMSAgNDUzNi8yLzEgIDQ0MzUvMy8xICA0NDM0LzQvMSANCmYgIDQ1MzYvMS8xICA0NTM3LzIvMSAgNDQzNi8zLzEgIDQ0MzUvNC8xIA0KZiAgNDUzNy8xLzEgIDQ1MzgvMi8xICA0NDM3LzMvMSAgNDQzNi80LzEgDQpmICA0NTM4LzEvMSAgNDUzOS8yLzEgIDQ0MzgvMy8xICA0NDM3LzQvMSANCmYgIDQ1MzkvMS8xICA0NTQwLzIvMSAgNDQzOS8zLzEgIDQ0MzgvNC8xIA0KZiAgNDU0MC8xLzEgIDQ1NDEvMi8xICA0NDQwLzMvMSAgNDQzOS80LzEgDQpmICA0NTQxLzEvMSAgNDU0Mi8yLzEgIDQ0NDEvMy8xICA0NDQwLzQvMSANCmYgIDQ1NDIvMS8xICA0NTQzLzIvMSAgNDQ0Mi8zLzEgIDQ0NDEvNC8xIA0KZiAgNDU0My8xLzEgIDQ1NDQvMi8xICA0NDQzLzMvMSAgNDQ0Mi80LzEgDQpmICA0NTQ0LzEvMSAgNDU0NS8yLzEgIDQ0NDQvMy8xICA0NDQzLzQvMSANCmYgIDQ1NDYvMS8xICA0NTQ3LzIvMSAgNDQ0Ni8zLzEgIDQ0NDUvNC8xIA0KZiAgNDU0Ny8xLzEgIDQ1NDgvMi8xICA0NDQ3LzMvMSAgNDQ0Ni80LzEgDQpmICA0NTQ4LzEvMSAgNDU0OS8yLzEgIDQ0NDgvMy8xICA0NDQ3LzQvMSANCmYgIDQ1NDkvMS8xICA0NTUwLzIvMSAgNDQ0OS8zLzEgIDQ0NDgvNC8xIA0KZiAgNDU1MC8xLzEgIDQ1NTEvMi8xICA0NDUwLzMvMSAgNDQ0OS80LzEgDQpmICA0NTUxLzEvMSAgNDU1Mi8yLzEgIDQ0NTEvMy8xICA0NDUwLzQvMSANCmYgIDQ1NTIvMS8xICA0NTUzLzIvMSAgNDQ1Mi8zLzEgIDQ0NTEvNC8xIA0KZiAgNDU1My8xLzEgIDQ1NTQvMi8xICA0NDUzLzMvMSAgNDQ1Mi80LzEgDQpmICA0NTU0LzEvMSAgNDU1NS8yLzEgIDQ0NTQvMy8xICA0NDUzLzQvMSANCmYgIDQ1NTUvMS8xICA0NTU2LzIvMSAgNDQ1NS8zLzEgIDQ0NTQvNC8xIA0KZiAgNDU1Ni8xLzEgIDQ1NTcvMi8xICA0NDU2LzMvMSAgNDQ1NS80LzEgDQpmICA0NTU3LzEvMSAgNDU1OC8yLzEgIDQ0NTcvMy8xICA0NDU2LzQvMSANCmYgIDQ1NTgvMS8xICA0NTU5LzIvMSAgNDQ1OC8zLzEgIDQ0NTcvNC8xIA0KZiAgNDU1OS8xLzEgIDQ1NjAvMi8xICA0NDU5LzMvMSAgNDQ1OC80LzEgDQpmICA0NTYwLzEvMSAgNDU2MS8yLzEgIDQ0NjAvMy8xICA0NDU5LzQvMSANCmYgIDQ1NjEvMS8xICA0NTYyLzIvMSAgNDQ2MS8zLzEgIDQ0NjAvNC8xIA0KZiAgNDU2Mi8xLzEgIDQ1NjMvMi8xICA0NDYyLzMvMSAgNDQ2MS80LzEgDQpmICA0NTYzLzEvMSAgNDU2NC8yLzEgIDQ0NjMvMy8xICA0NDYyLzQvMSANCmYgIDQ1NjQvMS8xICA0NTY1LzIvMSAgNDQ2NC8zLzEgIDQ0NjMvNC8xIA0KZiAgNDU2NS8xNy8xICA0NTY2LzE4LzEgIDQ0NjUvMTkvMSAgNDQ2NC8yMC8xIA0KZiAgNDU2Ni81My8xICA0NTY3LzU0LzEgIDQ0NjYvNTUvMSAgNDQ2NS81Ni8xIA0KZiAgNDU2Ny80OS8xICA0NTY4LzUwLzEgIDQ0NjcvNTEvMSAgNDQ2Ni81Mi8xIA0KZiAgNDU2OC8zMy8xICA0NTY5LzM0LzEgIDQ0NjgvMzUvMSAgNDQ2Ny8zNi8xIA0KZiAgNDU2OS8zMy8xICA0NTcwLzM0LzEgIDQ0NjkvMzUvMSAgNDQ2OC8zNi8xIA0KZiAgNDU3MC8zMy8xICA0NTcxLzM0LzEgIDQ0NzAvMzUvMSAgNDQ2OS8zNi8xIA0KZiAgNDU3MS8zMy8xICA0NTcyLzM0LzEgIDQ0NzEvMzUvMSAgNDQ3MC8zNi8xIA0KZiAgNDU3Mi8zNy8xICA0NTczLzM4LzEgIDQ0NzIvMzkvMSAgNDQ3MS80MC8xIA0KZiAgNDU3My8yMS8xICA0NTc0LzIyLzEgIDQ0NzMvMjMvMSAgNDQ3Mi8yNC8xIA0KZiAgNDU3NC8yNS8xICA0NTc1LzI2LzEgIDQ0NzQvMjcvMSAgNDQ3My8yOC8xIA0KZiAgNDU3NS8xLzEgIDQ1NzYvMi8xICA0NDc1LzMvMSAgNDQ3NC80LzEgDQpmICA0NTc2LzEvMSAgNDU3Ny8yLzEgIDQ0NzYvMy8xICA0NDc1LzQvMSANCmYgIDQ1NzcvMS8xICA0NTc4LzIvMSAgNDQ3Ny8zLzEgIDQ0NzYvNC8xIA0KZiAgNDU3OC8xLzEgIDQ1NzkvMi8xICA0NDc4LzMvMSAgNDQ3Ny80LzEgDQpmICA0NTc5LzEvMSAgNDU4MC8yLzEgIDQ0NzkvMy8xICA0NDc4LzQvMSANCmYgIDQ1ODAvMS8xICA0NTgxLzIvMSAgNDQ4MC8zLzEgIDQ0NzkvNC8xIA0KZiAgNDU4MS8xLzEgIDQ1ODIvMi8xICA0NDgxLzMvMSAgNDQ4MC80LzEgDQpmICA0NTgyLzEvMSAgNDU4My8yLzEgIDQ0ODIvMy8xICA0NDgxLzQvMSANCmYgIDQ1ODMvMS8xICA0NTg0LzIvMSAgNDQ4My8zLzEgIDQ0ODIvNC8xIA0KZiAgNDU4NC8xLzEgIDQ1ODUvMi8xICA0NDg0LzMvMSAgNDQ4My80LzEgDQpmICA0NTg1LzEvMSAgNDU4Ni8yLzEgIDQ0ODUvMy8xICA0NDg0LzQvMSANCmYgIDQ1ODYvMS8xICA0NTg3LzIvMSAgNDQ4Ni8zLzEgIDQ0ODUvNC8xIA0KZiAgNDU4Ny8xLzEgIDQ1ODgvMi8xICA0NDg3LzMvMSAgNDQ4Ni80LzEgDQpmICA0NTg4LzEvMSAgNDU4OS8yLzEgIDQ0ODgvMy8xICA0NDg3LzQvMSANCmYgIDQ1ODkvMS8xICA0NTkwLzIvMSAgNDQ4OS8zLzEgIDQ0ODgvNC8xIA0KZiAgNDU5MC8xLzEgIDQ1OTEvMi8xICA0NDkwLzMvMSAgNDQ4OS80LzEgDQpmICA0NTkxLzEvMSAgNDU5Mi8yLzEgIDQ0OTEvMy8xICA0NDkwLzQvMSANCmYgIDQ1OTIvMS8xICA0NTkzLzIvMSAgNDQ5Mi8zLzEgIDQ0OTEvNC8xIA0KZiAgNDU5My8xLzEgIDQ1OTQvMi8xICA0NDkzLzMvMSAgNDQ5Mi80LzEgDQpmICA0NTk0LzEvMSAgNDU5NS8yLzEgIDQ0OTQvMy8xICA0NDkzLzQvMSANCmYgIDQ1OTUvMS8xICA0NTk2LzIvMSAgNDQ5NS8zLzEgIDQ0OTQvNC8xIA0KZiAgNDU5Ni8xLzEgIDQ1OTcvMi8xICA0NDk2LzMvMSAgNDQ5NS80LzEgDQpmICA0NTk3LzEvMSAgNDU5OC8yLzEgIDQ0OTcvMy8xICA0NDk2LzQvMSANCmYgIDQ1OTgvMS8xICA0NTk5LzIvMSAgNDQ5OC8zLzEgIDQ0OTcvNC8xIA0KZiAgNDU5OS8xLzEgIDQ2MDAvMi8xICA0NDk5LzMvMSAgNDQ5OC80LzEgDQpmICA0NjAwLzEvMSAgNDYwMS8yLzEgIDQ1MDAvMy8xICA0NDk5LzQvMSANCmYgIDQ2MDEvMS8xICA0NjAyLzIvMSAgNDUwMS8zLzEgIDQ1MDAvNC8xIA0KZiAgNDYwMi8xLzEgIDQ2MDMvMi8xICA0NTAyLzMvMSAgNDUwMS80LzEgDQpmICA0NjAzLzEvMSAgNDYwNC8yLzEgIDQ1MDMvMy8xICA0NTAyLzQvMSANCmYgIDQ2MDQvMS8xICA0NjA1LzIvMSAgNDUwNC8zLzEgIDQ1MDMvNC8xIA0KZiAgNDYwNS8xLzEgIDQ2MDYvMi8xICA0NTA1LzMvMSAgNDUwNC80LzEgDQpmICA0NjA2LzEvMSAgNDYwNy8yLzEgIDQ1MDYvMy8xICA0NTA1LzQvMSANCmYgIDQ2MDcvMS8xICA0NjA4LzIvMSAgNDUwNy8zLzEgIDQ1MDYvNC8xIA0KZiAgNDYwOC8xLzEgIDQ2MDkvMi8xICA0NTA4LzMvMSAgNDUwNy80LzEgDQpmICA0NjA5LzEvMSAgNDYxMC8yLzEgIDQ1MDkvMy8xICA0NTA4LzQvMSANCmYgIDQ2MTAvMS8xICA0NjExLzIvMSAgNDUxMC8zLzEgIDQ1MDkvNC8xIA0KZiAgNDYxMS8xLzEgIDQ2MTIvMi8xICA0NTExLzMvMSAgNDUxMC80LzEgDQpmICA0NjEyLzEvMSAgNDYxMy8yLzEgIDQ1MTIvMy8xICA0NTExLzQvMSANCmYgIDQ2MTMvMS8xICA0NjE0LzIvMSAgNDUxMy8zLzEgIDQ1MTIvNC8xIA0KZiAgNDYxNC8xLzEgIDQ2MTUvMi8xICA0NTE0LzMvMSAgNDUxMy80LzEgDQpmICA0NjE1LzEvMSAgNDYxNi8yLzEgIDQ1MTUvMy8xICA0NTE0LzQvMSANCmYgIDQ2MTYvMS8xICA0NjE3LzIvMSAgNDUxNi8zLzEgIDQ1MTUvNC8xIA0KZiAgNDYxNy8xLzEgIDQ2MTgvMi8xICA0NTE3LzMvMSAgNDUxNi80LzEgDQpmICA0NjE4LzEvMSAgNDYxOS8yLzEgIDQ1MTgvMy8xICA0NTE3LzQvMSANCmYgIDQ2MTkvMS8xICA0NjIwLzIvMSAgNDUxOS8zLzEgIDQ1MTgvNC8xIA0KZiAgNDYyMC8xLzEgIDQ2MjEvMi8xICA0NTIwLzMvMSAgNDUxOS80LzEgDQpmICA0NjIxLzEvMSAgNDYyMi8yLzEgIDQ1MjEvMy8xICA0NTIwLzQvMSANCmYgIDQ2MjIvMS8xICA0NjIzLzIvMSAgNDUyMi8zLzEgIDQ1MjEvNC8xIA0KZiAgNDYyMy8xLzEgIDQ2MjQvMi8xICA0NTIzLzMvMSAgNDUyMi80LzEgDQpmICA0NjI0LzEvMSAgNDYyNS8yLzEgIDQ1MjQvMy8xICA0NTIzLzQvMSANCmYgIDQ2MjUvMS8xICA0NjI2LzIvMSAgNDUyNS8zLzEgIDQ1MjQvNC8xIA0KZiAgNDYyNi8xLzEgIDQ2MjcvMi8xICA0NTI2LzMvMSAgNDUyNS80LzEgDQpmICA0NjI3LzEvMSAgNDYyOC8yLzEgIDQ1MjcvMy8xICA0NTI2LzQvMSANCmYgIDQ2MjgvMS8xICA0NjI5LzIvMSAgNDUyOC8zLzEgIDQ1MjcvNC8xIA0KZiAgNDYyOS8xLzEgIDQ2MzAvMi8xICA0NTI5LzMvMSAgNDUyOC80LzEgDQpmICA0NjMwLzEvMSAgNDYzMS8yLzEgIDQ1MzAvMy8xICA0NTI5LzQvMSANCmYgIDQ2MzEvMS8xICA0NjMyLzIvMSAgNDUzMS8zLzEgIDQ1MzAvNC8xIA0KZiAgNDYzMi8xLzEgIDQ2MzMvMi8xICA0NTMyLzMvMSAgNDUzMS80LzEgDQpmICA0NjMzLzEvMSAgNDYzNC8yLzEgIDQ1MzMvMy8xICA0NTMyLzQvMSANCmYgIDQ2MzQvMS8xICA0NjM1LzIvMSAgNDUzNC8zLzEgIDQ1MzMvNC8xIA0KZiAgNDYzNS8xLzEgIDQ2MzYvMi8xICA0NTM1LzMvMSAgNDUzNC80LzEgDQpmICA0NjM2LzEvMSAgNDYzNy8yLzEgIDQ1MzYvMy8xICA0NTM1LzQvMSANCmYgIDQ2MzcvMS8xICA0NjM4LzIvMSAgNDUzNy8zLzEgIDQ1MzYvNC8xIA0KZiAgNDYzOC8xLzEgIDQ2MzkvMi8xICA0NTM4LzMvMSAgNDUzNy80LzEgDQpmICA0NjM5LzEvMSAgNDY0MC8yLzEgIDQ1MzkvMy8xICA0NTM4LzQvMSANCmYgIDQ2NDAvMS8xICA0NjQxLzIvMSAgNDU0MC8zLzEgIDQ1MzkvNC8xIA0KZiAgNDY0MS8xLzEgIDQ2NDIvMi8xICA0NTQxLzMvMSAgNDU0MC80LzEgDQpmICA0NjQyLzEvMSAgNDY0My8yLzEgIDQ1NDIvMy8xICA0NTQxLzQvMSANCmYgIDQ2NDMvMS8xICA0NjQ0LzIvMSAgNDU0My8zLzEgIDQ1NDIvNC8xIA0KZiAgNDY0NC8xLzEgIDQ2NDUvMi8xICA0NTQ0LzMvMSAgNDU0My80LzEgDQpmICA0NjQ1LzEvMSAgNDY0Ni8yLzEgIDQ1NDUvMy8xICA0NTQ0LzQvMSANCmYgIDQ2NDcvMS8xICA0NjQ4LzIvMSAgNDU0Ny8zLzEgIDQ1NDYvNC8xIA0KZiAgNDY0OC8xLzEgIDQ2NDkvMi8xICA0NTQ4LzMvMSAgNDU0Ny80LzEgDQpmICA0NjQ5LzEvMSAgNDY1MC8yLzEgIDQ1NDkvMy8xICA0NTQ4LzQvMSANCmYgIDQ2NTAvMS8xICA0NjUxLzIvMSAgNDU1MC8zLzEgIDQ1NDkvNC8xIA0KZiAgNDY1MS8xLzEgIDQ2NTIvMi8xICA0NTUxLzMvMSAgNDU1MC80LzEgDQpmICA0NjUyLzEvMSAgNDY1My8yLzEgIDQ1NTIvMy8xICA0NTUxLzQvMSANCmYgIDQ2NTMvMS8xICA0NjU0LzIvMSAgNDU1My8zLzEgIDQ1NTIvNC8xIA0KZiAgNDY1NC8xLzEgIDQ2NTUvMi8xICA0NTU0LzMvMSAgNDU1My80LzEgDQpmICA0NjU1LzEvMSAgNDY1Ni8yLzEgIDQ1NTUvMy8xICA0NTU0LzQvMSANCmYgIDQ2NTYvMS8xICA0NjU3LzIvMSAgNDU1Ni8zLzEgIDQ1NTUvNC8xIA0KZiAgNDY1Ny8xLzEgIDQ2NTgvMi8xICA0NTU3LzMvMSAgNDU1Ni80LzEgDQpmICA0NjU4LzEvMSAgNDY1OS8yLzEgIDQ1NTgvMy8xICA0NTU3LzQvMSANCmYgIDQ2NTkvMS8xICA0NjYwLzIvMSAgNDU1OS8zLzEgIDQ1NTgvNC8xIA0KZiAgNDY2MC8xLzEgIDQ2NjEvMi8xICA0NTYwLzMvMSAgNDU1OS80LzEgDQpmICA0NjYxLzEvMSAgNDY2Mi8yLzEgIDQ1NjEvMy8xICA0NTYwLzQvMSANCmYgIDQ2NjIvMS8xICA0NjYzLzIvMSAgNDU2Mi8zLzEgIDQ1NjEvNC8xIA0KZiAgNDY2My8xLzEgIDQ2NjQvMi8xICA0NTYzLzMvMSAgNDU2Mi80LzEgDQpmICA0NjY0LzEvMSAgNDY2NS8yLzEgIDQ1NjQvMy8xICA0NTYzLzQvMSANCmYgIDQ2NjUvMS8xICA0NjY2LzIvMSAgNDU2NS8zLzEgIDQ1NjQvNC8xIA0KZiAgNDY2Ni8xNy8xICA0NjY3LzE4LzEgIDQ1NjYvMTkvMSAgNDU2NS8yMC8xIA0KZiAgNDY2Ny83Ny8xICA0NjY4Lzc4LzEgIDQ1NjcvNzkvMSAgNDU2Ni84MC8xIA0KZiAgNDY2OC82MS8xICA0NjY5LzYyLzEgIDQ1NjgvNjMvMSAgNDU2Ny82NC8xIA0KZiAgNDY2OS82MS8xICA0NjcwLzYyLzEgIDQ1NjkvNjMvMSAgNDU2OC82NC8xIA0KZiAgNDY3MC82MS8xICA0NjcxLzYyLzEgIDQ1NzAvNjMvMSAgNDU2OS82NC8xIA0KZiAgNDY3MS82MS8xICA0NjcyLzYyLzEgIDQ1NzEvNjMvMSAgNDU3MC82NC8xIA0KZiAgNDY3Mi82NS8xICA0NjczLzY2LzEgIDQ1NzIvNjcvMSAgNDU3MS82OC8xIA0KZiAgNDY3My82OS8xICA0Njc0LzcwLzEgIDQ1NzMvNzEvMSAgNDU3Mi83Mi8xIA0KZiAgNDY3NC8yMS8xICA0Njc1LzIyLzEgIDQ1NzQvMjMvMSAgNDU3My8yNC8xIA0KZiAgNDY3NS8yNS8xICA0Njc2LzI2LzEgIDQ1NzUvMjcvMSAgNDU3NC8yOC8xIA0KZiAgNDY3Ni8xLzEgIDQ2NzcvMi8xICA0NTc2LzMvMSAgNDU3NS80LzEgDQpmICA0Njc3LzEvMSAgNDY3OC8yLzEgIDQ1NzcvMy8xICA0NTc2LzQvMSANCmYgIDQ2NzgvMS8xICA0Njc5LzIvMSAgNDU3OC8zLzEgIDQ1NzcvNC8xIA0KZiAgNDY3OS8xLzEgIDQ2ODAvMi8xICA0NTc5LzMvMSAgNDU3OC80LzEgDQpmICA0NjgwLzEvMSAgNDY4MS8yLzEgIDQ1ODAvMy8xICA0NTc5LzQvMSANCmYgIDQ2ODEvMS8xICA0NjgyLzIvMSAgNDU4MS8zLzEgIDQ1ODAvNC8xIA0KZiAgNDY4Mi8xLzEgIDQ2ODMvMi8xICA0NTgyLzMvMSAgNDU4MS80LzEgDQpmICA0NjgzLzEvMSAgNDY4NC8yLzEgIDQ1ODMvMy8xICA0NTgyLzQvMSANCmYgIDQ2ODQvMS8xICA0Njg1LzIvMSAgNDU4NC8zLzEgIDQ1ODMvNC8xIA0KZiAgNDY4NS8xLzEgIDQ2ODYvMi8xICA0NTg1LzMvMSAgNDU4NC80LzEgDQpmICA0Njg2LzEvMSAgNDY4Ny8yLzEgIDQ1ODYvMy8xICA0NTg1LzQvMSANCmYgIDQ2ODcvMS8xICA0Njg4LzIvMSAgNDU4Ny8zLzEgIDQ1ODYvNC8xIA0KZiAgNDY4OC8xLzEgIDQ2ODkvMi8xICA0NTg4LzMvMSAgNDU4Ny80LzEgDQpmICA0Njg5LzEvMSAgNDY5MC8yLzEgIDQ1ODkvMy8xICA0NTg4LzQvMSANCmYgIDQ2OTAvMS8xICA0NjkxLzIvMSAgNDU5MC8zLzEgIDQ1ODkvNC8xIA0KZiAgNDY5MS8xLzEgIDQ2OTIvMi8xICA0NTkxLzMvMSAgNDU5MC80LzEgDQpmICA0NjkyLzEvMSAgNDY5My8yLzEgIDQ1OTIvMy8xICA0NTkxLzQvMSANCmYgIDQ2OTMvMS8xICA0Njk0LzIvMSAgNDU5My8zLzEgIDQ1OTIvNC8xIA0KZiAgNDY5NC8xLzEgIDQ2OTUvMi8xICA0NTk0LzMvMSAgNDU5My80LzEgDQpmICA0Njk1LzEvMSAgNDY5Ni8yLzEgIDQ1OTUvMy8xICA0NTk0LzQvMSANCmYgIDQ2OTYvMS8xICA0Njk3LzIvMSAgNDU5Ni8zLzEgIDQ1OTUvNC8xIA0KZiAgNDY5Ny8xLzEgIDQ2OTgvMi8xICA0NTk3LzMvMSAgNDU5Ni80LzEgDQpmICA0Njk4LzEvMSAgNDY5OS8yLzEgIDQ1OTgvMy8xICA0NTk3LzQvMSANCmYgIDQ2OTkvMS8xICA0NzAwLzIvMSAgNDU5OS8zLzEgIDQ1OTgvNC8xIA0KZiAgNDcwMC8xLzEgIDQ3MDEvMi8xICA0NjAwLzMvMSAgNDU5OS80LzEgDQpmICA0NzAxLzEvMSAgNDcwMi8yLzEgIDQ2MDEvMy8xICA0NjAwLzQvMSANCmYgIDQ3MDIvMS8xICA0NzAzLzIvMSAgNDYwMi8zLzEgIDQ2MDEvNC8xIA0KZiAgNDcwMy8xLzEgIDQ3MDQvMi8xICA0NjAzLzMvMSAgNDYwMi80LzEgDQpmICA0NzA0LzEvMSAgNDcwNS8yLzEgIDQ2MDQvMy8xICA0NjAzLzQvMSANCmYgIDQ3MDUvMS8xICA0NzA2LzIvMSAgNDYwNS8zLzEgIDQ2MDQvNC8xIA0KZiAgNDcwNi8xLzEgIDQ3MDcvMi8xICA0NjA2LzMvMSAgNDYwNS80LzEgDQpmICA0NzA3LzEvMSAgNDcwOC8yLzEgIDQ2MDcvMy8xICA0NjA2LzQvMSANCmYgIDQ3MDgvMS8xICA0NzA5LzIvMSAgNDYwOC8zLzEgIDQ2MDcvNC8xIA0KZiAgNDcwOS8xLzEgIDQ3MTAvMi8xICA0NjA5LzMvMSAgNDYwOC80LzEgDQpmICA0NzEwLzEvMSAgNDcxMS8yLzEgIDQ2MTAvMy8xICA0NjA5LzQvMSANCmYgIDQ3MTEvMS8xICA0NzEyLzIvMSAgNDYxMS8zLzEgIDQ2MTAvNC8xIA0KZiAgNDcxMi8xLzEgIDQ3MTMvMi8xICA0NjEyLzMvMSAgNDYxMS80LzEgDQpmICA0NzEzLzEvMSAgNDcxNC8yLzEgIDQ2MTMvMy8xICA0NjEyLzQvMSANCmYgIDQ3MTQvMS8xICA0NzE1LzIvMSAgNDYxNC8zLzEgIDQ2MTMvNC8xIA0KZiAgNDcxNS8xLzEgIDQ3MTYvMi8xICA0NjE1LzMvMSAgNDYxNC80LzEgDQpmICA0NzE2LzEvMSAgNDcxNy8yLzEgIDQ2MTYvMy8xICA0NjE1LzQvMSANCmYgIDQ3MTcvMS8xICA0NzE4LzIvMSAgNDYxNy8zLzEgIDQ2MTYvNC8xIA0KZiAgNDcxOC8xLzEgIDQ3MTkvMi8xICA0NjE4LzMvMSAgNDYxNy80LzEgDQpmICA0NzE5LzEvMSAgNDcyMC8yLzEgIDQ2MTkvMy8xICA0NjE4LzQvMSANCmYgIDQ3MjAvMS8xICA0NzIxLzIvMSAgNDYyMC8zLzEgIDQ2MTkvNC8xIA0KZiAgNDcyMS8xLzEgIDQ3MjIvMi8xICA0NjIxLzMvMSAgNDYyMC80LzEgDQpmICA0NzIyLzEvMSAgNDcyMy8yLzEgIDQ2MjIvMy8xICA0NjIxLzQvMSANCmYgIDQ3MjMvMS8xICA0NzI0LzIvMSAgNDYyMy8zLzEgIDQ2MjIvNC8xIA0KZiAgNDcyNC8xLzEgIDQ3MjUvMi8xICA0NjI0LzMvMSAgNDYyMy80LzEgDQpmICA0NzI1LzEvMSAgNDcyNi8yLzEgIDQ2MjUvMy8xICA0NjI0LzQvMSANCmYgIDQ3MjYvMS8xICA0NzI3LzIvMSAgNDYyNi8zLzEgIDQ2MjUvNC8xIA0KZiAgNDcyNy8xLzEgIDQ3MjgvMi8xICA0NjI3LzMvMSAgNDYyNi80LzEgDQpmICA0NzI4LzEvMSAgNDcyOS8yLzEgIDQ2MjgvMy8xICA0NjI3LzQvMSANCmYgIDQ3MjkvMS8xICA0NzMwLzIvMSAgNDYyOS8zLzEgIDQ2MjgvNC8xIA0KZiAgNDczMC8xLzEgIDQ3MzEvMi8xICA0NjMwLzMvMSAgNDYyOS80LzEgDQpmICA0NzMxLzEvMSAgNDczMi8yLzEgIDQ2MzEvMy8xICA0NjMwLzQvMSANCmYgIDQ3MzIvMS8xICA0NzMzLzIvMSAgNDYzMi8zLzEgIDQ2MzEvNC8xIA0KZiAgNDczMy8xLzEgIDQ3MzQvMi8xICA0NjMzLzMvMSAgNDYzMi80LzEgDQpmICA0NzM0LzEvMSAgNDczNS8yLzEgIDQ2MzQvMy8xICA0NjMzLzQvMSANCmYgIDQ3MzUvMS8xICA0NzM2LzIvMSAgNDYzNS8zLzEgIDQ2MzQvNC8xIA0KZiAgNDczNi8xLzEgIDQ3MzcvMi8xICA0NjM2LzMvMSAgNDYzNS80LzEgDQpmICA0NzM3LzEvMSAgNDczOC8yLzEgIDQ2MzcvMy8xICA0NjM2LzQvMSANCmYgIDQ3MzgvMS8xICA0NzM5LzIvMSAgNDYzOC8zLzEgIDQ2MzcvNC8xIA0KZiAgNDczOS8xLzEgIDQ3NDAvMi8xICA0NjM5LzMvMSAgNDYzOC80LzEgDQpmICA0NzQwLzEvMSAgNDc0MS8yLzEgIDQ2NDAvMy8xICA0NjM5LzQvMSANCmYgIDQ3NDEvMS8xICA0NzQyLzIvMSAgNDY0MS8zLzEgIDQ2NDAvNC8xIA0KZiAgNDc0Mi8xLzEgIDQ3NDMvMi8xICA0NjQyLzMvMSAgNDY0MS80LzEgDQpmICA0NzQzLzEvMSAgNDc0NC8yLzEgIDQ2NDMvMy8xICA0NjQyLzQvMSANCmYgIDQ3NDQvMS8xICA0NzQ1LzIvMSAgNDY0NC8zLzEgIDQ2NDMvNC8xIA0KZiAgNDc0NS8xLzEgIDQ3NDYvMi8xICA0NjQ1LzMvMSAgNDY0NC80LzEgDQpmICA0NzQ2LzEvMSAgNDc0Ny8yLzEgIDQ2NDYvMy8xICA0NjQ1LzQvMSANCmYgIDQ3NDgvMS8xICA0NzQ5LzIvMSAgNDY0OC8zLzEgIDQ2NDcvNC8xIA0KZiAgNDc0OS8xLzEgIDQ3NTAvMi8xICA0NjQ5LzMvMSAgNDY0OC80LzEgDQpmICA0NzUwLzEvMSAgNDc1MS8yLzEgIDQ2NTAvMy8xICA0NjQ5LzQvMSANCmYgIDQ3NTEvMS8xICA0NzUyLzIvMSAgNDY1MS8zLzEgIDQ2NTAvNC8xIA0KZiAgNDc1Mi8xLzEgIDQ3NTMvMi8xICA0NjUyLzMvMSAgNDY1MS80LzEgDQpmICA0NzUzLzEvMSAgNDc1NC8yLzEgIDQ2NTMvMy8xICA0NjUyLzQvMSANCmYgIDQ3NTQvMS8xICA0NzU1LzIvMSAgNDY1NC8zLzEgIDQ2NTMvNC8xIA0KZiAgNDc1NS8xLzEgIDQ3NTYvMi8xICA0NjU1LzMvMSAgNDY1NC80LzEgDQpmICA0NzU2LzEvMSAgNDc1Ny8yLzEgIDQ2NTYvMy8xICA0NjU1LzQvMSANCmYgIDQ3NTcvMS8xICA0NzU4LzIvMSAgNDY1Ny8zLzEgIDQ2NTYvNC8xIA0KZiAgNDc1OC8xLzEgIDQ3NTkvMi8xICA0NjU4LzMvMSAgNDY1Ny80LzEgDQpmICA0NzU5LzEvMSAgNDc2MC8yLzEgIDQ2NTkvMy8xICA0NjU4LzQvMSANCmYgIDQ3NjAvMS8xICA0NzYxLzIvMSAgNDY2MC8zLzEgIDQ2NTkvNC8xIA0KZiAgNDc2MS8xLzEgIDQ3NjIvMi8xICA0NjYxLzMvMSAgNDY2MC80LzEgDQpmICA0NzYyLzEvMSAgNDc2My8yLzEgIDQ2NjIvMy8xICA0NjYxLzQvMSANCmYgIDQ3NjMvMS8xICA0NzY0LzIvMSAgNDY2My8zLzEgIDQ2NjIvNC8xIA0KZiAgNDc2NC8xLzEgIDQ3NjUvMi8xICA0NjY0LzMvMSAgNDY2My80LzEgDQpmICA0NzY1LzEvMSAgNDc2Ni8yLzEgIDQ2NjUvMy8xICA0NjY0LzQvMSANCmYgIDQ3NjYvMS8xICA0NzY3LzIvMSAgNDY2Ni8zLzEgIDQ2NjUvNC8xIA0KZiAgNDc2Ny8xNy8xICA0NzY4LzE4LzEgIDQ2NjcvMTkvMSAgNDY2Ni8yMC8xIA0KZiAgNDc2OC8yMS8xICA0NzY5LzIyLzEgIDQ2NjgvMjMvMSAgNDY2Ny8yNC8xIA0KZiAgNDc2OS8yMS8xICA0NzcwLzIyLzEgIDQ2NjkvMjMvMSAgNDY2OC8yNC8xIA0KZiAgNDc3MC8yMS8xICA0NzcxLzIyLzEgIDQ2NzAvMjMvMSAgNDY2OS8yNC8xIA0KZiAgNDc3MS8yMS8xICA0NzcyLzIyLzEgIDQ2NzEvMjMvMSAgNDY3MC8yNC8xIA0KZiAgNDc3Mi8yMS8xICA0NzczLzIyLzEgIDQ2NzIvMjMvMSAgNDY3MS8yNC8xIA0KZiAgNDc3My81My8xICA0Nzc0LzU0LzEgIDQ2NzMvNTUvMSAgNDY3Mi81Ni8xIA0KZiAgNDc3NC82OS8xICA0Nzc1LzcwLzEgIDQ2NzQvNzEvMSAgNDY3My83Mi8xIA0KZiAgNDc3NS8yMS8xICA0Nzc2LzIyLzEgIDQ2NzUvMjMvMSAgNDY3NC8yNC8xIA0KZiAgNDc3Ni8yNS8xICA0Nzc3LzI2LzEgIDQ2NzYvMjcvMSAgNDY3NS8yOC8xIA0KZiAgNDc3Ny8xLzEgIDQ3NzgvMi8xICA0Njc3LzMvMSAgNDY3Ni80LzEgDQpmICA0Nzc4LzEvMSAgNDc3OS8yLzEgIDQ2NzgvMy8xICA0Njc3LzQvMSANCmYgIDQ3NzkvMS8xICA0NzgwLzIvMSAgNDY3OS8zLzEgIDQ2NzgvNC8xIA0KZiAgNDc4MC8xLzEgIDQ3ODEvMi8xICA0NjgwLzMvMSAgNDY3OS80LzEgDQpmICA0NzgxLzEvMSAgNDc4Mi8yLzEgIDQ2ODEvMy8xICA0NjgwLzQvMSANCmYgIDQ3ODIvMS8xICA0NzgzLzIvMSAgNDY4Mi8zLzEgIDQ2ODEvNC8xIA0KZiAgNDc4My8xLzEgIDQ3ODQvMi8xICA0NjgzLzMvMSAgNDY4Mi80LzEgDQpmICA0Nzg0LzEvMSAgNDc4NS8yLzEgIDQ2ODQvMy8xICA0NjgzLzQvMSANCmYgIDQ3ODUvMS8xICA0Nzg2LzIvMSAgNDY4NS8zLzEgIDQ2ODQvNC8xIA0KZiAgNDc4Ni8xLzEgIDQ3ODcvMi8xICA0Njg2LzMvMSAgNDY4NS80LzEgDQpmICA0Nzg3LzEvMSAgNDc4OC8yLzEgIDQ2ODcvMy8xICA0Njg2LzQvMSANCmYgIDQ3ODgvMS8xICA0Nzg5LzIvMSAgNDY4OC8zLzEgIDQ2ODcvNC8xIA0KZiAgNDc4OS8xLzEgIDQ3OTAvMi8xICA0Njg5LzMvMSAgNDY4OC80LzEgDQpmICA0NzkwLzEvMSAgNDc5MS8yLzEgIDQ2OTAvMy8xICA0Njg5LzQvMSANCmYgIDQ3OTEvMS8xICA0NzkyLzIvMSAgNDY5MS8zLzEgIDQ2OTAvNC8xIA0KZiAgNDc5Mi8xLzEgIDQ3OTMvMi8xICA0NjkyLzMvMSAgNDY5MS80LzEgDQpmICA0NzkzLzEvMSAgNDc5NC8yLzEgIDQ2OTMvMy8xICA0NjkyLzQvMSANCmYgIDQ3OTQvMS8xICA0Nzk1LzIvMSAgNDY5NC8zLzEgIDQ2OTMvNC8xIA0KZiAgNDc5NS8xLzEgIDQ3OTYvMi8xICA0Njk1LzMvMSAgNDY5NC80LzEgDQpmICA0Nzk2LzEvMSAgNDc5Ny8yLzEgIDQ2OTYvMy8xICA0Njk1LzQvMSANCmYgIDQ3OTcvMS8xICA0Nzk4LzIvMSAgNDY5Ny8zLzEgIDQ2OTYvNC8xIA0KZiAgNDc5OC8xLzEgIDQ3OTkvMi8xICA0Njk4LzMvMSAgNDY5Ny80LzEgDQpmICA0Nzk5LzEvMSAgNDgwMC8yLzEgIDQ2OTkvMy8xICA0Njk4LzQvMSANCmYgIDQ4MDAvMS8xICA0ODAxLzIvMSAgNDcwMC8zLzEgIDQ2OTkvNC8xIA0KZiAgNDgwMS8xLzEgIDQ4MDIvMi8xICA0NzAxLzMvMSAgNDcwMC80LzEgDQpmICA0ODAyLzEvMSAgNDgwMy8yLzEgIDQ3MDIvMy8xICA0NzAxLzQvMSANCmYgIDQ4MDMvMS8xICA0ODA0LzIvMSAgNDcwMy8zLzEgIDQ3MDIvNC8xIA0KZiAgNDgwNC8xLzEgIDQ4MDUvMi8xICA0NzA0LzMvMSAgNDcwMy80LzEgDQpmICA0ODA1LzEvMSAgNDgwNi8yLzEgIDQ3MDUvMy8xICA0NzA0LzQvMSANCmYgIDQ4MDYvMS8xICA0ODA3LzIvMSAgNDcwNi8zLzEgIDQ3MDUvNC8xIA0KZiAgNDgwNy8xLzEgIDQ4MDgvMi8xICA0NzA3LzMvMSAgNDcwNi80LzEgDQpmICA0ODA4LzEvMSAgNDgwOS8yLzEgIDQ3MDgvMy8xICA0NzA3LzQvMSANCmYgIDQ4MDkvMS8xICA0ODEwLzIvMSAgNDcwOS8zLzEgIDQ3MDgvNC8xIA0KZiAgNDgxMC8xLzEgIDQ4MTEvMi8xICA0NzEwLzMvMSAgNDcwOS80LzEgDQpmICA0ODExLzEvMSAgNDgxMi8yLzEgIDQ3MTEvMy8xICA0NzEwLzQvMSANCmYgIDQ4MTIvMS8xICA0ODEzLzIvMSAgNDcxMi8zLzEgIDQ3MTEvNC8xIA0KZiAgNDgxMy8xLzEgIDQ4MTQvMi8xICA0NzEzLzMvMSAgNDcxMi80LzEgDQpmICA0ODE0LzEvMSAgNDgxNS8yLzEgIDQ3MTQvMy8xICA0NzEzLzQvMSANCmYgIDQ4MTUvMS8xICA0ODE2LzIvMSAgNDcxNS8zLzEgIDQ3MTQvNC8xIA0KZiAgNDgxNi8xLzEgIDQ4MTcvMi8xICA0NzE2LzMvMSAgNDcxNS80LzEgDQpmICA0ODE3LzEvMSAgNDgxOC8yLzEgIDQ3MTcvMy8xICA0NzE2LzQvMSANCmYgIDQ4MTgvMS8xICA0ODE5LzIvMSAgNDcxOC8zLzEgIDQ3MTcvNC8xIA0KZiAgNDgxOS8xLzEgIDQ4MjAvMi8xICA0NzE5LzMvMSAgNDcxOC80LzEgDQpmICA0ODIwLzEvMSAgNDgyMS8yLzEgIDQ3MjAvMy8xICA0NzE5LzQvMSANCmYgIDQ4MjEvMS8xICA0ODIyLzIvMSAgNDcyMS8zLzEgIDQ3MjAvNC8xIA0KZiAgNDgyMi8xLzEgIDQ4MjMvMi8xICA0NzIyLzMvMSAgNDcyMS80LzEgDQpmICA0ODIzLzEvMSAgNDgyNC8yLzEgIDQ3MjMvMy8xICA0NzIyLzQvMSANCmYgIDQ4MjQvMS8xICA0ODI1LzIvMSAgNDcyNC8zLzEgIDQ3MjMvNC8xIA0KZiAgNDgyNS8xLzEgIDQ4MjYvMi8xICA0NzI1LzMvMSAgNDcyNC80LzEgDQpmICA0ODI2LzEvMSAgNDgyNy8yLzEgIDQ3MjYvMy8xICA0NzI1LzQvMSANCmYgIDQ4MjcvMS8xICA0ODI4LzIvMSAgNDcyNy8zLzEgIDQ3MjYvNC8xIA0KZiAgNDgyOC8xLzEgIDQ4MjkvMi8xICA0NzI4LzMvMSAgNDcyNy80LzEgDQpmICA0ODI5LzEvMSAgNDgzMC8yLzEgIDQ3MjkvMy8xICA0NzI4LzQvMSANCmYgIDQ4MzAvMS8xICA0ODMxLzIvMSAgNDczMC8zLzEgIDQ3MjkvNC8xIA0KZiAgNDgzMS8xLzEgIDQ4MzIvMi8xICA0NzMxLzMvMSAgNDczMC80LzEgDQpmICA0ODMyLzEvMSAgNDgzMy8yLzEgIDQ3MzIvMy8xICA0NzMxLzQvMSANCmYgIDQ4MzMvMS8xICA0ODM0LzIvMSAgNDczMy8zLzEgIDQ3MzIvNC8xIA0KZiAgNDgzNC8xLzEgIDQ4MzUvMi8xICA0NzM0LzMvMSAgNDczMy80LzEgDQpmICA0ODM1LzEvMSAgNDgzNi8yLzEgIDQ3MzUvMy8xICA0NzM0LzQvMSANCmYgIDQ4MzYvMS8xICA0ODM3LzIvMSAgNDczNi8zLzEgIDQ3MzUvNC8xIA0KZiAgNDgzNy8xLzEgIDQ4MzgvMi8xICA0NzM3LzMvMSAgNDczNi80LzEgDQpmICA0ODM4LzEvMSAgNDgzOS8yLzEgIDQ3MzgvMy8xICA0NzM3LzQvMSANCmYgIDQ4MzkvMS8xICA0ODQwLzIvMSAgNDczOS8zLzEgIDQ3MzgvNC8xIA0KZiAgNDg0MC8xLzEgIDQ4NDEvMi8xICA0NzQwLzMvMSAgNDczOS80LzEgDQpmICA0ODQxLzEvMSAgNDg0Mi8yLzEgIDQ3NDEvMy8xICA0NzQwLzQvMSANCmYgIDQ4NDIvMS8xICA0ODQzLzIvMSAgNDc0Mi8zLzEgIDQ3NDEvNC8xIA0KZiAgNDg0My8xLzEgIDQ4NDQvMi8xICA0NzQzLzMvMSAgNDc0Mi80LzEgDQpmICA0ODQ0LzEvMSAgNDg0NS8yLzEgIDQ3NDQvMy8xICA0NzQzLzQvMSANCmYgIDQ4NDUvMS8xICA0ODQ2LzIvMSAgNDc0NS8zLzEgIDQ3NDQvNC8xIA0KZiAgNDg0Ni8xLzEgIDQ4NDcvMi8xICA0NzQ2LzMvMSAgNDc0NS80LzEgDQpmICA0ODQ3LzEvMSAgNDg0OC8yLzEgIDQ3NDcvMy8xICA0NzQ2LzQvMSANCmYgIDQ4NDkvMS8xICA0ODUwLzIvMSAgNDc0OS8zLzEgIDQ3NDgvNC8xIA0KZiAgNDg1MC8xLzEgIDQ4NTEvMi8xICA0NzUwLzMvMSAgNDc0OS80LzEgDQpmICA0ODUxLzEvMSAgNDg1Mi8yLzEgIDQ3NTEvMy8xICA0NzUwLzQvMSANCmYgIDQ4NTIvMS8xICA0ODUzLzIvMSAgNDc1Mi8zLzEgIDQ3NTEvNC8xIA0KZiAgNDg1My8xLzEgIDQ4NTQvMi8xICA0NzUzLzMvMSAgNDc1Mi80LzEgDQpmICA0ODU0LzEvMSAgNDg1NS8yLzEgIDQ3NTQvMy8xICA0NzUzLzQvMSANCmYgIDQ4NTUvMS8xICA0ODU2LzIvMSAgNDc1NS8zLzEgIDQ3NTQvNC8xIA0KZiAgNDg1Ni8xLzEgIDQ4NTcvMi8xICA0NzU2LzMvMSAgNDc1NS80LzEgDQpmICA0ODU3LzEvMSAgNDg1OC8yLzEgIDQ3NTcvMy8xICA0NzU2LzQvMSANCmYgIDQ4NTgvMS8xICA0ODU5LzIvMSAgNDc1OC8zLzEgIDQ3NTcvNC8xIA0KZiAgNDg1OS8xLzEgIDQ4NjAvMi8xICA0NzU5LzMvMSAgNDc1OC80LzEgDQpmICA0ODYwLzEvMSAgNDg2MS8yLzEgIDQ3NjAvMy8xICA0NzU5LzQvMSANCmYgIDQ4NjEvMS8xICA0ODYyLzIvMSAgNDc2MS8zLzEgIDQ3NjAvNC8xIA0KZiAgNDg2Mi8xLzEgIDQ4NjMvMi8xICA0NzYyLzMvMSAgNDc2MS80LzEgDQpmICA0ODYzLzEvMSAgNDg2NC8yLzEgIDQ3NjMvMy8xICA0NzYyLzQvMSANCmYgIDQ4NjQvMS8xICA0ODY1LzIvMSAgNDc2NC8zLzEgIDQ3NjMvNC8xIA0KZiAgNDg2NS8xLzEgIDQ4NjYvMi8xICA0NzY1LzMvMSAgNDc2NC80LzEgDQpmICA0ODY2LzEvMSAgNDg2Ny8yLzEgIDQ3NjYvMy8xICA0NzY1LzQvMSANCmYgIDQ4NjcvMS8xICA0ODY4LzIvMSAgNDc2Ny8zLzEgIDQ3NjYvNC8xIA0KZiAgNDg2OC8xNy8xICA0ODY5LzE4LzEgIDQ3NjgvMTkvMSAgNDc2Ny8yMC8xIA0KZiAgNDg2OS8yMS8xICA0ODcwLzIyLzEgIDQ3NjkvMjMvMSAgNDc2OC8yNC8xIA0KZiAgNDg3MC8yMS8xICA0ODcxLzIyLzEgIDQ3NzAvMjMvMSAgNDc2OS8yNC8xIA0KZiAgNDg3MS8yMS8xICA0ODcyLzIyLzEgIDQ3NzEvMjMvMSAgNDc3MC8yNC8xIA0KZiAgNDg3Mi8yMS8xICA0ODczLzIyLzEgIDQ3NzIvMjMvMSAgNDc3MS8yNC8xIA0KZiAgNDg3My8yMS8xICA0ODc0LzIyLzEgIDQ3NzMvMjMvMSAgNDc3Mi8yNC8xIA0KZiAgNDg3NC81My8xICA0ODc1LzU0LzEgIDQ3NzQvNTUvMSAgNDc3My81Ni8xIA0KZiAgNDg3NS82OS8xICA0ODc2LzcwLzEgIDQ3NzUvNzEvMSAgNDc3NC83Mi8xIA0KZiAgNDg3Ni8yMS8xICA0ODc3LzIyLzEgIDQ3NzYvMjMvMSAgNDc3NS8yNC8xIA0KZiAgNDg3Ny8yNS8xICA0ODc4LzI2LzEgIDQ3NzcvMjcvMSAgNDc3Ni8yOC8xIA0KZiAgNDg3OC8xLzEgIDQ4NzkvMi8xICA0Nzc4LzMvMSAgNDc3Ny80LzEgDQpmICA0ODc5LzEvMSAgNDg4MC8yLzEgIDQ3NzkvMy8xICA0Nzc4LzQvMSANCmYgIDQ4ODAvMS8xICA0ODgxLzIvMSAgNDc4MC8zLzEgIDQ3NzkvNC8xIA0KZiAgNDg4MS8xLzEgIDQ4ODIvMi8xICA0NzgxLzMvMSAgNDc4MC80LzEgDQpmICA0ODgyLzEvMSAgNDg4My8yLzEgIDQ3ODIvMy8xICA0NzgxLzQvMSANCmYgIDQ4ODMvMS8xICA0ODg0LzIvMSAgNDc4My8zLzEgIDQ3ODIvNC8xIA0KZiAgNDg4NC8xLzEgIDQ4ODUvMi8xICA0Nzg0LzMvMSAgNDc4My80LzEgDQpmICA0ODg1LzEvMSAgNDg4Ni8yLzEgIDQ3ODUvMy8xICA0Nzg0LzQvMSANCmYgIDQ4ODYvMS8xICA0ODg3LzIvMSAgNDc4Ni8zLzEgIDQ3ODUvNC8xIA0KZiAgNDg4Ny8xLzEgIDQ4ODgvMi8xICA0Nzg3LzMvMSAgNDc4Ni80LzEgDQpmICA0ODg4LzEvMSAgNDg4OS8yLzEgIDQ3ODgvMy8xICA0Nzg3LzQvMSANCmYgIDQ4ODkvMS8xICA0ODkwLzIvMSAgNDc4OS8zLzEgIDQ3ODgvNC8xIA0KZiAgNDg5MC8xLzEgIDQ4OTEvMi8xICA0NzkwLzMvMSAgNDc4OS80LzEgDQpmICA0ODkxLzEvMSAgNDg5Mi8yLzEgIDQ3OTEvMy8xICA0NzkwLzQvMSANCmYgIDQ4OTIvMS8xICA0ODkzLzIvMSAgNDc5Mi8zLzEgIDQ3OTEvNC8xIA0KZiAgNDg5My8xLzEgIDQ4OTQvMi8xICA0NzkzLzMvMSAgNDc5Mi80LzEgDQpmICA0ODk0LzEvMSAgNDg5NS8yLzEgIDQ3OTQvMy8xICA0NzkzLzQvMSANCmYgIDQ4OTUvMS8xICA0ODk2LzIvMSAgNDc5NS8zLzEgIDQ3OTQvNC8xIA0KZiAgNDg5Ni8xLzEgIDQ4OTcvMi8xICA0Nzk2LzMvMSAgNDc5NS80LzEgDQpmICA0ODk3LzEvMSAgNDg5OC8yLzEgIDQ3OTcvMy8xICA0Nzk2LzQvMSANCmYgIDQ4OTgvMS8xICA0ODk5LzIvMSAgNDc5OC8zLzEgIDQ3OTcvNC8xIA0KZiAgNDg5OS8xLzEgIDQ5MDAvMi8xICA0Nzk5LzMvMSAgNDc5OC80LzEgDQpmICA0OTAwLzEvMSAgNDkwMS8yLzEgIDQ4MDAvMy8xICA0Nzk5LzQvMSANCmYgIDQ5MDEvMS8xICA0OTAyLzIvMSAgNDgwMS8zLzEgIDQ4MDAvNC8xIA0KZiAgNDkwMi8xLzEgIDQ5MDMvMi8xICA0ODAyLzMvMSAgNDgwMS80LzEgDQpmICA0OTAzLzEvMSAgNDkwNC8yLzEgIDQ4MDMvMy8xICA0ODAyLzQvMSANCmYgIDQ5MDQvMS8xICA0OTA1LzIvMSAgNDgwNC8zLzEgIDQ4MDMvNC8xIA0KZiAgNDkwNS8xLzEgIDQ5MDYvMi8xICA0ODA1LzMvMSAgNDgwNC80LzEgDQpmICA0OTA2LzEvMSAgNDkwNy8yLzEgIDQ4MDYvMy8xICA0ODA1LzQvMSANCmYgIDQ5MDcvMS8xICA0OTA4LzIvMSAgNDgwNy8zLzEgIDQ4MDYvNC8xIA0KZiAgNDkwOC8xLzEgIDQ5MDkvMi8xICA0ODA4LzMvMSAgNDgwNy80LzEgDQpmICA0OTA5LzEvMSAgNDkxMC8yLzEgIDQ4MDkvMy8xICA0ODA4LzQvMSANCmYgIDQ5MTAvMS8xICA0OTExLzIvMSAgNDgxMC8zLzEgIDQ4MDkvNC8xIA0KZiAgNDkxMS8xLzEgIDQ5MTIvMi8xICA0ODExLzMvMSAgNDgxMC80LzEgDQpmICA0OTEyLzEvMSAgNDkxMy8yLzEgIDQ4MTIvMy8xICA0ODExLzQvMSANCmYgIDQ5MTMvMS8xICA0OTE0LzIvMSAgNDgxMy8zLzEgIDQ4MTIvNC8xIA0KZiAgNDkxNC8xLzEgIDQ5MTUvMi8xICA0ODE0LzMvMSAgNDgxMy80LzEgDQpmICA0OTE1LzEvMSAgNDkxNi8yLzEgIDQ4MTUvMy8xICA0ODE0LzQvMSANCmYgIDQ5MTYvMS8xICA0OTE3LzIvMSAgNDgxNi8zLzEgIDQ4MTUvNC8xIA0KZiAgNDkxNy8xLzEgIDQ5MTgvMi8xICA0ODE3LzMvMSAgNDgxNi80LzEgDQpmICA0OTE4LzEvMSAgNDkxOS8yLzEgIDQ4MTgvMy8xICA0ODE3LzQvMSANCmYgIDQ5MTkvMS8xICA0OTIwLzIvMSAgNDgxOS8zLzEgIDQ4MTgvNC8xIA0KZiAgNDkyMC8xLzEgIDQ5MjEvMi8xICA0ODIwLzMvMSAgNDgxOS80LzEgDQpmICA0OTIxLzEvMSAgNDkyMi8yLzEgIDQ4MjEvMy8xICA0ODIwLzQvMSANCmYgIDQ5MjIvMS8xICA0OTIzLzIvMSAgNDgyMi8zLzEgIDQ4MjEvNC8xIA0KZiAgNDkyMy8xLzEgIDQ5MjQvMi8xICA0ODIzLzMvMSAgNDgyMi80LzEgDQpmICA0OTI0LzEvMSAgNDkyNS8yLzEgIDQ4MjQvMy8xICA0ODIzLzQvMSANCmYgIDQ5MjUvMS8xICA0OTI2LzIvMSAgNDgyNS8zLzEgIDQ4MjQvNC8xIA0KZiAgNDkyNi8xLzEgIDQ5MjcvMi8xICA0ODI2LzMvMSAgNDgyNS80LzEgDQpmICA0OTI3LzEvMSAgNDkyOC8yLzEgIDQ4MjcvMy8xICA0ODI2LzQvMSANCmYgIDQ5MjgvMS8xICA0OTI5LzIvMSAgNDgyOC8zLzEgIDQ4MjcvNC8xIA0KZiAgNDkyOS8xLzEgIDQ5MzAvMi8xICA0ODI5LzMvMSAgNDgyOC80LzEgDQpmICA0OTMwLzEvMSAgNDkzMS8yLzEgIDQ4MzAvMy8xICA0ODI5LzQvMSANCmYgIDQ5MzEvMS8xICA0OTMyLzIvMSAgNDgzMS8zLzEgIDQ4MzAvNC8xIA0KZiAgNDkzMi8xLzEgIDQ5MzMvMi8xICA0ODMyLzMvMSAgNDgzMS80LzEgDQpmICA0OTMzLzEvMSAgNDkzNC8yLzEgIDQ4MzMvMy8xICA0ODMyLzQvMSANCmYgIDQ5MzQvMS8xICA0OTM1LzIvMSAgNDgzNC8zLzEgIDQ4MzMvNC8xIA0KZiAgNDkzNS8xLzEgIDQ5MzYvMi8xICA0ODM1LzMvMSAgNDgzNC80LzEgDQpmICA0OTM2LzEvMSAgNDkzNy8yLzEgIDQ4MzYvMy8xICA0ODM1LzQvMSANCmYgIDQ5MzcvMS8xICA0OTM4LzIvMSAgNDgzNy8zLzEgIDQ4MzYvNC8xIA0KZiAgNDkzOC8xLzEgIDQ5MzkvMi8xICA0ODM4LzMvMSAgNDgzNy80LzEgDQpmICA0OTM5LzEvMSAgNDk0MC8yLzEgIDQ4MzkvMy8xICA0ODM4LzQvMSANCmYgIDQ5NDAvMS8xICA0OTQxLzIvMSAgNDg0MC8zLzEgIDQ4MzkvNC8xIA0KZiAgNDk0MS8xLzEgIDQ5NDIvMi8xICA0ODQxLzMvMSAgNDg0MC80LzEgDQpmICA0OTQyLzEvMSAgNDk0My8yLzEgIDQ4NDIvMy8xICA0ODQxLzQvMSANCmYgIDQ5NDMvMS8xICA0OTQ0LzIvMSAgNDg0My8zLzEgIDQ4NDIvNC8xIA0KZiAgNDk0NC8xLzEgIDQ5NDUvMi8xICA0ODQ0LzMvMSAgNDg0My80LzEgDQpmICA0OTQ1LzEvMSAgNDk0Ni8yLzEgIDQ4NDUvMy8xICA0ODQ0LzQvMSANCmYgIDQ5NDYvMS8xICA0OTQ3LzIvMSAgNDg0Ni8zLzEgIDQ4NDUvNC8xIA0KZiAgNDk0Ny8xLzEgIDQ5NDgvMi8xICA0ODQ3LzMvMSAgNDg0Ni80LzEgDQpmICA0OTQ4LzEvMSAgNDk0OS8yLzEgIDQ4NDgvMy8xICA0ODQ3LzQvMSANCmYgIDQ5NTAvMS8xICA0OTUxLzIvMSAgNDg1MC8zLzEgIDQ4NDkvNC8xIA0KZiAgNDk1MS8xLzEgIDQ5NTIvMi8xICA0ODUxLzMvMSAgNDg1MC80LzEgDQpmICA0OTUyLzEvMSAgNDk1My8yLzEgIDQ4NTIvMy8xICA0ODUxLzQvMSANCmYgIDQ5NTMvMS8xICA0OTU0LzIvMSAgNDg1My8zLzEgIDQ4NTIvNC8xIA0KZiAgNDk1NC8xLzEgIDQ5NTUvMi8xICA0ODU0LzMvMSAgNDg1My80LzEgDQpmICA0OTU1LzEvMSAgNDk1Ni8yLzEgIDQ4NTUvMy8xICA0ODU0LzQvMSANCmYgIDQ5NTYvMS8xICA0OTU3LzIvMSAgNDg1Ni8zLzEgIDQ4NTUvNC8xIA0KZiAgNDk1Ny8xLzEgIDQ5NTgvMi8xICA0ODU3LzMvMSAgNDg1Ni80LzEgDQpmICA0OTU4LzEvMSAgNDk1OS8yLzEgIDQ4NTgvMy8xICA0ODU3LzQvMSANCmYgIDQ5NTkvMS8xICA0OTYwLzIvMSAgNDg1OS8zLzEgIDQ4NTgvNC8xIA0KZiAgNDk2MC8xLzEgIDQ5NjEvMi8xICA0ODYwLzMvMSAgNDg1OS80LzEgDQpmICA0OTYxLzEvMSAgNDk2Mi8yLzEgIDQ4NjEvMy8xICA0ODYwLzQvMSANCmYgIDQ5NjIvMS8xICA0OTYzLzIvMSAgNDg2Mi8zLzEgIDQ4NjEvNC8xIA0KZiAgNDk2My8xLzEgIDQ5NjQvMi8xICA0ODYzLzMvMSAgNDg2Mi80LzEgDQpmICA0OTY0LzEvMSAgNDk2NS8yLzEgIDQ4NjQvMy8xICA0ODYzLzQvMSANCmYgIDQ5NjUvMS8xICA0OTY2LzIvMSAgNDg2NS8zLzEgIDQ4NjQvNC8xIA0KZiAgNDk2Ni8xLzEgIDQ5NjcvMi8xICA0ODY2LzMvMSAgNDg2NS80LzEgDQpmICA0OTY3LzEvMSAgNDk2OC8yLzEgIDQ4NjcvMy8xICA0ODY2LzQvMSANCmYgIDQ5NjgvMS8xICA0OTY5LzIvMSAgNDg2OC8zLzEgIDQ4NjcvNC8xIA0KZiAgNDk2OS8xNy8xICA0OTcwLzE4LzEgIDQ4NjkvMTkvMSAgNDg2OC8yMC8xIA0KZiAgNDk3MC8yMS8xICA0OTcxLzIyLzEgIDQ4NzAvMjMvMSAgNDg2OS8yNC8xIA0KZiAgNDk3MS8yMS8xICA0OTcyLzIyLzEgIDQ4NzEvMjMvMSAgNDg3MC8yNC8xIA0KZiAgNDk3Mi8yMS8xICA0OTczLzIyLzEgIDQ4NzIvMjMvMSAgNDg3MS8yNC8xIA0KZiAgNDk3My8yMS8xICA0OTc0LzIyLzEgIDQ4NzMvMjMvMSAgNDg3Mi8yNC8xIA0KZiAgNDk3NC8yMS8xICA0OTc1LzIyLzEgIDQ4NzQvMjMvMSAgNDg3My8yNC8xIA0KZiAgNDk3NS81My8xICA0OTc2LzU0LzEgIDQ4NzUvNTUvMSAgNDg3NC81Ni8xIA0KZiAgNDk3Ni82OS8xICA0OTc3LzcwLzEgIDQ4NzYvNzEvMSAgNDg3NS83Mi8xIA0KZiAgNDk3Ny8yMS8xICA0OTc4LzIyLzEgIDQ4NzcvMjMvMSAgNDg3Ni8yNC8xIA0KZiAgNDk3OC8yNS8xICA0OTc5LzI2LzEgIDQ4NzgvMjcvMSAgNDg3Ny8yOC8xIA0KZiAgNDk3OS8xLzEgIDQ5ODAvMi8xICA0ODc5LzMvMSAgNDg3OC80LzEgDQpmICA0OTgwLzEvMSAgNDk4MS8yLzEgIDQ4ODAvMy8xICA0ODc5LzQvMSANCmYgIDQ5ODEvMS8xICA0OTgyLzIvMSAgNDg4MS8zLzEgIDQ4ODAvNC8xIA0KZiAgNDk4Mi8xLzEgIDQ5ODMvMi8xICA0ODgyLzMvMSAgNDg4MS80LzEgDQpmICA0OTgzLzEvMSAgNDk4NC8yLzEgIDQ4ODMvMy8xICA0ODgyLzQvMSANCmYgIDQ5ODQvMS8xICA0OTg1LzIvMSAgNDg4NC8zLzEgIDQ4ODMvNC8xIA0KZiAgNDk4NS8xLzEgIDQ5ODYvMi8xICA0ODg1LzMvMSAgNDg4NC80LzEgDQpmICA0OTg2LzEvMSAgNDk4Ny8yLzEgIDQ4ODYvMy8xICA0ODg1LzQvMSANCmYgIDQ5ODcvMS8xICA0OTg4LzIvMSAgNDg4Ny8zLzEgIDQ4ODYvNC8xIA0KZiAgNDk4OC8xLzEgIDQ5ODkvMi8xICA0ODg4LzMvMSAgNDg4Ny80LzEgDQpmICA0OTg5LzEvMSAgNDk5MC8yLzEgIDQ4ODkvMy8xICA0ODg4LzQvMSANCmYgIDQ5OTAvMS8xICA0OTkxLzIvMSAgNDg5MC8zLzEgIDQ4ODkvNC8xIA0KZiAgNDk5MS8xLzEgIDQ5OTIvMi8xICA0ODkxLzMvMSAgNDg5MC80LzEgDQpmICA0OTkyLzEvMSAgNDk5My8yLzEgIDQ4OTIvMy8xICA0ODkxLzQvMSANCmYgIDQ5OTMvMS8xICA0OTk0LzIvMSAgNDg5My8zLzEgIDQ4OTIvNC8xIA0KZiAgNDk5NC8xLzEgIDQ5OTUvMi8xICA0ODk0LzMvMSAgNDg5My80LzEgDQpmICA0OTk1LzEvMSAgNDk5Ni8yLzEgIDQ4OTUvMy8xICA0ODk0LzQvMSANCmYgIDQ5OTYvMS8xICA0OTk3LzIvMSAgNDg5Ni8zLzEgIDQ4OTUvNC8xIA0KZiAgNDk5Ny8xLzEgIDQ5OTgvMi8xICA0ODk3LzMvMSAgNDg5Ni80LzEgDQpmICA0OTk4LzEvMSAgNDk5OS8yLzEgIDQ4OTgvMy8xICA0ODk3LzQvMSANCmYgIDQ5OTkvMS8xICA1MDAwLzIvMSAgNDg5OS8zLzEgIDQ4OTgvNC8xIA0KZiAgNTAwMC8xLzEgIDUwMDEvMi8xICA0OTAwLzMvMSAgNDg5OS80LzEgDQpmICA1MDAxLzEvMSAgNTAwMi8yLzEgIDQ5MDEvMy8xICA0OTAwLzQvMSANCmYgIDUwMDIvMS8xICA1MDAzLzIvMSAgNDkwMi8zLzEgIDQ5MDEvNC8xIA0KZiAgNTAwMy8xLzEgIDUwMDQvMi8xICA0OTAzLzMvMSAgNDkwMi80LzEgDQpmICA1MDA0LzEvMSAgNTAwNS8yLzEgIDQ5MDQvMy8xICA0OTAzLzQvMSANCmYgIDUwMDUvMS8xICA1MDA2LzIvMSAgNDkwNS8zLzEgIDQ5MDQvNC8xIA0KZiAgNTAwNi8xLzEgIDUwMDcvMi8xICA0OTA2LzMvMSAgNDkwNS80LzEgDQpmICA1MDA3LzEvMSAgNTAwOC8yLzEgIDQ5MDcvMy8xICA0OTA2LzQvMSANCmYgIDUwMDgvMS8xICA1MDA5LzIvMSAgNDkwOC8zLzEgIDQ5MDcvNC8xIA0KZiAgNTAwOS8xLzEgIDUwMTAvMi8xICA0OTA5LzMvMSAgNDkwOC80LzEgDQpmICA1MDEwLzEvMSAgNTAxMS8yLzEgIDQ5MTAvMy8xICA0OTA5LzQvMSANCmYgIDUwMTEvMS8xICA1MDEyLzIvMSAgNDkxMS8zLzEgIDQ5MTAvNC8xIA0KZiAgNTAxMi8xLzEgIDUwMTMvMi8xICA0OTEyLzMvMSAgNDkxMS80LzEgDQpmICA1MDEzLzEvMSAgNTAxNC8yLzEgIDQ5MTMvMy8xICA0OTEyLzQvMSANCmYgIDUwMTQvMS8xICA1MDE1LzIvMSAgNDkxNC8zLzEgIDQ5MTMvNC8xIA0KZiAgNTAxNS8xLzEgIDUwMTYvMi8xICA0OTE1LzMvMSAgNDkxNC80LzEgDQpmICA1MDE2LzEvMSAgNTAxNy8yLzEgIDQ5MTYvMy8xICA0OTE1LzQvMSANCmYgIDUwMTcvMS8xICA1MDE4LzIvMSAgNDkxNy8zLzEgIDQ5MTYvNC8xIA0KZiAgNTAxOC8xLzEgIDUwMTkvMi8xICA0OTE4LzMvMSAgNDkxNy80LzEgDQpmICA1MDE5LzEvMSAgNTAyMC8yLzEgIDQ5MTkvMy8xICA0OTE4LzQvMSANCmYgIDUwMjAvMS8xICA1MDIxLzIvMSAgNDkyMC8zLzEgIDQ5MTkvNC8xIA0KZiAgNTAyMS8xLzEgIDUwMjIvMi8xICA0OTIxLzMvMSAgNDkyMC80LzEgDQpmICA1MDIyLzEvMSAgNTAyMy8yLzEgIDQ5MjIvMy8xICA0OTIxLzQvMSANCmYgIDUwMjMvMS8xICA1MDI0LzIvMSAgNDkyMy8zLzEgIDQ5MjIvNC8xIA0KZiAgNTAyNC8xLzEgIDUwMjUvMi8xICA0OTI0LzMvMSAgNDkyMy80LzEgDQpmICA1MDI1LzEvMSAgNTAyNi8yLzEgIDQ5MjUvMy8xICA0OTI0LzQvMSANCmYgIDUwMjYvMS8xICA1MDI3LzIvMSAgNDkyNi8zLzEgIDQ5MjUvNC8xIA0KZiAgNTAyNy8xLzEgIDUwMjgvMi8xICA0OTI3LzMvMSAgNDkyNi80LzEgDQpmICA1MDI4LzEvMSAgNTAyOS8yLzEgIDQ5MjgvMy8xICA0OTI3LzQvMSANCmYgIDUwMjkvMS8xICA1MDMwLzIvMSAgNDkyOS8zLzEgIDQ5MjgvNC8xIA0KZiAgNTAzMC8xLzEgIDUwMzEvMi8xICA0OTMwLzMvMSAgNDkyOS80LzEgDQpmICA1MDMxLzEvMSAgNTAzMi8yLzEgIDQ5MzEvMy8xICA0OTMwLzQvMSANCmYgIDUwMzIvMS8xICA1MDMzLzIvMSAgNDkzMi8zLzEgIDQ5MzEvNC8xIA0KZiAgNTAzMy8xLzEgIDUwMzQvMi8xICA0OTMzLzMvMSAgNDkzMi80LzEgDQpmICA1MDM0LzEvMSAgNTAzNS8yLzEgIDQ5MzQvMy8xICA0OTMzLzQvMSANCmYgIDUwMzUvMS8xICA1MDM2LzIvMSAgNDkzNS8zLzEgIDQ5MzQvNC8xIA0KZiAgNTAzNi8xLzEgIDUwMzcvMi8xICA0OTM2LzMvMSAgNDkzNS80LzEgDQpmICA1MDM3LzEvMSAgNTAzOC8yLzEgIDQ5MzcvMy8xICA0OTM2LzQvMSANCmYgIDUwMzgvMS8xICA1MDM5LzIvMSAgNDkzOC8zLzEgIDQ5MzcvNC8xIA0KZiAgNTAzOS8xLzEgIDUwNDAvMi8xICA0OTM5LzMvMSAgNDkzOC80LzEgDQpmICA1MDQwLzEvMSAgNTA0MS8yLzEgIDQ5NDAvMy8xICA0OTM5LzQvMSANCmYgIDUwNDEvMS8xICA1MDQyLzIvMSAgNDk0MS8zLzEgIDQ5NDAvNC8xIA0KZiAgNTA0Mi8xLzEgIDUwNDMvMi8xICA0OTQyLzMvMSAgNDk0MS80LzEgDQpmICA1MDQzLzEvMSAgNTA0NC8yLzEgIDQ5NDMvMy8xICA0OTQyLzQvMSANCmYgIDUwNDQvMS8xICA1MDQ1LzIvMSAgNDk0NC8zLzEgIDQ5NDMvNC8xIA0KZiAgNTA0NS8xLzEgIDUwNDYvMi8xICA0OTQ1LzMvMSAgNDk0NC80LzEgDQpmICA1MDQ2LzEvMSAgNTA0Ny8yLzEgIDQ5NDYvMy8xICA0OTQ1LzQvMSANCmYgIDUwNDcvMS8xICA1MDQ4LzIvMSAgNDk0Ny8zLzEgIDQ5NDYvNC8xIA0KZiAgNTA0OC8xLzEgIDUwNDkvMi8xICA0OTQ4LzMvMSAgNDk0Ny80LzEgDQpmICA1MDQ5LzEvMSAgNTA1MC8yLzEgIDQ5NDkvMy8xICA0OTQ4LzQvMSANCmYgIDUwNTEvMS8xICA1MDUyLzIvMSAgNDk1MS8zLzEgIDQ5NTAvNC8xIA0KZiAgNTA1Mi8xLzEgIDUwNTMvMi8xICA0OTUyLzMvMSAgNDk1MS80LzEgDQpmICA1MDUzLzEvMSAgNTA1NC8yLzEgIDQ5NTMvMy8xICA0OTUyLzQvMSANCmYgIDUwNTQvMS8xICA1MDU1LzIvMSAgNDk1NC8zLzEgIDQ5NTMvNC8xIA0KZiAgNTA1NS8xLzEgIDUwNTYvMi8xICA0OTU1LzMvMSAgNDk1NC80LzEgDQpmICA1MDU2LzEvMSAgNTA1Ny8yLzEgIDQ5NTYvMy8xICA0OTU1LzQvMSANCmYgIDUwNTcvMS8xICA1MDU4LzIvMSAgNDk1Ny8zLzEgIDQ5NTYvNC8xIA0KZiAgNTA1OC8xLzEgIDUwNTkvMi8xICA0OTU4LzMvMSAgNDk1Ny80LzEgDQpmICA1MDU5LzEvMSAgNTA2MC8yLzEgIDQ5NTkvMy8xICA0OTU4LzQvMSANCmYgIDUwNjAvMS8xICA1MDYxLzIvMSAgNDk2MC8zLzEgIDQ5NTkvNC8xIA0KZiAgNTA2MS8xLzEgIDUwNjIvMi8xICA0OTYxLzMvMSAgNDk2MC80LzEgDQpmICA1MDYyLzEvMSAgNTA2My8yLzEgIDQ5NjIvMy8xICA0OTYxLzQvMSANCmYgIDUwNjMvMS8xICA1MDY0LzIvMSAgNDk2My8zLzEgIDQ5NjIvNC8xIA0KZiAgNTA2NC8xLzEgIDUwNjUvMi8xICA0OTY0LzMvMSAgNDk2My80LzEgDQpmICA1MDY1LzEvMSAgNTA2Ni8yLzEgIDQ5NjUvMy8xICA0OTY0LzQvMSANCmYgIDUwNjYvMS8xICA1MDY3LzIvMSAgNDk2Ni8zLzEgIDQ5NjUvNC8xIA0KZiAgNTA2Ny8xLzEgIDUwNjgvMi8xICA0OTY3LzMvMSAgNDk2Ni80LzEgDQpmICA1MDY4LzEvMSAgNTA2OS8yLzEgIDQ5NjgvMy8xICA0OTY3LzQvMSANCmYgIDUwNjkvMS8xICA1MDcwLzIvMSAgNDk2OS8zLzEgIDQ5NjgvNC8xIA0KZiAgNTA3MC8xNy8xICA1MDcxLzE4LzEgIDQ5NzAvMTkvMSAgNDk2OS8yMC8xIA0KZiAgNTA3MS8yMS8xICA1MDcyLzIyLzEgIDQ5NzEvMjMvMSAgNDk3MC8yNC8xIA0KZiAgNTA3Mi8yMS8xICA1MDczLzIyLzEgIDQ5NzIvMjMvMSAgNDk3MS8yNC8xIA0KZiAgNTA3My8yMS8xICA1MDc0LzIyLzEgIDQ5NzMvMjMvMSAgNDk3Mi8yNC8xIA0KZiAgNTA3NC8yMS8xICA1MDc1LzIyLzEgIDQ5NzQvMjMvMSAgNDk3My8yNC8xIA0KZiAgNTA3NS8yMS8xICA1MDc2LzIyLzEgIDQ5NzUvMjMvMSAgNDk3NC8yNC8xIA0KZiAgNTA3Ni81My8xICA1MDc3LzU0LzEgIDQ5NzYvNTUvMSAgNDk3NS81Ni8xIA0KZiAgNTA3Ny82OS8xICA1MDc4LzcwLzEgIDQ5NzcvNzEvMSAgNDk3Ni83Mi8xIA0KZiAgNTA3OC8yMS8xICA1MDc5LzIyLzEgIDQ5NzgvMjMvMSAgNDk3Ny8yNC8xIA0KZiAgNTA3OS8yNS8xICA1MDgwLzI2LzEgIDQ5NzkvMjcvMSAgNDk3OC8yOC8xIA0KZiAgNTA4MC8xLzEgIDUwODEvMi8xICA0OTgwLzMvMSAgNDk3OS80LzEgDQpmICA1MDgxLzEvMSAgNTA4Mi8yLzEgIDQ5ODEvMy8xICA0OTgwLzQvMSANCmYgIDUwODIvMS8xICA1MDgzLzIvMSAgNDk4Mi8zLzEgIDQ5ODEvNC8xIA0KZiAgNTA4My8xLzEgIDUwODQvMi8xICA0OTgzLzMvMSAgNDk4Mi80LzEgDQpmICA1MDg0LzEvMSAgNTA4NS8yLzEgIDQ5ODQvMy8xICA0OTgzLzQvMSANCmYgIDUwODUvMS8xICA1MDg2LzIvMSAgNDk4NS8zLzEgIDQ5ODQvNC8xIA0KZiAgNTA4Ni8xLzEgIDUwODcvMi8xICA0OTg2LzMvMSAgNDk4NS80LzEgDQpmICA1MDg3LzEvMSAgNTA4OC8yLzEgIDQ5ODcvMy8xICA0OTg2LzQvMSANCmYgIDUwODgvMS8xICA1MDg5LzIvMSAgNDk4OC8zLzEgIDQ5ODcvNC8xIA0KZiAgNTA4OS8xLzEgIDUwOTAvMi8xICA0OTg5LzMvMSAgNDk4OC80LzEgDQpmICA1MDkwLzEvMSAgNTA5MS8yLzEgIDQ5OTAvMy8xICA0OTg5LzQvMSANCmYgIDUwOTEvMS8xICA1MDkyLzIvMSAgNDk5MS8zLzEgIDQ5OTAvNC8xIA0KZiAgNTA5Mi8xLzEgIDUwOTMvMi8xICA0OTkyLzMvMSAgNDk5MS80LzEgDQpmICA1MDkzLzEvMSAgNTA5NC8yLzEgIDQ5OTMvMy8xICA0OTkyLzQvMSANCmYgIDUwOTQvMS8xICA1MDk1LzIvMSAgNDk5NC8zLzEgIDQ5OTMvNC8xIA0KZiAgNTA5NS8xLzEgIDUwOTYvMi8xICA0OTk1LzMvMSAgNDk5NC80LzEgDQpmICA1MDk2LzEvMSAgNTA5Ny8yLzEgIDQ5OTYvMy8xICA0OTk1LzQvMSANCmYgIDUwOTcvMS8xICA1MDk4LzIvMSAgNDk5Ny8zLzEgIDQ5OTYvNC8xIA0KZiAgNTA5OC8xLzEgIDUwOTkvMi8xICA0OTk4LzMvMSAgNDk5Ny80LzEgDQpmICA1MDk5LzEvMSAgNTEwMC8yLzEgIDQ5OTkvMy8xICA0OTk4LzQvMSANCmYgIDUxMDAvMS8xICA1MTAxLzIvMSAgNTAwMC8zLzEgIDQ5OTkvNC8xIA0KZiAgNTEwMS8xLzEgIDUxMDIvMi8xICA1MDAxLzMvMSAgNTAwMC80LzEgDQpmICA1MTAyLzEvMSAgNTEwMy8yLzEgIDUwMDIvMy8xICA1MDAxLzQvMSANCmYgIDUxMDMvMS8xICA1MTA0LzIvMSAgNTAwMy8zLzEgIDUwMDIvNC8xIA0KZiAgNTEwNC8xLzEgIDUxMDUvMi8xICA1MDA0LzMvMSAgNTAwMy80LzEgDQpmICA1MTA1LzEvMSAgNTEwNi8yLzEgIDUwMDUvMy8xICA1MDA0LzQvMSANCmYgIDUxMDYvMS8xICA1MTA3LzIvMSAgNTAwNi8zLzEgIDUwMDUvNC8xIA0KZiAgNTEwNy8xLzEgIDUxMDgvMi8xICA1MDA3LzMvMSAgNTAwNi80LzEgDQpmICA1MTA4LzEvMSAgNTEwOS8yLzEgIDUwMDgvMy8xICA1MDA3LzQvMSANCmYgIDUxMDkvMS8xICA1MTEwLzIvMSAgNTAwOS8zLzEgIDUwMDgvNC8xIA0KZiAgNTExMC8xLzEgIDUxMTEvMi8xICA1MDEwLzMvMSAgNTAwOS80LzEgDQpmICA1MTExLzEvMSAgNTExMi8yLzEgIDUwMTEvMy8xICA1MDEwLzQvMSANCmYgIDUxMTIvMS8xICA1MTEzLzIvMSAgNTAxMi8zLzEgIDUwMTEvNC8xIA0KZiAgNTExMy8xLzEgIDUxMTQvMi8xICA1MDEzLzMvMSAgNTAxMi80LzEgDQpmICA1MTE0LzEvMSAgNTExNS8yLzEgIDUwMTQvMy8xICA1MDEzLzQvMSANCmYgIDUxMTUvMS8xICA1MTE2LzIvMSAgNTAxNS8zLzEgIDUwMTQvNC8xIA0KZiAgNTExNi8xLzEgIDUxMTcvMi8xICA1MDE2LzMvMSAgNTAxNS80LzEgDQpmICA1MTE3LzEvMSAgNTExOC8yLzEgIDUwMTcvMy8xICA1MDE2LzQvMSANCmYgIDUxMTgvMS8xICA1MTE5LzIvMSAgNTAxOC8zLzEgIDUwMTcvNC8xIA0KZiAgNTExOS8xLzEgIDUxMjAvMi8xICA1MDE5LzMvMSAgNTAxOC80LzEgDQpmICA1MTIwLzEvMSAgNTEyMS8yLzEgIDUwMjAvMy8xICA1MDE5LzQvMSANCmYgIDUxMjEvMS8xICA1MTIyLzIvMSAgNTAyMS8zLzEgIDUwMjAvNC8xIA0KZiAgNTEyMi8xLzEgIDUxMjMvMi8xICA1MDIyLzMvMSAgNTAyMS80LzEgDQpmICA1MTIzLzEvMSAgNTEyNC8yLzEgIDUwMjMvMy8xICA1MDIyLzQvMSANCmYgIDUxMjQvMS8xICA1MTI1LzIvMSAgNTAyNC8zLzEgIDUwMjMvNC8xIA0KZiAgNTEyNS8xLzEgIDUxMjYvMi8xICA1MDI1LzMvMSAgNTAyNC80LzEgDQpmICA1MTI2LzEvMSAgNTEyNy8yLzEgIDUwMjYvMy8xICA1MDI1LzQvMSANCmYgIDUxMjcvMS8xICA1MTI4LzIvMSAgNTAyNy8zLzEgIDUwMjYvNC8xIA0KZiAgNTEyOC8xLzEgIDUxMjkvMi8xICA1MDI4LzMvMSAgNTAyNy80LzEgDQpmICA1MTI5LzEvMSAgNTEzMC8yLzEgIDUwMjkvMy8xICA1MDI4LzQvMSANCmYgIDUxMzAvMS8xICA1MTMxLzIvMSAgNTAzMC8zLzEgIDUwMjkvNC8xIA0KZiAgNTEzMS8xLzEgIDUxMzIvMi8xICA1MDMxLzMvMSAgNTAzMC80LzEgDQpmICA1MTMyLzEvMSAgNTEzMy8yLzEgIDUwMzIvMy8xICA1MDMxLzQvMSANCmYgIDUxMzMvMS8xICA1MTM0LzIvMSAgNTAzMy8zLzEgIDUwMzIvNC8xIA0KZiAgNTEzNC8xLzEgIDUxMzUvMi8xICA1MDM0LzMvMSAgNTAzMy80LzEgDQpmICA1MTM1LzEvMSAgNTEzNi8yLzEgIDUwMzUvMy8xICA1MDM0LzQvMSANCmYgIDUxMzYvMS8xICA1MTM3LzIvMSAgNTAzNi8zLzEgIDUwMzUvNC8xIA0KZiAgNTEzNy8xLzEgIDUxMzgvMi8xICA1MDM3LzMvMSAgNTAzNi80LzEgDQpmICA1MTM4LzEvMSAgNTEzOS8yLzEgIDUwMzgvMy8xICA1MDM3LzQvMSANCmYgIDUxMzkvMS8xICA1MTQwLzIvMSAgNTAzOS8zLzEgIDUwMzgvNC8xIA0KZiAgNTE0MC8xLzEgIDUxNDEvMi8xICA1MDQwLzMvMSAgNTAzOS80LzEgDQpmICA1MTQxLzEvMSAgNTE0Mi8yLzEgIDUwNDEvMy8xICA1MDQwLzQvMSANCmYgIDUxNDIvMS8xICA1MTQzLzIvMSAgNTA0Mi8zLzEgIDUwNDEvNC8xIA0KZiAgNTE0My8xLzEgIDUxNDQvMi8xICA1MDQzLzMvMSAgNTA0Mi80LzEgDQpmICA1MTQ0LzEvMSAgNTE0NS8yLzEgIDUwNDQvMy8xICA1MDQzLzQvMSANCmYgIDUxNDUvMS8xICA1MTQ2LzIvMSAgNTA0NS8zLzEgIDUwNDQvNC8xIA0KZiAgNTE0Ni8xLzEgIDUxNDcvMi8xICA1MDQ2LzMvMSAgNTA0NS80LzEgDQpmICA1MTQ3LzEvMSAgNTE0OC8yLzEgIDUwNDcvMy8xICA1MDQ2LzQvMSANCmYgIDUxNDgvMS8xICA1MTQ5LzIvMSAgNTA0OC8zLzEgIDUwNDcvNC8xIA0KZiAgNTE0OS8xLzEgIDUxNTAvMi8xICA1MDQ5LzMvMSAgNTA0OC80LzEgDQpmICA1MTUwLzEvMSAgNTE1MS8yLzEgIDUwNTAvMy8xICA1MDQ5LzQvMSANCmYgIDUxNTIvMS8xICA1MTUzLzIvMSAgNTA1Mi8zLzEgIDUwNTEvNC8xIA0KZiAgNTE1My8xLzEgIDUxNTQvMi8xICA1MDUzLzMvMSAgNTA1Mi80LzEgDQpmICA1MTU0LzEvMSAgNTE1NS8yLzEgIDUwNTQvMy8xICA1MDUzLzQvMSANCmYgIDUxNTUvMS8xICA1MTU2LzIvMSAgNTA1NS8zLzEgIDUwNTQvNC8xIA0KZiAgNTE1Ni8xLzEgIDUxNTcvMi8xICA1MDU2LzMvMSAgNTA1NS80LzEgDQpmICA1MTU3LzEvMSAgNTE1OC8yLzEgIDUwNTcvMy8xICA1MDU2LzQvMSANCmYgIDUxNTgvMS8xICA1MTU5LzIvMSAgNTA1OC8zLzEgIDUwNTcvNC8xIA0KZiAgNTE1OS8xLzEgIDUxNjAvMi8xICA1MDU5LzMvMSAgNTA1OC80LzEgDQpmICA1MTYwLzEvMSAgNTE2MS8yLzEgIDUwNjAvMy8xICA1MDU5LzQvMSANCmYgIDUxNjEvMS8xICA1MTYyLzIvMSAgNTA2MS8zLzEgIDUwNjAvNC8xIA0KZiAgNTE2Mi8xLzEgIDUxNjMvMi8xICA1MDYyLzMvMSAgNTA2MS80LzEgDQpmICA1MTYzLzEvMSAgNTE2NC8yLzEgIDUwNjMvMy8xICA1MDYyLzQvMSANCmYgIDUxNjQvMS8xICA1MTY1LzIvMSAgNTA2NC8zLzEgIDUwNjMvNC8xIA0KZiAgNTE2NS8xLzEgIDUxNjYvMi8xICA1MDY1LzMvMSAgNTA2NC80LzEgDQpmICA1MTY2LzEvMSAgNTE2Ny8yLzEgIDUwNjYvMy8xICA1MDY1LzQvMSANCmYgIDUxNjcvMS8xICA1MTY4LzIvMSAgNTA2Ny8zLzEgIDUwNjYvNC8xIA0KZiAgNTE2OC8xLzEgIDUxNjkvMi8xICA1MDY4LzMvMSAgNTA2Ny80LzEgDQpmICA1MTY5LzEvMSAgNTE3MC8yLzEgIDUwNjkvMy8xICA1MDY4LzQvMSANCmYgIDUxNzAvMS8xICA1MTcxLzIvMSAgNTA3MC8zLzEgIDUwNjkvNC8xIA0KZiAgNTE3MS8xNy8xICA1MTcyLzE4LzEgIDUwNzEvMTkvMSAgNTA3MC8yMC8xIA0KZiAgNTE3Mi8yMS8xICA1MTczLzIyLzEgIDUwNzIvMjMvMSAgNTA3MS8yNC8xIA0KZiAgNTE3My8yMS8xICA1MTc0LzIyLzEgIDUwNzMvMjMvMSAgNTA3Mi8yNC8xIA0KZiAgNTE3NC8yMS8xICA1MTc1LzIyLzEgIDUwNzQvMjMvMSAgNTA3My8yNC8xIA0KZiAgNTE3NS8yMS8xICA1MTc2LzIyLzEgIDUwNzUvMjMvMSAgNTA3NC8yNC8xIA0KZiAgNTE3Ni8yMS8xICA1MTc3LzIyLzEgIDUwNzYvMjMvMSAgNTA3NS8yNC8xIA0KZiAgNTE3Ny83Ny8xICA1MTc4Lzc4LzEgIDUwNzcvNzkvMSAgNTA3Ni84MC8xIA0KZiAgNTE3OC83My8xICA1MTc5Lzc0LzEgIDUwNzgvNzUvMSAgNTA3Ny83Ni8xIA0KZiAgNTE3OS8yMS8xICA1MTgwLzIyLzEgIDUwNzkvMjMvMSAgNTA3OC8yNC8xIA0KZiAgNTE4MC8yNS8xICA1MTgxLzI2LzEgIDUwODAvMjcvMSAgNTA3OS8yOC8xIA0KZiAgNTE4MS8xLzEgIDUxODIvMi8xICA1MDgxLzMvMSAgNTA4MC80LzEgDQpmICA1MTgyLzEvMSAgNTE4My8yLzEgIDUwODIvMy8xICA1MDgxLzQvMSANCmYgIDUxODMvMS8xICA1MTg0LzIvMSAgNTA4My8zLzEgIDUwODIvNC8xIA0KZiAgNTE4NC8xLzEgIDUxODUvMi8xICA1MDg0LzMvMSAgNTA4My80LzEgDQpmICA1MTg1LzEvMSAgNTE4Ni8yLzEgIDUwODUvMy8xICA1MDg0LzQvMSANCmYgIDUxODYvMS8xICA1MTg3LzIvMSAgNTA4Ni8zLzEgIDUwODUvNC8xIA0KZiAgNTE4Ny8xLzEgIDUxODgvMi8xICA1MDg3LzMvMSAgNTA4Ni80LzEgDQpmICA1MTg4LzEvMSAgNTE4OS8yLzEgIDUwODgvMy8xICA1MDg3LzQvMSANCmYgIDUxODkvMS8xICA1MTkwLzIvMSAgNTA4OS8zLzEgIDUwODgvNC8xIA0KZiAgNTE5MC8xLzEgIDUxOTEvMi8xICA1MDkwLzMvMSAgNTA4OS80LzEgDQpmICA1MTkxLzEvMSAgNTE5Mi8yLzEgIDUwOTEvMy8xICA1MDkwLzQvMSANCmYgIDUxOTIvMS8xICA1MTkzLzIvMSAgNTA5Mi8zLzEgIDUwOTEvNC8xIA0KZiAgNTE5My8xLzEgIDUxOTQvMi8xICA1MDkzLzMvMSAgNTA5Mi80LzEgDQpmICA1MTk0LzEvMSAgNTE5NS8yLzEgIDUwOTQvMy8xICA1MDkzLzQvMSANCmYgIDUxOTUvMS8xICA1MTk2LzIvMSAgNTA5NS8zLzEgIDUwOTQvNC8xIA0KZiAgNTE5Ni8xLzEgIDUxOTcvMi8xICA1MDk2LzMvMSAgNTA5NS80LzEgDQpmICA1MTk3LzEvMSAgNTE5OC8yLzEgIDUwOTcvMy8xICA1MDk2LzQvMSANCmYgIDUxOTgvMS8xICA1MTk5LzIvMSAgNTA5OC8zLzEgIDUwOTcvNC8xIA0KZiAgNTE5OS8xLzEgIDUyMDAvMi8xICA1MDk5LzMvMSAgNTA5OC80LzEgDQpmICA1MjAwLzEvMSAgNTIwMS8yLzEgIDUxMDAvMy8xICA1MDk5LzQvMSANCmYgIDUyMDEvMS8xICA1MjAyLzIvMSAgNTEwMS8zLzEgIDUxMDAvNC8xIA0KZiAgNTIwMi8xLzEgIDUyMDMvMi8xICA1MTAyLzMvMSAgNTEwMS80LzEgDQpmICA1MjAzLzEvMSAgNTIwNC8yLzEgIDUxMDMvMy8xICA1MTAyLzQvMSANCmYgIDUyMDQvMS8xICA1MjA1LzIvMSAgNTEwNC8zLzEgIDUxMDMvNC8xIA0KZiAgNTIwNS8xLzEgIDUyMDYvMi8xICA1MTA1LzMvMSAgNTEwNC80LzEgDQpmICA1MjA2LzEvMSAgNTIwNy8yLzEgIDUxMDYvMy8xICA1MTA1LzQvMSANCmYgIDUyMDcvMS8xICA1MjA4LzIvMSAgNTEwNy8zLzEgIDUxMDYvNC8xIA0KZiAgNTIwOC8xLzEgIDUyMDkvMi8xICA1MTA4LzMvMSAgNTEwNy80LzEgDQpmICA1MjA5LzEvMSAgNTIxMC8yLzEgIDUxMDkvMy8xICA1MTA4LzQvMSANCmYgIDUyMTAvMS8xICA1MjExLzIvMSAgNTExMC8zLzEgIDUxMDkvNC8xIA0KZiAgNTIxMS8xLzEgIDUyMTIvMi8xICA1MTExLzMvMSAgNTExMC80LzEgDQpmICA1MjEyLzEvMSAgNTIxMy8yLzEgIDUxMTIvMy8xICA1MTExLzQvMSANCmYgIDUyMTMvMS8xICA1MjE0LzIvMSAgNTExMy8zLzEgIDUxMTIvNC8xIA0KZiAgNTIxNC8xLzEgIDUyMTUvMi8xICA1MTE0LzMvMSAgNTExMy80LzEgDQpmICA1MjE1LzEvMSAgNTIxNi8yLzEgIDUxMTUvMy8xICA1MTE0LzQvMSANCmYgIDUyMTYvMS8xICA1MjE3LzIvMSAgNTExNi8zLzEgIDUxMTUvNC8xIA0KZiAgNTIxNy8xLzEgIDUyMTgvMi8xICA1MTE3LzMvMSAgNTExNi80LzEgDQpmICA1MjE4LzEvMSAgNTIxOS8yLzEgIDUxMTgvMy8xICA1MTE3LzQvMSANCmYgIDUyMTkvMS8xICA1MjIwLzIvMSAgNTExOS8zLzEgIDUxMTgvNC8xIA0KZiAgNTIyMC8xLzEgIDUyMjEvMi8xICA1MTIwLzMvMSAgNTExOS80LzEgDQpmICA1MjIxLzEvMSAgNTIyMi8yLzEgIDUxMjEvMy8xICA1MTIwLzQvMSANCmYgIDUyMjIvMS8xICA1MjIzLzIvMSAgNTEyMi8zLzEgIDUxMjEvNC8xIA0KZiAgNTIyMy8xLzEgIDUyMjQvMi8xICA1MTIzLzMvMSAgNTEyMi80LzEgDQpmICA1MjI0LzEvMSAgNTIyNS8yLzEgIDUxMjQvMy8xICA1MTIzLzQvMSANCmYgIDUyMjUvMS8xICA1MjI2LzIvMSAgNTEyNS8zLzEgIDUxMjQvNC8xIA0KZiAgNTIyNi8xLzEgIDUyMjcvMi8xICA1MTI2LzMvMSAgNTEyNS80LzEgDQpmICA1MjI3LzEvMSAgNTIyOC8yLzEgIDUxMjcvMy8xICA1MTI2LzQvMSANCmYgIDUyMjgvMS8xICA1MjI5LzIvMSAgNTEyOC8zLzEgIDUxMjcvNC8xIA0KZiAgNTIyOS8xLzEgIDUyMzAvMi8xICA1MTI5LzMvMSAgNTEyOC80LzEgDQpmICA1MjMwLzEvMSAgNTIzMS8yLzEgIDUxMzAvMy8xICA1MTI5LzQvMSANCmYgIDUyMzEvMS8xICA1MjMyLzIvMSAgNTEzMS8zLzEgIDUxMzAvNC8xIA0KZiAgNTIzMi8xLzEgIDUyMzMvMi8xICA1MTMyLzMvMSAgNTEzMS80LzEgDQpmICA1MjMzLzEvMSAgNTIzNC8yLzEgIDUxMzMvMy8xICA1MTMyLzQvMSANCmYgIDUyMzQvMS8xICA1MjM1LzIvMSAgNTEzNC8zLzEgIDUxMzMvNC8xIA0KZiAgNTIzNS8xLzEgIDUyMzYvMi8xICA1MTM1LzMvMSAgNTEzNC80LzEgDQpmICA1MjM2LzEvMSAgNTIzNy8yLzEgIDUxMzYvMy8xICA1MTM1LzQvMSANCmYgIDUyMzcvMS8xICA1MjM4LzIvMSAgNTEzNy8zLzEgIDUxMzYvNC8xIA0KZiAgNTIzOC8xLzEgIDUyMzkvMi8xICA1MTM4LzMvMSAgNTEzNy80LzEgDQpmICA1MjM5LzEvMSAgNTI0MC8yLzEgIDUxMzkvMy8xICA1MTM4LzQvMSANCmYgIDUyNDAvMS8xICA1MjQxLzIvMSAgNTE0MC8zLzEgIDUxMzkvNC8xIA0KZiAgNTI0MS8xLzEgIDUyNDIvMi8xICA1MTQxLzMvMSAgNTE0MC80LzEgDQpmICA1MjQyLzEvMSAgNTI0My8yLzEgIDUxNDIvMy8xICA1MTQxLzQvMSANCmYgIDUyNDMvMS8xICA1MjQ0LzIvMSAgNTE0My8zLzEgIDUxNDIvNC8xIA0KZiAgNTI0NC8xLzEgIDUyNDUvMi8xICA1MTQ0LzMvMSAgNTE0My80LzEgDQpmICA1MjQ1LzEvMSAgNTI0Ni8yLzEgIDUxNDUvMy8xICA1MTQ0LzQvMSANCmYgIDUyNDYvMS8xICA1MjQ3LzIvMSAgNTE0Ni8zLzEgIDUxNDUvNC8xIA0KZiAgNTI0Ny8xLzEgIDUyNDgvMi8xICA1MTQ3LzMvMSAgNTE0Ni80LzEgDQpmICA1MjQ4LzEvMSAgNTI0OS8yLzEgIDUxNDgvMy8xICA1MTQ3LzQvMSANCmYgIDUyNDkvMS8xICA1MjUwLzIvMSAgNTE0OS8zLzEgIDUxNDgvNC8xIA0KZiAgNTI1MC8xLzEgIDUyNTEvMi8xICA1MTUwLzMvMSAgNTE0OS80LzEgDQpmICA1MjUxLzEvMSAgNTI1Mi8yLzEgIDUxNTEvMy8xICA1MTUwLzQvMSANCmYgIDUyNTMvMS8xICA1MjU0LzIvMSAgNTE1My8zLzEgIDUxNTIvNC8xIA0KZiAgNTI1NC8xLzEgIDUyNTUvMi8xICA1MTU0LzMvMSAgNTE1My80LzEgDQpmICA1MjU1LzEvMSAgNTI1Ni8yLzEgIDUxNTUvMy8xICA1MTU0LzQvMSANCmYgIDUyNTYvMS8xICA1MjU3LzIvMSAgNTE1Ni8zLzEgIDUxNTUvNC8xIA0KZiAgNTI1Ny8xLzEgIDUyNTgvMi8xICA1MTU3LzMvMSAgNTE1Ni80LzEgDQpmICA1MjU4LzEvMSAgNTI1OS8yLzEgIDUxNTgvMy8xICA1MTU3LzQvMSANCmYgIDUyNTkvMS8xICA1MjYwLzIvMSAgNTE1OS8zLzEgIDUxNTgvNC8xIA0KZiAgNTI2MC8xLzEgIDUyNjEvMi8xICA1MTYwLzMvMSAgNTE1OS80LzEgDQpmICA1MjYxLzEvMSAgNTI2Mi8yLzEgIDUxNjEvMy8xICA1MTYwLzQvMSANCmYgIDUyNjIvMS8xICA1MjYzLzIvMSAgNTE2Mi8zLzEgIDUxNjEvNC8xIA0KZiAgNTI2My8xLzEgIDUyNjQvMi8xICA1MTYzLzMvMSAgNTE2Mi80LzEgDQpmICA1MjY0LzEvMSAgNTI2NS8yLzEgIDUxNjQvMy8xICA1MTYzLzQvMSANCmYgIDUyNjUvMS8xICA1MjY2LzIvMSAgNTE2NS8zLzEgIDUxNjQvNC8xIA0KZiAgNTI2Ni8xLzEgIDUyNjcvMi8xICA1MTY2LzMvMSAgNTE2NS80LzEgDQpmICA1MjY3LzEvMSAgNTI2OC8yLzEgIDUxNjcvMy8xICA1MTY2LzQvMSANCmYgIDUyNjgvMS8xICA1MjY5LzIvMSAgNTE2OC8zLzEgIDUxNjcvNC8xIA0KZiAgNTI2OS8xLzEgIDUyNzAvMi8xICA1MTY5LzMvMSAgNTE2OC80LzEgDQpmICA1MjcwLzEvMSAgNTI3MS8yLzEgIDUxNzAvMy8xICA1MTY5LzQvMSANCmYgIDUyNzEvMS8xICA1MjcyLzIvMSAgNTE3MS8zLzEgIDUxNzAvNC8xIA0KZiAgNTI3Mi85Ny8xICA1MjczLzk4LzEgIDUxNzIvOTkvMSAgNTE3MS8xMDAvMSANCmYgIDUyNzMvODEvMSAgNTI3NC84Mi8xICA1MTczLzgzLzEgIDUxNzIvODQvMSANCmYgIDUyNzQvODEvMSAgNTI3NS84Mi8xICA1MTc0LzgzLzEgIDUxNzMvODQvMSANCmYgIDUyNzUvODEvMSAgNTI3Ni84Mi8xICA1MTc1LzgzLzEgIDUxNzQvODQvMSANCmYgIDUyNzYvODEvMSAgNTI3Ny84Mi8xICA1MTc2LzgzLzEgIDUxNzUvODQvMSANCmYgIDUyNzcvODEvMSAgNTI3OC84Mi8xICA1MTc3LzgzLzEgIDUxNzYvODQvMSANCmYgIDUyNzgvODEvMSAgNTI3OS84Mi8xICA1MTc4LzgzLzEgIDUxNzcvODQvMSANCmYgIDUyNzkvODEvMSAgNTI4MC84Mi8xICA1MTc5LzgzLzEgIDUxNzgvODQvMSANCmYgIDUyODAvODEvMSAgNTI4MS84Mi8xICA1MTgwLzgzLzEgIDUxNzkvODQvMSANCmYgIDUyODEvODUvMSAgNTI4Mi84Ni8xICA1MTgxLzg3LzEgIDUxODAvODgvMSANCmYgIDUyODIvMS8xICA1MjgzLzIvMSAgNTE4Mi8zLzEgIDUxODEvNC8xIA0KZiAgNTI4My8xLzEgIDUyODQvMi8xICA1MTgzLzMvMSAgNTE4Mi80LzEgDQpmICA1Mjg0LzEvMSAgNTI4NS8yLzEgIDUxODQvMy8xICA1MTgzLzQvMSANCmYgIDUyODUvMS8xICA1Mjg2LzIvMSAgNTE4NS8zLzEgIDUxODQvNC8xIA0KZiAgNTI4Ni8xLzEgIDUyODcvMi8xICA1MTg2LzMvMSAgNTE4NS80LzEgDQpmICA1Mjg3LzEvMSAgNTI4OC8yLzEgIDUxODcvMy8xICA1MTg2LzQvMSANCmYgIDUyODgvMS8xICA1Mjg5LzIvMSAgNTE4OC8zLzEgIDUxODcvNC8xIA0KZiAgNTI4OS8xLzEgIDUyOTAvMi8xICA1MTg5LzMvMSAgNTE4OC80LzEgDQpmICA1MjkwLzEvMSAgNTI5MS8yLzEgIDUxOTAvMy8xICA1MTg5LzQvMSANCmYgIDUyOTEvMS8xICA1MjkyLzIvMSAgNTE5MS8zLzEgIDUxOTAvNC8xIA0KZiAgNTI5Mi8xLzEgIDUyOTMvMi8xICA1MTkyLzMvMSAgNTE5MS80LzEgDQpmICA1MjkzLzEvMSAgNTI5NC8yLzEgIDUxOTMvMy8xICA1MTkyLzQvMSANCmYgIDUyOTQvMS8xICA1Mjk1LzIvMSAgNTE5NC8zLzEgIDUxOTMvNC8xIA0KZiAgNTI5NS8xLzEgIDUyOTYvMi8xICA1MTk1LzMvMSAgNTE5NC80LzEgDQpmICA1Mjk2LzEvMSAgNTI5Ny8yLzEgIDUxOTYvMy8xICA1MTk1LzQvMSANCmYgIDUyOTcvMS8xICA1Mjk4LzIvMSAgNTE5Ny8zLzEgIDUxOTYvNC8xIA0KZiAgNTI5OC8xLzEgIDUyOTkvMi8xICA1MTk4LzMvMSAgNTE5Ny80LzEgDQpmICA1Mjk5LzEvMSAgNTMwMC8yLzEgIDUxOTkvMy8xICA1MTk4LzQvMSANCmYgIDUzMDAvMS8xICA1MzAxLzIvMSAgNTIwMC8zLzEgIDUxOTkvNC8xIA0KZiAgNTMwMS8xLzEgIDUzMDIvMi8xICA1MjAxLzMvMSAgNTIwMC80LzEgDQpmICA1MzAyLzEvMSAgNTMwMy8yLzEgIDUyMDIvMy8xICA1MjAxLzQvMSANCmYgIDUzMDMvMS8xICA1MzA0LzIvMSAgNTIwMy8zLzEgIDUyMDIvNC8xIA0KZiAgNTMwNC8xLzEgIDUzMDUvMi8xICA1MjA0LzMvMSAgNTIwMy80LzEgDQpmICA1MzA1LzEvMSAgNTMwNi8yLzEgIDUyMDUvMy8xICA1MjA0LzQvMSANCmYgIDUzMDYvMS8xICA1MzA3LzIvMSAgNTIwNi8zLzEgIDUyMDUvNC8xIA0KZiAgNTMwNy8xLzEgIDUzMDgvMi8xICA1MjA3LzMvMSAgNTIwNi80LzEgDQpmICA1MzA4LzEvMSAgNTMwOS8yLzEgIDUyMDgvMy8xICA1MjA3LzQvMSANCmYgIDUzMDkvMS8xICA1MzEwLzIvMSAgNTIwOS8zLzEgIDUyMDgvNC8xIA0KZiAgNTMxMC8xLzEgIDUzMTEvMi8xICA1MjEwLzMvMSAgNTIwOS80LzEgDQpmICA1MzExLzEvMSAgNTMxMi8yLzEgIDUyMTEvMy8xICA1MjEwLzQvMSANCmYgIDUzMTIvMS8xICA1MzEzLzIvMSAgNTIxMi8zLzEgIDUyMTEvNC8xIA0KZiAgNTMxMy8xLzEgIDUzMTQvMi8xICA1MjEzLzMvMSAgNTIxMi80LzEgDQpmICA1MzE0LzEvMSAgNTMxNS8yLzEgIDUyMTQvMy8xICA1MjEzLzQvMSANCmYgIDUzMTUvMS8xICA1MzE2LzIvMSAgNTIxNS8zLzEgIDUyMTQvNC8xIA0KZiAgNTMxNi8xLzEgIDUzMTcvMi8xICA1MjE2LzMvMSAgNTIxNS80LzEgDQpmICA1MzE3LzEvMSAgNTMxOC8yLzEgIDUyMTcvMy8xICA1MjE2LzQvMSANCmYgIDUzMTgvMS8xICA1MzE5LzIvMSAgNTIxOC8zLzEgIDUyMTcvNC8xIA0KZiAgNTMxOS8xLzEgIDUzMjAvMi8xICA1MjE5LzMvMSAgNTIxOC80LzEgDQpmICA1MzIwLzEvMSAgNTMyMS8yLzEgIDUyMjAvMy8xICA1MjE5LzQvMSANCmYgIDUzMjEvMS8xICA1MzIyLzIvMSAgNTIyMS8zLzEgIDUyMjAvNC8xIA0KZiAgNTMyMi8xLzEgIDUzMjMvMi8xICA1MjIyLzMvMSAgNTIyMS80LzEgDQpmICA1MzIzLzEvMSAgNTMyNC8yLzEgIDUyMjMvMy8xICA1MjIyLzQvMSANCmYgIDUzMjQvMS8xICA1MzI1LzIvMSAgNTIyNC8zLzEgIDUyMjMvNC8xIA0KZiAgNTMyNS8xLzEgIDUzMjYvMi8xICA1MjI1LzMvMSAgNTIyNC80LzEgDQpmICA1MzI2LzEvMSAgNTMyNy8yLzEgIDUyMjYvMy8xICA1MjI1LzQvMSANCmYgIDUzMjcvMS8xICA1MzI4LzIvMSAgNTIyNy8zLzEgIDUyMjYvNC8xIA0KZiAgNTMyOC8xLzEgIDUzMjkvMi8xICA1MjI4LzMvMSAgNTIyNy80LzEgDQpmICA1MzI5LzEvMSAgNTMzMC8yLzEgIDUyMjkvMy8xICA1MjI4LzQvMSANCmYgIDUzMzAvMS8xICA1MzMxLzIvMSAgNTIzMC8zLzEgIDUyMjkvNC8xIA0KZiAgNTMzMS8xLzEgIDUzMzIvMi8xICA1MjMxLzMvMSAgNTIzMC80LzEgDQpmICA1MzMyLzEvMSAgNTMzMy8yLzEgIDUyMzIvMy8xICA1MjMxLzQvMSANCmYgIDUzMzMvMS8xICA1MzM0LzIvMSAgNTIzMy8zLzEgIDUyMzIvNC8xIA0KZiAgNTMzNC8xLzEgIDUzMzUvMi8xICA1MjM0LzMvMSAgNTIzMy80LzEgDQpmICA1MzM1LzEvMSAgNTMzNi8yLzEgIDUyMzUvMy8xICA1MjM0LzQvMSANCmYgIDUzMzYvMS8xICA1MzM3LzIvMSAgNTIzNi8zLzEgIDUyMzUvNC8xIA0KZiAgNTMzNy8xLzEgIDUzMzgvMi8xICA1MjM3LzMvMSAgNTIzNi80LzEgDQpmICA1MzM4LzEvMSAgNTMzOS8yLzEgIDUyMzgvMy8xICA1MjM3LzQvMSANCmYgIDUzMzkvMS8xICA1MzQwLzIvMSAgNTIzOS8zLzEgIDUyMzgvNC8xIA0KZiAgNTM0MC8xLzEgIDUzNDEvMi8xICA1MjQwLzMvMSAgNTIzOS80LzEgDQpmICA1MzQxLzEvMSAgNTM0Mi8yLzEgIDUyNDEvMy8xICA1MjQwLzQvMSANCmYgIDUzNDIvMS8xICA1MzQzLzIvMSAgNTI0Mi8zLzEgIDUyNDEvNC8xIA0KZiAgNTM0My8xLzEgIDUzNDQvMi8xICA1MjQzLzMvMSAgNTI0Mi80LzEgDQpmICA1MzQ0LzEvMSAgNTM0NS8yLzEgIDUyNDQvMy8xICA1MjQzLzQvMSANCmYgIDUzNDUvMS8xICA1MzQ2LzIvMSAgNTI0NS8zLzEgIDUyNDQvNC8xIA0KZiAgNTM0Ni8xLzEgIDUzNDcvMi8xICA1MjQ2LzMvMSAgNTI0NS80LzEgDQpmICA1MzQ3LzEvMSAgNTM0OC8yLzEgIDUyNDcvMy8xICA1MjQ2LzQvMSANCmYgIDUzNDgvMS8xICA1MzQ5LzIvMSAgNTI0OC8zLzEgIDUyNDcvNC8xIA0KZiAgNTM0OS8xLzEgIDUzNTAvMi8xICA1MjQ5LzMvMSAgNTI0OC80LzEgDQpmICA1MzUwLzEvMSAgNTM1MS8yLzEgIDUyNTAvMy8xICA1MjQ5LzQvMSANCmYgIDUzNTEvMS8xICA1MzUyLzIvMSAgNTI1MS8zLzEgIDUyNTAvNC8xIA0KZiAgNTM1Mi8xLzEgIDUzNTMvMi8xICA1MjUyLzMvMSAgNTI1MS80LzEgDQpmICA1MzU0LzEvMSAgNTM1NS8yLzEgIDUyNTQvMy8xICA1MjUzLzQvMSANCmYgIDUzNTUvMS8xICA1MzU2LzIvMSAgNTI1NS8zLzEgIDUyNTQvNC8xIA0KZiAgNTM1Ni8xLzEgIDUzNTcvMi8xICA1MjU2LzMvMSAgNTI1NS80LzEgDQpmICA1MzU3LzEvMSAgNTM1OC8yLzEgIDUyNTcvMy8xICA1MjU2LzQvMSANCmYgIDUzNTgvMS8xICA1MzU5LzIvMSAgNTI1OC8zLzEgIDUyNTcvNC8xIA0KZiAgNTM1OS8xLzEgIDUzNjAvMi8xICA1MjU5LzMvMSAgNTI1OC80LzEgDQpmICA1MzYwLzEvMSAgNTM2MS8yLzEgIDUyNjAvMy8xICA1MjU5LzQvMSANCmYgIDUzNjEvMS8xICA1MzYyLzIvMSAgNTI2MS8zLzEgIDUyNjAvNC8xIA0KZiAgNTM2Mi8xLzEgIDUzNjMvMi8xICA1MjYyLzMvMSAgNTI2MS80LzEgDQpmICA1MzYzLzEvMSAgNTM2NC8yLzEgIDUyNjMvMy8xICA1MjYyLzQvMSANCmYgIDUzNjQvMS8xICA1MzY1LzIvMSAgNTI2NC8zLzEgIDUyNjMvNC8xIA0KZiAgNTM2NS8xLzEgIDUzNjYvMi8xICA1MjY1LzMvMSAgNTI2NC80LzEgDQpmICA1MzY2LzEvMSAgNTM2Ny8yLzEgIDUyNjYvMy8xICA1MjY1LzQvMSANCmYgIDUzNjcvMS8xICA1MzY4LzIvMSAgNTI2Ny8zLzEgIDUyNjYvNC8xIA0KZiAgNTM2OC8xLzEgIDUzNjkvMi8xICA1MjY4LzMvMSAgNTI2Ny80LzEgDQpmICA1MzY5LzEvMSAgNTM3MC8yLzEgIDUyNjkvMy8xICA1MjY4LzQvMSANCmYgIDUzNzAvMS8xICA1MzcxLzIvMSAgNTI3MC8zLzEgIDUyNjkvNC8xIA0KZiAgNTM3MS8xLzEgIDUzNzIvMi8xICA1MjcxLzMvMSAgNTI3MC80LzEgDQpmICA1MzcyLzEvMSAgNTM3My8yLzEgIDUyNzIvMy8xICA1MjcxLzQvMSANCmYgIDUzNzMvMTAxLzEgIDUzNzQvMTAyLzEgIDUyNzMvMTAzLzEgIDUyNzIvMTA0LzEgDQpmICA1Mzc0Lzg5LzEgIDUzNzUvOTAvMSAgNTI3NC85MS8xICA1MjczLzkyLzEgDQpmICA1Mzc1Lzg5LzEgIDUzNzYvOTAvMSAgNTI3NS85MS8xICA1Mjc0LzkyLzEgDQpmICA1Mzc2Lzg5LzEgIDUzNzcvOTAvMSAgNTI3Ni85MS8xICA1Mjc1LzkyLzEgDQpmICA1Mzc3Lzg5LzEgIDUzNzgvOTAvMSAgNTI3Ny85MS8xICA1Mjc2LzkyLzEgDQpmICA1Mzc4Lzg5LzEgIDUzNzkvOTAvMSAgNTI3OC85MS8xICA1Mjc3LzkyLzEgDQpmICA1Mzc5Lzg5LzEgIDUzODAvOTAvMSAgNTI3OS85MS8xICA1Mjc4LzkyLzEgDQpmICA1MzgwLzg5LzEgIDUzODEvOTAvMSAgNTI4MC85MS8xICA1Mjc5LzkyLzEgDQpmICA1MzgxLzg5LzEgIDUzODIvOTAvMSAgNTI4MS85MS8xICA1MjgwLzkyLzEgDQpmICA1MzgyLzkzLzEgIDUzODMvOTQvMSAgNTI4Mi85NS8xICA1MjgxLzk2LzEgDQpmICA1MzgzLzEvMSAgNTM4NC8yLzEgIDUyODMvMy8xICA1MjgyLzQvMSANCmYgIDUzODQvMS8xICA1Mzg1LzIvMSAgNTI4NC8zLzEgIDUyODMvNC8xIA0KZiAgNTM4NS8xLzEgIDUzODYvMi8xICA1Mjg1LzMvMSAgNTI4NC80LzEgDQpmICA1Mzg2LzEvMSAgNTM4Ny8yLzEgIDUyODYvMy8xICA1Mjg1LzQvMSANCmYgIDUzODcvMS8xICA1Mzg4LzIvMSAgNTI4Ny8zLzEgIDUyODYvNC8xIA0KZiAgNTM4OC8xLzEgIDUzODkvMi8xICA1Mjg4LzMvMSAgNTI4Ny80LzEgDQpmICA1Mzg5LzEvMSAgNTM5MC8yLzEgIDUyODkvMy8xICA1Mjg4LzQvMSANCmYgIDUzOTAvMS8xICA1MzkxLzIvMSAgNTI5MC8zLzEgIDUyODkvNC8xIA0KZiAgNTM5MS8xLzEgIDUzOTIvMi8xICA1MjkxLzMvMSAgNTI5MC80LzEgDQpmICA1MzkyLzEvMSAgNTM5My8yLzEgIDUyOTIvMy8xICA1MjkxLzQvMSANCmYgIDUzOTMvMS8xICA1Mzk0LzIvMSAgNTI5My8zLzEgIDUyOTIvNC8xIA0KZiAgNTM5NC8xLzEgIDUzOTUvMi8xICA1Mjk0LzMvMSAgNTI5My80LzEgDQpmICA1Mzk1LzEvMSAgNTM5Ni8yLzEgIDUyOTUvMy8xICA1Mjk0LzQvMSANCmYgIDUzOTYvMS8xICA1Mzk3LzIvMSAgNTI5Ni8zLzEgIDUyOTUvNC8xIA0KZiAgNTM5Ny8xLzEgIDUzOTgvMi8xICA1Mjk3LzMvMSAgNTI5Ni80LzEgDQpmICA1Mzk4LzEvMSAgNTM5OS8yLzEgIDUyOTgvMy8xICA1Mjk3LzQvMSANCmYgIDUzOTkvMS8xICA1NDAwLzIvMSAgNTI5OS8zLzEgIDUyOTgvNC8xIA0KZiAgNTQwMC8xLzEgIDU0MDEvMi8xICA1MzAwLzMvMSAgNTI5OS80LzEgDQpmICA1NDAxLzEvMSAgNTQwMi8yLzEgIDUzMDEvMy8xICA1MzAwLzQvMSANCmYgIDU0MDIvMS8xICA1NDAzLzIvMSAgNTMwMi8zLzEgIDUzMDEvNC8xIA0KZiAgNTQwMy8xLzEgIDU0MDQvMi8xICA1MzAzLzMvMSAgNTMwMi80LzEgDQpmICA1NDA0LzEvMSAgNTQwNS8yLzEgIDUzMDQvMy8xICA1MzAzLzQvMSANCmYgIDU0MDUvMS8xICA1NDA2LzIvMSAgNTMwNS8zLzEgIDUzMDQvNC8xIA0KZiAgNTQwNi8xLzEgIDU0MDcvMi8xICA1MzA2LzMvMSAgNTMwNS80LzEgDQpmICA1NDA3LzEvMSAgNTQwOC8yLzEgIDUzMDcvMy8xICA1MzA2LzQvMSANCmYgIDU0MDgvMS8xICA1NDA5LzIvMSAgNTMwOC8zLzEgIDUzMDcvNC8xIA0KZiAgNTQwOS8xLzEgIDU0MTAvMi8xICA1MzA5LzMvMSAgNTMwOC80LzEgDQpmICA1NDEwLzEvMSAgNTQxMS8yLzEgIDUzMTAvMy8xICA1MzA5LzQvMSANCmYgIDU0MTEvMS8xICA1NDEyLzIvMSAgNTMxMS8zLzEgIDUzMTAvNC8xIA0KZiAgNTQxMi8xLzEgIDU0MTMvMi8xICA1MzEyLzMvMSAgNTMxMS80LzEgDQpmICA1NDEzLzEvMSAgNTQxNC8yLzEgIDUzMTMvMy8xICA1MzEyLzQvMSANCmYgIDU0MTQvMS8xICA1NDE1LzIvMSAgNTMxNC8zLzEgIDUzMTMvNC8xIA0KZiAgNTQxNS8xLzEgIDU0MTYvMi8xICA1MzE1LzMvMSAgNTMxNC80LzEgDQpmICA1NDE2LzEvMSAgNTQxNy8yLzEgIDUzMTYvMy8xICA1MzE1LzQvMSANCmYgIDU0MTcvMS8xICA1NDE4LzIvMSAgNTMxNy8zLzEgIDUzMTYvNC8xIA0KZiAgNTQxOC8xLzEgIDU0MTkvMi8xICA1MzE4LzMvMSAgNTMxNy80LzEgDQpmICA1NDE5LzEvMSAgNTQyMC8yLzEgIDUzMTkvMy8xICA1MzE4LzQvMSANCmYgIDU0MjAvMS8xICA1NDIxLzIvMSAgNTMyMC8zLzEgIDUzMTkvNC8xIA0KZiAgNTQyMS8xLzEgIDU0MjIvMi8xICA1MzIxLzMvMSAgNTMyMC80LzEgDQpmICA1NDIyLzEvMSAgNTQyMy8yLzEgIDUzMjIvMy8xICA1MzIxLzQvMSANCmYgIDU0MjMvMS8xICA1NDI0LzIvMSAgNTMyMy8zLzEgIDUzMjIvNC8xIA0KZiAgNTQyNC8xLzEgIDU0MjUvMi8xICA1MzI0LzMvMSAgNTMyMy80LzEgDQpmICA1NDI1LzEvMSAgNTQyNi8yLzEgIDUzMjUvMy8xICA1MzI0LzQvMSANCmYgIDU0MjYvMS8xICA1NDI3LzIvMSAgNTMyNi8zLzEgIDUzMjUvNC8xIA0KZiAgNTQyNy8xLzEgIDU0MjgvMi8xICA1MzI3LzMvMSAgNTMyNi80LzEgDQpmICA1NDI4LzEvMSAgNTQyOS8yLzEgIDUzMjgvMy8xICA1MzI3LzQvMSANCmYgIDU0MjkvMS8xICA1NDMwLzIvMSAgNTMyOS8zLzEgIDUzMjgvNC8xIA0KZiAgNTQzMC8xLzEgIDU0MzEvMi8xICA1MzMwLzMvMSAgNTMyOS80LzEgDQpmICA1NDMxLzEvMSAgNTQzMi8yLzEgIDUzMzEvMy8xICA1MzMwLzQvMSANCmYgIDU0MzIvMS8xICA1NDMzLzIvMSAgNTMzMi8zLzEgIDUzMzEvNC8xIA0KZiAgNTQzMy8xLzEgIDU0MzQvMi8xICA1MzMzLzMvMSAgNTMzMi80LzEgDQpmICA1NDM0LzEvMSAgNTQzNS8yLzEgIDUzMzQvMy8xICA1MzMzLzQvMSANCmYgIDU0MzUvMS8xICA1NDM2LzIvMSAgNTMzNS8zLzEgIDUzMzQvNC8xIA0KZiAgNTQzNi8xLzEgIDU0MzcvMi8xICA1MzM2LzMvMSAgNTMzNS80LzEgDQpmICA1NDM3LzEvMSAgNTQzOC8yLzEgIDUzMzcvMy8xICA1MzM2LzQvMSANCmYgIDU0MzgvMS8xICA1NDM5LzIvMSAgNTMzOC8zLzEgIDUzMzcvNC8xIA0KZiAgNTQzOS8xLzEgIDU0NDAvMi8xICA1MzM5LzMvMSAgNTMzOC80LzEgDQpmICA1NDQwLzEvMSAgNTQ0MS8yLzEgIDUzNDAvMy8xICA1MzM5LzQvMSANCmYgIDU0NDEvMS8xICA1NDQyLzIvMSAgNTM0MS8zLzEgIDUzNDAvNC8xIA0KZiAgNTQ0Mi8xLzEgIDU0NDMvMi8xICA1MzQyLzMvMSAgNTM0MS80LzEgDQpmICA1NDQzLzEvMSAgNTQ0NC8yLzEgIDUzNDMvMy8xICA1MzQyLzQvMSANCmYgIDU0NDQvMS8xICA1NDQ1LzIvMSAgNTM0NC8zLzEgIDUzNDMvNC8xIA0KZiAgNTQ0NS8xLzEgIDU0NDYvMi8xICA1MzQ1LzMvMSAgNTM0NC80LzEgDQpmICA1NDQ2LzEvMSAgNTQ0Ny8yLzEgIDUzNDYvMy8xICA1MzQ1LzQvMSANCmYgIDU0NDcvMS8xICA1NDQ4LzIvMSAgNTM0Ny8zLzEgIDUzNDYvNC8xIA0KZiAgNTQ0OC8xLzEgIDU0NDkvMi8xICA1MzQ4LzMvMSAgNTM0Ny80LzEgDQpmICA1NDQ5LzEvMSAgNTQ1MC8yLzEgIDUzNDkvMy8xICA1MzQ4LzQvMSANCmYgIDU0NTAvMS8xICA1NDUxLzIvMSAgNTM1MC8zLzEgIDUzNDkvNC8xIA0KZiAgNTQ1MS8xLzEgIDU0NTIvMi8xICA1MzUxLzMvMSAgNTM1MC80LzEgDQpmICA1NDUyLzEvMSAgNTQ1My8yLzEgIDUzNTIvMy8xICA1MzUxLzQvMSANCmYgIDU0NTMvMS8xICA1NDU0LzIvMSAgNTM1My8zLzEgIDUzNTIvNC8xIA0KZiAgNTQ1NS8xLzEgIDU0NTYvMi8xICA1MzU1LzMvMSAgNTM1NC80LzEgDQpmICA1NDU2LzEvMSAgNTQ1Ny8yLzEgIDUzNTYvMy8xICA1MzU1LzQvMSANCmYgIDU0NTcvMS8xICA1NDU4LzIvMSAgNTM1Ny8zLzEgIDUzNTYvNC8xIA0KZiAgNTQ1OC8xLzEgIDU0NTkvMi8xICA1MzU4LzMvMSAgNTM1Ny80LzEgDQpmICA1NDU5LzEvMSAgNTQ2MC8yLzEgIDUzNTkvMy8xICA1MzU4LzQvMSANCmYgIDU0NjAvMS8xICA1NDYxLzIvMSAgNTM2MC8zLzEgIDUzNTkvNC8xIA0KZiAgNTQ2MS8xLzEgIDU0NjIvMi8xICA1MzYxLzMvMSAgNTM2MC80LzEgDQpmICA1NDYyLzEvMSAgNTQ2My8yLzEgIDUzNjIvMy8xICA1MzYxLzQvMSANCmYgIDU0NjMvMS8xICA1NDY0LzIvMSAgNTM2My8zLzEgIDUzNjIvNC8xIA0KZiAgNTQ2NC8xLzEgIDU0NjUvMi8xICA1MzY0LzMvMSAgNTM2My80LzEgDQpmICA1NDY1LzEvMSAgNTQ2Ni8yLzEgIDUzNjUvMy8xICA1MzY0LzQvMSANCmYgIDU0NjYvMS8xICA1NDY3LzIvMSAgNTM2Ni8zLzEgIDUzNjUvNC8xIA0KZiAgNTQ2Ny8xLzEgIDU0NjgvMi8xICA1MzY3LzMvMSAgNTM2Ni80LzEgDQpmICA1NDY4LzEvMSAgNTQ2OS8yLzEgIDUzNjgvMy8xICA1MzY3LzQvMSANCmYgIDU0NjkvMS8xICA1NDcwLzIvMSAgNTM2OS8zLzEgIDUzNjgvNC8xIA0KZiAgNTQ3MC8xLzEgIDU0NzEvMi8xICA1MzcwLzMvMSAgNTM2OS80LzEgDQpmICA1NDcxLzEvMSAgNTQ3Mi8yLzEgIDUzNzEvMy8xICA1MzcwLzQvMSANCmYgIDU0NzIvMS8xICA1NDczLzIvMSAgNTM3Mi8zLzEgIDUzNzEvNC8xIA0KZiAgNTQ3My8xLzEgIDU0NzQvMi8xICA1MzczLzMvMSAgNTM3Mi80LzEgDQpmICA1NDc0LzEvMSAgNTQ3NS8yLzEgIDUzNzQvMy8xICA1MzczLzQvMSANCmYgIDU0NzUvMS8xICA1NDc2LzIvMSAgNTM3NS8zLzEgIDUzNzQvNC8xIA0KZiAgNTQ3Ni8xLzEgIDU0NzcvMi8xICA1Mzc2LzMvMSAgNTM3NS80LzEgDQpmICA1NDc3LzEvMSAgNTQ3OC8yLzEgIDUzNzcvMy8xICA1Mzc2LzQvMSANCmYgIDU0NzgvMS8xICA1NDc5LzIvMSAgNTM3OC8zLzEgIDUzNzcvNC8xIA0KZiAgNTQ3OS8xLzEgIDU0ODAvMi8xICA1Mzc5LzMvMSAgNTM3OC80LzEgDQpmICA1NDgwLzEvMSAgNTQ4MS8yLzEgIDUzODAvMy8xICA1Mzc5LzQvMSANCmYgIDU0ODEvMS8xICA1NDgyLzIvMSAgNTM4MS8zLzEgIDUzODAvNC8xIA0KZiAgNTQ4Mi8xLzEgIDU0ODMvMi8xICA1MzgyLzMvMSAgNTM4MS80LzEgDQpmICA1NDgzLzEvMSAgNTQ4NC8yLzEgIDUzODMvMy8xICA1MzgyLzQvMSANCmYgIDU0ODQvMS8xICA1NDg1LzIvMSAgNTM4NC8zLzEgIDUzODMvNC8xIA0KZiAgNTQ4NS8xLzEgIDU0ODYvMi8xICA1Mzg1LzMvMSAgNTM4NC80LzEgDQpmICA1NDg2LzEvMSAgNTQ4Ny8yLzEgIDUzODYvMy8xICA1Mzg1LzQvMSANCmYgIDU0ODcvMS8xICA1NDg4LzIvMSAgNTM4Ny8zLzEgIDUzODYvNC8xIA0KZiAgNTQ4OC8xLzEgIDU0ODkvMi8xICA1Mzg4LzMvMSAgNTM4Ny80LzEgDQpmICA1NDg5LzEvMSAgNTQ5MC8yLzEgIDUzODkvMy8xICA1Mzg4LzQvMSANCmYgIDU0OTAvMS8xICA1NDkxLzIvMSAgNTM5MC8zLzEgIDUzODkvNC8xIA0KZiAgNTQ5MS8xLzEgIDU0OTIvMi8xICA1MzkxLzMvMSAgNTM5MC80LzEgDQpmICA1NDkyLzEvMSAgNTQ5My8yLzEgIDUzOTIvMy8xICA1MzkxLzQvMSANCmYgIDU0OTMvMS8xICA1NDk0LzIvMSAgNTM5My8zLzEgIDUzOTIvNC8xIA0KZiAgNTQ5NC8xLzEgIDU0OTUvMi8xICA1Mzk0LzMvMSAgNTM5My80LzEgDQpmICA1NDk1LzEvMSAgNTQ5Ni8yLzEgIDUzOTUvMy8xICA1Mzk0LzQvMSANCmYgIDU0OTYvMS8xICA1NDk3LzIvMSAgNTM5Ni8zLzEgIDUzOTUvNC8xIA0KZiAgNTQ5Ny8xLzEgIDU0OTgvMi8xICA1Mzk3LzMvMSAgNTM5Ni80LzEgDQpmICA1NDk4LzEvMSAgNTQ5OS8yLzEgIDUzOTgvMy8xICA1Mzk3LzQvMSANCmYgIDU0OTkvMS8xICA1NTAwLzIvMSAgNTM5OS8zLzEgIDUzOTgvNC8xIA0KZiAgNTUwMC8xLzEgIDU1MDEvMi8xICA1NDAwLzMvMSAgNTM5OS80LzEgDQpmICA1NTAxLzEvMSAgNTUwMi8yLzEgIDU0MDEvMy8xICA1NDAwLzQvMSANCmYgIDU1MDIvMS8xICA1NTAzLzIvMSAgNTQwMi8zLzEgIDU0MDEvNC8xIA0KZiAgNTUwMy8xLzEgIDU1MDQvMi8xICA1NDAzLzMvMSAgNTQwMi80LzEgDQpmICA1NTA0LzEvMSAgNTUwNS8yLzEgIDU0MDQvMy8xICA1NDAzLzQvMSANCmYgIDU1MDUvMS8xICA1NTA2LzIvMSAgNTQwNS8zLzEgIDU0MDQvNC8xIA0KZiAgNTUwNi8xLzEgIDU1MDcvMi8xICA1NDA2LzMvMSAgNTQwNS80LzEgDQpmICA1NTA3LzEvMSAgNTUwOC8yLzEgIDU0MDcvMy8xICA1NDA2LzQvMSANCmYgIDU1MDgvMS8xICA1NTA5LzIvMSAgNTQwOC8zLzEgIDU0MDcvNC8xIA0KZiAgNTUwOS8xLzEgIDU1MTAvMi8xICA1NDA5LzMvMSAgNTQwOC80LzEgDQpmICA1NTEwLzEvMSAgNTUxMS8yLzEgIDU0MTAvMy8xICA1NDA5LzQvMSANCmYgIDU1MTEvMS8xICA1NTEyLzIvMSAgNTQxMS8zLzEgIDU0MTAvNC8xIA0KZiAgNTUxMi8xLzEgIDU1MTMvMi8xICA1NDEyLzMvMSAgNTQxMS80LzEgDQpmICA1NTEzLzEvMSAgNTUxNC8yLzEgIDU0MTMvMy8xICA1NDEyLzQvMSANCmYgIDU1MTQvMS8xICA1NTE1LzIvMSAgNTQxNC8zLzEgIDU0MTMvNC8xIA0KZiAgNTUxNS8xLzEgIDU1MTYvMi8xICA1NDE1LzMvMSAgNTQxNC80LzEgDQpmICA1NTE2LzEvMSAgNTUxNy8yLzEgIDU0MTYvMy8xICA1NDE1LzQvMSANCmYgIDU1MTcvMS8xICA1NTE4LzIvMSAgNTQxNy8zLzEgIDU0MTYvNC8xIA0KZiAgNTUxOC8xLzEgIDU1MTkvMi8xICA1NDE4LzMvMSAgNTQxNy80LzEgDQpmICA1NTE5LzEvMSAgNTUyMC8yLzEgIDU0MTkvMy8xICA1NDE4LzQvMSANCmYgIDU1MjAvMS8xICA1NTIxLzIvMSAgNTQyMC8zLzEgIDU0MTkvNC8xIA0KZiAgNTUyMS8xLzEgIDU1MjIvMi8xICA1NDIxLzMvMSAgNTQyMC80LzEgDQpmICA1NTIyLzEvMSAgNTUyMy8yLzEgIDU0MjIvMy8xICA1NDIxLzQvMSANCmYgIDU1MjMvMS8xICA1NTI0LzIvMSAgNTQyMy8zLzEgIDU0MjIvNC8xIA0KZiAgNTUyNC8xLzEgIDU1MjUvMi8xICA1NDI0LzMvMSAgNTQyMy80LzEgDQpmICA1NTI1LzEvMSAgNTUyNi8yLzEgIDU0MjUvMy8xICA1NDI0LzQvMSANCmYgIDU1MjYvMS8xICA1NTI3LzIvMSAgNTQyNi8zLzEgIDU0MjUvNC8xIA0KZiAgNTUyNy8xLzEgIDU1MjgvMi8xICA1NDI3LzMvMSAgNTQyNi80LzEgDQpmICA1NTI4LzEvMSAgNTUyOS8yLzEgIDU0MjgvMy8xICA1NDI3LzQvMSANCmYgIDU1MjkvMS8xICA1NTMwLzIvMSAgNTQyOS8zLzEgIDU0MjgvNC8xIA0KZiAgNTUzMC8xLzEgIDU1MzEvMi8xICA1NDMwLzMvMSAgNTQyOS80LzEgDQpmICA1NTMxLzEvMSAgNTUzMi8yLzEgIDU0MzEvMy8xICA1NDMwLzQvMSANCmYgIDU1MzIvMS8xICA1NTMzLzIvMSAgNTQzMi8zLzEgIDU0MzEvNC8xIA0KZiAgNTUzMy8xLzEgIDU1MzQvMi8xICA1NDMzLzMvMSAgNTQzMi80LzEgDQpmICA1NTM0LzEvMSAgNTUzNS8yLzEgIDU0MzQvMy8xICA1NDMzLzQvMSANCmYgIDU1MzUvMS8xICA1NTM2LzIvMSAgNTQzNS8zLzEgIDU0MzQvNC8xIA0KZiAgNTUzNi8xLzEgIDU1MzcvMi8xICA1NDM2LzMvMSAgNTQzNS80LzEgDQpmICA1NTM3LzEvMSAgNTUzOC8yLzEgIDU0MzcvMy8xICA1NDM2LzQvMSANCmYgIDU1MzgvMS8xICA1NTM5LzIvMSAgNTQzOC8zLzEgIDU0MzcvNC8xIA0KZiAgNTUzOS8xLzEgIDU1NDAvMi8xICA1NDM5LzMvMSAgNTQzOC80LzEgDQpmICA1NTQwLzEvMSAgNTU0MS8yLzEgIDU0NDAvMy8xICA1NDM5LzQvMSANCmYgIDU1NDEvMS8xICA1NTQyLzIvMSAgNTQ0MS8zLzEgIDU0NDAvNC8xIA0KZiAgNTU0Mi8xLzEgIDU1NDMvMi8xICA1NDQyLzMvMSAgNTQ0MS80LzEgDQpmICA1NTQzLzEvMSAgNTU0NC8yLzEgIDU0NDMvMy8xICA1NDQyLzQvMSANCmYgIDU1NDQvMS8xICA1NTQ1LzIvMSAgNTQ0NC8zLzEgIDU0NDMvNC8xIA0KZiAgNTU0NS8xLzEgIDU1NDYvMi8xICA1NDQ1LzMvMSAgNTQ0NC80LzEgDQpmICA1NTQ2LzEvMSAgNTU0Ny8yLzEgIDU0NDYvMy8xICA1NDQ1LzQvMSANCmYgIDU1NDcvMS8xICA1NTQ4LzIvMSAgNTQ0Ny8zLzEgIDU0NDYvNC8xIA0KZiAgNTU0OC8xLzEgIDU1NDkvMi8xICA1NDQ4LzMvMSAgNTQ0Ny80LzEgDQpmICA1NTQ5LzEvMSAgNTU1MC8yLzEgIDU0NDkvMy8xICA1NDQ4LzQvMSANCmYgIDU1NTAvMS8xICA1NTUxLzIvMSAgNTQ1MC8zLzEgIDU0NDkvNC8xIA0KZiAgNTU1MS8xLzEgIDU1NTIvMi8xICA1NDUxLzMvMSAgNTQ1MC80LzEgDQpmICA1NTUyLzEvMSAgNTU1My8yLzEgIDU0NTIvMy8xICA1NDUxLzQvMSANCmYgIDU1NTMvMS8xICA1NTU0LzIvMSAgNTQ1My8zLzEgIDU0NTIvNC8xIA0KZiAgNTU1NC8xLzEgIDU1NTUvMi8xICA1NDU0LzMvMSAgNTQ1My80LzEgDQpmICA1NTU2LzEvMSAgNTU1Ny8yLzEgIDU0NTYvMy8xICA1NDU1LzQvMSANCmYgIDU1NTcvMS8xICA1NTU4LzIvMSAgNTQ1Ny8zLzEgIDU0NTYvNC8xIA0KZiAgNTU1OC8xLzEgIDU1NTkvMi8xICA1NDU4LzMvMSAgNTQ1Ny80LzEgDQpmICA1NTU5LzEvMSAgNTU2MC8yLzEgIDU0NTkvMy8xICA1NDU4LzQvMSANCmYgIDU1NjAvMS8xICA1NTYxLzIvMSAgNTQ2MC8zLzEgIDU0NTkvNC8xIA0KZiAgNTU2MS8xLzEgIDU1NjIvMi8xICA1NDYxLzMvMSAgNTQ2MC80LzEgDQpmICA1NTYyLzEvMSAgNTU2My8yLzEgIDU0NjIvMy8xICA1NDYxLzQvMSANCmYgIDU1NjMvMS8xICA1NTY0LzIvMSAgNTQ2My8zLzEgIDU0NjIvNC8xIA0KZiAgNTU2NC8xLzEgIDU1NjUvMi8xICA1NDY0LzMvMSAgNTQ2My80LzEgDQpmICA1NTY1LzEvMSAgNTU2Ni8yLzEgIDU0NjUvMy8xICA1NDY0LzQvMSANCmYgIDU1NjYvMS8xICA1NTY3LzIvMSAgNTQ2Ni8zLzEgIDU0NjUvNC8xIA0KZiAgNTU2Ny8xLzEgIDU1NjgvMi8xICA1NDY3LzMvMSAgNTQ2Ni80LzEgDQpmICA1NTY4LzEvMSAgNTU2OS8yLzEgIDU0NjgvMy8xICA1NDY3LzQvMSANCmYgIDU1NjkvMS8xICA1NTcwLzIvMSAgNTQ2OS8zLzEgIDU0NjgvNC8xIA0KZiAgNTU3MC8xLzEgIDU1NzEvMi8xICA1NDcwLzMvMSAgNTQ2OS80LzEgDQpmICA1NTcxLzEvMSAgNTU3Mi8yLzEgIDU0NzEvMy8xICA1NDcwLzQvMSANCmYgIDU1NzIvMS8xICA1NTczLzIvMSAgNTQ3Mi8zLzEgIDU0NzEvNC8xIA0KZiAgNTU3My8xLzEgIDU1NzQvMi8xICA1NDczLzMvMSAgNTQ3Mi80LzEgDQpmICA1NTc0LzEvMSAgNTU3NS8yLzEgIDU0NzQvMy8xICA1NDczLzQvMSANCmYgIDU1NzUvMS8xICA1NTc2LzIvMSAgNTQ3NS8zLzEgIDU0NzQvNC8xIA0KZiAgNTU3Ni8xLzEgIDU1NzcvMi8xICA1NDc2LzMvMSAgNTQ3NS80LzEgDQpmICA1NTc3LzEvMSAgNTU3OC8yLzEgIDU0NzcvMy8xICA1NDc2LzQvMSANCmYgIDU1NzgvMS8xICA1NTc5LzIvMSAgNTQ3OC8zLzEgIDU0NzcvNC8xIA0KZiAgNTU3OS8xLzEgIDU1ODAvMi8xICA1NDc5LzMvMSAgNTQ3OC80LzEgDQpmICA1NTgwLzEvMSAgNTU4MS8yLzEgIDU0ODAvMy8xICA1NDc5LzQvMSANCmYgIDU1ODEvMS8xICA1NTgyLzIvMSAgNTQ4MS8zLzEgIDU0ODAvNC8xIA0KZiAgNTU4Mi8xLzEgIDU1ODMvMi8xICA1NDgyLzMvMSAgNTQ4MS80LzEgDQpmICA1NTgzLzEvMSAgNTU4NC8yLzEgIDU0ODMvMy8xICA1NDgyLzQvMSANCmYgIDU1ODQvMS8xICA1NTg1LzIvMSAgNTQ4NC8zLzEgIDU0ODMvNC8xIA0KZiAgNTU4NS8xLzEgIDU1ODYvMi8xICA1NDg1LzMvMSAgNTQ4NC80LzEgDQpmICA1NTg2LzEvMSAgNTU4Ny8yLzEgIDU0ODYvMy8xICA1NDg1LzQvMSANCmYgIDU1ODcvMS8xICA1NTg4LzIvMSAgNTQ4Ny8zLzEgIDU0ODYvNC8xIA0KZiAgNTU4OC8xLzEgIDU1ODkvMi8xICA1NDg4LzMvMSAgNTQ4Ny80LzEgDQpmICA1NTg5LzEvMSAgNTU5MC8yLzEgIDU0ODkvMy8xICA1NDg4LzQvMSANCmYgIDU1OTAvMS8xICA1NTkxLzIvMSAgNTQ5MC8zLzEgIDU0ODkvNC8xIA0KZiAgNTU5MS8xLzEgIDU1OTIvMi8xICA1NDkxLzMvMSAgNTQ5MC80LzEgDQpmICA1NTkyLzEvMSAgNTU5My8yLzEgIDU0OTIvMy8xICA1NDkxLzQvMSANCmYgIDU1OTMvMS8xICA1NTk0LzIvMSAgNTQ5My8zLzEgIDU0OTIvNC8xIA0KZiAgNTU5NC8xLzEgIDU1OTUvMi8xICA1NDk0LzMvMSAgNTQ5My80LzEgDQpmICA1NTk1LzEvMSAgNTU5Ni8yLzEgIDU0OTUvMy8xICA1NDk0LzQvMSANCmYgIDU1OTYvMS8xICA1NTk3LzIvMSAgNTQ5Ni8zLzEgIDU0OTUvNC8xIA0KZiAgNTU5Ny8xLzEgIDU1OTgvMi8xICA1NDk3LzMvMSAgNTQ5Ni80LzEgDQpmICA1NTk4LzEvMSAgNTU5OS8yLzEgIDU0OTgvMy8xICA1NDk3LzQvMSANCmYgIDU1OTkvMS8xICA1NjAwLzIvMSAgNTQ5OS8zLzEgIDU0OTgvNC8xIA0KZiAgNTYwMC8xLzEgIDU2MDEvMi8xICA1NTAwLzMvMSAgNTQ5OS80LzEgDQpmICA1NjAxLzEvMSAgNTYwMi8yLzEgIDU1MDEvMy8xICA1NTAwLzQvMSANCmYgIDU2MDIvMS8xICA1NjAzLzIvMSAgNTUwMi8zLzEgIDU1MDEvNC8xIA0KZiAgNTYwMy8xLzEgIDU2MDQvMi8xICA1NTAzLzMvMSAgNTUwMi80LzEgDQpmICA1NjA0LzEvMSAgNTYwNS8yLzEgIDU1MDQvMy8xICA1NTAzLzQvMSANCmYgIDU2MDUvMS8xICA1NjA2LzIvMSAgNTUwNS8zLzEgIDU1MDQvNC8xIA0KZiAgNTYwNi8xLzEgIDU2MDcvMi8xICA1NTA2LzMvMSAgNTUwNS80LzEgDQpmICA1NjA3LzEvMSAgNTYwOC8yLzEgIDU1MDcvMy8xICA1NTA2LzQvMSANCmYgIDU2MDgvMS8xICA1NjA5LzIvMSAgNTUwOC8zLzEgIDU1MDcvNC8xIA0KZiAgNTYwOS8xLzEgIDU2MTAvMi8xICA1NTA5LzMvMSAgNTUwOC80LzEgDQpmICA1NjEwLzEvMSAgNTYxMS8yLzEgIDU1MTAvMy8xICA1NTA5LzQvMSANCmYgIDU2MTEvMS8xICA1NjEyLzIvMSAgNTUxMS8zLzEgIDU1MTAvNC8xIA0KZiAgNTYxMi8xLzEgIDU2MTMvMi8xICA1NTEyLzMvMSAgNTUxMS80LzEgDQpmICA1NjEzLzEvMSAgNTYxNC8yLzEgIDU1MTMvMy8xICA1NTEyLzQvMSANCmYgIDU2MTQvMS8xICA1NjE1LzIvMSAgNTUxNC8zLzEgIDU1MTMvNC8xIA0KZiAgNTYxNS8xLzEgIDU2MTYvMi8xICA1NTE1LzMvMSAgNTUxNC80LzEgDQpmICA1NjE2LzEvMSAgNTYxNy8yLzEgIDU1MTYvMy8xICA1NTE1LzQvMSANCmYgIDU2MTcvMS8xICA1NjE4LzIvMSAgNTUxNy8zLzEgIDU1MTYvNC8xIA0KZiAgNTYxOC8xLzEgIDU2MTkvMi8xICA1NTE4LzMvMSAgNTUxNy80LzEgDQpmICA1NjE5LzEvMSAgNTYyMC8yLzEgIDU1MTkvMy8xICA1NTE4LzQvMSANCmYgIDU2MjAvMS8xICA1NjIxLzIvMSAgNTUyMC8zLzEgIDU1MTkvNC8xIA0KZiAgNTYyMS8xLzEgIDU2MjIvMi8xICA1NTIxLzMvMSAgNTUyMC80LzEgDQpmICA1NjIyLzEvMSAgNTYyMy8yLzEgIDU1MjIvMy8xICA1NTIxLzQvMSANCmYgIDU2MjMvMS8xICA1NjI0LzIvMSAgNTUyMy8zLzEgIDU1MjIvNC8xIA0KZiAgNTYyNC8xLzEgIDU2MjUvMi8xICA1NTI0LzMvMSAgNTUyMy80LzEgDQpmICA1NjI1LzEvMSAgNTYyNi8yLzEgIDU1MjUvMy8xICA1NTI0LzQvMSANCmYgIDU2MjYvMS8xICA1NjI3LzIvMSAgNTUyNi8zLzEgIDU1MjUvNC8xIA0KZiAgNTYyNy8xLzEgIDU2MjgvMi8xICA1NTI3LzMvMSAgNTUyNi80LzEgDQpmICA1NjI4LzEvMSAgNTYyOS8yLzEgIDU1MjgvMy8xICA1NTI3LzQvMSANCmYgIDU2MjkvMS8xICA1NjMwLzIvMSAgNTUyOS8zLzEgIDU1MjgvNC8xIA0KZiAgNTYzMC8xLzEgIDU2MzEvMi8xICA1NTMwLzMvMSAgNTUyOS80LzEgDQpmICA1NjMxLzEvMSAgNTYzMi8yLzEgIDU1MzEvMy8xICA1NTMwLzQvMSANCmYgIDU2MzIvMS8xICA1NjMzLzIvMSAgNTUzMi8zLzEgIDU1MzEvNC8xIA0KZiAgNTYzMy8xLzEgIDU2MzQvMi8xICA1NTMzLzMvMSAgNTUzMi80LzEgDQpmICA1NjM0LzEvMSAgNTYzNS8yLzEgIDU1MzQvMy8xICA1NTMzLzQvMSANCmYgIDU2MzUvMS8xICA1NjM2LzIvMSAgNTUzNS8zLzEgIDU1MzQvNC8xIA0KZiAgNTYzNi8xLzEgIDU2MzcvMi8xICA1NTM2LzMvMSAgNTUzNS80LzEgDQpmICA1NjM3LzEvMSAgNTYzOC8yLzEgIDU1MzcvMy8xICA1NTM2LzQvMSANCmYgIDU2MzgvMS8xICA1NjM5LzIvMSAgNTUzOC8zLzEgIDU1MzcvNC8xIA0KZiAgNTYzOS8xLzEgIDU2NDAvMi8xICA1NTM5LzMvMSAgNTUzOC80LzEgDQpmICA1NjQwLzEvMSAgNTY0MS8yLzEgIDU1NDAvMy8xICA1NTM5LzQvMSANCmYgIDU2NDEvMS8xICA1NjQyLzIvMSAgNTU0MS8zLzEgIDU1NDAvNC8xIA0KZiAgNTY0Mi8xLzEgIDU2NDMvMi8xICA1NTQyLzMvMSAgNTU0MS80LzEgDQpmICA1NjQzLzEvMSAgNTY0NC8yLzEgIDU1NDMvMy8xICA1NTQyLzQvMSANCmYgIDU2NDQvMS8xICA1NjQ1LzIvMSAgNTU0NC8zLzEgIDU1NDMvNC8xIA0KZiAgNTY0NS8xLzEgIDU2NDYvMi8xICA1NTQ1LzMvMSAgNTU0NC80LzEgDQpmICA1NjQ2LzEvMSAgNTY0Ny8yLzEgIDU1NDYvMy8xICA1NTQ1LzQvMSANCmYgIDU2NDcvMS8xICA1NjQ4LzIvMSAgNTU0Ny8zLzEgIDU1NDYvNC8xIA0KZiAgNTY0OC8xLzEgIDU2NDkvMi8xICA1NTQ4LzMvMSAgNTU0Ny80LzEgDQpmICA1NjQ5LzEvMSAgNTY1MC8yLzEgIDU1NDkvMy8xICA1NTQ4LzQvMSANCmYgIDU2NTAvMS8xICA1NjUxLzIvMSAgNTU1MC8zLzEgIDU1NDkvNC8xIA0KZiAgNTY1MS8xLzEgIDU2NTIvMi8xICA1NTUxLzMvMSAgNTU1MC80LzEgDQpmICA1NjUyLzEvMSAgNTY1My8yLzEgIDU1NTIvMy8xICA1NTUxLzQvMSANCmYgIDU2NTMvMS8xICA1NjU0LzIvMSAgNTU1My8zLzEgIDU1NTIvNC8xIA0KZiAgNTY1NC8xLzEgIDU2NTUvMi8xICA1NTU0LzMvMSAgNTU1My80LzEgDQpmICA1NjU1LzEvMSAgNTY1Ni8yLzEgIDU1NTUvMy8xICA1NTU0LzQvMSANCmYgIDU2NTcvMS8xICA1NjU4LzIvMSAgNTU1Ny8zLzEgIDU1NTYvNC8xIA0KZiAgNTY1OC8xLzEgIDU2NTkvMi8xICA1NTU4LzMvMSAgNTU1Ny80LzEgDQpmICA1NjU5LzEvMSAgNTY2MC8yLzEgIDU1NTkvMy8xICA1NTU4LzQvMSANCmYgIDU2NjAvMS8xICA1NjYxLzIvMSAgNTU2MC8zLzEgIDU1NTkvNC8xIA0KZiAgNTY2MS8xLzEgIDU2NjIvMi8xICA1NTYxLzMvMSAgNTU2MC80LzEgDQpmICA1NjYyLzEvMSAgNTY2My8yLzEgIDU1NjIvMy8xICA1NTYxLzQvMSANCmYgIDU2NjMvMS8xICA1NjY0LzIvMSAgNTU2My8zLzEgIDU1NjIvNC8xIA0KZiAgNTY2NC8xLzEgIDU2NjUvMi8xICA1NTY0LzMvMSAgNTU2My80LzEgDQpmICA1NjY1LzEvMSAgNTY2Ni8yLzEgIDU1NjUvMy8xICA1NTY0LzQvMSANCmYgIDU2NjYvMS8xICA1NjY3LzIvMSAgNTU2Ni8zLzEgIDU1NjUvNC8xIA0KZiAgNTY2Ny8xLzEgIDU2NjgvMi8xICA1NTY3LzMvMSAgNTU2Ni80LzEgDQpmICA1NjY4LzEvMSAgNTY2OS8yLzEgIDU1NjgvMy8xICA1NTY3LzQvMSANCmYgIDU2NjkvMS8xICA1NjcwLzIvMSAgNTU2OS8zLzEgIDU1NjgvNC8xIA0KZiAgNTY3MC8xLzEgIDU2NzEvMi8xICA1NTcwLzMvMSAgNTU2OS80LzEgDQpmICA1NjcxLzEvMSAgNTY3Mi8yLzEgIDU1NzEvMy8xICA1NTcwLzQvMSANCmYgIDU2NzIvMS8xICA1NjczLzIvMSAgNTU3Mi8zLzEgIDU1NzEvNC8xIA0KZiAgNTY3My8xLzEgIDU2NzQvMi8xICA1NTczLzMvMSAgNTU3Mi80LzEgDQpmICA1Njc0LzEvMSAgNTY3NS8yLzEgIDU1NzQvMy8xICA1NTczLzQvMSANCmYgIDU2NzUvMS8xICA1Njc2LzIvMSAgNTU3NS8zLzEgIDU1NzQvNC8xIA0KZiAgNTY3Ni8xLzEgIDU2NzcvMi8xICA1NTc2LzMvMSAgNTU3NS80LzEgDQpmICA1Njc3LzEvMSAgNTY3OC8yLzEgIDU1NzcvMy8xICA1NTc2LzQvMSANCmYgIDU2NzgvMS8xICA1Njc5LzIvMSAgNTU3OC8zLzEgIDU1NzcvNC8xIA0KZiAgNTY3OS8xLzEgIDU2ODAvMi8xICA1NTc5LzMvMSAgNTU3OC80LzEgDQpmICA1NjgwLzEvMSAgNTY4MS8yLzEgIDU1ODAvMy8xICA1NTc5LzQvMSANCmYgIDU2ODEvMS8xICA1NjgyLzIvMSAgNTU4MS8zLzEgIDU1ODAvNC8xIA0KZiAgNTY4Mi8xLzEgIDU2ODMvMi8xICA1NTgyLzMvMSAgNTU4MS80LzEgDQpmICA1NjgzLzEvMSAgNTY4NC8yLzEgIDU1ODMvMy8xICA1NTgyLzQvMSANCmYgIDU2ODQvMS8xICA1Njg1LzIvMSAgNTU4NC8zLzEgIDU1ODMvNC8xIA0KZiAgNTY4NS8xLzEgIDU2ODYvMi8xICA1NTg1LzMvMSAgNTU4NC80LzEgDQpmICA1Njg2LzEvMSAgNTY4Ny8yLzEgIDU1ODYvMy8xICA1NTg1LzQvMSANCmYgIDU2ODcvMS8xICA1Njg4LzIvMSAgNTU4Ny8zLzEgIDU1ODYvNC8xIA0KZiAgNTY4OC8xLzEgIDU2ODkvMi8xICA1NTg4LzMvMSAgNTU4Ny80LzEgDQpmICA1Njg5LzEvMSAgNTY5MC8yLzEgIDU1ODkvMy8xICA1NTg4LzQvMSANCmYgIDU2OTAvMS8xICA1NjkxLzIvMSAgNTU5MC8zLzEgIDU1ODkvNC8xIA0KZiAgNTY5MS8xLzEgIDU2OTIvMi8xICA1NTkxLzMvMSAgNTU5MC80LzEgDQpmICA1NjkyLzEvMSAgNTY5My8yLzEgIDU1OTIvMy8xICA1NTkxLzQvMSANCmYgIDU2OTMvMS8xICA1Njk0LzIvMSAgNTU5My8zLzEgIDU1OTIvNC8xIA0KZiAgNTY5NC8xLzEgIDU2OTUvMi8xICA1NTk0LzMvMSAgNTU5My80LzEgDQpmICA1Njk1LzEvMSAgNTY5Ni8yLzEgIDU1OTUvMy8xICA1NTk0LzQvMSANCmYgIDU2OTYvMS8xICA1Njk3LzIvMSAgNTU5Ni8zLzEgIDU1OTUvNC8xIA0KZiAgNTY5Ny8xLzEgIDU2OTgvMi8xICA1NTk3LzMvMSAgNTU5Ni80LzEgDQpmICA1Njk4LzEvMSAgNTY5OS8yLzEgIDU1OTgvMy8xICA1NTk3LzQvMSANCmYgIDU2OTkvMS8xICA1NzAwLzIvMSAgNTU5OS8zLzEgIDU1OTgvNC8xIA0KZiAgNTcwMC8xLzEgIDU3MDEvMi8xICA1NjAwLzMvMSAgNTU5OS80LzEgDQpmICA1NzAxLzEvMSAgNTcwMi8yLzEgIDU2MDEvMy8xICA1NjAwLzQvMSANCmYgIDU3MDIvMS8xICA1NzAzLzIvMSAgNTYwMi8zLzEgIDU2MDEvNC8xIA0KZiAgNTcwMy8xLzEgIDU3MDQvMi8xICA1NjAzLzMvMSAgNTYwMi80LzEgDQpmICA1NzA0LzEvMSAgNTcwNS8yLzEgIDU2MDQvMy8xICA1NjAzLzQvMSANCmYgIDU3MDUvMS8xICA1NzA2LzIvMSAgNTYwNS8zLzEgIDU2MDQvNC8xIA0KZiAgNTcwNi8xLzEgIDU3MDcvMi8xICA1NjA2LzMvMSAgNTYwNS80LzEgDQpmICA1NzA3LzEvMSAgNTcwOC8yLzEgIDU2MDcvMy8xICA1NjA2LzQvMSANCmYgIDU3MDgvMS8xICA1NzA5LzIvMSAgNTYwOC8zLzEgIDU2MDcvNC8xIA0KZiAgNTcwOS8xLzEgIDU3MTAvMi8xICA1NjA5LzMvMSAgNTYwOC80LzEgDQpmICA1NzEwLzEvMSAgNTcxMS8yLzEgIDU2MTAvMy8xICA1NjA5LzQvMSANCmYgIDU3MTEvMS8xICA1NzEyLzIvMSAgNTYxMS8zLzEgIDU2MTAvNC8xIA0KZiAgNTcxMi8xLzEgIDU3MTMvMi8xICA1NjEyLzMvMSAgNTYxMS80LzEgDQpmICA1NzEzLzEvMSAgNTcxNC8yLzEgIDU2MTMvMy8xICA1NjEyLzQvMSANCmYgIDU3MTQvMS8xICA1NzE1LzIvMSAgNTYxNC8zLzEgIDU2MTMvNC8xIA0KZiAgNTcxNS8xLzEgIDU3MTYvMi8xICA1NjE1LzMvMSAgNTYxNC80LzEgDQpmICA1NzE2LzEvMSAgNTcxNy8yLzEgIDU2MTYvMy8xICA1NjE1LzQvMSANCmYgIDU3MTcvMS8xICA1NzE4LzIvMSAgNTYxNy8zLzEgIDU2MTYvNC8xIA0KZiAgNTcxOC8xLzEgIDU3MTkvMi8xICA1NjE4LzMvMSAgNTYxNy80LzEgDQpmICA1NzE5LzEvMSAgNTcyMC8yLzEgIDU2MTkvMy8xICA1NjE4LzQvMSANCmYgIDU3MjAvMS8xICA1NzIxLzIvMSAgNTYyMC8zLzEgIDU2MTkvNC8xIA0KZiAgNTcyMS8xLzEgIDU3MjIvMi8xICA1NjIxLzMvMSAgNTYyMC80LzEgDQpmICA1NzIyLzEvMSAgNTcyMy8yLzEgIDU2MjIvMy8xICA1NjIxLzQvMSANCmYgIDU3MjMvMS8xICA1NzI0LzIvMSAgNTYyMy8zLzEgIDU2MjIvNC8xIA0KZiAgNTcyNC8xLzEgIDU3MjUvMi8xICA1NjI0LzMvMSAgNTYyMy80LzEgDQpmICA1NzI1LzEvMSAgNTcyNi8yLzEgIDU2MjUvMy8xICA1NjI0LzQvMSANCmYgIDU3MjYvMS8xICA1NzI3LzIvMSAgNTYyNi8zLzEgIDU2MjUvNC8xIA0KZiAgNTcyNy8xLzEgIDU3MjgvMi8xICA1NjI3LzMvMSAgNTYyNi80LzEgDQpmICA1NzI4LzEvMSAgNTcyOS8yLzEgIDU2MjgvMy8xICA1NjI3LzQvMSANCmYgIDU3MjkvMS8xICA1NzMwLzIvMSAgNTYyOS8zLzEgIDU2MjgvNC8xIA0KZiAgNTczMC8xLzEgIDU3MzEvMi8xICA1NjMwLzMvMSAgNTYyOS80LzEgDQpmICA1NzMxLzEvMSAgNTczMi8yLzEgIDU2MzEvMy8xICA1NjMwLzQvMSANCmYgIDU3MzIvMS8xICA1NzMzLzIvMSAgNTYzMi8zLzEgIDU2MzEvNC8xIA0KZiAgNTczMy8xLzEgIDU3MzQvMi8xICA1NjMzLzMvMSAgNTYzMi80LzEgDQpmICA1NzM0LzEvMSAgNTczNS8yLzEgIDU2MzQvMy8xICA1NjMzLzQvMSANCmYgIDU3MzUvMS8xICA1NzM2LzIvMSAgNTYzNS8zLzEgIDU2MzQvNC8xIA0KZiAgNTczNi8xLzEgIDU3MzcvMi8xICA1NjM2LzMvMSAgNTYzNS80LzEgDQpmICA1NzM3LzEvMSAgNTczOC8yLzEgIDU2MzcvMy8xICA1NjM2LzQvMSANCmYgIDU3MzgvMS8xICA1NzM5LzIvMSAgNTYzOC8zLzEgIDU2MzcvNC8xIA0KZiAgNTczOS8xLzEgIDU3NDAvMi8xICA1NjM5LzMvMSAgNTYzOC80LzEgDQpmICA1NzQwLzEvMSAgNTc0MS8yLzEgIDU2NDAvMy8xICA1NjM5LzQvMSANCmYgIDU3NDEvMS8xICA1NzQyLzIvMSAgNTY0MS8zLzEgIDU2NDAvNC8xIA0KZiAgNTc0Mi8xLzEgIDU3NDMvMi8xICA1NjQyLzMvMSAgNTY0MS80LzEgDQpmICA1NzQzLzEvMSAgNTc0NC8yLzEgIDU2NDMvMy8xICA1NjQyLzQvMSANCmYgIDU3NDQvMS8xICA1NzQ1LzIvMSAgNTY0NC8zLzEgIDU2NDMvNC8xIA0KZiAgNTc0NS8xLzEgIDU3NDYvMi8xICA1NjQ1LzMvMSAgNTY0NC80LzEgDQpmICA1NzQ2LzEvMSAgNTc0Ny8yLzEgIDU2NDYvMy8xICA1NjQ1LzQvMSANCmYgIDU3NDcvMS8xICA1NzQ4LzIvMSAgNTY0Ny8zLzEgIDU2NDYvNC8xIA0KZiAgNTc0OC8xLzEgIDU3NDkvMi8xICA1NjQ4LzMvMSAgNTY0Ny80LzEgDQpmICA1NzQ5LzEvMSAgNTc1MC8yLzEgIDU2NDkvMy8xICA1NjQ4LzQvMSANCmYgIDU3NTAvMS8xICA1NzUxLzIvMSAgNTY1MC8zLzEgIDU2NDkvNC8xIA0KZiAgNTc1MS8xLzEgIDU3NTIvMi8xICA1NjUxLzMvMSAgNTY1MC80LzEgDQpmICA1NzUyLzEvMSAgNTc1My8yLzEgIDU2NTIvMy8xICA1NjUxLzQvMSANCmYgIDU3NTMvMS8xICA1NzU0LzIvMSAgNTY1My8zLzEgIDU2NTIvNC8xIA0KZiAgNTc1NC8xLzEgIDU3NTUvMi8xICA1NjU0LzMvMSAgNTY1My80LzEgDQpmICA1NzU1LzEvMSAgNTc1Ni8yLzEgIDU2NTUvMy8xICA1NjU0LzQvMSANCmYgIDU3NTYvMS8xICA1NzU3LzIvMSAgNTY1Ni8zLzEgIDU2NTUvNC8xIA0KZiAgNTc1OC8xLzEgIDU3NTkvMi8xICA1NjU4LzMvMSAgNTY1Ny80LzEgDQpmICA1NzU5LzEvMSAgNTc2MC8yLzEgIDU2NTkvMy8xICA1NjU4LzQvMSANCmYgIDU3NjAvMS8xICA1NzYxLzIvMSAgNTY2MC8zLzEgIDU2NTkvNC8xIA0KZiAgNTc2MS8xLzEgIDU3NjIvMi8xICA1NjYxLzMvMSAgNTY2MC80LzEgDQpmICA1NzYyLzEvMSAgNTc2My8yLzEgIDU2NjIvMy8xICA1NjYxLzQvMSANCmYgIDU3NjMvMS8xICA1NzY0LzIvMSAgNTY2My8zLzEgIDU2NjIvNC8xIA0KZiAgNTc2NC8xLzEgIDU3NjUvMi8xICA1NjY0LzMvMSAgNTY2My80LzEgDQpmICA1NzY1LzEvMSAgNTc2Ni8yLzEgIDU2NjUvMy8xICA1NjY0LzQvMSANCmYgIDU3NjYvMS8xICA1NzY3LzIvMSAgNTY2Ni8zLzEgIDU2NjUvNC8xIA0KZiAgNTc2Ny8xLzEgIDU3NjgvMi8xICA1NjY3LzMvMSAgNTY2Ni80LzEgDQpmICA1NzY4LzEvMSAgNTc2OS8yLzEgIDU2NjgvMy8xICA1NjY3LzQvMSANCmYgIDU3NjkvMS8xICA1NzcwLzIvMSAgNTY2OS8zLzEgIDU2NjgvNC8xIA0KZiAgNTc3MC8xLzEgIDU3NzEvMi8xICA1NjcwLzMvMSAgNTY2OS80LzEgDQpmICA1NzcxLzEvMSAgNTc3Mi8yLzEgIDU2NzEvMy8xICA1NjcwLzQvMSANCmYgIDU3NzIvMS8xICA1NzczLzIvMSAgNTY3Mi8zLzEgIDU2NzEvNC8xIA0KZiAgNTc3My8xLzEgIDU3NzQvMi8xICA1NjczLzMvMSAgNTY3Mi80LzEgDQpmICA1Nzc0LzEvMSAgNTc3NS8yLzEgIDU2NzQvMy8xICA1NjczLzQvMSANCmYgIDU3NzUvMS8xICA1Nzc2LzIvMSAgNTY3NS8zLzEgIDU2NzQvNC8xIA0KZiAgNTc3Ni8xLzEgIDU3NzcvMi8xICA1Njc2LzMvMSAgNTY3NS80LzEgDQpmICA1Nzc3LzEvMSAgNTc3OC8yLzEgIDU2NzcvMy8xICA1Njc2LzQvMSANCmYgIDU3NzgvMS8xICA1Nzc5LzIvMSAgNTY3OC8zLzEgIDU2NzcvNC8xIA0KZiAgNTc3OS8xLzEgIDU3ODAvMi8xICA1Njc5LzMvMSAgNTY3OC80LzEgDQpmICA1NzgwLzEvMSAgNTc4MS8yLzEgIDU2ODAvMy8xICA1Njc5LzQvMSANCmYgIDU3ODEvMS8xICA1NzgyLzIvMSAgNTY4MS8zLzEgIDU2ODAvNC8xIA0KZiAgNTc4Mi8xLzEgIDU3ODMvMi8xICA1NjgyLzMvMSAgNTY4MS80LzEgDQpmICA1NzgzLzEvMSAgNTc4NC8yLzEgIDU2ODMvMy8xICA1NjgyLzQvMSANCmYgIDU3ODQvMS8xICA1Nzg1LzIvMSAgNTY4NC8zLzEgIDU2ODMvNC8xIA0KZiAgNTc4NS8xLzEgIDU3ODYvMi8xICA1Njg1LzMvMSAgNTY4NC80LzEgDQpmICA1Nzg2LzEvMSAgNTc4Ny8yLzEgIDU2ODYvMy8xICA1Njg1LzQvMSANCmYgIDU3ODcvMS8xICA1Nzg4LzIvMSAgNTY4Ny8zLzEgIDU2ODYvNC8xIA0KZiAgNTc4OC8xLzEgIDU3ODkvMi8xICA1Njg4LzMvMSAgNTY4Ny80LzEgDQpmICA1Nzg5LzEvMSAgNTc5MC8yLzEgIDU2ODkvMy8xICA1Njg4LzQvMSANCmYgIDU3OTAvMS8xICA1NzkxLzIvMSAgNTY5MC8zLzEgIDU2ODkvNC8xIA0KZiAgNTc5MS8xLzEgIDU3OTIvMi8xICA1NjkxLzMvMSAgNTY5MC80LzEgDQpmICA1NzkyLzEvMSAgNTc5My8yLzEgIDU2OTIvMy8xICA1NjkxLzQvMSANCmYgIDU3OTMvMS8xICA1Nzk0LzIvMSAgNTY5My8zLzEgIDU2OTIvNC8xIA0KZiAgNTc5NC8xLzEgIDU3OTUvMi8xICA1Njk0LzMvMSAgNTY5My80LzEgDQpmICA1Nzk1LzEvMSAgNTc5Ni8yLzEgIDU2OTUvMy8xICA1Njk0LzQvMSANCmYgIDU3OTYvMS8xICA1Nzk3LzIvMSAgNTY5Ni8zLzEgIDU2OTUvNC8xIA0KZiAgNTc5Ny8xLzEgIDU3OTgvMi8xICA1Njk3LzMvMSAgNTY5Ni80LzEgDQpmICA1Nzk4LzEvMSAgNTc5OS8yLzEgIDU2OTgvMy8xICA1Njk3LzQvMSANCmYgIDU3OTkvMS8xICA1ODAwLzIvMSAgNTY5OS8zLzEgIDU2OTgvNC8xIA0KZiAgNTgwMC8xLzEgIDU4MDEvMi8xICA1NzAwLzMvMSAgNTY5OS80LzEgDQpmICA1ODAxLzEvMSAgNTgwMi8yLzEgIDU3MDEvMy8xICA1NzAwLzQvMSANCmYgIDU4MDIvMS8xICA1ODAzLzIvMSAgNTcwMi8zLzEgIDU3MDEvNC8xIA0KZiAgNTgwMy8xLzEgIDU4MDQvMi8xICA1NzAzLzMvMSAgNTcwMi80LzEgDQpmICA1ODA0LzEvMSAgNTgwNS8yLzEgIDU3MDQvMy8xICA1NzAzLzQvMSANCmYgIDU4MDUvMS8xICA1ODA2LzIvMSAgNTcwNS8zLzEgIDU3MDQvNC8xIA0KZiAgNTgwNi8xLzEgIDU4MDcvMi8xICA1NzA2LzMvMSAgNTcwNS80LzEgDQpmICA1ODA3LzEvMSAgNTgwOC8yLzEgIDU3MDcvMy8xICA1NzA2LzQvMSANCmYgIDU4MDgvMS8xICA1ODA5LzIvMSAgNTcwOC8zLzEgIDU3MDcvNC8xIA0KZiAgNTgwOS8xLzEgIDU4MTAvMi8xICA1NzA5LzMvMSAgNTcwOC80LzEgDQpmICA1ODEwLzEvMSAgNTgxMS8yLzEgIDU3MTAvMy8xICA1NzA5LzQvMSANCmYgIDU4MTEvMS8xICA1ODEyLzIvMSAgNTcxMS8zLzEgIDU3MTAvNC8xIA0KZiAgNTgxMi8xLzEgIDU4MTMvMi8xICA1NzEyLzMvMSAgNTcxMS80LzEgDQpmICA1ODEzLzEvMSAgNTgxNC8yLzEgIDU3MTMvMy8xICA1NzEyLzQvMSANCmYgIDU4MTQvMS8xICA1ODE1LzIvMSAgNTcxNC8zLzEgIDU3MTMvNC8xIA0KZiAgNTgxNS8xLzEgIDU4MTYvMi8xICA1NzE1LzMvMSAgNTcxNC80LzEgDQpmICA1ODE2LzEvMSAgNTgxNy8yLzEgIDU3MTYvMy8xICA1NzE1LzQvMSANCmYgIDU4MTcvMS8xICA1ODE4LzIvMSAgNTcxNy8zLzEgIDU3MTYvNC8xIA0KZiAgNTgxOC8xLzEgIDU4MTkvMi8xICA1NzE4LzMvMSAgNTcxNy80LzEgDQpmICA1ODE5LzEvMSAgNTgyMC8yLzEgIDU3MTkvMy8xICA1NzE4LzQvMSANCmYgIDU4MjAvMS8xICA1ODIxLzIvMSAgNTcyMC8zLzEgIDU3MTkvNC8xIA0KZiAgNTgyMS8xLzEgIDU4MjIvMi8xICA1NzIxLzMvMSAgNTcyMC80LzEgDQpmICA1ODIyLzEvMSAgNTgyMy8yLzEgIDU3MjIvMy8xICA1NzIxLzQvMSANCmYgIDU4MjMvMS8xICA1ODI0LzIvMSAgNTcyMy8zLzEgIDU3MjIvNC8xIA0KZiAgNTgyNC8xLzEgIDU4MjUvMi8xICA1NzI0LzMvMSAgNTcyMy80LzEgDQpmICA1ODI1LzEvMSAgNTgyNi8yLzEgIDU3MjUvMy8xICA1NzI0LzQvMSANCmYgIDU4MjYvMS8xICA1ODI3LzIvMSAgNTcyNi8zLzEgIDU3MjUvNC8xIA0KZiAgNTgyNy8xLzEgIDU4MjgvMi8xICA1NzI3LzMvMSAgNTcyNi80LzEgDQpmICA1ODI4LzEvMSAgNTgyOS8yLzEgIDU3MjgvMy8xICA1NzI3LzQvMSANCmYgIDU4MjkvMS8xICA1ODMwLzIvMSAgNTcyOS8zLzEgIDU3MjgvNC8xIA0KZiAgNTgzMC8xLzEgIDU4MzEvMi8xICA1NzMwLzMvMSAgNTcyOS80LzEgDQpmICA1ODMxLzEvMSAgNTgzMi8yLzEgIDU3MzEvMy8xICA1NzMwLzQvMSANCmYgIDU4MzIvMS8xICA1ODMzLzIvMSAgNTczMi8zLzEgIDU3MzEvNC8xIA0KZiAgNTgzMy8xLzEgIDU4MzQvMi8xICA1NzMzLzMvMSAgNTczMi80LzEgDQpmICA1ODM0LzEvMSAgNTgzNS8yLzEgIDU3MzQvMy8xICA1NzMzLzQvMSANCmYgIDU4MzUvMS8xICA1ODM2LzIvMSAgNTczNS8zLzEgIDU3MzQvNC8xIA0KZiAgNTgzNi8xLzEgIDU4MzcvMi8xICA1NzM2LzMvMSAgNTczNS80LzEgDQpmICA1ODM3LzEvMSAgNTgzOC8yLzEgIDU3MzcvMy8xICA1NzM2LzQvMSANCmYgIDU4MzgvMS8xICA1ODM5LzIvMSAgNTczOC8zLzEgIDU3MzcvNC8xIA0KZiAgNTgzOS8xLzEgIDU4NDAvMi8xICA1NzM5LzMvMSAgNTczOC80LzEgDQpmICA1ODQwLzEvMSAgNTg0MS8yLzEgIDU3NDAvMy8xICA1NzM5LzQvMSANCmYgIDU4NDEvMS8xICA1ODQyLzIvMSAgNTc0MS8zLzEgIDU3NDAvNC8xIA0KZiAgNTg0Mi8xLzEgIDU4NDMvMi8xICA1NzQyLzMvMSAgNTc0MS80LzEgDQpmICA1ODQzLzEvMSAgNTg0NC8yLzEgIDU3NDMvMy8xICA1NzQyLzQvMSANCmYgIDU4NDQvMS8xICA1ODQ1LzIvMSAgNTc0NC8zLzEgIDU3NDMvNC8xIA0KZiAgNTg0NS8xLzEgIDU4NDYvMi8xICA1NzQ1LzMvMSAgNTc0NC80LzEgDQpmICA1ODQ2LzEvMSAgNTg0Ny8yLzEgIDU3NDYvMy8xICA1NzQ1LzQvMSANCmYgIDU4NDcvMS8xICA1ODQ4LzIvMSAgNTc0Ny8zLzEgIDU3NDYvNC8xIA0KZiAgNTg0OC8xLzEgIDU4NDkvMi8xICA1NzQ4LzMvMSAgNTc0Ny80LzEgDQpmICA1ODQ5LzEvMSAgNTg1MC8yLzEgIDU3NDkvMy8xICA1NzQ4LzQvMSANCmYgIDU4NTAvMS8xICA1ODUxLzIvMSAgNTc1MC8zLzEgIDU3NDkvNC8xIA0KZiAgNTg1MS8xLzEgIDU4NTIvMi8xICA1NzUxLzMvMSAgNTc1MC80LzEgDQpmICA1ODUyLzEvMSAgNTg1My8yLzEgIDU3NTIvMy8xICA1NzUxLzQvMSANCmYgIDU4NTMvMS8xICA1ODU0LzIvMSAgNTc1My8zLzEgIDU3NTIvNC8xIA0KZiAgNTg1NC8xLzEgIDU4NTUvMi8xICA1NzU0LzMvMSAgNTc1My80LzEgDQpmICA1ODU1LzEvMSAgNTg1Ni8yLzEgIDU3NTUvMy8xICA1NzU0LzQvMSANCmYgIDU4NTYvMS8xICA1ODU3LzIvMSAgNTc1Ni8zLzEgIDU3NTUvNC8xIA0KZiAgNTg1Ny8xLzEgIDU4NTgvMi8xICA1NzU3LzMvMSAgNTc1Ni80LzEgDQpmICA1ODU5LzEvMSAgNTg2MC8yLzEgIDU3NTkvMy8xICA1NzU4LzQvMSANCmYgIDU4NjAvMS8xICA1ODYxLzIvMSAgNTc2MC8zLzEgIDU3NTkvNC8xIA0KZiAgNTg2MS8xLzEgIDU4NjIvMi8xICA1NzYxLzMvMSAgNTc2MC80LzEgDQpmICA1ODYyLzEvMSAgNTg2My8yLzEgIDU3NjIvMy8xICA1NzYxLzQvMSANCmYgIDU4NjMvMS8xICA1ODY0LzIvMSAgNTc2My8zLzEgIDU3NjIvNC8xIA0KZiAgNTg2NC8xLzEgIDU4NjUvMi8xICA1NzY0LzMvMSAgNTc2My80LzEgDQpmICA1ODY1LzEvMSAgNTg2Ni8yLzEgIDU3NjUvMy8xICA1NzY0LzQvMSANCmYgIDU4NjYvMS8xICA1ODY3LzIvMSAgNTc2Ni8zLzEgIDU3NjUvNC8xIA0KZiAgNTg2Ny8xLzEgIDU4NjgvMi8xICA1NzY3LzMvMSAgNTc2Ni80LzEgDQpmICA1ODY4LzEvMSAgNTg2OS8yLzEgIDU3NjgvMy8xICA1NzY3LzQvMSANCmYgIDU4NjkvMS8xICA1ODcwLzIvMSAgNTc2OS8zLzEgIDU3NjgvNC8xIA0KZiAgNTg3MC8xLzEgIDU4NzEvMi8xICA1NzcwLzMvMSAgNTc2OS80LzEgDQpmICA1ODcxLzEvMSAgNTg3Mi8yLzEgIDU3NzEvMy8xICA1NzcwLzQvMSANCmYgIDU4NzIvMS8xICA1ODczLzIvMSAgNTc3Mi8zLzEgIDU3NzEvNC8xIA0KZiAgNTg3My8xLzEgIDU4NzQvMi8xICA1NzczLzMvMSAgNTc3Mi80LzEgDQpmICA1ODc0LzEvMSAgNTg3NS8yLzEgIDU3NzQvMy8xICA1NzczLzQvMSANCmYgIDU4NzUvMS8xICA1ODc2LzIvMSAgNTc3NS8zLzEgIDU3NzQvNC8xIA0KZiAgNTg3Ni8xLzEgIDU4NzcvMi8xICA1Nzc2LzMvMSAgNTc3NS80LzEgDQpmICA1ODc3LzEvMSAgNTg3OC8yLzEgIDU3NzcvMy8xICA1Nzc2LzQvMSANCmYgIDU4NzgvMS8xICA1ODc5LzIvMSAgNTc3OC8zLzEgIDU3NzcvNC8xIA0KZiAgNTg3OS8xLzEgIDU4ODAvMi8xICA1Nzc5LzMvMSAgNTc3OC80LzEgDQpmICA1ODgwLzEvMSAgNTg4MS8yLzEgIDU3ODAvMy8xICA1Nzc5LzQvMSANCmYgIDU4ODEvMS8xICA1ODgyLzIvMSAgNTc4MS8zLzEgIDU3ODAvNC8xIA0KZiAgNTg4Mi8xLzEgIDU4ODMvMi8xICA1NzgyLzMvMSAgNTc4MS80LzEgDQpmICA1ODgzLzEvMSAgNTg4NC8yLzEgIDU3ODMvMy8xICA1NzgyLzQvMSANCmYgIDU4ODQvMS8xICA1ODg1LzIvMSAgNTc4NC8zLzEgIDU3ODMvNC8xIA0KZiAgNTg4NS8xLzEgIDU4ODYvMi8xICA1Nzg1LzMvMSAgNTc4NC80LzEgDQpmICA1ODg2LzEvMSAgNTg4Ny8yLzEgIDU3ODYvMy8xICA1Nzg1LzQvMSANCmYgIDU4ODcvMS8xICA1ODg4LzIvMSAgNTc4Ny8zLzEgIDU3ODYvNC8xIA0KZiAgNTg4OC8xLzEgIDU4ODkvMi8xICA1Nzg4LzMvMSAgNTc4Ny80LzEgDQpmICA1ODg5LzEvMSAgNTg5MC8yLzEgIDU3ODkvMy8xICA1Nzg4LzQvMSANCmYgIDU4OTAvMS8xICA1ODkxLzIvMSAgNTc5MC8zLzEgIDU3ODkvNC8xIA0KZiAgNTg5MS8xLzEgIDU4OTIvMi8xICA1NzkxLzMvMSAgNTc5MC80LzEgDQpmICA1ODkyLzEvMSAgNTg5My8yLzEgIDU3OTIvMy8xICA1NzkxLzQvMSANCmYgIDU4OTMvMS8xICA1ODk0LzIvMSAgNTc5My8zLzEgIDU3OTIvNC8xIA0KZiAgNTg5NC8xLzEgIDU4OTUvMi8xICA1Nzk0LzMvMSAgNTc5My80LzEgDQpmICA1ODk1LzEvMSAgNTg5Ni8yLzEgIDU3OTUvMy8xICA1Nzk0LzQvMSANCmYgIDU4OTYvMS8xICA1ODk3LzIvMSAgNTc5Ni8zLzEgIDU3OTUvNC8xIA0KZiAgNTg5Ny8xLzEgIDU4OTgvMi8xICA1Nzk3LzMvMSAgNTc5Ni80LzEgDQpmICA1ODk4LzEvMSAgNTg5OS8yLzEgIDU3OTgvMy8xICA1Nzk3LzQvMSANCmYgIDU4OTkvMS8xICA1OTAwLzIvMSAgNTc5OS8zLzEgIDU3OTgvNC8xIA0KZiAgNTkwMC8xLzEgIDU5MDEvMi8xICA1ODAwLzMvMSAgNTc5OS80LzEgDQpmICA1OTAxLzEvMSAgNTkwMi8yLzEgIDU4MDEvMy8xICA1ODAwLzQvMSANCmYgIDU5MDIvMS8xICA1OTAzLzIvMSAgNTgwMi8zLzEgIDU4MDEvNC8xIA0KZiAgNTkwMy8xLzEgIDU5MDQvMi8xICA1ODAzLzMvMSAgNTgwMi80LzEgDQpmICA1OTA0LzEvMSAgNTkwNS8yLzEgIDU4MDQvMy8xICA1ODAzLzQvMSANCmYgIDU5MDUvMS8xICA1OTA2LzIvMSAgNTgwNS8zLzEgIDU4MDQvNC8xIA0KZiAgNTkwNi8xLzEgIDU5MDcvMi8xICA1ODA2LzMvMSAgNTgwNS80LzEgDQpmICA1OTA3LzEvMSAgNTkwOC8yLzEgIDU4MDcvMy8xICA1ODA2LzQvMSANCmYgIDU5MDgvMS8xICA1OTA5LzIvMSAgNTgwOC8zLzEgIDU4MDcvNC8xIA0KZiAgNTkwOS8xLzEgIDU5MTAvMi8xICA1ODA5LzMvMSAgNTgwOC80LzEgDQpmICA1OTEwLzEvMSAgNTkxMS8yLzEgIDU4MTAvMy8xICA1ODA5LzQvMSANCmYgIDU5MTEvMS8xICA1OTEyLzIvMSAgNTgxMS8zLzEgIDU4MTAvNC8xIA0KZiAgNTkxMi8xLzEgIDU5MTMvMi8xICA1ODEyLzMvMSAgNTgxMS80LzEgDQpmICA1OTEzLzEvMSAgNTkxNC8yLzEgIDU4MTMvMy8xICA1ODEyLzQvMSANCmYgIDU5MTQvMS8xICA1OTE1LzIvMSAgNTgxNC8zLzEgIDU4MTMvNC8xIA0KZiAgNTkxNS8xLzEgIDU5MTYvMi8xICA1ODE1LzMvMSAgNTgxNC80LzEgDQpmICA1OTE2LzEvMSAgNTkxNy8yLzEgIDU4MTYvMy8xICA1ODE1LzQvMSANCmYgIDU5MTcvMS8xICA1OTE4LzIvMSAgNTgxNy8zLzEgIDU4MTYvNC8xIA0KZiAgNTkxOC8xLzEgIDU5MTkvMi8xICA1ODE4LzMvMSAgNTgxNy80LzEgDQpmICA1OTE5LzEvMSAgNTkyMC8yLzEgIDU4MTkvMy8xICA1ODE4LzQvMSANCmYgIDU5MjAvMS8xICA1OTIxLzIvMSAgNTgyMC8zLzEgIDU4MTkvNC8xIA0KZiAgNTkyMS8xLzEgIDU5MjIvMi8xICA1ODIxLzMvMSAgNTgyMC80LzEgDQpmICA1OTIyLzEvMSAgNTkyMy8yLzEgIDU4MjIvMy8xICA1ODIxLzQvMSANCmYgIDU5MjMvMS8xICA1OTI0LzIvMSAgNTgyMy8zLzEgIDU4MjIvNC8xIA0KZiAgNTkyNC8xLzEgIDU5MjUvMi8xICA1ODI0LzMvMSAgNTgyMy80LzEgDQpmICA1OTI1LzEvMSAgNTkyNi8yLzEgIDU4MjUvMy8xICA1ODI0LzQvMSANCmYgIDU5MjYvMS8xICA1OTI3LzIvMSAgNTgyNi8zLzEgIDU4MjUvNC8xIA0KZiAgNTkyNy8xLzEgIDU5MjgvMi8xICA1ODI3LzMvMSAgNTgyNi80LzEgDQpmICA1OTI4LzEvMSAgNTkyOS8yLzEgIDU4MjgvMy8xICA1ODI3LzQvMSANCmYgIDU5MjkvMS8xICA1OTMwLzIvMSAgNTgyOS8zLzEgIDU4MjgvNC8xIA0KZiAgNTkzMC8xLzEgIDU5MzEvMi8xICA1ODMwLzMvMSAgNTgyOS80LzEgDQpmICA1OTMxLzEvMSAgNTkzMi8yLzEgIDU4MzEvMy8xICA1ODMwLzQvMSANCmYgIDU5MzIvMS8xICA1OTMzLzIvMSAgNTgzMi8zLzEgIDU4MzEvNC8xIA0KZiAgNTkzMy8xLzEgIDU5MzQvMi8xICA1ODMzLzMvMSAgNTgzMi80LzEgDQpmICA1OTM0LzEvMSAgNTkzNS8yLzEgIDU4MzQvMy8xICA1ODMzLzQvMSANCmYgIDU5MzUvMS8xICA1OTM2LzIvMSAgNTgzNS8zLzEgIDU4MzQvNC8xIA0KZiAgNTkzNi8xLzEgIDU5MzcvMi8xICA1ODM2LzMvMSAgNTgzNS80LzEgDQpmICA1OTM3LzEvMSAgNTkzOC8yLzEgIDU4MzcvMy8xICA1ODM2LzQvMSANCmYgIDU5MzgvMS8xICA1OTM5LzIvMSAgNTgzOC8zLzEgIDU4MzcvNC8xIA0KZiAgNTkzOS8xLzEgIDU5NDAvMi8xICA1ODM5LzMvMSAgNTgzOC80LzEgDQpmICA1OTQwLzEvMSAgNTk0MS8yLzEgIDU4NDAvMy8xICA1ODM5LzQvMSANCmYgIDU5NDEvMS8xICA1OTQyLzIvMSAgNTg0MS8zLzEgIDU4NDAvNC8xIA0KZiAgNTk0Mi8xLzEgIDU5NDMvMi8xICA1ODQyLzMvMSAgNTg0MS80LzEgDQpmICA1OTQzLzEvMSAgNTk0NC8yLzEgIDU4NDMvMy8xICA1ODQyLzQvMSANCmYgIDU5NDQvMS8xICA1OTQ1LzIvMSAgNTg0NC8zLzEgIDU4NDMvNC8xIA0KZiAgNTk0NS8xLzEgIDU5NDYvMi8xICA1ODQ1LzMvMSAgNTg0NC80LzEgDQpmICA1OTQ2LzEvMSAgNTk0Ny8yLzEgIDU4NDYvMy8xICA1ODQ1LzQvMSANCmYgIDU5NDcvMS8xICA1OTQ4LzIvMSAgNTg0Ny8zLzEgIDU4NDYvNC8xIA0KZiAgNTk0OC8xLzEgIDU5NDkvMi8xICA1ODQ4LzMvMSAgNTg0Ny80LzEgDQpmICA1OTQ5LzEvMSAgNTk1MC8yLzEgIDU4NDkvMy8xICA1ODQ4LzQvMSANCmYgIDU5NTAvMS8xICA1OTUxLzIvMSAgNTg1MC8zLzEgIDU4NDkvNC8xIA0KZiAgNTk1MS8xLzEgIDU5NTIvMi8xICA1ODUxLzMvMSAgNTg1MC80LzEgDQpmICA1OTUyLzEvMSAgNTk1My8yLzEgIDU4NTIvMy8xICA1ODUxLzQvMSANCmYgIDU5NTMvMS8xICA1OTU0LzIvMSAgNTg1My8zLzEgIDU4NTIvNC8xIA0KZiAgNTk1NC8xLzEgIDU5NTUvMi8xICA1ODU0LzMvMSAgNTg1My80LzEgDQpmICA1OTU1LzEvMSAgNTk1Ni8yLzEgIDU4NTUvMy8xICA1ODU0LzQvMSANCmYgIDU5NTYvMS8xICA1OTU3LzIvMSAgNTg1Ni8zLzEgIDU4NTUvNC8xIA0KZiAgNTk1Ny8xLzEgIDU5NTgvMi8xICA1ODU3LzMvMSAgNTg1Ni80LzEgDQpmICA1OTU4LzEvMSAgNTk1OS8yLzEgIDU4NTgvMy8xICA1ODU3LzQvMSANCmYgIDU5NjAvMS8xICA1OTYxLzIvMSAgNTg2MC8zLzEgIDU4NTkvNC8xIA0KZiAgNTk2MS8xLzEgIDU5NjIvMi8xICA1ODYxLzMvMSAgNTg2MC80LzEgDQpmICA1OTYyLzEvMSAgNTk2My8yLzEgIDU4NjIvMy8xICA1ODYxLzQvMSANCmYgIDU5NjMvMS8xICA1OTY0LzIvMSAgNTg2My8zLzEgIDU4NjIvNC8xIA0KZiAgNTk2NC8xLzEgIDU5NjUvMi8xICA1ODY0LzMvMSAgNTg2My80LzEgDQpmICA1OTY1LzEvMSAgNTk2Ni8yLzEgIDU4NjUvMy8xICA1ODY0LzQvMSANCmYgIDU5NjYvMS8xICA1OTY3LzIvMSAgNTg2Ni8zLzEgIDU4NjUvNC8xIA0KZiAgNTk2Ny8xLzEgIDU5NjgvMi8xICA1ODY3LzMvMSAgNTg2Ni80LzEgDQpmICA1OTY4LzEvMSAgNTk2OS8yLzEgIDU4NjgvMy8xICA1ODY3LzQvMSANCmYgIDU5NjkvMS8xICA1OTcwLzIvMSAgNTg2OS8zLzEgIDU4NjgvNC8xIA0KZiAgNTk3MC8xLzEgIDU5NzEvMi8xICA1ODcwLzMvMSAgNTg2OS80LzEgDQpmICA1OTcxLzEvMSAgNTk3Mi8yLzEgIDU4NzEvMy8xICA1ODcwLzQvMSANCmYgIDU5NzIvMS8xICA1OTczLzIvMSAgNTg3Mi8zLzEgIDU4NzEvNC8xIA0KZiAgNTk3My8xLzEgIDU5NzQvMi8xICA1ODczLzMvMSAgNTg3Mi80LzEgDQpmICA1OTc0LzEvMSAgNTk3NS8yLzEgIDU4NzQvMy8xICA1ODczLzQvMSANCmYgIDU5NzUvMS8xICA1OTc2LzIvMSAgNTg3NS8zLzEgIDU4NzQvNC8xIA0KZiAgNTk3Ni8xLzEgIDU5NzcvMi8xICA1ODc2LzMvMSAgNTg3NS80LzEgDQpmICA1OTc3LzEvMSAgNTk3OC8yLzEgIDU4NzcvMy8xICA1ODc2LzQvMSANCmYgIDU5NzgvMS8xICA1OTc5LzIvMSAgNTg3OC8zLzEgIDU4NzcvNC8xIA0KZiAgNTk3OS8xLzEgIDU5ODAvMi8xICA1ODc5LzMvMSAgNTg3OC80LzEgDQpmICA1OTgwLzEvMSAgNTk4MS8yLzEgIDU4ODAvMy8xICA1ODc5LzQvMSANCmYgIDU5ODEvMS8xICA1OTgyLzIvMSAgNTg4MS8zLzEgIDU4ODAvNC8xIA0KZiAgNTk4Mi8xLzEgIDU5ODMvMi8xICA1ODgyLzMvMSAgNTg4MS80LzEgDQpmICA1OTgzLzEvMSAgNTk4NC8yLzEgIDU4ODMvMy8xICA1ODgyLzQvMSANCmYgIDU5ODQvMS8xICA1OTg1LzIvMSAgNTg4NC8zLzEgIDU4ODMvNC8xIA0KZiAgNTk4NS8xLzEgIDU5ODYvMi8xICA1ODg1LzMvMSAgNTg4NC80LzEgDQpmICA1OTg2LzEvMSAgNTk4Ny8yLzEgIDU4ODYvMy8xICA1ODg1LzQvMSANCmYgIDU5ODcvMS8xICA1OTg4LzIvMSAgNTg4Ny8zLzEgIDU4ODYvNC8xIA0KZiAgNTk4OC8xLzEgIDU5ODkvMi8xICA1ODg4LzMvMSAgNTg4Ny80LzEgDQpmICA1OTg5LzEvMSAgNTk5MC8yLzEgIDU4ODkvMy8xICA1ODg4LzQvMSANCmYgIDU5OTAvMS8xICA1OTkxLzIvMSAgNTg5MC8zLzEgIDU4ODkvNC8xIA0KZiAgNTk5MS8xLzEgIDU5OTIvMi8xICA1ODkxLzMvMSAgNTg5MC80LzEgDQpmICA1OTkyLzEvMSAgNTk5My8yLzEgIDU4OTIvMy8xICA1ODkxLzQvMSANCmYgIDU5OTMvMS8xICA1OTk0LzIvMSAgNTg5My8zLzEgIDU4OTIvNC8xIA0KZiAgNTk5NC8xLzEgIDU5OTUvMi8xICA1ODk0LzMvMSAgNTg5My80LzEgDQpmICA1OTk1LzEvMSAgNTk5Ni8yLzEgIDU4OTUvMy8xICA1ODk0LzQvMSANCmYgIDU5OTYvMS8xICA1OTk3LzIvMSAgNTg5Ni8zLzEgIDU4OTUvNC8xIA0KZiAgNTk5Ny8xLzEgIDU5OTgvMi8xICA1ODk3LzMvMSAgNTg5Ni80LzEgDQpmICA1OTk4LzEvMSAgNTk5OS8yLzEgIDU4OTgvMy8xICA1ODk3LzQvMSANCmYgIDU5OTkvMS8xICA2MDAwLzIvMSAgNTg5OS8zLzEgIDU4OTgvNC8xIA0KZiAgNjAwMC8xLzEgIDYwMDEvMi8xICA1OTAwLzMvMSAgNTg5OS80LzEgDQpmICA2MDAxLzEvMSAgNjAwMi8yLzEgIDU5MDEvMy8xICA1OTAwLzQvMSANCmYgIDYwMDIvMS8xICA2MDAzLzIvMSAgNTkwMi8zLzEgIDU5MDEvNC8xIA0KZiAgNjAwMy8xLzEgIDYwMDQvMi8xICA1OTAzLzMvMSAgNTkwMi80LzEgDQpmICA2MDA0LzEvMSAgNjAwNS8yLzEgIDU5MDQvMy8xICA1OTAzLzQvMSANCmYgIDYwMDUvMS8xICA2MDA2LzIvMSAgNTkwNS8zLzEgIDU5MDQvNC8xIA0KZiAgNjAwNi8xLzEgIDYwMDcvMi8xICA1OTA2LzMvMSAgNTkwNS80LzEgDQpmICA2MDA3LzEvMSAgNjAwOC8yLzEgIDU5MDcvMy8xICA1OTA2LzQvMSANCmYgIDYwMDgvMS8xICA2MDA5LzIvMSAgNTkwOC8zLzEgIDU5MDcvNC8xIA0KZiAgNjAwOS8xLzEgIDYwMTAvMi8xICA1OTA5LzMvMSAgNTkwOC80LzEgDQpmICA2MDEwLzEvMSAgNjAxMS8yLzEgIDU5MTAvMy8xICA1OTA5LzQvMSANCmYgIDYwMTEvMS8xICA2MDEyLzIvMSAgNTkxMS8zLzEgIDU5MTAvNC8xIA0KZiAgNjAxMi8xLzEgIDYwMTMvMi8xICA1OTEyLzMvMSAgNTkxMS80LzEgDQpmICA2MDEzLzEvMSAgNjAxNC8yLzEgIDU5MTMvMy8xICA1OTEyLzQvMSANCmYgIDYwMTQvMS8xICA2MDE1LzIvMSAgNTkxNC8zLzEgIDU5MTMvNC8xIA0KZiAgNjAxNS8xLzEgIDYwMTYvMi8xICA1OTE1LzMvMSAgNTkxNC80LzEgDQpmICA2MDE2LzEvMSAgNjAxNy8yLzEgIDU5MTYvMy8xICA1OTE1LzQvMSANCmYgIDYwMTcvMS8xICA2MDE4LzIvMSAgNTkxNy8zLzEgIDU5MTYvNC8xIA0KZiAgNjAxOC8xLzEgIDYwMTkvMi8xICA1OTE4LzMvMSAgNTkxNy80LzEgDQpmICA2MDE5LzEvMSAgNjAyMC8yLzEgIDU5MTkvMy8xICA1OTE4LzQvMSANCmYgIDYwMjAvMS8xICA2MDIxLzIvMSAgNTkyMC8zLzEgIDU5MTkvNC8xIA0KZiAgNjAyMS8xLzEgIDYwMjIvMi8xICA1OTIxLzMvMSAgNTkyMC80LzEgDQpmICA2MDIyLzEvMSAgNjAyMy8yLzEgIDU5MjIvMy8xICA1OTIxLzQvMSANCmYgIDYwMjMvMS8xICA2MDI0LzIvMSAgNTkyMy8zLzEgIDU5MjIvNC8xIA0KZiAgNjAyNC8xLzEgIDYwMjUvMi8xICA1OTI0LzMvMSAgNTkyMy80LzEgDQpmICA2MDI1LzEvMSAgNjAyNi8yLzEgIDU5MjUvMy8xICA1OTI0LzQvMSANCmYgIDYwMjYvMS8xICA2MDI3LzIvMSAgNTkyNi8zLzEgIDU5MjUvNC8xIA0KZiAgNjAyNy8xLzEgIDYwMjgvMi8xICA1OTI3LzMvMSAgNTkyNi80LzEgDQpmICA2MDI4LzEvMSAgNjAyOS8yLzEgIDU5MjgvMy8xICA1OTI3LzQvMSANCmYgIDYwMjkvMS8xICA2MDMwLzIvMSAgNTkyOS8zLzEgIDU5MjgvNC8xIA0KZiAgNjAzMC8xLzEgIDYwMzEvMi8xICA1OTMwLzMvMSAgNTkyOS80LzEgDQpmICA2MDMxLzEvMSAgNjAzMi8yLzEgIDU5MzEvMy8xICA1OTMwLzQvMSANCmYgIDYwMzIvMS8xICA2MDMzLzIvMSAgNTkzMi8zLzEgIDU5MzEvNC8xIA0KZiAgNjAzMy8xLzEgIDYwMzQvMi8xICA1OTMzLzMvMSAgNTkzMi80LzEgDQpmICA2MDM0LzEvMSAgNjAzNS8yLzEgIDU5MzQvMy8xICA1OTMzLzQvMSANCmYgIDYwMzUvMS8xICA2MDM2LzIvMSAgNTkzNS8zLzEgIDU5MzQvNC8xIA0KZiAgNjAzNi8xLzEgIDYwMzcvMi8xICA1OTM2LzMvMSAgNTkzNS80LzEgDQpmICA2MDM3LzEvMSAgNjAzOC8yLzEgIDU5MzcvMy8xICA1OTM2LzQvMSANCmYgIDYwMzgvMS8xICA2MDM5LzIvMSAgNTkzOC8zLzEgIDU5MzcvNC8xIA0KZiAgNjAzOS8xLzEgIDYwNDAvMi8xICA1OTM5LzMvMSAgNTkzOC80LzEgDQpmICA2MDQwLzEvMSAgNjA0MS8yLzEgIDU5NDAvMy8xICA1OTM5LzQvMSANCmYgIDYwNDEvMS8xICA2MDQyLzIvMSAgNTk0MS8zLzEgIDU5NDAvNC8xIA0KZiAgNjA0Mi8xLzEgIDYwNDMvMi8xICA1OTQyLzMvMSAgNTk0MS80LzEgDQpmICA2MDQzLzEvMSAgNjA0NC8yLzEgIDU5NDMvMy8xICA1OTQyLzQvMSANCmYgIDYwNDQvMS8xICA2MDQ1LzIvMSAgNTk0NC8zLzEgIDU5NDMvNC8xIA0KZiAgNjA0NS8xLzEgIDYwNDYvMi8xICA1OTQ1LzMvMSAgNTk0NC80LzEgDQpmICA2MDQ2LzEvMSAgNjA0Ny8yLzEgIDU5NDYvMy8xICA1OTQ1LzQvMSANCmYgIDYwNDcvMS8xICA2MDQ4LzIvMSAgNTk0Ny8zLzEgIDU5NDYvNC8xIA0KZiAgNjA0OC8xLzEgIDYwNDkvMi8xICA1OTQ4LzMvMSAgNTk0Ny80LzEgDQpmICA2MDQ5LzEvMSAgNjA1MC8yLzEgIDU5NDkvMy8xICA1OTQ4LzQvMSANCmYgIDYwNTAvMS8xICA2MDUxLzIvMSAgNTk1MC8zLzEgIDU5NDkvNC8xIA0KZiAgNjA1MS8xLzEgIDYwNTIvMi8xICA1OTUxLzMvMSAgNTk1MC80LzEgDQpmICA2MDUyLzEvMSAgNjA1My8yLzEgIDU5NTIvMy8xICA1OTUxLzQvMSANCmYgIDYwNTMvMS8xICA2MDU0LzIvMSAgNTk1My8zLzEgIDU5NTIvNC8xIA0KZiAgNjA1NC8xLzEgIDYwNTUvMi8xICA1OTU0LzMvMSAgNTk1My80LzEgDQpmICA2MDU1LzEvMSAgNjA1Ni8yLzEgIDU5NTUvMy8xICA1OTU0LzQvMSANCmYgIDYwNTYvMS8xICA2MDU3LzIvMSAgNTk1Ni8zLzEgIDU5NTUvNC8xIA0KZiAgNjA1Ny8xLzEgIDYwNTgvMi8xICA1OTU3LzMvMSAgNTk1Ni80LzEgDQpmICA2MDU4LzEvMSAgNjA1OS8yLzEgIDU5NTgvMy8xICA1OTU3LzQvMSANCmYgIDYwNTkvMS8xICA2MDYwLzIvMSAgNTk1OS8zLzEgIDU5NTgvNC8xIA0KZiAgNjA2MS8xLzEgIDYwNjIvMi8xICA1OTYxLzMvMSAgNTk2MC80LzEgDQpmICA2MDYyLzEvMSAgNjA2My8yLzEgIDU5NjIvMy8xICA1OTYxLzQvMSANCmYgIDYwNjMvMS8xICA2MDY0LzIvMSAgNTk2My8zLzEgIDU5NjIvNC8xIA0KZiAgNjA2NC8xLzEgIDYwNjUvMi8xICA1OTY0LzMvMSAgNTk2My80LzEgDQpmICA2MDY1LzEvMSAgNjA2Ni8yLzEgIDU5NjUvMy8xICA1OTY0LzQvMSANCmYgIDYwNjYvMS8xICA2MDY3LzIvMSAgNTk2Ni8zLzEgIDU5NjUvNC8xIA0KZiAgNjA2Ny8xLzEgIDYwNjgvMi8xICA1OTY3LzMvMSAgNTk2Ni80LzEgDQpmICA2MDY4LzEvMSAgNjA2OS8yLzEgIDU5NjgvMy8xICA1OTY3LzQvMSANCmYgIDYwNjkvMS8xICA2MDcwLzIvMSAgNTk2OS8zLzEgIDU5NjgvNC8xIA0KZiAgNjA3MC8xLzEgIDYwNzEvMi8xICA1OTcwLzMvMSAgNTk2OS80LzEgDQpmICA2MDcxLzEvMSAgNjA3Mi8yLzEgIDU5NzEvMy8xICA1OTcwLzQvMSANCmYgIDYwNzIvMS8xICA2MDczLzIvMSAgNTk3Mi8zLzEgIDU5NzEvNC8xIA0KZiAgNjA3My8xLzEgIDYwNzQvMi8xICA1OTczLzMvMSAgNTk3Mi80LzEgDQpmICA2MDc0LzEvMSAgNjA3NS8yLzEgIDU5NzQvMy8xICA1OTczLzQvMSANCmYgIDYwNzUvMS8xICA2MDc2LzIvMSAgNTk3NS8zLzEgIDU5NzQvNC8xIA0KZiAgNjA3Ni8xLzEgIDYwNzcvMi8xICA1OTc2LzMvMSAgNTk3NS80LzEgDQpmICA2MDc3LzEvMSAgNjA3OC8yLzEgIDU5NzcvMy8xICA1OTc2LzQvMSANCmYgIDYwNzgvMS8xICA2MDc5LzIvMSAgNTk3OC8zLzEgIDU5NzcvNC8xIA0KZiAgNjA3OS8xLzEgIDYwODAvMi8xICA1OTc5LzMvMSAgNTk3OC80LzEgDQpmICA2MDgwLzEvMSAgNjA4MS8yLzEgIDU5ODAvMy8xICA1OTc5LzQvMSANCmYgIDYwODEvMS8xICA2MDgyLzIvMSAgNTk4MS8zLzEgIDU5ODAvNC8xIA0KZiAgNjA4Mi8xLzEgIDYwODMvMi8xICA1OTgyLzMvMSAgNTk4MS80LzEgDQpmICA2MDgzLzEvMSAgNjA4NC8yLzEgIDU5ODMvMy8xICA1OTgyLzQvMSANCmYgIDYwODQvMS8xICA2MDg1LzIvMSAgNTk4NC8zLzEgIDU5ODMvNC8xIA0KZiAgNjA4NS8xLzEgIDYwODYvMi8xICA1OTg1LzMvMSAgNTk4NC80LzEgDQpmICA2MDg2LzEvMSAgNjA4Ny8yLzEgIDU5ODYvMy8xICA1OTg1LzQvMSANCmYgIDYwODcvMS8xICA2MDg4LzIvMSAgNTk4Ny8zLzEgIDU5ODYvNC8xIA0KZiAgNjA4OC8xLzEgIDYwODkvMi8xICA1OTg4LzMvMSAgNTk4Ny80LzEgDQpmICA2MDg5LzEvMSAgNjA5MC8yLzEgIDU5ODkvMy8xICA1OTg4LzQvMSANCmYgIDYwOTAvMS8xICA2MDkxLzIvMSAgNTk5MC8zLzEgIDU5ODkvNC8xIA0KZiAgNjA5MS8xLzEgIDYwOTIvMi8xICA1OTkxLzMvMSAgNTk5MC80LzEgDQpmICA2MDkyLzEvMSAgNjA5My8yLzEgIDU5OTIvMy8xICA1OTkxLzQvMSANCmYgIDYwOTMvMS8xICA2MDk0LzIvMSAgNTk5My8zLzEgIDU5OTIvNC8xIA0KZiAgNjA5NC8xLzEgIDYwOTUvMi8xICA1OTk0LzMvMSAgNTk5My80LzEgDQpmICA2MDk1LzEvMSAgNjA5Ni8yLzEgIDU5OTUvMy8xICA1OTk0LzQvMSANCmYgIDYwOTYvMS8xICA2MDk3LzIvMSAgNTk5Ni8zLzEgIDU5OTUvNC8xIA0KZiAgNjA5Ny8xLzEgIDYwOTgvMi8xICA1OTk3LzMvMSAgNTk5Ni80LzEgDQpmICA2MDk4LzEvMSAgNjA5OS8yLzEgIDU5OTgvMy8xICA1OTk3LzQvMSANCmYgIDYwOTkvMS8xICA2MTAwLzIvMSAgNTk5OS8zLzEgIDU5OTgvNC8xIA0KZiAgNjEwMC8xLzEgIDYxMDEvMi8xICA2MDAwLzMvMSAgNTk5OS80LzEgDQpmICA2MTAxLzEvMSAgNjEwMi8yLzEgIDYwMDEvMy8xICA2MDAwLzQvMSANCmYgIDYxMDIvMS8xICA2MTAzLzIvMSAgNjAwMi8zLzEgIDYwMDEvNC8xIA0KZiAgNjEwMy8xLzEgIDYxMDQvMi8xICA2MDAzLzMvMSAgNjAwMi80LzEgDQpmICA2MTA0LzEvMSAgNjEwNS8yLzEgIDYwMDQvMy8xICA2MDAzLzQvMSANCmYgIDYxMDUvMS8xICA2MTA2LzIvMSAgNjAwNS8zLzEgIDYwMDQvNC8xIA0KZiAgNjEwNi8xLzEgIDYxMDcvMi8xICA2MDA2LzMvMSAgNjAwNS80LzEgDQpmICA2MTA3LzEvMSAgNjEwOC8yLzEgIDYwMDcvMy8xICA2MDA2LzQvMSANCmYgIDYxMDgvMS8xICA2MTA5LzIvMSAgNjAwOC8zLzEgIDYwMDcvNC8xIA0KZiAgNjEwOS8xLzEgIDYxMTAvMi8xICA2MDA5LzMvMSAgNjAwOC80LzEgDQpmICA2MTEwLzEvMSAgNjExMS8yLzEgIDYwMTAvMy8xICA2MDA5LzQvMSANCmYgIDYxMTEvMS8xICA2MTEyLzIvMSAgNjAxMS8zLzEgIDYwMTAvNC8xIA0KZiAgNjExMi8xLzEgIDYxMTMvMi8xICA2MDEyLzMvMSAgNjAxMS80LzEgDQpmICA2MTEzLzEvMSAgNjExNC8yLzEgIDYwMTMvMy8xICA2MDEyLzQvMSANCmYgIDYxMTQvMS8xICA2MTE1LzIvMSAgNjAxNC8zLzEgIDYwMTMvNC8xIA0KZiAgNjExNS8xLzEgIDYxMTYvMi8xICA2MDE1LzMvMSAgNjAxNC80LzEgDQpmICA2MTE2LzEvMSAgNjExNy8yLzEgIDYwMTYvMy8xICA2MDE1LzQvMSANCmYgIDYxMTcvMS8xICA2MTE4LzIvMSAgNjAxNy8zLzEgIDYwMTYvNC8xIA0KZiAgNjExOC8xLzEgIDYxMTkvMi8xICA2MDE4LzMvMSAgNjAxNy80LzEgDQpmICA2MTE5LzEvMSAgNjEyMC8yLzEgIDYwMTkvMy8xICA2MDE4LzQvMSANCmYgIDYxMjAvMS8xICA2MTIxLzIvMSAgNjAyMC8zLzEgIDYwMTkvNC8xIA0KZiAgNjEyMS8xLzEgIDYxMjIvMi8xICA2MDIxLzMvMSAgNjAyMC80LzEgDQpmICA2MTIyLzEvMSAgNjEyMy8yLzEgIDYwMjIvMy8xICA2MDIxLzQvMSANCmYgIDYxMjMvMS8xICA2MTI0LzIvMSAgNjAyMy8zLzEgIDYwMjIvNC8xIA0KZiAgNjEyNC8xLzEgIDYxMjUvMi8xICA2MDI0LzMvMSAgNjAyMy80LzEgDQpmICA2MTI1LzEvMSAgNjEyNi8yLzEgIDYwMjUvMy8xICA2MDI0LzQvMSANCmYgIDYxMjYvMS8xICA2MTI3LzIvMSAgNjAyNi8zLzEgIDYwMjUvNC8xIA0KZiAgNjEyNy8xLzEgIDYxMjgvMi8xICA2MDI3LzMvMSAgNjAyNi80LzEgDQpmICA2MTI4LzEvMSAgNjEyOS8yLzEgIDYwMjgvMy8xICA2MDI3LzQvMSANCmYgIDYxMjkvMS8xICA2MTMwLzIvMSAgNjAyOS8zLzEgIDYwMjgvNC8xIA0KZiAgNjEzMC8xLzEgIDYxMzEvMi8xICA2MDMwLzMvMSAgNjAyOS80LzEgDQpmICA2MTMxLzEvMSAgNjEzMi8yLzEgIDYwMzEvMy8xICA2MDMwLzQvMSANCmYgIDYxMzIvMS8xICA2MTMzLzIvMSAgNjAzMi8zLzEgIDYwMzEvNC8xIA0KZiAgNjEzMy8xLzEgIDYxMzQvMi8xICA2MDMzLzMvMSAgNjAzMi80LzEgDQpmICA2MTM0LzEvMSAgNjEzNS8yLzEgIDYwMzQvMy8xICA2MDMzLzQvMSANCmYgIDYxMzUvMS8xICA2MTM2LzIvMSAgNjAzNS8zLzEgIDYwMzQvNC8xIA0KZiAgNjEzNi8xLzEgIDYxMzcvMi8xICA2MDM2LzMvMSAgNjAzNS80LzEgDQpmICA2MTM3LzEvMSAgNjEzOC8yLzEgIDYwMzcvMy8xICA2MDM2LzQvMSANCmYgIDYxMzgvMS8xICA2MTM5LzIvMSAgNjAzOC8zLzEgIDYwMzcvNC8xIA0KZiAgNjEzOS8xLzEgIDYxNDAvMi8xICA2MDM5LzMvMSAgNjAzOC80LzEgDQpmICA2MTQwLzEvMSAgNjE0MS8yLzEgIDYwNDAvMy8xICA2MDM5LzQvMSANCmYgIDYxNDEvMS8xICA2MTQyLzIvMSAgNjA0MS8zLzEgIDYwNDAvNC8xIA0KZiAgNjE0Mi8xLzEgIDYxNDMvMi8xICA2MDQyLzMvMSAgNjA0MS80LzEgDQpmICA2MTQzLzEvMSAgNjE0NC8yLzEgIDYwNDMvMy8xICA2MDQyLzQvMSANCmYgIDYxNDQvMS8xICA2MTQ1LzIvMSAgNjA0NC8zLzEgIDYwNDMvNC8xIA0KZiAgNjE0NS8xLzEgIDYxNDYvMi8xICA2MDQ1LzMvMSAgNjA0NC80LzEgDQpmICA2MTQ2LzEvMSAgNjE0Ny8yLzEgIDYwNDYvMy8xICA2MDQ1LzQvMSANCmYgIDYxNDcvMS8xICA2MTQ4LzIvMSAgNjA0Ny8zLzEgIDYwNDYvNC8xIA0KZiAgNjE0OC8xLzEgIDYxNDkvMi8xICA2MDQ4LzMvMSAgNjA0Ny80LzEgDQpmICA2MTQ5LzEvMSAgNjE1MC8yLzEgIDYwNDkvMy8xICA2MDQ4LzQvMSANCmYgIDYxNTAvMS8xICA2MTUxLzIvMSAgNjA1MC8zLzEgIDYwNDkvNC8xIA0KZiAgNjE1MS8xLzEgIDYxNTIvMi8xICA2MDUxLzMvMSAgNjA1MC80LzEgDQpmICA2MTUyLzEvMSAgNjE1My8yLzEgIDYwNTIvMy8xICA2MDUxLzQvMSANCmYgIDYxNTMvMS8xICA2MTU0LzIvMSAgNjA1My8zLzEgIDYwNTIvNC8xIA0KZiAgNjE1NC8xLzEgIDYxNTUvMi8xICA2MDU0LzMvMSAgNjA1My80LzEgDQpmICA2MTU1LzEvMSAgNjE1Ni8yLzEgIDYwNTUvMy8xICA2MDU0LzQvMSANCmYgIDYxNTYvMS8xICA2MTU3LzIvMSAgNjA1Ni8zLzEgIDYwNTUvNC8xIA0KZiAgNjE1Ny8xLzEgIDYxNTgvMi8xICA2MDU3LzMvMSAgNjA1Ni80LzEgDQpmICA2MTU4LzEvMSAgNjE1OS8yLzEgIDYwNTgvMy8xICA2MDU3LzQvMSANCmYgIDYxNTkvMS8xICA2MTYwLzIvMSAgNjA1OS8zLzEgIDYwNTgvNC8xIA0KZiAgNjE2MC8xLzEgIDYxNjEvMi8xICA2MDYwLzMvMSAgNjA1OS80LzEgDQpmICA2MTYyLzEvMSAgNjE2My8yLzEgIDYwNjIvMy8xICA2MDYxLzQvMSANCmYgIDYxNjMvMS8xICA2MTY0LzIvMSAgNjA2My8zLzEgIDYwNjIvNC8xIA0KZiAgNjE2NC8xLzEgIDYxNjUvMi8xICA2MDY0LzMvMSAgNjA2My80LzEgDQpmICA2MTY1LzEvMSAgNjE2Ni8yLzEgIDYwNjUvMy8xICA2MDY0LzQvMSANCmYgIDYxNjYvMS8xICA2MTY3LzIvMSAgNjA2Ni8zLzEgIDYwNjUvNC8xIA0KZiAgNjE2Ny8xLzEgIDYxNjgvMi8xICA2MDY3LzMvMSAgNjA2Ni80LzEgDQpmICA2MTY4LzEvMSAgNjE2OS8yLzEgIDYwNjgvMy8xICA2MDY3LzQvMSANCmYgIDYxNjkvMS8xICA2MTcwLzIvMSAgNjA2OS8zLzEgIDYwNjgvNC8xIA0KZiAgNjE3MC8xLzEgIDYxNzEvMi8xICA2MDcwLzMvMSAgNjA2OS80LzEgDQpmICA2MTcxLzEvMSAgNjE3Mi8yLzEgIDYwNzEvMy8xICA2MDcwLzQvMSANCmYgIDYxNzIvMS8xICA2MTczLzIvMSAgNjA3Mi8zLzEgIDYwNzEvNC8xIA0KZiAgNjE3My8xLzEgIDYxNzQvMi8xICA2MDczLzMvMSAgNjA3Mi80LzEgDQpmICA2MTc0LzEvMSAgNjE3NS8yLzEgIDYwNzQvMy8xICA2MDczLzQvMSANCmYgIDYxNzUvMS8xICA2MTc2LzIvMSAgNjA3NS8zLzEgIDYwNzQvNC8xIA0KZiAgNjE3Ni8xLzEgIDYxNzcvMi8xICA2MDc2LzMvMSAgNjA3NS80LzEgDQpmICA2MTc3LzEvMSAgNjE3OC8yLzEgIDYwNzcvMy8xICA2MDc2LzQvMSANCmYgIDYxNzgvMS8xICA2MTc5LzIvMSAgNjA3OC8zLzEgIDYwNzcvNC8xIA0KZiAgNjE3OS8xLzEgIDYxODAvMi8xICA2MDc5LzMvMSAgNjA3OC80LzEgDQpmICA2MTgwLzEvMSAgNjE4MS8yLzEgIDYwODAvMy8xICA2MDc5LzQvMSANCmYgIDYxODEvMS8xICA2MTgyLzIvMSAgNjA4MS8zLzEgIDYwODAvNC8xIA0KZiAgNjE4Mi8xLzEgIDYxODMvMi8xICA2MDgyLzMvMSAgNjA4MS80LzEgDQpmICA2MTgzLzEvMSAgNjE4NC8yLzEgIDYwODMvMy8xICA2MDgyLzQvMSANCmYgIDYxODQvMS8xICA2MTg1LzIvMSAgNjA4NC8zLzEgIDYwODMvNC8xIA0KZiAgNjE4NS8xLzEgIDYxODYvMi8xICA2MDg1LzMvMSAgNjA4NC80LzEgDQpmICA2MTg2LzEvMSAgNjE4Ny8yLzEgIDYwODYvMy8xICA2MDg1LzQvMSANCmYgIDYxODcvMS8xICA2MTg4LzIvMSAgNjA4Ny8zLzEgIDYwODYvNC8xIA0KZiAgNjE4OC8xLzEgIDYxODkvMi8xICA2MDg4LzMvMSAgNjA4Ny80LzEgDQpmICA2MTg5LzEvMSAgNjE5MC8yLzEgIDYwODkvMy8xICA2MDg4LzQvMSANCmYgIDYxOTAvMS8xICA2MTkxLzIvMSAgNjA5MC8zLzEgIDYwODkvNC8xIA0KZiAgNjE5MS8xLzEgIDYxOTIvMi8xICA2MDkxLzMvMSAgNjA5MC80LzEgDQpmICA2MTkyLzEvMSAgNjE5My8yLzEgIDYwOTIvMy8xICA2MDkxLzQvMSANCmYgIDYxOTMvMS8xICA2MTk0LzIvMSAgNjA5My8zLzEgIDYwOTIvNC8xIA0KZiAgNjE5NC8xLzEgIDYxOTUvMi8xICA2MDk0LzMvMSAgNjA5My80LzEgDQpmICA2MTk1LzEvMSAgNjE5Ni8yLzEgIDYwOTUvMy8xICA2MDk0LzQvMSANCmYgIDYxOTYvMS8xICA2MTk3LzIvMSAgNjA5Ni8zLzEgIDYwOTUvNC8xIA0KZiAgNjE5Ny8xLzEgIDYxOTgvMi8xICA2MDk3LzMvMSAgNjA5Ni80LzEgDQpmICA2MTk4LzEvMSAgNjE5OS8yLzEgIDYwOTgvMy8xICA2MDk3LzQvMSANCmYgIDYxOTkvMS8xICA2MjAwLzIvMSAgNjA5OS8zLzEgIDYwOTgvNC8xIA0KZiAgNjIwMC8xLzEgIDYyMDEvMi8xICA2MTAwLzMvMSAgNjA5OS80LzEgDQpmICA2MjAxLzEvMSAgNjIwMi8yLzEgIDYxMDEvMy8xICA2MTAwLzQvMSANCmYgIDYyMDIvMS8xICA2MjAzLzIvMSAgNjEwMi8zLzEgIDYxMDEvNC8xIA0KZiAgNjIwMy8xLzEgIDYyMDQvMi8xICA2MTAzLzMvMSAgNjEwMi80LzEgDQpmICA2MjA0LzEvMSAgNjIwNS8yLzEgIDYxMDQvMy8xICA2MTAzLzQvMSANCmYgIDYyMDUvMS8xICA2MjA2LzIvMSAgNjEwNS8zLzEgIDYxMDQvNC8xIA0KZiAgNjIwNi8xLzEgIDYyMDcvMi8xICA2MTA2LzMvMSAgNjEwNS80LzEgDQpmICA2MjA3LzEvMSAgNjIwOC8yLzEgIDYxMDcvMy8xICA2MTA2LzQvMSANCmYgIDYyMDgvMS8xICA2MjA5LzIvMSAgNjEwOC8zLzEgIDYxMDcvNC8xIA0KZiAgNjIwOS8xLzEgIDYyMTAvMi8xICA2MTA5LzMvMSAgNjEwOC80LzEgDQpmICA2MjEwLzEvMSAgNjIxMS8yLzEgIDYxMTAvMy8xICA2MTA5LzQvMSANCmYgIDYyMTEvMS8xICA2MjEyLzIvMSAgNjExMS8zLzEgIDYxMTAvNC8xIA0KZiAgNjIxMi8xLzEgIDYyMTMvMi8xICA2MTEyLzMvMSAgNjExMS80LzEgDQpmICA2MjEzLzEvMSAgNjIxNC8yLzEgIDYxMTMvMy8xICA2MTEyLzQvMSANCmYgIDYyMTQvMS8xICA2MjE1LzIvMSAgNjExNC8zLzEgIDYxMTMvNC8xIA0KZiAgNjIxNS8xLzEgIDYyMTYvMi8xICA2MTE1LzMvMSAgNjExNC80LzEgDQpmICA2MjE2LzEvMSAgNjIxNy8yLzEgIDYxMTYvMy8xICA2MTE1LzQvMSANCmYgIDYyMTcvMS8xICA2MjE4LzIvMSAgNjExNy8zLzEgIDYxMTYvNC8xIA0KZiAgNjIxOC8xLzEgIDYyMTkvMi8xICA2MTE4LzMvMSAgNjExNy80LzEgDQpmICA2MjE5LzEvMSAgNjIyMC8yLzEgIDYxMTkvMy8xICA2MTE4LzQvMSANCmYgIDYyMjAvMS8xICA2MjIxLzIvMSAgNjEyMC8zLzEgIDYxMTkvNC8xIA0KZiAgNjIyMS8xLzEgIDYyMjIvMi8xICA2MTIxLzMvMSAgNjEyMC80LzEgDQpmICA2MjIyLzEvMSAgNjIyMy8yLzEgIDYxMjIvMy8xICA2MTIxLzQvMSANCmYgIDYyMjMvMS8xICA2MjI0LzIvMSAgNjEyMy8zLzEgIDYxMjIvNC8xIA0KZiAgNjIyNC8xLzEgIDYyMjUvMi8xICA2MTI0LzMvMSAgNjEyMy80LzEgDQpmICA2MjI1LzEvMSAgNjIyNi8yLzEgIDYxMjUvMy8xICA2MTI0LzQvMSANCmYgIDYyMjYvMS8xICA2MjI3LzIvMSAgNjEyNi8zLzEgIDYxMjUvNC8xIA0KZiAgNjIyNy8xLzEgIDYyMjgvMi8xICA2MTI3LzMvMSAgNjEyNi80LzEgDQpmICA2MjI4LzEvMSAgNjIyOS8yLzEgIDYxMjgvMy8xICA2MTI3LzQvMSANCmYgIDYyMjkvMS8xICA2MjMwLzIvMSAgNjEyOS8zLzEgIDYxMjgvNC8xIA0KZiAgNjIzMC8xLzEgIDYyMzEvMi8xICA2MTMwLzMvMSAgNjEyOS80LzEgDQpmICA2MjMxLzEvMSAgNjIzMi8yLzEgIDYxMzEvMy8xICA2MTMwLzQvMSANCmYgIDYyMzIvMS8xICA2MjMzLzIvMSAgNjEzMi8zLzEgIDYxMzEvNC8xIA0KZiAgNjIzMy8xLzEgIDYyMzQvMi8xICA2MTMzLzMvMSAgNjEzMi80LzEgDQpmICA2MjM0LzEvMSAgNjIzNS8yLzEgIDYxMzQvMy8xICA2MTMzLzQvMSANCmYgIDYyMzUvMS8xICA2MjM2LzIvMSAgNjEzNS8zLzEgIDYxMzQvNC8xIA0KZiAgNjIzNi8xLzEgIDYyMzcvMi8xICA2MTM2LzMvMSAgNjEzNS80LzEgDQpmICA2MjM3LzEvMSAgNjIzOC8yLzEgIDYxMzcvMy8xICA2MTM2LzQvMSANCmYgIDYyMzgvMS8xICA2MjM5LzIvMSAgNjEzOC8zLzEgIDYxMzcvNC8xIA0KZiAgNjIzOS8xLzEgIDYyNDAvMi8xICA2MTM5LzMvMSAgNjEzOC80LzEgDQpmICA2MjQwLzEvMSAgNjI0MS8yLzEgIDYxNDAvMy8xICA2MTM5LzQvMSANCmYgIDYyNDEvMS8xICA2MjQyLzIvMSAgNjE0MS8zLzEgIDYxNDAvNC8xIA0KZiAgNjI0Mi8xLzEgIDYyNDMvMi8xICA2MTQyLzMvMSAgNjE0MS80LzEgDQpmICA2MjQzLzEvMSAgNjI0NC8yLzEgIDYxNDMvMy8xICA2MTQyLzQvMSANCmYgIDYyNDQvMS8xICA2MjQ1LzIvMSAgNjE0NC8zLzEgIDYxNDMvNC8xIA0KZiAgNjI0NS8xLzEgIDYyNDYvMi8xICA2MTQ1LzMvMSAgNjE0NC80LzEgDQpmICA2MjQ2LzEvMSAgNjI0Ny8yLzEgIDYxNDYvMy8xICA2MTQ1LzQvMSANCmYgIDYyNDcvMS8xICA2MjQ4LzIvMSAgNjE0Ny8zLzEgIDYxNDYvNC8xIA0KZiAgNjI0OC8xLzEgIDYyNDkvMi8xICA2MTQ4LzMvMSAgNjE0Ny80LzEgDQpmICA2MjQ5LzEvMSAgNjI1MC8yLzEgIDYxNDkvMy8xICA2MTQ4LzQvMSANCmYgIDYyNTAvMS8xICA2MjUxLzIvMSAgNjE1MC8zLzEgIDYxNDkvNC8xIA0KZiAgNjI1MS8xLzEgIDYyNTIvMi8xICA2MTUxLzMvMSAgNjE1MC80LzEgDQpmICA2MjUyLzEvMSAgNjI1My8yLzEgIDYxNTIvMy8xICA2MTUxLzQvMSANCmYgIDYyNTMvMS8xICA2MjU0LzIvMSAgNjE1My8zLzEgIDYxNTIvNC8xIA0KZiAgNjI1NC8xLzEgIDYyNTUvMi8xICA2MTU0LzMvMSAgNjE1My80LzEgDQpmICA2MjU1LzEvMSAgNjI1Ni8yLzEgIDYxNTUvMy8xICA2MTU0LzQvMSANCmYgIDYyNTYvMS8xICA2MjU3LzIvMSAgNjE1Ni8zLzEgIDYxNTUvNC8xIA0KZiAgNjI1Ny8xLzEgIDYyNTgvMi8xICA2MTU3LzMvMSAgNjE1Ni80LzEgDQpmICA2MjU4LzEvMSAgNjI1OS8yLzEgIDYxNTgvMy8xICA2MTU3LzQvMSANCmYgIDYyNTkvMS8xICA2MjYwLzIvMSAgNjE1OS8zLzEgIDYxNTgvNC8xIA0KZiAgNjI2MC8xLzEgIDYyNjEvMi8xICA2MTYwLzMvMSAgNjE1OS80LzEgDQpmICA2MjYxLzEvMSAgNjI2Mi8yLzEgIDYxNjEvMy8xICA2MTYwLzQvMSANCmYgIDYyNjMvMS8xICA2MjY0LzIvMSAgNjE2My8zLzEgIDYxNjIvNC8xIA0KZiAgNjI2NC8xLzEgIDYyNjUvMi8xICA2MTY0LzMvMSAgNjE2My80LzEgDQpmICA2MjY1LzEvMSAgNjI2Ni8yLzEgIDYxNjUvMy8xICA2MTY0LzQvMSANCmYgIDYyNjYvMS8xICA2MjY3LzIvMSAgNjE2Ni8zLzEgIDYxNjUvNC8xIA0KZiAgNjI2Ny8xLzEgIDYyNjgvMi8xICA2MTY3LzMvMSAgNjE2Ni80LzEgDQpmICA2MjY4LzEvMSAgNjI2OS8yLzEgIDYxNjgvMy8xICA2MTY3LzQvMSANCmYgIDYyNjkvMS8xICA2MjcwLzIvMSAgNjE2OS8zLzEgIDYxNjgvNC8xIA0KZiAgNjI3MC8xLzEgIDYyNzEvMi8xICA2MTcwLzMvMSAgNjE2OS80LzEgDQpmICA2MjcxLzEvMSAgNjI3Mi8yLzEgIDYxNzEvMy8xICA2MTcwLzQvMSANCmYgIDYyNzIvMS8xICA2MjczLzIvMSAgNjE3Mi8zLzEgIDYxNzEvNC8xIA0KZiAgNjI3My8xLzEgIDYyNzQvMi8xICA2MTczLzMvMSAgNjE3Mi80LzEgDQpmICA2Mjc0LzEvMSAgNjI3NS8yLzEgIDYxNzQvMy8xICA2MTczLzQvMSANCmYgIDYyNzUvMS8xICA2Mjc2LzIvMSAgNjE3NS8zLzEgIDYxNzQvNC8xIA0KZiAgNjI3Ni8xLzEgIDYyNzcvMi8xICA2MTc2LzMvMSAgNjE3NS80LzEgDQpmICA2Mjc3LzEvMSAgNjI3OC8yLzEgIDYxNzcvMy8xICA2MTc2LzQvMSANCmYgIDYyNzgvMS8xICA2Mjc5LzIvMSAgNjE3OC8zLzEgIDYxNzcvNC8xIA0KZiAgNjI3OS8xLzEgIDYyODAvMi8xICA2MTc5LzMvMSAgNjE3OC80LzEgDQpmICA2MjgwLzEvMSAgNjI4MS8yLzEgIDYxODAvMy8xICA2MTc5LzQvMSANCmYgIDYyODEvMS8xICA2MjgyLzIvMSAgNjE4MS8zLzEgIDYxODAvNC8xIA0KZiAgNjI4Mi8xLzEgIDYyODMvMi8xICA2MTgyLzMvMSAgNjE4MS80LzEgDQpmICA2MjgzLzEvMSAgNjI4NC8yLzEgIDYxODMvMy8xICA2MTgyLzQvMSANCmYgIDYyODQvMS8xICA2Mjg1LzIvMSAgNjE4NC8zLzEgIDYxODMvNC8xIA0KZiAgNjI4NS8xLzEgIDYyODYvMi8xICA2MTg1LzMvMSAgNjE4NC80LzEgDQpmICA2Mjg2LzEvMSAgNjI4Ny8yLzEgIDYxODYvMy8xICA2MTg1LzQvMSANCmYgIDYyODcvMS8xICA2Mjg4LzIvMSAgNjE4Ny8zLzEgIDYxODYvNC8xIA0KZiAgNjI4OC8xLzEgIDYyODkvMi8xICA2MTg4LzMvMSAgNjE4Ny80LzEgDQpmICA2Mjg5LzEvMSAgNjI5MC8yLzEgIDYxODkvMy8xICA2MTg4LzQvMSANCmYgIDYyOTAvMS8xICA2MjkxLzIvMSAgNjE5MC8zLzEgIDYxODkvNC8xIA0KZiAgNjI5MS8xLzEgIDYyOTIvMi8xICA2MTkxLzMvMSAgNjE5MC80LzEgDQpmICA2MjkyLzEvMSAgNjI5My8yLzEgIDYxOTIvMy8xICA2MTkxLzQvMSANCmYgIDYyOTMvMS8xICA2Mjk0LzIvMSAgNjE5My8zLzEgIDYxOTIvNC8xIA0KZiAgNjI5NC8xLzEgIDYyOTUvMi8xICA2MTk0LzMvMSAgNjE5My80LzEgDQpmICA2Mjk1LzEvMSAgNjI5Ni8yLzEgIDYxOTUvMy8xICA2MTk0LzQvMSANCmYgIDYyOTYvMS8xICA2Mjk3LzIvMSAgNjE5Ni8zLzEgIDYxOTUvNC8xIA0KZiAgNjI5Ny8xLzEgIDYyOTgvMi8xICA2MTk3LzMvMSAgNjE5Ni80LzEgDQpmICA2Mjk4LzEvMSAgNjI5OS8yLzEgIDYxOTgvMy8xICA2MTk3LzQvMSANCmYgIDYyOTkvMS8xICA2MzAwLzIvMSAgNjE5OS8zLzEgIDYxOTgvNC8xIA0KZiAgNjMwMC8xLzEgIDYzMDEvMi8xICA2MjAwLzMvMSAgNjE5OS80LzEgDQpmICA2MzAxLzEvMSAgNjMwMi8yLzEgIDYyMDEvMy8xICA2MjAwLzQvMSANCmYgIDYzMDIvMS8xICA2MzAzLzIvMSAgNjIwMi8zLzEgIDYyMDEvNC8xIA0KZiAgNjMwMy8xLzEgIDYzMDQvMi8xICA2MjAzLzMvMSAgNjIwMi80LzEgDQpmICA2MzA0LzEvMSAgNjMwNS8yLzEgIDYyMDQvMy8xICA2MjAzLzQvMSANCmYgIDYzMDUvMS8xICA2MzA2LzIvMSAgNjIwNS8zLzEgIDYyMDQvNC8xIA0KZiAgNjMwNi8xLzEgIDYzMDcvMi8xICA2MjA2LzMvMSAgNjIwNS80LzEgDQpmICA2MzA3LzEvMSAgNjMwOC8yLzEgIDYyMDcvMy8xICA2MjA2LzQvMSANCmYgIDYzMDgvMS8xICA2MzA5LzIvMSAgNjIwOC8zLzEgIDYyMDcvNC8xIA0KZiAgNjMwOS8xLzEgIDYzMTAvMi8xICA2MjA5LzMvMSAgNjIwOC80LzEgDQpmICA2MzEwLzEvMSAgNjMxMS8yLzEgIDYyMTAvMy8xICA2MjA5LzQvMSANCmYgIDYzMTEvMS8xICA2MzEyLzIvMSAgNjIxMS8zLzEgIDYyMTAvNC8xIA0KZiAgNjMxMi8xLzEgIDYzMTMvMi8xICA2MjEyLzMvMSAgNjIxMS80LzEgDQpmICA2MzEzLzEvMSAgNjMxNC8yLzEgIDYyMTMvMy8xICA2MjEyLzQvMSANCmYgIDYzMTQvMS8xICA2MzE1LzIvMSAgNjIxNC8zLzEgIDYyMTMvNC8xIA0KZiAgNjMxNS8xLzEgIDYzMTYvMi8xICA2MjE1LzMvMSAgNjIxNC80LzEgDQpmICA2MzE2LzEvMSAgNjMxNy8yLzEgIDYyMTYvMy8xICA2MjE1LzQvMSANCmYgIDYzMTcvMS8xICA2MzE4LzIvMSAgNjIxNy8zLzEgIDYyMTYvNC8xIA0KZiAgNjMxOC8xLzEgIDYzMTkvMi8xICA2MjE4LzMvMSAgNjIxNy80LzEgDQpmICA2MzE5LzEvMSAgNjMyMC8yLzEgIDYyMTkvMy8xICA2MjE4LzQvMSANCmYgIDYzMjAvMS8xICA2MzIxLzIvMSAgNjIyMC8zLzEgIDYyMTkvNC8xIA0KZiAgNjMyMS8xLzEgIDYzMjIvMi8xICA2MjIxLzMvMSAgNjIyMC80LzEgDQpmICA2MzIyLzEvMSAgNjMyMy8yLzEgIDYyMjIvMy8xICA2MjIxLzQvMSANCmYgIDYzMjMvMS8xICA2MzI0LzIvMSAgNjIyMy8zLzEgIDYyMjIvNC8xIA0KZiAgNjMyNC8xLzEgIDYzMjUvMi8xICA2MjI0LzMvMSAgNjIyMy80LzEgDQpmICA2MzI1LzEvMSAgNjMyNi8yLzEgIDYyMjUvMy8xICA2MjI0LzQvMSANCmYgIDYzMjYvMS8xICA2MzI3LzIvMSAgNjIyNi8zLzEgIDYyMjUvNC8xIA0KZiAgNjMyNy8xLzEgIDYzMjgvMi8xICA2MjI3LzMvMSAgNjIyNi80LzEgDQpmICA2MzI4LzEvMSAgNjMyOS8yLzEgIDYyMjgvMy8xICA2MjI3LzQvMSANCmYgIDYzMjkvMS8xICA2MzMwLzIvMSAgNjIyOS8zLzEgIDYyMjgvNC8xIA0KZiAgNjMzMC8xLzEgIDYzMzEvMi8xICA2MjMwLzMvMSAgNjIyOS80LzEgDQpmICA2MzMxLzEvMSAgNjMzMi8yLzEgIDYyMzEvMy8xICA2MjMwLzQvMSANCmYgIDYzMzIvMS8xICA2MzMzLzIvMSAgNjIzMi8zLzEgIDYyMzEvNC8xIA0KZiAgNjMzMy8xLzEgIDYzMzQvMi8xICA2MjMzLzMvMSAgNjIzMi80LzEgDQpmICA2MzM0LzEvMSAgNjMzNS8yLzEgIDYyMzQvMy8xICA2MjMzLzQvMSANCmYgIDYzMzUvMS8xICA2MzM2LzIvMSAgNjIzNS8zLzEgIDYyMzQvNC8xIA0KZiAgNjMzNi8xLzEgIDYzMzcvMi8xICA2MjM2LzMvMSAgNjIzNS80LzEgDQpmICA2MzM3LzEvMSAgNjMzOC8yLzEgIDYyMzcvMy8xICA2MjM2LzQvMSANCmYgIDYzMzgvMS8xICA2MzM5LzIvMSAgNjIzOC8zLzEgIDYyMzcvNC8xIA0KZiAgNjMzOS8xLzEgIDYzNDAvMi8xICA2MjM5LzMvMSAgNjIzOC80LzEgDQpmICA2MzQwLzEvMSAgNjM0MS8yLzEgIDYyNDAvMy8xICA2MjM5LzQvMSANCmYgIDYzNDEvMS8xICA2MzQyLzIvMSAgNjI0MS8zLzEgIDYyNDAvNC8xIA0KZiAgNjM0Mi8xLzEgIDYzNDMvMi8xICA2MjQyLzMvMSAgNjI0MS80LzEgDQpmICA2MzQzLzEvMSAgNjM0NC8yLzEgIDYyNDMvMy8xICA2MjQyLzQvMSANCmYgIDYzNDQvMS8xICA2MzQ1LzIvMSAgNjI0NC8zLzEgIDYyNDMvNC8xIA0KZiAgNjM0NS8xLzEgIDYzNDYvMi8xICA2MjQ1LzMvMSAgNjI0NC80LzEgDQpmICA2MzQ2LzEvMSAgNjM0Ny8yLzEgIDYyNDYvMy8xICA2MjQ1LzQvMSANCmYgIDYzNDcvMS8xICA2MzQ4LzIvMSAgNjI0Ny8zLzEgIDYyNDYvNC8xIA0KZiAgNjM0OC8xLzEgIDYzNDkvMi8xICA2MjQ4LzMvMSAgNjI0Ny80LzEgDQpmICA2MzQ5LzEvMSAgNjM1MC8yLzEgIDYyNDkvMy8xICA2MjQ4LzQvMSANCmYgIDYzNTAvMS8xICA2MzUxLzIvMSAgNjI1MC8zLzEgIDYyNDkvNC8xIA0KZiAgNjM1MS8xLzEgIDYzNTIvMi8xICA2MjUxLzMvMSAgNjI1MC80LzEgDQpmICA2MzUyLzEvMSAgNjM1My8yLzEgIDYyNTIvMy8xICA2MjUxLzQvMSANCmYgIDYzNTMvMS8xICA2MzU0LzIvMSAgNjI1My8zLzEgIDYyNTIvNC8xIA0KZiAgNjM1NC8xLzEgIDYzNTUvMi8xICA2MjU0LzMvMSAgNjI1My80LzEgDQpmICA2MzU1LzEvMSAgNjM1Ni8yLzEgIDYyNTUvMy8xICA2MjU0LzQvMSANCmYgIDYzNTYvMS8xICA2MzU3LzIvMSAgNjI1Ni8zLzEgIDYyNTUvNC8xIA0KZiAgNjM1Ny8xLzEgIDYzNTgvMi8xICA2MjU3LzMvMSAgNjI1Ni80LzEgDQpmICA2MzU4LzEvMSAgNjM1OS8yLzEgIDYyNTgvMy8xICA2MjU3LzQvMSANCmYgIDYzNTkvMS8xICA2MzYwLzIvMSAgNjI1OS8zLzEgIDYyNTgvNC8xIA0KZiAgNjM2MC8xLzEgIDYzNjEvMi8xICA2MjYwLzMvMSAgNjI1OS80LzEgDQpmICA2MzYxLzEvMSAgNjM2Mi8yLzEgIDYyNjEvMy8xICA2MjYwLzQvMSANCmYgIDYzNjIvMS8xICA2MzYzLzIvMSAgNjI2Mi8zLzEgIDYyNjEvNC8xIA0KZiAgNjM2NC8xLzEgIDYzNjUvMi8xICA2MjY0LzMvMSAgNjI2My80LzEgDQpmICA2MzY1LzEvMSAgNjM2Ni8yLzEgIDYyNjUvMy8xICA2MjY0LzQvMSANCmYgIDYzNjYvMS8xICA2MzY3LzIvMSAgNjI2Ni8zLzEgIDYyNjUvNC8xIA0KZiAgNjM2Ny8xLzEgIDYzNjgvMi8xICA2MjY3LzMvMSAgNjI2Ni80LzEgDQpmICA2MzY4LzEvMSAgNjM2OS8yLzEgIDYyNjgvMy8xICA2MjY3LzQvMSANCmYgIDYzNjkvMS8xICA2MzcwLzIvMSAgNjI2OS8zLzEgIDYyNjgvNC8xIA0KZiAgNjM3MC8xLzEgIDYzNzEvMi8xICA2MjcwLzMvMSAgNjI2OS80LzEgDQpmICA2MzcxLzEvMSAgNjM3Mi8yLzEgIDYyNzEvMy8xICA2MjcwLzQvMSANCmYgIDYzNzIvMS8xICA2MzczLzIvMSAgNjI3Mi8zLzEgIDYyNzEvNC8xIA0KZiAgNjM3My8xLzEgIDYzNzQvMi8xICA2MjczLzMvMSAgNjI3Mi80LzEgDQpmICA2Mzc0LzEvMSAgNjM3NS8yLzEgIDYyNzQvMy8xICA2MjczLzQvMSANCmYgIDYzNzUvMS8xICA2Mzc2LzIvMSAgNjI3NS8zLzEgIDYyNzQvNC8xIA0KZiAgNjM3Ni8xLzEgIDYzNzcvMi8xICA2Mjc2LzMvMSAgNjI3NS80LzEgDQpmICA2Mzc3LzEvMSAgNjM3OC8yLzEgIDYyNzcvMy8xICA2Mjc2LzQvMSANCmYgIDYzNzgvMS8xICA2Mzc5LzIvMSAgNjI3OC8zLzEgIDYyNzcvNC8xIA0KZiAgNjM3OS8xLzEgIDYzODAvMi8xICA2Mjc5LzMvMSAgNjI3OC80LzEgDQpmICA2MzgwLzEvMSAgNjM4MS8yLzEgIDYyODAvMy8xICA2Mjc5LzQvMSANCmYgIDYzODEvMS8xICA2MzgyLzIvMSAgNjI4MS8zLzEgIDYyODAvNC8xIA0KZiAgNjM4Mi8xLzEgIDYzODMvMi8xICA2MjgyLzMvMSAgNjI4MS80LzEgDQpmICA2MzgzLzEvMSAgNjM4NC8yLzEgIDYyODMvMy8xICA2MjgyLzQvMSANCmYgIDYzODQvMS8xICA2Mzg1LzIvMSAgNjI4NC8zLzEgIDYyODMvNC8xIA0KZiAgNjM4NS8xLzEgIDYzODYvMi8xICA2Mjg1LzMvMSAgNjI4NC80LzEgDQpmICA2Mzg2LzEvMSAgNjM4Ny8yLzEgIDYyODYvMy8xICA2Mjg1LzQvMSANCmYgIDYzODcvMS8xICA2Mzg4LzIvMSAgNjI4Ny8zLzEgIDYyODYvNC8xIA0KZiAgNjM4OC8xLzEgIDYzODkvMi8xICA2Mjg4LzMvMSAgNjI4Ny80LzEgDQpmICA2Mzg5LzEvMSAgNjM5MC8yLzEgIDYyODkvMy8xICA2Mjg4LzQvMSANCmYgIDYzOTAvMS8xICA2MzkxLzIvMSAgNjI5MC8zLzEgIDYyODkvNC8xIA0KZiAgNjM5MS8xLzEgIDYzOTIvMi8xICA2MjkxLzMvMSAgNjI5MC80LzEgDQpmICA2MzkyLzEvMSAgNjM5My8yLzEgIDYyOTIvMy8xICA2MjkxLzQvMSANCmYgIDYzOTMvMS8xICA2Mzk0LzIvMSAgNjI5My8zLzEgIDYyOTIvNC8xIA0KZiAgNjM5NC8xLzEgIDYzOTUvMi8xICA2Mjk0LzMvMSAgNjI5My80LzEgDQpmICA2Mzk1LzEvMSAgNjM5Ni8yLzEgIDYyOTUvMy8xICA2Mjk0LzQvMSANCmYgIDYzOTYvMS8xICA2Mzk3LzIvMSAgNjI5Ni8zLzEgIDYyOTUvNC8xIA0KZiAgNjM5Ny8xLzEgIDYzOTgvMi8xICA2Mjk3LzMvMSAgNjI5Ni80LzEgDQpmICA2Mzk4LzEvMSAgNjM5OS8yLzEgIDYyOTgvMy8xICA2Mjk3LzQvMSANCmYgIDYzOTkvMS8xICA2NDAwLzIvMSAgNjI5OS8zLzEgIDYyOTgvNC8xIA0KZiAgNjQwMC8xLzEgIDY0MDEvMi8xICA2MzAwLzMvMSAgNjI5OS80LzEgDQpmICA2NDAxLzEvMSAgNjQwMi8yLzEgIDYzMDEvMy8xICA2MzAwLzQvMSANCmYgIDY0MDIvMS8xICA2NDAzLzIvMSAgNjMwMi8zLzEgIDYzMDEvNC8xIA0KZiAgNjQwMy8xLzEgIDY0MDQvMi8xICA2MzAzLzMvMSAgNjMwMi80LzEgDQpmICA2NDA0LzEvMSAgNjQwNS8yLzEgIDYzMDQvMy8xICA2MzAzLzQvMSANCmYgIDY0MDUvMS8xICA2NDA2LzIvMSAgNjMwNS8zLzEgIDYzMDQvNC8xIA0KZiAgNjQwNi8xLzEgIDY0MDcvMi8xICA2MzA2LzMvMSAgNjMwNS80LzEgDQpmICA2NDA3LzEvMSAgNjQwOC8yLzEgIDYzMDcvMy8xICA2MzA2LzQvMSANCmYgIDY0MDgvMS8xICA2NDA5LzIvMSAgNjMwOC8zLzEgIDYzMDcvNC8xIA0KZiAgNjQwOS8xLzEgIDY0MTAvMi8xICA2MzA5LzMvMSAgNjMwOC80LzEgDQpmICA2NDEwLzEvMSAgNjQxMS8yLzEgIDYzMTAvMy8xICA2MzA5LzQvMSANCmYgIDY0MTEvMS8xICA2NDEyLzIvMSAgNjMxMS8zLzEgIDYzMTAvNC8xIA0KZiAgNjQxMi8xLzEgIDY0MTMvMi8xICA2MzEyLzMvMSAgNjMxMS80LzEgDQpmICA2NDEzLzEvMSAgNjQxNC8yLzEgIDYzMTMvMy8xICA2MzEyLzQvMSANCmYgIDY0MTQvMS8xICA2NDE1LzIvMSAgNjMxNC8zLzEgIDYzMTMvNC8xIA0KZiAgNjQxNS8xLzEgIDY0MTYvMi8xICA2MzE1LzMvMSAgNjMxNC80LzEgDQpmICA2NDE2LzEvMSAgNjQxNy8yLzEgIDYzMTYvMy8xICA2MzE1LzQvMSANCmYgIDY0MTcvMS8xICA2NDE4LzIvMSAgNjMxNy8zLzEgIDYzMTYvNC8xIA0KZiAgNjQxOC8xLzEgIDY0MTkvMi8xICA2MzE4LzMvMSAgNjMxNy80LzEgDQpmICA2NDE5LzEvMSAgNjQyMC8yLzEgIDYzMTkvMy8xICA2MzE4LzQvMSANCmYgIDY0MjAvMS8xICA2NDIxLzIvMSAgNjMyMC8zLzEgIDYzMTkvNC8xIA0KZiAgNjQyMS8xLzEgIDY0MjIvMi8xICA2MzIxLzMvMSAgNjMyMC80LzEgDQpmICA2NDIyLzEvMSAgNjQyMy8yLzEgIDYzMjIvMy8xICA2MzIxLzQvMSANCmYgIDY0MjMvMS8xICA2NDI0LzIvMSAgNjMyMy8zLzEgIDYzMjIvNC8xIA0KZiAgNjQyNC8xLzEgIDY0MjUvMi8xICA2MzI0LzMvMSAgNjMyMy80LzEgDQpmICA2NDI1LzEvMSAgNjQyNi8yLzEgIDYzMjUvMy8xICA2MzI0LzQvMSANCmYgIDY0MjYvMS8xICA2NDI3LzIvMSAgNjMyNi8zLzEgIDYzMjUvNC8xIA0KZiAgNjQyNy8xLzEgIDY0MjgvMi8xICA2MzI3LzMvMSAgNjMyNi80LzEgDQpmICA2NDI4LzEvMSAgNjQyOS8yLzEgIDYzMjgvMy8xICA2MzI3LzQvMSANCmYgIDY0MjkvMS8xICA2NDMwLzIvMSAgNjMyOS8zLzEgIDYzMjgvNC8xIA0KZiAgNjQzMC8xLzEgIDY0MzEvMi8xICA2MzMwLzMvMSAgNjMyOS80LzEgDQpmICA2NDMxLzEvMSAgNjQzMi8yLzEgIDYzMzEvMy8xICA2MzMwLzQvMSANCmYgIDY0MzIvMS8xICA2NDMzLzIvMSAgNjMzMi8zLzEgIDYzMzEvNC8xIA0KZiAgNjQzMy8xLzEgIDY0MzQvMi8xICA2MzMzLzMvMSAgNjMzMi80LzEgDQpmICA2NDM0LzEvMSAgNjQzNS8yLzEgIDYzMzQvMy8xICA2MzMzLzQvMSANCmYgIDY0MzUvMS8xICA2NDM2LzIvMSAgNjMzNS8zLzEgIDYzMzQvNC8xIA0KZiAgNjQzNi8xLzEgIDY0MzcvMi8xICA2MzM2LzMvMSAgNjMzNS80LzEgDQpmICA2NDM3LzEvMSAgNjQzOC8yLzEgIDYzMzcvMy8xICA2MzM2LzQvMSANCmYgIDY0MzgvMS8xICA2NDM5LzIvMSAgNjMzOC8zLzEgIDYzMzcvNC8xIA0KZiAgNjQzOS8xLzEgIDY0NDAvMi8xICA2MzM5LzMvMSAgNjMzOC80LzEgDQpmICA2NDQwLzEvMSAgNjQ0MS8yLzEgIDYzNDAvMy8xICA2MzM5LzQvMSANCmYgIDY0NDEvMS8xICA2NDQyLzIvMSAgNjM0MS8zLzEgIDYzNDAvNC8xIA0KZiAgNjQ0Mi8xLzEgIDY0NDMvMi8xICA2MzQyLzMvMSAgNjM0MS80LzEgDQpmICA2NDQzLzEvMSAgNjQ0NC8yLzEgIDYzNDMvMy8xICA2MzQyLzQvMSANCmYgIDY0NDQvMS8xICA2NDQ1LzIvMSAgNjM0NC8zLzEgIDYzNDMvNC8xIA0KZiAgNjQ0NS8xLzEgIDY0NDYvMi8xICA2MzQ1LzMvMSAgNjM0NC80LzEgDQpmICA2NDQ2LzEvMSAgNjQ0Ny8yLzEgIDYzNDYvMy8xICA2MzQ1LzQvMSANCmYgIDY0NDcvMS8xICA2NDQ4LzIvMSAgNjM0Ny8zLzEgIDYzNDYvNC8xIA0KZiAgNjQ0OC8xLzEgIDY0NDkvMi8xICA2MzQ4LzMvMSAgNjM0Ny80LzEgDQpmICA2NDQ5LzEvMSAgNjQ1MC8yLzEgIDYzNDkvMy8xICA2MzQ4LzQvMSANCmYgIDY0NTAvMS8xICA2NDUxLzIvMSAgNjM1MC8zLzEgIDYzNDkvNC8xIA0KZiAgNjQ1MS8xLzEgIDY0NTIvMi8xICA2MzUxLzMvMSAgNjM1MC80LzEgDQpmICA2NDUyLzEvMSAgNjQ1My8yLzEgIDYzNTIvMy8xICA2MzUxLzQvMSANCmYgIDY0NTMvMS8xICA2NDU0LzIvMSAgNjM1My8zLzEgIDYzNTIvNC8xIA0KZiAgNjQ1NC8xLzEgIDY0NTUvMi8xICA2MzU0LzMvMSAgNjM1My80LzEgDQpmICA2NDU1LzEvMSAgNjQ1Ni8yLzEgIDYzNTUvMy8xICA2MzU0LzQvMSANCmYgIDY0NTYvMS8xICA2NDU3LzIvMSAgNjM1Ni8zLzEgIDYzNTUvNC8xIA0KZiAgNjQ1Ny8xLzEgIDY0NTgvMi8xICA2MzU3LzMvMSAgNjM1Ni80LzEgDQpmICA2NDU4LzEvMSAgNjQ1OS8yLzEgIDYzNTgvMy8xICA2MzU3LzQvMSANCmYgIDY0NTkvMS8xICA2NDYwLzIvMSAgNjM1OS8zLzEgIDYzNTgvNC8xIA0KZiAgNjQ2MC8xLzEgIDY0NjEvMi8xICA2MzYwLzMvMSAgNjM1OS80LzEgDQpmICA2NDYxLzEvMSAgNjQ2Mi8yLzEgIDYzNjEvMy8xICA2MzYwLzQvMSANCmYgIDY0NjIvMS8xICA2NDYzLzIvMSAgNjM2Mi8zLzEgIDYzNjEvNC8xIA0KZiAgNjQ2My8xLzEgIDY0NjQvMi8xICA2MzYzLzMvMSAgNjM2Mi80LzEgDQpmICA2NDY1LzEvMSAgNjQ2Ni8yLzEgIDYzNjUvMy8xICA2MzY0LzQvMSANCmYgIDY0NjYvMS8xICA2NDY3LzIvMSAgNjM2Ni8zLzEgIDYzNjUvNC8xIA0KZiAgNjQ2Ny8xLzEgIDY0NjgvMi8xICA2MzY3LzMvMSAgNjM2Ni80LzEgDQpmICA2NDY4LzEvMSAgNjQ2OS8yLzEgIDYzNjgvMy8xICA2MzY3LzQvMSANCmYgIDY0NjkvMS8xICA2NDcwLzIvMSAgNjM2OS8zLzEgIDYzNjgvNC8xIA0KZiAgNjQ3MC8xLzEgIDY0NzEvMi8xICA2MzcwLzMvMSAgNjM2OS80LzEgDQpmICA2NDcxLzEvMSAgNjQ3Mi8yLzEgIDYzNzEvMy8xICA2MzcwLzQvMSANCmYgIDY0NzIvMS8xICA2NDczLzIvMSAgNjM3Mi8zLzEgIDYzNzEvNC8xIA0KZiAgNjQ3My8xLzEgIDY0NzQvMi8xICA2MzczLzMvMSAgNjM3Mi80LzEgDQpmICA2NDc0LzEvMSAgNjQ3NS8yLzEgIDYzNzQvMy8xICA2MzczLzQvMSANCmYgIDY0NzUvMS8xICA2NDc2LzIvMSAgNjM3NS8zLzEgIDYzNzQvNC8xIA0KZiAgNjQ3Ni8xLzEgIDY0NzcvMi8xICA2Mzc2LzMvMSAgNjM3NS80LzEgDQpmICA2NDc3LzEvMSAgNjQ3OC8yLzEgIDYzNzcvMy8xICA2Mzc2LzQvMSANCmYgIDY0NzgvMS8xICA2NDc5LzIvMSAgNjM3OC8zLzEgIDYzNzcvNC8xIA0KZiAgNjQ3OS8xLzEgIDY0ODAvMi8xICA2Mzc5LzMvMSAgNjM3OC80LzEgDQpmICA2NDgwLzEvMSAgNjQ4MS8yLzEgIDYzODAvMy8xICA2Mzc5LzQvMSANCmYgIDY0ODEvMS8xICA2NDgyLzIvMSAgNjM4MS8zLzEgIDYzODAvNC8xIA0KZiAgNjQ4Mi8xLzEgIDY0ODMvMi8xICA2MzgyLzMvMSAgNjM4MS80LzEgDQpmICA2NDgzLzEvMSAgNjQ4NC8yLzEgIDYzODMvMy8xICA2MzgyLzQvMSANCmYgIDY0ODQvMS8xICA2NDg1LzIvMSAgNjM4NC8zLzEgIDYzODMvNC8xIA0KZiAgNjQ4NS8xLzEgIDY0ODYvMi8xICA2Mzg1LzMvMSAgNjM4NC80LzEgDQpmICA2NDg2LzEvMSAgNjQ4Ny8yLzEgIDYzODYvMy8xICA2Mzg1LzQvMSANCmYgIDY0ODcvMS8xICA2NDg4LzIvMSAgNjM4Ny8zLzEgIDYzODYvNC8xIA0KZiAgNjQ4OC8xLzEgIDY0ODkvMi8xICA2Mzg4LzMvMSAgNjM4Ny80LzEgDQpmICA2NDg5LzEvMSAgNjQ5MC8yLzEgIDYzODkvMy8xICA2Mzg4LzQvMSANCmYgIDY0OTAvMS8xICA2NDkxLzIvMSAgNjM5MC8zLzEgIDYzODkvNC8xIA0KZiAgNjQ5MS8xLzEgIDY0OTIvMi8xICA2MzkxLzMvMSAgNjM5MC80LzEgDQpmICA2NDkyLzEvMSAgNjQ5My8yLzEgIDYzOTIvMy8xICA2MzkxLzQvMSANCmYgIDY0OTMvMS8xICA2NDk0LzIvMSAgNjM5My8zLzEgIDYzOTIvNC8xIA0KZiAgNjQ5NC8xLzEgIDY0OTUvMi8xICA2Mzk0LzMvMSAgNjM5My80LzEgDQpmICA2NDk1LzEvMSAgNjQ5Ni8yLzEgIDYzOTUvMy8xICA2Mzk0LzQvMSANCmYgIDY0OTYvMS8xICA2NDk3LzIvMSAgNjM5Ni8zLzEgIDYzOTUvNC8xIA0KZiAgNjQ5Ny8xLzEgIDY0OTgvMi8xICA2Mzk3LzMvMSAgNjM5Ni80LzEgDQpmICA2NDk4LzEvMSAgNjQ5OS8yLzEgIDYzOTgvMy8xICA2Mzk3LzQvMSANCmYgIDY0OTkvMS8xICA2NTAwLzIvMSAgNjM5OS8zLzEgIDYzOTgvNC8xIA0KZiAgNjUwMC8xLzEgIDY1MDEvMi8xICA2NDAwLzMvMSAgNjM5OS80LzEgDQpmICA2NTAxLzEvMSAgNjUwMi8yLzEgIDY0MDEvMy8xICA2NDAwLzQvMSANCmYgIDY1MDIvMS8xICA2NTAzLzIvMSAgNjQwMi8zLzEgIDY0MDEvNC8xIA0KZiAgNjUwMy8xLzEgIDY1MDQvMi8xICA2NDAzLzMvMSAgNjQwMi80LzEgDQpmICA2NTA0LzEvMSAgNjUwNS8yLzEgIDY0MDQvMy8xICA2NDAzLzQvMSANCmYgIDY1MDUvMS8xICA2NTA2LzIvMSAgNjQwNS8zLzEgIDY0MDQvNC8xIA0KZiAgNjUwNi8xLzEgIDY1MDcvMi8xICA2NDA2LzMvMSAgNjQwNS80LzEgDQpmICA2NTA3LzEvMSAgNjUwOC8yLzEgIDY0MDcvMy8xICA2NDA2LzQvMSANCmYgIDY1MDgvMS8xICA2NTA5LzIvMSAgNjQwOC8zLzEgIDY0MDcvNC8xIA0KZiAgNjUwOS8xLzEgIDY1MTAvMi8xICA2NDA5LzMvMSAgNjQwOC80LzEgDQpmICA2NTEwLzEvMSAgNjUxMS8yLzEgIDY0MTAvMy8xICA2NDA5LzQvMSANCmYgIDY1MTEvMS8xICA2NTEyLzIvMSAgNjQxMS8zLzEgIDY0MTAvNC8xIA0KZiAgNjUxMi8xLzEgIDY1MTMvMi8xICA2NDEyLzMvMSAgNjQxMS80LzEgDQpmICA2NTEzLzEvMSAgNjUxNC8yLzEgIDY0MTMvMy8xICA2NDEyLzQvMSANCmYgIDY1MTQvMS8xICA2NTE1LzIvMSAgNjQxNC8zLzEgIDY0MTMvNC8xIA0KZiAgNjUxNS8xLzEgIDY1MTYvMi8xICA2NDE1LzMvMSAgNjQxNC80LzEgDQpmICA2NTE2LzEvMSAgNjUxNy8yLzEgIDY0MTYvMy8xICA2NDE1LzQvMSANCmYgIDY1MTcvMS8xICA2NTE4LzIvMSAgNjQxNy8zLzEgIDY0MTYvNC8xIA0KZiAgNjUxOC8xLzEgIDY1MTkvMi8xICA2NDE4LzMvMSAgNjQxNy80LzEgDQpmICA2NTE5LzEvMSAgNjUyMC8yLzEgIDY0MTkvMy8xICA2NDE4LzQvMSANCmYgIDY1MjAvMS8xICA2NTIxLzIvMSAgNjQyMC8zLzEgIDY0MTkvNC8xIA0KZiAgNjUyMS8xLzEgIDY1MjIvMi8xICA2NDIxLzMvMSAgNjQyMC80LzEgDQpmICA2NTIyLzEvMSAgNjUyMy8yLzEgIDY0MjIvMy8xICA2NDIxLzQvMSANCmYgIDY1MjMvMS8xICA2NTI0LzIvMSAgNjQyMy8zLzEgIDY0MjIvNC8xIA0KZiAgNjUyNC8xLzEgIDY1MjUvMi8xICA2NDI0LzMvMSAgNjQyMy80LzEgDQpmICA2NTI1LzEvMSAgNjUyNi8yLzEgIDY0MjUvMy8xICA2NDI0LzQvMSANCmYgIDY1MjYvMS8xICA2NTI3LzIvMSAgNjQyNi8zLzEgIDY0MjUvNC8xIA0KZiAgNjUyNy8xLzEgIDY1MjgvMi8xICA2NDI3LzMvMSAgNjQyNi80LzEgDQpmICA2NTI4LzEvMSAgNjUyOS8yLzEgIDY0MjgvMy8xICA2NDI3LzQvMSANCmYgIDY1MjkvMS8xICA2NTMwLzIvMSAgNjQyOS8zLzEgIDY0MjgvNC8xIA0KZiAgNjUzMC8xLzEgIDY1MzEvMi8xICA2NDMwLzMvMSAgNjQyOS80LzEgDQpmICA2NTMxLzEvMSAgNjUzMi8yLzEgIDY0MzEvMy8xICA2NDMwLzQvMSANCmYgIDY1MzIvMS8xICA2NTMzLzIvMSAgNjQzMi8zLzEgIDY0MzEvNC8xIA0KZiAgNjUzMy8xLzEgIDY1MzQvMi8xICA2NDMzLzMvMSAgNjQzMi80LzEgDQpmICA2NTM0LzEvMSAgNjUzNS8yLzEgIDY0MzQvMy8xICA2NDMzLzQvMSANCmYgIDY1MzUvMS8xICA2NTM2LzIvMSAgNjQzNS8zLzEgIDY0MzQvNC8xIA0KZiAgNjUzNi8xLzEgIDY1MzcvMi8xICA2NDM2LzMvMSAgNjQzNS80LzEgDQpmICA2NTM3LzEvMSAgNjUzOC8yLzEgIDY0MzcvMy8xICA2NDM2LzQvMSANCmYgIDY1MzgvMS8xICA2NTM5LzIvMSAgNjQzOC8zLzEgIDY0MzcvNC8xIA0KZiAgNjUzOS8xLzEgIDY1NDAvMi8xICA2NDM5LzMvMSAgNjQzOC80LzEgDQpmICA2NTQwLzEvMSAgNjU0MS8yLzEgIDY0NDAvMy8xICA2NDM5LzQvMSANCmYgIDY1NDEvMS8xICA2NTQyLzIvMSAgNjQ0MS8zLzEgIDY0NDAvNC8xIA0KZiAgNjU0Mi8xLzEgIDY1NDMvMi8xICA2NDQyLzMvMSAgNjQ0MS80LzEgDQpmICA2NTQzLzEvMSAgNjU0NC8yLzEgIDY0NDMvMy8xICA2NDQyLzQvMSANCmYgIDY1NDQvMS8xICA2NTQ1LzIvMSAgNjQ0NC8zLzEgIDY0NDMvNC8xIA0KZiAgNjU0NS8xLzEgIDY1NDYvMi8xICA2NDQ1LzMvMSAgNjQ0NC80LzEgDQpmICA2NTQ2LzEvMSAgNjU0Ny8yLzEgIDY0NDYvMy8xICA2NDQ1LzQvMSANCmYgIDY1NDcvMS8xICA2NTQ4LzIvMSAgNjQ0Ny8zLzEgIDY0NDYvNC8xIA0KZiAgNjU0OC8xLzEgIDY1NDkvMi8xICA2NDQ4LzMvMSAgNjQ0Ny80LzEgDQpmICA2NTQ5LzEvMSAgNjU1MC8yLzEgIDY0NDkvMy8xICA2NDQ4LzQvMSANCmYgIDY1NTAvMS8xICA2NTUxLzIvMSAgNjQ1MC8zLzEgIDY0NDkvNC8xIA0KZiAgNjU1MS8xLzEgIDY1NTIvMi8xICA2NDUxLzMvMSAgNjQ1MC80LzEgDQpmICA2NTUyLzEvMSAgNjU1My8yLzEgIDY0NTIvMy8xICA2NDUxLzQvMSANCmYgIDY1NTMvMS8xICA2NTU0LzIvMSAgNjQ1My8zLzEgIDY0NTIvNC8xIA0KZiAgNjU1NC8xLzEgIDY1NTUvMi8xICA2NDU0LzMvMSAgNjQ1My80LzEgDQpmICA2NTU1LzEvMSAgNjU1Ni8yLzEgIDY0NTUvMy8xICA2NDU0LzQvMSANCmYgIDY1NTYvMS8xICA2NTU3LzIvMSAgNjQ1Ni8zLzEgIDY0NTUvNC8xIA0KZiAgNjU1Ny8xLzEgIDY1NTgvMi8xICA2NDU3LzMvMSAgNjQ1Ni80LzEgDQpmICA2NTU4LzEvMSAgNjU1OS8yLzEgIDY0NTgvMy8xICA2NDU3LzQvMSANCmYgIDY1NTkvMS8xICA2NTYwLzIvMSAgNjQ1OS8zLzEgIDY0NTgvNC8xIA0KZiAgNjU2MC8xLzEgIDY1NjEvMi8xICA2NDYwLzMvMSAgNjQ1OS80LzEgDQpmICA2NTYxLzEvMSAgNjU2Mi8yLzEgIDY0NjEvMy8xICA2NDYwLzQvMSANCmYgIDY1NjIvMS8xICA2NTYzLzIvMSAgNjQ2Mi8zLzEgIDY0NjEvNC8xIA0KZiAgNjU2My8xLzEgIDY1NjQvMi8xICA2NDYzLzMvMSAgNjQ2Mi80LzEgDQpmICA2NTY0LzEvMSAgNjU2NS8yLzEgIDY0NjQvMy8xICA2NDYzLzQvMSANCmYgIDY1NjYvMS8xICA2NTY3LzIvMSAgNjQ2Ni8zLzEgIDY0NjUvNC8xIA0KZiAgNjU2Ny8xLzEgIDY1NjgvMi8xICA2NDY3LzMvMSAgNjQ2Ni80LzEgDQpmICA2NTY4LzEvMSAgNjU2OS8yLzEgIDY0NjgvMy8xICA2NDY3LzQvMSANCmYgIDY1NjkvMS8xICA2NTcwLzIvMSAgNjQ2OS8zLzEgIDY0NjgvNC8xIA0KZiAgNjU3MC8xLzEgIDY1NzEvMi8xICA2NDcwLzMvMSAgNjQ2OS80LzEgDQpmICA2NTcxLzEvMSAgNjU3Mi8yLzEgIDY0NzEvMy8xICA2NDcwLzQvMSANCmYgIDY1NzIvMS8xICA2NTczLzIvMSAgNjQ3Mi8zLzEgIDY0NzEvNC8xIA0KZiAgNjU3My8xLzEgIDY1NzQvMi8xICA2NDczLzMvMSAgNjQ3Mi80LzEgDQpmICA2NTc0LzEvMSAgNjU3NS8yLzEgIDY0NzQvMy8xICA2NDczLzQvMSANCmYgIDY1NzUvMS8xICA2NTc2LzIvMSAgNjQ3NS8zLzEgIDY0NzQvNC8xIA0KZiAgNjU3Ni8xLzEgIDY1NzcvMi8xICA2NDc2LzMvMSAgNjQ3NS80LzEgDQpmICA2NTc3LzEvMSAgNjU3OC8yLzEgIDY0NzcvMy8xICA2NDc2LzQvMSANCmYgIDY1NzgvMS8xICA2NTc5LzIvMSAgNjQ3OC8zLzEgIDY0NzcvNC8xIA0KZiAgNjU3OS8xLzEgIDY1ODAvMi8xICA2NDc5LzMvMSAgNjQ3OC80LzEgDQpmICA2NTgwLzEvMSAgNjU4MS8yLzEgIDY0ODAvMy8xICA2NDc5LzQvMSANCmYgIDY1ODEvMS8xICA2NTgyLzIvMSAgNjQ4MS8zLzEgIDY0ODAvNC8xIA0KZiAgNjU4Mi8xLzEgIDY1ODMvMi8xICA2NDgyLzMvMSAgNjQ4MS80LzEgDQpmICA2NTgzLzEvMSAgNjU4NC8yLzEgIDY0ODMvMy8xICA2NDgyLzQvMSANCmYgIDY1ODQvMS8xICA2NTg1LzIvMSAgNjQ4NC8zLzEgIDY0ODMvNC8xIA0KZiAgNjU4NS8xLzEgIDY1ODYvMi8xICA2NDg1LzMvMSAgNjQ4NC80LzEgDQpmICA2NTg2LzEvMSAgNjU4Ny8yLzEgIDY0ODYvMy8xICA2NDg1LzQvMSANCmYgIDY1ODcvMS8xICA2NTg4LzIvMSAgNjQ4Ny8zLzEgIDY0ODYvNC8xIA0KZiAgNjU4OC8xLzEgIDY1ODkvMi8xICA2NDg4LzMvMSAgNjQ4Ny80LzEgDQpmICA2NTg5LzEvMSAgNjU5MC8yLzEgIDY0ODkvMy8xICA2NDg4LzQvMSANCmYgIDY1OTAvMS8xICA2NTkxLzIvMSAgNjQ5MC8zLzEgIDY0ODkvNC8xIA0KZiAgNjU5MS8xLzEgIDY1OTIvMi8xICA2NDkxLzMvMSAgNjQ5MC80LzEgDQpmICA2NTkyLzEvMSAgNjU5My8yLzEgIDY0OTIvMy8xICA2NDkxLzQvMSANCmYgIDY1OTMvMS8xICA2NTk0LzIvMSAgNjQ5My8zLzEgIDY0OTIvNC8xIA0KZiAgNjU5NC8xLzEgIDY1OTUvMi8xICA2NDk0LzMvMSAgNjQ5My80LzEgDQpmICA2NTk1LzEvMSAgNjU5Ni8yLzEgIDY0OTUvMy8xICA2NDk0LzQvMSANCmYgIDY1OTYvMS8xICA2NTk3LzIvMSAgNjQ5Ni8zLzEgIDY0OTUvNC8xIA0KZiAgNjU5Ny8xLzEgIDY1OTgvMi8xICA2NDk3LzMvMSAgNjQ5Ni80LzEgDQpmICA2NTk4LzEvMSAgNjU5OS8yLzEgIDY0OTgvMy8xICA2NDk3LzQvMSANCmYgIDY1OTkvMS8xICA2NjAwLzIvMSAgNjQ5OS8zLzEgIDY0OTgvNC8xIA0KZiAgNjYwMC8xLzEgIDY2MDEvMi8xICA2NTAwLzMvMSAgNjQ5OS80LzEgDQpmICA2NjAxLzEvMSAgNjYwMi8yLzEgIDY1MDEvMy8xICA2NTAwLzQvMSANCmYgIDY2MDIvMS8xICA2NjAzLzIvMSAgNjUwMi8zLzEgIDY1MDEvNC8xIA0KZiAgNjYwMy8xLzEgIDY2MDQvMi8xICA2NTAzLzMvMSAgNjUwMi80LzEgDQpmICA2NjA0LzEvMSAgNjYwNS8yLzEgIDY1MDQvMy8xICA2NTAzLzQvMSANCmYgIDY2MDUvMS8xICA2NjA2LzIvMSAgNjUwNS8zLzEgIDY1MDQvNC8xIA0KZiAgNjYwNi8xLzEgIDY2MDcvMi8xICA2NTA2LzMvMSAgNjUwNS80LzEgDQpmICA2NjA3LzEvMSAgNjYwOC8yLzEgIDY1MDcvMy8xICA2NTA2LzQvMSANCmYgIDY2MDgvMS8xICA2NjA5LzIvMSAgNjUwOC8zLzEgIDY1MDcvNC8xIA0KZiAgNjYwOS8xLzEgIDY2MTAvMi8xICA2NTA5LzMvMSAgNjUwOC80LzEgDQpmICA2NjEwLzEvMSAgNjYxMS8yLzEgIDY1MTAvMy8xICA2NTA5LzQvMSANCmYgIDY2MTEvMS8xICA2NjEyLzIvMSAgNjUxMS8zLzEgIDY1MTAvNC8xIA0KZiAgNjYxMi8xLzEgIDY2MTMvMi8xICA2NTEyLzMvMSAgNjUxMS80LzEgDQpmICA2NjEzLzEvMSAgNjYxNC8yLzEgIDY1MTMvMy8xICA2NTEyLzQvMSANCmYgIDY2MTQvMS8xICA2NjE1LzIvMSAgNjUxNC8zLzEgIDY1MTMvNC8xIA0KZiAgNjYxNS8xLzEgIDY2MTYvMi8xICA2NTE1LzMvMSAgNjUxNC80LzEgDQpmICA2NjE2LzEvMSAgNjYxNy8yLzEgIDY1MTYvMy8xICA2NTE1LzQvMSANCmYgIDY2MTcvMS8xICA2NjE4LzIvMSAgNjUxNy8zLzEgIDY1MTYvNC8xIA0KZiAgNjYxOC8xLzEgIDY2MTkvMi8xICA2NTE4LzMvMSAgNjUxNy80LzEgDQpmICA2NjE5LzEvMSAgNjYyMC8yLzEgIDY1MTkvMy8xICA2NTE4LzQvMSANCmYgIDY2MjAvMS8xICA2NjIxLzIvMSAgNjUyMC8zLzEgIDY1MTkvNC8xIA0KZiAgNjYyMS8xLzEgIDY2MjIvMi8xICA2NTIxLzMvMSAgNjUyMC80LzEgDQpmICA2NjIyLzEvMSAgNjYyMy8yLzEgIDY1MjIvMy8xICA2NTIxLzQvMSANCmYgIDY2MjMvMS8xICA2NjI0LzIvMSAgNjUyMy8zLzEgIDY1MjIvNC8xIA0KZiAgNjYyNC8xLzEgIDY2MjUvMi8xICA2NTI0LzMvMSAgNjUyMy80LzEgDQpmICA2NjI1LzEvMSAgNjYyNi8yLzEgIDY1MjUvMy8xICA2NTI0LzQvMSANCmYgIDY2MjYvMS8xICA2NjI3LzIvMSAgNjUyNi8zLzEgIDY1MjUvNC8xIA0KZiAgNjYyNy8xLzEgIDY2MjgvMi8xICA2NTI3LzMvMSAgNjUyNi80LzEgDQpmICA2NjI4LzEvMSAgNjYyOS8yLzEgIDY1MjgvMy8xICA2NTI3LzQvMSANCmYgIDY2MjkvMS8xICA2NjMwLzIvMSAgNjUyOS8zLzEgIDY1MjgvNC8xIA0KZiAgNjYzMC8xLzEgIDY2MzEvMi8xICA2NTMwLzMvMSAgNjUyOS80LzEgDQpmICA2NjMxLzEvMSAgNjYzMi8yLzEgIDY1MzEvMy8xICA2NTMwLzQvMSANCmYgIDY2MzIvMS8xICA2NjMzLzIvMSAgNjUzMi8zLzEgIDY1MzEvNC8xIA0KZiAgNjYzMy8xLzEgIDY2MzQvMi8xICA2NTMzLzMvMSAgNjUzMi80LzEgDQpmICA2NjM0LzEvMSAgNjYzNS8yLzEgIDY1MzQvMy8xICA2NTMzLzQvMSANCmYgIDY2MzUvMS8xICA2NjM2LzIvMSAgNjUzNS8zLzEgIDY1MzQvNC8xIA0KZiAgNjYzNi8xLzEgIDY2MzcvMi8xICA2NTM2LzMvMSAgNjUzNS80LzEgDQpmICA2NjM3LzEvMSAgNjYzOC8yLzEgIDY1MzcvMy8xICA2NTM2LzQvMSANCmYgIDY2MzgvMS8xICA2NjM5LzIvMSAgNjUzOC8zLzEgIDY1MzcvNC8xIA0KZiAgNjYzOS8xLzEgIDY2NDAvMi8xICA2NTM5LzMvMSAgNjUzOC80LzEgDQpmICA2NjQwLzEvMSAgNjY0MS8yLzEgIDY1NDAvMy8xICA2NTM5LzQvMSANCmYgIDY2NDEvMS8xICA2NjQyLzIvMSAgNjU0MS8zLzEgIDY1NDAvNC8xIA0KZiAgNjY0Mi8xLzEgIDY2NDMvMi8xICA2NTQyLzMvMSAgNjU0MS80LzEgDQpmICA2NjQzLzEvMSAgNjY0NC8yLzEgIDY1NDMvMy8xICA2NTQyLzQvMSANCmYgIDY2NDQvMS8xICA2NjQ1LzIvMSAgNjU0NC8zLzEgIDY1NDMvNC8xIA0KZiAgNjY0NS8xLzEgIDY2NDYvMi8xICA2NTQ1LzMvMSAgNjU0NC80LzEgDQpmICA2NjQ2LzEvMSAgNjY0Ny8yLzEgIDY1NDYvMy8xICA2NTQ1LzQvMSANCmYgIDY2NDcvMS8xICA2NjQ4LzIvMSAgNjU0Ny8zLzEgIDY1NDYvNC8xIA0KZiAgNjY0OC8xLzEgIDY2NDkvMi8xICA2NTQ4LzMvMSAgNjU0Ny80LzEgDQpmICA2NjQ5LzEvMSAgNjY1MC8yLzEgIDY1NDkvMy8xICA2NTQ4LzQvMSANCmYgIDY2NTAvMS8xICA2NjUxLzIvMSAgNjU1MC8zLzEgIDY1NDkvNC8xIA0KZiAgNjY1MS8xLzEgIDY2NTIvMi8xICA2NTUxLzMvMSAgNjU1MC80LzEgDQpmICA2NjUyLzEvMSAgNjY1My8yLzEgIDY1NTIvMy8xICA2NTUxLzQvMSANCmYgIDY2NTMvMS8xICA2NjU0LzIvMSAgNjU1My8zLzEgIDY1NTIvNC8xIA0KZiAgNjY1NC8xLzEgIDY2NTUvMi8xICA2NTU0LzMvMSAgNjU1My80LzEgDQpmICA2NjU1LzEvMSAgNjY1Ni8yLzEgIDY1NTUvMy8xICA2NTU0LzQvMSANCmYgIDY2NTYvMS8xICA2NjU3LzIvMSAgNjU1Ni8zLzEgIDY1NTUvNC8xIA0KZiAgNjY1Ny8xLzEgIDY2NTgvMi8xICA2NTU3LzMvMSAgNjU1Ni80LzEgDQpmICA2NjU4LzEvMSAgNjY1OS8yLzEgIDY1NTgvMy8xICA2NTU3LzQvMSANCmYgIDY2NTkvMS8xICA2NjYwLzIvMSAgNjU1OS8zLzEgIDY1NTgvNC8xIA0KZiAgNjY2MC8xLzEgIDY2NjEvMi8xICA2NTYwLzMvMSAgNjU1OS80LzEgDQpmICA2NjYxLzEvMSAgNjY2Mi8yLzEgIDY1NjEvMy8xICA2NTYwLzQvMSANCmYgIDY2NjIvMS8xICA2NjYzLzIvMSAgNjU2Mi8zLzEgIDY1NjEvNC8xIA0KZiAgNjY2My8xLzEgIDY2NjQvMi8xICA2NTYzLzMvMSAgNjU2Mi80LzEgDQpmICA2NjY0LzEvMSAgNjY2NS8yLzEgIDY1NjQvMy8xICA2NTYzLzQvMSANCmYgIDY2NjUvMS8xICA2NjY2LzIvMSAgNjU2NS8zLzEgIDY1NjQvNC8xIA0KZiAgNjY2Ny8xLzEgIDY2NjgvMi8xICA2NTY3LzMvMSAgNjU2Ni80LzEgDQpmICA2NjY4LzEvMSAgNjY2OS8yLzEgIDY1NjgvMy8xICA2NTY3LzQvMSANCmYgIDY2NjkvMS8xICA2NjcwLzIvMSAgNjU2OS8zLzEgIDY1NjgvNC8xIA0KZiAgNjY3MC8xLzEgIDY2NzEvMi8xICA2NTcwLzMvMSAgNjU2OS80LzEgDQpmICA2NjcxLzEvMSAgNjY3Mi8yLzEgIDY1NzEvMy8xICA2NTcwLzQvMSANCmYgIDY2NzIvMS8xICA2NjczLzIvMSAgNjU3Mi8zLzEgIDY1NzEvNC8xIA0KZiAgNjY3My8xLzEgIDY2NzQvMi8xICA2NTczLzMvMSAgNjU3Mi80LzEgDQpmICA2Njc0LzEvMSAgNjY3NS8yLzEgIDY1NzQvMy8xICA2NTczLzQvMSANCmYgIDY2NzUvMS8xICA2Njc2LzIvMSAgNjU3NS8zLzEgIDY1NzQvNC8xIA0KZiAgNjY3Ni8xLzEgIDY2NzcvMi8xICA2NTc2LzMvMSAgNjU3NS80LzEgDQpmICA2Njc3LzEvMSAgNjY3OC8yLzEgIDY1NzcvMy8xICA2NTc2LzQvMSANCmYgIDY2NzgvMS8xICA2Njc5LzIvMSAgNjU3OC8zLzEgIDY1NzcvNC8xIA0KZiAgNjY3OS8xLzEgIDY2ODAvMi8xICA2NTc5LzMvMSAgNjU3OC80LzEgDQpmICA2NjgwLzEvMSAgNjY4MS8yLzEgIDY1ODAvMy8xICA2NTc5LzQvMSANCmYgIDY2ODEvMS8xICA2NjgyLzIvMSAgNjU4MS8zLzEgIDY1ODAvNC8xIA0KZiAgNjY4Mi8xLzEgIDY2ODMvMi8xICA2NTgyLzMvMSAgNjU4MS80LzEgDQpmICA2NjgzLzEvMSAgNjY4NC8yLzEgIDY1ODMvMy8xICA2NTgyLzQvMSANCmYgIDY2ODQvMS8xICA2Njg1LzIvMSAgNjU4NC8zLzEgIDY1ODMvNC8xIA0KZiAgNjY4NS8xLzEgIDY2ODYvMi8xICA2NTg1LzMvMSAgNjU4NC80LzEgDQpmICA2Njg2LzEvMSAgNjY4Ny8yLzEgIDY1ODYvMy8xICA2NTg1LzQvMSANCmYgIDY2ODcvMS8xICA2Njg4LzIvMSAgNjU4Ny8zLzEgIDY1ODYvNC8xIA0KZiAgNjY4OC8xLzEgIDY2ODkvMi8xICA2NTg4LzMvMSAgNjU4Ny80LzEgDQpmICA2Njg5LzEvMSAgNjY5MC8yLzEgIDY1ODkvMy8xICA2NTg4LzQvMSANCmYgIDY2OTAvMS8xICA2NjkxLzIvMSAgNjU5MC8zLzEgIDY1ODkvNC8xIA0KZiAgNjY5MS8xLzEgIDY2OTIvMi8xICA2NTkxLzMvMSAgNjU5MC80LzEgDQpmICA2NjkyLzEvMSAgNjY5My8yLzEgIDY1OTIvMy8xICA2NTkxLzQvMSANCmYgIDY2OTMvMS8xICA2Njk0LzIvMSAgNjU5My8zLzEgIDY1OTIvNC8xIA0KZiAgNjY5NC8xLzEgIDY2OTUvMi8xICA2NTk0LzMvMSAgNjU5My80LzEgDQpmICA2Njk1LzEvMSAgNjY5Ni8yLzEgIDY1OTUvMy8xICA2NTk0LzQvMSANCmYgIDY2OTYvMS8xICA2Njk3LzIvMSAgNjU5Ni8zLzEgIDY1OTUvNC8xIA0KZiAgNjY5Ny8xLzEgIDY2OTgvMi8xICA2NTk3LzMvMSAgNjU5Ni80LzEgDQpmICA2Njk4LzEvMSAgNjY5OS8yLzEgIDY1OTgvMy8xICA2NTk3LzQvMSANCmYgIDY2OTkvMS8xICA2NzAwLzIvMSAgNjU5OS8zLzEgIDY1OTgvNC8xIA0KZiAgNjcwMC8xLzEgIDY3MDEvMi8xICA2NjAwLzMvMSAgNjU5OS80LzEgDQpmICA2NzAxLzEvMSAgNjcwMi8yLzEgIDY2MDEvMy8xICA2NjAwLzQvMSANCmYgIDY3MDIvMS8xICA2NzAzLzIvMSAgNjYwMi8zLzEgIDY2MDEvNC8xIA0KZiAgNjcwMy8xLzEgIDY3MDQvMi8xICA2NjAzLzMvMSAgNjYwMi80LzEgDQpmICA2NzA0LzEvMSAgNjcwNS8yLzEgIDY2MDQvMy8xICA2NjAzLzQvMSANCmYgIDY3MDUvMS8xICA2NzA2LzIvMSAgNjYwNS8zLzEgIDY2MDQvNC8xIA0KZiAgNjcwNi8xLzEgIDY3MDcvMi8xICA2NjA2LzMvMSAgNjYwNS80LzEgDQpmICA2NzA3LzEvMSAgNjcwOC8yLzEgIDY2MDcvMy8xICA2NjA2LzQvMSANCmYgIDY3MDgvMS8xICA2NzA5LzIvMSAgNjYwOC8zLzEgIDY2MDcvNC8xIA0KZiAgNjcwOS8xLzEgIDY3MTAvMi8xICA2NjA5LzMvMSAgNjYwOC80LzEgDQpmICA2NzEwLzEvMSAgNjcxMS8yLzEgIDY2MTAvMy8xICA2NjA5LzQvMSANCmYgIDY3MTEvMS8xICA2NzEyLzIvMSAgNjYxMS8zLzEgIDY2MTAvNC8xIA0KZiAgNjcxMi8xLzEgIDY3MTMvMi8xICA2NjEyLzMvMSAgNjYxMS80LzEgDQpmICA2NzEzLzEvMSAgNjcxNC8yLzEgIDY2MTMvMy8xICA2NjEyLzQvMSANCmYgIDY3MTQvMS8xICA2NzE1LzIvMSAgNjYxNC8zLzEgIDY2MTMvNC8xIA0KZiAgNjcxNS8xLzEgIDY3MTYvMi8xICA2NjE1LzMvMSAgNjYxNC80LzEgDQpmICA2NzE2LzEvMSAgNjcxNy8yLzEgIDY2MTYvMy8xICA2NjE1LzQvMSANCmYgIDY3MTcvMS8xICA2NzE4LzIvMSAgNjYxNy8zLzEgIDY2MTYvNC8xIA0KZiAgNjcxOC8xLzEgIDY3MTkvMi8xICA2NjE4LzMvMSAgNjYxNy80LzEgDQpmICA2NzE5LzEvMSAgNjcyMC8yLzEgIDY2MTkvMy8xICA2NjE4LzQvMSANCmYgIDY3MjAvMS8xICA2NzIxLzIvMSAgNjYyMC8zLzEgIDY2MTkvNC8xIA0KZiAgNjcyMS8xLzEgIDY3MjIvMi8xICA2NjIxLzMvMSAgNjYyMC80LzEgDQpmICA2NzIyLzEvMSAgNjcyMy8yLzEgIDY2MjIvMy8xICA2NjIxLzQvMSANCmYgIDY3MjMvMS8xICA2NzI0LzIvMSAgNjYyMy8zLzEgIDY2MjIvNC8xIA0KZiAgNjcyNC8xLzEgIDY3MjUvMi8xICA2NjI0LzMvMSAgNjYyMy80LzEgDQpmICA2NzI1LzEvMSAgNjcyNi8yLzEgIDY2MjUvMy8xICA2NjI0LzQvMSANCmYgIDY3MjYvMS8xICA2NzI3LzIvMSAgNjYyNi8zLzEgIDY2MjUvNC8xIA0KZiAgNjcyNy8xLzEgIDY3MjgvMi8xICA2NjI3LzMvMSAgNjYyNi80LzEgDQpmICA2NzI4LzEvMSAgNjcyOS8yLzEgIDY2MjgvMy8xICA2NjI3LzQvMSANCmYgIDY3MjkvMS8xICA2NzMwLzIvMSAgNjYyOS8zLzEgIDY2MjgvNC8xIA0KZiAgNjczMC8xLzEgIDY3MzEvMi8xICA2NjMwLzMvMSAgNjYyOS80LzEgDQpmICA2NzMxLzEvMSAgNjczMi8yLzEgIDY2MzEvMy8xICA2NjMwLzQvMSANCmYgIDY3MzIvMS8xICA2NzMzLzIvMSAgNjYzMi8zLzEgIDY2MzEvNC8xIA0KZiAgNjczMy8xLzEgIDY3MzQvMi8xICA2NjMzLzMvMSAgNjYzMi80LzEgDQpmICA2NzM0LzEvMSAgNjczNS8yLzEgIDY2MzQvMy8xICA2NjMzLzQvMSANCmYgIDY3MzUvMS8xICA2NzM2LzIvMSAgNjYzNS8zLzEgIDY2MzQvNC8xIA0KZiAgNjczNi8xLzEgIDY3MzcvMi8xICA2NjM2LzMvMSAgNjYzNS80LzEgDQpmICA2NzM3LzEvMSAgNjczOC8yLzEgIDY2MzcvMy8xICA2NjM2LzQvMSANCmYgIDY3MzgvMS8xICA2NzM5LzIvMSAgNjYzOC8zLzEgIDY2MzcvNC8xIA0KZiAgNjczOS8xLzEgIDY3NDAvMi8xICA2NjM5LzMvMSAgNjYzOC80LzEgDQpmICA2NzQwLzEvMSAgNjc0MS8yLzEgIDY2NDAvMy8xICA2NjM5LzQvMSANCmYgIDY3NDEvMS8xICA2NzQyLzIvMSAgNjY0MS8zLzEgIDY2NDAvNC8xIA0KZiAgNjc0Mi8xLzEgIDY3NDMvMi8xICA2NjQyLzMvMSAgNjY0MS80LzEgDQpmICA2NzQzLzEvMSAgNjc0NC8yLzEgIDY2NDMvMy8xICA2NjQyLzQvMSANCmYgIDY3NDQvMS8xICA2NzQ1LzIvMSAgNjY0NC8zLzEgIDY2NDMvNC8xIA0KZiAgNjc0NS8xLzEgIDY3NDYvMi8xICA2NjQ1LzMvMSAgNjY0NC80LzEgDQpmICA2NzQ2LzEvMSAgNjc0Ny8yLzEgIDY2NDYvMy8xICA2NjQ1LzQvMSANCmYgIDY3NDcvMS8xICA2NzQ4LzIvMSAgNjY0Ny8zLzEgIDY2NDYvNC8xIA0KZiAgNjc0OC8xLzEgIDY3NDkvMi8xICA2NjQ4LzMvMSAgNjY0Ny80LzEgDQpmICA2NzQ5LzEvMSAgNjc1MC8yLzEgIDY2NDkvMy8xICA2NjQ4LzQvMSANCmYgIDY3NTAvMS8xICA2NzUxLzIvMSAgNjY1MC8zLzEgIDY2NDkvNC8xIA0KZiAgNjc1MS8xLzEgIDY3NTIvMi8xICA2NjUxLzMvMSAgNjY1MC80LzEgDQpmICA2NzUyLzEvMSAgNjc1My8yLzEgIDY2NTIvMy8xICA2NjUxLzQvMSANCmYgIDY3NTMvMS8xICA2NzU0LzIvMSAgNjY1My8zLzEgIDY2NTIvNC8xIA0KZiAgNjc1NC8xLzEgIDY3NTUvMi8xICA2NjU0LzMvMSAgNjY1My80LzEgDQpmICA2NzU1LzEvMSAgNjc1Ni8yLzEgIDY2NTUvMy8xICA2NjU0LzQvMSANCmYgIDY3NTYvMS8xICA2NzU3LzIvMSAgNjY1Ni8zLzEgIDY2NTUvNC8xIA0KZiAgNjc1Ny8xLzEgIDY3NTgvMi8xICA2NjU3LzMvMSAgNjY1Ni80LzEgDQpmICA2NzU4LzEvMSAgNjc1OS8yLzEgIDY2NTgvMy8xICA2NjU3LzQvMSANCmYgIDY3NTkvMS8xICA2NzYwLzIvMSAgNjY1OS8zLzEgIDY2NTgvNC8xIA0KZiAgNjc2MC8xLzEgIDY3NjEvMi8xICA2NjYwLzMvMSAgNjY1OS80LzEgDQpmICA2NzYxLzEvMSAgNjc2Mi8yLzEgIDY2NjEvMy8xICA2NjYwLzQvMSANCmYgIDY3NjIvMS8xICA2NzYzLzIvMSAgNjY2Mi8zLzEgIDY2NjEvNC8xIA0KZiAgNjc2My8xLzEgIDY3NjQvMi8xICA2NjYzLzMvMSAgNjY2Mi80LzEgDQpmICA2NzY0LzEvMSAgNjc2NS8yLzEgIDY2NjQvMy8xICA2NjYzLzQvMSANCmYgIDY3NjUvMS8xICA2NzY2LzIvMSAgNjY2NS8zLzEgIDY2NjQvNC8xIA0KZiAgNjc2Ni8xLzEgIDY3NjcvMi8xICA2NjY2LzMvMSAgNjY2NS80LzEgDQpmICA2NzY4LzEvMSAgNjc2OS8yLzEgIDY2NjgvMy8xICA2NjY3LzQvMSANCmYgIDY3NjkvMS8xICA2NzcwLzIvMSAgNjY2OS8zLzEgIDY2NjgvNC8xIA0KZiAgNjc3MC8xLzEgIDY3NzEvMi8xICA2NjcwLzMvMSAgNjY2OS80LzEgDQpmICA2NzcxLzEvMSAgNjc3Mi8yLzEgIDY2NzEvMy8xICA2NjcwLzQvMSANCmYgIDY3NzIvMS8xICA2NzczLzIvMSAgNjY3Mi8zLzEgIDY2NzEvNC8xIA0KZiAgNjc3My8xLzEgIDY3NzQvMi8xICA2NjczLzMvMSAgNjY3Mi80LzEgDQpmICA2Nzc0LzEvMSAgNjc3NS8yLzEgIDY2NzQvMy8xICA2NjczLzQvMSANCmYgIDY3NzUvMS8xICA2Nzc2LzIvMSAgNjY3NS8zLzEgIDY2NzQvNC8xIA0KZiAgNjc3Ni8xLzEgIDY3NzcvMi8xICA2Njc2LzMvMSAgNjY3NS80LzEgDQpmICA2Nzc3LzEvMSAgNjc3OC8yLzEgIDY2NzcvMy8xICA2Njc2LzQvMSANCmYgIDY3NzgvMS8xICA2Nzc5LzIvMSAgNjY3OC8zLzEgIDY2NzcvNC8xIA0KZiAgNjc3OS8xLzEgIDY3ODAvMi8xICA2Njc5LzMvMSAgNjY3OC80LzEgDQpmICA2NzgwLzEvMSAgNjc4MS8yLzEgIDY2ODAvMy8xICA2Njc5LzQvMSANCmYgIDY3ODEvMS8xICA2NzgyLzIvMSAgNjY4MS8zLzEgIDY2ODAvNC8xIA0KZiAgNjc4Mi8xLzEgIDY3ODMvMi8xICA2NjgyLzMvMSAgNjY4MS80LzEgDQpmICA2NzgzLzEvMSAgNjc4NC8yLzEgIDY2ODMvMy8xICA2NjgyLzQvMSANCmYgIDY3ODQvMS8xICA2Nzg1LzIvMSAgNjY4NC8zLzEgIDY2ODMvNC8xIA0KZiAgNjc4NS8xLzEgIDY3ODYvMi8xICA2Njg1LzMvMSAgNjY4NC80LzEgDQpmICA2Nzg2LzEvMSAgNjc4Ny8yLzEgIDY2ODYvMy8xICA2Njg1LzQvMSANCmYgIDY3ODcvMS8xICA2Nzg4LzIvMSAgNjY4Ny8zLzEgIDY2ODYvNC8xIA0KZiAgNjc4OC8xLzEgIDY3ODkvMi8xICA2Njg4LzMvMSAgNjY4Ny80LzEgDQpmICA2Nzg5LzEvMSAgNjc5MC8yLzEgIDY2ODkvMy8xICA2Njg4LzQvMSANCmYgIDY3OTAvMS8xICA2NzkxLzIvMSAgNjY5MC8zLzEgIDY2ODkvNC8xIA0KZiAgNjc5MS8xLzEgIDY3OTIvMi8xICA2NjkxLzMvMSAgNjY5MC80LzEgDQpmICA2NzkyLzEvMSAgNjc5My8yLzEgIDY2OTIvMy8xICA2NjkxLzQvMSANCmYgIDY3OTMvMS8xICA2Nzk0LzIvMSAgNjY5My8zLzEgIDY2OTIvNC8xIA0KZiAgNjc5NC8xLzEgIDY3OTUvMi8xICA2Njk0LzMvMSAgNjY5My80LzEgDQpmICA2Nzk1LzEvMSAgNjc5Ni8yLzEgIDY2OTUvMy8xICA2Njk0LzQvMSANCmYgIDY3OTYvMS8xICA2Nzk3LzIvMSAgNjY5Ni8zLzEgIDY2OTUvNC8xIA0KZiAgNjc5Ny8xLzEgIDY3OTgvMi8xICA2Njk3LzMvMSAgNjY5Ni80LzEgDQpmICA2Nzk4LzEvMSAgNjc5OS8yLzEgIDY2OTgvMy8xICA2Njk3LzQvMSANCmYgIDY3OTkvMS8xICA2ODAwLzIvMSAgNjY5OS8zLzEgIDY2OTgvNC8xIA0KZiAgNjgwMC8xLzEgIDY4MDEvMi8xICA2NzAwLzMvMSAgNjY5OS80LzEgDQpmICA2ODAxLzEvMSAgNjgwMi8yLzEgIDY3MDEvMy8xICA2NzAwLzQvMSANCmYgIDY4MDIvMS8xICA2ODAzLzIvMSAgNjcwMi8zLzEgIDY3MDEvNC8xIA0KZiAgNjgwMy8xLzEgIDY4MDQvMi8xICA2NzAzLzMvMSAgNjcwMi80LzEgDQpmICA2ODA0LzEvMSAgNjgwNS8yLzEgIDY3MDQvMy8xICA2NzAzLzQvMSANCmYgIDY4MDUvMS8xICA2ODA2LzIvMSAgNjcwNS8zLzEgIDY3MDQvNC8xIA0KZiAgNjgwNi8xLzEgIDY4MDcvMi8xICA2NzA2LzMvMSAgNjcwNS80LzEgDQpmICA2ODA3LzEvMSAgNjgwOC8yLzEgIDY3MDcvMy8xICA2NzA2LzQvMSANCmYgIDY4MDgvMS8xICA2ODA5LzIvMSAgNjcwOC8zLzEgIDY3MDcvNC8xIA0KZiAgNjgwOS8xLzEgIDY4MTAvMi8xICA2NzA5LzMvMSAgNjcwOC80LzEgDQpmICA2ODEwLzEvMSAgNjgxMS8yLzEgIDY3MTAvMy8xICA2NzA5LzQvMSANCmYgIDY4MTEvMS8xICA2ODEyLzIvMSAgNjcxMS8zLzEgIDY3MTAvNC8xIA0KZiAgNjgxMi8xLzEgIDY4MTMvMi8xICA2NzEyLzMvMSAgNjcxMS80LzEgDQpmICA2ODEzLzEvMSAgNjgxNC8yLzEgIDY3MTMvMy8xICA2NzEyLzQvMSANCmYgIDY4MTQvMS8xICA2ODE1LzIvMSAgNjcxNC8zLzEgIDY3MTMvNC8xIA0KZiAgNjgxNS8xLzEgIDY4MTYvMi8xICA2NzE1LzMvMSAgNjcxNC80LzEgDQpmICA2ODE2LzEvMSAgNjgxNy8yLzEgIDY3MTYvMy8xICA2NzE1LzQvMSANCmYgIDY4MTcvMS8xICA2ODE4LzIvMSAgNjcxNy8zLzEgIDY3MTYvNC8xIA0KZiAgNjgxOC8xLzEgIDY4MTkvMi8xICA2NzE4LzMvMSAgNjcxNy80LzEgDQpmICA2ODE5LzEvMSAgNjgyMC8yLzEgIDY3MTkvMy8xICA2NzE4LzQvMSANCmYgIDY4MjAvMS8xICA2ODIxLzIvMSAgNjcyMC8zLzEgIDY3MTkvNC8xIA0KZiAgNjgyMS8xLzEgIDY4MjIvMi8xICA2NzIxLzMvMSAgNjcyMC80LzEgDQpmICA2ODIyLzEvMSAgNjgyMy8yLzEgIDY3MjIvMy8xICA2NzIxLzQvMSANCmYgIDY4MjMvMS8xICA2ODI0LzIvMSAgNjcyMy8zLzEgIDY3MjIvNC8xIA0KZiAgNjgyNC8xLzEgIDY4MjUvMi8xICA2NzI0LzMvMSAgNjcyMy80LzEgDQpmICA2ODI1LzEvMSAgNjgyNi8yLzEgIDY3MjUvMy8xICA2NzI0LzQvMSANCmYgIDY4MjYvMS8xICA2ODI3LzIvMSAgNjcyNi8zLzEgIDY3MjUvNC8xIA0KZiAgNjgyNy8xLzEgIDY4MjgvMi8xICA2NzI3LzMvMSAgNjcyNi80LzEgDQpmICA2ODI4LzEvMSAgNjgyOS8yLzEgIDY3MjgvMy8xICA2NzI3LzQvMSANCmYgIDY4MjkvMS8xICA2ODMwLzIvMSAgNjcyOS8zLzEgIDY3MjgvNC8xIA0KZiAgNjgzMC8xLzEgIDY4MzEvMi8xICA2NzMwLzMvMSAgNjcyOS80LzEgDQpmICA2ODMxLzEvMSAgNjgzMi8yLzEgIDY3MzEvMy8xICA2NzMwLzQvMSANCmYgIDY4MzIvMS8xICA2ODMzLzIvMSAgNjczMi8zLzEgIDY3MzEvNC8xIA0KZiAgNjgzMy8xLzEgIDY4MzQvMi8xICA2NzMzLzMvMSAgNjczMi80LzEgDQpmICA2ODM0LzEvMSAgNjgzNS8yLzEgIDY3MzQvMy8xICA2NzMzLzQvMSANCmYgIDY4MzUvMS8xICA2ODM2LzIvMSAgNjczNS8zLzEgIDY3MzQvNC8xIA0KZiAgNjgzNi8xLzEgIDY4MzcvMi8xICA2NzM2LzMvMSAgNjczNS80LzEgDQpmICA2ODM3LzEvMSAgNjgzOC8yLzEgIDY3MzcvMy8xICA2NzM2LzQvMSANCmYgIDY4MzgvMS8xICA2ODM5LzIvMSAgNjczOC8zLzEgIDY3MzcvNC8xIA0KZiAgNjgzOS8xLzEgIDY4NDAvMi8xICA2NzM5LzMvMSAgNjczOC80LzEgDQpmICA2ODQwLzEvMSAgNjg0MS8yLzEgIDY3NDAvMy8xICA2NzM5LzQvMSANCmYgIDY4NDEvMS8xICA2ODQyLzIvMSAgNjc0MS8zLzEgIDY3NDAvNC8xIA0KZiAgNjg0Mi8xLzEgIDY4NDMvMi8xICA2NzQyLzMvMSAgNjc0MS80LzEgDQpmICA2ODQzLzEvMSAgNjg0NC8yLzEgIDY3NDMvMy8xICA2NzQyLzQvMSANCmYgIDY4NDQvMS8xICA2ODQ1LzIvMSAgNjc0NC8zLzEgIDY3NDMvNC8xIA0KZiAgNjg0NS8xLzEgIDY4NDYvMi8xICA2NzQ1LzMvMSAgNjc0NC80LzEgDQpmICA2ODQ2LzEvMSAgNjg0Ny8yLzEgIDY3NDYvMy8xICA2NzQ1LzQvMSANCmYgIDY4NDcvMS8xICA2ODQ4LzIvMSAgNjc0Ny8zLzEgIDY3NDYvNC8xIA0KZiAgNjg0OC8xLzEgIDY4NDkvMi8xICA2NzQ4LzMvMSAgNjc0Ny80LzEgDQpmICA2ODQ5LzEvMSAgNjg1MC8yLzEgIDY3NDkvMy8xICA2NzQ4LzQvMSANCmYgIDY4NTAvMS8xICA2ODUxLzIvMSAgNjc1MC8zLzEgIDY3NDkvNC8xIA0KZiAgNjg1MS8xLzEgIDY4NTIvMi8xICA2NzUxLzMvMSAgNjc1MC80LzEgDQpmICA2ODUyLzEvMSAgNjg1My8yLzEgIDY3NTIvMy8xICA2NzUxLzQvMSANCmYgIDY4NTMvMS8xICA2ODU0LzIvMSAgNjc1My8zLzEgIDY3NTIvNC8xIA0KZiAgNjg1NC8xLzEgIDY4NTUvMi8xICA2NzU0LzMvMSAgNjc1My80LzEgDQpmICA2ODU1LzEvMSAgNjg1Ni8yLzEgIDY3NTUvMy8xICA2NzU0LzQvMSANCmYgIDY4NTYvMS8xICA2ODU3LzIvMSAgNjc1Ni8zLzEgIDY3NTUvNC8xIA0KZiAgNjg1Ny8xLzEgIDY4NTgvMi8xICA2NzU3LzMvMSAgNjc1Ni80LzEgDQpmICA2ODU4LzEvMSAgNjg1OS8yLzEgIDY3NTgvMy8xICA2NzU3LzQvMSANCmYgIDY4NTkvMS8xICA2ODYwLzIvMSAgNjc1OS8zLzEgIDY3NTgvNC8xIA0KZiAgNjg2MC8xLzEgIDY4NjEvMi8xICA2NzYwLzMvMSAgNjc1OS80LzEgDQpmICA2ODYxLzEvMSAgNjg2Mi8yLzEgIDY3NjEvMy8xICA2NzYwLzQvMSANCmYgIDY4NjIvMS8xICA2ODYzLzIvMSAgNjc2Mi8zLzEgIDY3NjEvNC8xIA0KZiAgNjg2My8xLzEgIDY4NjQvMi8xICA2NzYzLzMvMSAgNjc2Mi80LzEgDQpmICA2ODY0LzEvMSAgNjg2NS8yLzEgIDY3NjQvMy8xICA2NzYzLzQvMSANCmYgIDY4NjUvMS8xICA2ODY2LzIvMSAgNjc2NS8zLzEgIDY3NjQvNC8xIA0KZiAgNjg2Ni8xLzEgIDY4NjcvMi8xICA2NzY2LzMvMSAgNjc2NS80LzEgDQpmICA2ODY3LzEvMSAgNjg2OC8yLzEgIDY3NjcvMy8xICA2NzY2LzQvMSANCmYgIDY4NjkvMS8xICA2ODcwLzIvMSAgNjc2OS8zLzEgIDY3NjgvNC8xIA0KZiAgNjg3MC8xLzEgIDY4NzEvMi8xICA2NzcwLzMvMSAgNjc2OS80LzEgDQpmICA2ODcxLzEvMSAgNjg3Mi8yLzEgIDY3NzEvMy8xICA2NzcwLzQvMSANCmYgIDY4NzIvMS8xICA2ODczLzIvMSAgNjc3Mi8zLzEgIDY3NzEvNC8xIA0KZiAgNjg3My8xLzEgIDY4NzQvMi8xICA2NzczLzMvMSAgNjc3Mi80LzEgDQpmICA2ODc0LzEvMSAgNjg3NS8yLzEgIDY3NzQvMy8xICA2NzczLzQvMSANCmYgIDY4NzUvMS8xICA2ODc2LzIvMSAgNjc3NS8zLzEgIDY3NzQvNC8xIA0KZiAgNjg3Ni8xLzEgIDY4NzcvMi8xICA2Nzc2LzMvMSAgNjc3NS80LzEgDQpmICA2ODc3LzEvMSAgNjg3OC8yLzEgIDY3NzcvMy8xICA2Nzc2LzQvMSANCmYgIDY4NzgvMS8xICA2ODc5LzIvMSAgNjc3OC8zLzEgIDY3NzcvNC8xIA0KZiAgNjg3OS8xLzEgIDY4ODAvMi8xICA2Nzc5LzMvMSAgNjc3OC80LzEgDQpmICA2ODgwLzEvMSAgNjg4MS8yLzEgIDY3ODAvMy8xICA2Nzc5LzQvMSANCmYgIDY4ODEvMS8xICA2ODgyLzIvMSAgNjc4MS8zLzEgIDY3ODAvNC8xIA0KZiAgNjg4Mi8xLzEgIDY4ODMvMi8xICA2NzgyLzMvMSAgNjc4MS80LzEgDQpmICA2ODgzLzEvMSAgNjg4NC8yLzEgIDY3ODMvMy8xICA2NzgyLzQvMSANCmYgIDY4ODQvMS8xICA2ODg1LzIvMSAgNjc4NC8zLzEgIDY3ODMvNC8xIA0KZiAgNjg4NS8xLzEgIDY4ODYvMi8xICA2Nzg1LzMvMSAgNjc4NC80LzEgDQpmICA2ODg2LzEvMSAgNjg4Ny8yLzEgIDY3ODYvMy8xICA2Nzg1LzQvMSANCmYgIDY4ODcvMS8xICA2ODg4LzIvMSAgNjc4Ny8zLzEgIDY3ODYvNC8xIA0KZiAgNjg4OC8xLzEgIDY4ODkvMi8xICA2Nzg4LzMvMSAgNjc4Ny80LzEgDQpmICA2ODg5LzEvMSAgNjg5MC8yLzEgIDY3ODkvMy8xICA2Nzg4LzQvMSANCmYgIDY4OTAvMS8xICA2ODkxLzIvMSAgNjc5MC8zLzEgIDY3ODkvNC8xIA0KZiAgNjg5MS8xLzEgIDY4OTIvMi8xICA2NzkxLzMvMSAgNjc5MC80LzEgDQpmICA2ODkyLzEvMSAgNjg5My8yLzEgIDY3OTIvMy8xICA2NzkxLzQvMSANCmYgIDY4OTMvMS8xICA2ODk0LzIvMSAgNjc5My8zLzEgIDY3OTIvNC8xIA0KZiAgNjg5NC8xLzEgIDY4OTUvMi8xICA2Nzk0LzMvMSAgNjc5My80LzEgDQpmICA2ODk1LzEvMSAgNjg5Ni8yLzEgIDY3OTUvMy8xICA2Nzk0LzQvMSANCmYgIDY4OTYvMS8xICA2ODk3LzIvMSAgNjc5Ni8zLzEgIDY3OTUvNC8xIA0KZiAgNjg5Ny8xLzEgIDY4OTgvMi8xICA2Nzk3LzMvMSAgNjc5Ni80LzEgDQpmICA2ODk4LzEvMSAgNjg5OS8yLzEgIDY3OTgvMy8xICA2Nzk3LzQvMSANCmYgIDY4OTkvMS8xICA2OTAwLzIvMSAgNjc5OS8zLzEgIDY3OTgvNC8xIA0KZiAgNjkwMC8xLzEgIDY5MDEvMi8xICA2ODAwLzMvMSAgNjc5OS80LzEgDQpmICA2OTAxLzEvMSAgNjkwMi8yLzEgIDY4MDEvMy8xICA2ODAwLzQvMSANCmYgIDY5MDIvMS8xICA2OTAzLzIvMSAgNjgwMi8zLzEgIDY4MDEvNC8xIA0KZiAgNjkwMy8xLzEgIDY5MDQvMi8xICA2ODAzLzMvMSAgNjgwMi80LzEgDQpmICA2OTA0LzEvMSAgNjkwNS8yLzEgIDY4MDQvMy8xICA2ODAzLzQvMSANCmYgIDY5MDUvMS8xICA2OTA2LzIvMSAgNjgwNS8zLzEgIDY4MDQvNC8xIA0KZiAgNjkwNi8xLzEgIDY5MDcvMi8xICA2ODA2LzMvMSAgNjgwNS80LzEgDQpmICA2OTA3LzEvMSAgNjkwOC8yLzEgIDY4MDcvMy8xICA2ODA2LzQvMSANCmYgIDY5MDgvMS8xICA2OTA5LzIvMSAgNjgwOC8zLzEgIDY4MDcvNC8xIA0KZiAgNjkwOS8xLzEgIDY5MTAvMi8xICA2ODA5LzMvMSAgNjgwOC80LzEgDQpmICA2OTEwLzEvMSAgNjkxMS8yLzEgIDY4MTAvMy8xICA2ODA5LzQvMSANCmYgIDY5MTEvMS8xICA2OTEyLzIvMSAgNjgxMS8zLzEgIDY4MTAvNC8xIA0KZiAgNjkxMi8xLzEgIDY5MTMvMi8xICA2ODEyLzMvMSAgNjgxMS80LzEgDQpmICA2OTEzLzEvMSAgNjkxNC8yLzEgIDY4MTMvMy8xICA2ODEyLzQvMSANCmYgIDY5MTQvMS8xICA2OTE1LzIvMSAgNjgxNC8zLzEgIDY4MTMvNC8xIA0KZiAgNjkxNS8xLzEgIDY5MTYvMi8xICA2ODE1LzMvMSAgNjgxNC80LzEgDQpmICA2OTE2LzEvMSAgNjkxNy8yLzEgIDY4MTYvMy8xICA2ODE1LzQvMSANCmYgIDY5MTcvMS8xICA2OTE4LzIvMSAgNjgxNy8zLzEgIDY4MTYvNC8xIA0KZiAgNjkxOC8xLzEgIDY5MTkvMi8xICA2ODE4LzMvMSAgNjgxNy80LzEgDQpmICA2OTE5LzEvMSAgNjkyMC8yLzEgIDY4MTkvMy8xICA2ODE4LzQvMSANCmYgIDY5MjAvMS8xICA2OTIxLzIvMSAgNjgyMC8zLzEgIDY4MTkvNC8xIA0KZiAgNjkyMS8xLzEgIDY5MjIvMi8xICA2ODIxLzMvMSAgNjgyMC80LzEgDQpmICA2OTIyLzEvMSAgNjkyMy8yLzEgIDY4MjIvMy8xICA2ODIxLzQvMSANCmYgIDY5MjMvMS8xICA2OTI0LzIvMSAgNjgyMy8zLzEgIDY4MjIvNC8xIA0KZiAgNjkyNC8xLzEgIDY5MjUvMi8xICA2ODI0LzMvMSAgNjgyMy80LzEgDQpmICA2OTI1LzEvMSAgNjkyNi8yLzEgIDY4MjUvMy8xICA2ODI0LzQvMSANCmYgIDY5MjYvMS8xICA2OTI3LzIvMSAgNjgyNi8zLzEgIDY4MjUvNC8xIA0KZiAgNjkyNy8xLzEgIDY5MjgvMi8xICA2ODI3LzMvMSAgNjgyNi80LzEgDQpmICA2OTI4LzEvMSAgNjkyOS8yLzEgIDY4MjgvMy8xICA2ODI3LzQvMSANCmYgIDY5MjkvMS8xICA2OTMwLzIvMSAgNjgyOS8zLzEgIDY4MjgvNC8xIA0KZiAgNjkzMC8xLzEgIDY5MzEvMi8xICA2ODMwLzMvMSAgNjgyOS80LzEgDQpmICA2OTMxLzEvMSAgNjkzMi8yLzEgIDY4MzEvMy8xICA2ODMwLzQvMSANCmYgIDY5MzIvMS8xICA2OTMzLzIvMSAgNjgzMi8zLzEgIDY4MzEvNC8xIA0KZiAgNjkzMy8xLzEgIDY5MzQvMi8xICA2ODMzLzMvMSAgNjgzMi80LzEgDQpmICA2OTM0LzEvMSAgNjkzNS8yLzEgIDY4MzQvMy8xICA2ODMzLzQvMSANCmYgIDY5MzUvMS8xICA2OTM2LzIvMSAgNjgzNS8zLzEgIDY4MzQvNC8xIA0KZiAgNjkzNi8xLzEgIDY5MzcvMi8xICA2ODM2LzMvMSAgNjgzNS80LzEgDQpmICA2OTM3LzEvMSAgNjkzOC8yLzEgIDY4MzcvMy8xICA2ODM2LzQvMSANCmYgIDY5MzgvMS8xICA2OTM5LzIvMSAgNjgzOC8zLzEgIDY4MzcvNC8xIA0KZiAgNjkzOS8xLzEgIDY5NDAvMi8xICA2ODM5LzMvMSAgNjgzOC80LzEgDQpmICA2OTQwLzEvMSAgNjk0MS8yLzEgIDY4NDAvMy8xICA2ODM5LzQvMSANCmYgIDY5NDEvMS8xICA2OTQyLzIvMSAgNjg0MS8zLzEgIDY4NDAvNC8xIA0KZiAgNjk0Mi8xLzEgIDY5NDMvMi8xICA2ODQyLzMvMSAgNjg0MS80LzEgDQpmICA2OTQzLzEvMSAgNjk0NC8yLzEgIDY4NDMvMy8xICA2ODQyLzQvMSANCmYgIDY5NDQvMS8xICA2OTQ1LzIvMSAgNjg0NC8zLzEgIDY4NDMvNC8xIA0KZiAgNjk0NS8xLzEgIDY5NDYvMi8xICA2ODQ1LzMvMSAgNjg0NC80LzEgDQpmICA2OTQ2LzEvMSAgNjk0Ny8yLzEgIDY4NDYvMy8xICA2ODQ1LzQvMSANCmYgIDY5NDcvMS8xICA2OTQ4LzIvMSAgNjg0Ny8zLzEgIDY4NDYvNC8xIA0KZiAgNjk0OC8xLzEgIDY5NDkvMi8xICA2ODQ4LzMvMSAgNjg0Ny80LzEgDQpmICA2OTQ5LzEvMSAgNjk1MC8yLzEgIDY4NDkvMy8xICA2ODQ4LzQvMSANCmYgIDY5NTAvMS8xICA2OTUxLzIvMSAgNjg1MC8zLzEgIDY4NDkvNC8xIA0KZiAgNjk1MS8xLzEgIDY5NTIvMi8xICA2ODUxLzMvMSAgNjg1MC80LzEgDQpmICA2OTUyLzEvMSAgNjk1My8yLzEgIDY4NTIvMy8xICA2ODUxLzQvMSANCmYgIDY5NTMvMS8xICA2OTU0LzIvMSAgNjg1My8zLzEgIDY4NTIvNC8xIA0KZiAgNjk1NC8xLzEgIDY5NTUvMi8xICA2ODU0LzMvMSAgNjg1My80LzEgDQpmICA2OTU1LzEvMSAgNjk1Ni8yLzEgIDY4NTUvMy8xICA2ODU0LzQvMSANCmYgIDY5NTYvMS8xICA2OTU3LzIvMSAgNjg1Ni8zLzEgIDY4NTUvNC8xIA0KZiAgNjk1Ny8xLzEgIDY5NTgvMi8xICA2ODU3LzMvMSAgNjg1Ni80LzEgDQpmICA2OTU4LzEvMSAgNjk1OS8yLzEgIDY4NTgvMy8xICA2ODU3LzQvMSANCmYgIDY5NTkvMS8xICA2OTYwLzIvMSAgNjg1OS8zLzEgIDY4NTgvNC8xIA0KZiAgNjk2MC8xLzEgIDY5NjEvMi8xICA2ODYwLzMvMSAgNjg1OS80LzEgDQpmICA2OTYxLzEvMSAgNjk2Mi8yLzEgIDY4NjEvMy8xICA2ODYwLzQvMSANCmYgIDY5NjIvMS8xICA2OTYzLzIvMSAgNjg2Mi8zLzEgIDY4NjEvNC8xIA0KZiAgNjk2My8xLzEgIDY5NjQvMi8xICA2ODYzLzMvMSAgNjg2Mi80LzEgDQpmICA2OTY0LzEvMSAgNjk2NS8yLzEgIDY4NjQvMy8xICA2ODYzLzQvMSANCmYgIDY5NjUvMS8xICA2OTY2LzIvMSAgNjg2NS8zLzEgIDY4NjQvNC8xIA0KZiAgNjk2Ni8xLzEgIDY5NjcvMi8xICA2ODY2LzMvMSAgNjg2NS80LzEgDQpmICA2OTY3LzEvMSAgNjk2OC8yLzEgIDY4NjcvMy8xICA2ODY2LzQvMSANCmYgIDY5NjgvMS8xICA2OTY5LzIvMSAgNjg2OC8zLzEgIDY4NjcvNC8xIA0KZiAgNjk3MC8xLzEgIDY5NzEvMi8xICA2ODcwLzMvMSAgNjg2OS80LzEgDQpmICA2OTcxLzEvMSAgNjk3Mi8yLzEgIDY4NzEvMy8xICA2ODcwLzQvMSANCmYgIDY5NzIvMS8xICA2OTczLzIvMSAgNjg3Mi8zLzEgIDY4NzEvNC8xIA0KZiAgNjk3My8xLzEgIDY5NzQvMi8xICA2ODczLzMvMSAgNjg3Mi80LzEgDQpmICA2OTc0LzEvMSAgNjk3NS8yLzEgIDY4NzQvMy8xICA2ODczLzQvMSANCmYgIDY5NzUvMS8xICA2OTc2LzIvMSAgNjg3NS8zLzEgIDY4NzQvNC8xIA0KZiAgNjk3Ni8xLzEgIDY5NzcvMi8xICA2ODc2LzMvMSAgNjg3NS80LzEgDQpmICA2OTc3LzEvMSAgNjk3OC8yLzEgIDY4NzcvMy8xICA2ODc2LzQvMSANCmYgIDY5NzgvMS8xICA2OTc5LzIvMSAgNjg3OC8zLzEgIDY4NzcvNC8xIA0KZiAgNjk3OS8xLzEgIDY5ODAvMi8xICA2ODc5LzMvMSAgNjg3OC80LzEgDQpmICA2OTgwLzEvMSAgNjk4MS8yLzEgIDY4ODAvMy8xICA2ODc5LzQvMSANCmYgIDY5ODEvMS8xICA2OTgyLzIvMSAgNjg4MS8zLzEgIDY4ODAvNC8xIA0KZiAgNjk4Mi8xLzEgIDY5ODMvMi8xICA2ODgyLzMvMSAgNjg4MS80LzEgDQpmICA2OTgzLzEvMSAgNjk4NC8yLzEgIDY4ODMvMy8xICA2ODgyLzQvMSANCmYgIDY5ODQvMS8xICA2OTg1LzIvMSAgNjg4NC8zLzEgIDY4ODMvNC8xIA0KZiAgNjk4NS8xLzEgIDY5ODYvMi8xICA2ODg1LzMvMSAgNjg4NC80LzEgDQpmICA2OTg2LzEvMSAgNjk4Ny8yLzEgIDY4ODYvMy8xICA2ODg1LzQvMSANCmYgIDY5ODcvMS8xICA2OTg4LzIvMSAgNjg4Ny8zLzEgIDY4ODYvNC8xIA0KZiAgNjk4OC8xLzEgIDY5ODkvMi8xICA2ODg4LzMvMSAgNjg4Ny80LzEgDQpmICA2OTg5LzEvMSAgNjk5MC8yLzEgIDY4ODkvMy8xICA2ODg4LzQvMSANCmYgIDY5OTAvMS8xICA2OTkxLzIvMSAgNjg5MC8zLzEgIDY4ODkvNC8xIA0KZiAgNjk5MS8xLzEgIDY5OTIvMi8xICA2ODkxLzMvMSAgNjg5MC80LzEgDQpmICA2OTkyLzEvMSAgNjk5My8yLzEgIDY4OTIvMy8xICA2ODkxLzQvMSANCmYgIDY5OTMvMS8xICA2OTk0LzIvMSAgNjg5My8zLzEgIDY4OTIvNC8xIA0KZiAgNjk5NC8xLzEgIDY5OTUvMi8xICA2ODk0LzMvMSAgNjg5My80LzEgDQpmICA2OTk1LzEvMSAgNjk5Ni8yLzEgIDY4OTUvMy8xICA2ODk0LzQvMSANCmYgIDY5OTYvMS8xICA2OTk3LzIvMSAgNjg5Ni8zLzEgIDY4OTUvNC8xIA0KZiAgNjk5Ny8xLzEgIDY5OTgvMi8xICA2ODk3LzMvMSAgNjg5Ni80LzEgDQpmICA2OTk4LzEvMSAgNjk5OS8yLzEgIDY4OTgvMy8xICA2ODk3LzQvMSANCmYgIDY5OTkvMS8xICA3MDAwLzIvMSAgNjg5OS8zLzEgIDY4OTgvNC8xIA0KZiAgNzAwMC8xLzEgIDcwMDEvMi8xICA2OTAwLzMvMSAgNjg5OS80LzEgDQpmICA3MDAxLzEvMSAgNzAwMi8yLzEgIDY5MDEvMy8xICA2OTAwLzQvMSANCmYgIDcwMDIvMS8xICA3MDAzLzIvMSAgNjkwMi8zLzEgIDY5MDEvNC8xIA0KZiAgNzAwMy8xLzEgIDcwMDQvMi8xICA2OTAzLzMvMSAgNjkwMi80LzEgDQpmICA3MDA0LzEvMSAgNzAwNS8yLzEgIDY5MDQvMy8xICA2OTAzLzQvMSANCmYgIDcwMDUvMS8xICA3MDA2LzIvMSAgNjkwNS8zLzEgIDY5MDQvNC8xIA0KZiAgNzAwNi8xLzEgIDcwMDcvMi8xICA2OTA2LzMvMSAgNjkwNS80LzEgDQpmICA3MDA3LzEvMSAgNzAwOC8yLzEgIDY5MDcvMy8xICA2OTA2LzQvMSANCmYgIDcwMDgvMS8xICA3MDA5LzIvMSAgNjkwOC8zLzEgIDY5MDcvNC8xIA0KZiAgNzAwOS8xLzEgIDcwMTAvMi8xICA2OTA5LzMvMSAgNjkwOC80LzEgDQpmICA3MDEwLzEvMSAgNzAxMS8yLzEgIDY5MTAvMy8xICA2OTA5LzQvMSANCmYgIDcwMTEvMS8xICA3MDEyLzIvMSAgNjkxMS8zLzEgIDY5MTAvNC8xIA0KZiAgNzAxMi8xLzEgIDcwMTMvMi8xICA2OTEyLzMvMSAgNjkxMS80LzEgDQpmICA3MDEzLzEvMSAgNzAxNC8yLzEgIDY5MTMvMy8xICA2OTEyLzQvMSANCmYgIDcwMTQvMS8xICA3MDE1LzIvMSAgNjkxNC8zLzEgIDY5MTMvNC8xIA0KZiAgNzAxNS8xLzEgIDcwMTYvMi8xICA2OTE1LzMvMSAgNjkxNC80LzEgDQpmICA3MDE2LzEvMSAgNzAxNy8yLzEgIDY5MTYvMy8xICA2OTE1LzQvMSANCmYgIDcwMTcvMS8xICA3MDE4LzIvMSAgNjkxNy8zLzEgIDY5MTYvNC8xIA0KZiAgNzAxOC8xLzEgIDcwMTkvMi8xICA2OTE4LzMvMSAgNjkxNy80LzEgDQpmICA3MDE5LzEvMSAgNzAyMC8yLzEgIDY5MTkvMy8xICA2OTE4LzQvMSANCmYgIDcwMjAvMS8xICA3MDIxLzIvMSAgNjkyMC8zLzEgIDY5MTkvNC8xIA0KZiAgNzAyMS8xLzEgIDcwMjIvMi8xICA2OTIxLzMvMSAgNjkyMC80LzEgDQpmICA3MDIyLzEvMSAgNzAyMy8yLzEgIDY5MjIvMy8xICA2OTIxLzQvMSANCmYgIDcwMjMvMS8xICA3MDI0LzIvMSAgNjkyMy8zLzEgIDY5MjIvNC8xIA0KZiAgNzAyNC8xLzEgIDcwMjUvMi8xICA2OTI0LzMvMSAgNjkyMy80LzEgDQpmICA3MDI1LzEvMSAgNzAyNi8yLzEgIDY5MjUvMy8xICA2OTI0LzQvMSANCmYgIDcwMjYvMS8xICA3MDI3LzIvMSAgNjkyNi8zLzEgIDY5MjUvNC8xIA0KZiAgNzAyNy8xLzEgIDcwMjgvMi8xICA2OTI3LzMvMSAgNjkyNi80LzEgDQpmICA3MDI4LzEvMSAgNzAyOS8yLzEgIDY5MjgvMy8xICA2OTI3LzQvMSANCmYgIDcwMjkvMS8xICA3MDMwLzIvMSAgNjkyOS8zLzEgIDY5MjgvNC8xIA0KZiAgNzAzMC8xLzEgIDcwMzEvMi8xICA2OTMwLzMvMSAgNjkyOS80LzEgDQpmICA3MDMxLzEvMSAgNzAzMi8yLzEgIDY5MzEvMy8xICA2OTMwLzQvMSANCmYgIDcwMzIvMS8xICA3MDMzLzIvMSAgNjkzMi8zLzEgIDY5MzEvNC8xIA0KZiAgNzAzMy8xLzEgIDcwMzQvMi8xICA2OTMzLzMvMSAgNjkzMi80LzEgDQpmICA3MDM0LzEvMSAgNzAzNS8yLzEgIDY5MzQvMy8xICA2OTMzLzQvMSANCmYgIDcwMzUvMS8xICA3MDM2LzIvMSAgNjkzNS8zLzEgIDY5MzQvNC8xIA0KZiAgNzAzNi8xLzEgIDcwMzcvMi8xICA2OTM2LzMvMSAgNjkzNS80LzEgDQpmICA3MDM3LzEvMSAgNzAzOC8yLzEgIDY5MzcvMy8xICA2OTM2LzQvMSANCmYgIDcwMzgvMS8xICA3MDM5LzIvMSAgNjkzOC8zLzEgIDY5MzcvNC8xIA0KZiAgNzAzOS8xLzEgIDcwNDAvMi8xICA2OTM5LzMvMSAgNjkzOC80LzEgDQpmICA3MDQwLzEvMSAgNzA0MS8yLzEgIDY5NDAvMy8xICA2OTM5LzQvMSANCmYgIDcwNDEvMS8xICA3MDQyLzIvMSAgNjk0MS8zLzEgIDY5NDAvNC8xIA0KZiAgNzA0Mi8xLzEgIDcwNDMvMi8xICA2OTQyLzMvMSAgNjk0MS80LzEgDQpmICA3MDQzLzEvMSAgNzA0NC8yLzEgIDY5NDMvMy8xICA2OTQyLzQvMSANCmYgIDcwNDQvMS8xICA3MDQ1LzIvMSAgNjk0NC8zLzEgIDY5NDMvNC8xIA0KZiAgNzA0NS8xLzEgIDcwNDYvMi8xICA2OTQ1LzMvMSAgNjk0NC80LzEgDQpmICA3MDQ2LzEvMSAgNzA0Ny8yLzEgIDY5NDYvMy8xICA2OTQ1LzQvMSANCmYgIDcwNDcvMS8xICA3MDQ4LzIvMSAgNjk0Ny8zLzEgIDY5NDYvNC8xIA0KZiAgNzA0OC8xLzEgIDcwNDkvMi8xICA2OTQ4LzMvMSAgNjk0Ny80LzEgDQpmICA3MDQ5LzEvMSAgNzA1MC8yLzEgIDY5NDkvMy8xICA2OTQ4LzQvMSANCmYgIDcwNTAvMS8xICA3MDUxLzIvMSAgNjk1MC8zLzEgIDY5NDkvNC8xIA0KZiAgNzA1MS8xLzEgIDcwNTIvMi8xICA2OTUxLzMvMSAgNjk1MC80LzEgDQpmICA3MDUyLzEvMSAgNzA1My8yLzEgIDY5NTIvMy8xICA2OTUxLzQvMSANCmYgIDcwNTMvMS8xICA3MDU0LzIvMSAgNjk1My8zLzEgIDY5NTIvNC8xIA0KZiAgNzA1NC8xLzEgIDcwNTUvMi8xICA2OTU0LzMvMSAgNjk1My80LzEgDQpmICA3MDU1LzEvMSAgNzA1Ni8yLzEgIDY5NTUvMy8xICA2OTU0LzQvMSANCmYgIDcwNTYvMS8xICA3MDU3LzIvMSAgNjk1Ni8zLzEgIDY5NTUvNC8xIA0KZiAgNzA1Ny8xLzEgIDcwNTgvMi8xICA2OTU3LzMvMSAgNjk1Ni80LzEgDQpmICA3MDU4LzEvMSAgNzA1OS8yLzEgIDY5NTgvMy8xICA2OTU3LzQvMSANCmYgIDcwNTkvMS8xICA3MDYwLzIvMSAgNjk1OS8zLzEgIDY5NTgvNC8xIA0KZiAgNzA2MC8xLzEgIDcwNjEvMi8xICA2OTYwLzMvMSAgNjk1OS80LzEgDQpmICA3MDYxLzEvMSAgNzA2Mi8yLzEgIDY5NjEvMy8xICA2OTYwLzQvMSANCmYgIDcwNjIvMS8xICA3MDYzLzIvMSAgNjk2Mi8zLzEgIDY5NjEvNC8xIA0KZiAgNzA2My8xLzEgIDcwNjQvMi8xICA2OTYzLzMvMSAgNjk2Mi80LzEgDQpmICA3MDY0LzEvMSAgNzA2NS8yLzEgIDY5NjQvMy8xICA2OTYzLzQvMSANCmYgIDcwNjUvMS8xICA3MDY2LzIvMSAgNjk2NS8zLzEgIDY5NjQvNC8xIA0KZiAgNzA2Ni8xLzEgIDcwNjcvMi8xICA2OTY2LzMvMSAgNjk2NS80LzEgDQpmICA3MDY3LzEvMSAgNzA2OC8yLzEgIDY5NjcvMy8xICA2OTY2LzQvMSANCmYgIDcwNjgvMS8xICA3MDY5LzIvMSAgNjk2OC8zLzEgIDY5NjcvNC8xIA0KZiAgNzA2OS8xLzEgIDcwNzAvMi8xICA2OTY5LzMvMSAgNjk2OC80LzEgDQpmICA3MDcxLzEvMSAgNzA3Mi8yLzEgIDY5NzEvMy8xICA2OTcwLzQvMSANCmYgIDcwNzIvMS8xICA3MDczLzIvMSAgNjk3Mi8zLzEgIDY5NzEvNC8xIA0KZiAgNzA3My8xLzEgIDcwNzQvMi8xICA2OTczLzMvMSAgNjk3Mi80LzEgDQpmICA3MDc0LzEvMSAgNzA3NS8yLzEgIDY5NzQvMy8xICA2OTczLzQvMSANCmYgIDcwNzUvMS8xICA3MDc2LzIvMSAgNjk3NS8zLzEgIDY5NzQvNC8xIA0KZiAgNzA3Ni8xLzEgIDcwNzcvMi8xICA2OTc2LzMvMSAgNjk3NS80LzEgDQpmICA3MDc3LzEvMSAgNzA3OC8yLzEgIDY5NzcvMy8xICA2OTc2LzQvMSANCmYgIDcwNzgvMS8xICA3MDc5LzIvMSAgNjk3OC8zLzEgIDY5NzcvNC8xIA0KZiAgNzA3OS8xLzEgIDcwODAvMi8xICA2OTc5LzMvMSAgNjk3OC80LzEgDQpmICA3MDgwLzEvMSAgNzA4MS8yLzEgIDY5ODAvMy8xICA2OTc5LzQvMSANCmYgIDcwODEvMS8xICA3MDgyLzIvMSAgNjk4MS8zLzEgIDY5ODAvNC8xIA0KZiAgNzA4Mi8xLzEgIDcwODMvMi8xICA2OTgyLzMvMSAgNjk4MS80LzEgDQpmICA3MDgzLzEvMSAgNzA4NC8yLzEgIDY5ODMvMy8xICA2OTgyLzQvMSANCmYgIDcwODQvMS8xICA3MDg1LzIvMSAgNjk4NC8zLzEgIDY5ODMvNC8xIA0KZiAgNzA4NS8xLzEgIDcwODYvMi8xICA2OTg1LzMvMSAgNjk4NC80LzEgDQpmICA3MDg2LzEvMSAgNzA4Ny8yLzEgIDY5ODYvMy8xICA2OTg1LzQvMSANCmYgIDcwODcvMS8xICA3MDg4LzIvMSAgNjk4Ny8zLzEgIDY5ODYvNC8xIA0KZiAgNzA4OC8xLzEgIDcwODkvMi8xICA2OTg4LzMvMSAgNjk4Ny80LzEgDQpmICA3MDg5LzEvMSAgNzA5MC8yLzEgIDY5ODkvMy8xICA2OTg4LzQvMSANCmYgIDcwOTAvMS8xICA3MDkxLzIvMSAgNjk5MC8zLzEgIDY5ODkvNC8xIA0KZiAgNzA5MS8xLzEgIDcwOTIvMi8xICA2OTkxLzMvMSAgNjk5MC80LzEgDQpmICA3MDkyLzEvMSAgNzA5My8yLzEgIDY5OTIvMy8xICA2OTkxLzQvMSANCmYgIDcwOTMvMS8xICA3MDk0LzIvMSAgNjk5My8zLzEgIDY5OTIvNC8xIA0KZiAgNzA5NC8xLzEgIDcwOTUvMi8xICA2OTk0LzMvMSAgNjk5My80LzEgDQpmICA3MDk1LzEvMSAgNzA5Ni8yLzEgIDY5OTUvMy8xICA2OTk0LzQvMSANCmYgIDcwOTYvMS8xICA3MDk3LzIvMSAgNjk5Ni8zLzEgIDY5OTUvNC8xIA0KZiAgNzA5Ny8xLzEgIDcwOTgvMi8xICA2OTk3LzMvMSAgNjk5Ni80LzEgDQpmICA3MDk4LzEvMSAgNzA5OS8yLzEgIDY5OTgvMy8xICA2OTk3LzQvMSANCmYgIDcwOTkvMS8xICA3MTAwLzIvMSAgNjk5OS8zLzEgIDY5OTgvNC8xIA0KZiAgNzEwMC8xLzEgIDcxMDEvMi8xICA3MDAwLzMvMSAgNjk5OS80LzEgDQpmICA3MTAxLzEvMSAgNzEwMi8yLzEgIDcwMDEvMy8xICA3MDAwLzQvMSANCmYgIDcxMDIvMS8xICA3MTAzLzIvMSAgNzAwMi8zLzEgIDcwMDEvNC8xIA0KZiAgNzEwMy8xLzEgIDcxMDQvMi8xICA3MDAzLzMvMSAgNzAwMi80LzEgDQpmICA3MTA0LzEvMSAgNzEwNS8yLzEgIDcwMDQvMy8xICA3MDAzLzQvMSANCmYgIDcxMDUvMS8xICA3MTA2LzIvMSAgNzAwNS8zLzEgIDcwMDQvNC8xIA0KZiAgNzEwNi8xLzEgIDcxMDcvMi8xICA3MDA2LzMvMSAgNzAwNS80LzEgDQpmICA3MTA3LzEvMSAgNzEwOC8yLzEgIDcwMDcvMy8xICA3MDA2LzQvMSANCmYgIDcxMDgvMS8xICA3MTA5LzIvMSAgNzAwOC8zLzEgIDcwMDcvNC8xIA0KZiAgNzEwOS8xLzEgIDcxMTAvMi8xICA3MDA5LzMvMSAgNzAwOC80LzEgDQpmICA3MTEwLzEvMSAgNzExMS8yLzEgIDcwMTAvMy8xICA3MDA5LzQvMSANCmYgIDcxMTEvMS8xICA3MTEyLzIvMSAgNzAxMS8zLzEgIDcwMTAvNC8xIA0KZiAgNzExMi8xLzEgIDcxMTMvMi8xICA3MDEyLzMvMSAgNzAxMS80LzEgDQpmICA3MTEzLzEvMSAgNzExNC8yLzEgIDcwMTMvMy8xICA3MDEyLzQvMSANCmYgIDcxMTQvMS8xICA3MTE1LzIvMSAgNzAxNC8zLzEgIDcwMTMvNC8xIA0KZiAgNzExNS8xLzEgIDcxMTYvMi8xICA3MDE1LzMvMSAgNzAxNC80LzEgDQpmICA3MTE2LzEvMSAgNzExNy8yLzEgIDcwMTYvMy8xICA3MDE1LzQvMSANCmYgIDcxMTcvMS8xICA3MTE4LzIvMSAgNzAxNy8zLzEgIDcwMTYvNC8xIA0KZiAgNzExOC8xLzEgIDcxMTkvMi8xICA3MDE4LzMvMSAgNzAxNy80LzEgDQpmICA3MTE5LzEvMSAgNzEyMC8yLzEgIDcwMTkvMy8xICA3MDE4LzQvMSANCmYgIDcxMjAvMS8xICA3MTIxLzIvMSAgNzAyMC8zLzEgIDcwMTkvNC8xIA0KZiAgNzEyMS8xLzEgIDcxMjIvMi8xICA3MDIxLzMvMSAgNzAyMC80LzEgDQpmICA3MTIyLzEvMSAgNzEyMy8yLzEgIDcwMjIvMy8xICA3MDIxLzQvMSANCmYgIDcxMjMvMS8xICA3MTI0LzIvMSAgNzAyMy8zLzEgIDcwMjIvNC8xIA0KZiAgNzEyNC8xLzEgIDcxMjUvMi8xICA3MDI0LzMvMSAgNzAyMy80LzEgDQpmICA3MTI1LzEvMSAgNzEyNi8yLzEgIDcwMjUvMy8xICA3MDI0LzQvMSANCmYgIDcxMjYvMS8xICA3MTI3LzIvMSAgNzAyNi8zLzEgIDcwMjUvNC8xIA0KZiAgNzEyNy8xLzEgIDcxMjgvMi8xICA3MDI3LzMvMSAgNzAyNi80LzEgDQpmICA3MTI4LzEvMSAgNzEyOS8yLzEgIDcwMjgvMy8xICA3MDI3LzQvMSANCmYgIDcxMjkvMS8xICA3MTMwLzIvMSAgNzAyOS8zLzEgIDcwMjgvNC8xIA0KZiAgNzEzMC8xLzEgIDcxMzEvMi8xICA3MDMwLzMvMSAgNzAyOS80LzEgDQpmICA3MTMxLzEvMSAgNzEzMi8yLzEgIDcwMzEvMy8xICA3MDMwLzQvMSANCmYgIDcxMzIvMS8xICA3MTMzLzIvMSAgNzAzMi8zLzEgIDcwMzEvNC8xIA0KZiAgNzEzMy8xLzEgIDcxMzQvMi8xICA3MDMzLzMvMSAgNzAzMi80LzEgDQpmICA3MTM0LzEvMSAgNzEzNS8yLzEgIDcwMzQvMy8xICA3MDMzLzQvMSANCmYgIDcxMzUvMS8xICA3MTM2LzIvMSAgNzAzNS8zLzEgIDcwMzQvNC8xIA0KZiAgNzEzNi8xLzEgIDcxMzcvMi8xICA3MDM2LzMvMSAgNzAzNS80LzEgDQpmICA3MTM3LzEvMSAgNzEzOC8yLzEgIDcwMzcvMy8xICA3MDM2LzQvMSANCmYgIDcxMzgvMS8xICA3MTM5LzIvMSAgNzAzOC8zLzEgIDcwMzcvNC8xIA0KZiAgNzEzOS8xLzEgIDcxNDAvMi8xICA3MDM5LzMvMSAgNzAzOC80LzEgDQpmICA3MTQwLzEvMSAgNzE0MS8yLzEgIDcwNDAvMy8xICA3MDM5LzQvMSANCmYgIDcxNDEvMS8xICA3MTQyLzIvMSAgNzA0MS8zLzEgIDcwNDAvNC8xIA0KZiAgNzE0Mi8xLzEgIDcxNDMvMi8xICA3MDQyLzMvMSAgNzA0MS80LzEgDQpmICA3MTQzLzEvMSAgNzE0NC8yLzEgIDcwNDMvMy8xICA3MDQyLzQvMSANCmYgIDcxNDQvMS8xICA3MTQ1LzIvMSAgNzA0NC8zLzEgIDcwNDMvNC8xIA0KZiAgNzE0NS8xLzEgIDcxNDYvMi8xICA3MDQ1LzMvMSAgNzA0NC80LzEgDQpmICA3MTQ2LzEvMSAgNzE0Ny8yLzEgIDcwNDYvMy8xICA3MDQ1LzQvMSANCmYgIDcxNDcvMS8xICA3MTQ4LzIvMSAgNzA0Ny8zLzEgIDcwNDYvNC8xIA0KZiAgNzE0OC8xLzEgIDcxNDkvMi8xICA3MDQ4LzMvMSAgNzA0Ny80LzEgDQpmICA3MTQ5LzEvMSAgNzE1MC8yLzEgIDcwNDkvMy8xICA3MDQ4LzQvMSANCmYgIDcxNTAvMS8xICA3MTUxLzIvMSAgNzA1MC8zLzEgIDcwNDkvNC8xIA0KZiAgNzE1MS8xLzEgIDcxNTIvMi8xICA3MDUxLzMvMSAgNzA1MC80LzEgDQpmICA3MTUyLzEvMSAgNzE1My8yLzEgIDcwNTIvMy8xICA3MDUxLzQvMSANCmYgIDcxNTMvMS8xICA3MTU0LzIvMSAgNzA1My8zLzEgIDcwNTIvNC8xIA0KZiAgNzE1NC8xLzEgIDcxNTUvMi8xICA3MDU0LzMvMSAgNzA1My80LzEgDQpmICA3MTU1LzEvMSAgNzE1Ni8yLzEgIDcwNTUvMy8xICA3MDU0LzQvMSANCmYgIDcxNTYvMS8xICA3MTU3LzIvMSAgNzA1Ni8zLzEgIDcwNTUvNC8xIA0KZiAgNzE1Ny8xLzEgIDcxNTgvMi8xICA3MDU3LzMvMSAgNzA1Ni80LzEgDQpmICA3MTU4LzEvMSAgNzE1OS8yLzEgIDcwNTgvMy8xICA3MDU3LzQvMSANCmYgIDcxNTkvMS8xICA3MTYwLzIvMSAgNzA1OS8zLzEgIDcwNTgvNC8xIA0KZiAgNzE2MC8xLzEgIDcxNjEvMi8xICA3MDYwLzMvMSAgNzA1OS80LzEgDQpmICA3MTYxLzEvMSAgNzE2Mi8yLzEgIDcwNjEvMy8xICA3MDYwLzQvMSANCmYgIDcxNjIvMS8xICA3MTYzLzIvMSAgNzA2Mi8zLzEgIDcwNjEvNC8xIA0KZiAgNzE2My8xLzEgIDcxNjQvMi8xICA3MDYzLzMvMSAgNzA2Mi80LzEgDQpmICA3MTY0LzEvMSAgNzE2NS8yLzEgIDcwNjQvMy8xICA3MDYzLzQvMSANCmYgIDcxNjUvMS8xICA3MTY2LzIvMSAgNzA2NS8zLzEgIDcwNjQvNC8xIA0KZiAgNzE2Ni8xLzEgIDcxNjcvMi8xICA3MDY2LzMvMSAgNzA2NS80LzEgDQpmICA3MTY3LzEvMSAgNzE2OC8yLzEgIDcwNjcvMy8xICA3MDY2LzQvMSANCmYgIDcxNjgvMS8xICA3MTY5LzIvMSAgNzA2OC8zLzEgIDcwNjcvNC8xIA0KZiAgNzE2OS8xLzEgIDcxNzAvMi8xICA3MDY5LzMvMSAgNzA2OC80LzEgDQpmICA3MTcwLzEvMSAgNzE3MS8yLzEgIDcwNzAvMy8xICA3MDY5LzQvMSANCmYgIDcxNzIvMS8xICA3MTczLzIvMSAgNzA3Mi8zLzEgIDcwNzEvNC8xIA0KZiAgNzE3My8xLzEgIDcxNzQvMi8xICA3MDczLzMvMSAgNzA3Mi80LzEgDQpmICA3MTc0LzEvMSAgNzE3NS8yLzEgIDcwNzQvMy8xICA3MDczLzQvMSANCmYgIDcxNzUvMS8xICA3MTc2LzIvMSAgNzA3NS8zLzEgIDcwNzQvNC8xIA0KZiAgNzE3Ni8xLzEgIDcxNzcvMi8xICA3MDc2LzMvMSAgNzA3NS80LzEgDQpmICA3MTc3LzEvMSAgNzE3OC8yLzEgIDcwNzcvMy8xICA3MDc2LzQvMSANCmYgIDcxNzgvMS8xICA3MTc5LzIvMSAgNzA3OC8zLzEgIDcwNzcvNC8xIA0KZiAgNzE3OS8xLzEgIDcxODAvMi8xICA3MDc5LzMvMSAgNzA3OC80LzEgDQpmICA3MTgwLzEvMSAgNzE4MS8yLzEgIDcwODAvMy8xICA3MDc5LzQvMSANCmYgIDcxODEvMS8xICA3MTgyLzIvMSAgNzA4MS8zLzEgIDcwODAvNC8xIA0KZiAgNzE4Mi8xLzEgIDcxODMvMi8xICA3MDgyLzMvMSAgNzA4MS80LzEgDQpmICA3MTgzLzEvMSAgNzE4NC8yLzEgIDcwODMvMy8xICA3MDgyLzQvMSANCmYgIDcxODQvMS8xICA3MTg1LzIvMSAgNzA4NC8zLzEgIDcwODMvNC8xIA0KZiAgNzE4NS8xLzEgIDcxODYvMi8xICA3MDg1LzMvMSAgNzA4NC80LzEgDQpmICA3MTg2LzEvMSAgNzE4Ny8yLzEgIDcwODYvMy8xICA3MDg1LzQvMSANCmYgIDcxODcvMS8xICA3MTg4LzIvMSAgNzA4Ny8zLzEgIDcwODYvNC8xIA0KZiAgNzE4OC8xLzEgIDcxODkvMi8xICA3MDg4LzMvMSAgNzA4Ny80LzEgDQpmICA3MTg5LzEvMSAgNzE5MC8yLzEgIDcwODkvMy8xICA3MDg4LzQvMSANCmYgIDcxOTAvMS8xICA3MTkxLzIvMSAgNzA5MC8zLzEgIDcwODkvNC8xIA0KZiAgNzE5MS8xLzEgIDcxOTIvMi8xICA3MDkxLzMvMSAgNzA5MC80LzEgDQpmICA3MTkyLzEvMSAgNzE5My8yLzEgIDcwOTIvMy8xICA3MDkxLzQvMSANCmYgIDcxOTMvMS8xICA3MTk0LzIvMSAgNzA5My8zLzEgIDcwOTIvNC8xIA0KZiAgNzE5NC8xLzEgIDcxOTUvMi8xICA3MDk0LzMvMSAgNzA5My80LzEgDQpmICA3MTk1LzEvMSAgNzE5Ni8yLzEgIDcwOTUvMy8xICA3MDk0LzQvMSANCmYgIDcxOTYvMS8xICA3MTk3LzIvMSAgNzA5Ni8zLzEgIDcwOTUvNC8xIA0KZiAgNzE5Ny8xLzEgIDcxOTgvMi8xICA3MDk3LzMvMSAgNzA5Ni80LzEgDQpmICA3MTk4LzEvMSAgNzE5OS8yLzEgIDcwOTgvMy8xICA3MDk3LzQvMSANCmYgIDcxOTkvMS8xICA3MjAwLzIvMSAgNzA5OS8zLzEgIDcwOTgvNC8xIA0KZiAgNzIwMC8xLzEgIDcyMDEvMi8xICA3MTAwLzMvMSAgNzA5OS80LzEgDQpmICA3MjAxLzEvMSAgNzIwMi8yLzEgIDcxMDEvMy8xICA3MTAwLzQvMSANCmYgIDcyMDIvMS8xICA3MjAzLzIvMSAgNzEwMi8zLzEgIDcxMDEvNC8xIA0KZiAgNzIwMy8xLzEgIDcyMDQvMi8xICA3MTAzLzMvMSAgNzEwMi80LzEgDQpmICA3MjA0LzEvMSAgNzIwNS8yLzEgIDcxMDQvMy8xICA3MTAzLzQvMSANCmYgIDcyMDUvMS8xICA3MjA2LzIvMSAgNzEwNS8zLzEgIDcxMDQvNC8xIA0KZiAgNzIwNi8xLzEgIDcyMDcvMi8xICA3MTA2LzMvMSAgNzEwNS80LzEgDQpmICA3MjA3LzEvMSAgNzIwOC8yLzEgIDcxMDcvMy8xICA3MTA2LzQvMSANCmYgIDcyMDgvMS8xICA3MjA5LzIvMSAgNzEwOC8zLzEgIDcxMDcvNC8xIA0KZiAgNzIwOS8xLzEgIDcyMTAvMi8xICA3MTA5LzMvMSAgNzEwOC80LzEgDQpmICA3MjEwLzEvMSAgNzIxMS8yLzEgIDcxMTAvMy8xICA3MTA5LzQvMSANCmYgIDcyMTEvMS8xICA3MjEyLzIvMSAgNzExMS8zLzEgIDcxMTAvNC8xIA0KZiAgNzIxMi8xLzEgIDcyMTMvMi8xICA3MTEyLzMvMSAgNzExMS80LzEgDQpmICA3MjEzLzEvMSAgNzIxNC8yLzEgIDcxMTMvMy8xICA3MTEyLzQvMSANCmYgIDcyMTQvMS8xICA3MjE1LzIvMSAgNzExNC8zLzEgIDcxMTMvNC8xIA0KZiAgNzIxNS8xLzEgIDcyMTYvMi8xICA3MTE1LzMvMSAgNzExNC80LzEgDQpmICA3MjE2LzEvMSAgNzIxNy8yLzEgIDcxMTYvMy8xICA3MTE1LzQvMSANCmYgIDcyMTcvMS8xICA3MjE4LzIvMSAgNzExNy8zLzEgIDcxMTYvNC8xIA0KZiAgNzIxOC8xLzEgIDcyMTkvMi8xICA3MTE4LzMvMSAgNzExNy80LzEgDQpmICA3MjE5LzEvMSAgNzIyMC8yLzEgIDcxMTkvMy8xICA3MTE4LzQvMSANCmYgIDcyMjAvMS8xICA3MjIxLzIvMSAgNzEyMC8zLzEgIDcxMTkvNC8xIA0KZiAgNzIyMS8xLzEgIDcyMjIvMi8xICA3MTIxLzMvMSAgNzEyMC80LzEgDQpmICA3MjIyLzEvMSAgNzIyMy8yLzEgIDcxMjIvMy8xICA3MTIxLzQvMSANCmYgIDcyMjMvMS8xICA3MjI0LzIvMSAgNzEyMy8zLzEgIDcxMjIvNC8xIA0KZiAgNzIyNC8xLzEgIDcyMjUvMi8xICA3MTI0LzMvMSAgNzEyMy80LzEgDQpmICA3MjI1LzEvMSAgNzIyNi8yLzEgIDcxMjUvMy8xICA3MTI0LzQvMSANCmYgIDcyMjYvMS8xICA3MjI3LzIvMSAgNzEyNi8zLzEgIDcxMjUvNC8xIA0KZiAgNzIyNy8xLzEgIDcyMjgvMi8xICA3MTI3LzMvMSAgNzEyNi80LzEgDQpmICA3MjI4LzEvMSAgNzIyOS8yLzEgIDcxMjgvMy8xICA3MTI3LzQvMSANCmYgIDcyMjkvMS8xICA3MjMwLzIvMSAgNzEyOS8zLzEgIDcxMjgvNC8xIA0KZiAgNzIzMC8xLzEgIDcyMzEvMi8xICA3MTMwLzMvMSAgNzEyOS80LzEgDQpmICA3MjMxLzEvMSAgNzIzMi8yLzEgIDcxMzEvMy8xICA3MTMwLzQvMSANCmYgIDcyMzIvMS8xICA3MjMzLzIvMSAgNzEzMi8zLzEgIDcxMzEvNC8xIA0KZiAgNzIzMy8xLzEgIDcyMzQvMi8xICA3MTMzLzMvMSAgNzEzMi80LzEgDQpmICA3MjM0LzEvMSAgNzIzNS8yLzEgIDcxMzQvMy8xICA3MTMzLzQvMSANCmYgIDcyMzUvMS8xICA3MjM2LzIvMSAgNzEzNS8zLzEgIDcxMzQvNC8xIA0KZiAgNzIzNi8xLzEgIDcyMzcvMi8xICA3MTM2LzMvMSAgNzEzNS80LzEgDQpmICA3MjM3LzEvMSAgNzIzOC8yLzEgIDcxMzcvMy8xICA3MTM2LzQvMSANCmYgIDcyMzgvMS8xICA3MjM5LzIvMSAgNzEzOC8zLzEgIDcxMzcvNC8xIA0KZiAgNzIzOS8xLzEgIDcyNDAvMi8xICA3MTM5LzMvMSAgNzEzOC80LzEgDQpmICA3MjQwLzEvMSAgNzI0MS8yLzEgIDcxNDAvMy8xICA3MTM5LzQvMSANCmYgIDcyNDEvMS8xICA3MjQyLzIvMSAgNzE0MS8zLzEgIDcxNDAvNC8xIA0KZiAgNzI0Mi8xLzEgIDcyNDMvMi8xICA3MTQyLzMvMSAgNzE0MS80LzEgDQpmICA3MjQzLzEvMSAgNzI0NC8yLzEgIDcxNDMvMy8xICA3MTQyLzQvMSANCmYgIDcyNDQvMS8xICA3MjQ1LzIvMSAgNzE0NC8zLzEgIDcxNDMvNC8xIA0KZiAgNzI0NS8xLzEgIDcyNDYvMi8xICA3MTQ1LzMvMSAgNzE0NC80LzEgDQpmICA3MjQ2LzEvMSAgNzI0Ny8yLzEgIDcxNDYvMy8xICA3MTQ1LzQvMSANCmYgIDcyNDcvMS8xICA3MjQ4LzIvMSAgNzE0Ny8zLzEgIDcxNDYvNC8xIA0KZiAgNzI0OC8xLzEgIDcyNDkvMi8xICA3MTQ4LzMvMSAgNzE0Ny80LzEgDQpmICA3MjQ5LzEvMSAgNzI1MC8yLzEgIDcxNDkvMy8xICA3MTQ4LzQvMSANCmYgIDcyNTAvMS8xICA3MjUxLzIvMSAgNzE1MC8zLzEgIDcxNDkvNC8xIA0KZiAgNzI1MS8xLzEgIDcyNTIvMi8xICA3MTUxLzMvMSAgNzE1MC80LzEgDQpmICA3MjUyLzEvMSAgNzI1My8yLzEgIDcxNTIvMy8xICA3MTUxLzQvMSANCmYgIDcyNTMvMS8xICA3MjU0LzIvMSAgNzE1My8zLzEgIDcxNTIvNC8xIA0KZiAgNzI1NC8xLzEgIDcyNTUvMi8xICA3MTU0LzMvMSAgNzE1My80LzEgDQpmICA3MjU1LzEvMSAgNzI1Ni8yLzEgIDcxNTUvMy8xICA3MTU0LzQvMSANCmYgIDcyNTYvMS8xICA3MjU3LzIvMSAgNzE1Ni8zLzEgIDcxNTUvNC8xIA0KZiAgNzI1Ny8xLzEgIDcyNTgvMi8xICA3MTU3LzMvMSAgNzE1Ni80LzEgDQpmICA3MjU4LzEvMSAgNzI1OS8yLzEgIDcxNTgvMy8xICA3MTU3LzQvMSANCmYgIDcyNTkvMS8xICA3MjYwLzIvMSAgNzE1OS8zLzEgIDcxNTgvNC8xIA0KZiAgNzI2MC8xLzEgIDcyNjEvMi8xICA3MTYwLzMvMSAgNzE1OS80LzEgDQpmICA3MjYxLzEvMSAgNzI2Mi8yLzEgIDcxNjEvMy8xICA3MTYwLzQvMSANCmYgIDcyNjIvMS8xICA3MjYzLzIvMSAgNzE2Mi8zLzEgIDcxNjEvNC8xIA0KZiAgNzI2My8xLzEgIDcyNjQvMi8xICA3MTYzLzMvMSAgNzE2Mi80LzEgDQpmICA3MjY0LzEvMSAgNzI2NS8yLzEgIDcxNjQvMy8xICA3MTYzLzQvMSANCmYgIDcyNjUvMS8xICA3MjY2LzIvMSAgNzE2NS8zLzEgIDcxNjQvNC8xIA0KZiAgNzI2Ni8xLzEgIDcyNjcvMi8xICA3MTY2LzMvMSAgNzE2NS80LzEgDQpmICA3MjY3LzEvMSAgNzI2OC8yLzEgIDcxNjcvMy8xICA3MTY2LzQvMSANCmYgIDcyNjgvMS8xICA3MjY5LzIvMSAgNzE2OC8zLzEgIDcxNjcvNC8xIA0KZiAgNzI2OS8xLzEgIDcyNzAvMi8xICA3MTY5LzMvMSAgNzE2OC80LzEgDQpmICA3MjcwLzEvMSAgNzI3MS8yLzEgIDcxNzAvMy8xICA3MTY5LzQvMSANCmYgIDcyNzEvMS8xICA3MjcyLzIvMSAgNzE3MS8zLzEgIDcxNzAvNC8xIA0KZiAgNzI3My8xLzEgIDcyNzQvMi8xICA3MTczLzMvMSAgNzE3Mi80LzEgDQpmICA3Mjc0LzEvMSAgNzI3NS8yLzEgIDcxNzQvMy8xICA3MTczLzQvMSANCmYgIDcyNzUvMS8xICA3Mjc2LzIvMSAgNzE3NS8zLzEgIDcxNzQvNC8xIA0KZiAgNzI3Ni8xLzEgIDcyNzcvMi8xICA3MTc2LzMvMSAgNzE3NS80LzEgDQpmICA3Mjc3LzEvMSAgNzI3OC8yLzEgIDcxNzcvMy8xICA3MTc2LzQvMSANCmYgIDcyNzgvMS8xICA3Mjc5LzIvMSAgNzE3OC8zLzEgIDcxNzcvNC8xIA0KZiAgNzI3OS8xLzEgIDcyODAvMi8xICA3MTc5LzMvMSAgNzE3OC80LzEgDQpmICA3MjgwLzEvMSAgNzI4MS8yLzEgIDcxODAvMy8xICA3MTc5LzQvMSANCmYgIDcyODEvMS8xICA3MjgyLzIvMSAgNzE4MS8zLzEgIDcxODAvNC8xIA0KZiAgNzI4Mi8xLzEgIDcyODMvMi8xICA3MTgyLzMvMSAgNzE4MS80LzEgDQpmICA3MjgzLzEvMSAgNzI4NC8yLzEgIDcxODMvMy8xICA3MTgyLzQvMSANCmYgIDcyODQvMS8xICA3Mjg1LzIvMSAgNzE4NC8zLzEgIDcxODMvNC8xIA0KZiAgNzI4NS8xLzEgIDcyODYvMi8xICA3MTg1LzMvMSAgNzE4NC80LzEgDQpmICA3Mjg2LzEvMSAgNzI4Ny8yLzEgIDcxODYvMy8xICA3MTg1LzQvMSANCmYgIDcyODcvMS8xICA3Mjg4LzIvMSAgNzE4Ny8zLzEgIDcxODYvNC8xIA0KZiAgNzI4OC8xLzEgIDcyODkvMi8xICA3MTg4LzMvMSAgNzE4Ny80LzEgDQpmICA3Mjg5LzEvMSAgNzI5MC8yLzEgIDcxODkvMy8xICA3MTg4LzQvMSANCmYgIDcyOTAvMS8xICA3MjkxLzIvMSAgNzE5MC8zLzEgIDcxODkvNC8xIA0KZiAgNzI5MS8xLzEgIDcyOTIvMi8xICA3MTkxLzMvMSAgNzE5MC80LzEgDQpmICA3MjkyLzEvMSAgNzI5My8yLzEgIDcxOTIvMy8xICA3MTkxLzQvMSANCmYgIDcyOTMvMS8xICA3Mjk0LzIvMSAgNzE5My8zLzEgIDcxOTIvNC8xIA0KZiAgNzI5NC8xLzEgIDcyOTUvMi8xICA3MTk0LzMvMSAgNzE5My80LzEgDQpmICA3Mjk1LzEvMSAgNzI5Ni8yLzEgIDcxOTUvMy8xICA3MTk0LzQvMSANCmYgIDcyOTYvMS8xICA3Mjk3LzIvMSAgNzE5Ni8zLzEgIDcxOTUvNC8xIA0KZiAgNzI5Ny8xLzEgIDcyOTgvMi8xICA3MTk3LzMvMSAgNzE5Ni80LzEgDQpmICA3Mjk4LzEvMSAgNzI5OS8yLzEgIDcxOTgvMy8xICA3MTk3LzQvMSANCmYgIDcyOTkvMS8xICA3MzAwLzIvMSAgNzE5OS8zLzEgIDcxOTgvNC8xIA0KZiAgNzMwMC8xLzEgIDczMDEvMi8xICA3MjAwLzMvMSAgNzE5OS80LzEgDQpmICA3MzAxLzEvMSAgNzMwMi8yLzEgIDcyMDEvMy8xICA3MjAwLzQvMSANCmYgIDczMDIvMS8xICA3MzAzLzIvMSAgNzIwMi8zLzEgIDcyMDEvNC8xIA0KZiAgNzMwMy8xLzEgIDczMDQvMi8xICA3MjAzLzMvMSAgNzIwMi80LzEgDQpmICA3MzA0LzEvMSAgNzMwNS8yLzEgIDcyMDQvMy8xICA3MjAzLzQvMSANCmYgIDczMDUvMS8xICA3MzA2LzIvMSAgNzIwNS8zLzEgIDcyMDQvNC8xIA0KZiAgNzMwNi8xLzEgIDczMDcvMi8xICA3MjA2LzMvMSAgNzIwNS80LzEgDQpmICA3MzA3LzEvMSAgNzMwOC8yLzEgIDcyMDcvMy8xICA3MjA2LzQvMSANCmYgIDczMDgvMS8xICA3MzA5LzIvMSAgNzIwOC8zLzEgIDcyMDcvNC8xIA0KZiAgNzMwOS8xLzEgIDczMTAvMi8xICA3MjA5LzMvMSAgNzIwOC80LzEgDQpmICA3MzEwLzEvMSAgNzMxMS8yLzEgIDcyMTAvMy8xICA3MjA5LzQvMSANCmYgIDczMTEvMS8xICA3MzEyLzIvMSAgNzIxMS8zLzEgIDcyMTAvNC8xIA0KZiAgNzMxMi8xLzEgIDczMTMvMi8xICA3MjEyLzMvMSAgNzIxMS80LzEgDQpmICA3MzEzLzEvMSAgNzMxNC8yLzEgIDcyMTMvMy8xICA3MjEyLzQvMSANCmYgIDczMTQvMS8xICA3MzE1LzIvMSAgNzIxNC8zLzEgIDcyMTMvNC8xIA0KZiAgNzMxNS8xLzEgIDczMTYvMi8xICA3MjE1LzMvMSAgNzIxNC80LzEgDQpmICA3MzE2LzEvMSAgNzMxNy8yLzEgIDcyMTYvMy8xICA3MjE1LzQvMSANCmYgIDczMTcvMS8xICA3MzE4LzIvMSAgNzIxNy8zLzEgIDcyMTYvNC8xIA0KZiAgNzMxOC8xLzEgIDczMTkvMi8xICA3MjE4LzMvMSAgNzIxNy80LzEgDQpmICA3MzE5LzEvMSAgNzMyMC8yLzEgIDcyMTkvMy8xICA3MjE4LzQvMSANCmYgIDczMjAvMS8xICA3MzIxLzIvMSAgNzIyMC8zLzEgIDcyMTkvNC8xIA0KZiAgNzMyMS8xLzEgIDczMjIvMi8xICA3MjIxLzMvMSAgNzIyMC80LzEgDQpmICA3MzIyLzEvMSAgNzMyMy8yLzEgIDcyMjIvMy8xICA3MjIxLzQvMSANCmYgIDczMjMvMS8xICA3MzI0LzIvMSAgNzIyMy8zLzEgIDcyMjIvNC8xIA0KZiAgNzMyNC8xLzEgIDczMjUvMi8xICA3MjI0LzMvMSAgNzIyMy80LzEgDQpmICA3MzI1LzEvMSAgNzMyNi8yLzEgIDcyMjUvMy8xICA3MjI0LzQvMSANCmYgIDczMjYvMS8xICA3MzI3LzIvMSAgNzIyNi8zLzEgIDcyMjUvNC8xIA0KZiAgNzMyNy8xLzEgIDczMjgvMi8xICA3MjI3LzMvMSAgNzIyNi80LzEgDQpmICA3MzI4LzEvMSAgNzMyOS8yLzEgIDcyMjgvMy8xICA3MjI3LzQvMSANCmYgIDczMjkvMS8xICA3MzMwLzIvMSAgNzIyOS8zLzEgIDcyMjgvNC8xIA0KZiAgNzMzMC8xLzEgIDczMzEvMi8xICA3MjMwLzMvMSAgNzIyOS80LzEgDQpmICA3MzMxLzEvMSAgNzMzMi8yLzEgIDcyMzEvMy8xICA3MjMwLzQvMSANCmYgIDczMzIvMS8xICA3MzMzLzIvMSAgNzIzMi8zLzEgIDcyMzEvNC8xIA0KZiAgNzMzMy8xLzEgIDczMzQvMi8xICA3MjMzLzMvMSAgNzIzMi80LzEgDQpmICA3MzM0LzEvMSAgNzMzNS8yLzEgIDcyMzQvMy8xICA3MjMzLzQvMSANCmYgIDczMzUvMS8xICA3MzM2LzIvMSAgNzIzNS8zLzEgIDcyMzQvNC8xIA0KZiAgNzMzNi8xLzEgIDczMzcvMi8xICA3MjM2LzMvMSAgNzIzNS80LzEgDQpmICA3MzM3LzEvMSAgNzMzOC8yLzEgIDcyMzcvMy8xICA3MjM2LzQvMSANCmYgIDczMzgvMS8xICA3MzM5LzIvMSAgNzIzOC8zLzEgIDcyMzcvNC8xIA0KZiAgNzMzOS8xLzEgIDczNDAvMi8xICA3MjM5LzMvMSAgNzIzOC80LzEgDQpmICA3MzQwLzEvMSAgNzM0MS8yLzEgIDcyNDAvMy8xICA3MjM5LzQvMSANCmYgIDczNDEvMS8xICA3MzQyLzIvMSAgNzI0MS8zLzEgIDcyNDAvNC8xIA0KZiAgNzM0Mi8xLzEgIDczNDMvMi8xICA3MjQyLzMvMSAgNzI0MS80LzEgDQpmICA3MzQzLzEvMSAgNzM0NC8yLzEgIDcyNDMvMy8xICA3MjQyLzQvMSANCmYgIDczNDQvMS8xICA3MzQ1LzIvMSAgNzI0NC8zLzEgIDcyNDMvNC8xIA0KZiAgNzM0NS8xLzEgIDczNDYvMi8xICA3MjQ1LzMvMSAgNzI0NC80LzEgDQpmICA3MzQ2LzEvMSAgNzM0Ny8yLzEgIDcyNDYvMy8xICA3MjQ1LzQvMSANCmYgIDczNDcvMS8xICA3MzQ4LzIvMSAgNzI0Ny8zLzEgIDcyNDYvNC8xIA0KZiAgNzM0OC8xLzEgIDczNDkvMi8xICA3MjQ4LzMvMSAgNzI0Ny80LzEgDQpmICA3MzQ5LzEvMSAgNzM1MC8yLzEgIDcyNDkvMy8xICA3MjQ4LzQvMSANCmYgIDczNTAvMS8xICA3MzUxLzIvMSAgNzI1MC8zLzEgIDcyNDkvNC8xIA0KZiAgNzM1MS8xLzEgIDczNTIvMi8xICA3MjUxLzMvMSAgNzI1MC80LzEgDQpmICA3MzUyLzEvMSAgNzM1My8yLzEgIDcyNTIvMy8xICA3MjUxLzQvMSANCmYgIDczNTMvMS8xICA3MzU0LzIvMSAgNzI1My8zLzEgIDcyNTIvNC8xIA0KZiAgNzM1NC8xLzEgIDczNTUvMi8xICA3MjU0LzMvMSAgNzI1My80LzEgDQpmICA3MzU1LzEvMSAgNzM1Ni8yLzEgIDcyNTUvMy8xICA3MjU0LzQvMSANCmYgIDczNTYvMS8xICA3MzU3LzIvMSAgNzI1Ni8zLzEgIDcyNTUvNC8xIA0KZiAgNzM1Ny8xLzEgIDczNTgvMi8xICA3MjU3LzMvMSAgNzI1Ni80LzEgDQpmICA3MzU4LzEvMSAgNzM1OS8yLzEgIDcyNTgvMy8xICA3MjU3LzQvMSANCmYgIDczNTkvMS8xICA3MzYwLzIvMSAgNzI1OS8zLzEgIDcyNTgvNC8xIA0KZiAgNzM2MC8xLzEgIDczNjEvMi8xICA3MjYwLzMvMSAgNzI1OS80LzEgDQpmICA3MzYxLzEvMSAgNzM2Mi8yLzEgIDcyNjEvMy8xICA3MjYwLzQvMSANCmYgIDczNjIvMS8xICA3MzYzLzIvMSAgNzI2Mi8zLzEgIDcyNjEvNC8xIA0KZiAgNzM2My8xLzEgIDczNjQvMi8xICA3MjYzLzMvMSAgNzI2Mi80LzEgDQpmICA3MzY0LzEvMSAgNzM2NS8yLzEgIDcyNjQvMy8xICA3MjYzLzQvMSANCmYgIDczNjUvMS8xICA3MzY2LzIvMSAgNzI2NS8zLzEgIDcyNjQvNC8xIA0KZiAgNzM2Ni8xLzEgIDczNjcvMi8xICA3MjY2LzMvMSAgNzI2NS80LzEgDQpmICA3MzY3LzEvMSAgNzM2OC8yLzEgIDcyNjcvMy8xICA3MjY2LzQvMSANCmYgIDczNjgvMS8xICA3MzY5LzIvMSAgNzI2OC8zLzEgIDcyNjcvNC8xIA0KZiAgNzM2OS8xLzEgIDczNzAvMi8xICA3MjY5LzMvMSAgNzI2OC80LzEgDQpmICA3MzcwLzEvMSAgNzM3MS8yLzEgIDcyNzAvMy8xICA3MjY5LzQvMSANCmYgIDczNzEvMS8xICA3MzcyLzIvMSAgNzI3MS8zLzEgIDcyNzAvNC8xIA0KZiAgNzM3Mi8xLzEgIDczNzMvMi8xICA3MjcyLzMvMSAgNzI3MS80LzEgDQpmICA3Mzc0LzEvMSAgNzM3NS8yLzEgIDcyNzQvMy8xICA3MjczLzQvMSANCmYgIDczNzUvMS8xICA3Mzc2LzIvMSAgNzI3NS8zLzEgIDcyNzQvNC8xIA0KZiAgNzM3Ni8xLzEgIDczNzcvMi8xICA3Mjc2LzMvMSAgNzI3NS80LzEgDQpmICA3Mzc3LzEvMSAgNzM3OC8yLzEgIDcyNzcvMy8xICA3Mjc2LzQvMSANCmYgIDczNzgvMS8xICA3Mzc5LzIvMSAgNzI3OC8zLzEgIDcyNzcvNC8xIA0KZiAgNzM3OS8xLzEgIDczODAvMi8xICA3Mjc5LzMvMSAgNzI3OC80LzEgDQpmICA3MzgwLzEvMSAgNzM4MS8yLzEgIDcyODAvMy8xICA3Mjc5LzQvMSANCmYgIDczODEvMS8xICA3MzgyLzIvMSAgNzI4MS8zLzEgIDcyODAvNC8xIA0KZiAgNzM4Mi8xLzEgIDczODMvMi8xICA3MjgyLzMvMSAgNzI4MS80LzEgDQpmICA3MzgzLzEvMSAgNzM4NC8yLzEgIDcyODMvMy8xICA3MjgyLzQvMSANCmYgIDczODQvMS8xICA3Mzg1LzIvMSAgNzI4NC8zLzEgIDcyODMvNC8xIA0KZiAgNzM4NS8xLzEgIDczODYvMi8xICA3Mjg1LzMvMSAgNzI4NC80LzEgDQpmICA3Mzg2LzEvMSAgNzM4Ny8yLzEgIDcyODYvMy8xICA3Mjg1LzQvMSANCmYgIDczODcvMS8xICA3Mzg4LzIvMSAgNzI4Ny8zLzEgIDcyODYvNC8xIA0KZiAgNzM4OC8xLzEgIDczODkvMi8xICA3Mjg4LzMvMSAgNzI4Ny80LzEgDQpmICA3Mzg5LzEvMSAgNzM5MC8yLzEgIDcyODkvMy8xICA3Mjg4LzQvMSANCmYgIDczOTAvMS8xICA3MzkxLzIvMSAgNzI5MC8zLzEgIDcyODkvNC8xIA0KZiAgNzM5MS8xLzEgIDczOTIvMi8xICA3MjkxLzMvMSAgNzI5MC80LzEgDQpmICA3MzkyLzEvMSAgNzM5My8yLzEgIDcyOTIvMy8xICA3MjkxLzQvMSANCmYgIDczOTMvMS8xICA3Mzk0LzIvMSAgNzI5My8zLzEgIDcyOTIvNC8xIA0KZiAgNzM5NC8xLzEgIDczOTUvMi8xICA3Mjk0LzMvMSAgNzI5My80LzEgDQpmICA3Mzk1LzEvMSAgNzM5Ni8yLzEgIDcyOTUvMy8xICA3Mjk0LzQvMSANCmYgIDczOTYvMS8xICA3Mzk3LzIvMSAgNzI5Ni8zLzEgIDcyOTUvNC8xIA0KZiAgNzM5Ny8xLzEgIDczOTgvMi8xICA3Mjk3LzMvMSAgNzI5Ni80LzEgDQpmICA3Mzk4LzEvMSAgNzM5OS8yLzEgIDcyOTgvMy8xICA3Mjk3LzQvMSANCmYgIDczOTkvMS8xICA3NDAwLzIvMSAgNzI5OS8zLzEgIDcyOTgvNC8xIA0KZiAgNzQwMC8xLzEgIDc0MDEvMi8xICA3MzAwLzMvMSAgNzI5OS80LzEgDQpmICA3NDAxLzEvMSAgNzQwMi8yLzEgIDczMDEvMy8xICA3MzAwLzQvMSANCmYgIDc0MDIvMS8xICA3NDAzLzIvMSAgNzMwMi8zLzEgIDczMDEvNC8xIA0KZiAgNzQwMy8xLzEgIDc0MDQvMi8xICA3MzAzLzMvMSAgNzMwMi80LzEgDQpmICA3NDA0LzEvMSAgNzQwNS8yLzEgIDczMDQvMy8xICA3MzAzLzQvMSANCmYgIDc0MDUvMS8xICA3NDA2LzIvMSAgNzMwNS8zLzEgIDczMDQvNC8xIA0KZiAgNzQwNi8xLzEgIDc0MDcvMi8xICA3MzA2LzMvMSAgNzMwNS80LzEgDQpmICA3NDA3LzEvMSAgNzQwOC8yLzEgIDczMDcvMy8xICA3MzA2LzQvMSANCmYgIDc0MDgvMS8xICA3NDA5LzIvMSAgNzMwOC8zLzEgIDczMDcvNC8xIA0KZiAgNzQwOS8xLzEgIDc0MTAvMi8xICA3MzA5LzMvMSAgNzMwOC80LzEgDQpmICA3NDEwLzEvMSAgNzQxMS8yLzEgIDczMTAvMy8xICA3MzA5LzQvMSANCmYgIDc0MTEvMS8xICA3NDEyLzIvMSAgNzMxMS8zLzEgIDczMTAvNC8xIA0KZiAgNzQxMi8xLzEgIDc0MTMvMi8xICA3MzEyLzMvMSAgNzMxMS80LzEgDQpmICA3NDEzLzEvMSAgNzQxNC8yLzEgIDczMTMvMy8xICA3MzEyLzQvMSANCmYgIDc0MTQvMS8xICA3NDE1LzIvMSAgNzMxNC8zLzEgIDczMTMvNC8xIA0KZiAgNzQxNS8xLzEgIDc0MTYvMi8xICA3MzE1LzMvMSAgNzMxNC80LzEgDQpmICA3NDE2LzEvMSAgNzQxNy8yLzEgIDczMTYvMy8xICA3MzE1LzQvMSANCmYgIDc0MTcvMS8xICA3NDE4LzIvMSAgNzMxNy8zLzEgIDczMTYvNC8xIA0KZiAgNzQxOC8xLzEgIDc0MTkvMi8xICA3MzE4LzMvMSAgNzMxNy80LzEgDQpmICA3NDE5LzEvMSAgNzQyMC8yLzEgIDczMTkvMy8xICA3MzE4LzQvMSANCmYgIDc0MjAvMS8xICA3NDIxLzIvMSAgNzMyMC8zLzEgIDczMTkvNC8xIA0KZiAgNzQyMS8xLzEgIDc0MjIvMi8xICA3MzIxLzMvMSAgNzMyMC80LzEgDQpmICA3NDIyLzEvMSAgNzQyMy8yLzEgIDczMjIvMy8xICA3MzIxLzQvMSANCmYgIDc0MjMvMS8xICA3NDI0LzIvMSAgNzMyMy8zLzEgIDczMjIvNC8xIA0KZiAgNzQyNC8xLzEgIDc0MjUvMi8xICA3MzI0LzMvMSAgNzMyMy80LzEgDQpmICA3NDI1LzEvMSAgNzQyNi8yLzEgIDczMjUvMy8xICA3MzI0LzQvMSANCmYgIDc0MjYvMS8xICA3NDI3LzIvMSAgNzMyNi8zLzEgIDczMjUvNC8xIA0KZiAgNzQyNy8xLzEgIDc0MjgvMi8xICA3MzI3LzMvMSAgNzMyNi80LzEgDQpmICA3NDI4LzEvMSAgNzQyOS8yLzEgIDczMjgvMy8xICA3MzI3LzQvMSANCmYgIDc0MjkvMS8xICA3NDMwLzIvMSAgNzMyOS8zLzEgIDczMjgvNC8xIA0KZiAgNzQzMC8xLzEgIDc0MzEvMi8xICA3MzMwLzMvMSAgNzMyOS80LzEgDQpmICA3NDMxLzEvMSAgNzQzMi8yLzEgIDczMzEvMy8xICA3MzMwLzQvMSANCmYgIDc0MzIvMS8xICA3NDMzLzIvMSAgNzMzMi8zLzEgIDczMzEvNC8xIA0KZiAgNzQzMy8xLzEgIDc0MzQvMi8xICA3MzMzLzMvMSAgNzMzMi80LzEgDQpmICA3NDM0LzEvMSAgNzQzNS8yLzEgIDczMzQvMy8xICA3MzMzLzQvMSANCmYgIDc0MzUvMS8xICA3NDM2LzIvMSAgNzMzNS8zLzEgIDczMzQvNC8xIA0KZiAgNzQzNi8xLzEgIDc0MzcvMi8xICA3MzM2LzMvMSAgNzMzNS80LzEgDQpmICA3NDM3LzEvMSAgNzQzOC8yLzEgIDczMzcvMy8xICA3MzM2LzQvMSANCmYgIDc0MzgvMS8xICA3NDM5LzIvMSAgNzMzOC8zLzEgIDczMzcvNC8xIA0KZiAgNzQzOS8xLzEgIDc0NDAvMi8xICA3MzM5LzMvMSAgNzMzOC80LzEgDQpmICA3NDQwLzEvMSAgNzQ0MS8yLzEgIDczNDAvMy8xICA3MzM5LzQvMSANCmYgIDc0NDEvMS8xICA3NDQyLzIvMSAgNzM0MS8zLzEgIDczNDAvNC8xIA0KZiAgNzQ0Mi8xLzEgIDc0NDMvMi8xICA3MzQyLzMvMSAgNzM0MS80LzEgDQpmICA3NDQzLzEvMSAgNzQ0NC8yLzEgIDczNDMvMy8xICA3MzQyLzQvMSANCmYgIDc0NDQvMS8xICA3NDQ1LzIvMSAgNzM0NC8zLzEgIDczNDMvNC8xIA0KZiAgNzQ0NS8xLzEgIDc0NDYvMi8xICA3MzQ1LzMvMSAgNzM0NC80LzEgDQpmICA3NDQ2LzEvMSAgNzQ0Ny8yLzEgIDczNDYvMy8xICA3MzQ1LzQvMSANCmYgIDc0NDcvMS8xICA3NDQ4LzIvMSAgNzM0Ny8zLzEgIDczNDYvNC8xIA0KZiAgNzQ0OC8xLzEgIDc0NDkvMi8xICA3MzQ4LzMvMSAgNzM0Ny80LzEgDQpmICA3NDQ5LzEvMSAgNzQ1MC8yLzEgIDczNDkvMy8xICA3MzQ4LzQvMSANCmYgIDc0NTAvMS8xICA3NDUxLzIvMSAgNzM1MC8zLzEgIDczNDkvNC8xIA0KZiAgNzQ1MS8xLzEgIDc0NTIvMi8xICA3MzUxLzMvMSAgNzM1MC80LzEgDQpmICA3NDUyLzEvMSAgNzQ1My8yLzEgIDczNTIvMy8xICA3MzUxLzQvMSANCmYgIDc0NTMvMS8xICA3NDU0LzIvMSAgNzM1My8zLzEgIDczNTIvNC8xIA0KZiAgNzQ1NC8xLzEgIDc0NTUvMi8xICA3MzU0LzMvMSAgNzM1My80LzEgDQpmICA3NDU1LzEvMSAgNzQ1Ni8yLzEgIDczNTUvMy8xICA3MzU0LzQvMSANCmYgIDc0NTYvMS8xICA3NDU3LzIvMSAgNzM1Ni8zLzEgIDczNTUvNC8xIA0KZiAgNzQ1Ny8xLzEgIDc0NTgvMi8xICA3MzU3LzMvMSAgNzM1Ni80LzEgDQpmICA3NDU4LzEvMSAgNzQ1OS8yLzEgIDczNTgvMy8xICA3MzU3LzQvMSANCmYgIDc0NTkvMS8xICA3NDYwLzIvMSAgNzM1OS8zLzEgIDczNTgvNC8xIA0KZiAgNzQ2MC8xLzEgIDc0NjEvMi8xICA3MzYwLzMvMSAgNzM1OS80LzEgDQpmICA3NDYxLzEvMSAgNzQ2Mi8yLzEgIDczNjEvMy8xICA3MzYwLzQvMSANCmYgIDc0NjIvMS8xICA3NDYzLzIvMSAgNzM2Mi8zLzEgIDczNjEvNC8xIA0KZiAgNzQ2My8xLzEgIDc0NjQvMi8xICA3MzYzLzMvMSAgNzM2Mi80LzEgDQpmICA3NDY0LzEvMSAgNzQ2NS8yLzEgIDczNjQvMy8xICA3MzYzLzQvMSANCmYgIDc0NjUvMS8xICA3NDY2LzIvMSAgNzM2NS8zLzEgIDczNjQvNC8xIA0KZiAgNzQ2Ni8xLzEgIDc0NjcvMi8xICA3MzY2LzMvMSAgNzM2NS80LzEgDQpmICA3NDY3LzEvMSAgNzQ2OC8yLzEgIDczNjcvMy8xICA3MzY2LzQvMSANCmYgIDc0NjgvMS8xICA3NDY5LzIvMSAgNzM2OC8zLzEgIDczNjcvNC8xIA0KZiAgNzQ2OS8xLzEgIDc0NzAvMi8xICA3MzY5LzMvMSAgNzM2OC80LzEgDQpmICA3NDcwLzEvMSAgNzQ3MS8yLzEgIDczNzAvMy8xICA3MzY5LzQvMSANCmYgIDc0NzEvMS8xICA3NDcyLzIvMSAgNzM3MS8zLzEgIDczNzAvNC8xIA0KZiAgNzQ3Mi8xLzEgIDc0NzMvMi8xICA3MzcyLzMvMSAgNzM3MS80LzEgDQpmICA3NDczLzEvMSAgNzQ3NC8yLzEgIDczNzMvMy8xICA3MzcyLzQvMSANCmYgIDc0NzUvMS8xICA3NDc2LzIvMSAgNzM3NS8zLzEgIDczNzQvNC8xIA0KZiAgNzQ3Ni8xLzEgIDc0NzcvMi8xICA3Mzc2LzMvMSAgNzM3NS80LzEgDQpmICA3NDc3LzEvMSAgNzQ3OC8yLzEgIDczNzcvMy8xICA3Mzc2LzQvMSANCmYgIDc0NzgvMS8xICA3NDc5LzIvMSAgNzM3OC8zLzEgIDczNzcvNC8xIA0KZiAgNzQ3OS8xLzEgIDc0ODAvMi8xICA3Mzc5LzMvMSAgNzM3OC80LzEgDQpmICA3NDgwLzEvMSAgNzQ4MS8yLzEgIDczODAvMy8xICA3Mzc5LzQvMSANCmYgIDc0ODEvMS8xICA3NDgyLzIvMSAgNzM4MS8zLzEgIDczODAvNC8xIA0KZiAgNzQ4Mi8xLzEgIDc0ODMvMi8xICA3MzgyLzMvMSAgNzM4MS80LzEgDQpmICA3NDgzLzEvMSAgNzQ4NC8yLzEgIDczODMvMy8xICA3MzgyLzQvMSANCmYgIDc0ODQvMS8xICA3NDg1LzIvMSAgNzM4NC8zLzEgIDczODMvNC8xIA0KZiAgNzQ4NS8xLzEgIDc0ODYvMi8xICA3Mzg1LzMvMSAgNzM4NC80LzEgDQpmICA3NDg2LzEvMSAgNzQ4Ny8yLzEgIDczODYvMy8xICA3Mzg1LzQvMSANCmYgIDc0ODcvMS8xICA3NDg4LzIvMSAgNzM4Ny8zLzEgIDczODYvNC8xIA0KZiAgNzQ4OC8xLzEgIDc0ODkvMi8xICA3Mzg4LzMvMSAgNzM4Ny80LzEgDQpmICA3NDg5LzEvMSAgNzQ5MC8yLzEgIDczODkvMy8xICA3Mzg4LzQvMSANCmYgIDc0OTAvMS8xICA3NDkxLzIvMSAgNzM5MC8zLzEgIDczODkvNC8xIA0KZiAgNzQ5MS8xLzEgIDc0OTIvMi8xICA3MzkxLzMvMSAgNzM5MC80LzEgDQpmICA3NDkyLzEvMSAgNzQ5My8yLzEgIDczOTIvMy8xICA3MzkxLzQvMSANCmYgIDc0OTMvMS8xICA3NDk0LzIvMSAgNzM5My8zLzEgIDczOTIvNC8xIA0KZiAgNzQ5NC8xLzEgIDc0OTUvMi8xICA3Mzk0LzMvMSAgNzM5My80LzEgDQpmICA3NDk1LzEvMSAgNzQ5Ni8yLzEgIDczOTUvMy8xICA3Mzk0LzQvMSANCmYgIDc0OTYvMS8xICA3NDk3LzIvMSAgNzM5Ni8zLzEgIDczOTUvNC8xIA0KZiAgNzQ5Ny8xLzEgIDc0OTgvMi8xICA3Mzk3LzMvMSAgNzM5Ni80LzEgDQpmICA3NDk4LzEvMSAgNzQ5OS8yLzEgIDczOTgvMy8xICA3Mzk3LzQvMSANCmYgIDc0OTkvMS8xICA3NTAwLzIvMSAgNzM5OS8zLzEgIDczOTgvNC8xIA0KZiAgNzUwMC8xLzEgIDc1MDEvMi8xICA3NDAwLzMvMSAgNzM5OS80LzEgDQpmICA3NTAxLzEvMSAgNzUwMi8yLzEgIDc0MDEvMy8xICA3NDAwLzQvMSANCmYgIDc1MDIvMS8xICA3NTAzLzIvMSAgNzQwMi8zLzEgIDc0MDEvNC8xIA0KZiAgNzUwMy8xLzEgIDc1MDQvMi8xICA3NDAzLzMvMSAgNzQwMi80LzEgDQpmICA3NTA0LzEvMSAgNzUwNS8yLzEgIDc0MDQvMy8xICA3NDAzLzQvMSANCmYgIDc1MDUvMS8xICA3NTA2LzIvMSAgNzQwNS8zLzEgIDc0MDQvNC8xIA0KZiAgNzUwNi8xLzEgIDc1MDcvMi8xICA3NDA2LzMvMSAgNzQwNS80LzEgDQpmICA3NTA3LzEvMSAgNzUwOC8yLzEgIDc0MDcvMy8xICA3NDA2LzQvMSANCmYgIDc1MDgvMS8xICA3NTA5LzIvMSAgNzQwOC8zLzEgIDc0MDcvNC8xIA0KZiAgNzUwOS8xLzEgIDc1MTAvMi8xICA3NDA5LzMvMSAgNzQwOC80LzEgDQpmICA3NTEwLzEvMSAgNzUxMS8yLzEgIDc0MTAvMy8xICA3NDA5LzQvMSANCmYgIDc1MTEvMS8xICA3NTEyLzIvMSAgNzQxMS8zLzEgIDc0MTAvNC8xIA0KZiAgNzUxMi8xLzEgIDc1MTMvMi8xICA3NDEyLzMvMSAgNzQxMS80LzEgDQpmICA3NTEzLzEvMSAgNzUxNC8yLzEgIDc0MTMvMy8xICA3NDEyLzQvMSANCmYgIDc1MTQvMS8xICA3NTE1LzIvMSAgNzQxNC8zLzEgIDc0MTMvNC8xIA0KZiAgNzUxNS8xLzEgIDc1MTYvMi8xICA3NDE1LzMvMSAgNzQxNC80LzEgDQpmICA3NTE2LzEvMSAgNzUxNy8yLzEgIDc0MTYvMy8xICA3NDE1LzQvMSANCmYgIDc1MTcvMS8xICA3NTE4LzIvMSAgNzQxNy8zLzEgIDc0MTYvNC8xIA0KZiAgNzUxOC8xLzEgIDc1MTkvMi8xICA3NDE4LzMvMSAgNzQxNy80LzEgDQpmICA3NTE5LzEvMSAgNzUyMC8yLzEgIDc0MTkvMy8xICA3NDE4LzQvMSANCmYgIDc1MjAvMS8xICA3NTIxLzIvMSAgNzQyMC8zLzEgIDc0MTkvNC8xIA0KZiAgNzUyMS8xLzEgIDc1MjIvMi8xICA3NDIxLzMvMSAgNzQyMC80LzEgDQpmICA3NTIyLzEvMSAgNzUyMy8yLzEgIDc0MjIvMy8xICA3NDIxLzQvMSANCmYgIDc1MjMvMS8xICA3NTI0LzIvMSAgNzQyMy8zLzEgIDc0MjIvNC8xIA0KZiAgNzUyNC8xLzEgIDc1MjUvMi8xICA3NDI0LzMvMSAgNzQyMy80LzEgDQpmICA3NTI1LzEvMSAgNzUyNi8yLzEgIDc0MjUvMy8xICA3NDI0LzQvMSANCmYgIDc1MjYvMS8xICA3NTI3LzIvMSAgNzQyNi8zLzEgIDc0MjUvNC8xIA0KZiAgNzUyNy8xLzEgIDc1MjgvMi8xICA3NDI3LzMvMSAgNzQyNi80LzEgDQpmICA3NTI4LzEvMSAgNzUyOS8yLzEgIDc0MjgvMy8xICA3NDI3LzQvMSANCmYgIDc1MjkvMS8xICA3NTMwLzIvMSAgNzQyOS8zLzEgIDc0MjgvNC8xIA0KZiAgNzUzMC8xLzEgIDc1MzEvMi8xICA3NDMwLzMvMSAgNzQyOS80LzEgDQpmICA3NTMxLzEvMSAgNzUzMi8yLzEgIDc0MzEvMy8xICA3NDMwLzQvMSANCmYgIDc1MzIvMS8xICA3NTMzLzIvMSAgNzQzMi8zLzEgIDc0MzEvNC8xIA0KZiAgNzUzMy8xLzEgIDc1MzQvMi8xICA3NDMzLzMvMSAgNzQzMi80LzEgDQpmICA3NTM0LzEvMSAgNzUzNS8yLzEgIDc0MzQvMy8xICA3NDMzLzQvMSANCmYgIDc1MzUvMS8xICA3NTM2LzIvMSAgNzQzNS8zLzEgIDc0MzQvNC8xIA0KZiAgNzUzNi8xLzEgIDc1MzcvMi8xICA3NDM2LzMvMSAgNzQzNS80LzEgDQpmICA3NTM3LzEvMSAgNzUzOC8yLzEgIDc0MzcvMy8xICA3NDM2LzQvMSANCmYgIDc1MzgvMS8xICA3NTM5LzIvMSAgNzQzOC8zLzEgIDc0MzcvNC8xIA0KZiAgNzUzOS8xLzEgIDc1NDAvMi8xICA3NDM5LzMvMSAgNzQzOC80LzEgDQpmICA3NTQwLzEvMSAgNzU0MS8yLzEgIDc0NDAvMy8xICA3NDM5LzQvMSANCmYgIDc1NDEvMS8xICA3NTQyLzIvMSAgNzQ0MS8zLzEgIDc0NDAvNC8xIA0KZiAgNzU0Mi8xLzEgIDc1NDMvMi8xICA3NDQyLzMvMSAgNzQ0MS80LzEgDQpmICA3NTQzLzEvMSAgNzU0NC8yLzEgIDc0NDMvMy8xICA3NDQyLzQvMSANCmYgIDc1NDQvMS8xICA3NTQ1LzIvMSAgNzQ0NC8zLzEgIDc0NDMvNC8xIA0KZiAgNzU0NS8xLzEgIDc1NDYvMi8xICA3NDQ1LzMvMSAgNzQ0NC80LzEgDQpmICA3NTQ2LzEvMSAgNzU0Ny8yLzEgIDc0NDYvMy8xICA3NDQ1LzQvMSANCmYgIDc1NDcvMS8xICA3NTQ4LzIvMSAgNzQ0Ny8zLzEgIDc0NDYvNC8xIA0KZiAgNzU0OC8xLzEgIDc1NDkvMi8xICA3NDQ4LzMvMSAgNzQ0Ny80LzEgDQpmICA3NTQ5LzEvMSAgNzU1MC8yLzEgIDc0NDkvMy8xICA3NDQ4LzQvMSANCmYgIDc1NTAvMS8xICA3NTUxLzIvMSAgNzQ1MC8zLzEgIDc0NDkvNC8xIA0KZiAgNzU1MS8xLzEgIDc1NTIvMi8xICA3NDUxLzMvMSAgNzQ1MC80LzEgDQpmICA3NTUyLzEvMSAgNzU1My8yLzEgIDc0NTIvMy8xICA3NDUxLzQvMSANCmYgIDc1NTMvMS8xICA3NTU0LzIvMSAgNzQ1My8zLzEgIDc0NTIvNC8xIA0KZiAgNzU1NC8xLzEgIDc1NTUvMi8xICA3NDU0LzMvMSAgNzQ1My80LzEgDQpmICA3NTU1LzEvMSAgNzU1Ni8yLzEgIDc0NTUvMy8xICA3NDU0LzQvMSANCmYgIDc1NTYvMS8xICA3NTU3LzIvMSAgNzQ1Ni8zLzEgIDc0NTUvNC8xIA0KZiAgNzU1Ny8xLzEgIDc1NTgvMi8xICA3NDU3LzMvMSAgNzQ1Ni80LzEgDQpmICA3NTU4LzEvMSAgNzU1OS8yLzEgIDc0NTgvMy8xICA3NDU3LzQvMSANCmYgIDc1NTkvMS8xICA3NTYwLzIvMSAgNzQ1OS8zLzEgIDc0NTgvNC8xIA0KZiAgNzU2MC8xLzEgIDc1NjEvMi8xICA3NDYwLzMvMSAgNzQ1OS80LzEgDQpmICA3NTYxLzEvMSAgNzU2Mi8yLzEgIDc0NjEvMy8xICA3NDYwLzQvMSANCmYgIDc1NjIvMS8xICA3NTYzLzIvMSAgNzQ2Mi8zLzEgIDc0NjEvNC8xIA0KZiAgNzU2My8xLzEgIDc1NjQvMi8xICA3NDYzLzMvMSAgNzQ2Mi80LzEgDQpmICA3NTY0LzEvMSAgNzU2NS8yLzEgIDc0NjQvMy8xICA3NDYzLzQvMSANCmYgIDc1NjUvMS8xICA3NTY2LzIvMSAgNzQ2NS8zLzEgIDc0NjQvNC8xIA0KZiAgNzU2Ni8xLzEgIDc1NjcvMi8xICA3NDY2LzMvMSAgNzQ2NS80LzEgDQpmICA3NTY3LzEvMSAgNzU2OC8yLzEgIDc0NjcvMy8xICA3NDY2LzQvMSANCmYgIDc1NjgvMS8xICA3NTY5LzIvMSAgNzQ2OC8zLzEgIDc0NjcvNC8xIA0KZiAgNzU2OS8xLzEgIDc1NzAvMi8xICA3NDY5LzMvMSAgNzQ2OC80LzEgDQpmICA3NTcwLzEvMSAgNzU3MS8yLzEgIDc0NzAvMy8xICA3NDY5LzQvMSANCmYgIDc1NzEvMS8xICA3NTcyLzIvMSAgNzQ3MS8zLzEgIDc0NzAvNC8xIA0KZiAgNzU3Mi8xLzEgIDc1NzMvMi8xICA3NDcyLzMvMSAgNzQ3MS80LzEgDQpmICA3NTczLzEvMSAgNzU3NC8yLzEgIDc0NzMvMy8xICA3NDcyLzQvMSANCmYgIDc1NzQvMS8xICA3NTc1LzIvMSAgNzQ3NC8zLzEgIDc0NzMvNC8xIA0KZiAgNzU3Ni8xLzEgIDc1NzcvMi8xICA3NDc2LzMvMSAgNzQ3NS80LzEgDQpmICA3NTc3LzEvMSAgNzU3OC8yLzEgIDc0NzcvMy8xICA3NDc2LzQvMSANCmYgIDc1NzgvMS8xICA3NTc5LzIvMSAgNzQ3OC8zLzEgIDc0NzcvNC8xIA0KZiAgNzU3OS8xLzEgIDc1ODAvMi8xICA3NDc5LzMvMSAgNzQ3OC80LzEgDQpmICA3NTgwLzEvMSAgNzU4MS8yLzEgIDc0ODAvMy8xICA3NDc5LzQvMSANCmYgIDc1ODEvMS8xICA3NTgyLzIvMSAgNzQ4MS8zLzEgIDc0ODAvNC8xIA0KZiAgNzU4Mi8xLzEgIDc1ODMvMi8xICA3NDgyLzMvMSAgNzQ4MS80LzEgDQpmICA3NTgzLzEvMSAgNzU4NC8yLzEgIDc0ODMvMy8xICA3NDgyLzQvMSANCmYgIDc1ODQvMS8xICA3NTg1LzIvMSAgNzQ4NC8zLzEgIDc0ODMvNC8xIA0KZiAgNzU4NS8xLzEgIDc1ODYvMi8xICA3NDg1LzMvMSAgNzQ4NC80LzEgDQpmICA3NTg2LzEvMSAgNzU4Ny8yLzEgIDc0ODYvMy8xICA3NDg1LzQvMSANCmYgIDc1ODcvMS8xICA3NTg4LzIvMSAgNzQ4Ny8zLzEgIDc0ODYvNC8xIA0KZiAgNzU4OC8xLzEgIDc1ODkvMi8xICA3NDg4LzMvMSAgNzQ4Ny80LzEgDQpmICA3NTg5LzEvMSAgNzU5MC8yLzEgIDc0ODkvMy8xICA3NDg4LzQvMSANCmYgIDc1OTAvMS8xICA3NTkxLzIvMSAgNzQ5MC8zLzEgIDc0ODkvNC8xIA0KZiAgNzU5MS8xLzEgIDc1OTIvMi8xICA3NDkxLzMvMSAgNzQ5MC80LzEgDQpmICA3NTkyLzEvMSAgNzU5My8yLzEgIDc0OTIvMy8xICA3NDkxLzQvMSANCmYgIDc1OTMvMS8xICA3NTk0LzIvMSAgNzQ5My8zLzEgIDc0OTIvNC8xIA0KZiAgNzU5NC8xLzEgIDc1OTUvMi8xICA3NDk0LzMvMSAgNzQ5My80LzEgDQpmICA3NTk1LzEvMSAgNzU5Ni8yLzEgIDc0OTUvMy8xICA3NDk0LzQvMSANCmYgIDc1OTYvMS8xICA3NTk3LzIvMSAgNzQ5Ni8zLzEgIDc0OTUvNC8xIA0KZiAgNzU5Ny8xLzEgIDc1OTgvMi8xICA3NDk3LzMvMSAgNzQ5Ni80LzEgDQpmICA3NTk4LzEvMSAgNzU5OS8yLzEgIDc0OTgvMy8xICA3NDk3LzQvMSANCmYgIDc1OTkvMS8xICA3NjAwLzIvMSAgNzQ5OS8zLzEgIDc0OTgvNC8xIA0KZiAgNzYwMC8xLzEgIDc2MDEvMi8xICA3NTAwLzMvMSAgNzQ5OS80LzEgDQpmICA3NjAxLzEvMSAgNzYwMi8yLzEgIDc1MDEvMy8xICA3NTAwLzQvMSANCmYgIDc2MDIvMS8xICA3NjAzLzIvMSAgNzUwMi8zLzEgIDc1MDEvNC8xIA0KZiAgNzYwMy8xLzEgIDc2MDQvMi8xICA3NTAzLzMvMSAgNzUwMi80LzEgDQpmICA3NjA0LzEvMSAgNzYwNS8yLzEgIDc1MDQvMy8xICA3NTAzLzQvMSANCmYgIDc2MDUvMS8xICA3NjA2LzIvMSAgNzUwNS8zLzEgIDc1MDQvNC8xIA0KZiAgNzYwNi8xLzEgIDc2MDcvMi8xICA3NTA2LzMvMSAgNzUwNS80LzEgDQpmICA3NjA3LzEvMSAgNzYwOC8yLzEgIDc1MDcvMy8xICA3NTA2LzQvMSANCmYgIDc2MDgvMS8xICA3NjA5LzIvMSAgNzUwOC8zLzEgIDc1MDcvNC8xIA0KZiAgNzYwOS8xLzEgIDc2MTAvMi8xICA3NTA5LzMvMSAgNzUwOC80LzEgDQpmICA3NjEwLzEvMSAgNzYxMS8yLzEgIDc1MTAvMy8xICA3NTA5LzQvMSANCmYgIDc2MTEvMS8xICA3NjEyLzIvMSAgNzUxMS8zLzEgIDc1MTAvNC8xIA0KZiAgNzYxMi8xLzEgIDc2MTMvMi8xICA3NTEyLzMvMSAgNzUxMS80LzEgDQpmICA3NjEzLzEvMSAgNzYxNC8yLzEgIDc1MTMvMy8xICA3NTEyLzQvMSANCmYgIDc2MTQvMS8xICA3NjE1LzIvMSAgNzUxNC8zLzEgIDc1MTMvNC8xIA0KZiAgNzYxNS8xLzEgIDc2MTYvMi8xICA3NTE1LzMvMSAgNzUxNC80LzEgDQpmICA3NjE2LzEvMSAgNzYxNy8yLzEgIDc1MTYvMy8xICA3NTE1LzQvMSANCmYgIDc2MTcvMS8xICA3NjE4LzIvMSAgNzUxNy8zLzEgIDc1MTYvNC8xIA0KZiAgNzYxOC8xLzEgIDc2MTkvMi8xICA3NTE4LzMvMSAgNzUxNy80LzEgDQpmICA3NjE5LzEvMSAgNzYyMC8yLzEgIDc1MTkvMy8xICA3NTE4LzQvMSANCmYgIDc2MjAvMS8xICA3NjIxLzIvMSAgNzUyMC8zLzEgIDc1MTkvNC8xIA0KZiAgNzYyMS8xLzEgIDc2MjIvMi8xICA3NTIxLzMvMSAgNzUyMC80LzEgDQpmICA3NjIyLzEvMSAgNzYyMy8yLzEgIDc1MjIvMy8xICA3NTIxLzQvMSANCmYgIDc2MjMvMS8xICA3NjI0LzIvMSAgNzUyMy8zLzEgIDc1MjIvNC8xIA0KZiAgNzYyNC8xLzEgIDc2MjUvMi8xICA3NTI0LzMvMSAgNzUyMy80LzEgDQpmICA3NjI1LzEvMSAgNzYyNi8yLzEgIDc1MjUvMy8xICA3NTI0LzQvMSANCmYgIDc2MjYvMS8xICA3NjI3LzIvMSAgNzUyNi8zLzEgIDc1MjUvNC8xIA0KZiAgNzYyNy8xLzEgIDc2MjgvMi8xICA3NTI3LzMvMSAgNzUyNi80LzEgDQpmICA3NjI4LzEvMSAgNzYyOS8yLzEgIDc1MjgvMy8xICA3NTI3LzQvMSANCmYgIDc2MjkvMS8xICA3NjMwLzIvMSAgNzUyOS8zLzEgIDc1MjgvNC8xIA0KZiAgNzYzMC8xLzEgIDc2MzEvMi8xICA3NTMwLzMvMSAgNzUyOS80LzEgDQpmICA3NjMxLzEvMSAgNzYzMi8yLzEgIDc1MzEvMy8xICA3NTMwLzQvMSANCmYgIDc2MzIvMS8xICA3NjMzLzIvMSAgNzUzMi8zLzEgIDc1MzEvNC8xIA0KZiAgNzYzMy8xLzEgIDc2MzQvMi8xICA3NTMzLzMvMSAgNzUzMi80LzEgDQpmICA3NjM0LzEvMSAgNzYzNS8yLzEgIDc1MzQvMy8xICA3NTMzLzQvMSANCmYgIDc2MzUvMS8xICA3NjM2LzIvMSAgNzUzNS8zLzEgIDc1MzQvNC8xIA0KZiAgNzYzNi8xLzEgIDc2MzcvMi8xICA3NTM2LzMvMSAgNzUzNS80LzEgDQpmICA3NjM3LzEvMSAgNzYzOC8yLzEgIDc1MzcvMy8xICA3NTM2LzQvMSANCmYgIDc2MzgvMS8xICA3NjM5LzIvMSAgNzUzOC8zLzEgIDc1MzcvNC8xIA0KZiAgNzYzOS8xLzEgIDc2NDAvMi8xICA3NTM5LzMvMSAgNzUzOC80LzEgDQpmICA3NjQwLzEvMSAgNzY0MS8yLzEgIDc1NDAvMy8xICA3NTM5LzQvMSANCmYgIDc2NDEvMS8xICA3NjQyLzIvMSAgNzU0MS8zLzEgIDc1NDAvNC8xIA0KZiAgNzY0Mi8xLzEgIDc2NDMvMi8xICA3NTQyLzMvMSAgNzU0MS80LzEgDQpmICA3NjQzLzEvMSAgNzY0NC8yLzEgIDc1NDMvMy8xICA3NTQyLzQvMSANCmYgIDc2NDQvMS8xICA3NjQ1LzIvMSAgNzU0NC8zLzEgIDc1NDMvNC8xIA0KZiAgNzY0NS8xLzEgIDc2NDYvMi8xICA3NTQ1LzMvMSAgNzU0NC80LzEgDQpmICA3NjQ2LzEvMSAgNzY0Ny8yLzEgIDc1NDYvMy8xICA3NTQ1LzQvMSANCmYgIDc2NDcvMS8xICA3NjQ4LzIvMSAgNzU0Ny8zLzEgIDc1NDYvNC8xIA0KZiAgNzY0OC8xLzEgIDc2NDkvMi8xICA3NTQ4LzMvMSAgNzU0Ny80LzEgDQpmICA3NjQ5LzEvMSAgNzY1MC8yLzEgIDc1NDkvMy8xICA3NTQ4LzQvMSANCmYgIDc2NTAvMS8xICA3NjUxLzIvMSAgNzU1MC8zLzEgIDc1NDkvNC8xIA0KZiAgNzY1MS8xLzEgIDc2NTIvMi8xICA3NTUxLzMvMSAgNzU1MC80LzEgDQpmICA3NjUyLzEvMSAgNzY1My8yLzEgIDc1NTIvMy8xICA3NTUxLzQvMSANCmYgIDc2NTMvMS8xICA3NjU0LzIvMSAgNzU1My8zLzEgIDc1NTIvNC8xIA0KZiAgNzY1NC8xLzEgIDc2NTUvMi8xICA3NTU0LzMvMSAgNzU1My80LzEgDQpmICA3NjU1LzEvMSAgNzY1Ni8yLzEgIDc1NTUvMy8xICA3NTU0LzQvMSANCmYgIDc2NTYvMS8xICA3NjU3LzIvMSAgNzU1Ni8zLzEgIDc1NTUvNC8xIA0KZiAgNzY1Ny8xLzEgIDc2NTgvMi8xICA3NTU3LzMvMSAgNzU1Ni80LzEgDQpmICA3NjU4LzEvMSAgNzY1OS8yLzEgIDc1NTgvMy8xICA3NTU3LzQvMSANCmYgIDc2NTkvMS8xICA3NjYwLzIvMSAgNzU1OS8zLzEgIDc1NTgvNC8xIA0KZiAgNzY2MC8xLzEgIDc2NjEvMi8xICA3NTYwLzMvMSAgNzU1OS80LzEgDQpmICA3NjYxLzEvMSAgNzY2Mi8yLzEgIDc1NjEvMy8xICA3NTYwLzQvMSANCmYgIDc2NjIvMS8xICA3NjYzLzIvMSAgNzU2Mi8zLzEgIDc1NjEvNC8xIA0KZiAgNzY2My8xLzEgIDc2NjQvMi8xICA3NTYzLzMvMSAgNzU2Mi80LzEgDQpmICA3NjY0LzEvMSAgNzY2NS8yLzEgIDc1NjQvMy8xICA3NTYzLzQvMSANCmYgIDc2NjUvMS8xICA3NjY2LzIvMSAgNzU2NS8zLzEgIDc1NjQvNC8xIA0KZiAgNzY2Ni8xLzEgIDc2NjcvMi8xICA3NTY2LzMvMSAgNzU2NS80LzEgDQpmICA3NjY3LzEvMSAgNzY2OC8yLzEgIDc1NjcvMy8xICA3NTY2LzQvMSANCmYgIDc2NjgvMS8xICA3NjY5LzIvMSAgNzU2OC8zLzEgIDc1NjcvNC8xIA0KZiAgNzY2OS8xLzEgIDc2NzAvMi8xICA3NTY5LzMvMSAgNzU2OC80LzEgDQpmICA3NjcwLzEvMSAgNzY3MS8yLzEgIDc1NzAvMy8xICA3NTY5LzQvMSANCmYgIDc2NzEvMS8xICA3NjcyLzIvMSAgNzU3MS8zLzEgIDc1NzAvNC8xIA0KZiAgNzY3Mi8xLzEgIDc2NzMvMi8xICA3NTcyLzMvMSAgNzU3MS80LzEgDQpmICA3NjczLzEvMSAgNzY3NC8yLzEgIDc1NzMvMy8xICA3NTcyLzQvMSANCmYgIDc2NzQvMS8xICA3Njc1LzIvMSAgNzU3NC8zLzEgIDc1NzMvNC8xIA0KZiAgNzY3NS8xLzEgIDc2NzYvMi8xICA3NTc1LzMvMSAgNzU3NC80LzEgDQpmICA3Njc3LzEvMSAgNzY3OC8yLzEgIDc1NzcvMy8xICA3NTc2LzQvMSANCmYgIDc2NzgvMS8xICA3Njc5LzIvMSAgNzU3OC8zLzEgIDc1NzcvNC8xIA0KZiAgNzY3OS8xLzEgIDc2ODAvMi8xICA3NTc5LzMvMSAgNzU3OC80LzEgDQpmICA3NjgwLzEvMSAgNzY4MS8yLzEgIDc1ODAvMy8xICA3NTc5LzQvMSANCmYgIDc2ODEvMS8xICA3NjgyLzIvMSAgNzU4MS8zLzEgIDc1ODAvNC8xIA0KZiAgNzY4Mi8xLzEgIDc2ODMvMi8xICA3NTgyLzMvMSAgNzU4MS80LzEgDQpmICA3NjgzLzEvMSAgNzY4NC8yLzEgIDc1ODMvMy8xICA3NTgyLzQvMSANCmYgIDc2ODQvMS8xICA3Njg1LzIvMSAgNzU4NC8zLzEgIDc1ODMvNC8xIA0KZiAgNzY4NS8xLzEgIDc2ODYvMi8xICA3NTg1LzMvMSAgNzU4NC80LzEgDQpmICA3Njg2LzEvMSAgNzY4Ny8yLzEgIDc1ODYvMy8xICA3NTg1LzQvMSANCmYgIDc2ODcvMS8xICA3Njg4LzIvMSAgNzU4Ny8zLzEgIDc1ODYvNC8xIA0KZiAgNzY4OC8xLzEgIDc2ODkvMi8xICA3NTg4LzMvMSAgNzU4Ny80LzEgDQpmICA3Njg5LzEvMSAgNzY5MC8yLzEgIDc1ODkvMy8xICA3NTg4LzQvMSANCmYgIDc2OTAvMS8xICA3NjkxLzIvMSAgNzU5MC8zLzEgIDc1ODkvNC8xIA0KZiAgNzY5MS8xLzEgIDc2OTIvMi8xICA3NTkxLzMvMSAgNzU5MC80LzEgDQpmICA3NjkyLzEvMSAgNzY5My8yLzEgIDc1OTIvMy8xICA3NTkxLzQvMSANCmYgIDc2OTMvMS8xICA3Njk0LzIvMSAgNzU5My8zLzEgIDc1OTIvNC8xIA0KZiAgNzY5NC8xLzEgIDc2OTUvMi8xICA3NTk0LzMvMSAgNzU5My80LzEgDQpmICA3Njk1LzEvMSAgNzY5Ni8yLzEgIDc1OTUvMy8xICA3NTk0LzQvMSANCmYgIDc2OTYvMS8xICA3Njk3LzIvMSAgNzU5Ni8zLzEgIDc1OTUvNC8xIA0KZiAgNzY5Ny8xLzEgIDc2OTgvMi8xICA3NTk3LzMvMSAgNzU5Ni80LzEgDQpmICA3Njk4LzEvMSAgNzY5OS8yLzEgIDc1OTgvMy8xICA3NTk3LzQvMSANCmYgIDc2OTkvMS8xICA3NzAwLzIvMSAgNzU5OS8zLzEgIDc1OTgvNC8xIA0KZiAgNzcwMC8xLzEgIDc3MDEvMi8xICA3NjAwLzMvMSAgNzU5OS80LzEgDQpmICA3NzAxLzEvMSAgNzcwMi8yLzEgIDc2MDEvMy8xICA3NjAwLzQvMSANCmYgIDc3MDIvMS8xICA3NzAzLzIvMSAgNzYwMi8zLzEgIDc2MDEvNC8xIA0KZiAgNzcwMy8xLzEgIDc3MDQvMi8xICA3NjAzLzMvMSAgNzYwMi80LzEgDQpmICA3NzA0LzEvMSAgNzcwNS8yLzEgIDc2MDQvMy8xICA3NjAzLzQvMSANCmYgIDc3MDUvMS8xICA3NzA2LzIvMSAgNzYwNS8zLzEgIDc2MDQvNC8xIA0KZiAgNzcwNi8xLzEgIDc3MDcvMi8xICA3NjA2LzMvMSAgNzYwNS80LzEgDQpmICA3NzA3LzEvMSAgNzcwOC8yLzEgIDc2MDcvMy8xICA3NjA2LzQvMSANCmYgIDc3MDgvMS8xICA3NzA5LzIvMSAgNzYwOC8zLzEgIDc2MDcvNC8xIA0KZiAgNzcwOS8xLzEgIDc3MTAvMi8xICA3NjA5LzMvMSAgNzYwOC80LzEgDQpmICA3NzEwLzEvMSAgNzcxMS8yLzEgIDc2MTAvMy8xICA3NjA5LzQvMSANCmYgIDc3MTEvMS8xICA3NzEyLzIvMSAgNzYxMS8zLzEgIDc2MTAvNC8xIA0KZiAgNzcxMi8xLzEgIDc3MTMvMi8xICA3NjEyLzMvMSAgNzYxMS80LzEgDQpmICA3NzEzLzEvMSAgNzcxNC8yLzEgIDc2MTMvMy8xICA3NjEyLzQvMSANCmYgIDc3MTQvMS8xICA3NzE1LzIvMSAgNzYxNC8zLzEgIDc2MTMvNC8xIA0KZiAgNzcxNS8xLzEgIDc3MTYvMi8xICA3NjE1LzMvMSAgNzYxNC80LzEgDQpmICA3NzE2LzEvMSAgNzcxNy8yLzEgIDc2MTYvMy8xICA3NjE1LzQvMSANCmYgIDc3MTcvMS8xICA3NzE4LzIvMSAgNzYxNy8zLzEgIDc2MTYvNC8xIA0KZiAgNzcxOC8xLzEgIDc3MTkvMi8xICA3NjE4LzMvMSAgNzYxNy80LzEgDQpmICA3NzE5LzEvMSAgNzcyMC8yLzEgIDc2MTkvMy8xICA3NjE4LzQvMSANCmYgIDc3MjAvMS8xICA3NzIxLzIvMSAgNzYyMC8zLzEgIDc2MTkvNC8xIA0KZiAgNzcyMS8xLzEgIDc3MjIvMi8xICA3NjIxLzMvMSAgNzYyMC80LzEgDQpmICA3NzIyLzEvMSAgNzcyMy8yLzEgIDc2MjIvMy8xICA3NjIxLzQvMSANCmYgIDc3MjMvMS8xICA3NzI0LzIvMSAgNzYyMy8zLzEgIDc2MjIvNC8xIA0KZiAgNzcyNC8xLzEgIDc3MjUvMi8xICA3NjI0LzMvMSAgNzYyMy80LzEgDQpmICA3NzI1LzEvMSAgNzcyNi8yLzEgIDc2MjUvMy8xICA3NjI0LzQvMSANCmYgIDc3MjYvMS8xICA3NzI3LzIvMSAgNzYyNi8zLzEgIDc2MjUvNC8xIA0KZiAgNzcyNy8xLzEgIDc3MjgvMi8xICA3NjI3LzMvMSAgNzYyNi80LzEgDQpmICA3NzI4LzEvMSAgNzcyOS8yLzEgIDc2MjgvMy8xICA3NjI3LzQvMSANCmYgIDc3MjkvMS8xICA3NzMwLzIvMSAgNzYyOS8zLzEgIDc2MjgvNC8xIA0KZiAgNzczMC8xLzEgIDc3MzEvMi8xICA3NjMwLzMvMSAgNzYyOS80LzEgDQpmICA3NzMxLzEvMSAgNzczMi8yLzEgIDc2MzEvMy8xICA3NjMwLzQvMSANCmYgIDc3MzIvMS8xICA3NzMzLzIvMSAgNzYzMi8zLzEgIDc2MzEvNC8xIA0KZiAgNzczMy8xLzEgIDc3MzQvMi8xICA3NjMzLzMvMSAgNzYzMi80LzEgDQpmICA3NzM0LzEvMSAgNzczNS8yLzEgIDc2MzQvMy8xICA3NjMzLzQvMSANCmYgIDc3MzUvMS8xICA3NzM2LzIvMSAgNzYzNS8zLzEgIDc2MzQvNC8xIA0KZiAgNzczNi8xLzEgIDc3MzcvMi8xICA3NjM2LzMvMSAgNzYzNS80LzEgDQpmICA3NzM3LzEvMSAgNzczOC8yLzEgIDc2MzcvMy8xICA3NjM2LzQvMSANCmYgIDc3MzgvMS8xICA3NzM5LzIvMSAgNzYzOC8zLzEgIDc2MzcvNC8xIA0KZiAgNzczOS8xLzEgIDc3NDAvMi8xICA3NjM5LzMvMSAgNzYzOC80LzEgDQpmICA3NzQwLzEvMSAgNzc0MS8yLzEgIDc2NDAvMy8xICA3NjM5LzQvMSANCmYgIDc3NDEvMS8xICA3NzQyLzIvMSAgNzY0MS8zLzEgIDc2NDAvNC8xIA0KZiAgNzc0Mi8xLzEgIDc3NDMvMi8xICA3NjQyLzMvMSAgNzY0MS80LzEgDQpmICA3NzQzLzEvMSAgNzc0NC8yLzEgIDc2NDMvMy8xICA3NjQyLzQvMSANCmYgIDc3NDQvMS8xICA3NzQ1LzIvMSAgNzY0NC8zLzEgIDc2NDMvNC8xIA0KZiAgNzc0NS8xLzEgIDc3NDYvMi8xICA3NjQ1LzMvMSAgNzY0NC80LzEgDQpmICA3NzQ2LzEvMSAgNzc0Ny8yLzEgIDc2NDYvMy8xICA3NjQ1LzQvMSANCmYgIDc3NDcvMS8xICA3NzQ4LzIvMSAgNzY0Ny8zLzEgIDc2NDYvNC8xIA0KZiAgNzc0OC8xLzEgIDc3NDkvMi8xICA3NjQ4LzMvMSAgNzY0Ny80LzEgDQpmICA3NzQ5LzEvMSAgNzc1MC8yLzEgIDc2NDkvMy8xICA3NjQ4LzQvMSANCmYgIDc3NTAvMS8xICA3NzUxLzIvMSAgNzY1MC8zLzEgIDc2NDkvNC8xIA0KZiAgNzc1MS8xLzEgIDc3NTIvMi8xICA3NjUxLzMvMSAgNzY1MC80LzEgDQpmICA3NzUyLzEvMSAgNzc1My8yLzEgIDc2NTIvMy8xICA3NjUxLzQvMSANCmYgIDc3NTMvMS8xICA3NzU0LzIvMSAgNzY1My8zLzEgIDc2NTIvNC8xIA0KZiAgNzc1NC8xLzEgIDc3NTUvMi8xICA3NjU0LzMvMSAgNzY1My80LzEgDQpmICA3NzU1LzEvMSAgNzc1Ni8yLzEgIDc2NTUvMy8xICA3NjU0LzQvMSANCmYgIDc3NTYvMS8xICA3NzU3LzIvMSAgNzY1Ni8zLzEgIDc2NTUvNC8xIA0KZiAgNzc1Ny8xLzEgIDc3NTgvMi8xICA3NjU3LzMvMSAgNzY1Ni80LzEgDQpmICA3NzU4LzEvMSAgNzc1OS8yLzEgIDc2NTgvMy8xICA3NjU3LzQvMSANCmYgIDc3NTkvMS8xICA3NzYwLzIvMSAgNzY1OS8zLzEgIDc2NTgvNC8xIA0KZiAgNzc2MC8xLzEgIDc3NjEvMi8xICA3NjYwLzMvMSAgNzY1OS80LzEgDQpmICA3NzYxLzEvMSAgNzc2Mi8yLzEgIDc2NjEvMy8xICA3NjYwLzQvMSANCmYgIDc3NjIvMS8xICA3NzYzLzIvMSAgNzY2Mi8zLzEgIDc2NjEvNC8xIA0KZiAgNzc2My8xLzEgIDc3NjQvMi8xICA3NjYzLzMvMSAgNzY2Mi80LzEgDQpmICA3NzY0LzEvMSAgNzc2NS8yLzEgIDc2NjQvMy8xICA3NjYzLzQvMSANCmYgIDc3NjUvMS8xICA3NzY2LzIvMSAgNzY2NS8zLzEgIDc2NjQvNC8xIA0KZiAgNzc2Ni8xLzEgIDc3NjcvMi8xICA3NjY2LzMvMSAgNzY2NS80LzEgDQpmICA3NzY3LzEvMSAgNzc2OC8yLzEgIDc2NjcvMy8xICA3NjY2LzQvMSANCmYgIDc3NjgvMS8xICA3NzY5LzIvMSAgNzY2OC8zLzEgIDc2NjcvNC8xIA0KZiAgNzc2OS8xLzEgIDc3NzAvMi8xICA3NjY5LzMvMSAgNzY2OC80LzEgDQpmICA3NzcwLzEvMSAgNzc3MS8yLzEgIDc2NzAvMy8xICA3NjY5LzQvMSANCmYgIDc3NzEvMS8xICA3NzcyLzIvMSAgNzY3MS8zLzEgIDc2NzAvNC8xIA0KZiAgNzc3Mi8xLzEgIDc3NzMvMi8xICA3NjcyLzMvMSAgNzY3MS80LzEgDQpmICA3NzczLzEvMSAgNzc3NC8yLzEgIDc2NzMvMy8xICA3NjcyLzQvMSANCmYgIDc3NzQvMS8xICA3Nzc1LzIvMSAgNzY3NC8zLzEgIDc2NzMvNC8xIA0KZiAgNzc3NS8xLzEgIDc3NzYvMi8xICA3Njc1LzMvMSAgNzY3NC80LzEgDQpmICA3Nzc2LzEvMSAgNzc3Ny8yLzEgIDc2NzYvMy8xICA3Njc1LzQvMSANCmYgIDc3NzgvMS8xICA3Nzc5LzIvMSAgNzY3OC8zLzEgIDc2NzcvNC8xIA0KZiAgNzc3OS8xLzEgIDc3ODAvMi8xICA3Njc5LzMvMSAgNzY3OC80LzEgDQpmICA3NzgwLzEvMSAgNzc4MS8yLzEgIDc2ODAvMy8xICA3Njc5LzQvMSANCmYgIDc3ODEvMS8xICA3NzgyLzIvMSAgNzY4MS8zLzEgIDc2ODAvNC8xIA0KZiAgNzc4Mi8xLzEgIDc3ODMvMi8xICA3NjgyLzMvMSAgNzY4MS80LzEgDQpmICA3NzgzLzEvMSAgNzc4NC8yLzEgIDc2ODMvMy8xICA3NjgyLzQvMSANCmYgIDc3ODQvMS8xICA3Nzg1LzIvMSAgNzY4NC8zLzEgIDc2ODMvNC8xIA0KZiAgNzc4NS8xLzEgIDc3ODYvMi8xICA3Njg1LzMvMSAgNzY4NC80LzEgDQpmICA3Nzg2LzEvMSAgNzc4Ny8yLzEgIDc2ODYvMy8xICA3Njg1LzQvMSANCmYgIDc3ODcvMS8xICA3Nzg4LzIvMSAgNzY4Ny8zLzEgIDc2ODYvNC8xIA0KZiAgNzc4OC8xLzEgIDc3ODkvMi8xICA3Njg4LzMvMSAgNzY4Ny80LzEgDQpmICA3Nzg5LzEvMSAgNzc5MC8yLzEgIDc2ODkvMy8xICA3Njg4LzQvMSANCmYgIDc3OTAvMS8xICA3NzkxLzIvMSAgNzY5MC8zLzEgIDc2ODkvNC8xIA0KZiAgNzc5MS8xLzEgIDc3OTIvMi8xICA3NjkxLzMvMSAgNzY5MC80LzEgDQpmICA3NzkyLzEvMSAgNzc5My8yLzEgIDc2OTIvMy8xICA3NjkxLzQvMSANCmYgIDc3OTMvMS8xICA3Nzk0LzIvMSAgNzY5My8zLzEgIDc2OTIvNC8xIA0KZiAgNzc5NC8xLzEgIDc3OTUvMi8xICA3Njk0LzMvMSAgNzY5My80LzEgDQpmICA3Nzk1LzEvMSAgNzc5Ni8yLzEgIDc2OTUvMy8xICA3Njk0LzQvMSANCmYgIDc3OTYvMS8xICA3Nzk3LzIvMSAgNzY5Ni8zLzEgIDc2OTUvNC8xIA0KZiAgNzc5Ny8xLzEgIDc3OTgvMi8xICA3Njk3LzMvMSAgNzY5Ni80LzEgDQpmICA3Nzk4LzEvMSAgNzc5OS8yLzEgIDc2OTgvMy8xICA3Njk3LzQvMSANCmYgIDc3OTkvMS8xICA3ODAwLzIvMSAgNzY5OS8zLzEgIDc2OTgvNC8xIA0KZiAgNzgwMC8xLzEgIDc4MDEvMi8xICA3NzAwLzMvMSAgNzY5OS80LzEgDQpmICA3ODAxLzEvMSAgNzgwMi8yLzEgIDc3MDEvMy8xICA3NzAwLzQvMSANCmYgIDc4MDIvMS8xICA3ODAzLzIvMSAgNzcwMi8zLzEgIDc3MDEvNC8xIA0KZiAgNzgwMy8xLzEgIDc4MDQvMi8xICA3NzAzLzMvMSAgNzcwMi80LzEgDQpmICA3ODA0LzEvMSAgNzgwNS8yLzEgIDc3MDQvMy8xICA3NzAzLzQvMSANCmYgIDc4MDUvMS8xICA3ODA2LzIvMSAgNzcwNS8zLzEgIDc3MDQvNC8xIA0KZiAgNzgwNi8xLzEgIDc4MDcvMi8xICA3NzA2LzMvMSAgNzcwNS80LzEgDQpmICA3ODA3LzEvMSAgNzgwOC8yLzEgIDc3MDcvMy8xICA3NzA2LzQvMSANCmYgIDc4MDgvMS8xICA3ODA5LzIvMSAgNzcwOC8zLzEgIDc3MDcvNC8xIA0KZiAgNzgwOS8xLzEgIDc4MTAvMi8xICA3NzA5LzMvMSAgNzcwOC80LzEgDQpmICA3ODEwLzEvMSAgNzgxMS8yLzEgIDc3MTAvMy8xICA3NzA5LzQvMSANCmYgIDc4MTEvMS8xICA3ODEyLzIvMSAgNzcxMS8zLzEgIDc3MTAvNC8xIA0KZiAgNzgxMi8xLzEgIDc4MTMvMi8xICA3NzEyLzMvMSAgNzcxMS80LzEgDQpmICA3ODEzLzEvMSAgNzgxNC8yLzEgIDc3MTMvMy8xICA3NzEyLzQvMSANCmYgIDc4MTQvMS8xICA3ODE1LzIvMSAgNzcxNC8zLzEgIDc3MTMvNC8xIA0KZiAgNzgxNS8xLzEgIDc4MTYvMi8xICA3NzE1LzMvMSAgNzcxNC80LzEgDQpmICA3ODE2LzEvMSAgNzgxNy8yLzEgIDc3MTYvMy8xICA3NzE1LzQvMSANCmYgIDc4MTcvMS8xICA3ODE4LzIvMSAgNzcxNy8zLzEgIDc3MTYvNC8xIA0KZiAgNzgxOC8xLzEgIDc4MTkvMi8xICA3NzE4LzMvMSAgNzcxNy80LzEgDQpmICA3ODE5LzEvMSAgNzgyMC8yLzEgIDc3MTkvMy8xICA3NzE4LzQvMSANCmYgIDc4MjAvMS8xICA3ODIxLzIvMSAgNzcyMC8zLzEgIDc3MTkvNC8xIA0KZiAgNzgyMS8xLzEgIDc4MjIvMi8xICA3NzIxLzMvMSAgNzcyMC80LzEgDQpmICA3ODIyLzEvMSAgNzgyMy8yLzEgIDc3MjIvMy8xICA3NzIxLzQvMSANCmYgIDc4MjMvMS8xICA3ODI0LzIvMSAgNzcyMy8zLzEgIDc3MjIvNC8xIA0KZiAgNzgyNC8xLzEgIDc4MjUvMi8xICA3NzI0LzMvMSAgNzcyMy80LzEgDQpmICA3ODI1LzEvMSAgNzgyNi8yLzEgIDc3MjUvMy8xICA3NzI0LzQvMSANCmYgIDc4MjYvMS8xICA3ODI3LzIvMSAgNzcyNi8zLzEgIDc3MjUvNC8xIA0KZiAgNzgyNy8xLzEgIDc4MjgvMi8xICA3NzI3LzMvMSAgNzcyNi80LzEgDQpmICA3ODI4LzEvMSAgNzgyOS8yLzEgIDc3MjgvMy8xICA3NzI3LzQvMSANCmYgIDc4MjkvMS8xICA3ODMwLzIvMSAgNzcyOS8zLzEgIDc3MjgvNC8xIA0KZiAgNzgzMC8xLzEgIDc4MzEvMi8xICA3NzMwLzMvMSAgNzcyOS80LzEgDQpmICA3ODMxLzEvMSAgNzgzMi8yLzEgIDc3MzEvMy8xICA3NzMwLzQvMSANCmYgIDc4MzIvMS8xICA3ODMzLzIvMSAgNzczMi8zLzEgIDc3MzEvNC8xIA0KZiAgNzgzMy8xLzEgIDc4MzQvMi8xICA3NzMzLzMvMSAgNzczMi80LzEgDQpmICA3ODM0LzEvMSAgNzgzNS8yLzEgIDc3MzQvMy8xICA3NzMzLzQvMSANCmYgIDc4MzUvMS8xICA3ODM2LzIvMSAgNzczNS8zLzEgIDc3MzQvNC8xIA0KZiAgNzgzNi8xLzEgIDc4MzcvMi8xICA3NzM2LzMvMSAgNzczNS80LzEgDQpmICA3ODM3LzEvMSAgNzgzOC8yLzEgIDc3MzcvMy8xICA3NzM2LzQvMSANCmYgIDc4MzgvMS8xICA3ODM5LzIvMSAgNzczOC8zLzEgIDc3MzcvNC8xIA0KZiAgNzgzOS8xLzEgIDc4NDAvMi8xICA3NzM5LzMvMSAgNzczOC80LzEgDQpmICA3ODQwLzEvMSAgNzg0MS8yLzEgIDc3NDAvMy8xICA3NzM5LzQvMSANCmYgIDc4NDEvMS8xICA3ODQyLzIvMSAgNzc0MS8zLzEgIDc3NDAvNC8xIA0KZiAgNzg0Mi8xLzEgIDc4NDMvMi8xICA3NzQyLzMvMSAgNzc0MS80LzEgDQpmICA3ODQzLzEvMSAgNzg0NC8yLzEgIDc3NDMvMy8xICA3NzQyLzQvMSANCmYgIDc4NDQvMS8xICA3ODQ1LzIvMSAgNzc0NC8zLzEgIDc3NDMvNC8xIA0KZiAgNzg0NS8xLzEgIDc4NDYvMi8xICA3NzQ1LzMvMSAgNzc0NC80LzEgDQpmICA3ODQ2LzEvMSAgNzg0Ny8yLzEgIDc3NDYvMy8xICA3NzQ1LzQvMSANCmYgIDc4NDcvMS8xICA3ODQ4LzIvMSAgNzc0Ny8zLzEgIDc3NDYvNC8xIA0KZiAgNzg0OC8xLzEgIDc4NDkvMi8xICA3NzQ4LzMvMSAgNzc0Ny80LzEgDQpmICA3ODQ5LzEvMSAgNzg1MC8yLzEgIDc3NDkvMy8xICA3NzQ4LzQvMSANCmYgIDc4NTAvMS8xICA3ODUxLzIvMSAgNzc1MC8zLzEgIDc3NDkvNC8xIA0KZiAgNzg1MS8xLzEgIDc4NTIvMi8xICA3NzUxLzMvMSAgNzc1MC80LzEgDQpmICA3ODUyLzEvMSAgNzg1My8yLzEgIDc3NTIvMy8xICA3NzUxLzQvMSANCmYgIDc4NTMvMS8xICA3ODU0LzIvMSAgNzc1My8zLzEgIDc3NTIvNC8xIA0KZiAgNzg1NC8xLzEgIDc4NTUvMi8xICA3NzU0LzMvMSAgNzc1My80LzEgDQpmICA3ODU1LzEvMSAgNzg1Ni8yLzEgIDc3NTUvMy8xICA3NzU0LzQvMSANCmYgIDc4NTYvMS8xICA3ODU3LzIvMSAgNzc1Ni8zLzEgIDc3NTUvNC8xIA0KZiAgNzg1Ny8xLzEgIDc4NTgvMi8xICA3NzU3LzMvMSAgNzc1Ni80LzEgDQpmICA3ODU4LzEvMSAgNzg1OS8yLzEgIDc3NTgvMy8xICA3NzU3LzQvMSANCmYgIDc4NTkvMS8xICA3ODYwLzIvMSAgNzc1OS8zLzEgIDc3NTgvNC8xIA0KZiAgNzg2MC8xLzEgIDc4NjEvMi8xICA3NzYwLzMvMSAgNzc1OS80LzEgDQpmICA3ODYxLzEvMSAgNzg2Mi8yLzEgIDc3NjEvMy8xICA3NzYwLzQvMSANCmYgIDc4NjIvMS8xICA3ODYzLzIvMSAgNzc2Mi8zLzEgIDc3NjEvNC8xIA0KZiAgNzg2My8xLzEgIDc4NjQvMi8xICA3NzYzLzMvMSAgNzc2Mi80LzEgDQpmICA3ODY0LzEvMSAgNzg2NS8yLzEgIDc3NjQvMy8xICA3NzYzLzQvMSANCmYgIDc4NjUvMS8xICA3ODY2LzIvMSAgNzc2NS8zLzEgIDc3NjQvNC8xIA0KZiAgNzg2Ni8xLzEgIDc4NjcvMi8xICA3NzY2LzMvMSAgNzc2NS80LzEgDQpmICA3ODY3LzEvMSAgNzg2OC8yLzEgIDc3NjcvMy8xICA3NzY2LzQvMSANCmYgIDc4NjgvMS8xICA3ODY5LzIvMSAgNzc2OC8zLzEgIDc3NjcvNC8xIA0KZiAgNzg2OS8xLzEgIDc4NzAvMi8xICA3NzY5LzMvMSAgNzc2OC80LzEgDQpmICA3ODcwLzEvMSAgNzg3MS8yLzEgIDc3NzAvMy8xICA3NzY5LzQvMSANCmYgIDc4NzEvMS8xICA3ODcyLzIvMSAgNzc3MS8zLzEgIDc3NzAvNC8xIA0KZiAgNzg3Mi8xLzEgIDc4NzMvMi8xICA3NzcyLzMvMSAgNzc3MS80LzEgDQpmICA3ODczLzEvMSAgNzg3NC8yLzEgIDc3NzMvMy8xICA3NzcyLzQvMSANCmYgIDc4NzQvMS8xICA3ODc1LzIvMSAgNzc3NC8zLzEgIDc3NzMvNC8xIA0KZiAgNzg3NS8xLzEgIDc4NzYvMi8xICA3Nzc1LzMvMSAgNzc3NC80LzEgDQpmICA3ODc2LzEvMSAgNzg3Ny8yLzEgIDc3NzYvMy8xICA3Nzc1LzQvMSANCmYgIDc4NzcvMS8xICA3ODc4LzIvMSAgNzc3Ny8zLzEgIDc3NzYvNC8xIA0KZiAgNzg3OS8xLzEgIDc4ODAvMi8xICA3Nzc5LzMvMSAgNzc3OC80LzEgDQpmICA3ODgwLzEvMSAgNzg4MS8yLzEgIDc3ODAvMy8xICA3Nzc5LzQvMSANCmYgIDc4ODEvMS8xICA3ODgyLzIvMSAgNzc4MS8zLzEgIDc3ODAvNC8xIA0KZiAgNzg4Mi8xLzEgIDc4ODMvMi8xICA3NzgyLzMvMSAgNzc4MS80LzEgDQpmICA3ODgzLzEvMSAgNzg4NC8yLzEgIDc3ODMvMy8xICA3NzgyLzQvMSANCmYgIDc4ODQvMS8xICA3ODg1LzIvMSAgNzc4NC8zLzEgIDc3ODMvNC8xIA0KZiAgNzg4NS8xLzEgIDc4ODYvMi8xICA3Nzg1LzMvMSAgNzc4NC80LzEgDQpmICA3ODg2LzEvMSAgNzg4Ny8yLzEgIDc3ODYvMy8xICA3Nzg1LzQvMSANCmYgIDc4ODcvMS8xICA3ODg4LzIvMSAgNzc4Ny8zLzEgIDc3ODYvNC8xIA0KZiAgNzg4OC8xLzEgIDc4ODkvMi8xICA3Nzg4LzMvMSAgNzc4Ny80LzEgDQpmICA3ODg5LzEvMSAgNzg5MC8yLzEgIDc3ODkvMy8xICA3Nzg4LzQvMSANCmYgIDc4OTAvMS8xICA3ODkxLzIvMSAgNzc5MC8zLzEgIDc3ODkvNC8xIA0KZiAgNzg5MS8xLzEgIDc4OTIvMi8xICA3NzkxLzMvMSAgNzc5MC80LzEgDQpmICA3ODkyLzEvMSAgNzg5My8yLzEgIDc3OTIvMy8xICA3NzkxLzQvMSANCmYgIDc4OTMvMS8xICA3ODk0LzIvMSAgNzc5My8zLzEgIDc3OTIvNC8xIA0KZiAgNzg5NC8xLzEgIDc4OTUvMi8xICA3Nzk0LzMvMSAgNzc5My80LzEgDQpmICA3ODk1LzEvMSAgNzg5Ni8yLzEgIDc3OTUvMy8xICA3Nzk0LzQvMSANCmYgIDc4OTYvMS8xICA3ODk3LzIvMSAgNzc5Ni8zLzEgIDc3OTUvNC8xIA0KZiAgNzg5Ny8xLzEgIDc4OTgvMi8xICA3Nzk3LzMvMSAgNzc5Ni80LzEgDQpmICA3ODk4LzEvMSAgNzg5OS8yLzEgIDc3OTgvMy8xICA3Nzk3LzQvMSANCmYgIDc4OTkvMS8xICA3OTAwLzIvMSAgNzc5OS8zLzEgIDc3OTgvNC8xIA0KZiAgNzkwMC8xLzEgIDc5MDEvMi8xICA3ODAwLzMvMSAgNzc5OS80LzEgDQpmICA3OTAxLzEvMSAgNzkwMi8yLzEgIDc4MDEvMy8xICA3ODAwLzQvMSANCmYgIDc5MDIvMS8xICA3OTAzLzIvMSAgNzgwMi8zLzEgIDc4MDEvNC8xIA0KZiAgNzkwMy8xLzEgIDc5MDQvMi8xICA3ODAzLzMvMSAgNzgwMi80LzEgDQpmICA3OTA0LzEvMSAgNzkwNS8yLzEgIDc4MDQvMy8xICA3ODAzLzQvMSANCmYgIDc5MDUvMS8xICA3OTA2LzIvMSAgNzgwNS8zLzEgIDc4MDQvNC8xIA0KZiAgNzkwNi8xLzEgIDc5MDcvMi8xICA3ODA2LzMvMSAgNzgwNS80LzEgDQpmICA3OTA3LzEvMSAgNzkwOC8yLzEgIDc4MDcvMy8xICA3ODA2LzQvMSANCmYgIDc5MDgvMS8xICA3OTA5LzIvMSAgNzgwOC8zLzEgIDc4MDcvNC8xIA0KZiAgNzkwOS8xLzEgIDc5MTAvMi8xICA3ODA5LzMvMSAgNzgwOC80LzEgDQpmICA3OTEwLzEvMSAgNzkxMS8yLzEgIDc4MTAvMy8xICA3ODA5LzQvMSANCmYgIDc5MTEvMS8xICA3OTEyLzIvMSAgNzgxMS8zLzEgIDc4MTAvNC8xIA0KZiAgNzkxMi8xLzEgIDc5MTMvMi8xICA3ODEyLzMvMSAgNzgxMS80LzEgDQpmICA3OTEzLzEvMSAgNzkxNC8yLzEgIDc4MTMvMy8xICA3ODEyLzQvMSANCmYgIDc5MTQvMS8xICA3OTE1LzIvMSAgNzgxNC8zLzEgIDc4MTMvNC8xIA0KZiAgNzkxNS8xLzEgIDc5MTYvMi8xICA3ODE1LzMvMSAgNzgxNC80LzEgDQpmICA3OTE2LzEvMSAgNzkxNy8yLzEgIDc4MTYvMy8xICA3ODE1LzQvMSANCmYgIDc5MTcvMS8xICA3OTE4LzIvMSAgNzgxNy8zLzEgIDc4MTYvNC8xIA0KZiAgNzkxOC8xLzEgIDc5MTkvMi8xICA3ODE4LzMvMSAgNzgxNy80LzEgDQpmICA3OTE5LzEvMSAgNzkyMC8yLzEgIDc4MTkvMy8xICA3ODE4LzQvMSANCmYgIDc5MjAvMS8xICA3OTIxLzIvMSAgNzgyMC8zLzEgIDc4MTkvNC8xIA0KZiAgNzkyMS8xLzEgIDc5MjIvMi8xICA3ODIxLzMvMSAgNzgyMC80LzEgDQpmICA3OTIyLzEvMSAgNzkyMy8yLzEgIDc4MjIvMy8xICA3ODIxLzQvMSANCmYgIDc5MjMvMS8xICA3OTI0LzIvMSAgNzgyMy8zLzEgIDc4MjIvNC8xIA0KZiAgNzkyNC8xLzEgIDc5MjUvMi8xICA3ODI0LzMvMSAgNzgyMy80LzEgDQpmICA3OTI1LzEvMSAgNzkyNi8yLzEgIDc4MjUvMy8xICA3ODI0LzQvMSANCmYgIDc5MjYvMS8xICA3OTI3LzIvMSAgNzgyNi8zLzEgIDc4MjUvNC8xIA0KZiAgNzkyNy8xLzEgIDc5MjgvMi8xICA3ODI3LzMvMSAgNzgyNi80LzEgDQpmICA3OTI4LzEvMSAgNzkyOS8yLzEgIDc4MjgvMy8xICA3ODI3LzQvMSANCmYgIDc5MjkvMS8xICA3OTMwLzIvMSAgNzgyOS8zLzEgIDc4MjgvNC8xIA0KZiAgNzkzMC8xLzEgIDc5MzEvMi8xICA3ODMwLzMvMSAgNzgyOS80LzEgDQpmICA3OTMxLzEvMSAgNzkzMi8yLzEgIDc4MzEvMy8xICA3ODMwLzQvMSANCmYgIDc5MzIvMS8xICA3OTMzLzIvMSAgNzgzMi8zLzEgIDc4MzEvNC8xIA0KZiAgNzkzMy8xLzEgIDc5MzQvMi8xICA3ODMzLzMvMSAgNzgzMi80LzEgDQpmICA3OTM0LzEvMSAgNzkzNS8yLzEgIDc4MzQvMy8xICA3ODMzLzQvMSANCmYgIDc5MzUvMS8xICA3OTM2LzIvMSAgNzgzNS8zLzEgIDc4MzQvNC8xIA0KZiAgNzkzNi8xLzEgIDc5MzcvMi8xICA3ODM2LzMvMSAgNzgzNS80LzEgDQpmICA3OTM3LzEvMSAgNzkzOC8yLzEgIDc4MzcvMy8xICA3ODM2LzQvMSANCmYgIDc5MzgvMS8xICA3OTM5LzIvMSAgNzgzOC8zLzEgIDc4MzcvNC8xIA0KZiAgNzkzOS8xLzEgIDc5NDAvMi8xICA3ODM5LzMvMSAgNzgzOC80LzEgDQpmICA3OTQwLzEvMSAgNzk0MS8yLzEgIDc4NDAvMy8xICA3ODM5LzQvMSANCmYgIDc5NDEvMS8xICA3OTQyLzIvMSAgNzg0MS8zLzEgIDc4NDAvNC8xIA0KZiAgNzk0Mi8xLzEgIDc5NDMvMi8xICA3ODQyLzMvMSAgNzg0MS80LzEgDQpmICA3OTQzLzEvMSAgNzk0NC8yLzEgIDc4NDMvMy8xICA3ODQyLzQvMSANCmYgIDc5NDQvMS8xICA3OTQ1LzIvMSAgNzg0NC8zLzEgIDc4NDMvNC8xIA0KZiAgNzk0NS8xLzEgIDc5NDYvMi8xICA3ODQ1LzMvMSAgNzg0NC80LzEgDQpmICA3OTQ2LzEvMSAgNzk0Ny8yLzEgIDc4NDYvMy8xICA3ODQ1LzQvMSANCmYgIDc5NDcvMS8xICA3OTQ4LzIvMSAgNzg0Ny8zLzEgIDc4NDYvNC8xIA0KZiAgNzk0OC8xLzEgIDc5NDkvMi8xICA3ODQ4LzMvMSAgNzg0Ny80LzEgDQpmICA3OTQ5LzEvMSAgNzk1MC8yLzEgIDc4NDkvMy8xICA3ODQ4LzQvMSANCmYgIDc5NTAvMS8xICA3OTUxLzIvMSAgNzg1MC8zLzEgIDc4NDkvNC8xIA0KZiAgNzk1MS8xLzEgIDc5NTIvMi8xICA3ODUxLzMvMSAgNzg1MC80LzEgDQpmICA3OTUyLzEvMSAgNzk1My8yLzEgIDc4NTIvMy8xICA3ODUxLzQvMSANCmYgIDc5NTMvMS8xICA3OTU0LzIvMSAgNzg1My8zLzEgIDc4NTIvNC8xIA0KZiAgNzk1NC8xLzEgIDc5NTUvMi8xICA3ODU0LzMvMSAgNzg1My80LzEgDQpmICA3OTU1LzEvMSAgNzk1Ni8yLzEgIDc4NTUvMy8xICA3ODU0LzQvMSANCmYgIDc5NTYvMS8xICA3OTU3LzIvMSAgNzg1Ni8zLzEgIDc4NTUvNC8xIA0KZiAgNzk1Ny8xLzEgIDc5NTgvMi8xICA3ODU3LzMvMSAgNzg1Ni80LzEgDQpmICA3OTU4LzEvMSAgNzk1OS8yLzEgIDc4NTgvMy8xICA3ODU3LzQvMSANCmYgIDc5NTkvMS8xICA3OTYwLzIvMSAgNzg1OS8zLzEgIDc4NTgvNC8xIA0KZiAgNzk2MC8xLzEgIDc5NjEvMi8xICA3ODYwLzMvMSAgNzg1OS80LzEgDQpmICA3OTYxLzEvMSAgNzk2Mi8yLzEgIDc4NjEvMy8xICA3ODYwLzQvMSANCmYgIDc5NjIvMS8xICA3OTYzLzIvMSAgNzg2Mi8zLzEgIDc4NjEvNC8xIA0KZiAgNzk2My8xLzEgIDc5NjQvMi8xICA3ODYzLzMvMSAgNzg2Mi80LzEgDQpmICA3OTY0LzEvMSAgNzk2NS8yLzEgIDc4NjQvMy8xICA3ODYzLzQvMSANCmYgIDc5NjUvMS8xICA3OTY2LzIvMSAgNzg2NS8zLzEgIDc4NjQvNC8xIA0KZiAgNzk2Ni8xLzEgIDc5NjcvMi8xICA3ODY2LzMvMSAgNzg2NS80LzEgDQpmICA3OTY3LzEvMSAgNzk2OC8yLzEgIDc4NjcvMy8xICA3ODY2LzQvMSANCmYgIDc5NjgvMS8xICA3OTY5LzIvMSAgNzg2OC8zLzEgIDc4NjcvNC8xIA0KZiAgNzk2OS8xLzEgIDc5NzAvMi8xICA3ODY5LzMvMSAgNzg2OC80LzEgDQpmICA3OTcwLzEvMSAgNzk3MS8yLzEgIDc4NzAvMy8xICA3ODY5LzQvMSANCmYgIDc5NzEvMS8xICA3OTcyLzIvMSAgNzg3MS8zLzEgIDc4NzAvNC8xIA0KZiAgNzk3Mi8xLzEgIDc5NzMvMi8xICA3ODcyLzMvMSAgNzg3MS80LzEgDQpmICA3OTczLzEvMSAgNzk3NC8yLzEgIDc4NzMvMy8xICA3ODcyLzQvMSANCmYgIDc5NzQvMS8xICA3OTc1LzIvMSAgNzg3NC8zLzEgIDc4NzMvNC8xIA0KZiAgNzk3NS8xLzEgIDc5NzYvMi8xICA3ODc1LzMvMSAgNzg3NC80LzEgDQpmICA3OTc2LzEvMSAgNzk3Ny8yLzEgIDc4NzYvMy8xICA3ODc1LzQvMSANCmYgIDc5NzcvMS8xICA3OTc4LzIvMSAgNzg3Ny8zLzEgIDc4NzYvNC8xIA0KZiAgNzk3OC8xLzEgIDc5NzkvMi8xICA3ODc4LzMvMSAgNzg3Ny80LzEgDQpmICA3OTgwLzEvMSAgNzk4MS8yLzEgIDc4ODAvMy8xICA3ODc5LzQvMSANCmYgIDc5ODEvMS8xICA3OTgyLzIvMSAgNzg4MS8zLzEgIDc4ODAvNC8xIA0KZiAgNzk4Mi8xLzEgIDc5ODMvMi8xICA3ODgyLzMvMSAgNzg4MS80LzEgDQpmICA3OTgzLzEvMSAgNzk4NC8yLzEgIDc4ODMvMy8xICA3ODgyLzQvMSANCmYgIDc5ODQvMS8xICA3OTg1LzIvMSAgNzg4NC8zLzEgIDc4ODMvNC8xIA0KZiAgNzk4NS8xLzEgIDc5ODYvMi8xICA3ODg1LzMvMSAgNzg4NC80LzEgDQpmICA3OTg2LzEvMSAgNzk4Ny8yLzEgIDc4ODYvMy8xICA3ODg1LzQvMSANCmYgIDc5ODcvMS8xICA3OTg4LzIvMSAgNzg4Ny8zLzEgIDc4ODYvNC8xIA0KZiAgNzk4OC8xLzEgIDc5ODkvMi8xICA3ODg4LzMvMSAgNzg4Ny80LzEgDQpmICA3OTg5LzEvMSAgNzk5MC8yLzEgIDc4ODkvMy8xICA3ODg4LzQvMSANCmYgIDc5OTAvMS8xICA3OTkxLzIvMSAgNzg5MC8zLzEgIDc4ODkvNC8xIA0KZiAgNzk5MS8xLzEgIDc5OTIvMi8xICA3ODkxLzMvMSAgNzg5MC80LzEgDQpmICA3OTkyLzEvMSAgNzk5My8yLzEgIDc4OTIvMy8xICA3ODkxLzQvMSANCmYgIDc5OTMvMS8xICA3OTk0LzIvMSAgNzg5My8zLzEgIDc4OTIvNC8xIA0KZiAgNzk5NC8xLzEgIDc5OTUvMi8xICA3ODk0LzMvMSAgNzg5My80LzEgDQpmICA3OTk1LzEvMSAgNzk5Ni8yLzEgIDc4OTUvMy8xICA3ODk0LzQvMSANCmYgIDc5OTYvMS8xICA3OTk3LzIvMSAgNzg5Ni8zLzEgIDc4OTUvNC8xIA0KZiAgNzk5Ny8xLzEgIDc5OTgvMi8xICA3ODk3LzMvMSAgNzg5Ni80LzEgDQpmICA3OTk4LzEvMSAgNzk5OS8yLzEgIDc4OTgvMy8xICA3ODk3LzQvMSANCmYgIDc5OTkvMS8xICA4MDAwLzIvMSAgNzg5OS8zLzEgIDc4OTgvNC8xIA0KZiAgODAwMC8xLzEgIDgwMDEvMi8xICA3OTAwLzMvMSAgNzg5OS80LzEgDQpmICA4MDAxLzEvMSAgODAwMi8yLzEgIDc5MDEvMy8xICA3OTAwLzQvMSANCmYgIDgwMDIvMS8xICA4MDAzLzIvMSAgNzkwMi8zLzEgIDc5MDEvNC8xIA0KZiAgODAwMy8xLzEgIDgwMDQvMi8xICA3OTAzLzMvMSAgNzkwMi80LzEgDQpmICA4MDA0LzEvMSAgODAwNS8yLzEgIDc5MDQvMy8xICA3OTAzLzQvMSANCmYgIDgwMDUvMS8xICA4MDA2LzIvMSAgNzkwNS8zLzEgIDc5MDQvNC8xIA0KZiAgODAwNi8xLzEgIDgwMDcvMi8xICA3OTA2LzMvMSAgNzkwNS80LzEgDQpmICA4MDA3LzEvMSAgODAwOC8yLzEgIDc5MDcvMy8xICA3OTA2LzQvMSANCmYgIDgwMDgvMS8xICA4MDA5LzIvMSAgNzkwOC8zLzEgIDc5MDcvNC8xIA0KZiAgODAwOS8xLzEgIDgwMTAvMi8xICA3OTA5LzMvMSAgNzkwOC80LzEgDQpmICA4MDEwLzEvMSAgODAxMS8yLzEgIDc5MTAvMy8xICA3OTA5LzQvMSANCmYgIDgwMTEvMS8xICA4MDEyLzIvMSAgNzkxMS8zLzEgIDc5MTAvNC8xIA0KZiAgODAxMi8xLzEgIDgwMTMvMi8xICA3OTEyLzMvMSAgNzkxMS80LzEgDQpmICA4MDEzLzEvMSAgODAxNC8yLzEgIDc5MTMvMy8xICA3OTEyLzQvMSANCmYgIDgwMTQvMS8xICA4MDE1LzIvMSAgNzkxNC8zLzEgIDc5MTMvNC8xIA0KZiAgODAxNS8xLzEgIDgwMTYvMi8xICA3OTE1LzMvMSAgNzkxNC80LzEgDQpmICA4MDE2LzEvMSAgODAxNy8yLzEgIDc5MTYvMy8xICA3OTE1LzQvMSANCmYgIDgwMTcvMS8xICA4MDE4LzIvMSAgNzkxNy8zLzEgIDc5MTYvNC8xIA0KZiAgODAxOC8xLzEgIDgwMTkvMi8xICA3OTE4LzMvMSAgNzkxNy80LzEgDQpmICA4MDE5LzEvMSAgODAyMC8yLzEgIDc5MTkvMy8xICA3OTE4LzQvMSANCmYgIDgwMjAvMS8xICA4MDIxLzIvMSAgNzkyMC8zLzEgIDc5MTkvNC8xIA0KZiAgODAyMS8xLzEgIDgwMjIvMi8xICA3OTIxLzMvMSAgNzkyMC80LzEgDQpmICA4MDIyLzEvMSAgODAyMy8yLzEgIDc5MjIvMy8xICA3OTIxLzQvMSANCmYgIDgwMjMvMS8xICA4MDI0LzIvMSAgNzkyMy8zLzEgIDc5MjIvNC8xIA0KZiAgODAyNC8xLzEgIDgwMjUvMi8xICA3OTI0LzMvMSAgNzkyMy80LzEgDQpmICA4MDI1LzEvMSAgODAyNi8yLzEgIDc5MjUvMy8xICA3OTI0LzQvMSANCmYgIDgwMjYvMS8xICA4MDI3LzIvMSAgNzkyNi8zLzEgIDc5MjUvNC8xIA0KZiAgODAyNy8xLzEgIDgwMjgvMi8xICA3OTI3LzMvMSAgNzkyNi80LzEgDQpmICA4MDI4LzEvMSAgODAyOS8yLzEgIDc5MjgvMy8xICA3OTI3LzQvMSANCmYgIDgwMjkvMS8xICA4MDMwLzIvMSAgNzkyOS8zLzEgIDc5MjgvNC8xIA0KZiAgODAzMC8xLzEgIDgwMzEvMi8xICA3OTMwLzMvMSAgNzkyOS80LzEgDQpmICA4MDMxLzEvMSAgODAzMi8yLzEgIDc5MzEvMy8xICA3OTMwLzQvMSANCmYgIDgwMzIvMS8xICA4MDMzLzIvMSAgNzkzMi8zLzEgIDc5MzEvNC8xIA0KZiAgODAzMy8xLzEgIDgwMzQvMi8xICA3OTMzLzMvMSAgNzkzMi80LzEgDQpmICA4MDM0LzEvMSAgODAzNS8yLzEgIDc5MzQvMy8xICA3OTMzLzQvMSANCmYgIDgwMzUvMS8xICA4MDM2LzIvMSAgNzkzNS8zLzEgIDc5MzQvNC8xIA0KZiAgODAzNi8xLzEgIDgwMzcvMi8xICA3OTM2LzMvMSAgNzkzNS80LzEgDQpmICA4MDM3LzEvMSAgODAzOC8yLzEgIDc5MzcvMy8xICA3OTM2LzQvMSANCmYgIDgwMzgvMS8xICA4MDM5LzIvMSAgNzkzOC8zLzEgIDc5MzcvNC8xIA0KZiAgODAzOS8xLzEgIDgwNDAvMi8xICA3OTM5LzMvMSAgNzkzOC80LzEgDQpmICA4MDQwLzEvMSAgODA0MS8yLzEgIDc5NDAvMy8xICA3OTM5LzQvMSANCmYgIDgwNDEvMS8xICA4MDQyLzIvMSAgNzk0MS8zLzEgIDc5NDAvNC8xIA0KZiAgODA0Mi8xLzEgIDgwNDMvMi8xICA3OTQyLzMvMSAgNzk0MS80LzEgDQpmICA4MDQzLzEvMSAgODA0NC8yLzEgIDc5NDMvMy8xICA3OTQyLzQvMSANCmYgIDgwNDQvMS8xICA4MDQ1LzIvMSAgNzk0NC8zLzEgIDc5NDMvNC8xIA0KZiAgODA0NS8xLzEgIDgwNDYvMi8xICA3OTQ1LzMvMSAgNzk0NC80LzEgDQpmICA4MDQ2LzEvMSAgODA0Ny8yLzEgIDc5NDYvMy8xICA3OTQ1LzQvMSANCmYgIDgwNDcvMS8xICA4MDQ4LzIvMSAgNzk0Ny8zLzEgIDc5NDYvNC8xIA0KZiAgODA0OC8xLzEgIDgwNDkvMi8xICA3OTQ4LzMvMSAgNzk0Ny80LzEgDQpmICA4MDQ5LzEvMSAgODA1MC8yLzEgIDc5NDkvMy8xICA3OTQ4LzQvMSANCmYgIDgwNTAvMS8xICA4MDUxLzIvMSAgNzk1MC8zLzEgIDc5NDkvNC8xIA0KZiAgODA1MS8xLzEgIDgwNTIvMi8xICA3OTUxLzMvMSAgNzk1MC80LzEgDQpmICA4MDUyLzEvMSAgODA1My8yLzEgIDc5NTIvMy8xICA3OTUxLzQvMSANCmYgIDgwNTMvMS8xICA4MDU0LzIvMSAgNzk1My8zLzEgIDc5NTIvNC8xIA0KZiAgODA1NC8xLzEgIDgwNTUvMi8xICA3OTU0LzMvMSAgNzk1My80LzEgDQpmICA4MDU1LzEvMSAgODA1Ni8yLzEgIDc5NTUvMy8xICA3OTU0LzQvMSANCmYgIDgwNTYvMS8xICA4MDU3LzIvMSAgNzk1Ni8zLzEgIDc5NTUvNC8xIA0KZiAgODA1Ny8xLzEgIDgwNTgvMi8xICA3OTU3LzMvMSAgNzk1Ni80LzEgDQpmICA4MDU4LzEvMSAgODA1OS8yLzEgIDc5NTgvMy8xICA3OTU3LzQvMSANCmYgIDgwNTkvMS8xICA4MDYwLzIvMSAgNzk1OS8zLzEgIDc5NTgvNC8xIA0KZiAgODA2MC8xLzEgIDgwNjEvMi8xICA3OTYwLzMvMSAgNzk1OS80LzEgDQpmICA4MDYxLzEvMSAgODA2Mi8yLzEgIDc5NjEvMy8xICA3OTYwLzQvMSANCmYgIDgwNjIvMS8xICA4MDYzLzIvMSAgNzk2Mi8zLzEgIDc5NjEvNC8xIA0KZiAgODA2My8xLzEgIDgwNjQvMi8xICA3OTYzLzMvMSAgNzk2Mi80LzEgDQpmICA4MDY0LzEvMSAgODA2NS8yLzEgIDc5NjQvMy8xICA3OTYzLzQvMSANCmYgIDgwNjUvMS8xICA4MDY2LzIvMSAgNzk2NS8zLzEgIDc5NjQvNC8xIA0KZiAgODA2Ni8xLzEgIDgwNjcvMi8xICA3OTY2LzMvMSAgNzk2NS80LzEgDQpmICA4MDY3LzEvMSAgODA2OC8yLzEgIDc5NjcvMy8xICA3OTY2LzQvMSANCmYgIDgwNjgvMS8xICA4MDY5LzIvMSAgNzk2OC8zLzEgIDc5NjcvNC8xIA0KZiAgODA2OS8xLzEgIDgwNzAvMi8xICA3OTY5LzMvMSAgNzk2OC80LzEgDQpmICA4MDcwLzEvMSAgODA3MS8yLzEgIDc5NzAvMy8xICA3OTY5LzQvMSANCmYgIDgwNzEvMS8xICA4MDcyLzIvMSAgNzk3MS8zLzEgIDc5NzAvNC8xIA0KZiAgODA3Mi8xLzEgIDgwNzMvMi8xICA3OTcyLzMvMSAgNzk3MS80LzEgDQpmICA4MDczLzEvMSAgODA3NC8yLzEgIDc5NzMvMy8xICA3OTcyLzQvMSANCmYgIDgwNzQvMS8xICA4MDc1LzIvMSAgNzk3NC8zLzEgIDc5NzMvNC8xIA0KZiAgODA3NS8xLzEgIDgwNzYvMi8xICA3OTc1LzMvMSAgNzk3NC80LzEgDQpmICA4MDc2LzEvMSAgODA3Ny8yLzEgIDc5NzYvMy8xICA3OTc1LzQvMSANCmYgIDgwNzcvMS8xICA4MDc4LzIvMSAgNzk3Ny8zLzEgIDc5NzYvNC8xIA0KZiAgODA3OC8xLzEgIDgwNzkvMi8xICA3OTc4LzMvMSAgNzk3Ny80LzEgDQpmICA4MDc5LzEvMSAgODA4MC8yLzEgIDc5NzkvMy8xICA3OTc4LzQvMSANCmYgIDgwODEvMS8xICA4MDgyLzIvMSAgNzk4MS8zLzEgIDc5ODAvNC8xIA0KZiAgODA4Mi8xLzEgIDgwODMvMi8xICA3OTgyLzMvMSAgNzk4MS80LzEgDQpmICA4MDgzLzEvMSAgODA4NC8yLzEgIDc5ODMvMy8xICA3OTgyLzQvMSANCmYgIDgwODQvMS8xICA4MDg1LzIvMSAgNzk4NC8zLzEgIDc5ODMvNC8xIA0KZiAgODA4NS8xLzEgIDgwODYvMi8xICA3OTg1LzMvMSAgNzk4NC80LzEgDQpmICA4MDg2LzEvMSAgODA4Ny8yLzEgIDc5ODYvMy8xICA3OTg1LzQvMSANCmYgIDgwODcvMS8xICA4MDg4LzIvMSAgNzk4Ny8zLzEgIDc5ODYvNC8xIA0KZiAgODA4OC8xLzEgIDgwODkvMi8xICA3OTg4LzMvMSAgNzk4Ny80LzEgDQpmICA4MDg5LzEvMSAgODA5MC8yLzEgIDc5ODkvMy8xICA3OTg4LzQvMSANCmYgIDgwOTAvMS8xICA4MDkxLzIvMSAgNzk5MC8zLzEgIDc5ODkvNC8xIA0KZiAgODA5MS8xLzEgIDgwOTIvMi8xICA3OTkxLzMvMSAgNzk5MC80LzEgDQpmICA4MDkyLzEvMSAgODA5My8yLzEgIDc5OTIvMy8xICA3OTkxLzQvMSANCmYgIDgwOTMvMS8xICA4MDk0LzIvMSAgNzk5My8zLzEgIDc5OTIvNC8xIA0KZiAgODA5NC8xLzEgIDgwOTUvMi8xICA3OTk0LzMvMSAgNzk5My80LzEgDQpmICA4MDk1LzEvMSAgODA5Ni8yLzEgIDc5OTUvMy8xICA3OTk0LzQvMSANCmYgIDgwOTYvMS8xICA4MDk3LzIvMSAgNzk5Ni8zLzEgIDc5OTUvNC8xIA0KZiAgODA5Ny8xLzEgIDgwOTgvMi8xICA3OTk3LzMvMSAgNzk5Ni80LzEgDQpmICA4MDk4LzEvMSAgODA5OS8yLzEgIDc5OTgvMy8xICA3OTk3LzQvMSANCmYgIDgwOTkvMS8xICA4MTAwLzIvMSAgNzk5OS8zLzEgIDc5OTgvNC8xIA0KZiAgODEwMC8xLzEgIDgxMDEvMi8xICA4MDAwLzMvMSAgNzk5OS80LzEgDQpmICA4MTAxLzEvMSAgODEwMi8yLzEgIDgwMDEvMy8xICA4MDAwLzQvMSANCmYgIDgxMDIvMS8xICA4MTAzLzIvMSAgODAwMi8zLzEgIDgwMDEvNC8xIA0KZiAgODEwMy8xLzEgIDgxMDQvMi8xICA4MDAzLzMvMSAgODAwMi80LzEgDQpmICA4MTA0LzEvMSAgODEwNS8yLzEgIDgwMDQvMy8xICA4MDAzLzQvMSANCmYgIDgxMDUvMS8xICA4MTA2LzIvMSAgODAwNS8zLzEgIDgwMDQvNC8xIA0KZiAgODEwNi8xLzEgIDgxMDcvMi8xICA4MDA2LzMvMSAgODAwNS80LzEgDQpmICA4MTA3LzEvMSAgODEwOC8yLzEgIDgwMDcvMy8xICA4MDA2LzQvMSANCmYgIDgxMDgvMS8xICA4MTA5LzIvMSAgODAwOC8zLzEgIDgwMDcvNC8xIA0KZiAgODEwOS8xLzEgIDgxMTAvMi8xICA4MDA5LzMvMSAgODAwOC80LzEgDQpmICA4MTEwLzEvMSAgODExMS8yLzEgIDgwMTAvMy8xICA4MDA5LzQvMSANCmYgIDgxMTEvMS8xICA4MTEyLzIvMSAgODAxMS8zLzEgIDgwMTAvNC8xIA0KZiAgODExMi8xLzEgIDgxMTMvMi8xICA4MDEyLzMvMSAgODAxMS80LzEgDQpmICA4MTEzLzEvMSAgODExNC8yLzEgIDgwMTMvMy8xICA4MDEyLzQvMSANCmYgIDgxMTQvMS8xICA4MTE1LzIvMSAgODAxNC8zLzEgIDgwMTMvNC8xIA0KZiAgODExNS8xLzEgIDgxMTYvMi8xICA4MDE1LzMvMSAgODAxNC80LzEgDQpmICA4MTE2LzEvMSAgODExNy8yLzEgIDgwMTYvMy8xICA4MDE1LzQvMSANCmYgIDgxMTcvMS8xICA4MTE4LzIvMSAgODAxNy8zLzEgIDgwMTYvNC8xIA0KZiAgODExOC8xLzEgIDgxMTkvMi8xICA4MDE4LzMvMSAgODAxNy80LzEgDQpmICA4MTE5LzEvMSAgODEyMC8yLzEgIDgwMTkvMy8xICA4MDE4LzQvMSANCmYgIDgxMjAvMS8xICA4MTIxLzIvMSAgODAyMC8zLzEgIDgwMTkvNC8xIA0KZiAgODEyMS8xLzEgIDgxMjIvMi8xICA4MDIxLzMvMSAgODAyMC80LzEgDQpmICA4MTIyLzEvMSAgODEyMy8yLzEgIDgwMjIvMy8xICA4MDIxLzQvMSANCmYgIDgxMjMvMS8xICA4MTI0LzIvMSAgODAyMy8zLzEgIDgwMjIvNC8xIA0KZiAgODEyNC8xLzEgIDgxMjUvMi8xICA4MDI0LzMvMSAgODAyMy80LzEgDQpmICA4MTI1LzEvMSAgODEyNi8yLzEgIDgwMjUvMy8xICA4MDI0LzQvMSANCmYgIDgxMjYvMS8xICA4MTI3LzIvMSAgODAyNi8zLzEgIDgwMjUvNC8xIA0KZiAgODEyNy8xLzEgIDgxMjgvMi8xICA4MDI3LzMvMSAgODAyNi80LzEgDQpmICA4MTI4LzEvMSAgODEyOS8yLzEgIDgwMjgvMy8xICA4MDI3LzQvMSANCmYgIDgxMjkvMS8xICA4MTMwLzIvMSAgODAyOS8zLzEgIDgwMjgvNC8xIA0KZiAgODEzMC8xLzEgIDgxMzEvMi8xICA4MDMwLzMvMSAgODAyOS80LzEgDQpmICA4MTMxLzEvMSAgODEzMi8yLzEgIDgwMzEvMy8xICA4MDMwLzQvMSANCmYgIDgxMzIvMS8xICA4MTMzLzIvMSAgODAzMi8zLzEgIDgwMzEvNC8xIA0KZiAgODEzMy8xLzEgIDgxMzQvMi8xICA4MDMzLzMvMSAgODAzMi80LzEgDQpmICA4MTM0LzEvMSAgODEzNS8yLzEgIDgwMzQvMy8xICA4MDMzLzQvMSANCmYgIDgxMzUvMS8xICA4MTM2LzIvMSAgODAzNS8zLzEgIDgwMzQvNC8xIA0KZiAgODEzNi8xLzEgIDgxMzcvMi8xICA4MDM2LzMvMSAgODAzNS80LzEgDQpmICA4MTM3LzEvMSAgODEzOC8yLzEgIDgwMzcvMy8xICA4MDM2LzQvMSANCmYgIDgxMzgvMS8xICA4MTM5LzIvMSAgODAzOC8zLzEgIDgwMzcvNC8xIA0KZiAgODEzOS8xLzEgIDgxNDAvMi8xICA4MDM5LzMvMSAgODAzOC80LzEgDQpmICA4MTQwLzEvMSAgODE0MS8yLzEgIDgwNDAvMy8xICA4MDM5LzQvMSANCmYgIDgxNDEvMS8xICA4MTQyLzIvMSAgODA0MS8zLzEgIDgwNDAvNC8xIA0KZiAgODE0Mi8xLzEgIDgxNDMvMi8xICA4MDQyLzMvMSAgODA0MS80LzEgDQpmICA4MTQzLzEvMSAgODE0NC8yLzEgIDgwNDMvMy8xICA4MDQyLzQvMSANCmYgIDgxNDQvMS8xICA4MTQ1LzIvMSAgODA0NC8zLzEgIDgwNDMvNC8xIA0KZiAgODE0NS8xLzEgIDgxNDYvMi8xICA4MDQ1LzMvMSAgODA0NC80LzEgDQpmICA4MTQ2LzEvMSAgODE0Ny8yLzEgIDgwNDYvMy8xICA4MDQ1LzQvMSANCmYgIDgxNDcvMS8xICA4MTQ4LzIvMSAgODA0Ny8zLzEgIDgwNDYvNC8xIA0KZiAgODE0OC8xLzEgIDgxNDkvMi8xICA4MDQ4LzMvMSAgODA0Ny80LzEgDQpmICA4MTQ5LzEvMSAgODE1MC8yLzEgIDgwNDkvMy8xICA4MDQ4LzQvMSANCmYgIDgxNTAvMS8xICA4MTUxLzIvMSAgODA1MC8zLzEgIDgwNDkvNC8xIA0KZiAgODE1MS8xLzEgIDgxNTIvMi8xICA4MDUxLzMvMSAgODA1MC80LzEgDQpmICA4MTUyLzEvMSAgODE1My8yLzEgIDgwNTIvMy8xICA4MDUxLzQvMSANCmYgIDgxNTMvMS8xICA4MTU0LzIvMSAgODA1My8zLzEgIDgwNTIvNC8xIA0KZiAgODE1NC8xLzEgIDgxNTUvMi8xICA4MDU0LzMvMSAgODA1My80LzEgDQpmICA4MTU1LzEvMSAgODE1Ni8yLzEgIDgwNTUvMy8xICA4MDU0LzQvMSANCmYgIDgxNTYvMS8xICA4MTU3LzIvMSAgODA1Ni8zLzEgIDgwNTUvNC8xIA0KZiAgODE1Ny8xLzEgIDgxNTgvMi8xICA4MDU3LzMvMSAgODA1Ni80LzEgDQpmICA4MTU4LzEvMSAgODE1OS8yLzEgIDgwNTgvMy8xICA4MDU3LzQvMSANCmYgIDgxNTkvMS8xICA4MTYwLzIvMSAgODA1OS8zLzEgIDgwNTgvNC8xIA0KZiAgODE2MC8xLzEgIDgxNjEvMi8xICA4MDYwLzMvMSAgODA1OS80LzEgDQpmICA4MTYxLzEvMSAgODE2Mi8yLzEgIDgwNjEvMy8xICA4MDYwLzQvMSANCmYgIDgxNjIvMS8xICA4MTYzLzIvMSAgODA2Mi8zLzEgIDgwNjEvNC8xIA0KZiAgODE2My8xLzEgIDgxNjQvMi8xICA4MDYzLzMvMSAgODA2Mi80LzEgDQpmICA4MTY0LzEvMSAgODE2NS8yLzEgIDgwNjQvMy8xICA4MDYzLzQvMSANCmYgIDgxNjUvMS8xICA4MTY2LzIvMSAgODA2NS8zLzEgIDgwNjQvNC8xIA0KZiAgODE2Ni8xLzEgIDgxNjcvMi8xICA4MDY2LzMvMSAgODA2NS80LzEgDQpmICA4MTY3LzEvMSAgODE2OC8yLzEgIDgwNjcvMy8xICA4MDY2LzQvMSANCmYgIDgxNjgvMS8xICA4MTY5LzIvMSAgODA2OC8zLzEgIDgwNjcvNC8xIA0KZiAgODE2OS8xLzEgIDgxNzAvMi8xICA4MDY5LzMvMSAgODA2OC80LzEgDQpmICA4MTcwLzEvMSAgODE3MS8yLzEgIDgwNzAvMy8xICA4MDY5LzQvMSANCmYgIDgxNzEvMS8xICA4MTcyLzIvMSAgODA3MS8zLzEgIDgwNzAvNC8xIA0KZiAgODE3Mi8xLzEgIDgxNzMvMi8xICA4MDcyLzMvMSAgODA3MS80LzEgDQpmICA4MTczLzEvMSAgODE3NC8yLzEgIDgwNzMvMy8xICA4MDcyLzQvMSANCmYgIDgxNzQvMS8xICA4MTc1LzIvMSAgODA3NC8zLzEgIDgwNzMvNC8xIA0KZiAgODE3NS8xLzEgIDgxNzYvMi8xICA4MDc1LzMvMSAgODA3NC80LzEgDQpmICA4MTc2LzEvMSAgODE3Ny8yLzEgIDgwNzYvMy8xICA4MDc1LzQvMSANCmYgIDgxNzcvMS8xICA4MTc4LzIvMSAgODA3Ny8zLzEgIDgwNzYvNC8xIA0KZiAgODE3OC8xLzEgIDgxNzkvMi8xICA4MDc4LzMvMSAgODA3Ny80LzEgDQpmICA4MTc5LzEvMSAgODE4MC8yLzEgIDgwNzkvMy8xICA4MDc4LzQvMSANCmYgIDgxODAvMS8xICA4MTgxLzIvMSAgODA4MC8zLzEgIDgwNzkvNC8xIA0KZiAgODE4Mi8xLzEgIDgxODMvMi8xICA4MDgyLzMvMSAgODA4MS80LzEgDQpmICA4MTgzLzEvMSAgODE4NC8yLzEgIDgwODMvMy8xICA4MDgyLzQvMSANCmYgIDgxODQvMS8xICA4MTg1LzIvMSAgODA4NC8zLzEgIDgwODMvNC8xIA0KZiAgODE4NS8xLzEgIDgxODYvMi8xICA4MDg1LzMvMSAgODA4NC80LzEgDQpmICA4MTg2LzEvMSAgODE4Ny8yLzEgIDgwODYvMy8xICA4MDg1LzQvMSANCmYgIDgxODcvMS8xICA4MTg4LzIvMSAgODA4Ny8zLzEgIDgwODYvNC8xIA0KZiAgODE4OC8xLzEgIDgxODkvMi8xICA4MDg4LzMvMSAgODA4Ny80LzEgDQpmICA4MTg5LzEvMSAgODE5MC8yLzEgIDgwODkvMy8xICA4MDg4LzQvMSANCmYgIDgxOTAvMS8xICA4MTkxLzIvMSAgODA5MC8zLzEgIDgwODkvNC8xIA0KZiAgODE5MS8xLzEgIDgxOTIvMi8xICA4MDkxLzMvMSAgODA5MC80LzEgDQpmICA4MTkyLzEvMSAgODE5My8yLzEgIDgwOTIvMy8xICA4MDkxLzQvMSANCmYgIDgxOTMvMS8xICA4MTk0LzIvMSAgODA5My8zLzEgIDgwOTIvNC8xIA0KZiAgODE5NC8xLzEgIDgxOTUvMi8xICA4MDk0LzMvMSAgODA5My80LzEgDQpmICA4MTk1LzEvMSAgODE5Ni8yLzEgIDgwOTUvMy8xICA4MDk0LzQvMSANCmYgIDgxOTYvMS8xICA4MTk3LzIvMSAgODA5Ni8zLzEgIDgwOTUvNC8xIA0KZiAgODE5Ny8xLzEgIDgxOTgvMi8xICA4MDk3LzMvMSAgODA5Ni80LzEgDQpmICA4MTk4LzEvMSAgODE5OS8yLzEgIDgwOTgvMy8xICA4MDk3LzQvMSANCmYgIDgxOTkvMS8xICA4MjAwLzIvMSAgODA5OS8zLzEgIDgwOTgvNC8xIA0KZiAgODIwMC8xLzEgIDgyMDEvMi8xICA4MTAwLzMvMSAgODA5OS80LzEgDQpmICA4MjAxLzEvMSAgODIwMi8yLzEgIDgxMDEvMy8xICA4MTAwLzQvMSANCmYgIDgyMDIvMS8xICA4MjAzLzIvMSAgODEwMi8zLzEgIDgxMDEvNC8xIA0KZiAgODIwMy8xLzEgIDgyMDQvMi8xICA4MTAzLzMvMSAgODEwMi80LzEgDQpmICA4MjA0LzEvMSAgODIwNS8yLzEgIDgxMDQvMy8xICA4MTAzLzQvMSANCmYgIDgyMDUvMS8xICA4MjA2LzIvMSAgODEwNS8zLzEgIDgxMDQvNC8xIA0KZiAgODIwNi8xLzEgIDgyMDcvMi8xICA4MTA2LzMvMSAgODEwNS80LzEgDQpmICA4MjA3LzEvMSAgODIwOC8yLzEgIDgxMDcvMy8xICA4MTA2LzQvMSANCmYgIDgyMDgvMS8xICA4MjA5LzIvMSAgODEwOC8zLzEgIDgxMDcvNC8xIA0KZiAgODIwOS8xLzEgIDgyMTAvMi8xICA4MTA5LzMvMSAgODEwOC80LzEgDQpmICA4MjEwLzEvMSAgODIxMS8yLzEgIDgxMTAvMy8xICA4MTA5LzQvMSANCmYgIDgyMTEvMS8xICA4MjEyLzIvMSAgODExMS8zLzEgIDgxMTAvNC8xIA0KZiAgODIxMi8xLzEgIDgyMTMvMi8xICA4MTEyLzMvMSAgODExMS80LzEgDQpmICA4MjEzLzEvMSAgODIxNC8yLzEgIDgxMTMvMy8xICA4MTEyLzQvMSANCmYgIDgyMTQvMS8xICA4MjE1LzIvMSAgODExNC8zLzEgIDgxMTMvNC8xIA0KZiAgODIxNS8xLzEgIDgyMTYvMi8xICA4MTE1LzMvMSAgODExNC80LzEgDQpmICA4MjE2LzEvMSAgODIxNy8yLzEgIDgxMTYvMy8xICA4MTE1LzQvMSANCmYgIDgyMTcvMS8xICA4MjE4LzIvMSAgODExNy8zLzEgIDgxMTYvNC8xIA0KZiAgODIxOC8xLzEgIDgyMTkvMi8xICA4MTE4LzMvMSAgODExNy80LzEgDQpmICA4MjE5LzEvMSAgODIyMC8yLzEgIDgxMTkvMy8xICA4MTE4LzQvMSANCmYgIDgyMjAvMS8xICA4MjIxLzIvMSAgODEyMC8zLzEgIDgxMTkvNC8xIA0KZiAgODIyMS8xLzEgIDgyMjIvMi8xICA4MTIxLzMvMSAgODEyMC80LzEgDQpmICA4MjIyLzEvMSAgODIyMy8yLzEgIDgxMjIvMy8xICA4MTIxLzQvMSANCmYgIDgyMjMvMS8xICA4MjI0LzIvMSAgODEyMy8zLzEgIDgxMjIvNC8xIA0KZiAgODIyNC8xLzEgIDgyMjUvMi8xICA4MTI0LzMvMSAgODEyMy80LzEgDQpmICA4MjI1LzEvMSAgODIyNi8yLzEgIDgxMjUvMy8xICA4MTI0LzQvMSANCmYgIDgyMjYvMS8xICA4MjI3LzIvMSAgODEyNi8zLzEgIDgxMjUvNC8xIA0KZiAgODIyNy8xLzEgIDgyMjgvMi8xICA4MTI3LzMvMSAgODEyNi80LzEgDQpmICA4MjI4LzEvMSAgODIyOS8yLzEgIDgxMjgvMy8xICA4MTI3LzQvMSANCmYgIDgyMjkvMS8xICA4MjMwLzIvMSAgODEyOS8zLzEgIDgxMjgvNC8xIA0KZiAgODIzMC8xLzEgIDgyMzEvMi8xICA4MTMwLzMvMSAgODEyOS80LzEgDQpmICA4MjMxLzEvMSAgODIzMi8yLzEgIDgxMzEvMy8xICA4MTMwLzQvMSANCmYgIDgyMzIvMS8xICA4MjMzLzIvMSAgODEzMi8zLzEgIDgxMzEvNC8xIA0KZiAgODIzMy8xLzEgIDgyMzQvMi8xICA4MTMzLzMvMSAgODEzMi80LzEgDQpmICA4MjM0LzEvMSAgODIzNS8yLzEgIDgxMzQvMy8xICA4MTMzLzQvMSANCmYgIDgyMzUvMS8xICA4MjM2LzIvMSAgODEzNS8zLzEgIDgxMzQvNC8xIA0KZiAgODIzNi8xLzEgIDgyMzcvMi8xICA4MTM2LzMvMSAgODEzNS80LzEgDQpmICA4MjM3LzEvMSAgODIzOC8yLzEgIDgxMzcvMy8xICA4MTM2LzQvMSANCmYgIDgyMzgvMS8xICA4MjM5LzIvMSAgODEzOC8zLzEgIDgxMzcvNC8xIA0KZiAgODIzOS8xLzEgIDgyNDAvMi8xICA4MTM5LzMvMSAgODEzOC80LzEgDQpmICA4MjQwLzEvMSAgODI0MS8yLzEgIDgxNDAvMy8xICA4MTM5LzQvMSANCmYgIDgyNDEvMS8xICA4MjQyLzIvMSAgODE0MS8zLzEgIDgxNDAvNC8xIA0KZiAgODI0Mi8xLzEgIDgyNDMvMi8xICA4MTQyLzMvMSAgODE0MS80LzEgDQpmICA4MjQzLzEvMSAgODI0NC8yLzEgIDgxNDMvMy8xICA4MTQyLzQvMSANCmYgIDgyNDQvMS8xICA4MjQ1LzIvMSAgODE0NC8zLzEgIDgxNDMvNC8xIA0KZiAgODI0NS8xLzEgIDgyNDYvMi8xICA4MTQ1LzMvMSAgODE0NC80LzEgDQpmICA4MjQ2LzEvMSAgODI0Ny8yLzEgIDgxNDYvMy8xICA4MTQ1LzQvMSANCmYgIDgyNDcvMS8xICA4MjQ4LzIvMSAgODE0Ny8zLzEgIDgxNDYvNC8xIA0KZiAgODI0OC8xLzEgIDgyNDkvMi8xICA4MTQ4LzMvMSAgODE0Ny80LzEgDQpmICA4MjQ5LzEvMSAgODI1MC8yLzEgIDgxNDkvMy8xICA4MTQ4LzQvMSANCmYgIDgyNTAvMS8xICA4MjUxLzIvMSAgODE1MC8zLzEgIDgxNDkvNC8xIA0KZiAgODI1MS8xLzEgIDgyNTIvMi8xICA4MTUxLzMvMSAgODE1MC80LzEgDQpmICA4MjUyLzEvMSAgODI1My8yLzEgIDgxNTIvMy8xICA4MTUxLzQvMSANCmYgIDgyNTMvMS8xICA4MjU0LzIvMSAgODE1My8zLzEgIDgxNTIvNC8xIA0KZiAgODI1NC8xLzEgIDgyNTUvMi8xICA4MTU0LzMvMSAgODE1My80LzEgDQpmICA4MjU1LzEvMSAgODI1Ni8yLzEgIDgxNTUvMy8xICA4MTU0LzQvMSANCmYgIDgyNTYvMS8xICA4MjU3LzIvMSAgODE1Ni8zLzEgIDgxNTUvNC8xIA0KZiAgODI1Ny8xLzEgIDgyNTgvMi8xICA4MTU3LzMvMSAgODE1Ni80LzEgDQpmICA4MjU4LzEvMSAgODI1OS8yLzEgIDgxNTgvMy8xICA4MTU3LzQvMSANCmYgIDgyNTkvMS8xICA4MjYwLzIvMSAgODE1OS8zLzEgIDgxNTgvNC8xIA0KZiAgODI2MC8xLzEgIDgyNjEvMi8xICA4MTYwLzMvMSAgODE1OS80LzEgDQpmICA4MjYxLzEvMSAgODI2Mi8yLzEgIDgxNjEvMy8xICA4MTYwLzQvMSANCmYgIDgyNjIvMS8xICA4MjYzLzIvMSAgODE2Mi8zLzEgIDgxNjEvNC8xIA0KZiAgODI2My8xLzEgIDgyNjQvMi8xICA4MTYzLzMvMSAgODE2Mi80LzEgDQpmICA4MjY0LzEvMSAgODI2NS8yLzEgIDgxNjQvMy8xICA4MTYzLzQvMSANCmYgIDgyNjUvMS8xICA4MjY2LzIvMSAgODE2NS8zLzEgIDgxNjQvNC8xIA0KZiAgODI2Ni8xLzEgIDgyNjcvMi8xICA4MTY2LzMvMSAgODE2NS80LzEgDQpmICA4MjY3LzEvMSAgODI2OC8yLzEgIDgxNjcvMy8xICA4MTY2LzQvMSANCmYgIDgyNjgvMS8xICA4MjY5LzIvMSAgODE2OC8zLzEgIDgxNjcvNC8xIA0KZiAgODI2OS8xLzEgIDgyNzAvMi8xICA4MTY5LzMvMSAgODE2OC80LzEgDQpmICA4MjcwLzEvMSAgODI3MS8yLzEgIDgxNzAvMy8xICA4MTY5LzQvMSANCmYgIDgyNzEvMS8xICA4MjcyLzIvMSAgODE3MS8zLzEgIDgxNzAvNC8xIA0KZiAgODI3Mi8xLzEgIDgyNzMvMi8xICA4MTcyLzMvMSAgODE3MS80LzEgDQpmICA4MjczLzEvMSAgODI3NC8yLzEgIDgxNzMvMy8xICA4MTcyLzQvMSANCmYgIDgyNzQvMS8xICA4Mjc1LzIvMSAgODE3NC8zLzEgIDgxNzMvNC8xIA0KZiAgODI3NS8xLzEgIDgyNzYvMi8xICA4MTc1LzMvMSAgODE3NC80LzEgDQpmICA4Mjc2LzEvMSAgODI3Ny8yLzEgIDgxNzYvMy8xICA4MTc1LzQvMSANCmYgIDgyNzcvMS8xICA4Mjc4LzIvMSAgODE3Ny8zLzEgIDgxNzYvNC8xIA0KZiAgODI3OC8xLzEgIDgyNzkvMi8xICA4MTc4LzMvMSAgODE3Ny80LzEgDQpmICA4Mjc5LzEvMSAgODI4MC8yLzEgIDgxNzkvMy8xICA4MTc4LzQvMSANCmYgIDgyODAvMS8xICA4MjgxLzIvMSAgODE4MC8zLzEgIDgxNzkvNC8xIA0KZiAgODI4MS8xLzEgIDgyODIvMi8xICA4MTgxLzMvMSAgODE4MC80LzEgDQpmICA4MjgzLzEvMSAgODI4NC8yLzEgIDgxODMvMy8xICA4MTgyLzQvMSANCmYgIDgyODQvMS8xICA4Mjg1LzIvMSAgODE4NC8zLzEgIDgxODMvNC8xIA0KZiAgODI4NS8xLzEgIDgyODYvMi8xICA4MTg1LzMvMSAgODE4NC80LzEgDQpmICA4Mjg2LzEvMSAgODI4Ny8yLzEgIDgxODYvMy8xICA4MTg1LzQvMSANCmYgIDgyODcvMS8xICA4Mjg4LzIvMSAgODE4Ny8zLzEgIDgxODYvNC8xIA0KZiAgODI4OC8xLzEgIDgyODkvMi8xICA4MTg4LzMvMSAgODE4Ny80LzEgDQpmICA4Mjg5LzEvMSAgODI5MC8yLzEgIDgxODkvMy8xICA4MTg4LzQvMSANCmYgIDgyOTAvMS8xICA4MjkxLzIvMSAgODE5MC8zLzEgIDgxODkvNC8xIA0KZiAgODI5MS8xLzEgIDgyOTIvMi8xICA4MTkxLzMvMSAgODE5MC80LzEgDQpmICA4MjkyLzEvMSAgODI5My8yLzEgIDgxOTIvMy8xICA4MTkxLzQvMSANCmYgIDgyOTMvMS8xICA4Mjk0LzIvMSAgODE5My8zLzEgIDgxOTIvNC8xIA0KZiAgODI5NC8xLzEgIDgyOTUvMi8xICA4MTk0LzMvMSAgODE5My80LzEgDQpmICA4Mjk1LzEvMSAgODI5Ni8yLzEgIDgxOTUvMy8xICA4MTk0LzQvMSANCmYgIDgyOTYvMS8xICA4Mjk3LzIvMSAgODE5Ni8zLzEgIDgxOTUvNC8xIA0KZiAgODI5Ny8xLzEgIDgyOTgvMi8xICA4MTk3LzMvMSAgODE5Ni80LzEgDQpmICA4Mjk4LzEvMSAgODI5OS8yLzEgIDgxOTgvMy8xICA4MTk3LzQvMSANCmYgIDgyOTkvMS8xICA4MzAwLzIvMSAgODE5OS8zLzEgIDgxOTgvNC8xIA0KZiAgODMwMC8xLzEgIDgzMDEvMi8xICA4MjAwLzMvMSAgODE5OS80LzEgDQpmICA4MzAxLzEvMSAgODMwMi8yLzEgIDgyMDEvMy8xICA4MjAwLzQvMSANCmYgIDgzMDIvMS8xICA4MzAzLzIvMSAgODIwMi8zLzEgIDgyMDEvNC8xIA0KZiAgODMwMy8xLzEgIDgzMDQvMi8xICA4MjAzLzMvMSAgODIwMi80LzEgDQpmICA4MzA0LzEvMSAgODMwNS8yLzEgIDgyMDQvMy8xICA4MjAzLzQvMSANCmYgIDgzMDUvMS8xICA4MzA2LzIvMSAgODIwNS8zLzEgIDgyMDQvNC8xIA0KZiAgODMwNi8xLzEgIDgzMDcvMi8xICA4MjA2LzMvMSAgODIwNS80LzEgDQpmICA4MzA3LzEvMSAgODMwOC8yLzEgIDgyMDcvMy8xICA4MjA2LzQvMSANCmYgIDgzMDgvMS8xICA4MzA5LzIvMSAgODIwOC8zLzEgIDgyMDcvNC8xIA0KZiAgODMwOS8xLzEgIDgzMTAvMi8xICA4MjA5LzMvMSAgODIwOC80LzEgDQpmICA4MzEwLzEvMSAgODMxMS8yLzEgIDgyMTAvMy8xICA4MjA5LzQvMSANCmYgIDgzMTEvMS8xICA4MzEyLzIvMSAgODIxMS8zLzEgIDgyMTAvNC8xIA0KZiAgODMxMi8xLzEgIDgzMTMvMi8xICA4MjEyLzMvMSAgODIxMS80LzEgDQpmICA4MzEzLzEvMSAgODMxNC8yLzEgIDgyMTMvMy8xICA4MjEyLzQvMSANCmYgIDgzMTQvMS8xICA4MzE1LzIvMSAgODIxNC8zLzEgIDgyMTMvNC8xIA0KZiAgODMxNS8xLzEgIDgzMTYvMi8xICA4MjE1LzMvMSAgODIxNC80LzEgDQpmICA4MzE2LzEvMSAgODMxNy8yLzEgIDgyMTYvMy8xICA4MjE1LzQvMSANCmYgIDgzMTcvMS8xICA4MzE4LzIvMSAgODIxNy8zLzEgIDgyMTYvNC8xIA0KZiAgODMxOC8xLzEgIDgzMTkvMi8xICA4MjE4LzMvMSAgODIxNy80LzEgDQpmICA4MzE5LzEvMSAgODMyMC8yLzEgIDgyMTkvMy8xICA4MjE4LzQvMSANCmYgIDgzMjAvMS8xICA4MzIxLzIvMSAgODIyMC8zLzEgIDgyMTkvNC8xIA0KZiAgODMyMS8xLzEgIDgzMjIvMi8xICA4MjIxLzMvMSAgODIyMC80LzEgDQpmICA4MzIyLzEvMSAgODMyMy8yLzEgIDgyMjIvMy8xICA4MjIxLzQvMSANCmYgIDgzMjMvMS8xICA4MzI0LzIvMSAgODIyMy8zLzEgIDgyMjIvNC8xIA0KZiAgODMyNC8xLzEgIDgzMjUvMi8xICA4MjI0LzMvMSAgODIyMy80LzEgDQpmICA4MzI1LzEvMSAgODMyNi8yLzEgIDgyMjUvMy8xICA4MjI0LzQvMSANCmYgIDgzMjYvMS8xICA4MzI3LzIvMSAgODIyNi8zLzEgIDgyMjUvNC8xIA0KZiAgODMyNy8xLzEgIDgzMjgvMi8xICA4MjI3LzMvMSAgODIyNi80LzEgDQpmICA4MzI4LzEvMSAgODMyOS8yLzEgIDgyMjgvMy8xICA4MjI3LzQvMSANCmYgIDgzMjkvMS8xICA4MzMwLzIvMSAgODIyOS8zLzEgIDgyMjgvNC8xIA0KZiAgODMzMC8xLzEgIDgzMzEvMi8xICA4MjMwLzMvMSAgODIyOS80LzEgDQpmICA4MzMxLzEvMSAgODMzMi8yLzEgIDgyMzEvMy8xICA4MjMwLzQvMSANCmYgIDgzMzIvMS8xICA4MzMzLzIvMSAgODIzMi8zLzEgIDgyMzEvNC8xIA0KZiAgODMzMy8xLzEgIDgzMzQvMi8xICA4MjMzLzMvMSAgODIzMi80LzEgDQpmICA4MzM0LzEvMSAgODMzNS8yLzEgIDgyMzQvMy8xICA4MjMzLzQvMSANCmYgIDgzMzUvMS8xICA4MzM2LzIvMSAgODIzNS8zLzEgIDgyMzQvNC8xIA0KZiAgODMzNi8xLzEgIDgzMzcvMi8xICA4MjM2LzMvMSAgODIzNS80LzEgDQpmICA4MzM3LzEvMSAgODMzOC8yLzEgIDgyMzcvMy8xICA4MjM2LzQvMSANCmYgIDgzMzgvMS8xICA4MzM5LzIvMSAgODIzOC8zLzEgIDgyMzcvNC8xIA0KZiAgODMzOS8xLzEgIDgzNDAvMi8xICA4MjM5LzMvMSAgODIzOC80LzEgDQpmICA4MzQwLzEvMSAgODM0MS8yLzEgIDgyNDAvMy8xICA4MjM5LzQvMSANCmYgIDgzNDEvMS8xICA4MzQyLzIvMSAgODI0MS8zLzEgIDgyNDAvNC8xIA0KZiAgODM0Mi8xLzEgIDgzNDMvMi8xICA4MjQyLzMvMSAgODI0MS80LzEgDQpmICA4MzQzLzEvMSAgODM0NC8yLzEgIDgyNDMvMy8xICA4MjQyLzQvMSANCmYgIDgzNDQvMS8xICA4MzQ1LzIvMSAgODI0NC8zLzEgIDgyNDMvNC8xIA0KZiAgODM0NS8xLzEgIDgzNDYvMi8xICA4MjQ1LzMvMSAgODI0NC80LzEgDQpmICA4MzQ2LzEvMSAgODM0Ny8yLzEgIDgyNDYvMy8xICA4MjQ1LzQvMSANCmYgIDgzNDcvMS8xICA4MzQ4LzIvMSAgODI0Ny8zLzEgIDgyNDYvNC8xIA0KZiAgODM0OC8xLzEgIDgzNDkvMi8xICA4MjQ4LzMvMSAgODI0Ny80LzEgDQpmICA4MzQ5LzEvMSAgODM1MC8yLzEgIDgyNDkvMy8xICA4MjQ4LzQvMSANCmYgIDgzNTAvMS8xICA4MzUxLzIvMSAgODI1MC8zLzEgIDgyNDkvNC8xIA0KZiAgODM1MS8xLzEgIDgzNTIvMi8xICA4MjUxLzMvMSAgODI1MC80LzEgDQpmICA4MzUyLzEvMSAgODM1My8yLzEgIDgyNTIvMy8xICA4MjUxLzQvMSANCmYgIDgzNTMvMS8xICA4MzU0LzIvMSAgODI1My8zLzEgIDgyNTIvNC8xIA0KZiAgODM1NC8xLzEgIDgzNTUvMi8xICA4MjU0LzMvMSAgODI1My80LzEgDQpmICA4MzU1LzEvMSAgODM1Ni8yLzEgIDgyNTUvMy8xICA4MjU0LzQvMSANCmYgIDgzNTYvMS8xICA4MzU3LzIvMSAgODI1Ni8zLzEgIDgyNTUvNC8xIA0KZiAgODM1Ny8xLzEgIDgzNTgvMi8xICA4MjU3LzMvMSAgODI1Ni80LzEgDQpmICA4MzU4LzEvMSAgODM1OS8yLzEgIDgyNTgvMy8xICA4MjU3LzQvMSANCmYgIDgzNTkvMS8xICA4MzYwLzIvMSAgODI1OS8zLzEgIDgyNTgvNC8xIA0KZiAgODM2MC8xLzEgIDgzNjEvMi8xICA4MjYwLzMvMSAgODI1OS80LzEgDQpmICA4MzYxLzEvMSAgODM2Mi8yLzEgIDgyNjEvMy8xICA4MjYwLzQvMSANCmYgIDgzNjIvMS8xICA4MzYzLzIvMSAgODI2Mi8zLzEgIDgyNjEvNC8xIA0KZiAgODM2My8xLzEgIDgzNjQvMi8xICA4MjYzLzMvMSAgODI2Mi80LzEgDQpmICA4MzY0LzEvMSAgODM2NS8yLzEgIDgyNjQvMy8xICA4MjYzLzQvMSANCmYgIDgzNjUvMS8xICA4MzY2LzIvMSAgODI2NS8zLzEgIDgyNjQvNC8xIA0KZiAgODM2Ni8xLzEgIDgzNjcvMi8xICA4MjY2LzMvMSAgODI2NS80LzEgDQpmICA4MzY3LzEvMSAgODM2OC8yLzEgIDgyNjcvMy8xICA4MjY2LzQvMSANCmYgIDgzNjgvMS8xICA4MzY5LzIvMSAgODI2OC8zLzEgIDgyNjcvNC8xIA0KZiAgODM2OS8xLzEgIDgzNzAvMi8xICA4MjY5LzMvMSAgODI2OC80LzEgDQpmICA4MzcwLzEvMSAgODM3MS8yLzEgIDgyNzAvMy8xICA4MjY5LzQvMSANCmYgIDgzNzEvMS8xICA4MzcyLzIvMSAgODI3MS8zLzEgIDgyNzAvNC8xIA0KZiAgODM3Mi8xLzEgIDgzNzMvMi8xICA4MjcyLzMvMSAgODI3MS80LzEgDQpmICA4MzczLzEvMSAgODM3NC8yLzEgIDgyNzMvMy8xICA4MjcyLzQvMSANCmYgIDgzNzQvMS8xICA4Mzc1LzIvMSAgODI3NC8zLzEgIDgyNzMvNC8xIA0KZiAgODM3NS8xLzEgIDgzNzYvMi8xICA4Mjc1LzMvMSAgODI3NC80LzEgDQpmICA4Mzc2LzEvMSAgODM3Ny8yLzEgIDgyNzYvMy8xICA4Mjc1LzQvMSANCmYgIDgzNzcvMS8xICA4Mzc4LzIvMSAgODI3Ny8zLzEgIDgyNzYvNC8xIA0KZiAgODM3OC8xLzEgIDgzNzkvMi8xICA4Mjc4LzMvMSAgODI3Ny80LzEgDQpmICA4Mzc5LzEvMSAgODM4MC8yLzEgIDgyNzkvMy8xICA4Mjc4LzQvMSANCmYgIDgzODAvMS8xICA4MzgxLzIvMSAgODI4MC8zLzEgIDgyNzkvNC8xIA0KZiAgODM4MS8xLzEgIDgzODIvMi8xICA4MjgxLzMvMSAgODI4MC80LzEgDQpmICA4MzgyLzEvMSAgODM4My8yLzEgIDgyODIvMy8xICA4MjgxLzQvMSANCmYgIDgzODQvMS8xICA4Mzg1LzIvMSAgODI4NC8zLzEgIDgyODMvNC8xIA0KZiAgODM4NS8xLzEgIDgzODYvMi8xICA4Mjg1LzMvMSAgODI4NC80LzEgDQpmICA4Mzg2LzEvMSAgODM4Ny8yLzEgIDgyODYvMy8xICA4Mjg1LzQvMSANCmYgIDgzODcvMS8xICA4Mzg4LzIvMSAgODI4Ny8zLzEgIDgyODYvNC8xIA0KZiAgODM4OC8xLzEgIDgzODkvMi8xICA4Mjg4LzMvMSAgODI4Ny80LzEgDQpmICA4Mzg5LzEvMSAgODM5MC8yLzEgIDgyODkvMy8xICA4Mjg4LzQvMSANCmYgIDgzOTAvMS8xICA4MzkxLzIvMSAgODI5MC8zLzEgIDgyODkvNC8xIA0KZiAgODM5MS8xLzEgIDgzOTIvMi8xICA4MjkxLzMvMSAgODI5MC80LzEgDQpmICA4MzkyLzEvMSAgODM5My8yLzEgIDgyOTIvMy8xICA4MjkxLzQvMSANCmYgIDgzOTMvMS8xICA4Mzk0LzIvMSAgODI5My8zLzEgIDgyOTIvNC8xIA0KZiAgODM5NC8xLzEgIDgzOTUvMi8xICA4Mjk0LzMvMSAgODI5My80LzEgDQpmICA4Mzk1LzEvMSAgODM5Ni8yLzEgIDgyOTUvMy8xICA4Mjk0LzQvMSANCmYgIDgzOTYvMS8xICA4Mzk3LzIvMSAgODI5Ni8zLzEgIDgyOTUvNC8xIA0KZiAgODM5Ny8xLzEgIDgzOTgvMi8xICA4Mjk3LzMvMSAgODI5Ni80LzEgDQpmICA4Mzk4LzEvMSAgODM5OS8yLzEgIDgyOTgvMy8xICA4Mjk3LzQvMSANCmYgIDgzOTkvMS8xICA4NDAwLzIvMSAgODI5OS8zLzEgIDgyOTgvNC8xIA0KZiAgODQwMC8xLzEgIDg0MDEvMi8xICA4MzAwLzMvMSAgODI5OS80LzEgDQpmICA4NDAxLzEvMSAgODQwMi8yLzEgIDgzMDEvMy8xICA4MzAwLzQvMSANCmYgIDg0MDIvMS8xICA4NDAzLzIvMSAgODMwMi8zLzEgIDgzMDEvNC8xIA0KZiAgODQwMy8xLzEgIDg0MDQvMi8xICA4MzAzLzMvMSAgODMwMi80LzEgDQpmICA4NDA0LzEvMSAgODQwNS8yLzEgIDgzMDQvMy8xICA4MzAzLzQvMSANCmYgIDg0MDUvMS8xICA4NDA2LzIvMSAgODMwNS8zLzEgIDgzMDQvNC8xIA0KZiAgODQwNi8xLzEgIDg0MDcvMi8xICA4MzA2LzMvMSAgODMwNS80LzEgDQpmICA4NDA3LzEvMSAgODQwOC8yLzEgIDgzMDcvMy8xICA4MzA2LzQvMSANCmYgIDg0MDgvMS8xICA4NDA5LzIvMSAgODMwOC8zLzEgIDgzMDcvNC8xIA0KZiAgODQwOS8xLzEgIDg0MTAvMi8xICA4MzA5LzMvMSAgODMwOC80LzEgDQpmICA4NDEwLzEvMSAgODQxMS8yLzEgIDgzMTAvMy8xICA4MzA5LzQvMSANCmYgIDg0MTEvMS8xICA4NDEyLzIvMSAgODMxMS8zLzEgIDgzMTAvNC8xIA0KZiAgODQxMi8xLzEgIDg0MTMvMi8xICA4MzEyLzMvMSAgODMxMS80LzEgDQpmICA4NDEzLzEvMSAgODQxNC8yLzEgIDgzMTMvMy8xICA4MzEyLzQvMSANCmYgIDg0MTQvMS8xICA4NDE1LzIvMSAgODMxNC8zLzEgIDgzMTMvNC8xIA0KZiAgODQxNS8xLzEgIDg0MTYvMi8xICA4MzE1LzMvMSAgODMxNC80LzEgDQpmICA4NDE2LzEvMSAgODQxNy8yLzEgIDgzMTYvMy8xICA4MzE1LzQvMSANCmYgIDg0MTcvMS8xICA4NDE4LzIvMSAgODMxNy8zLzEgIDgzMTYvNC8xIA0KZiAgODQxOC8xLzEgIDg0MTkvMi8xICA4MzE4LzMvMSAgODMxNy80LzEgDQpmICA4NDE5LzEvMSAgODQyMC8yLzEgIDgzMTkvMy8xICA4MzE4LzQvMSANCmYgIDg0MjAvMS8xICA4NDIxLzIvMSAgODMyMC8zLzEgIDgzMTkvNC8xIA0KZiAgODQyMS8xLzEgIDg0MjIvMi8xICA4MzIxLzMvMSAgODMyMC80LzEgDQpmICA4NDIyLzEvMSAgODQyMy8yLzEgIDgzMjIvMy8xICA4MzIxLzQvMSANCmYgIDg0MjMvMS8xICA4NDI0LzIvMSAgODMyMy8zLzEgIDgzMjIvNC8xIA0KZiAgODQyNC8xLzEgIDg0MjUvMi8xICA4MzI0LzMvMSAgODMyMy80LzEgDQpmICA4NDI1LzEvMSAgODQyNi8yLzEgIDgzMjUvMy8xICA4MzI0LzQvMSANCmYgIDg0MjYvMS8xICA4NDI3LzIvMSAgODMyNi8zLzEgIDgzMjUvNC8xIA0KZiAgODQyNy8xLzEgIDg0MjgvMi8xICA4MzI3LzMvMSAgODMyNi80LzEgDQpmICA4NDI4LzEvMSAgODQyOS8yLzEgIDgzMjgvMy8xICA4MzI3LzQvMSANCmYgIDg0MjkvMS8xICA4NDMwLzIvMSAgODMyOS8zLzEgIDgzMjgvNC8xIA0KZiAgODQzMC8xLzEgIDg0MzEvMi8xICA4MzMwLzMvMSAgODMyOS80LzEgDQpmICA4NDMxLzEvMSAgODQzMi8yLzEgIDgzMzEvMy8xICA4MzMwLzQvMSANCmYgIDg0MzIvMS8xICA4NDMzLzIvMSAgODMzMi8zLzEgIDgzMzEvNC8xIA0KZiAgODQzMy8xLzEgIDg0MzQvMi8xICA4MzMzLzMvMSAgODMzMi80LzEgDQpmICA4NDM0LzEvMSAgODQzNS8yLzEgIDgzMzQvMy8xICA4MzMzLzQvMSANCmYgIDg0MzUvMS8xICA4NDM2LzIvMSAgODMzNS8zLzEgIDgzMzQvNC8xIA0KZiAgODQzNi8xLzEgIDg0MzcvMi8xICA4MzM2LzMvMSAgODMzNS80LzEgDQpmICA4NDM3LzEvMSAgODQzOC8yLzEgIDgzMzcvMy8xICA4MzM2LzQvMSANCmYgIDg0MzgvMS8xICA4NDM5LzIvMSAgODMzOC8zLzEgIDgzMzcvNC8xIA0KZiAgODQzOS8xLzEgIDg0NDAvMi8xICA4MzM5LzMvMSAgODMzOC80LzEgDQpmICA4NDQwLzEvMSAgODQ0MS8yLzEgIDgzNDAvMy8xICA4MzM5LzQvMSANCmYgIDg0NDEvMS8xICA4NDQyLzIvMSAgODM0MS8zLzEgIDgzNDAvNC8xIA0KZiAgODQ0Mi8xLzEgIDg0NDMvMi8xICA4MzQyLzMvMSAgODM0MS80LzEgDQpmICA4NDQzLzEvMSAgODQ0NC8yLzEgIDgzNDMvMy8xICA4MzQyLzQvMSANCmYgIDg0NDQvMS8xICA4NDQ1LzIvMSAgODM0NC8zLzEgIDgzNDMvNC8xIA0KZiAgODQ0NS8xLzEgIDg0NDYvMi8xICA4MzQ1LzMvMSAgODM0NC80LzEgDQpmICA4NDQ2LzEvMSAgODQ0Ny8yLzEgIDgzNDYvMy8xICA4MzQ1LzQvMSANCmYgIDg0NDcvMS8xICA4NDQ4LzIvMSAgODM0Ny8zLzEgIDgzNDYvNC8xIA0KZiAgODQ0OC8xLzEgIDg0NDkvMi8xICA4MzQ4LzMvMSAgODM0Ny80LzEgDQpmICA4NDQ5LzEvMSAgODQ1MC8yLzEgIDgzNDkvMy8xICA4MzQ4LzQvMSANCmYgIDg0NTAvMS8xICA4NDUxLzIvMSAgODM1MC8zLzEgIDgzNDkvNC8xIA0KZiAgODQ1MS8xLzEgIDg0NTIvMi8xICA4MzUxLzMvMSAgODM1MC80LzEgDQpmICA4NDUyLzEvMSAgODQ1My8yLzEgIDgzNTIvMy8xICA4MzUxLzQvMSANCmYgIDg0NTMvMS8xICA4NDU0LzIvMSAgODM1My8zLzEgIDgzNTIvNC8xIA0KZiAgODQ1NC8xLzEgIDg0NTUvMi8xICA4MzU0LzMvMSAgODM1My80LzEgDQpmICA4NDU1LzEvMSAgODQ1Ni8yLzEgIDgzNTUvMy8xICA4MzU0LzQvMSANCmYgIDg0NTYvMS8xICA4NDU3LzIvMSAgODM1Ni8zLzEgIDgzNTUvNC8xIA0KZiAgODQ1Ny8xLzEgIDg0NTgvMi8xICA4MzU3LzMvMSAgODM1Ni80LzEgDQpmICA4NDU4LzEvMSAgODQ1OS8yLzEgIDgzNTgvMy8xICA4MzU3LzQvMSANCmYgIDg0NTkvMS8xICA4NDYwLzIvMSAgODM1OS8zLzEgIDgzNTgvNC8xIA0KZiAgODQ2MC8xLzEgIDg0NjEvMi8xICA4MzYwLzMvMSAgODM1OS80LzEgDQpmICA4NDYxLzEvMSAgODQ2Mi8yLzEgIDgzNjEvMy8xICA4MzYwLzQvMSANCmYgIDg0NjIvMS8xICA4NDYzLzIvMSAgODM2Mi8zLzEgIDgzNjEvNC8xIA0KZiAgODQ2My8xLzEgIDg0NjQvMi8xICA4MzYzLzMvMSAgODM2Mi80LzEgDQpmICA4NDY0LzEvMSAgODQ2NS8yLzEgIDgzNjQvMy8xICA4MzYzLzQvMSANCmYgIDg0NjUvMS8xICA4NDY2LzIvMSAgODM2NS8zLzEgIDgzNjQvNC8xIA0KZiAgODQ2Ni8xLzEgIDg0NjcvMi8xICA4MzY2LzMvMSAgODM2NS80LzEgDQpmICA4NDY3LzEvMSAgODQ2OC8yLzEgIDgzNjcvMy8xICA4MzY2LzQvMSANCmYgIDg0NjgvMS8xICA4NDY5LzIvMSAgODM2OC8zLzEgIDgzNjcvNC8xIA0KZiAgODQ2OS8xLzEgIDg0NzAvMi8xICA4MzY5LzMvMSAgODM2OC80LzEgDQpmICA4NDcwLzEvMSAgODQ3MS8yLzEgIDgzNzAvMy8xICA4MzY5LzQvMSANCmYgIDg0NzEvMS8xICA4NDcyLzIvMSAgODM3MS8zLzEgIDgzNzAvNC8xIA0KZiAgODQ3Mi8xLzEgIDg0NzMvMi8xICA4MzcyLzMvMSAgODM3MS80LzEgDQpmICA4NDczLzEvMSAgODQ3NC8yLzEgIDgzNzMvMy8xICA4MzcyLzQvMSANCmYgIDg0NzQvMS8xICA4NDc1LzIvMSAgODM3NC8zLzEgIDgzNzMvNC8xIA0KZiAgODQ3NS8xLzEgIDg0NzYvMi8xICA4Mzc1LzMvMSAgODM3NC80LzEgDQpmICA4NDc2LzEvMSAgODQ3Ny8yLzEgIDgzNzYvMy8xICA4Mzc1LzQvMSANCmYgIDg0NzcvMS8xICA4NDc4LzIvMSAgODM3Ny8zLzEgIDgzNzYvNC8xIA0KZiAgODQ3OC8xLzEgIDg0NzkvMi8xICA4Mzc4LzMvMSAgODM3Ny80LzEgDQpmICA4NDc5LzEvMSAgODQ4MC8yLzEgIDgzNzkvMy8xICA4Mzc4LzQvMSANCmYgIDg0ODAvMS8xICA4NDgxLzIvMSAgODM4MC8zLzEgIDgzNzkvNC8xIA0KZiAgODQ4MS8xLzEgIDg0ODIvMi8xICA4MzgxLzMvMSAgODM4MC80LzEgDQpmICA4NDgyLzEvMSAgODQ4My8yLzEgIDgzODIvMy8xICA4MzgxLzQvMSANCmYgIDg0ODMvMS8xICA4NDg0LzIvMSAgODM4My8zLzEgIDgzODIvNC8xIA0KZiAgODQ4NS8xLzEgIDg0ODYvMi8xICA4Mzg1LzMvMSAgODM4NC80LzEgDQpmICA4NDg2LzEvMSAgODQ4Ny8yLzEgIDgzODYvMy8xICA4Mzg1LzQvMSANCmYgIDg0ODcvMS8xICA4NDg4LzIvMSAgODM4Ny8zLzEgIDgzODYvNC8xIA0KZiAgODQ4OC8xLzEgIDg0ODkvMi8xICA4Mzg4LzMvMSAgODM4Ny80LzEgDQpmICA4NDg5LzEvMSAgODQ5MC8yLzEgIDgzODkvMy8xICA4Mzg4LzQvMSANCmYgIDg0OTAvMS8xICA4NDkxLzIvMSAgODM5MC8zLzEgIDgzODkvNC8xIA0KZiAgODQ5MS8xLzEgIDg0OTIvMi8xICA4MzkxLzMvMSAgODM5MC80LzEgDQpmICA4NDkyLzEvMSAgODQ5My8yLzEgIDgzOTIvMy8xICA4MzkxLzQvMSANCmYgIDg0OTMvMS8xICA4NDk0LzIvMSAgODM5My8zLzEgIDgzOTIvNC8xIA0KZiAgODQ5NC8xLzEgIDg0OTUvMi8xICA4Mzk0LzMvMSAgODM5My80LzEgDQpmICA4NDk1LzEvMSAgODQ5Ni8yLzEgIDgzOTUvMy8xICA4Mzk0LzQvMSANCmYgIDg0OTYvMS8xICA4NDk3LzIvMSAgODM5Ni8zLzEgIDgzOTUvNC8xIA0KZiAgODQ5Ny8xLzEgIDg0OTgvMi8xICA4Mzk3LzMvMSAgODM5Ni80LzEgDQpmICA4NDk4LzEvMSAgODQ5OS8yLzEgIDgzOTgvMy8xICA4Mzk3LzQvMSANCmYgIDg0OTkvMS8xICA4NTAwLzIvMSAgODM5OS8zLzEgIDgzOTgvNC8xIA0KZiAgODUwMC8xLzEgIDg1MDEvMi8xICA4NDAwLzMvMSAgODM5OS80LzEgDQpmICA4NTAxLzEvMSAgODUwMi8yLzEgIDg0MDEvMy8xICA4NDAwLzQvMSANCmYgIDg1MDIvMS8xICA4NTAzLzIvMSAgODQwMi8zLzEgIDg0MDEvNC8xIA0KZiAgODUwMy8xLzEgIDg1MDQvMi8xICA4NDAzLzMvMSAgODQwMi80LzEgDQpmICA4NTA0LzEvMSAgODUwNS8yLzEgIDg0MDQvMy8xICA4NDAzLzQvMSANCmYgIDg1MDUvMS8xICA4NTA2LzIvMSAgODQwNS8zLzEgIDg0MDQvNC8xIA0KZiAgODUwNi8xLzEgIDg1MDcvMi8xICA4NDA2LzMvMSAgODQwNS80LzEgDQpmICA4NTA3LzEvMSAgODUwOC8yLzEgIDg0MDcvMy8xICA4NDA2LzQvMSANCmYgIDg1MDgvMS8xICA4NTA5LzIvMSAgODQwOC8zLzEgIDg0MDcvNC8xIA0KZiAgODUwOS8xLzEgIDg1MTAvMi8xICA4NDA5LzMvMSAgODQwOC80LzEgDQpmICA4NTEwLzEvMSAgODUxMS8yLzEgIDg0MTAvMy8xICA4NDA5LzQvMSANCmYgIDg1MTEvMS8xICA4NTEyLzIvMSAgODQxMS8zLzEgIDg0MTAvNC8xIA0KZiAgODUxMi8xLzEgIDg1MTMvMi8xICA4NDEyLzMvMSAgODQxMS80LzEgDQpmICA4NTEzLzEvMSAgODUxNC8yLzEgIDg0MTMvMy8xICA4NDEyLzQvMSANCmYgIDg1MTQvMS8xICA4NTE1LzIvMSAgODQxNC8zLzEgIDg0MTMvNC8xIA0KZiAgODUxNS8xLzEgIDg1MTYvMi8xICA4NDE1LzMvMSAgODQxNC80LzEgDQpmICA4NTE2LzEvMSAgODUxNy8yLzEgIDg0MTYvMy8xICA4NDE1LzQvMSANCmYgIDg1MTcvMS8xICA4NTE4LzIvMSAgODQxNy8zLzEgIDg0MTYvNC8xIA0KZiAgODUxOC8xLzEgIDg1MTkvMi8xICA4NDE4LzMvMSAgODQxNy80LzEgDQpmICA4NTE5LzEvMSAgODUyMC8yLzEgIDg0MTkvMy8xICA4NDE4LzQvMSANCmYgIDg1MjAvMS8xICA4NTIxLzIvMSAgODQyMC8zLzEgIDg0MTkvNC8xIA0KZiAgODUyMS8xLzEgIDg1MjIvMi8xICA4NDIxLzMvMSAgODQyMC80LzEgDQpmICA4NTIyLzEvMSAgODUyMy8yLzEgIDg0MjIvMy8xICA4NDIxLzQvMSANCmYgIDg1MjMvMS8xICA4NTI0LzIvMSAgODQyMy8zLzEgIDg0MjIvNC8xIA0KZiAgODUyNC8xLzEgIDg1MjUvMi8xICA4NDI0LzMvMSAgODQyMy80LzEgDQpmICA4NTI1LzEvMSAgODUyNi8yLzEgIDg0MjUvMy8xICA4NDI0LzQvMSANCmYgIDg1MjYvMS8xICA4NTI3LzIvMSAgODQyNi8zLzEgIDg0MjUvNC8xIA0KZiAgODUyNy8xLzEgIDg1MjgvMi8xICA4NDI3LzMvMSAgODQyNi80LzEgDQpmICA4NTI4LzEvMSAgODUyOS8yLzEgIDg0MjgvMy8xICA4NDI3LzQvMSANCmYgIDg1MjkvMS8xICA4NTMwLzIvMSAgODQyOS8zLzEgIDg0MjgvNC8xIA0KZiAgODUzMC8xLzEgIDg1MzEvMi8xICA4NDMwLzMvMSAgODQyOS80LzEgDQpmICA4NTMxLzEvMSAgODUzMi8yLzEgIDg0MzEvMy8xICA4NDMwLzQvMSANCmYgIDg1MzIvMS8xICA4NTMzLzIvMSAgODQzMi8zLzEgIDg0MzEvNC8xIA0KZiAgODUzMy8xLzEgIDg1MzQvMi8xICA4NDMzLzMvMSAgODQzMi80LzEgDQpmICA4NTM0LzEvMSAgODUzNS8yLzEgIDg0MzQvMy8xICA4NDMzLzQvMSANCmYgIDg1MzUvMS8xICA4NTM2LzIvMSAgODQzNS8zLzEgIDg0MzQvNC8xIA0KZiAgODUzNi8xLzEgIDg1MzcvMi8xICA4NDM2LzMvMSAgODQzNS80LzEgDQpmICA4NTM3LzEvMSAgODUzOC8yLzEgIDg0MzcvMy8xICA4NDM2LzQvMSANCmYgIDg1MzgvMS8xICA4NTM5LzIvMSAgODQzOC8zLzEgIDg0MzcvNC8xIA0KZiAgODUzOS8xLzEgIDg1NDAvMi8xICA4NDM5LzMvMSAgODQzOC80LzEgDQpmICA4NTQwLzEvMSAgODU0MS8yLzEgIDg0NDAvMy8xICA4NDM5LzQvMSANCmYgIDg1NDEvMS8xICA4NTQyLzIvMSAgODQ0MS8zLzEgIDg0NDAvNC8xIA0KZiAgODU0Mi8xLzEgIDg1NDMvMi8xICA4NDQyLzMvMSAgODQ0MS80LzEgDQpmICA4NTQzLzEvMSAgODU0NC8yLzEgIDg0NDMvMy8xICA4NDQyLzQvMSANCmYgIDg1NDQvMS8xICA4NTQ1LzIvMSAgODQ0NC8zLzEgIDg0NDMvNC8xIA0KZiAgODU0NS8xLzEgIDg1NDYvMi8xICA4NDQ1LzMvMSAgODQ0NC80LzEgDQpmICA4NTQ2LzEvMSAgODU0Ny8yLzEgIDg0NDYvMy8xICA4NDQ1LzQvMSANCmYgIDg1NDcvMS8xICA4NTQ4LzIvMSAgODQ0Ny8zLzEgIDg0NDYvNC8xIA0KZiAgODU0OC8xLzEgIDg1NDkvMi8xICA4NDQ4LzMvMSAgODQ0Ny80LzEgDQpmICA4NTQ5LzEvMSAgODU1MC8yLzEgIDg0NDkvMy8xICA4NDQ4LzQvMSANCmYgIDg1NTAvMS8xICA4NTUxLzIvMSAgODQ1MC8zLzEgIDg0NDkvNC8xIA0KZiAgODU1MS8xLzEgIDg1NTIvMi8xICA4NDUxLzMvMSAgODQ1MC80LzEgDQpmICA4NTUyLzEvMSAgODU1My8yLzEgIDg0NTIvMy8xICA4NDUxLzQvMSANCmYgIDg1NTMvMS8xICA4NTU0LzIvMSAgODQ1My8zLzEgIDg0NTIvNC8xIA0KZiAgODU1NC8xLzEgIDg1NTUvMi8xICA4NDU0LzMvMSAgODQ1My80LzEgDQpmICA4NTU1LzEvMSAgODU1Ni8yLzEgIDg0NTUvMy8xICA4NDU0LzQvMSANCmYgIDg1NTYvMS8xICA4NTU3LzIvMSAgODQ1Ni8zLzEgIDg0NTUvNC8xIA0KZiAgODU1Ny8xLzEgIDg1NTgvMi8xICA4NDU3LzMvMSAgODQ1Ni80LzEgDQpmICA4NTU4LzEvMSAgODU1OS8yLzEgIDg0NTgvMy8xICA4NDU3LzQvMSANCmYgIDg1NTkvMS8xICA4NTYwLzIvMSAgODQ1OS8zLzEgIDg0NTgvNC8xIA0KZiAgODU2MC8xLzEgIDg1NjEvMi8xICA4NDYwLzMvMSAgODQ1OS80LzEgDQpmICA4NTYxLzEvMSAgODU2Mi8yLzEgIDg0NjEvMy8xICA4NDYwLzQvMSANCmYgIDg1NjIvMS8xICA4NTYzLzIvMSAgODQ2Mi8zLzEgIDg0NjEvNC8xIA0KZiAgODU2My8xLzEgIDg1NjQvMi8xICA4NDYzLzMvMSAgODQ2Mi80LzEgDQpmICA4NTY0LzEvMSAgODU2NS8yLzEgIDg0NjQvMy8xICA4NDYzLzQvMSANCmYgIDg1NjUvMS8xICA4NTY2LzIvMSAgODQ2NS8zLzEgIDg0NjQvNC8xIA0KZiAgODU2Ni8xLzEgIDg1NjcvMi8xICA4NDY2LzMvMSAgODQ2NS80LzEgDQpmICA4NTY3LzEvMSAgODU2OC8yLzEgIDg0NjcvMy8xICA4NDY2LzQvMSANCmYgIDg1NjgvMS8xICA4NTY5LzIvMSAgODQ2OC8zLzEgIDg0NjcvNC8xIA0KZiAgODU2OS8xLzEgIDg1NzAvMi8xICA4NDY5LzMvMSAgODQ2OC80LzEgDQpmICA4NTcwLzEvMSAgODU3MS8yLzEgIDg0NzAvMy8xICA4NDY5LzQvMSANCmYgIDg1NzEvMS8xICA4NTcyLzIvMSAgODQ3MS8zLzEgIDg0NzAvNC8xIA0KZiAgODU3Mi8xLzEgIDg1NzMvMi8xICA4NDcyLzMvMSAgODQ3MS80LzEgDQpmICA4NTczLzEvMSAgODU3NC8yLzEgIDg0NzMvMy8xICA4NDcyLzQvMSANCmYgIDg1NzQvMS8xICA4NTc1LzIvMSAgODQ3NC8zLzEgIDg0NzMvNC8xIA0KZiAgODU3NS8xLzEgIDg1NzYvMi8xICA4NDc1LzMvMSAgODQ3NC80LzEgDQpmICA4NTc2LzEvMSAgODU3Ny8yLzEgIDg0NzYvMy8xICA4NDc1LzQvMSANCmYgIDg1NzcvMS8xICA4NTc4LzIvMSAgODQ3Ny8zLzEgIDg0NzYvNC8xIA0KZiAgODU3OC8xLzEgIDg1NzkvMi8xICA4NDc4LzMvMSAgODQ3Ny80LzEgDQpmICA4NTc5LzEvMSAgODU4MC8yLzEgIDg0NzkvMy8xICA4NDc4LzQvMSANCmYgIDg1ODAvMS8xICA4NTgxLzIvMSAgODQ4MC8zLzEgIDg0NzkvNC8xIA0KZiAgODU4MS8xLzEgIDg1ODIvMi8xICA4NDgxLzMvMSAgODQ4MC80LzEgDQpmICA4NTgyLzEvMSAgODU4My8yLzEgIDg0ODIvMy8xICA4NDgxLzQvMSANCmYgIDg1ODMvMS8xICA4NTg0LzIvMSAgODQ4My8zLzEgIDg0ODIvNC8xIA0KZiAgODU4NC8xLzEgIDg1ODUvMi8xICA4NDg0LzMvMSAgODQ4My80LzEgDQpmICA4NTg2LzEvMSAgODU4Ny8yLzEgIDg0ODYvMy8xICA4NDg1LzQvMSANCmYgIDg1ODcvMS8xICA4NTg4LzIvMSAgODQ4Ny8zLzEgIDg0ODYvNC8xIA0KZiAgODU4OC8xLzEgIDg1ODkvMi8xICA4NDg4LzMvMSAgODQ4Ny80LzEgDQpmICA4NTg5LzEvMSAgODU5MC8yLzEgIDg0ODkvMy8xICA4NDg4LzQvMSANCmYgIDg1OTAvMS8xICA4NTkxLzIvMSAgODQ5MC8zLzEgIDg0ODkvNC8xIA0KZiAgODU5MS8xLzEgIDg1OTIvMi8xICA4NDkxLzMvMSAgODQ5MC80LzEgDQpmICA4NTkyLzEvMSAgODU5My8yLzEgIDg0OTIvMy8xICA4NDkxLzQvMSANCmYgIDg1OTMvMS8xICA4NTk0LzIvMSAgODQ5My8zLzEgIDg0OTIvNC8xIA0KZiAgODU5NC8xLzEgIDg1OTUvMi8xICA4NDk0LzMvMSAgODQ5My80LzEgDQpmICA4NTk1LzEvMSAgODU5Ni8yLzEgIDg0OTUvMy8xICA4NDk0LzQvMSANCmYgIDg1OTYvMS8xICA4NTk3LzIvMSAgODQ5Ni8zLzEgIDg0OTUvNC8xIA0KZiAgODU5Ny8xLzEgIDg1OTgvMi8xICA4NDk3LzMvMSAgODQ5Ni80LzEgDQpmICA4NTk4LzEvMSAgODU5OS8yLzEgIDg0OTgvMy8xICA4NDk3LzQvMSANCmYgIDg1OTkvMS8xICA4NjAwLzIvMSAgODQ5OS8zLzEgIDg0OTgvNC8xIA0KZiAgODYwMC8xLzEgIDg2MDEvMi8xICA4NTAwLzMvMSAgODQ5OS80LzEgDQpmICA4NjAxLzEvMSAgODYwMi8yLzEgIDg1MDEvMy8xICA4NTAwLzQvMSANCmYgIDg2MDIvMS8xICA4NjAzLzIvMSAgODUwMi8zLzEgIDg1MDEvNC8xIA0KZiAgODYwMy8xLzEgIDg2MDQvMi8xICA4NTAzLzMvMSAgODUwMi80LzEgDQpmICA4NjA0LzEvMSAgODYwNS8yLzEgIDg1MDQvMy8xICA4NTAzLzQvMSANCmYgIDg2MDUvMS8xICA4NjA2LzIvMSAgODUwNS8zLzEgIDg1MDQvNC8xIA0KZiAgODYwNi8xLzEgIDg2MDcvMi8xICA4NTA2LzMvMSAgODUwNS80LzEgDQpmICA4NjA3LzEvMSAgODYwOC8yLzEgIDg1MDcvMy8xICA4NTA2LzQvMSANCmYgIDg2MDgvMS8xICA4NjA5LzIvMSAgODUwOC8zLzEgIDg1MDcvNC8xIA0KZiAgODYwOS8xLzEgIDg2MTAvMi8xICA4NTA5LzMvMSAgODUwOC80LzEgDQpmICA4NjEwLzEvMSAgODYxMS8yLzEgIDg1MTAvMy8xICA4NTA5LzQvMSANCmYgIDg2MTEvMS8xICA4NjEyLzIvMSAgODUxMS8zLzEgIDg1MTAvNC8xIA0KZiAgODYxMi8xLzEgIDg2MTMvMi8xICA4NTEyLzMvMSAgODUxMS80LzEgDQpmICA4NjEzLzEvMSAgODYxNC8yLzEgIDg1MTMvMy8xICA4NTEyLzQvMSANCmYgIDg2MTQvMS8xICA4NjE1LzIvMSAgODUxNC8zLzEgIDg1MTMvNC8xIA0KZiAgODYxNS8xLzEgIDg2MTYvMi8xICA4NTE1LzMvMSAgODUxNC80LzEgDQpmICA4NjE2LzEvMSAgODYxNy8yLzEgIDg1MTYvMy8xICA4NTE1LzQvMSANCmYgIDg2MTcvMS8xICA4NjE4LzIvMSAgODUxNy8zLzEgIDg1MTYvNC8xIA0KZiAgODYxOC8xLzEgIDg2MTkvMi8xICA4NTE4LzMvMSAgODUxNy80LzEgDQpmICA4NjE5LzEvMSAgODYyMC8yLzEgIDg1MTkvMy8xICA4NTE4LzQvMSANCmYgIDg2MjAvMS8xICA4NjIxLzIvMSAgODUyMC8zLzEgIDg1MTkvNC8xIA0KZiAgODYyMS8xLzEgIDg2MjIvMi8xICA4NTIxLzMvMSAgODUyMC80LzEgDQpmICA4NjIyLzEvMSAgODYyMy8yLzEgIDg1MjIvMy8xICA4NTIxLzQvMSANCmYgIDg2MjMvMS8xICA4NjI0LzIvMSAgODUyMy8zLzEgIDg1MjIvNC8xIA0KZiAgODYyNC8xLzEgIDg2MjUvMi8xICA4NTI0LzMvMSAgODUyMy80LzEgDQpmICA4NjI1LzEvMSAgODYyNi8yLzEgIDg1MjUvMy8xICA4NTI0LzQvMSANCmYgIDg2MjYvMS8xICA4NjI3LzIvMSAgODUyNi8zLzEgIDg1MjUvNC8xIA0KZiAgODYyNy8xLzEgIDg2MjgvMi8xICA4NTI3LzMvMSAgODUyNi80LzEgDQpmICA4NjI4LzEvMSAgODYyOS8yLzEgIDg1MjgvMy8xICA4NTI3LzQvMSANCmYgIDg2MjkvMS8xICA4NjMwLzIvMSAgODUyOS8zLzEgIDg1MjgvNC8xIA0KZiAgODYzMC8xLzEgIDg2MzEvMi8xICA4NTMwLzMvMSAgODUyOS80LzEgDQpmICA4NjMxLzEvMSAgODYzMi8yLzEgIDg1MzEvMy8xICA4NTMwLzQvMSANCmYgIDg2MzIvMS8xICA4NjMzLzIvMSAgODUzMi8zLzEgIDg1MzEvNC8xIA0KZiAgODYzMy8xLzEgIDg2MzQvMi8xICA4NTMzLzMvMSAgODUzMi80LzEgDQpmICA4NjM0LzEvMSAgODYzNS8yLzEgIDg1MzQvMy8xICA4NTMzLzQvMSANCmYgIDg2MzUvMS8xICA4NjM2LzIvMSAgODUzNS8zLzEgIDg1MzQvNC8xIA0KZiAgODYzNi8xLzEgIDg2MzcvMi8xICA4NTM2LzMvMSAgODUzNS80LzEgDQpmICA4NjM3LzEvMSAgODYzOC8yLzEgIDg1MzcvMy8xICA4NTM2LzQvMSANCmYgIDg2MzgvMS8xICA4NjM5LzIvMSAgODUzOC8zLzEgIDg1MzcvNC8xIA0KZiAgODYzOS8xLzEgIDg2NDAvMi8xICA4NTM5LzMvMSAgODUzOC80LzEgDQpmICA4NjQwLzEvMSAgODY0MS8yLzEgIDg1NDAvMy8xICA4NTM5LzQvMSANCmYgIDg2NDEvMS8xICA4NjQyLzIvMSAgODU0MS8zLzEgIDg1NDAvNC8xIA0KZiAgODY0Mi8xLzEgIDg2NDMvMi8xICA4NTQyLzMvMSAgODU0MS80LzEgDQpmICA4NjQzLzEvMSAgODY0NC8yLzEgIDg1NDMvMy8xICA4NTQyLzQvMSANCmYgIDg2NDQvMS8xICA4NjQ1LzIvMSAgODU0NC8zLzEgIDg1NDMvNC8xIA0KZiAgODY0NS8xLzEgIDg2NDYvMi8xICA4NTQ1LzMvMSAgODU0NC80LzEgDQpmICA4NjQ2LzEvMSAgODY0Ny8yLzEgIDg1NDYvMy8xICA4NTQ1LzQvMSANCmYgIDg2NDcvMS8xICA4NjQ4LzIvMSAgODU0Ny8zLzEgIDg1NDYvNC8xIA0KZiAgODY0OC8xLzEgIDg2NDkvMi8xICA4NTQ4LzMvMSAgODU0Ny80LzEgDQpmICA4NjQ5LzEvMSAgODY1MC8yLzEgIDg1NDkvMy8xICA4NTQ4LzQvMSANCmYgIDg2NTAvMS8xICA4NjUxLzIvMSAgODU1MC8zLzEgIDg1NDkvNC8xIA0KZiAgODY1MS8xLzEgIDg2NTIvMi8xICA4NTUxLzMvMSAgODU1MC80LzEgDQpmICA4NjUyLzEvMSAgODY1My8yLzEgIDg1NTIvMy8xICA4NTUxLzQvMSANCmYgIDg2NTMvMS8xICA4NjU0LzIvMSAgODU1My8zLzEgIDg1NTIvNC8xIA0KZiAgODY1NC8xLzEgIDg2NTUvMi8xICA4NTU0LzMvMSAgODU1My80LzEgDQpmICA4NjU1LzEvMSAgODY1Ni8yLzEgIDg1NTUvMy8xICA4NTU0LzQvMSANCmYgIDg2NTYvMS8xICA4NjU3LzIvMSAgODU1Ni8zLzEgIDg1NTUvNC8xIA0KZiAgODY1Ny8xLzEgIDg2NTgvMi8xICA4NTU3LzMvMSAgODU1Ni80LzEgDQpmICA4NjU4LzEvMSAgODY1OS8yLzEgIDg1NTgvMy8xICA4NTU3LzQvMSANCmYgIDg2NTkvMS8xICA4NjYwLzIvMSAgODU1OS8zLzEgIDg1NTgvNC8xIA0KZiAgODY2MC8xLzEgIDg2NjEvMi8xICA4NTYwLzMvMSAgODU1OS80LzEgDQpmICA4NjYxLzEvMSAgODY2Mi8yLzEgIDg1NjEvMy8xICA4NTYwLzQvMSANCmYgIDg2NjIvMS8xICA4NjYzLzIvMSAgODU2Mi8zLzEgIDg1NjEvNC8xIA0KZiAgODY2My8xLzEgIDg2NjQvMi8xICA4NTYzLzMvMSAgODU2Mi80LzEgDQpmICA4NjY0LzEvMSAgODY2NS8yLzEgIDg1NjQvMy8xICA4NTYzLzQvMSANCmYgIDg2NjUvMS8xICA4NjY2LzIvMSAgODU2NS8zLzEgIDg1NjQvNC8xIA0KZiAgODY2Ni8xLzEgIDg2NjcvMi8xICA4NTY2LzMvMSAgODU2NS80LzEgDQpmICA4NjY3LzEvMSAgODY2OC8yLzEgIDg1NjcvMy8xICA4NTY2LzQvMSANCmYgIDg2NjgvMS8xICA4NjY5LzIvMSAgODU2OC8zLzEgIDg1NjcvNC8xIA0KZiAgODY2OS8xLzEgIDg2NzAvMi8xICA4NTY5LzMvMSAgODU2OC80LzEgDQpmICA4NjcwLzEvMSAgODY3MS8yLzEgIDg1NzAvMy8xICA4NTY5LzQvMSANCmYgIDg2NzEvMS8xICA4NjcyLzIvMSAgODU3MS8zLzEgIDg1NzAvNC8xIA0KZiAgODY3Mi8xLzEgIDg2NzMvMi8xICA4NTcyLzMvMSAgODU3MS80LzEgDQpmICA4NjczLzEvMSAgODY3NC8yLzEgIDg1NzMvMy8xICA4NTcyLzQvMSANCmYgIDg2NzQvMS8xICA4Njc1LzIvMSAgODU3NC8zLzEgIDg1NzMvNC8xIA0KZiAgODY3NS8xLzEgIDg2NzYvMi8xICA4NTc1LzMvMSAgODU3NC80LzEgDQpmICA4Njc2LzEvMSAgODY3Ny8yLzEgIDg1NzYvMy8xICA4NTc1LzQvMSANCmYgIDg2NzcvMS8xICA4Njc4LzIvMSAgODU3Ny8zLzEgIDg1NzYvNC8xIA0KZiAgODY3OC8xLzEgIDg2NzkvMi8xICA4NTc4LzMvMSAgODU3Ny80LzEgDQpmICA4Njc5LzEvMSAgODY4MC8yLzEgIDg1NzkvMy8xICA4NTc4LzQvMSANCmYgIDg2ODAvMS8xICA4NjgxLzIvMSAgODU4MC8zLzEgIDg1NzkvNC8xIA0KZiAgODY4MS8xLzEgIDg2ODIvMi8xICA4NTgxLzMvMSAgODU4MC80LzEgDQpmICA4NjgyLzEvMSAgODY4My8yLzEgIDg1ODIvMy8xICA4NTgxLzQvMSANCmYgIDg2ODMvMS8xICA4Njg0LzIvMSAgODU4My8zLzEgIDg1ODIvNC8xIA0KZiAgODY4NC8xLzEgIDg2ODUvMi8xICA4NTg0LzMvMSAgODU4My80LzEgDQpmICA4Njg1LzEvMSAgODY4Ni8yLzEgIDg1ODUvMy8xICA4NTg0LzQvMSANCmYgIDg2ODcvMS8xICA4Njg4LzIvMSAgODU4Ny8zLzEgIDg1ODYvNC8xIA0KZiAgODY4OC8xLzEgIDg2ODkvMi8xICA4NTg4LzMvMSAgODU4Ny80LzEgDQpmICA4Njg5LzEvMSAgODY5MC8yLzEgIDg1ODkvMy8xICA4NTg4LzQvMSANCmYgIDg2OTAvMS8xICA4NjkxLzIvMSAgODU5MC8zLzEgIDg1ODkvNC8xIA0KZiAgODY5MS8xLzEgIDg2OTIvMi8xICA4NTkxLzMvMSAgODU5MC80LzEgDQpmICA4NjkyLzEvMSAgODY5My8yLzEgIDg1OTIvMy8xICA4NTkxLzQvMSANCmYgIDg2OTMvMS8xICA4Njk0LzIvMSAgODU5My8zLzEgIDg1OTIvNC8xIA0KZiAgODY5NC8xLzEgIDg2OTUvMi8xICA4NTk0LzMvMSAgODU5My80LzEgDQpmICA4Njk1LzEvMSAgODY5Ni8yLzEgIDg1OTUvMy8xICA4NTk0LzQvMSANCmYgIDg2OTYvMS8xICA4Njk3LzIvMSAgODU5Ni8zLzEgIDg1OTUvNC8xIA0KZiAgODY5Ny8xLzEgIDg2OTgvMi8xICA4NTk3LzMvMSAgODU5Ni80LzEgDQpmICA4Njk4LzEvMSAgODY5OS8yLzEgIDg1OTgvMy8xICA4NTk3LzQvMSANCmYgIDg2OTkvMS8xICA4NzAwLzIvMSAgODU5OS8zLzEgIDg1OTgvNC8xIA0KZiAgODcwMC8xLzEgIDg3MDEvMi8xICA4NjAwLzMvMSAgODU5OS80LzEgDQpmICA4NzAxLzEvMSAgODcwMi8yLzEgIDg2MDEvMy8xICA4NjAwLzQvMSANCmYgIDg3MDIvMS8xICA4NzAzLzIvMSAgODYwMi8zLzEgIDg2MDEvNC8xIA0KZiAgODcwMy8xLzEgIDg3MDQvMi8xICA4NjAzLzMvMSAgODYwMi80LzEgDQpmICA4NzA0LzEvMSAgODcwNS8yLzEgIDg2MDQvMy8xICA4NjAzLzQvMSANCmYgIDg3MDUvMS8xICA4NzA2LzIvMSAgODYwNS8zLzEgIDg2MDQvNC8xIA0KZiAgODcwNi8xLzEgIDg3MDcvMi8xICA4NjA2LzMvMSAgODYwNS80LzEgDQpmICA4NzA3LzEvMSAgODcwOC8yLzEgIDg2MDcvMy8xICA4NjA2LzQvMSANCmYgIDg3MDgvMS8xICA4NzA5LzIvMSAgODYwOC8zLzEgIDg2MDcvNC8xIA0KZiAgODcwOS8xLzEgIDg3MTAvMi8xICA4NjA5LzMvMSAgODYwOC80LzEgDQpmICA4NzEwLzEvMSAgODcxMS8yLzEgIDg2MTAvMy8xICA4NjA5LzQvMSANCmYgIDg3MTEvMS8xICA4NzEyLzIvMSAgODYxMS8zLzEgIDg2MTAvNC8xIA0KZiAgODcxMi8xLzEgIDg3MTMvMi8xICA4NjEyLzMvMSAgODYxMS80LzEgDQpmICA4NzEzLzEvMSAgODcxNC8yLzEgIDg2MTMvMy8xICA4NjEyLzQvMSANCmYgIDg3MTQvMS8xICA4NzE1LzIvMSAgODYxNC8zLzEgIDg2MTMvNC8xIA0KZiAgODcxNS8xLzEgIDg3MTYvMi8xICA4NjE1LzMvMSAgODYxNC80LzEgDQpmICA4NzE2LzEvMSAgODcxNy8yLzEgIDg2MTYvMy8xICA4NjE1LzQvMSANCmYgIDg3MTcvMS8xICA4NzE4LzIvMSAgODYxNy8zLzEgIDg2MTYvNC8xIA0KZiAgODcxOC8xLzEgIDg3MTkvMi8xICA4NjE4LzMvMSAgODYxNy80LzEgDQpmICA4NzE5LzEvMSAgODcyMC8yLzEgIDg2MTkvMy8xICA4NjE4LzQvMSANCmYgIDg3MjAvMS8xICA4NzIxLzIvMSAgODYyMC8zLzEgIDg2MTkvNC8xIA0KZiAgODcyMS8xLzEgIDg3MjIvMi8xICA4NjIxLzMvMSAgODYyMC80LzEgDQpmICA4NzIyLzEvMSAgODcyMy8yLzEgIDg2MjIvMy8xICA4NjIxLzQvMSANCmYgIDg3MjMvMS8xICA4NzI0LzIvMSAgODYyMy8zLzEgIDg2MjIvNC8xIA0KZiAgODcyNC8xLzEgIDg3MjUvMi8xICA4NjI0LzMvMSAgODYyMy80LzEgDQpmICA4NzI1LzEvMSAgODcyNi8yLzEgIDg2MjUvMy8xICA4NjI0LzQvMSANCmYgIDg3MjYvMS8xICA4NzI3LzIvMSAgODYyNi8zLzEgIDg2MjUvNC8xIA0KZiAgODcyNy8xLzEgIDg3MjgvMi8xICA4NjI3LzMvMSAgODYyNi80LzEgDQpmICA4NzI4LzEvMSAgODcyOS8yLzEgIDg2MjgvMy8xICA4NjI3LzQvMSANCmYgIDg3MjkvMS8xICA4NzMwLzIvMSAgODYyOS8zLzEgIDg2MjgvNC8xIA0KZiAgODczMC8xLzEgIDg3MzEvMi8xICA4NjMwLzMvMSAgODYyOS80LzEgDQpmICA4NzMxLzEvMSAgODczMi8yLzEgIDg2MzEvMy8xICA4NjMwLzQvMSANCmYgIDg3MzIvMS8xICA4NzMzLzIvMSAgODYzMi8zLzEgIDg2MzEvNC8xIA0KZiAgODczMy8xLzEgIDg3MzQvMi8xICA4NjMzLzMvMSAgODYzMi80LzEgDQpmICA4NzM0LzEvMSAgODczNS8yLzEgIDg2MzQvMy8xICA4NjMzLzQvMSANCmYgIDg3MzUvMS8xICA4NzM2LzIvMSAgODYzNS8zLzEgIDg2MzQvNC8xIA0KZiAgODczNi8xLzEgIDg3MzcvMi8xICA4NjM2LzMvMSAgODYzNS80LzEgDQpmICA4NzM3LzEvMSAgODczOC8yLzEgIDg2MzcvMy8xICA4NjM2LzQvMSANCmYgIDg3MzgvMS8xICA4NzM5LzIvMSAgODYzOC8zLzEgIDg2MzcvNC8xIA0KZiAgODczOS8xLzEgIDg3NDAvMi8xICA4NjM5LzMvMSAgODYzOC80LzEgDQpmICA4NzQwLzEvMSAgODc0MS8yLzEgIDg2NDAvMy8xICA4NjM5LzQvMSANCmYgIDg3NDEvMS8xICA4NzQyLzIvMSAgODY0MS8zLzEgIDg2NDAvNC8xIA0KZiAgODc0Mi8xLzEgIDg3NDMvMi8xICA4NjQyLzMvMSAgODY0MS80LzEgDQpmICA4NzQzLzEvMSAgODc0NC8yLzEgIDg2NDMvMy8xICA4NjQyLzQvMSANCmYgIDg3NDQvMS8xICA4NzQ1LzIvMSAgODY0NC8zLzEgIDg2NDMvNC8xIA0KZiAgODc0NS8xLzEgIDg3NDYvMi8xICA4NjQ1LzMvMSAgODY0NC80LzEgDQpmICA4NzQ2LzEvMSAgODc0Ny8yLzEgIDg2NDYvMy8xICA4NjQ1LzQvMSANCmYgIDg3NDcvMS8xICA4NzQ4LzIvMSAgODY0Ny8zLzEgIDg2NDYvNC8xIA0KZiAgODc0OC8xLzEgIDg3NDkvMi8xICA4NjQ4LzMvMSAgODY0Ny80LzEgDQpmICA4NzQ5LzEvMSAgODc1MC8yLzEgIDg2NDkvMy8xICA4NjQ4LzQvMSANCmYgIDg3NTAvMS8xICA4NzUxLzIvMSAgODY1MC8zLzEgIDg2NDkvNC8xIA0KZiAgODc1MS8xLzEgIDg3NTIvMi8xICA4NjUxLzMvMSAgODY1MC80LzEgDQpmICA4NzUyLzEvMSAgODc1My8yLzEgIDg2NTIvMy8xICA4NjUxLzQvMSANCmYgIDg3NTMvMS8xICA4NzU0LzIvMSAgODY1My8zLzEgIDg2NTIvNC8xIA0KZiAgODc1NC8xLzEgIDg3NTUvMi8xICA4NjU0LzMvMSAgODY1My80LzEgDQpmICA4NzU1LzEvMSAgODc1Ni8yLzEgIDg2NTUvMy8xICA4NjU0LzQvMSANCmYgIDg3NTYvMS8xICA4NzU3LzIvMSAgODY1Ni8zLzEgIDg2NTUvNC8xIA0KZiAgODc1Ny8xLzEgIDg3NTgvMi8xICA4NjU3LzMvMSAgODY1Ni80LzEgDQpmICA4NzU4LzEvMSAgODc1OS8yLzEgIDg2NTgvMy8xICA4NjU3LzQvMSANCmYgIDg3NTkvMS8xICA4NzYwLzIvMSAgODY1OS8zLzEgIDg2NTgvNC8xIA0KZiAgODc2MC8xLzEgIDg3NjEvMi8xICA4NjYwLzMvMSAgODY1OS80LzEgDQpmICA4NzYxLzEvMSAgODc2Mi8yLzEgIDg2NjEvMy8xICA4NjYwLzQvMSANCmYgIDg3NjIvMS8xICA4NzYzLzIvMSAgODY2Mi8zLzEgIDg2NjEvNC8xIA0KZiAgODc2My8xLzEgIDg3NjQvMi8xICA4NjYzLzMvMSAgODY2Mi80LzEgDQpmICA4NzY0LzEvMSAgODc2NS8yLzEgIDg2NjQvMy8xICA4NjYzLzQvMSANCmYgIDg3NjUvMS8xICA4NzY2LzIvMSAgODY2NS8zLzEgIDg2NjQvNC8xIA0KZiAgODc2Ni8xLzEgIDg3NjcvMi8xICA4NjY2LzMvMSAgODY2NS80LzEgDQpmICA4NzY3LzEvMSAgODc2OC8yLzEgIDg2NjcvMy8xICA4NjY2LzQvMSANCmYgIDg3NjgvMS8xICA4NzY5LzIvMSAgODY2OC8zLzEgIDg2NjcvNC8xIA0KZiAgODc2OS8xLzEgIDg3NzAvMi8xICA4NjY5LzMvMSAgODY2OC80LzEgDQpmICA4NzcwLzEvMSAgODc3MS8yLzEgIDg2NzAvMy8xICA4NjY5LzQvMSANCmYgIDg3NzEvMS8xICA4NzcyLzIvMSAgODY3MS8zLzEgIDg2NzAvNC8xIA0KZiAgODc3Mi8xLzEgIDg3NzMvMi8xICA4NjcyLzMvMSAgODY3MS80LzEgDQpmICA4NzczLzEvMSAgODc3NC8yLzEgIDg2NzMvMy8xICA4NjcyLzQvMSANCmYgIDg3NzQvMS8xICA4Nzc1LzIvMSAgODY3NC8zLzEgIDg2NzMvNC8xIA0KZiAgODc3NS8xLzEgIDg3NzYvMi8xICA4Njc1LzMvMSAgODY3NC80LzEgDQpmICA4Nzc2LzEvMSAgODc3Ny8yLzEgIDg2NzYvMy8xICA4Njc1LzQvMSANCmYgIDg3NzcvMS8xICA4Nzc4LzIvMSAgODY3Ny8zLzEgIDg2NzYvNC8xIA0KZiAgODc3OC8xLzEgIDg3NzkvMi8xICA4Njc4LzMvMSAgODY3Ny80LzEgDQpmICA4Nzc5LzEvMSAgODc4MC8yLzEgIDg2NzkvMy8xICA4Njc4LzQvMSANCmYgIDg3ODAvMS8xICA4NzgxLzIvMSAgODY4MC8zLzEgIDg2NzkvNC8xIA0KZiAgODc4MS8xLzEgIDg3ODIvMi8xICA4NjgxLzMvMSAgODY4MC80LzEgDQpmICA4NzgyLzEvMSAgODc4My8yLzEgIDg2ODIvMy8xICA4NjgxLzQvMSANCmYgIDg3ODMvMS8xICA4Nzg0LzIvMSAgODY4My8zLzEgIDg2ODIvNC8xIA0KZiAgODc4NC8xLzEgIDg3ODUvMi8xICA4Njg0LzMvMSAgODY4My80LzEgDQpmICA4Nzg1LzEvMSAgODc4Ni8yLzEgIDg2ODUvMy8xICA4Njg0LzQvMSANCmYgIDg3ODYvMS8xICA4Nzg3LzIvMSAgODY4Ni8zLzEgIDg2ODUvNC8xIA0KZiAgODc4OC8xLzEgIDg3ODkvMi8xICA4Njg4LzMvMSAgODY4Ny80LzEgDQpmICA4Nzg5LzEvMSAgODc5MC8yLzEgIDg2ODkvMy8xICA4Njg4LzQvMSANCmYgIDg3OTAvMS8xICA4NzkxLzIvMSAgODY5MC8zLzEgIDg2ODkvNC8xIA0KZiAgODc5MS8xLzEgIDg3OTIvMi8xICA4NjkxLzMvMSAgODY5MC80LzEgDQpmICA4NzkyLzEvMSAgODc5My8yLzEgIDg2OTIvMy8xICA4NjkxLzQvMSANCmYgIDg3OTMvMS8xICA4Nzk0LzIvMSAgODY5My8zLzEgIDg2OTIvNC8xIA0KZiAgODc5NC8xLzEgIDg3OTUvMi8xICA4Njk0LzMvMSAgODY5My80LzEgDQpmICA4Nzk1LzEvMSAgODc5Ni8yLzEgIDg2OTUvMy8xICA4Njk0LzQvMSANCmYgIDg3OTYvMS8xICA4Nzk3LzIvMSAgODY5Ni8zLzEgIDg2OTUvNC8xIA0KZiAgODc5Ny8xLzEgIDg3OTgvMi8xICA4Njk3LzMvMSAgODY5Ni80LzEgDQpmICA4Nzk4LzEvMSAgODc5OS8yLzEgIDg2OTgvMy8xICA4Njk3LzQvMSANCmYgIDg3OTkvMS8xICA4ODAwLzIvMSAgODY5OS8zLzEgIDg2OTgvNC8xIA0KZiAgODgwMC8xLzEgIDg4MDEvMi8xICA4NzAwLzMvMSAgODY5OS80LzEgDQpmICA4ODAxLzEvMSAgODgwMi8yLzEgIDg3MDEvMy8xICA4NzAwLzQvMSANCmYgIDg4MDIvMS8xICA4ODAzLzIvMSAgODcwMi8zLzEgIDg3MDEvNC8xIA0KZiAgODgwMy8xLzEgIDg4MDQvMi8xICA4NzAzLzMvMSAgODcwMi80LzEgDQpmICA4ODA0LzEvMSAgODgwNS8yLzEgIDg3MDQvMy8xICA4NzAzLzQvMSANCmYgIDg4MDUvMS8xICA4ODA2LzIvMSAgODcwNS8zLzEgIDg3MDQvNC8xIA0KZiAgODgwNi8xLzEgIDg4MDcvMi8xICA4NzA2LzMvMSAgODcwNS80LzEgDQpmICA4ODA3LzEvMSAgODgwOC8yLzEgIDg3MDcvMy8xICA4NzA2LzQvMSANCmYgIDg4MDgvMS8xICA4ODA5LzIvMSAgODcwOC8zLzEgIDg3MDcvNC8xIA0KZiAgODgwOS8xLzEgIDg4MTAvMi8xICA4NzA5LzMvMSAgODcwOC80LzEgDQpmICA4ODEwLzEvMSAgODgxMS8yLzEgIDg3MTAvMy8xICA4NzA5LzQvMSANCmYgIDg4MTEvMS8xICA4ODEyLzIvMSAgODcxMS8zLzEgIDg3MTAvNC8xIA0KZiAgODgxMi8xLzEgIDg4MTMvMi8xICA4NzEyLzMvMSAgODcxMS80LzEgDQpmICA4ODEzLzEvMSAgODgxNC8yLzEgIDg3MTMvMy8xICA4NzEyLzQvMSANCmYgIDg4MTQvMS8xICA4ODE1LzIvMSAgODcxNC8zLzEgIDg3MTMvNC8xIA0KZiAgODgxNS8xLzEgIDg4MTYvMi8xICA4NzE1LzMvMSAgODcxNC80LzEgDQpmICA4ODE2LzEvMSAgODgxNy8yLzEgIDg3MTYvMy8xICA4NzE1LzQvMSANCmYgIDg4MTcvMS8xICA4ODE4LzIvMSAgODcxNy8zLzEgIDg3MTYvNC8xIA0KZiAgODgxOC8xLzEgIDg4MTkvMi8xICA4NzE4LzMvMSAgODcxNy80LzEgDQpmICA4ODE5LzEvMSAgODgyMC8yLzEgIDg3MTkvMy8xICA4NzE4LzQvMSANCmYgIDg4MjAvMS8xICA4ODIxLzIvMSAgODcyMC8zLzEgIDg3MTkvNC8xIA0KZiAgODgyMS8xLzEgIDg4MjIvMi8xICA4NzIxLzMvMSAgODcyMC80LzEgDQpmICA4ODIyLzEvMSAgODgyMy8yLzEgIDg3MjIvMy8xICA4NzIxLzQvMSANCmYgIDg4MjMvMS8xICA4ODI0LzIvMSAgODcyMy8zLzEgIDg3MjIvNC8xIA0KZiAgODgyNC8xLzEgIDg4MjUvMi8xICA4NzI0LzMvMSAgODcyMy80LzEgDQpmICA4ODI1LzEvMSAgODgyNi8yLzEgIDg3MjUvMy8xICA4NzI0LzQvMSANCmYgIDg4MjYvMS8xICA4ODI3LzIvMSAgODcyNi8zLzEgIDg3MjUvNC8xIA0KZiAgODgyNy8xLzEgIDg4MjgvMi8xICA4NzI3LzMvMSAgODcyNi80LzEgDQpmICA4ODI4LzEvMSAgODgyOS8yLzEgIDg3MjgvMy8xICA4NzI3LzQvMSANCmYgIDg4MjkvMS8xICA4ODMwLzIvMSAgODcyOS8zLzEgIDg3MjgvNC8xIA0KZiAgODgzMC8xLzEgIDg4MzEvMi8xICA4NzMwLzMvMSAgODcyOS80LzEgDQpmICA4ODMxLzEvMSAgODgzMi8yLzEgIDg3MzEvMy8xICA4NzMwLzQvMSANCmYgIDg4MzIvMS8xICA4ODMzLzIvMSAgODczMi8zLzEgIDg3MzEvNC8xIA0KZiAgODgzMy8xLzEgIDg4MzQvMi8xICA4NzMzLzMvMSAgODczMi80LzEgDQpmICA4ODM0LzEvMSAgODgzNS8yLzEgIDg3MzQvMy8xICA4NzMzLzQvMSANCmYgIDg4MzUvMS8xICA4ODM2LzIvMSAgODczNS8zLzEgIDg3MzQvNC8xIA0KZiAgODgzNi8xLzEgIDg4MzcvMi8xICA4NzM2LzMvMSAgODczNS80LzEgDQpmICA4ODM3LzEvMSAgODgzOC8yLzEgIDg3MzcvMy8xICA4NzM2LzQvMSANCmYgIDg4MzgvMS8xICA4ODM5LzIvMSAgODczOC8zLzEgIDg3MzcvNC8xIA0KZiAgODgzOS8xLzEgIDg4NDAvMi8xICA4NzM5LzMvMSAgODczOC80LzEgDQpmICA4ODQwLzEvMSAgODg0MS8yLzEgIDg3NDAvMy8xICA4NzM5LzQvMSANCmYgIDg4NDEvMS8xICA4ODQyLzIvMSAgODc0MS8zLzEgIDg3NDAvNC8xIA0KZiAgODg0Mi8xLzEgIDg4NDMvMi8xICA4NzQyLzMvMSAgODc0MS80LzEgDQpmICA4ODQzLzEvMSAgODg0NC8yLzEgIDg3NDMvMy8xICA4NzQyLzQvMSANCmYgIDg4NDQvMS8xICA4ODQ1LzIvMSAgODc0NC8zLzEgIDg3NDMvNC8xIA0KZiAgODg0NS8xLzEgIDg4NDYvMi8xICA4NzQ1LzMvMSAgODc0NC80LzEgDQpmICA4ODQ2LzEvMSAgODg0Ny8yLzEgIDg3NDYvMy8xICA4NzQ1LzQvMSANCmYgIDg4NDcvMS8xICA4ODQ4LzIvMSAgODc0Ny8zLzEgIDg3NDYvNC8xIA0KZiAgODg0OC8xLzEgIDg4NDkvMi8xICA4NzQ4LzMvMSAgODc0Ny80LzEgDQpmICA4ODQ5LzEvMSAgODg1MC8yLzEgIDg3NDkvMy8xICA4NzQ4LzQvMSANCmYgIDg4NTAvMS8xICA4ODUxLzIvMSAgODc1MC8zLzEgIDg3NDkvNC8xIA0KZiAgODg1MS8xLzEgIDg4NTIvMi8xICA4NzUxLzMvMSAgODc1MC80LzEgDQpmICA4ODUyLzEvMSAgODg1My8yLzEgIDg3NTIvMy8xICA4NzUxLzQvMSANCmYgIDg4NTMvMS8xICA4ODU0LzIvMSAgODc1My8zLzEgIDg3NTIvNC8xIA0KZiAgODg1NC8xLzEgIDg4NTUvMi8xICA4NzU0LzMvMSAgODc1My80LzEgDQpmICA4ODU1LzEvMSAgODg1Ni8yLzEgIDg3NTUvMy8xICA4NzU0LzQvMSANCmYgIDg4NTYvMS8xICA4ODU3LzIvMSAgODc1Ni8zLzEgIDg3NTUvNC8xIA0KZiAgODg1Ny8xLzEgIDg4NTgvMi8xICA4NzU3LzMvMSAgODc1Ni80LzEgDQpmICA4ODU4LzEvMSAgODg1OS8yLzEgIDg3NTgvMy8xICA4NzU3LzQvMSANCmYgIDg4NTkvMS8xICA4ODYwLzIvMSAgODc1OS8zLzEgIDg3NTgvNC8xIA0KZiAgODg2MC8xLzEgIDg4NjEvMi8xICA4NzYwLzMvMSAgODc1OS80LzEgDQpmICA4ODYxLzEvMSAgODg2Mi8yLzEgIDg3NjEvMy8xICA4NzYwLzQvMSANCmYgIDg4NjIvMS8xICA4ODYzLzIvMSAgODc2Mi8zLzEgIDg3NjEvNC8xIA0KZiAgODg2My8xLzEgIDg4NjQvMi8xICA4NzYzLzMvMSAgODc2Mi80LzEgDQpmICA4ODY0LzEvMSAgODg2NS8yLzEgIDg3NjQvMy8xICA4NzYzLzQvMSANCmYgIDg4NjUvMS8xICA4ODY2LzIvMSAgODc2NS8zLzEgIDg3NjQvNC8xIA0KZiAgODg2Ni8xLzEgIDg4NjcvMi8xICA4NzY2LzMvMSAgODc2NS80LzEgDQpmICA4ODY3LzEvMSAgODg2OC8yLzEgIDg3NjcvMy8xICA4NzY2LzQvMSANCmYgIDg4NjgvMS8xICA4ODY5LzIvMSAgODc2OC8zLzEgIDg3NjcvNC8xIA0KZiAgODg2OS8xLzEgIDg4NzAvMi8xICA4NzY5LzMvMSAgODc2OC80LzEgDQpmICA4ODcwLzEvMSAgODg3MS8yLzEgIDg3NzAvMy8xICA4NzY5LzQvMSANCmYgIDg4NzEvMS8xICA4ODcyLzIvMSAgODc3MS8zLzEgIDg3NzAvNC8xIA0KZiAgODg3Mi8xLzEgIDg4NzMvMi8xICA4NzcyLzMvMSAgODc3MS80LzEgDQpmICA4ODczLzEvMSAgODg3NC8yLzEgIDg3NzMvMy8xICA4NzcyLzQvMSANCmYgIDg4NzQvMS8xICA4ODc1LzIvMSAgODc3NC8zLzEgIDg3NzMvNC8xIA0KZiAgODg3NS8xLzEgIDg4NzYvMi8xICA4Nzc1LzMvMSAgODc3NC80LzEgDQpmICA4ODc2LzEvMSAgODg3Ny8yLzEgIDg3NzYvMy8xICA4Nzc1LzQvMSANCmYgIDg4NzcvMS8xICA4ODc4LzIvMSAgODc3Ny8zLzEgIDg3NzYvNC8xIA0KZiAgODg3OC8xLzEgIDg4NzkvMi8xICA4Nzc4LzMvMSAgODc3Ny80LzEgDQpmICA4ODc5LzEvMSAgODg4MC8yLzEgIDg3NzkvMy8xICA4Nzc4LzQvMSANCmYgIDg4ODAvMS8xICA4ODgxLzIvMSAgODc4MC8zLzEgIDg3NzkvNC8xIA0KZiAgODg4MS8xLzEgIDg4ODIvMi8xICA4NzgxLzMvMSAgODc4MC80LzEgDQpmICA4ODgyLzEvMSAgODg4My8yLzEgIDg3ODIvMy8xICA4NzgxLzQvMSANCmYgIDg4ODMvMS8xICA4ODg0LzIvMSAgODc4My8zLzEgIDg3ODIvNC8xIA0KZiAgODg4NC8xLzEgIDg4ODUvMi8xICA4Nzg0LzMvMSAgODc4My80LzEgDQpmICA4ODg1LzEvMSAgODg4Ni8yLzEgIDg3ODUvMy8xICA4Nzg0LzQvMSANCmYgIDg4ODYvMS8xICA4ODg3LzIvMSAgODc4Ni8zLzEgIDg3ODUvNC8xIA0KZiAgODg4Ny8xLzEgIDg4ODgvMi8xICA4Nzg3LzMvMSAgODc4Ni80LzEgDQpmICA4ODg5LzEvMSAgODg5MC8yLzEgIDg3ODkvMy8xICA4Nzg4LzQvMSANCmYgIDg4OTAvMS8xICA4ODkxLzIvMSAgODc5MC8zLzEgIDg3ODkvNC8xIA0KZiAgODg5MS8xLzEgIDg4OTIvMi8xICA4NzkxLzMvMSAgODc5MC80LzEgDQpmICA4ODkyLzEvMSAgODg5My8yLzEgIDg3OTIvMy8xICA4NzkxLzQvMSANCmYgIDg4OTMvMS8xICA4ODk0LzIvMSAgODc5My8zLzEgIDg3OTIvNC8xIA0KZiAgODg5NC8xLzEgIDg4OTUvMi8xICA4Nzk0LzMvMSAgODc5My80LzEgDQpmICA4ODk1LzEvMSAgODg5Ni8yLzEgIDg3OTUvMy8xICA4Nzk0LzQvMSANCmYgIDg4OTYvMS8xICA4ODk3LzIvMSAgODc5Ni8zLzEgIDg3OTUvNC8xIA0KZiAgODg5Ny8xLzEgIDg4OTgvMi8xICA4Nzk3LzMvMSAgODc5Ni80LzEgDQpmICA4ODk4LzEvMSAgODg5OS8yLzEgIDg3OTgvMy8xICA4Nzk3LzQvMSANCmYgIDg4OTkvMS8xICA4OTAwLzIvMSAgODc5OS8zLzEgIDg3OTgvNC8xIA0KZiAgODkwMC8xLzEgIDg5MDEvMi8xICA4ODAwLzMvMSAgODc5OS80LzEgDQpmICA4OTAxLzEvMSAgODkwMi8yLzEgIDg4MDEvMy8xICA4ODAwLzQvMSANCmYgIDg5MDIvMS8xICA4OTAzLzIvMSAgODgwMi8zLzEgIDg4MDEvNC8xIA0KZiAgODkwMy8xLzEgIDg5MDQvMi8xICA4ODAzLzMvMSAgODgwMi80LzEgDQpmICA4OTA0LzEvMSAgODkwNS8yLzEgIDg4MDQvMy8xICA4ODAzLzQvMSANCmYgIDg5MDUvMS8xICA4OTA2LzIvMSAgODgwNS8zLzEgIDg4MDQvNC8xIA0KZiAgODkwNi8xLzEgIDg5MDcvMi8xICA4ODA2LzMvMSAgODgwNS80LzEgDQpmICA4OTA3LzEvMSAgODkwOC8yLzEgIDg4MDcvMy8xICA4ODA2LzQvMSANCmYgIDg5MDgvMS8xICA4OTA5LzIvMSAgODgwOC8zLzEgIDg4MDcvNC8xIA0KZiAgODkwOS8xLzEgIDg5MTAvMi8xICA4ODA5LzMvMSAgODgwOC80LzEgDQpmICA4OTEwLzEvMSAgODkxMS8yLzEgIDg4MTAvMy8xICA4ODA5LzQvMSANCmYgIDg5MTEvMS8xICA4OTEyLzIvMSAgODgxMS8zLzEgIDg4MTAvNC8xIA0KZiAgODkxMi8xLzEgIDg5MTMvMi8xICA4ODEyLzMvMSAgODgxMS80LzEgDQpmICA4OTEzLzEvMSAgODkxNC8yLzEgIDg4MTMvMy8xICA4ODEyLzQvMSANCmYgIDg5MTQvMS8xICA4OTE1LzIvMSAgODgxNC8zLzEgIDg4MTMvNC8xIA0KZiAgODkxNS8xLzEgIDg5MTYvMi8xICA4ODE1LzMvMSAgODgxNC80LzEgDQpmICA4OTE2LzEvMSAgODkxNy8yLzEgIDg4MTYvMy8xICA4ODE1LzQvMSANCmYgIDg5MTcvMS8xICA4OTE4LzIvMSAgODgxNy8zLzEgIDg4MTYvNC8xIA0KZiAgODkxOC8xLzEgIDg5MTkvMi8xICA4ODE4LzMvMSAgODgxNy80LzEgDQpmICA4OTE5LzEvMSAgODkyMC8yLzEgIDg4MTkvMy8xICA4ODE4LzQvMSANCmYgIDg5MjAvMS8xICA4OTIxLzIvMSAgODgyMC8zLzEgIDg4MTkvNC8xIA0KZiAgODkyMS8xLzEgIDg5MjIvMi8xICA4ODIxLzMvMSAgODgyMC80LzEgDQpmICA4OTIyLzEvMSAgODkyMy8yLzEgIDg4MjIvMy8xICA4ODIxLzQvMSANCmYgIDg5MjMvMS8xICA4OTI0LzIvMSAgODgyMy8zLzEgIDg4MjIvNC8xIA0KZiAgODkyNC8xLzEgIDg5MjUvMi8xICA4ODI0LzMvMSAgODgyMy80LzEgDQpmICA4OTI1LzEvMSAgODkyNi8yLzEgIDg4MjUvMy8xICA4ODI0LzQvMSANCmYgIDg5MjYvMS8xICA4OTI3LzIvMSAgODgyNi8zLzEgIDg4MjUvNC8xIA0KZiAgODkyNy8xLzEgIDg5MjgvMi8xICA4ODI3LzMvMSAgODgyNi80LzEgDQpmICA4OTI4LzEvMSAgODkyOS8yLzEgIDg4MjgvMy8xICA4ODI3LzQvMSANCmYgIDg5MjkvMS8xICA4OTMwLzIvMSAgODgyOS8zLzEgIDg4MjgvNC8xIA0KZiAgODkzMC8xLzEgIDg5MzEvMi8xICA4ODMwLzMvMSAgODgyOS80LzEgDQpmICA4OTMxLzEvMSAgODkzMi8yLzEgIDg4MzEvMy8xICA4ODMwLzQvMSANCmYgIDg5MzIvMS8xICA4OTMzLzIvMSAgODgzMi8zLzEgIDg4MzEvNC8xIA0KZiAgODkzMy8xLzEgIDg5MzQvMi8xICA4ODMzLzMvMSAgODgzMi80LzEgDQpmICA4OTM0LzEvMSAgODkzNS8yLzEgIDg4MzQvMy8xICA4ODMzLzQvMSANCmYgIDg5MzUvMS8xICA4OTM2LzIvMSAgODgzNS8zLzEgIDg4MzQvNC8xIA0KZiAgODkzNi8xLzEgIDg5MzcvMi8xICA4ODM2LzMvMSAgODgzNS80LzEgDQpmICA4OTM3LzEvMSAgODkzOC8yLzEgIDg4MzcvMy8xICA4ODM2LzQvMSANCmYgIDg5MzgvMS8xICA4OTM5LzIvMSAgODgzOC8zLzEgIDg4MzcvNC8xIA0KZiAgODkzOS8xLzEgIDg5NDAvMi8xICA4ODM5LzMvMSAgODgzOC80LzEgDQpmICA4OTQwLzEvMSAgODk0MS8yLzEgIDg4NDAvMy8xICA4ODM5LzQvMSANCmYgIDg5NDEvMS8xICA4OTQyLzIvMSAgODg0MS8zLzEgIDg4NDAvNC8xIA0KZiAgODk0Mi8xLzEgIDg5NDMvMi8xICA4ODQyLzMvMSAgODg0MS80LzEgDQpmICA4OTQzLzEvMSAgODk0NC8yLzEgIDg4NDMvMy8xICA4ODQyLzQvMSANCmYgIDg5NDQvMS8xICA4OTQ1LzIvMSAgODg0NC8zLzEgIDg4NDMvNC8xIA0KZiAgODk0NS8xLzEgIDg5NDYvMi8xICA4ODQ1LzMvMSAgODg0NC80LzEgDQpmICA4OTQ2LzEvMSAgODk0Ny8yLzEgIDg4NDYvMy8xICA4ODQ1LzQvMSANCmYgIDg5NDcvMS8xICA4OTQ4LzIvMSAgODg0Ny8zLzEgIDg4NDYvNC8xIA0KZiAgODk0OC8xLzEgIDg5NDkvMi8xICA4ODQ4LzMvMSAgODg0Ny80LzEgDQpmICA4OTQ5LzEvMSAgODk1MC8yLzEgIDg4NDkvMy8xICA4ODQ4LzQvMSANCmYgIDg5NTAvMS8xICA4OTUxLzIvMSAgODg1MC8zLzEgIDg4NDkvNC8xIA0KZiAgODk1MS8xLzEgIDg5NTIvMi8xICA4ODUxLzMvMSAgODg1MC80LzEgDQpmICA4OTUyLzEvMSAgODk1My8yLzEgIDg4NTIvMy8xICA4ODUxLzQvMSANCmYgIDg5NTMvMS8xICA4OTU0LzIvMSAgODg1My8zLzEgIDg4NTIvNC8xIA0KZiAgODk1NC8xLzEgIDg5NTUvMi8xICA4ODU0LzMvMSAgODg1My80LzEgDQpmICA4OTU1LzEvMSAgODk1Ni8yLzEgIDg4NTUvMy8xICA4ODU0LzQvMSANCmYgIDg5NTYvMS8xICA4OTU3LzIvMSAgODg1Ni8zLzEgIDg4NTUvNC8xIA0KZiAgODk1Ny8xLzEgIDg5NTgvMi8xICA4ODU3LzMvMSAgODg1Ni80LzEgDQpmICA4OTU4LzEvMSAgODk1OS8yLzEgIDg4NTgvMy8xICA4ODU3LzQvMSANCmYgIDg5NTkvMS8xICA4OTYwLzIvMSAgODg1OS8zLzEgIDg4NTgvNC8xIA0KZiAgODk2MC8xLzEgIDg5NjEvMi8xICA4ODYwLzMvMSAgODg1OS80LzEgDQpmICA4OTYxLzEvMSAgODk2Mi8yLzEgIDg4NjEvMy8xICA4ODYwLzQvMSANCmYgIDg5NjIvMS8xICA4OTYzLzIvMSAgODg2Mi8zLzEgIDg4NjEvNC8xIA0KZiAgODk2My8xLzEgIDg5NjQvMi8xICA4ODYzLzMvMSAgODg2Mi80LzEgDQpmICA4OTY0LzEvMSAgODk2NS8yLzEgIDg4NjQvMy8xICA4ODYzLzQvMSANCmYgIDg5NjUvMS8xICA4OTY2LzIvMSAgODg2NS8zLzEgIDg4NjQvNC8xIA0KZiAgODk2Ni8xLzEgIDg5NjcvMi8xICA4ODY2LzMvMSAgODg2NS80LzEgDQpmICA4OTY3LzEvMSAgODk2OC8yLzEgIDg4NjcvMy8xICA4ODY2LzQvMSANCmYgIDg5NjgvMS8xICA4OTY5LzIvMSAgODg2OC8zLzEgIDg4NjcvNC8xIA0KZiAgODk2OS8xLzEgIDg5NzAvMi8xICA4ODY5LzMvMSAgODg2OC80LzEgDQpmICA4OTcwLzEvMSAgODk3MS8yLzEgIDg4NzAvMy8xICA4ODY5LzQvMSANCmYgIDg5NzEvMS8xICA4OTcyLzIvMSAgODg3MS8zLzEgIDg4NzAvNC8xIA0KZiAgODk3Mi8xLzEgIDg5NzMvMi8xICA4ODcyLzMvMSAgODg3MS80LzEgDQpmICA4OTczLzEvMSAgODk3NC8yLzEgIDg4NzMvMy8xICA4ODcyLzQvMSANCmYgIDg5NzQvMS8xICA4OTc1LzIvMSAgODg3NC8zLzEgIDg4NzMvNC8xIA0KZiAgODk3NS8xLzEgIDg5NzYvMi8xICA4ODc1LzMvMSAgODg3NC80LzEgDQpmICA4OTc2LzEvMSAgODk3Ny8yLzEgIDg4NzYvMy8xICA4ODc1LzQvMSANCmYgIDg5NzcvMS8xICA4OTc4LzIvMSAgODg3Ny8zLzEgIDg4NzYvNC8xIA0KZiAgODk3OC8xLzEgIDg5NzkvMi8xICA4ODc4LzMvMSAgODg3Ny80LzEgDQpmICA4OTc5LzEvMSAgODk4MC8yLzEgIDg4NzkvMy8xICA4ODc4LzQvMSANCmYgIDg5ODAvMS8xICA4OTgxLzIvMSAgODg4MC8zLzEgIDg4NzkvNC8xIA0KZiAgODk4MS8xLzEgIDg5ODIvMi8xICA4ODgxLzMvMSAgODg4MC80LzEgDQpmICA4OTgyLzEvMSAgODk4My8yLzEgIDg4ODIvMy8xICA4ODgxLzQvMSANCmYgIDg5ODMvMS8xICA4OTg0LzIvMSAgODg4My8zLzEgIDg4ODIvNC8xIA0KZiAgODk4NC8xLzEgIDg5ODUvMi8xICA4ODg0LzMvMSAgODg4My80LzEgDQpmICA4OTg1LzEvMSAgODk4Ni8yLzEgIDg4ODUvMy8xICA4ODg0LzQvMSANCmYgIDg5ODYvMS8xICA4OTg3LzIvMSAgODg4Ni8zLzEgIDg4ODUvNC8xIA0KZiAgODk4Ny8xLzEgIDg5ODgvMi8xICA4ODg3LzMvMSAgODg4Ni80LzEgDQpmICA4OTg4LzEvMSAgODk4OS8yLzEgIDg4ODgvMy8xICA4ODg3LzQvMSANCmYgIDg5OTAvMS8xICA4OTkxLzIvMSAgODg5MC8zLzEgIDg4ODkvNC8xIA0KZiAgODk5MS8xLzEgIDg5OTIvMi8xICA4ODkxLzMvMSAgODg5MC80LzEgDQpmICA4OTkyLzEvMSAgODk5My8yLzEgIDg4OTIvMy8xICA4ODkxLzQvMSANCmYgIDg5OTMvMS8xICA4OTk0LzIvMSAgODg5My8zLzEgIDg4OTIvNC8xIA0KZiAgODk5NC8xLzEgIDg5OTUvMi8xICA4ODk0LzMvMSAgODg5My80LzEgDQpmICA4OTk1LzEvMSAgODk5Ni8yLzEgIDg4OTUvMy8xICA4ODk0LzQvMSANCmYgIDg5OTYvMS8xICA4OTk3LzIvMSAgODg5Ni8zLzEgIDg4OTUvNC8xIA0KZiAgODk5Ny8xLzEgIDg5OTgvMi8xICA4ODk3LzMvMSAgODg5Ni80LzEgDQpmICA4OTk4LzEvMSAgODk5OS8yLzEgIDg4OTgvMy8xICA4ODk3LzQvMSANCmYgIDg5OTkvMS8xICA5MDAwLzIvMSAgODg5OS8zLzEgIDg4OTgvNC8xIA0KZiAgOTAwMC8xLzEgIDkwMDEvMi8xICA4OTAwLzMvMSAgODg5OS80LzEgDQpmICA5MDAxLzEvMSAgOTAwMi8yLzEgIDg5MDEvMy8xICA4OTAwLzQvMSANCmYgIDkwMDIvMS8xICA5MDAzLzIvMSAgODkwMi8zLzEgIDg5MDEvNC8xIA0KZiAgOTAwMy8xLzEgIDkwMDQvMi8xICA4OTAzLzMvMSAgODkwMi80LzEgDQpmICA5MDA0LzEvMSAgOTAwNS8yLzEgIDg5MDQvMy8xICA4OTAzLzQvMSANCmYgIDkwMDUvMS8xICA5MDA2LzIvMSAgODkwNS8zLzEgIDg5MDQvNC8xIA0KZiAgOTAwNi8xLzEgIDkwMDcvMi8xICA4OTA2LzMvMSAgODkwNS80LzEgDQpmICA5MDA3LzEvMSAgOTAwOC8yLzEgIDg5MDcvMy8xICA4OTA2LzQvMSANCmYgIDkwMDgvMS8xICA5MDA5LzIvMSAgODkwOC8zLzEgIDg5MDcvNC8xIA0KZiAgOTAwOS8xLzEgIDkwMTAvMi8xICA4OTA5LzMvMSAgODkwOC80LzEgDQpmICA5MDEwLzEvMSAgOTAxMS8yLzEgIDg5MTAvMy8xICA4OTA5LzQvMSANCmYgIDkwMTEvMS8xICA5MDEyLzIvMSAgODkxMS8zLzEgIDg5MTAvNC8xIA0KZiAgOTAxMi8xLzEgIDkwMTMvMi8xICA4OTEyLzMvMSAgODkxMS80LzEgDQpmICA5MDEzLzEvMSAgOTAxNC8yLzEgIDg5MTMvMy8xICA4OTEyLzQvMSANCmYgIDkwMTQvMS8xICA5MDE1LzIvMSAgODkxNC8zLzEgIDg5MTMvNC8xIA0KZiAgOTAxNS8xLzEgIDkwMTYvMi8xICA4OTE1LzMvMSAgODkxNC80LzEgDQpmICA5MDE2LzEvMSAgOTAxNy8yLzEgIDg5MTYvMy8xICA4OTE1LzQvMSANCmYgIDkwMTcvMS8xICA5MDE4LzIvMSAgODkxNy8zLzEgIDg5MTYvNC8xIA0KZiAgOTAxOC8xLzEgIDkwMTkvMi8xICA4OTE4LzMvMSAgODkxNy80LzEgDQpmICA5MDE5LzEvMSAgOTAyMC8yLzEgIDg5MTkvMy8xICA4OTE4LzQvMSANCmYgIDkwMjAvMS8xICA5MDIxLzIvMSAgODkyMC8zLzEgIDg5MTkvNC8xIA0KZiAgOTAyMS8xLzEgIDkwMjIvMi8xICA4OTIxLzMvMSAgODkyMC80LzEgDQpmICA5MDIyLzEvMSAgOTAyMy8yLzEgIDg5MjIvMy8xICA4OTIxLzQvMSANCmYgIDkwMjMvMS8xICA5MDI0LzIvMSAgODkyMy8zLzEgIDg5MjIvNC8xIA0KZiAgOTAyNC8xLzEgIDkwMjUvMi8xICA4OTI0LzMvMSAgODkyMy80LzEgDQpmICA5MDI1LzEvMSAgOTAyNi8yLzEgIDg5MjUvMy8xICA4OTI0LzQvMSANCmYgIDkwMjYvMS8xICA5MDI3LzIvMSAgODkyNi8zLzEgIDg5MjUvNC8xIA0KZiAgOTAyNy8xLzEgIDkwMjgvMi8xICA4OTI3LzMvMSAgODkyNi80LzEgDQpmICA5MDI4LzEvMSAgOTAyOS8yLzEgIDg5MjgvMy8xICA4OTI3LzQvMSANCmYgIDkwMjkvMS8xICA5MDMwLzIvMSAgODkyOS8zLzEgIDg5MjgvNC8xIA0KZiAgOTAzMC8xLzEgIDkwMzEvMi8xICA4OTMwLzMvMSAgODkyOS80LzEgDQpmICA5MDMxLzEvMSAgOTAzMi8yLzEgIDg5MzEvMy8xICA4OTMwLzQvMSANCmYgIDkwMzIvMS8xICA5MDMzLzIvMSAgODkzMi8zLzEgIDg5MzEvNC8xIA0KZiAgOTAzMy8xLzEgIDkwMzQvMi8xICA4OTMzLzMvMSAgODkzMi80LzEgDQpmICA5MDM0LzEvMSAgOTAzNS8yLzEgIDg5MzQvMy8xICA4OTMzLzQvMSANCmYgIDkwMzUvMS8xICA5MDM2LzIvMSAgODkzNS8zLzEgIDg5MzQvNC8xIA0KZiAgOTAzNi8xLzEgIDkwMzcvMi8xICA4OTM2LzMvMSAgODkzNS80LzEgDQpmICA5MDM3LzEvMSAgOTAzOC8yLzEgIDg5MzcvMy8xICA4OTM2LzQvMSANCmYgIDkwMzgvMS8xICA5MDM5LzIvMSAgODkzOC8zLzEgIDg5MzcvNC8xIA0KZiAgOTAzOS8xLzEgIDkwNDAvMi8xICA4OTM5LzMvMSAgODkzOC80LzEgDQpmICA5MDQwLzEvMSAgOTA0MS8yLzEgIDg5NDAvMy8xICA4OTM5LzQvMSANCmYgIDkwNDEvMS8xICA5MDQyLzIvMSAgODk0MS8zLzEgIDg5NDAvNC8xIA0KZiAgOTA0Mi8xLzEgIDkwNDMvMi8xICA4OTQyLzMvMSAgODk0MS80LzEgDQpmICA5MDQzLzEvMSAgOTA0NC8yLzEgIDg5NDMvMy8xICA4OTQyLzQvMSANCmYgIDkwNDQvMS8xICA5MDQ1LzIvMSAgODk0NC8zLzEgIDg5NDMvNC8xIA0KZiAgOTA0NS8xLzEgIDkwNDYvMi8xICA4OTQ1LzMvMSAgODk0NC80LzEgDQpmICA5MDQ2LzEvMSAgOTA0Ny8yLzEgIDg5NDYvMy8xICA4OTQ1LzQvMSANCmYgIDkwNDcvMS8xICA5MDQ4LzIvMSAgODk0Ny8zLzEgIDg5NDYvNC8xIA0KZiAgOTA0OC8xLzEgIDkwNDkvMi8xICA4OTQ4LzMvMSAgODk0Ny80LzEgDQpmICA5MDQ5LzEvMSAgOTA1MC8yLzEgIDg5NDkvMy8xICA4OTQ4LzQvMSANCmYgIDkwNTAvMS8xICA5MDUxLzIvMSAgODk1MC8zLzEgIDg5NDkvNC8xIA0KZiAgOTA1MS8xLzEgIDkwNTIvMi8xICA4OTUxLzMvMSAgODk1MC80LzEgDQpmICA5MDUyLzEvMSAgOTA1My8yLzEgIDg5NTIvMy8xICA4OTUxLzQvMSANCmYgIDkwNTMvMS8xICA5MDU0LzIvMSAgODk1My8zLzEgIDg5NTIvNC8xIA0KZiAgOTA1NC8xLzEgIDkwNTUvMi8xICA4OTU0LzMvMSAgODk1My80LzEgDQpmICA5MDU1LzEvMSAgOTA1Ni8yLzEgIDg5NTUvMy8xICA4OTU0LzQvMSANCmYgIDkwNTYvMS8xICA5MDU3LzIvMSAgODk1Ni8zLzEgIDg5NTUvNC8xIA0KZiAgOTA1Ny8xLzEgIDkwNTgvMi8xICA4OTU3LzMvMSAgODk1Ni80LzEgDQpmICA5MDU4LzEvMSAgOTA1OS8yLzEgIDg5NTgvMy8xICA4OTU3LzQvMSANCmYgIDkwNTkvMS8xICA5MDYwLzIvMSAgODk1OS8zLzEgIDg5NTgvNC8xIA0KZiAgOTA2MC8xLzEgIDkwNjEvMi8xICA4OTYwLzMvMSAgODk1OS80LzEgDQpmICA5MDYxLzEvMSAgOTA2Mi8yLzEgIDg5NjEvMy8xICA4OTYwLzQvMSANCmYgIDkwNjIvMS8xICA5MDYzLzIvMSAgODk2Mi8zLzEgIDg5NjEvNC8xIA0KZiAgOTA2My8xLzEgIDkwNjQvMi8xICA4OTYzLzMvMSAgODk2Mi80LzEgDQpmICA5MDY0LzEvMSAgOTA2NS8yLzEgIDg5NjQvMy8xICA4OTYzLzQvMSANCmYgIDkwNjUvMS8xICA5MDY2LzIvMSAgODk2NS8zLzEgIDg5NjQvNC8xIA0KZiAgOTA2Ni8xLzEgIDkwNjcvMi8xICA4OTY2LzMvMSAgODk2NS80LzEgDQpmICA5MDY3LzEvMSAgOTA2OC8yLzEgIDg5NjcvMy8xICA4OTY2LzQvMSANCmYgIDkwNjgvMS8xICA5MDY5LzIvMSAgODk2OC8zLzEgIDg5NjcvNC8xIA0KZiAgOTA2OS8xLzEgIDkwNzAvMi8xICA4OTY5LzMvMSAgODk2OC80LzEgDQpmICA5MDcwLzEvMSAgOTA3MS8yLzEgIDg5NzAvMy8xICA4OTY5LzQvMSANCmYgIDkwNzEvMS8xICA5MDcyLzIvMSAgODk3MS8zLzEgIDg5NzAvNC8xIA0KZiAgOTA3Mi8xLzEgIDkwNzMvMi8xICA4OTcyLzMvMSAgODk3MS80LzEgDQpmICA5MDczLzEvMSAgOTA3NC8yLzEgIDg5NzMvMy8xICA4OTcyLzQvMSANCmYgIDkwNzQvMS8xICA5MDc1LzIvMSAgODk3NC8zLzEgIDg5NzMvNC8xIA0KZiAgOTA3NS8xLzEgIDkwNzYvMi8xICA4OTc1LzMvMSAgODk3NC80LzEgDQpmICA5MDc2LzEvMSAgOTA3Ny8yLzEgIDg5NzYvMy8xICA4OTc1LzQvMSANCmYgIDkwNzcvMS8xICA5MDc4LzIvMSAgODk3Ny8zLzEgIDg5NzYvNC8xIA0KZiAgOTA3OC8xLzEgIDkwNzkvMi8xICA4OTc4LzMvMSAgODk3Ny80LzEgDQpmICA5MDc5LzEvMSAgOTA4MC8yLzEgIDg5NzkvMy8xICA4OTc4LzQvMSANCmYgIDkwODAvMS8xICA5MDgxLzIvMSAgODk4MC8zLzEgIDg5NzkvNC8xIA0KZiAgOTA4MS8xLzEgIDkwODIvMi8xICA4OTgxLzMvMSAgODk4MC80LzEgDQpmICA5MDgyLzEvMSAgOTA4My8yLzEgIDg5ODIvMy8xICA4OTgxLzQvMSANCmYgIDkwODMvMS8xICA5MDg0LzIvMSAgODk4My8zLzEgIDg5ODIvNC8xIA0KZiAgOTA4NC8xLzEgIDkwODUvMi8xICA4OTg0LzMvMSAgODk4My80LzEgDQpmICA5MDg1LzEvMSAgOTA4Ni8yLzEgIDg5ODUvMy8xICA4OTg0LzQvMSANCmYgIDkwODYvMS8xICA5MDg3LzIvMSAgODk4Ni8zLzEgIDg5ODUvNC8xIA0KZiAgOTA4Ny8xLzEgIDkwODgvMi8xICA4OTg3LzMvMSAgODk4Ni80LzEgDQpmICA5MDg4LzEvMSAgOTA4OS8yLzEgIDg5ODgvMy8xICA4OTg3LzQvMSANCmYgIDkwODkvMS8xICA5MDkwLzIvMSAgODk4OS8zLzEgIDg5ODgvNC8xIA0KZiAgOTA5MS8xLzEgIDkwOTIvMi8xICA4OTkxLzMvMSAgODk5MC80LzEgDQpmICA5MDkyLzEvMSAgOTA5My8yLzEgIDg5OTIvMy8xICA4OTkxLzQvMSANCmYgIDkwOTMvMS8xICA5MDk0LzIvMSAgODk5My8zLzEgIDg5OTIvNC8xIA0KZiAgOTA5NC8xLzEgIDkwOTUvMi8xICA4OTk0LzMvMSAgODk5My80LzEgDQpmICA5MDk1LzEvMSAgOTA5Ni8yLzEgIDg5OTUvMy8xICA4OTk0LzQvMSANCmYgIDkwOTYvMS8xICA5MDk3LzIvMSAgODk5Ni8zLzEgIDg5OTUvNC8xIA0KZiAgOTA5Ny8xLzEgIDkwOTgvMi8xICA4OTk3LzMvMSAgODk5Ni80LzEgDQpmICA5MDk4LzEvMSAgOTA5OS8yLzEgIDg5OTgvMy8xICA4OTk3LzQvMSANCmYgIDkwOTkvMS8xICA5MTAwLzIvMSAgODk5OS8zLzEgIDg5OTgvNC8xIA0KZiAgOTEwMC8xLzEgIDkxMDEvMi8xICA5MDAwLzMvMSAgODk5OS80LzEgDQpmICA5MTAxLzEvMSAgOTEwMi8yLzEgIDkwMDEvMy8xICA5MDAwLzQvMSANCmYgIDkxMDIvMS8xICA5MTAzLzIvMSAgOTAwMi8zLzEgIDkwMDEvNC8xIA0KZiAgOTEwMy8xLzEgIDkxMDQvMi8xICA5MDAzLzMvMSAgOTAwMi80LzEgDQpmICA5MTA0LzEvMSAgOTEwNS8yLzEgIDkwMDQvMy8xICA5MDAzLzQvMSANCmYgIDkxMDUvMS8xICA5MTA2LzIvMSAgOTAwNS8zLzEgIDkwMDQvNC8xIA0KZiAgOTEwNi8xLzEgIDkxMDcvMi8xICA5MDA2LzMvMSAgOTAwNS80LzEgDQpmICA5MTA3LzEvMSAgOTEwOC8yLzEgIDkwMDcvMy8xICA5MDA2LzQvMSANCmYgIDkxMDgvMS8xICA5MTA5LzIvMSAgOTAwOC8zLzEgIDkwMDcvNC8xIA0KZiAgOTEwOS8xLzEgIDkxMTAvMi8xICA5MDA5LzMvMSAgOTAwOC80LzEgDQpmICA5MTEwLzEvMSAgOTExMS8yLzEgIDkwMTAvMy8xICA5MDA5LzQvMSANCmYgIDkxMTEvMS8xICA5MTEyLzIvMSAgOTAxMS8zLzEgIDkwMTAvNC8xIA0KZiAgOTExMi8xLzEgIDkxMTMvMi8xICA5MDEyLzMvMSAgOTAxMS80LzEgDQpmICA5MTEzLzEvMSAgOTExNC8yLzEgIDkwMTMvMy8xICA5MDEyLzQvMSANCmYgIDkxMTQvMS8xICA5MTE1LzIvMSAgOTAxNC8zLzEgIDkwMTMvNC8xIA0KZiAgOTExNS8xLzEgIDkxMTYvMi8xICA5MDE1LzMvMSAgOTAxNC80LzEgDQpmICA5MTE2LzEvMSAgOTExNy8yLzEgIDkwMTYvMy8xICA5MDE1LzQvMSANCmYgIDkxMTcvMS8xICA5MTE4LzIvMSAgOTAxNy8zLzEgIDkwMTYvNC8xIA0KZiAgOTExOC8xLzEgIDkxMTkvMi8xICA5MDE4LzMvMSAgOTAxNy80LzEgDQpmICA5MTE5LzEvMSAgOTEyMC8yLzEgIDkwMTkvMy8xICA5MDE4LzQvMSANCmYgIDkxMjAvMS8xICA5MTIxLzIvMSAgOTAyMC8zLzEgIDkwMTkvNC8xIA0KZiAgOTEyMS8xLzEgIDkxMjIvMi8xICA5MDIxLzMvMSAgOTAyMC80LzEgDQpmICA5MTIyLzEvMSAgOTEyMy8yLzEgIDkwMjIvMy8xICA5MDIxLzQvMSANCmYgIDkxMjMvMS8xICA5MTI0LzIvMSAgOTAyMy8zLzEgIDkwMjIvNC8xIA0KZiAgOTEyNC8xLzEgIDkxMjUvMi8xICA5MDI0LzMvMSAgOTAyMy80LzEgDQpmICA5MTI1LzEvMSAgOTEyNi8yLzEgIDkwMjUvMy8xICA5MDI0LzQvMSANCmYgIDkxMjYvMS8xICA5MTI3LzIvMSAgOTAyNi8zLzEgIDkwMjUvNC8xIA0KZiAgOTEyNy8xLzEgIDkxMjgvMi8xICA5MDI3LzMvMSAgOTAyNi80LzEgDQpmICA5MTI4LzEvMSAgOTEyOS8yLzEgIDkwMjgvMy8xICA5MDI3LzQvMSANCmYgIDkxMjkvMS8xICA5MTMwLzIvMSAgOTAyOS8zLzEgIDkwMjgvNC8xIA0KZiAgOTEzMC8xLzEgIDkxMzEvMi8xICA5MDMwLzMvMSAgOTAyOS80LzEgDQpmICA5MTMxLzEvMSAgOTEzMi8yLzEgIDkwMzEvMy8xICA5MDMwLzQvMSANCmYgIDkxMzIvMS8xICA5MTMzLzIvMSAgOTAzMi8zLzEgIDkwMzEvNC8xIA0KZiAgOTEzMy8xLzEgIDkxMzQvMi8xICA5MDMzLzMvMSAgOTAzMi80LzEgDQpmICA5MTM0LzEvMSAgOTEzNS8yLzEgIDkwMzQvMy8xICA5MDMzLzQvMSANCmYgIDkxMzUvMS8xICA5MTM2LzIvMSAgOTAzNS8zLzEgIDkwMzQvNC8xIA0KZiAgOTEzNi8xLzEgIDkxMzcvMi8xICA5MDM2LzMvMSAgOTAzNS80LzEgDQpmICA5MTM3LzEvMSAgOTEzOC8yLzEgIDkwMzcvMy8xICA5MDM2LzQvMSANCmYgIDkxMzgvMS8xICA5MTM5LzIvMSAgOTAzOC8zLzEgIDkwMzcvNC8xIA0KZiAgOTEzOS8xLzEgIDkxNDAvMi8xICA5MDM5LzMvMSAgOTAzOC80LzEgDQpmICA5MTQwLzEvMSAgOTE0MS8yLzEgIDkwNDAvMy8xICA5MDM5LzQvMSANCmYgIDkxNDEvMS8xICA5MTQyLzIvMSAgOTA0MS8zLzEgIDkwNDAvNC8xIA0KZiAgOTE0Mi8xLzEgIDkxNDMvMi8xICA5MDQyLzMvMSAgOTA0MS80LzEgDQpmICA5MTQzLzEvMSAgOTE0NC8yLzEgIDkwNDMvMy8xICA5MDQyLzQvMSANCmYgIDkxNDQvMS8xICA5MTQ1LzIvMSAgOTA0NC8zLzEgIDkwNDMvNC8xIA0KZiAgOTE0NS8xLzEgIDkxNDYvMi8xICA5MDQ1LzMvMSAgOTA0NC80LzEgDQpmICA5MTQ2LzEvMSAgOTE0Ny8yLzEgIDkwNDYvMy8xICA5MDQ1LzQvMSANCmYgIDkxNDcvMS8xICA5MTQ4LzIvMSAgOTA0Ny8zLzEgIDkwNDYvNC8xIA0KZiAgOTE0OC8xLzEgIDkxNDkvMi8xICA5MDQ4LzMvMSAgOTA0Ny80LzEgDQpmICA5MTQ5LzEvMSAgOTE1MC8yLzEgIDkwNDkvMy8xICA5MDQ4LzQvMSANCmYgIDkxNTAvMS8xICA5MTUxLzIvMSAgOTA1MC8zLzEgIDkwNDkvNC8xIA0KZiAgOTE1MS8xLzEgIDkxNTIvMi8xICA5MDUxLzMvMSAgOTA1MC80LzEgDQpmICA5MTUyLzEvMSAgOTE1My8yLzEgIDkwNTIvMy8xICA5MDUxLzQvMSANCmYgIDkxNTMvMS8xICA5MTU0LzIvMSAgOTA1My8zLzEgIDkwNTIvNC8xIA0KZiAgOTE1NC8xLzEgIDkxNTUvMi8xICA5MDU0LzMvMSAgOTA1My80LzEgDQpmICA5MTU1LzEvMSAgOTE1Ni8yLzEgIDkwNTUvMy8xICA5MDU0LzQvMSANCmYgIDkxNTYvMS8xICA5MTU3LzIvMSAgOTA1Ni8zLzEgIDkwNTUvNC8xIA0KZiAgOTE1Ny8xLzEgIDkxNTgvMi8xICA5MDU3LzMvMSAgOTA1Ni80LzEgDQpmICA5MTU4LzEvMSAgOTE1OS8yLzEgIDkwNTgvMy8xICA5MDU3LzQvMSANCmYgIDkxNTkvMS8xICA5MTYwLzIvMSAgOTA1OS8zLzEgIDkwNTgvNC8xIA0KZiAgOTE2MC8xLzEgIDkxNjEvMi8xICA5MDYwLzMvMSAgOTA1OS80LzEgDQpmICA5MTYxLzEvMSAgOTE2Mi8yLzEgIDkwNjEvMy8xICA5MDYwLzQvMSANCmYgIDkxNjIvMS8xICA5MTYzLzIvMSAgOTA2Mi8zLzEgIDkwNjEvNC8xIA0KZiAgOTE2My8xLzEgIDkxNjQvMi8xICA5MDYzLzMvMSAgOTA2Mi80LzEgDQpmICA5MTY0LzEvMSAgOTE2NS8yLzEgIDkwNjQvMy8xICA5MDYzLzQvMSANCmYgIDkxNjUvMS8xICA5MTY2LzIvMSAgOTA2NS8zLzEgIDkwNjQvNC8xIA0KZiAgOTE2Ni8xLzEgIDkxNjcvMi8xICA5MDY2LzMvMSAgOTA2NS80LzEgDQpmICA5MTY3LzEvMSAgOTE2OC8yLzEgIDkwNjcvMy8xICA5MDY2LzQvMSANCmYgIDkxNjgvMS8xICA5MTY5LzIvMSAgOTA2OC8zLzEgIDkwNjcvNC8xIA0KZiAgOTE2OS8xLzEgIDkxNzAvMi8xICA5MDY5LzMvMSAgOTA2OC80LzEgDQpmICA5MTcwLzEvMSAgOTE3MS8yLzEgIDkwNzAvMy8xICA5MDY5LzQvMSANCmYgIDkxNzEvMS8xICA5MTcyLzIvMSAgOTA3MS8zLzEgIDkwNzAvNC8xIA0KZiAgOTE3Mi8xLzEgIDkxNzMvMi8xICA5MDcyLzMvMSAgOTA3MS80LzEgDQpmICA5MTczLzEvMSAgOTE3NC8yLzEgIDkwNzMvMy8xICA5MDcyLzQvMSANCmYgIDkxNzQvMS8xICA5MTc1LzIvMSAgOTA3NC8zLzEgIDkwNzMvNC8xIA0KZiAgOTE3NS8xLzEgIDkxNzYvMi8xICA5MDc1LzMvMSAgOTA3NC80LzEgDQpmICA5MTc2LzEvMSAgOTE3Ny8yLzEgIDkwNzYvMy8xICA5MDc1LzQvMSANCmYgIDkxNzcvMS8xICA5MTc4LzIvMSAgOTA3Ny8zLzEgIDkwNzYvNC8xIA0KZiAgOTE3OC8xLzEgIDkxNzkvMi8xICA5MDc4LzMvMSAgOTA3Ny80LzEgDQpmICA5MTc5LzEvMSAgOTE4MC8yLzEgIDkwNzkvMy8xICA5MDc4LzQvMSANCmYgIDkxODAvMS8xICA5MTgxLzIvMSAgOTA4MC8zLzEgIDkwNzkvNC8xIA0KZiAgOTE4MS8xLzEgIDkxODIvMi8xICA5MDgxLzMvMSAgOTA4MC80LzEgDQpmICA5MTgyLzEvMSAgOTE4My8yLzEgIDkwODIvMy8xICA5MDgxLzQvMSANCmYgIDkxODMvMS8xICA5MTg0LzIvMSAgOTA4My8zLzEgIDkwODIvNC8xIA0KZiAgOTE4NC8xLzEgIDkxODUvMi8xICA5MDg0LzMvMSAgOTA4My80LzEgDQpmICA5MTg1LzEvMSAgOTE4Ni8yLzEgIDkwODUvMy8xICA5MDg0LzQvMSANCmYgIDkxODYvMS8xICA5MTg3LzIvMSAgOTA4Ni8zLzEgIDkwODUvNC8xIA0KZiAgOTE4Ny8xLzEgIDkxODgvMi8xICA5MDg3LzMvMSAgOTA4Ni80LzEgDQpmICA5MTg4LzEvMSAgOTE4OS8yLzEgIDkwODgvMy8xICA5MDg3LzQvMSANCmYgIDkxODkvMS8xICA5MTkwLzIvMSAgOTA4OS8zLzEgIDkwODgvNC8xIA0KZiAgOTE5MC8xLzEgIDkxOTEvMi8xICA5MDkwLzMvMSAgOTA4OS80LzEgDQpmICA5MTkyLzEvMSAgOTE5My8yLzEgIDkwOTIvMy8xICA5MDkxLzQvMSANCmYgIDkxOTMvMS8xICA5MTk0LzIvMSAgOTA5My8zLzEgIDkwOTIvNC8xIA0KZiAgOTE5NC8xLzEgIDkxOTUvMi8xICA5MDk0LzMvMSAgOTA5My80LzEgDQpmICA5MTk1LzEvMSAgOTE5Ni8yLzEgIDkwOTUvMy8xICA5MDk0LzQvMSANCmYgIDkxOTYvMS8xICA5MTk3LzIvMSAgOTA5Ni8zLzEgIDkwOTUvNC8xIA0KZiAgOTE5Ny8xLzEgIDkxOTgvMi8xICA5MDk3LzMvMSAgOTA5Ni80LzEgDQpmICA5MTk4LzEvMSAgOTE5OS8yLzEgIDkwOTgvMy8xICA5MDk3LzQvMSANCmYgIDkxOTkvMS8xICA5MjAwLzIvMSAgOTA5OS8zLzEgIDkwOTgvNC8xIA0KZiAgOTIwMC8xLzEgIDkyMDEvMi8xICA5MTAwLzMvMSAgOTA5OS80LzEgDQpmICA5MjAxLzEvMSAgOTIwMi8yLzEgIDkxMDEvMy8xICA5MTAwLzQvMSANCmYgIDkyMDIvMS8xICA5MjAzLzIvMSAgOTEwMi8zLzEgIDkxMDEvNC8xIA0KZiAgOTIwMy8xLzEgIDkyMDQvMi8xICA5MTAzLzMvMSAgOTEwMi80LzEgDQpmICA5MjA0LzEvMSAgOTIwNS8yLzEgIDkxMDQvMy8xICA5MTAzLzQvMSANCmYgIDkyMDUvMS8xICA5MjA2LzIvMSAgOTEwNS8zLzEgIDkxMDQvNC8xIA0KZiAgOTIwNi8xLzEgIDkyMDcvMi8xICA5MTA2LzMvMSAgOTEwNS80LzEgDQpmICA5MjA3LzEvMSAgOTIwOC8yLzEgIDkxMDcvMy8xICA5MTA2LzQvMSANCmYgIDkyMDgvMS8xICA5MjA5LzIvMSAgOTEwOC8zLzEgIDkxMDcvNC8xIA0KZiAgOTIwOS8xLzEgIDkyMTAvMi8xICA5MTA5LzMvMSAgOTEwOC80LzEgDQpmICA5MjEwLzEvMSAgOTIxMS8yLzEgIDkxMTAvMy8xICA5MTA5LzQvMSANCmYgIDkyMTEvMS8xICA5MjEyLzIvMSAgOTExMS8zLzEgIDkxMTAvNC8xIA0KZiAgOTIxMi8xLzEgIDkyMTMvMi8xICA5MTEyLzMvMSAgOTExMS80LzEgDQpmICA5MjEzLzEvMSAgOTIxNC8yLzEgIDkxMTMvMy8xICA5MTEyLzQvMSANCmYgIDkyMTQvMS8xICA5MjE1LzIvMSAgOTExNC8zLzEgIDkxMTMvNC8xIA0KZiAgOTIxNS8xLzEgIDkyMTYvMi8xICA5MTE1LzMvMSAgOTExNC80LzEgDQpmICA5MjE2LzEvMSAgOTIxNy8yLzEgIDkxMTYvMy8xICA5MTE1LzQvMSANCmYgIDkyMTcvMS8xICA5MjE4LzIvMSAgOTExNy8zLzEgIDkxMTYvNC8xIA0KZiAgOTIxOC8xLzEgIDkyMTkvMi8xICA5MTE4LzMvMSAgOTExNy80LzEgDQpmICA5MjE5LzEvMSAgOTIyMC8yLzEgIDkxMTkvMy8xICA5MTE4LzQvMSANCmYgIDkyMjAvMS8xICA5MjIxLzIvMSAgOTEyMC8zLzEgIDkxMTkvNC8xIA0KZiAgOTIyMS8xLzEgIDkyMjIvMi8xICA5MTIxLzMvMSAgOTEyMC80LzEgDQpmICA5MjIyLzEvMSAgOTIyMy8yLzEgIDkxMjIvMy8xICA5MTIxLzQvMSANCmYgIDkyMjMvMS8xICA5MjI0LzIvMSAgOTEyMy8zLzEgIDkxMjIvNC8xIA0KZiAgOTIyNC8xLzEgIDkyMjUvMi8xICA5MTI0LzMvMSAgOTEyMy80LzEgDQpmICA5MjI1LzEvMSAgOTIyNi8yLzEgIDkxMjUvMy8xICA5MTI0LzQvMSANCmYgIDkyMjYvMS8xICA5MjI3LzIvMSAgOTEyNi8zLzEgIDkxMjUvNC8xIA0KZiAgOTIyNy8xLzEgIDkyMjgvMi8xICA5MTI3LzMvMSAgOTEyNi80LzEgDQpmICA5MjI4LzEvMSAgOTIyOS8yLzEgIDkxMjgvMy8xICA5MTI3LzQvMSANCmYgIDkyMjkvMS8xICA5MjMwLzIvMSAgOTEyOS8zLzEgIDkxMjgvNC8xIA0KZiAgOTIzMC8xLzEgIDkyMzEvMi8xICA5MTMwLzMvMSAgOTEyOS80LzEgDQpmICA5MjMxLzEvMSAgOTIzMi8yLzEgIDkxMzEvMy8xICA5MTMwLzQvMSANCmYgIDkyMzIvMS8xICA5MjMzLzIvMSAgOTEzMi8zLzEgIDkxMzEvNC8xIA0KZiAgOTIzMy8xLzEgIDkyMzQvMi8xICA5MTMzLzMvMSAgOTEzMi80LzEgDQpmICA5MjM0LzEvMSAgOTIzNS8yLzEgIDkxMzQvMy8xICA5MTMzLzQvMSANCmYgIDkyMzUvMS8xICA5MjM2LzIvMSAgOTEzNS8zLzEgIDkxMzQvNC8xIA0KZiAgOTIzNi8xLzEgIDkyMzcvMi8xICA5MTM2LzMvMSAgOTEzNS80LzEgDQpmICA5MjM3LzEvMSAgOTIzOC8yLzEgIDkxMzcvMy8xICA5MTM2LzQvMSANCmYgIDkyMzgvMS8xICA5MjM5LzIvMSAgOTEzOC8zLzEgIDkxMzcvNC8xIA0KZiAgOTIzOS8xLzEgIDkyNDAvMi8xICA5MTM5LzMvMSAgOTEzOC80LzEgDQpmICA5MjQwLzEvMSAgOTI0MS8yLzEgIDkxNDAvMy8xICA5MTM5LzQvMSANCmYgIDkyNDEvMS8xICA5MjQyLzIvMSAgOTE0MS8zLzEgIDkxNDAvNC8xIA0KZiAgOTI0Mi8xLzEgIDkyNDMvMi8xICA5MTQyLzMvMSAgOTE0MS80LzEgDQpmICA5MjQzLzEvMSAgOTI0NC8yLzEgIDkxNDMvMy8xICA5MTQyLzQvMSANCmYgIDkyNDQvMS8xICA5MjQ1LzIvMSAgOTE0NC8zLzEgIDkxNDMvNC8xIA0KZiAgOTI0NS8xLzEgIDkyNDYvMi8xICA5MTQ1LzMvMSAgOTE0NC80LzEgDQpmICA5MjQ2LzEvMSAgOTI0Ny8yLzEgIDkxNDYvMy8xICA5MTQ1LzQvMSANCmYgIDkyNDcvMS8xICA5MjQ4LzIvMSAgOTE0Ny8zLzEgIDkxNDYvNC8xIA0KZiAgOTI0OC8xLzEgIDkyNDkvMi8xICA5MTQ4LzMvMSAgOTE0Ny80LzEgDQpmICA5MjQ5LzEvMSAgOTI1MC8yLzEgIDkxNDkvMy8xICA5MTQ4LzQvMSANCmYgIDkyNTAvMS8xICA5MjUxLzIvMSAgOTE1MC8zLzEgIDkxNDkvNC8xIA0KZiAgOTI1MS8xLzEgIDkyNTIvMi8xICA5MTUxLzMvMSAgOTE1MC80LzEgDQpmICA5MjUyLzEvMSAgOTI1My8yLzEgIDkxNTIvMy8xICA5MTUxLzQvMSANCmYgIDkyNTMvMS8xICA5MjU0LzIvMSAgOTE1My8zLzEgIDkxNTIvNC8xIA0KZiAgOTI1NC8xLzEgIDkyNTUvMi8xICA5MTU0LzMvMSAgOTE1My80LzEgDQpmICA5MjU1LzEvMSAgOTI1Ni8yLzEgIDkxNTUvMy8xICA5MTU0LzQvMSANCmYgIDkyNTYvMS8xICA5MjU3LzIvMSAgOTE1Ni8zLzEgIDkxNTUvNC8xIA0KZiAgOTI1Ny8xLzEgIDkyNTgvMi8xICA5MTU3LzMvMSAgOTE1Ni80LzEgDQpmICA5MjU4LzEvMSAgOTI1OS8yLzEgIDkxNTgvMy8xICA5MTU3LzQvMSANCmYgIDkyNTkvMS8xICA5MjYwLzIvMSAgOTE1OS8zLzEgIDkxNTgvNC8xIA0KZiAgOTI2MC8xLzEgIDkyNjEvMi8xICA5MTYwLzMvMSAgOTE1OS80LzEgDQpmICA5MjYxLzEvMSAgOTI2Mi8yLzEgIDkxNjEvMy8xICA5MTYwLzQvMSANCmYgIDkyNjIvMS8xICA5MjYzLzIvMSAgOTE2Mi8zLzEgIDkxNjEvNC8xIA0KZiAgOTI2My8xLzEgIDkyNjQvMi8xICA5MTYzLzMvMSAgOTE2Mi80LzEgDQpmICA5MjY0LzEvMSAgOTI2NS8yLzEgIDkxNjQvMy8xICA5MTYzLzQvMSANCmYgIDkyNjUvMS8xICA5MjY2LzIvMSAgOTE2NS8zLzEgIDkxNjQvNC8xIA0KZiAgOTI2Ni8xLzEgIDkyNjcvMi8xICA5MTY2LzMvMSAgOTE2NS80LzEgDQpmICA5MjY3LzEvMSAgOTI2OC8yLzEgIDkxNjcvMy8xICA5MTY2LzQvMSANCmYgIDkyNjgvMS8xICA5MjY5LzIvMSAgOTE2OC8zLzEgIDkxNjcvNC8xIA0KZiAgOTI2OS8xLzEgIDkyNzAvMi8xICA5MTY5LzMvMSAgOTE2OC80LzEgDQpmICA5MjcwLzEvMSAgOTI3MS8yLzEgIDkxNzAvMy8xICA5MTY5LzQvMSANCmYgIDkyNzEvMS8xICA5MjcyLzIvMSAgOTE3MS8zLzEgIDkxNzAvNC8xIA0KZiAgOTI3Mi8xLzEgIDkyNzMvMi8xICA5MTcyLzMvMSAgOTE3MS80LzEgDQpmICA5MjczLzEvMSAgOTI3NC8yLzEgIDkxNzMvMy8xICA5MTcyLzQvMSANCmYgIDkyNzQvMS8xICA5Mjc1LzIvMSAgOTE3NC8zLzEgIDkxNzMvNC8xIA0KZiAgOTI3NS8xLzEgIDkyNzYvMi8xICA5MTc1LzMvMSAgOTE3NC80LzEgDQpmICA5Mjc2LzEvMSAgOTI3Ny8yLzEgIDkxNzYvMy8xICA5MTc1LzQvMSANCmYgIDkyNzcvMS8xICA5Mjc4LzIvMSAgOTE3Ny8zLzEgIDkxNzYvNC8xIA0KZiAgOTI3OC8xLzEgIDkyNzkvMi8xICA5MTc4LzMvMSAgOTE3Ny80LzEgDQpmICA5Mjc5LzEvMSAgOTI4MC8yLzEgIDkxNzkvMy8xICA5MTc4LzQvMSANCmYgIDkyODAvMS8xICA5MjgxLzIvMSAgOTE4MC8zLzEgIDkxNzkvNC8xIA0KZiAgOTI4MS8xLzEgIDkyODIvMi8xICA5MTgxLzMvMSAgOTE4MC80LzEgDQpmICA5MjgyLzEvMSAgOTI4My8yLzEgIDkxODIvMy8xICA5MTgxLzQvMSANCmYgIDkyODMvMS8xICA5Mjg0LzIvMSAgOTE4My8zLzEgIDkxODIvNC8xIA0KZiAgOTI4NC8xLzEgIDkyODUvMi8xICA5MTg0LzMvMSAgOTE4My80LzEgDQpmICA5Mjg1LzEvMSAgOTI4Ni8yLzEgIDkxODUvMy8xICA5MTg0LzQvMSANCmYgIDkyODYvMS8xICA5Mjg3LzIvMSAgOTE4Ni8zLzEgIDkxODUvNC8xIA0KZiAgOTI4Ny8xLzEgIDkyODgvMi8xICA5MTg3LzMvMSAgOTE4Ni80LzEgDQpmICA5Mjg4LzEvMSAgOTI4OS8yLzEgIDkxODgvMy8xICA5MTg3LzQvMSANCmYgIDkyODkvMS8xICA5MjkwLzIvMSAgOTE4OS8zLzEgIDkxODgvNC8xIA0KZiAgOTI5MC8xLzEgIDkyOTEvMi8xICA5MTkwLzMvMSAgOTE4OS80LzEgDQpmICA5MjkxLzEvMSAgOTI5Mi8yLzEgIDkxOTEvMy8xICA5MTkwLzQvMSANCmYgIDkyOTMvMS8xICA5Mjk0LzIvMSAgOTE5My8zLzEgIDkxOTIvNC8xIA0KZiAgOTI5NC8xLzEgIDkyOTUvMi8xICA5MTk0LzMvMSAgOTE5My80LzEgDQpmICA5Mjk1LzEvMSAgOTI5Ni8yLzEgIDkxOTUvMy8xICA5MTk0LzQvMSANCmYgIDkyOTYvMS8xICA5Mjk3LzIvMSAgOTE5Ni8zLzEgIDkxOTUvNC8xIA0KZiAgOTI5Ny8xLzEgIDkyOTgvMi8xICA5MTk3LzMvMSAgOTE5Ni80LzEgDQpmICA5Mjk4LzEvMSAgOTI5OS8yLzEgIDkxOTgvMy8xICA5MTk3LzQvMSANCmYgIDkyOTkvMS8xICA5MzAwLzIvMSAgOTE5OS8zLzEgIDkxOTgvNC8xIA0KZiAgOTMwMC8xLzEgIDkzMDEvMi8xICA5MjAwLzMvMSAgOTE5OS80LzEgDQpmICA5MzAxLzEvMSAgOTMwMi8yLzEgIDkyMDEvMy8xICA5MjAwLzQvMSANCmYgIDkzMDIvMS8xICA5MzAzLzIvMSAgOTIwMi8zLzEgIDkyMDEvNC8xIA0KZiAgOTMwMy8xLzEgIDkzMDQvMi8xICA5MjAzLzMvMSAgOTIwMi80LzEgDQpmICA5MzA0LzEvMSAgOTMwNS8yLzEgIDkyMDQvMy8xICA5MjAzLzQvMSANCmYgIDkzMDUvMS8xICA5MzA2LzIvMSAgOTIwNS8zLzEgIDkyMDQvNC8xIA0KZiAgOTMwNi8xLzEgIDkzMDcvMi8xICA5MjA2LzMvMSAgOTIwNS80LzEgDQpmICA5MzA3LzEvMSAgOTMwOC8yLzEgIDkyMDcvMy8xICA5MjA2LzQvMSANCmYgIDkzMDgvMS8xICA5MzA5LzIvMSAgOTIwOC8zLzEgIDkyMDcvNC8xIA0KZiAgOTMwOS8xLzEgIDkzMTAvMi8xICA5MjA5LzMvMSAgOTIwOC80LzEgDQpmICA5MzEwLzEvMSAgOTMxMS8yLzEgIDkyMTAvMy8xICA5MjA5LzQvMSANCmYgIDkzMTEvMS8xICA5MzEyLzIvMSAgOTIxMS8zLzEgIDkyMTAvNC8xIA0KZiAgOTMxMi8xLzEgIDkzMTMvMi8xICA5MjEyLzMvMSAgOTIxMS80LzEgDQpmICA5MzEzLzEvMSAgOTMxNC8yLzEgIDkyMTMvMy8xICA5MjEyLzQvMSANCmYgIDkzMTQvMS8xICA5MzE1LzIvMSAgOTIxNC8zLzEgIDkyMTMvNC8xIA0KZiAgOTMxNS8xLzEgIDkzMTYvMi8xICA5MjE1LzMvMSAgOTIxNC80LzEgDQpmICA5MzE2LzEvMSAgOTMxNy8yLzEgIDkyMTYvMy8xICA5MjE1LzQvMSANCmYgIDkzMTcvMS8xICA5MzE4LzIvMSAgOTIxNy8zLzEgIDkyMTYvNC8xIA0KZiAgOTMxOC8xLzEgIDkzMTkvMi8xICA5MjE4LzMvMSAgOTIxNy80LzEgDQpmICA5MzE5LzEvMSAgOTMyMC8yLzEgIDkyMTkvMy8xICA5MjE4LzQvMSANCmYgIDkzMjAvMS8xICA5MzIxLzIvMSAgOTIyMC8zLzEgIDkyMTkvNC8xIA0KZiAgOTMyMS8xLzEgIDkzMjIvMi8xICA5MjIxLzMvMSAgOTIyMC80LzEgDQpmICA5MzIyLzEvMSAgOTMyMy8yLzEgIDkyMjIvMy8xICA5MjIxLzQvMSANCmYgIDkzMjMvMS8xICA5MzI0LzIvMSAgOTIyMy8zLzEgIDkyMjIvNC8xIA0KZiAgOTMyNC8xLzEgIDkzMjUvMi8xICA5MjI0LzMvMSAgOTIyMy80LzEgDQpmICA5MzI1LzEvMSAgOTMyNi8yLzEgIDkyMjUvMy8xICA5MjI0LzQvMSANCmYgIDkzMjYvMS8xICA5MzI3LzIvMSAgOTIyNi8zLzEgIDkyMjUvNC8xIA0KZiAgOTMyNy8xLzEgIDkzMjgvMi8xICA5MjI3LzMvMSAgOTIyNi80LzEgDQpmICA5MzI4LzEvMSAgOTMyOS8yLzEgIDkyMjgvMy8xICA5MjI3LzQvMSANCmYgIDkzMjkvMS8xICA5MzMwLzIvMSAgOTIyOS8zLzEgIDkyMjgvNC8xIA0KZiAgOTMzMC8xLzEgIDkzMzEvMi8xICA5MjMwLzMvMSAgOTIyOS80LzEgDQpmICA5MzMxLzEvMSAgOTMzMi8yLzEgIDkyMzEvMy8xICA5MjMwLzQvMSANCmYgIDkzMzIvMS8xICA5MzMzLzIvMSAgOTIzMi8zLzEgIDkyMzEvNC8xIA0KZiAgOTMzMy8xLzEgIDkzMzQvMi8xICA5MjMzLzMvMSAgOTIzMi80LzEgDQpmICA5MzM0LzEvMSAgOTMzNS8yLzEgIDkyMzQvMy8xICA5MjMzLzQvMSANCmYgIDkzMzUvMS8xICA5MzM2LzIvMSAgOTIzNS8zLzEgIDkyMzQvNC8xIA0KZiAgOTMzNi8xLzEgIDkzMzcvMi8xICA5MjM2LzMvMSAgOTIzNS80LzEgDQpmICA5MzM3LzEvMSAgOTMzOC8yLzEgIDkyMzcvMy8xICA5MjM2LzQvMSANCmYgIDkzMzgvMS8xICA5MzM5LzIvMSAgOTIzOC8zLzEgIDkyMzcvNC8xIA0KZiAgOTMzOS8xLzEgIDkzNDAvMi8xICA5MjM5LzMvMSAgOTIzOC80LzEgDQpmICA5MzQwLzEvMSAgOTM0MS8yLzEgIDkyNDAvMy8xICA5MjM5LzQvMSANCmYgIDkzNDEvMS8xICA5MzQyLzIvMSAgOTI0MS8zLzEgIDkyNDAvNC8xIA0KZiAgOTM0Mi8xLzEgIDkzNDMvMi8xICA5MjQyLzMvMSAgOTI0MS80LzEgDQpmICA5MzQzLzEvMSAgOTM0NC8yLzEgIDkyNDMvMy8xICA5MjQyLzQvMSANCmYgIDkzNDQvMS8xICA5MzQ1LzIvMSAgOTI0NC8zLzEgIDkyNDMvNC8xIA0KZiAgOTM0NS8xLzEgIDkzNDYvMi8xICA5MjQ1LzMvMSAgOTI0NC80LzEgDQpmICA5MzQ2LzEvMSAgOTM0Ny8yLzEgIDkyNDYvMy8xICA5MjQ1LzQvMSANCmYgIDkzNDcvMS8xICA5MzQ4LzIvMSAgOTI0Ny8zLzEgIDkyNDYvNC8xIA0KZiAgOTM0OC8xLzEgIDkzNDkvMi8xICA5MjQ4LzMvMSAgOTI0Ny80LzEgDQpmICA5MzQ5LzEvMSAgOTM1MC8yLzEgIDkyNDkvMy8xICA5MjQ4LzQvMSANCmYgIDkzNTAvMS8xICA5MzUxLzIvMSAgOTI1MC8zLzEgIDkyNDkvNC8xIA0KZiAgOTM1MS8xLzEgIDkzNTIvMi8xICA5MjUxLzMvMSAgOTI1MC80LzEgDQpmICA5MzUyLzEvMSAgOTM1My8yLzEgIDkyNTIvMy8xICA5MjUxLzQvMSANCmYgIDkzNTMvMS8xICA5MzU0LzIvMSAgOTI1My8zLzEgIDkyNTIvNC8xIA0KZiAgOTM1NC8xLzEgIDkzNTUvMi8xICA5MjU0LzMvMSAgOTI1My80LzEgDQpmICA5MzU1LzEvMSAgOTM1Ni8yLzEgIDkyNTUvMy8xICA5MjU0LzQvMSANCmYgIDkzNTYvMS8xICA5MzU3LzIvMSAgOTI1Ni8zLzEgIDkyNTUvNC8xIA0KZiAgOTM1Ny8xLzEgIDkzNTgvMi8xICA5MjU3LzMvMSAgOTI1Ni80LzEgDQpmICA5MzU4LzEvMSAgOTM1OS8yLzEgIDkyNTgvMy8xICA5MjU3LzQvMSANCmYgIDkzNTkvMS8xICA5MzYwLzIvMSAgOTI1OS8zLzEgIDkyNTgvNC8xIA0KZiAgOTM2MC8xLzEgIDkzNjEvMi8xICA5MjYwLzMvMSAgOTI1OS80LzEgDQpmICA5MzYxLzEvMSAgOTM2Mi8yLzEgIDkyNjEvMy8xICA5MjYwLzQvMSANCmYgIDkzNjIvMS8xICA5MzYzLzIvMSAgOTI2Mi8zLzEgIDkyNjEvNC8xIA0KZiAgOTM2My8xLzEgIDkzNjQvMi8xICA5MjYzLzMvMSAgOTI2Mi80LzEgDQpmICA5MzY0LzEvMSAgOTM2NS8yLzEgIDkyNjQvMy8xICA5MjYzLzQvMSANCmYgIDkzNjUvMS8xICA5MzY2LzIvMSAgOTI2NS8zLzEgIDkyNjQvNC8xIA0KZiAgOTM2Ni8xLzEgIDkzNjcvMi8xICA5MjY2LzMvMSAgOTI2NS80LzEgDQpmICA5MzY3LzEvMSAgOTM2OC8yLzEgIDkyNjcvMy8xICA5MjY2LzQvMSANCmYgIDkzNjgvMS8xICA5MzY5LzIvMSAgOTI2OC8zLzEgIDkyNjcvNC8xIA0KZiAgOTM2OS8xLzEgIDkzNzAvMi8xICA5MjY5LzMvMSAgOTI2OC80LzEgDQpmICA5MzcwLzEvMSAgOTM3MS8yLzEgIDkyNzAvMy8xICA5MjY5LzQvMSANCmYgIDkzNzEvMS8xICA5MzcyLzIvMSAgOTI3MS8zLzEgIDkyNzAvNC8xIA0KZiAgOTM3Mi8xLzEgIDkzNzMvMi8xICA5MjcyLzMvMSAgOTI3MS80LzEgDQpmICA5MzczLzEvMSAgOTM3NC8yLzEgIDkyNzMvMy8xICA5MjcyLzQvMSANCmYgIDkzNzQvMS8xICA5Mzc1LzIvMSAgOTI3NC8zLzEgIDkyNzMvNC8xIA0KZiAgOTM3NS8xLzEgIDkzNzYvMi8xICA5Mjc1LzMvMSAgOTI3NC80LzEgDQpmICA5Mzc2LzEvMSAgOTM3Ny8yLzEgIDkyNzYvMy8xICA5Mjc1LzQvMSANCmYgIDkzNzcvMS8xICA5Mzc4LzIvMSAgOTI3Ny8zLzEgIDkyNzYvNC8xIA0KZiAgOTM3OC8xLzEgIDkzNzkvMi8xICA5Mjc4LzMvMSAgOTI3Ny80LzEgDQpmICA5Mzc5LzEvMSAgOTM4MC8yLzEgIDkyNzkvMy8xICA5Mjc4LzQvMSANCmYgIDkzODAvMS8xICA5MzgxLzIvMSAgOTI4MC8zLzEgIDkyNzkvNC8xIA0KZiAgOTM4MS8xLzEgIDkzODIvMi8xICA5MjgxLzMvMSAgOTI4MC80LzEgDQpmICA5MzgyLzEvMSAgOTM4My8yLzEgIDkyODIvMy8xICA5MjgxLzQvMSANCmYgIDkzODMvMS8xICA5Mzg0LzIvMSAgOTI4My8zLzEgIDkyODIvNC8xIA0KZiAgOTM4NC8xLzEgIDkzODUvMi8xICA5Mjg0LzMvMSAgOTI4My80LzEgDQpmICA5Mzg1LzEvMSAgOTM4Ni8yLzEgIDkyODUvMy8xICA5Mjg0LzQvMSANCmYgIDkzODYvMS8xICA5Mzg3LzIvMSAgOTI4Ni8zLzEgIDkyODUvNC8xIA0KZiAgOTM4Ny8xLzEgIDkzODgvMi8xICA5Mjg3LzMvMSAgOTI4Ni80LzEgDQpmICA5Mzg4LzEvMSAgOTM4OS8yLzEgIDkyODgvMy8xICA5Mjg3LzQvMSANCmYgIDkzODkvMS8xICA5MzkwLzIvMSAgOTI4OS8zLzEgIDkyODgvNC8xIA0KZiAgOTM5MC8xLzEgIDkzOTEvMi8xICA5MjkwLzMvMSAgOTI4OS80LzEgDQpmICA5MzkxLzEvMSAgOTM5Mi8yLzEgIDkyOTEvMy8xICA5MjkwLzQvMSANCmYgIDkzOTIvMS8xICA5MzkzLzIvMSAgOTI5Mi8zLzEgIDkyOTEvNC8xIA0KZiAgOTM5NC8xLzEgIDkzOTUvMi8xICA5Mjk0LzMvMSAgOTI5My80LzEgDQpmICA5Mzk1LzEvMSAgOTM5Ni8yLzEgIDkyOTUvMy8xICA5Mjk0LzQvMSANCmYgIDkzOTYvMS8xICA5Mzk3LzIvMSAgOTI5Ni8zLzEgIDkyOTUvNC8xIA0KZiAgOTM5Ny8xLzEgIDkzOTgvMi8xICA5Mjk3LzMvMSAgOTI5Ni80LzEgDQpmICA5Mzk4LzEvMSAgOTM5OS8yLzEgIDkyOTgvMy8xICA5Mjk3LzQvMSANCmYgIDkzOTkvMS8xICA5NDAwLzIvMSAgOTI5OS8zLzEgIDkyOTgvNC8xIA0KZiAgOTQwMC8xLzEgIDk0MDEvMi8xICA5MzAwLzMvMSAgOTI5OS80LzEgDQpmICA5NDAxLzEvMSAgOTQwMi8yLzEgIDkzMDEvMy8xICA5MzAwLzQvMSANCmYgIDk0MDIvMS8xICA5NDAzLzIvMSAgOTMwMi8zLzEgIDkzMDEvNC8xIA0KZiAgOTQwMy8xLzEgIDk0MDQvMi8xICA5MzAzLzMvMSAgOTMwMi80LzEgDQpmICA5NDA0LzEvMSAgOTQwNS8yLzEgIDkzMDQvMy8xICA5MzAzLzQvMSANCmYgIDk0MDUvMS8xICA5NDA2LzIvMSAgOTMwNS8zLzEgIDkzMDQvNC8xIA0KZiAgOTQwNi8xLzEgIDk0MDcvMi8xICA5MzA2LzMvMSAgOTMwNS80LzEgDQpmICA5NDA3LzEvMSAgOTQwOC8yLzEgIDkzMDcvMy8xICA5MzA2LzQvMSANCmYgIDk0MDgvMS8xICA5NDA5LzIvMSAgOTMwOC8zLzEgIDkzMDcvNC8xIA0KZiAgOTQwOS8xLzEgIDk0MTAvMi8xICA5MzA5LzMvMSAgOTMwOC80LzEgDQpmICA5NDEwLzEvMSAgOTQxMS8yLzEgIDkzMTAvMy8xICA5MzA5LzQvMSANCmYgIDk0MTEvMS8xICA5NDEyLzIvMSAgOTMxMS8zLzEgIDkzMTAvNC8xIA0KZiAgOTQxMi8xLzEgIDk0MTMvMi8xICA5MzEyLzMvMSAgOTMxMS80LzEgDQpmICA5NDEzLzEvMSAgOTQxNC8yLzEgIDkzMTMvMy8xICA5MzEyLzQvMSANCmYgIDk0MTQvMS8xICA5NDE1LzIvMSAgOTMxNC8zLzEgIDkzMTMvNC8xIA0KZiAgOTQxNS8xLzEgIDk0MTYvMi8xICA5MzE1LzMvMSAgOTMxNC80LzEgDQpmICA5NDE2LzEvMSAgOTQxNy8yLzEgIDkzMTYvMy8xICA5MzE1LzQvMSANCmYgIDk0MTcvMS8xICA5NDE4LzIvMSAgOTMxNy8zLzEgIDkzMTYvNC8xIA0KZiAgOTQxOC8xLzEgIDk0MTkvMi8xICA5MzE4LzMvMSAgOTMxNy80LzEgDQpmICA5NDE5LzEvMSAgOTQyMC8yLzEgIDkzMTkvMy8xICA5MzE4LzQvMSANCmYgIDk0MjAvMS8xICA5NDIxLzIvMSAgOTMyMC8zLzEgIDkzMTkvNC8xIA0KZiAgOTQyMS8xLzEgIDk0MjIvMi8xICA5MzIxLzMvMSAgOTMyMC80LzEgDQpmICA5NDIyLzEvMSAgOTQyMy8yLzEgIDkzMjIvMy8xICA5MzIxLzQvMSANCmYgIDk0MjMvMS8xICA5NDI0LzIvMSAgOTMyMy8zLzEgIDkzMjIvNC8xIA0KZiAgOTQyNC8xLzEgIDk0MjUvMi8xICA5MzI0LzMvMSAgOTMyMy80LzEgDQpmICA5NDI1LzEvMSAgOTQyNi8yLzEgIDkzMjUvMy8xICA5MzI0LzQvMSANCmYgIDk0MjYvMS8xICA5NDI3LzIvMSAgOTMyNi8zLzEgIDkzMjUvNC8xIA0KZiAgOTQyNy8xLzEgIDk0MjgvMi8xICA5MzI3LzMvMSAgOTMyNi80LzEgDQpmICA5NDI4LzEvMSAgOTQyOS8yLzEgIDkzMjgvMy8xICA5MzI3LzQvMSANCmYgIDk0MjkvMS8xICA5NDMwLzIvMSAgOTMyOS8zLzEgIDkzMjgvNC8xIA0KZiAgOTQzMC8xLzEgIDk0MzEvMi8xICA5MzMwLzMvMSAgOTMyOS80LzEgDQpmICA5NDMxLzEvMSAgOTQzMi8yLzEgIDkzMzEvMy8xICA5MzMwLzQvMSANCmYgIDk0MzIvMS8xICA5NDMzLzIvMSAgOTMzMi8zLzEgIDkzMzEvNC8xIA0KZiAgOTQzMy8xLzEgIDk0MzQvMi8xICA5MzMzLzMvMSAgOTMzMi80LzEgDQpmICA5NDM0LzEvMSAgOTQzNS8yLzEgIDkzMzQvMy8xICA5MzMzLzQvMSANCmYgIDk0MzUvMS8xICA5NDM2LzIvMSAgOTMzNS8zLzEgIDkzMzQvNC8xIA0KZiAgOTQzNi8xLzEgIDk0MzcvMi8xICA5MzM2LzMvMSAgOTMzNS80LzEgDQpmICA5NDM3LzEvMSAgOTQzOC8yLzEgIDkzMzcvMy8xICA5MzM2LzQvMSANCmYgIDk0MzgvMS8xICA5NDM5LzIvMSAgOTMzOC8zLzEgIDkzMzcvNC8xIA0KZiAgOTQzOS8xLzEgIDk0NDAvMi8xICA5MzM5LzMvMSAgOTMzOC80LzEgDQpmICA5NDQwLzEvMSAgOTQ0MS8yLzEgIDkzNDAvMy8xICA5MzM5LzQvMSANCmYgIDk0NDEvMS8xICA5NDQyLzIvMSAgOTM0MS8zLzEgIDkzNDAvNC8xIA0KZiAgOTQ0Mi8xLzEgIDk0NDMvMi8xICA5MzQyLzMvMSAgOTM0MS80LzEgDQpmICA5NDQzLzEvMSAgOTQ0NC8yLzEgIDkzNDMvMy8xICA5MzQyLzQvMSANCmYgIDk0NDQvMS8xICA5NDQ1LzIvMSAgOTM0NC8zLzEgIDkzNDMvNC8xIA0KZiAgOTQ0NS8xLzEgIDk0NDYvMi8xICA5MzQ1LzMvMSAgOTM0NC80LzEgDQpmICA5NDQ2LzEvMSAgOTQ0Ny8yLzEgIDkzNDYvMy8xICA5MzQ1LzQvMSANCmYgIDk0NDcvMS8xICA5NDQ4LzIvMSAgOTM0Ny8zLzEgIDkzNDYvNC8xIA0KZiAgOTQ0OC8xLzEgIDk0NDkvMi8xICA5MzQ4LzMvMSAgOTM0Ny80LzEgDQpmICA5NDQ5LzEvMSAgOTQ1MC8yLzEgIDkzNDkvMy8xICA5MzQ4LzQvMSANCmYgIDk0NTAvMS8xICA5NDUxLzIvMSAgOTM1MC8zLzEgIDkzNDkvNC8xIA0KZiAgOTQ1MS8xLzEgIDk0NTIvMi8xICA5MzUxLzMvMSAgOTM1MC80LzEgDQpmICA5NDUyLzEvMSAgOTQ1My8yLzEgIDkzNTIvMy8xICA5MzUxLzQvMSANCmYgIDk0NTMvMS8xICA5NDU0LzIvMSAgOTM1My8zLzEgIDkzNTIvNC8xIA0KZiAgOTQ1NC8xLzEgIDk0NTUvMi8xICA5MzU0LzMvMSAgOTM1My80LzEgDQpmICA5NDU1LzEvMSAgOTQ1Ni8yLzEgIDkzNTUvMy8xICA5MzU0LzQvMSANCmYgIDk0NTYvMS8xICA5NDU3LzIvMSAgOTM1Ni8zLzEgIDkzNTUvNC8xIA0KZiAgOTQ1Ny8xLzEgIDk0NTgvMi8xICA5MzU3LzMvMSAgOTM1Ni80LzEgDQpmICA5NDU4LzEvMSAgOTQ1OS8yLzEgIDkzNTgvMy8xICA5MzU3LzQvMSANCmYgIDk0NTkvMS8xICA5NDYwLzIvMSAgOTM1OS8zLzEgIDkzNTgvNC8xIA0KZiAgOTQ2MC8xLzEgIDk0NjEvMi8xICA5MzYwLzMvMSAgOTM1OS80LzEgDQpmICA5NDYxLzEvMSAgOTQ2Mi8yLzEgIDkzNjEvMy8xICA5MzYwLzQvMSANCmYgIDk0NjIvMS8xICA5NDYzLzIvMSAgOTM2Mi8zLzEgIDkzNjEvNC8xIA0KZiAgOTQ2My8xLzEgIDk0NjQvMi8xICA5MzYzLzMvMSAgOTM2Mi80LzEgDQpmICA5NDY0LzEvMSAgOTQ2NS8yLzEgIDkzNjQvMy8xICA5MzYzLzQvMSANCmYgIDk0NjUvMS8xICA5NDY2LzIvMSAgOTM2NS8zLzEgIDkzNjQvNC8xIA0KZiAgOTQ2Ni8xLzEgIDk0NjcvMi8xICA5MzY2LzMvMSAgOTM2NS80LzEgDQpmICA5NDY3LzEvMSAgOTQ2OC8yLzEgIDkzNjcvMy8xICA5MzY2LzQvMSANCmYgIDk0NjgvMS8xICA5NDY5LzIvMSAgOTM2OC8zLzEgIDkzNjcvNC8xIA0KZiAgOTQ2OS8xLzEgIDk0NzAvMi8xICA5MzY5LzMvMSAgOTM2OC80LzEgDQpmICA5NDcwLzEvMSAgOTQ3MS8yLzEgIDkzNzAvMy8xICA5MzY5LzQvMSANCmYgIDk0NzEvMS8xICA5NDcyLzIvMSAgOTM3MS8zLzEgIDkzNzAvNC8xIA0KZiAgOTQ3Mi8xLzEgIDk0NzMvMi8xICA5MzcyLzMvMSAgOTM3MS80LzEgDQpmICA5NDczLzEvMSAgOTQ3NC8yLzEgIDkzNzMvMy8xICA5MzcyLzQvMSANCmYgIDk0NzQvMS8xICA5NDc1LzIvMSAgOTM3NC8zLzEgIDkzNzMvNC8xIA0KZiAgOTQ3NS8xLzEgIDk0NzYvMi8xICA5Mzc1LzMvMSAgOTM3NC80LzEgDQpmICA5NDc2LzEvMSAgOTQ3Ny8yLzEgIDkzNzYvMy8xICA5Mzc1LzQvMSANCmYgIDk0NzcvMS8xICA5NDc4LzIvMSAgOTM3Ny8zLzEgIDkzNzYvNC8xIA0KZiAgOTQ3OC8xLzEgIDk0NzkvMi8xICA5Mzc4LzMvMSAgOTM3Ny80LzEgDQpmICA5NDc5LzEvMSAgOTQ4MC8yLzEgIDkzNzkvMy8xICA5Mzc4LzQvMSANCmYgIDk0ODAvMS8xICA5NDgxLzIvMSAgOTM4MC8zLzEgIDkzNzkvNC8xIA0KZiAgOTQ4MS8xLzEgIDk0ODIvMi8xICA5MzgxLzMvMSAgOTM4MC80LzEgDQpmICA5NDgyLzEvMSAgOTQ4My8yLzEgIDkzODIvMy8xICA5MzgxLzQvMSANCmYgIDk0ODMvMS8xICA5NDg0LzIvMSAgOTM4My8zLzEgIDkzODIvNC8xIA0KZiAgOTQ4NC8xLzEgIDk0ODUvMi8xICA5Mzg0LzMvMSAgOTM4My80LzEgDQpmICA5NDg1LzEvMSAgOTQ4Ni8yLzEgIDkzODUvMy8xICA5Mzg0LzQvMSANCmYgIDk0ODYvMS8xICA5NDg3LzIvMSAgOTM4Ni8zLzEgIDkzODUvNC8xIA0KZiAgOTQ4Ny8xLzEgIDk0ODgvMi8xICA5Mzg3LzMvMSAgOTM4Ni80LzEgDQpmICA5NDg4LzEvMSAgOTQ4OS8yLzEgIDkzODgvMy8xICA5Mzg3LzQvMSANCmYgIDk0ODkvMS8xICA5NDkwLzIvMSAgOTM4OS8zLzEgIDkzODgvNC8xIA0KZiAgOTQ5MC8xLzEgIDk0OTEvMi8xICA5MzkwLzMvMSAgOTM4OS80LzEgDQpmICA5NDkxLzEvMSAgOTQ5Mi8yLzEgIDkzOTEvMy8xICA5MzkwLzQvMSANCmYgIDk0OTIvMS8xICA5NDkzLzIvMSAgOTM5Mi8zLzEgIDkzOTEvNC8xIA0KZiAgOTQ5My8xLzEgIDk0OTQvMi8xICA5MzkzLzMvMSAgOTM5Mi80LzEgDQpmICA5NDk1LzEvMSAgOTQ5Ni8yLzEgIDkzOTUvMy8xICA5Mzk0LzQvMSANCmYgIDk0OTYvMS8xICA5NDk3LzIvMSAgOTM5Ni8zLzEgIDkzOTUvNC8xIA0KZiAgOTQ5Ny8xLzEgIDk0OTgvMi8xICA5Mzk3LzMvMSAgOTM5Ni80LzEgDQpmICA5NDk4LzEvMSAgOTQ5OS8yLzEgIDkzOTgvMy8xICA5Mzk3LzQvMSANCmYgIDk0OTkvMS8xICA5NTAwLzIvMSAgOTM5OS8zLzEgIDkzOTgvNC8xIA0KZiAgOTUwMC8xLzEgIDk1MDEvMi8xICA5NDAwLzMvMSAgOTM5OS80LzEgDQpmICA5NTAxLzEvMSAgOTUwMi8yLzEgIDk0MDEvMy8xICA5NDAwLzQvMSANCmYgIDk1MDIvMS8xICA5NTAzLzIvMSAgOTQwMi8zLzEgIDk0MDEvNC8xIA0KZiAgOTUwMy8xLzEgIDk1MDQvMi8xICA5NDAzLzMvMSAgOTQwMi80LzEgDQpmICA5NTA0LzEvMSAgOTUwNS8yLzEgIDk0MDQvMy8xICA5NDAzLzQvMSANCmYgIDk1MDUvMS8xICA5NTA2LzIvMSAgOTQwNS8zLzEgIDk0MDQvNC8xIA0KZiAgOTUwNi8xLzEgIDk1MDcvMi8xICA5NDA2LzMvMSAgOTQwNS80LzEgDQpmICA5NTA3LzEvMSAgOTUwOC8yLzEgIDk0MDcvMy8xICA5NDA2LzQvMSANCmYgIDk1MDgvMS8xICA5NTA5LzIvMSAgOTQwOC8zLzEgIDk0MDcvNC8xIA0KZiAgOTUwOS8xLzEgIDk1MTAvMi8xICA5NDA5LzMvMSAgOTQwOC80LzEgDQpmICA5NTEwLzEvMSAgOTUxMS8yLzEgIDk0MTAvMy8xICA5NDA5LzQvMSANCmYgIDk1MTEvMS8xICA5NTEyLzIvMSAgOTQxMS8zLzEgIDk0MTAvNC8xIA0KZiAgOTUxMi8xLzEgIDk1MTMvMi8xICA5NDEyLzMvMSAgOTQxMS80LzEgDQpmICA5NTEzLzEvMSAgOTUxNC8yLzEgIDk0MTMvMy8xICA5NDEyLzQvMSANCmYgIDk1MTQvMS8xICA5NTE1LzIvMSAgOTQxNC8zLzEgIDk0MTMvNC8xIA0KZiAgOTUxNS8xLzEgIDk1MTYvMi8xICA5NDE1LzMvMSAgOTQxNC80LzEgDQpmICA5NTE2LzEvMSAgOTUxNy8yLzEgIDk0MTYvMy8xICA5NDE1LzQvMSANCmYgIDk1MTcvMS8xICA5NTE4LzIvMSAgOTQxNy8zLzEgIDk0MTYvNC8xIA0KZiAgOTUxOC8xLzEgIDk1MTkvMi8xICA5NDE4LzMvMSAgOTQxNy80LzEgDQpmICA5NTE5LzEvMSAgOTUyMC8yLzEgIDk0MTkvMy8xICA5NDE4LzQvMSANCmYgIDk1MjAvMS8xICA5NTIxLzIvMSAgOTQyMC8zLzEgIDk0MTkvNC8xIA0KZiAgOTUyMS8xLzEgIDk1MjIvMi8xICA5NDIxLzMvMSAgOTQyMC80LzEgDQpmICA5NTIyLzEvMSAgOTUyMy8yLzEgIDk0MjIvMy8xICA5NDIxLzQvMSANCmYgIDk1MjMvMS8xICA5NTI0LzIvMSAgOTQyMy8zLzEgIDk0MjIvNC8xIA0KZiAgOTUyNC8xLzEgIDk1MjUvMi8xICA5NDI0LzMvMSAgOTQyMy80LzEgDQpmICA5NTI1LzEvMSAgOTUyNi8yLzEgIDk0MjUvMy8xICA5NDI0LzQvMSANCmYgIDk1MjYvMS8xICA5NTI3LzIvMSAgOTQyNi8zLzEgIDk0MjUvNC8xIA0KZiAgOTUyNy8xLzEgIDk1MjgvMi8xICA5NDI3LzMvMSAgOTQyNi80LzEgDQpmICA5NTI4LzEvMSAgOTUyOS8yLzEgIDk0MjgvMy8xICA5NDI3LzQvMSANCmYgIDk1MjkvMS8xICA5NTMwLzIvMSAgOTQyOS8zLzEgIDk0MjgvNC8xIA0KZiAgOTUzMC8xLzEgIDk1MzEvMi8xICA5NDMwLzMvMSAgOTQyOS80LzEgDQpmICA5NTMxLzEvMSAgOTUzMi8yLzEgIDk0MzEvMy8xICA5NDMwLzQvMSANCmYgIDk1MzIvMS8xICA5NTMzLzIvMSAgOTQzMi8zLzEgIDk0MzEvNC8xIA0KZiAgOTUzMy8xLzEgIDk1MzQvMi8xICA5NDMzLzMvMSAgOTQzMi80LzEgDQpmICA5NTM0LzEvMSAgOTUzNS8yLzEgIDk0MzQvMy8xICA5NDMzLzQvMSANCmYgIDk1MzUvMS8xICA5NTM2LzIvMSAgOTQzNS8zLzEgIDk0MzQvNC8xIA0KZiAgOTUzNi8xLzEgIDk1MzcvMi8xICA5NDM2LzMvMSAgOTQzNS80LzEgDQpmICA5NTM3LzEvMSAgOTUzOC8yLzEgIDk0MzcvMy8xICA5NDM2LzQvMSANCmYgIDk1MzgvMS8xICA5NTM5LzIvMSAgOTQzOC8zLzEgIDk0MzcvNC8xIA0KZiAgOTUzOS8xLzEgIDk1NDAvMi8xICA5NDM5LzMvMSAgOTQzOC80LzEgDQpmICA5NTQwLzEvMSAgOTU0MS8yLzEgIDk0NDAvMy8xICA5NDM5LzQvMSANCmYgIDk1NDEvMS8xICA5NTQyLzIvMSAgOTQ0MS8zLzEgIDk0NDAvNC8xIA0KZiAgOTU0Mi8xLzEgIDk1NDMvMi8xICA5NDQyLzMvMSAgOTQ0MS80LzEgDQpmICA5NTQzLzEvMSAgOTU0NC8yLzEgIDk0NDMvMy8xICA5NDQyLzQvMSANCmYgIDk1NDQvMS8xICA5NTQ1LzIvMSAgOTQ0NC8zLzEgIDk0NDMvNC8xIA0KZiAgOTU0NS8xLzEgIDk1NDYvMi8xICA5NDQ1LzMvMSAgOTQ0NC80LzEgDQpmICA5NTQ2LzEvMSAgOTU0Ny8yLzEgIDk0NDYvMy8xICA5NDQ1LzQvMSANCmYgIDk1NDcvMS8xICA5NTQ4LzIvMSAgOTQ0Ny8zLzEgIDk0NDYvNC8xIA0KZiAgOTU0OC8xLzEgIDk1NDkvMi8xICA5NDQ4LzMvMSAgOTQ0Ny80LzEgDQpmICA5NTQ5LzEvMSAgOTU1MC8yLzEgIDk0NDkvMy8xICA5NDQ4LzQvMSANCmYgIDk1NTAvMS8xICA5NTUxLzIvMSAgOTQ1MC8zLzEgIDk0NDkvNC8xIA0KZiAgOTU1MS8xLzEgIDk1NTIvMi8xICA5NDUxLzMvMSAgOTQ1MC80LzEgDQpmICA5NTUyLzEvMSAgOTU1My8yLzEgIDk0NTIvMy8xICA5NDUxLzQvMSANCmYgIDk1NTMvMS8xICA5NTU0LzIvMSAgOTQ1My8zLzEgIDk0NTIvNC8xIA0KZiAgOTU1NC8xLzEgIDk1NTUvMi8xICA5NDU0LzMvMSAgOTQ1My80LzEgDQpmICA5NTU1LzEvMSAgOTU1Ni8yLzEgIDk0NTUvMy8xICA5NDU0LzQvMSANCmYgIDk1NTYvMS8xICA5NTU3LzIvMSAgOTQ1Ni8zLzEgIDk0NTUvNC8xIA0KZiAgOTU1Ny8xLzEgIDk1NTgvMi8xICA5NDU3LzMvMSAgOTQ1Ni80LzEgDQpmICA5NTU4LzEvMSAgOTU1OS8yLzEgIDk0NTgvMy8xICA5NDU3LzQvMSANCmYgIDk1NTkvMS8xICA5NTYwLzIvMSAgOTQ1OS8zLzEgIDk0NTgvNC8xIA0KZiAgOTU2MC8xLzEgIDk1NjEvMi8xICA5NDYwLzMvMSAgOTQ1OS80LzEgDQpmICA5NTYxLzEvMSAgOTU2Mi8yLzEgIDk0NjEvMy8xICA5NDYwLzQvMSANCmYgIDk1NjIvMS8xICA5NTYzLzIvMSAgOTQ2Mi8zLzEgIDk0NjEvNC8xIA0KZiAgOTU2My8xLzEgIDk1NjQvMi8xICA5NDYzLzMvMSAgOTQ2Mi80LzEgDQpmICA5NTY0LzEvMSAgOTU2NS8yLzEgIDk0NjQvMy8xICA5NDYzLzQvMSANCmYgIDk1NjUvMS8xICA5NTY2LzIvMSAgOTQ2NS8zLzEgIDk0NjQvNC8xIA0KZiAgOTU2Ni8xLzEgIDk1NjcvMi8xICA5NDY2LzMvMSAgOTQ2NS80LzEgDQpmICA5NTY3LzEvMSAgOTU2OC8yLzEgIDk0NjcvMy8xICA5NDY2LzQvMSANCmYgIDk1NjgvMS8xICA5NTY5LzIvMSAgOTQ2OC8zLzEgIDk0NjcvNC8xIA0KZiAgOTU2OS8xLzEgIDk1NzAvMi8xICA5NDY5LzMvMSAgOTQ2OC80LzEgDQpmICA5NTcwLzEvMSAgOTU3MS8yLzEgIDk0NzAvMy8xICA5NDY5LzQvMSANCmYgIDk1NzEvMS8xICA5NTcyLzIvMSAgOTQ3MS8zLzEgIDk0NzAvNC8xIA0KZiAgOTU3Mi8xLzEgIDk1NzMvMi8xICA5NDcyLzMvMSAgOTQ3MS80LzEgDQpmICA5NTczLzEvMSAgOTU3NC8yLzEgIDk0NzMvMy8xICA5NDcyLzQvMSANCmYgIDk1NzQvMS8xICA5NTc1LzIvMSAgOTQ3NC8zLzEgIDk0NzMvNC8xIA0KZiAgOTU3NS8xLzEgIDk1NzYvMi8xICA5NDc1LzMvMSAgOTQ3NC80LzEgDQpmICA5NTc2LzEvMSAgOTU3Ny8yLzEgIDk0NzYvMy8xICA5NDc1LzQvMSANCmYgIDk1NzcvMS8xICA5NTc4LzIvMSAgOTQ3Ny8zLzEgIDk0NzYvNC8xIA0KZiAgOTU3OC8xLzEgIDk1NzkvMi8xICA5NDc4LzMvMSAgOTQ3Ny80LzEgDQpmICA5NTc5LzEvMSAgOTU4MC8yLzEgIDk0NzkvMy8xICA5NDc4LzQvMSANCmYgIDk1ODAvMS8xICA5NTgxLzIvMSAgOTQ4MC8zLzEgIDk0NzkvNC8xIA0KZiAgOTU4MS8xLzEgIDk1ODIvMi8xICA5NDgxLzMvMSAgOTQ4MC80LzEgDQpmICA5NTgyLzEvMSAgOTU4My8yLzEgIDk0ODIvMy8xICA5NDgxLzQvMSANCmYgIDk1ODMvMS8xICA5NTg0LzIvMSAgOTQ4My8zLzEgIDk0ODIvNC8xIA0KZiAgOTU4NC8xLzEgIDk1ODUvMi8xICA5NDg0LzMvMSAgOTQ4My80LzEgDQpmICA5NTg1LzEvMSAgOTU4Ni8yLzEgIDk0ODUvMy8xICA5NDg0LzQvMSANCmYgIDk1ODYvMS8xICA5NTg3LzIvMSAgOTQ4Ni8zLzEgIDk0ODUvNC8xIA0KZiAgOTU4Ny8xLzEgIDk1ODgvMi8xICA5NDg3LzMvMSAgOTQ4Ni80LzEgDQpmICA5NTg4LzEvMSAgOTU4OS8yLzEgIDk0ODgvMy8xICA5NDg3LzQvMSANCmYgIDk1ODkvMS8xICA5NTkwLzIvMSAgOTQ4OS8zLzEgIDk0ODgvNC8xIA0KZiAgOTU5MC8xLzEgIDk1OTEvMi8xICA5NDkwLzMvMSAgOTQ4OS80LzEgDQpmICA5NTkxLzEvMSAgOTU5Mi8yLzEgIDk0OTEvMy8xICA5NDkwLzQvMSANCmYgIDk1OTIvMS8xICA5NTkzLzIvMSAgOTQ5Mi8zLzEgIDk0OTEvNC8xIA0KZiAgOTU5My8xLzEgIDk1OTQvMi8xICA5NDkzLzMvMSAgOTQ5Mi80LzEgDQpmICA5NTk0LzEvMSAgOTU5NS8yLzEgIDk0OTQvMy8xICA5NDkzLzQvMSANCmYgIDk1OTYvMS8xICA5NTk3LzIvMSAgOTQ5Ni8zLzEgIDk0OTUvNC8xIA0KZiAgOTU5Ny8xLzEgIDk1OTgvMi8xICA5NDk3LzMvMSAgOTQ5Ni80LzEgDQpmICA5NTk4LzEvMSAgOTU5OS8yLzEgIDk0OTgvMy8xICA5NDk3LzQvMSANCmYgIDk1OTkvMS8xICA5NjAwLzIvMSAgOTQ5OS8zLzEgIDk0OTgvNC8xIA0KZiAgOTYwMC8xLzEgIDk2MDEvMi8xICA5NTAwLzMvMSAgOTQ5OS80LzEgDQpmICA5NjAxLzEvMSAgOTYwMi8yLzEgIDk1MDEvMy8xICA5NTAwLzQvMSANCmYgIDk2MDIvMS8xICA5NjAzLzIvMSAgOTUwMi8zLzEgIDk1MDEvNC8xIA0KZiAgOTYwMy8xLzEgIDk2MDQvMi8xICA5NTAzLzMvMSAgOTUwMi80LzEgDQpmICA5NjA0LzEvMSAgOTYwNS8yLzEgIDk1MDQvMy8xICA5NTAzLzQvMSANCmYgIDk2MDUvMS8xICA5NjA2LzIvMSAgOTUwNS8zLzEgIDk1MDQvNC8xIA0KZiAgOTYwNi8xLzEgIDk2MDcvMi8xICA5NTA2LzMvMSAgOTUwNS80LzEgDQpmICA5NjA3LzEvMSAgOTYwOC8yLzEgIDk1MDcvMy8xICA5NTA2LzQvMSANCmYgIDk2MDgvMS8xICA5NjA5LzIvMSAgOTUwOC8zLzEgIDk1MDcvNC8xIA0KZiAgOTYwOS8xLzEgIDk2MTAvMi8xICA5NTA5LzMvMSAgOTUwOC80LzEgDQpmICA5NjEwLzEvMSAgOTYxMS8yLzEgIDk1MTAvMy8xICA5NTA5LzQvMSANCmYgIDk2MTEvMS8xICA5NjEyLzIvMSAgOTUxMS8zLzEgIDk1MTAvNC8xIA0KZiAgOTYxMi8xLzEgIDk2MTMvMi8xICA5NTEyLzMvMSAgOTUxMS80LzEgDQpmICA5NjEzLzEvMSAgOTYxNC8yLzEgIDk1MTMvMy8xICA5NTEyLzQvMSANCmYgIDk2MTQvMS8xICA5NjE1LzIvMSAgOTUxNC8zLzEgIDk1MTMvNC8xIA0KZiAgOTYxNS8xLzEgIDk2MTYvMi8xICA5NTE1LzMvMSAgOTUxNC80LzEgDQpmICA5NjE2LzEvMSAgOTYxNy8yLzEgIDk1MTYvMy8xICA5NTE1LzQvMSANCmYgIDk2MTcvMS8xICA5NjE4LzIvMSAgOTUxNy8zLzEgIDk1MTYvNC8xIA0KZiAgOTYxOC8xLzEgIDk2MTkvMi8xICA5NTE4LzMvMSAgOTUxNy80LzEgDQpmICA5NjE5LzEvMSAgOTYyMC8yLzEgIDk1MTkvMy8xICA5NTE4LzQvMSANCmYgIDk2MjAvMS8xICA5NjIxLzIvMSAgOTUyMC8zLzEgIDk1MTkvNC8xIA0KZiAgOTYyMS8xLzEgIDk2MjIvMi8xICA5NTIxLzMvMSAgOTUyMC80LzEgDQpmICA5NjIyLzEvMSAgOTYyMy8yLzEgIDk1MjIvMy8xICA5NTIxLzQvMSANCmYgIDk2MjMvMS8xICA5NjI0LzIvMSAgOTUyMy8zLzEgIDk1MjIvNC8xIA0KZiAgOTYyNC8xLzEgIDk2MjUvMi8xICA5NTI0LzMvMSAgOTUyMy80LzEgDQpmICA5NjI1LzEvMSAgOTYyNi8yLzEgIDk1MjUvMy8xICA5NTI0LzQvMSANCmYgIDk2MjYvMS8xICA5NjI3LzIvMSAgOTUyNi8zLzEgIDk1MjUvNC8xIA0KZiAgOTYyNy8xLzEgIDk2MjgvMi8xICA5NTI3LzMvMSAgOTUyNi80LzEgDQpmICA5NjI4LzEvMSAgOTYyOS8yLzEgIDk1MjgvMy8xICA5NTI3LzQvMSANCmYgIDk2MjkvMS8xICA5NjMwLzIvMSAgOTUyOS8zLzEgIDk1MjgvNC8xIA0KZiAgOTYzMC8xLzEgIDk2MzEvMi8xICA5NTMwLzMvMSAgOTUyOS80LzEgDQpmICA5NjMxLzEvMSAgOTYzMi8yLzEgIDk1MzEvMy8xICA5NTMwLzQvMSANCmYgIDk2MzIvMS8xICA5NjMzLzIvMSAgOTUzMi8zLzEgIDk1MzEvNC8xIA0KZiAgOTYzMy8xLzEgIDk2MzQvMi8xICA5NTMzLzMvMSAgOTUzMi80LzEgDQpmICA5NjM0LzEvMSAgOTYzNS8yLzEgIDk1MzQvMy8xICA5NTMzLzQvMSANCmYgIDk2MzUvMS8xICA5NjM2LzIvMSAgOTUzNS8zLzEgIDk1MzQvNC8xIA0KZiAgOTYzNi8xLzEgIDk2MzcvMi8xICA5NTM2LzMvMSAgOTUzNS80LzEgDQpmICA5NjM3LzEvMSAgOTYzOC8yLzEgIDk1MzcvMy8xICA5NTM2LzQvMSANCmYgIDk2MzgvMS8xICA5NjM5LzIvMSAgOTUzOC8zLzEgIDk1MzcvNC8xIA0KZiAgOTYzOS8xLzEgIDk2NDAvMi8xICA5NTM5LzMvMSAgOTUzOC80LzEgDQpmICA5NjQwLzEvMSAgOTY0MS8yLzEgIDk1NDAvMy8xICA5NTM5LzQvMSANCmYgIDk2NDEvMS8xICA5NjQyLzIvMSAgOTU0MS8zLzEgIDk1NDAvNC8xIA0KZiAgOTY0Mi8xLzEgIDk2NDMvMi8xICA5NTQyLzMvMSAgOTU0MS80LzEgDQpmICA5NjQzLzEvMSAgOTY0NC8yLzEgIDk1NDMvMy8xICA5NTQyLzQvMSANCmYgIDk2NDQvMS8xICA5NjQ1LzIvMSAgOTU0NC8zLzEgIDk1NDMvNC8xIA0KZiAgOTY0NS8xLzEgIDk2NDYvMi8xICA5NTQ1LzMvMSAgOTU0NC80LzEgDQpmICA5NjQ2LzEvMSAgOTY0Ny8yLzEgIDk1NDYvMy8xICA5NTQ1LzQvMSANCmYgIDk2NDcvMS8xICA5NjQ4LzIvMSAgOTU0Ny8zLzEgIDk1NDYvNC8xIA0KZiAgOTY0OC8xLzEgIDk2NDkvMi8xICA5NTQ4LzMvMSAgOTU0Ny80LzEgDQpmICA5NjQ5LzEvMSAgOTY1MC8yLzEgIDk1NDkvMy8xICA5NTQ4LzQvMSANCmYgIDk2NTAvMS8xICA5NjUxLzIvMSAgOTU1MC8zLzEgIDk1NDkvNC8xIA0KZiAgOTY1MS8xLzEgIDk2NTIvMi8xICA5NTUxLzMvMSAgOTU1MC80LzEgDQpmICA5NjUyLzEvMSAgOTY1My8yLzEgIDk1NTIvMy8xICA5NTUxLzQvMSANCmYgIDk2NTMvMS8xICA5NjU0LzIvMSAgOTU1My8zLzEgIDk1NTIvNC8xIA0KZiAgOTY1NC8xLzEgIDk2NTUvMi8xICA5NTU0LzMvMSAgOTU1My80LzEgDQpmICA5NjU1LzEvMSAgOTY1Ni8yLzEgIDk1NTUvMy8xICA5NTU0LzQvMSANCmYgIDk2NTYvMS8xICA5NjU3LzIvMSAgOTU1Ni8zLzEgIDk1NTUvNC8xIA0KZiAgOTY1Ny8xLzEgIDk2NTgvMi8xICA5NTU3LzMvMSAgOTU1Ni80LzEgDQpmICA5NjU4LzEvMSAgOTY1OS8yLzEgIDk1NTgvMy8xICA5NTU3LzQvMSANCmYgIDk2NTkvMS8xICA5NjYwLzIvMSAgOTU1OS8zLzEgIDk1NTgvNC8xIA0KZiAgOTY2MC8xLzEgIDk2NjEvMi8xICA5NTYwLzMvMSAgOTU1OS80LzEgDQpmICA5NjYxLzEvMSAgOTY2Mi8yLzEgIDk1NjEvMy8xICA5NTYwLzQvMSANCmYgIDk2NjIvMS8xICA5NjYzLzIvMSAgOTU2Mi8zLzEgIDk1NjEvNC8xIA0KZiAgOTY2My8xLzEgIDk2NjQvMi8xICA5NTYzLzMvMSAgOTU2Mi80LzEgDQpmICA5NjY0LzEvMSAgOTY2NS8yLzEgIDk1NjQvMy8xICA5NTYzLzQvMSANCmYgIDk2NjUvMS8xICA5NjY2LzIvMSAgOTU2NS8zLzEgIDk1NjQvNC8xIA0KZiAgOTY2Ni8xLzEgIDk2NjcvMi8xICA5NTY2LzMvMSAgOTU2NS80LzEgDQpmICA5NjY3LzEvMSAgOTY2OC8yLzEgIDk1NjcvMy8xICA5NTY2LzQvMSANCmYgIDk2NjgvMS8xICA5NjY5LzIvMSAgOTU2OC8zLzEgIDk1NjcvNC8xIA0KZiAgOTY2OS8xLzEgIDk2NzAvMi8xICA5NTY5LzMvMSAgOTU2OC80LzEgDQpmICA5NjcwLzEvMSAgOTY3MS8yLzEgIDk1NzAvMy8xICA5NTY5LzQvMSANCmYgIDk2NzEvMS8xICA5NjcyLzIvMSAgOTU3MS8zLzEgIDk1NzAvNC8xIA0KZiAgOTY3Mi8xLzEgIDk2NzMvMi8xICA5NTcyLzMvMSAgOTU3MS80LzEgDQpmICA5NjczLzEvMSAgOTY3NC8yLzEgIDk1NzMvMy8xICA5NTcyLzQvMSANCmYgIDk2NzQvMS8xICA5Njc1LzIvMSAgOTU3NC8zLzEgIDk1NzMvNC8xIA0KZiAgOTY3NS8xLzEgIDk2NzYvMi8xICA5NTc1LzMvMSAgOTU3NC80LzEgDQpmICA5Njc2LzEvMSAgOTY3Ny8yLzEgIDk1NzYvMy8xICA5NTc1LzQvMSANCmYgIDk2NzcvMS8xICA5Njc4LzIvMSAgOTU3Ny8zLzEgIDk1NzYvNC8xIA0KZiAgOTY3OC8xLzEgIDk2NzkvMi8xICA5NTc4LzMvMSAgOTU3Ny80LzEgDQpmICA5Njc5LzEvMSAgOTY4MC8yLzEgIDk1NzkvMy8xICA5NTc4LzQvMSANCmYgIDk2ODAvMS8xICA5NjgxLzIvMSAgOTU4MC8zLzEgIDk1NzkvNC8xIA0KZiAgOTY4MS8xLzEgIDk2ODIvMi8xICA5NTgxLzMvMSAgOTU4MC80LzEgDQpmICA5NjgyLzEvMSAgOTY4My8yLzEgIDk1ODIvMy8xICA5NTgxLzQvMSANCmYgIDk2ODMvMS8xICA5Njg0LzIvMSAgOTU4My8zLzEgIDk1ODIvNC8xIA0KZiAgOTY4NC8xLzEgIDk2ODUvMi8xICA5NTg0LzMvMSAgOTU4My80LzEgDQpmICA5Njg1LzEvMSAgOTY4Ni8yLzEgIDk1ODUvMy8xICA5NTg0LzQvMSANCmYgIDk2ODYvMS8xICA5Njg3LzIvMSAgOTU4Ni8zLzEgIDk1ODUvNC8xIA0KZiAgOTY4Ny8xLzEgIDk2ODgvMi8xICA5NTg3LzMvMSAgOTU4Ni80LzEgDQpmICA5Njg4LzEvMSAgOTY4OS8yLzEgIDk1ODgvMy8xICA5NTg3LzQvMSANCmYgIDk2ODkvMS8xICA5NjkwLzIvMSAgOTU4OS8zLzEgIDk1ODgvNC8xIA0KZiAgOTY5MC8xLzEgIDk2OTEvMi8xICA5NTkwLzMvMSAgOTU4OS80LzEgDQpmICA5NjkxLzEvMSAgOTY5Mi8yLzEgIDk1OTEvMy8xICA5NTkwLzQvMSANCmYgIDk2OTIvMS8xICA5NjkzLzIvMSAgOTU5Mi8zLzEgIDk1OTEvNC8xIA0KZiAgOTY5My8xLzEgIDk2OTQvMi8xICA5NTkzLzMvMSAgOTU5Mi80LzEgDQpmICA5Njk0LzEvMSAgOTY5NS8yLzEgIDk1OTQvMy8xICA5NTkzLzQvMSANCmYgIDk2OTUvMS8xICA5Njk2LzIvMSAgOTU5NS8zLzEgIDk1OTQvNC8xIA0KZiAgOTY5Ny8xLzEgIDk2OTgvMi8xICA5NTk3LzMvMSAgOTU5Ni80LzEgDQpmICA5Njk4LzEvMSAgOTY5OS8yLzEgIDk1OTgvMy8xICA5NTk3LzQvMSANCmYgIDk2OTkvMS8xICA5NzAwLzIvMSAgOTU5OS8zLzEgIDk1OTgvNC8xIA0KZiAgOTcwMC8xLzEgIDk3MDEvMi8xICA5NjAwLzMvMSAgOTU5OS80LzEgDQpmICA5NzAxLzEvMSAgOTcwMi8yLzEgIDk2MDEvMy8xICA5NjAwLzQvMSANCmYgIDk3MDIvMS8xICA5NzAzLzIvMSAgOTYwMi8zLzEgIDk2MDEvNC8xIA0KZiAgOTcwMy8xLzEgIDk3MDQvMi8xICA5NjAzLzMvMSAgOTYwMi80LzEgDQpmICA5NzA0LzEvMSAgOTcwNS8yLzEgIDk2MDQvMy8xICA5NjAzLzQvMSANCmYgIDk3MDUvMS8xICA5NzA2LzIvMSAgOTYwNS8zLzEgIDk2MDQvNC8xIA0KZiAgOTcwNi8xLzEgIDk3MDcvMi8xICA5NjA2LzMvMSAgOTYwNS80LzEgDQpmICA5NzA3LzEvMSAgOTcwOC8yLzEgIDk2MDcvMy8xICA5NjA2LzQvMSANCmYgIDk3MDgvMS8xICA5NzA5LzIvMSAgOTYwOC8zLzEgIDk2MDcvNC8xIA0KZiAgOTcwOS8xLzEgIDk3MTAvMi8xICA5NjA5LzMvMSAgOTYwOC80LzEgDQpmICA5NzEwLzEvMSAgOTcxMS8yLzEgIDk2MTAvMy8xICA5NjA5LzQvMSANCmYgIDk3MTEvMS8xICA5NzEyLzIvMSAgOTYxMS8zLzEgIDk2MTAvNC8xIA0KZiAgOTcxMi8xLzEgIDk3MTMvMi8xICA5NjEyLzMvMSAgOTYxMS80LzEgDQpmICA5NzEzLzEvMSAgOTcxNC8yLzEgIDk2MTMvMy8xICA5NjEyLzQvMSANCmYgIDk3MTQvMS8xICA5NzE1LzIvMSAgOTYxNC8zLzEgIDk2MTMvNC8xIA0KZiAgOTcxNS8xLzEgIDk3MTYvMi8xICA5NjE1LzMvMSAgOTYxNC80LzEgDQpmICA5NzE2LzEvMSAgOTcxNy8yLzEgIDk2MTYvMy8xICA5NjE1LzQvMSANCmYgIDk3MTcvMS8xICA5NzE4LzIvMSAgOTYxNy8zLzEgIDk2MTYvNC8xIA0KZiAgOTcxOC8xLzEgIDk3MTkvMi8xICA5NjE4LzMvMSAgOTYxNy80LzEgDQpmICA5NzE5LzEvMSAgOTcyMC8yLzEgIDk2MTkvMy8xICA5NjE4LzQvMSANCmYgIDk3MjAvMS8xICA5NzIxLzIvMSAgOTYyMC8zLzEgIDk2MTkvNC8xIA0KZiAgOTcyMS8xLzEgIDk3MjIvMi8xICA5NjIxLzMvMSAgOTYyMC80LzEgDQpmICA5NzIyLzEvMSAgOTcyMy8yLzEgIDk2MjIvMy8xICA5NjIxLzQvMSANCmYgIDk3MjMvMS8xICA5NzI0LzIvMSAgOTYyMy8zLzEgIDk2MjIvNC8xIA0KZiAgOTcyNC8xLzEgIDk3MjUvMi8xICA5NjI0LzMvMSAgOTYyMy80LzEgDQpmICA5NzI1LzEvMSAgOTcyNi8yLzEgIDk2MjUvMy8xICA5NjI0LzQvMSANCmYgIDk3MjYvMS8xICA5NzI3LzIvMSAgOTYyNi8zLzEgIDk2MjUvNC8xIA0KZiAgOTcyNy8xLzEgIDk3MjgvMi8xICA5NjI3LzMvMSAgOTYyNi80LzEgDQpmICA5NzI4LzEvMSAgOTcyOS8yLzEgIDk2MjgvMy8xICA5NjI3LzQvMSANCmYgIDk3MjkvMS8xICA5NzMwLzIvMSAgOTYyOS8zLzEgIDk2MjgvNC8xIA0KZiAgOTczMC8xLzEgIDk3MzEvMi8xICA5NjMwLzMvMSAgOTYyOS80LzEgDQpmICA5NzMxLzEvMSAgOTczMi8yLzEgIDk2MzEvMy8xICA5NjMwLzQvMSANCmYgIDk3MzIvMS8xICA5NzMzLzIvMSAgOTYzMi8zLzEgIDk2MzEvNC8xIA0KZiAgOTczMy8xLzEgIDk3MzQvMi8xICA5NjMzLzMvMSAgOTYzMi80LzEgDQpmICA5NzM0LzEvMSAgOTczNS8yLzEgIDk2MzQvMy8xICA5NjMzLzQvMSANCmYgIDk3MzUvMS8xICA5NzM2LzIvMSAgOTYzNS8zLzEgIDk2MzQvNC8xIA0KZiAgOTczNi8xLzEgIDk3MzcvMi8xICA5NjM2LzMvMSAgOTYzNS80LzEgDQpmICA5NzM3LzEvMSAgOTczOC8yLzEgIDk2MzcvMy8xICA5NjM2LzQvMSANCmYgIDk3MzgvMS8xICA5NzM5LzIvMSAgOTYzOC8zLzEgIDk2MzcvNC8xIA0KZiAgOTczOS8xLzEgIDk3NDAvMi8xICA5NjM5LzMvMSAgOTYzOC80LzEgDQpmICA5NzQwLzEvMSAgOTc0MS8yLzEgIDk2NDAvMy8xICA5NjM5LzQvMSANCmYgIDk3NDEvMS8xICA5NzQyLzIvMSAgOTY0MS8zLzEgIDk2NDAvNC8xIA0KZiAgOTc0Mi8xLzEgIDk3NDMvMi8xICA5NjQyLzMvMSAgOTY0MS80LzEgDQpmICA5NzQzLzEvMSAgOTc0NC8yLzEgIDk2NDMvMy8xICA5NjQyLzQvMSANCmYgIDk3NDQvMS8xICA5NzQ1LzIvMSAgOTY0NC8zLzEgIDk2NDMvNC8xIA0KZiAgOTc0NS8xLzEgIDk3NDYvMi8xICA5NjQ1LzMvMSAgOTY0NC80LzEgDQpmICA5NzQ2LzEvMSAgOTc0Ny8yLzEgIDk2NDYvMy8xICA5NjQ1LzQvMSANCmYgIDk3NDcvMS8xICA5NzQ4LzIvMSAgOTY0Ny8zLzEgIDk2NDYvNC8xIA0KZiAgOTc0OC8xLzEgIDk3NDkvMi8xICA5NjQ4LzMvMSAgOTY0Ny80LzEgDQpmICA5NzQ5LzEvMSAgOTc1MC8yLzEgIDk2NDkvMy8xICA5NjQ4LzQvMSANCmYgIDk3NTAvMS8xICA5NzUxLzIvMSAgOTY1MC8zLzEgIDk2NDkvNC8xIA0KZiAgOTc1MS8xLzEgIDk3NTIvMi8xICA5NjUxLzMvMSAgOTY1MC80LzEgDQpmICA5NzUyLzEvMSAgOTc1My8yLzEgIDk2NTIvMy8xICA5NjUxLzQvMSANCmYgIDk3NTMvMS8xICA5NzU0LzIvMSAgOTY1My8zLzEgIDk2NTIvNC8xIA0KZiAgOTc1NC8xLzEgIDk3NTUvMi8xICA5NjU0LzMvMSAgOTY1My80LzEgDQpmICA5NzU1LzEvMSAgOTc1Ni8yLzEgIDk2NTUvMy8xICA5NjU0LzQvMSANCmYgIDk3NTYvMS8xICA5NzU3LzIvMSAgOTY1Ni8zLzEgIDk2NTUvNC8xIA0KZiAgOTc1Ny8xLzEgIDk3NTgvMi8xICA5NjU3LzMvMSAgOTY1Ni80LzEgDQpmICA5NzU4LzEvMSAgOTc1OS8yLzEgIDk2NTgvMy8xICA5NjU3LzQvMSANCmYgIDk3NTkvMS8xICA5NzYwLzIvMSAgOTY1OS8zLzEgIDk2NTgvNC8xIA0KZiAgOTc2MC8xLzEgIDk3NjEvMi8xICA5NjYwLzMvMSAgOTY1OS80LzEgDQpmICA5NzYxLzEvMSAgOTc2Mi8yLzEgIDk2NjEvMy8xICA5NjYwLzQvMSANCmYgIDk3NjIvMS8xICA5NzYzLzIvMSAgOTY2Mi8zLzEgIDk2NjEvNC8xIA0KZiAgOTc2My8xLzEgIDk3NjQvMi8xICA5NjYzLzMvMSAgOTY2Mi80LzEgDQpmICA5NzY0LzEvMSAgOTc2NS8yLzEgIDk2NjQvMy8xICA5NjYzLzQvMSANCmYgIDk3NjUvMS8xICA5NzY2LzIvMSAgOTY2NS8zLzEgIDk2NjQvNC8xIA0KZiAgOTc2Ni8xLzEgIDk3NjcvMi8xICA5NjY2LzMvMSAgOTY2NS80LzEgDQpmICA5NzY3LzEvMSAgOTc2OC8yLzEgIDk2NjcvMy8xICA5NjY2LzQvMSANCmYgIDk3NjgvMS8xICA5NzY5LzIvMSAgOTY2OC8zLzEgIDk2NjcvNC8xIA0KZiAgOTc2OS8xLzEgIDk3NzAvMi8xICA5NjY5LzMvMSAgOTY2OC80LzEgDQpmICA5NzcwLzEvMSAgOTc3MS8yLzEgIDk2NzAvMy8xICA5NjY5LzQvMSANCmYgIDk3NzEvMS8xICA5NzcyLzIvMSAgOTY3MS8zLzEgIDk2NzAvNC8xIA0KZiAgOTc3Mi8xLzEgIDk3NzMvMi8xICA5NjcyLzMvMSAgOTY3MS80LzEgDQpmICA5NzczLzEvMSAgOTc3NC8yLzEgIDk2NzMvMy8xICA5NjcyLzQvMSANCmYgIDk3NzQvMS8xICA5Nzc1LzIvMSAgOTY3NC8zLzEgIDk2NzMvNC8xIA0KZiAgOTc3NS8xLzEgIDk3NzYvMi8xICA5Njc1LzMvMSAgOTY3NC80LzEgDQpmICA5Nzc2LzEvMSAgOTc3Ny8yLzEgIDk2NzYvMy8xICA5Njc1LzQvMSANCmYgIDk3NzcvMS8xICA5Nzc4LzIvMSAgOTY3Ny8zLzEgIDk2NzYvNC8xIA0KZiAgOTc3OC8xLzEgIDk3NzkvMi8xICA5Njc4LzMvMSAgOTY3Ny80LzEgDQpmICA5Nzc5LzEvMSAgOTc4MC8yLzEgIDk2NzkvMy8xICA5Njc4LzQvMSANCmYgIDk3ODAvMS8xICA5NzgxLzIvMSAgOTY4MC8zLzEgIDk2NzkvNC8xIA0KZiAgOTc4MS8xLzEgIDk3ODIvMi8xICA5NjgxLzMvMSAgOTY4MC80LzEgDQpmICA5NzgyLzEvMSAgOTc4My8yLzEgIDk2ODIvMy8xICA5NjgxLzQvMSANCmYgIDk3ODMvMS8xICA5Nzg0LzIvMSAgOTY4My8zLzEgIDk2ODIvNC8xIA0KZiAgOTc4NC8xLzEgIDk3ODUvMi8xICA5Njg0LzMvMSAgOTY4My80LzEgDQpmICA5Nzg1LzEvMSAgOTc4Ni8yLzEgIDk2ODUvMy8xICA5Njg0LzQvMSANCmYgIDk3ODYvMS8xICA5Nzg3LzIvMSAgOTY4Ni8zLzEgIDk2ODUvNC8xIA0KZiAgOTc4Ny8xLzEgIDk3ODgvMi8xICA5Njg3LzMvMSAgOTY4Ni80LzEgDQpmICA5Nzg4LzEvMSAgOTc4OS8yLzEgIDk2ODgvMy8xICA5Njg3LzQvMSANCmYgIDk3ODkvMS8xICA5NzkwLzIvMSAgOTY4OS8zLzEgIDk2ODgvNC8xIA0KZiAgOTc5MC8xLzEgIDk3OTEvMi8xICA5NjkwLzMvMSAgOTY4OS80LzEgDQpmICA5NzkxLzEvMSAgOTc5Mi8yLzEgIDk2OTEvMy8xICA5NjkwLzQvMSANCmYgIDk3OTIvMS8xICA5NzkzLzIvMSAgOTY5Mi8zLzEgIDk2OTEvNC8xIA0KZiAgOTc5My8xLzEgIDk3OTQvMi8xICA5NjkzLzMvMSAgOTY5Mi80LzEgDQpmICA5Nzk0LzEvMSAgOTc5NS8yLzEgIDk2OTQvMy8xICA5NjkzLzQvMSANCmYgIDk3OTUvMS8xICA5Nzk2LzIvMSAgOTY5NS8zLzEgIDk2OTQvNC8xIA0KZiAgOTc5Ni8xLzEgIDk3OTcvMi8xICA5Njk2LzMvMSAgOTY5NS80LzEgDQpmICA5Nzk4LzEvMSAgOTc5OS8yLzEgIDk2OTgvMy8xICA5Njk3LzQvMSANCmYgIDk3OTkvMS8xICA5ODAwLzIvMSAgOTY5OS8zLzEgIDk2OTgvNC8xIA0KZiAgOTgwMC8xLzEgIDk4MDEvMi8xICA5NzAwLzMvMSAgOTY5OS80LzEgDQpmICA5ODAxLzEvMSAgOTgwMi8yLzEgIDk3MDEvMy8xICA5NzAwLzQvMSANCmYgIDk4MDIvMS8xICA5ODAzLzIvMSAgOTcwMi8zLzEgIDk3MDEvNC8xIA0KZiAgOTgwMy8xLzEgIDk4MDQvMi8xICA5NzAzLzMvMSAgOTcwMi80LzEgDQpmICA5ODA0LzEvMSAgOTgwNS8yLzEgIDk3MDQvMy8xICA5NzAzLzQvMSANCmYgIDk4MDUvMS8xICA5ODA2LzIvMSAgOTcwNS8zLzEgIDk3MDQvNC8xIA0KZiAgOTgwNi8xLzEgIDk4MDcvMi8xICA5NzA2LzMvMSAgOTcwNS80LzEgDQpmICA5ODA3LzEvMSAgOTgwOC8yLzEgIDk3MDcvMy8xICA5NzA2LzQvMSANCmYgIDk4MDgvMS8xICA5ODA5LzIvMSAgOTcwOC8zLzEgIDk3MDcvNC8xIA0KZiAgOTgwOS8xLzEgIDk4MTAvMi8xICA5NzA5LzMvMSAgOTcwOC80LzEgDQpmICA5ODEwLzEvMSAgOTgxMS8yLzEgIDk3MTAvMy8xICA5NzA5LzQvMSANCmYgIDk4MTEvMS8xICA5ODEyLzIvMSAgOTcxMS8zLzEgIDk3MTAvNC8xIA0KZiAgOTgxMi8xLzEgIDk4MTMvMi8xICA5NzEyLzMvMSAgOTcxMS80LzEgDQpmICA5ODEzLzEvMSAgOTgxNC8yLzEgIDk3MTMvMy8xICA5NzEyLzQvMSANCmYgIDk4MTQvMS8xICA5ODE1LzIvMSAgOTcxNC8zLzEgIDk3MTMvNC8xIA0KZiAgOTgxNS8xLzEgIDk4MTYvMi8xICA5NzE1LzMvMSAgOTcxNC80LzEgDQpmICA5ODE2LzEvMSAgOTgxNy8yLzEgIDk3MTYvMy8xICA5NzE1LzQvMSANCmYgIDk4MTcvMS8xICA5ODE4LzIvMSAgOTcxNy8zLzEgIDk3MTYvNC8xIA0KZiAgOTgxOC8xLzEgIDk4MTkvMi8xICA5NzE4LzMvMSAgOTcxNy80LzEgDQpmICA5ODE5LzEvMSAgOTgyMC8yLzEgIDk3MTkvMy8xICA5NzE4LzQvMSANCmYgIDk4MjAvMS8xICA5ODIxLzIvMSAgOTcyMC8zLzEgIDk3MTkvNC8xIA0KZiAgOTgyMS8xLzEgIDk4MjIvMi8xICA5NzIxLzMvMSAgOTcyMC80LzEgDQpmICA5ODIyLzEvMSAgOTgyMy8yLzEgIDk3MjIvMy8xICA5NzIxLzQvMSANCmYgIDk4MjMvMS8xICA5ODI0LzIvMSAgOTcyMy8zLzEgIDk3MjIvNC8xIA0KZiAgOTgyNC8xLzEgIDk4MjUvMi8xICA5NzI0LzMvMSAgOTcyMy80LzEgDQpmICA5ODI1LzEvMSAgOTgyNi8yLzEgIDk3MjUvMy8xICA5NzI0LzQvMSANCmYgIDk4MjYvMS8xICA5ODI3LzIvMSAgOTcyNi8zLzEgIDk3MjUvNC8xIA0KZiAgOTgyNy8xLzEgIDk4MjgvMi8xICA5NzI3LzMvMSAgOTcyNi80LzEgDQpmICA5ODI4LzEvMSAgOTgyOS8yLzEgIDk3MjgvMy8xICA5NzI3LzQvMSANCmYgIDk4MjkvMS8xICA5ODMwLzIvMSAgOTcyOS8zLzEgIDk3MjgvNC8xIA0KZiAgOTgzMC8xLzEgIDk4MzEvMi8xICA5NzMwLzMvMSAgOTcyOS80LzEgDQpmICA5ODMxLzEvMSAgOTgzMi8yLzEgIDk3MzEvMy8xICA5NzMwLzQvMSANCmYgIDk4MzIvMS8xICA5ODMzLzIvMSAgOTczMi8zLzEgIDk3MzEvNC8xIA0KZiAgOTgzMy8xLzEgIDk4MzQvMi8xICA5NzMzLzMvMSAgOTczMi80LzEgDQpmICA5ODM0LzEvMSAgOTgzNS8yLzEgIDk3MzQvMy8xICA5NzMzLzQvMSANCmYgIDk4MzUvMS8xICA5ODM2LzIvMSAgOTczNS8zLzEgIDk3MzQvNC8xIA0KZiAgOTgzNi8xLzEgIDk4MzcvMi8xICA5NzM2LzMvMSAgOTczNS80LzEgDQpmICA5ODM3LzEvMSAgOTgzOC8yLzEgIDk3MzcvMy8xICA5NzM2LzQvMSANCmYgIDk4MzgvMS8xICA5ODM5LzIvMSAgOTczOC8zLzEgIDk3MzcvNC8xIA0KZiAgOTgzOS8xLzEgIDk4NDAvMi8xICA5NzM5LzMvMSAgOTczOC80LzEgDQpmICA5ODQwLzEvMSAgOTg0MS8yLzEgIDk3NDAvMy8xICA5NzM5LzQvMSANCmYgIDk4NDEvMS8xICA5ODQyLzIvMSAgOTc0MS8zLzEgIDk3NDAvNC8xIA0KZiAgOTg0Mi8xLzEgIDk4NDMvMi8xICA5NzQyLzMvMSAgOTc0MS80LzEgDQpmICA5ODQzLzEvMSAgOTg0NC8yLzEgIDk3NDMvMy8xICA5NzQyLzQvMSANCmYgIDk4NDQvMS8xICA5ODQ1LzIvMSAgOTc0NC8zLzEgIDk3NDMvNC8xIA0KZiAgOTg0NS8xLzEgIDk4NDYvMi8xICA5NzQ1LzMvMSAgOTc0NC80LzEgDQpmICA5ODQ2LzEvMSAgOTg0Ny8yLzEgIDk3NDYvMy8xICA5NzQ1LzQvMSANCmYgIDk4NDcvMS8xICA5ODQ4LzIvMSAgOTc0Ny8zLzEgIDk3NDYvNC8xIA0KZiAgOTg0OC8xLzEgIDk4NDkvMi8xICA5NzQ4LzMvMSAgOTc0Ny80LzEgDQpmICA5ODQ5LzEvMSAgOTg1MC8yLzEgIDk3NDkvMy8xICA5NzQ4LzQvMSANCmYgIDk4NTAvMS8xICA5ODUxLzIvMSAgOTc1MC8zLzEgIDk3NDkvNC8xIA0KZiAgOTg1MS8xLzEgIDk4NTIvMi8xICA5NzUxLzMvMSAgOTc1MC80LzEgDQpmICA5ODUyLzEvMSAgOTg1My8yLzEgIDk3NTIvMy8xICA5NzUxLzQvMSANCmYgIDk4NTMvMS8xICA5ODU0LzIvMSAgOTc1My8zLzEgIDk3NTIvNC8xIA0KZiAgOTg1NC8xLzEgIDk4NTUvMi8xICA5NzU0LzMvMSAgOTc1My80LzEgDQpmICA5ODU1LzEvMSAgOTg1Ni8yLzEgIDk3NTUvMy8xICA5NzU0LzQvMSANCmYgIDk4NTYvMS8xICA5ODU3LzIvMSAgOTc1Ni8zLzEgIDk3NTUvNC8xIA0KZiAgOTg1Ny8xLzEgIDk4NTgvMi8xICA5NzU3LzMvMSAgOTc1Ni80LzEgDQpmICA5ODU4LzEvMSAgOTg1OS8yLzEgIDk3NTgvMy8xICA5NzU3LzQvMSANCmYgIDk4NTkvMS8xICA5ODYwLzIvMSAgOTc1OS8zLzEgIDk3NTgvNC8xIA0KZiAgOTg2MC8xLzEgIDk4NjEvMi8xICA5NzYwLzMvMSAgOTc1OS80LzEgDQpmICA5ODYxLzEvMSAgOTg2Mi8yLzEgIDk3NjEvMy8xICA5NzYwLzQvMSANCmYgIDk4NjIvMS8xICA5ODYzLzIvMSAgOTc2Mi8zLzEgIDk3NjEvNC8xIA0KZiAgOTg2My8xLzEgIDk4NjQvMi8xICA5NzYzLzMvMSAgOTc2Mi80LzEgDQpmICA5ODY0LzEvMSAgOTg2NS8yLzEgIDk3NjQvMy8xICA5NzYzLzQvMSANCmYgIDk4NjUvMS8xICA5ODY2LzIvMSAgOTc2NS8zLzEgIDk3NjQvNC8xIA0KZiAgOTg2Ni8xLzEgIDk4NjcvMi8xICA5NzY2LzMvMSAgOTc2NS80LzEgDQpmICA5ODY3LzEvMSAgOTg2OC8yLzEgIDk3NjcvMy8xICA5NzY2LzQvMSANCmYgIDk4NjgvMS8xICA5ODY5LzIvMSAgOTc2OC8zLzEgIDk3NjcvNC8xIA0KZiAgOTg2OS8xLzEgIDk4NzAvMi8xICA5NzY5LzMvMSAgOTc2OC80LzEgDQpmICA5ODcwLzEvMSAgOTg3MS8yLzEgIDk3NzAvMy8xICA5NzY5LzQvMSANCmYgIDk4NzEvMS8xICA5ODcyLzIvMSAgOTc3MS8zLzEgIDk3NzAvNC8xIA0KZiAgOTg3Mi8xLzEgIDk4NzMvMi8xICA5NzcyLzMvMSAgOTc3MS80LzEgDQpmICA5ODczLzEvMSAgOTg3NC8yLzEgIDk3NzMvMy8xICA5NzcyLzQvMSANCmYgIDk4NzQvMS8xICA5ODc1LzIvMSAgOTc3NC8zLzEgIDk3NzMvNC8xIA0KZiAgOTg3NS8xLzEgIDk4NzYvMi8xICA5Nzc1LzMvMSAgOTc3NC80LzEgDQpmICA5ODc2LzEvMSAgOTg3Ny8yLzEgIDk3NzYvMy8xICA5Nzc1LzQvMSANCmYgIDk4NzcvMS8xICA5ODc4LzIvMSAgOTc3Ny8zLzEgIDk3NzYvNC8xIA0KZiAgOTg3OC8xLzEgIDk4NzkvMi8xICA5Nzc4LzMvMSAgOTc3Ny80LzEgDQpmICA5ODc5LzEvMSAgOTg4MC8yLzEgIDk3NzkvMy8xICA5Nzc4LzQvMSANCmYgIDk4ODAvMS8xICA5ODgxLzIvMSAgOTc4MC8zLzEgIDk3NzkvNC8xIA0KZiAgOTg4MS8xLzEgIDk4ODIvMi8xICA5NzgxLzMvMSAgOTc4MC80LzEgDQpmICA5ODgyLzEvMSAgOTg4My8yLzEgIDk3ODIvMy8xICA5NzgxLzQvMSANCmYgIDk4ODMvMS8xICA5ODg0LzIvMSAgOTc4My8zLzEgIDk3ODIvNC8xIA0KZiAgOTg4NC8xLzEgIDk4ODUvMi8xICA5Nzg0LzMvMSAgOTc4My80LzEgDQpmICA5ODg1LzEvMSAgOTg4Ni8yLzEgIDk3ODUvMy8xICA5Nzg0LzQvMSANCmYgIDk4ODYvMS8xICA5ODg3LzIvMSAgOTc4Ni8zLzEgIDk3ODUvNC8xIA0KZiAgOTg4Ny8xLzEgIDk4ODgvMi8xICA5Nzg3LzMvMSAgOTc4Ni80LzEgDQpmICA5ODg4LzEvMSAgOTg4OS8yLzEgIDk3ODgvMy8xICA5Nzg3LzQvMSANCmYgIDk4ODkvMS8xICA5ODkwLzIvMSAgOTc4OS8zLzEgIDk3ODgvNC8xIA0KZiAgOTg5MC8xLzEgIDk4OTEvMi8xICA5NzkwLzMvMSAgOTc4OS80LzEgDQpmICA5ODkxLzEvMSAgOTg5Mi8yLzEgIDk3OTEvMy8xICA5NzkwLzQvMSANCmYgIDk4OTIvMS8xICA5ODkzLzIvMSAgOTc5Mi8zLzEgIDk3OTEvNC8xIA0KZiAgOTg5My8xLzEgIDk4OTQvMi8xICA5NzkzLzMvMSAgOTc5Mi80LzEgDQpmICA5ODk0LzEvMSAgOTg5NS8yLzEgIDk3OTQvMy8xICA5NzkzLzQvMSANCmYgIDk4OTUvMS8xICA5ODk2LzIvMSAgOTc5NS8zLzEgIDk3OTQvNC8xIA0KZiAgOTg5Ni8xLzEgIDk4OTcvMi8xICA5Nzk2LzMvMSAgOTc5NS80LzEgDQpmICA5ODk3LzEvMSAgOTg5OC8yLzEgIDk3OTcvMy8xICA5Nzk2LzQvMSANCmYgIDk4OTkvMS8xICA5OTAwLzIvMSAgOTc5OS8zLzEgIDk3OTgvNC8xIA0KZiAgOTkwMC8xLzEgIDk5MDEvMi8xICA5ODAwLzMvMSAgOTc5OS80LzEgDQpmICA5OTAxLzEvMSAgOTkwMi8yLzEgIDk4MDEvMy8xICA5ODAwLzQvMSANCmYgIDk5MDIvMS8xICA5OTAzLzIvMSAgOTgwMi8zLzEgIDk4MDEvNC8xIA0KZiAgOTkwMy8xLzEgIDk5MDQvMi8xICA5ODAzLzMvMSAgOTgwMi80LzEgDQpmICA5OTA0LzEvMSAgOTkwNS8yLzEgIDk4MDQvMy8xICA5ODAzLzQvMSANCmYgIDk5MDUvMS8xICA5OTA2LzIvMSAgOTgwNS8zLzEgIDk4MDQvNC8xIA0KZiAgOTkwNi8xLzEgIDk5MDcvMi8xICA5ODA2LzMvMSAgOTgwNS80LzEgDQpmICA5OTA3LzEvMSAgOTkwOC8yLzEgIDk4MDcvMy8xICA5ODA2LzQvMSANCmYgIDk5MDgvMS8xICA5OTA5LzIvMSAgOTgwOC8zLzEgIDk4MDcvNC8xIA0KZiAgOTkwOS8xLzEgIDk5MTAvMi8xICA5ODA5LzMvMSAgOTgwOC80LzEgDQpmICA5OTEwLzEvMSAgOTkxMS8yLzEgIDk4MTAvMy8xICA5ODA5LzQvMSANCmYgIDk5MTEvMS8xICA5OTEyLzIvMSAgOTgxMS8zLzEgIDk4MTAvNC8xIA0KZiAgOTkxMi8xLzEgIDk5MTMvMi8xICA5ODEyLzMvMSAgOTgxMS80LzEgDQpmICA5OTEzLzEvMSAgOTkxNC8yLzEgIDk4MTMvMy8xICA5ODEyLzQvMSANCmYgIDk5MTQvMS8xICA5OTE1LzIvMSAgOTgxNC8zLzEgIDk4MTMvNC8xIA0KZiAgOTkxNS8xLzEgIDk5MTYvMi8xICA5ODE1LzMvMSAgOTgxNC80LzEgDQpmICA5OTE2LzEvMSAgOTkxNy8yLzEgIDk4MTYvMy8xICA5ODE1LzQvMSANCmYgIDk5MTcvMS8xICA5OTE4LzIvMSAgOTgxNy8zLzEgIDk4MTYvNC8xIA0KZiAgOTkxOC8xLzEgIDk5MTkvMi8xICA5ODE4LzMvMSAgOTgxNy80LzEgDQpmICA5OTE5LzEvMSAgOTkyMC8yLzEgIDk4MTkvMy8xICA5ODE4LzQvMSANCmYgIDk5MjAvMS8xICA5OTIxLzIvMSAgOTgyMC8zLzEgIDk4MTkvNC8xIA0KZiAgOTkyMS8xLzEgIDk5MjIvMi8xICA5ODIxLzMvMSAgOTgyMC80LzEgDQpmICA5OTIyLzEvMSAgOTkyMy8yLzEgIDk4MjIvMy8xICA5ODIxLzQvMSANCmYgIDk5MjMvMS8xICA5OTI0LzIvMSAgOTgyMy8zLzEgIDk4MjIvNC8xIA0KZiAgOTkyNC8xLzEgIDk5MjUvMi8xICA5ODI0LzMvMSAgOTgyMy80LzEgDQpmICA5OTI1LzEvMSAgOTkyNi8yLzEgIDk4MjUvMy8xICA5ODI0LzQvMSANCmYgIDk5MjYvMS8xICA5OTI3LzIvMSAgOTgyNi8zLzEgIDk4MjUvNC8xIA0KZiAgOTkyNy8xLzEgIDk5MjgvMi8xICA5ODI3LzMvMSAgOTgyNi80LzEgDQpmICA5OTI4LzEvMSAgOTkyOS8yLzEgIDk4MjgvMy8xICA5ODI3LzQvMSANCmYgIDk5MjkvMS8xICA5OTMwLzIvMSAgOTgyOS8zLzEgIDk4MjgvNC8xIA0KZiAgOTkzMC8xLzEgIDk5MzEvMi8xICA5ODMwLzMvMSAgOTgyOS80LzEgDQpmICA5OTMxLzEvMSAgOTkzMi8yLzEgIDk4MzEvMy8xICA5ODMwLzQvMSANCmYgIDk5MzIvMS8xICA5OTMzLzIvMSAgOTgzMi8zLzEgIDk4MzEvNC8xIA0KZiAgOTkzMy8xLzEgIDk5MzQvMi8xICA5ODMzLzMvMSAgOTgzMi80LzEgDQpmICA5OTM0LzEvMSAgOTkzNS8yLzEgIDk4MzQvMy8xICA5ODMzLzQvMSANCmYgIDk5MzUvMS8xICA5OTM2LzIvMSAgOTgzNS8zLzEgIDk4MzQvNC8xIA0KZiAgOTkzNi8xLzEgIDk5MzcvMi8xICA5ODM2LzMvMSAgOTgzNS80LzEgDQpmICA5OTM3LzEvMSAgOTkzOC8yLzEgIDk4MzcvMy8xICA5ODM2LzQvMSANCmYgIDk5MzgvMS8xICA5OTM5LzIvMSAgOTgzOC8zLzEgIDk4MzcvNC8xIA0KZiAgOTkzOS8xLzEgIDk5NDAvMi8xICA5ODM5LzMvMSAgOTgzOC80LzEgDQpmICA5OTQwLzEvMSAgOTk0MS8yLzEgIDk4NDAvMy8xICA5ODM5LzQvMSANCmYgIDk5NDEvMS8xICA5OTQyLzIvMSAgOTg0MS8zLzEgIDk4NDAvNC8xIA0KZiAgOTk0Mi8xLzEgIDk5NDMvMi8xICA5ODQyLzMvMSAgOTg0MS80LzEgDQpmICA5OTQzLzEvMSAgOTk0NC8yLzEgIDk4NDMvMy8xICA5ODQyLzQvMSANCmYgIDk5NDQvMS8xICA5OTQ1LzIvMSAgOTg0NC8zLzEgIDk4NDMvNC8xIA0KZiAgOTk0NS8xLzEgIDk5NDYvMi8xICA5ODQ1LzMvMSAgOTg0NC80LzEgDQpmICA5OTQ2LzEvMSAgOTk0Ny8yLzEgIDk4NDYvMy8xICA5ODQ1LzQvMSANCmYgIDk5NDcvMS8xICA5OTQ4LzIvMSAgOTg0Ny8zLzEgIDk4NDYvNC8xIA0KZiAgOTk0OC8xLzEgIDk5NDkvMi8xICA5ODQ4LzMvMSAgOTg0Ny80LzEgDQpmICA5OTQ5LzEvMSAgOTk1MC8yLzEgIDk4NDkvMy8xICA5ODQ4LzQvMSANCmYgIDk5NTAvMS8xICA5OTUxLzIvMSAgOTg1MC8zLzEgIDk4NDkvNC8xIA0KZiAgOTk1MS8xLzEgIDk5NTIvMi8xICA5ODUxLzMvMSAgOTg1MC80LzEgDQpmICA5OTUyLzEvMSAgOTk1My8yLzEgIDk4NTIvMy8xICA5ODUxLzQvMSANCmYgIDk5NTMvMS8xICA5OTU0LzIvMSAgOTg1My8zLzEgIDk4NTIvNC8xIA0KZiAgOTk1NC8xLzEgIDk5NTUvMi8xICA5ODU0LzMvMSAgOTg1My80LzEgDQpmICA5OTU1LzEvMSAgOTk1Ni8yLzEgIDk4NTUvMy8xICA5ODU0LzQvMSANCmYgIDk5NTYvMS8xICA5OTU3LzIvMSAgOTg1Ni8zLzEgIDk4NTUvNC8xIA0KZiAgOTk1Ny8xLzEgIDk5NTgvMi8xICA5ODU3LzMvMSAgOTg1Ni80LzEgDQpmICA5OTU4LzEvMSAgOTk1OS8yLzEgIDk4NTgvMy8xICA5ODU3LzQvMSANCmYgIDk5NTkvMS8xICA5OTYwLzIvMSAgOTg1OS8zLzEgIDk4NTgvNC8xIA0KZiAgOTk2MC8xLzEgIDk5NjEvMi8xICA5ODYwLzMvMSAgOTg1OS80LzEgDQpmICA5OTYxLzEvMSAgOTk2Mi8yLzEgIDk4NjEvMy8xICA5ODYwLzQvMSANCmYgIDk5NjIvMS8xICA5OTYzLzIvMSAgOTg2Mi8zLzEgIDk4NjEvNC8xIA0KZiAgOTk2My8xLzEgIDk5NjQvMi8xICA5ODYzLzMvMSAgOTg2Mi80LzEgDQpmICA5OTY0LzEvMSAgOTk2NS8yLzEgIDk4NjQvMy8xICA5ODYzLzQvMSANCmYgIDk5NjUvMS8xICA5OTY2LzIvMSAgOTg2NS8zLzEgIDk4NjQvNC8xIA0KZiAgOTk2Ni8xLzEgIDk5NjcvMi8xICA5ODY2LzMvMSAgOTg2NS80LzEgDQpmICA5OTY3LzEvMSAgOTk2OC8yLzEgIDk4NjcvMy8xICA5ODY2LzQvMSANCmYgIDk5NjgvMS8xICA5OTY5LzIvMSAgOTg2OC8zLzEgIDk4NjcvNC8xIA0KZiAgOTk2OS8xLzEgIDk5NzAvMi8xICA5ODY5LzMvMSAgOTg2OC80LzEgDQpmICA5OTcwLzEvMSAgOTk3MS8yLzEgIDk4NzAvMy8xICA5ODY5LzQvMSANCmYgIDk5NzEvMS8xICA5OTcyLzIvMSAgOTg3MS8zLzEgIDk4NzAvNC8xIA0KZiAgOTk3Mi8xLzEgIDk5NzMvMi8xICA5ODcyLzMvMSAgOTg3MS80LzEgDQpmICA5OTczLzEvMSAgOTk3NC8yLzEgIDk4NzMvMy8xICA5ODcyLzQvMSANCmYgIDk5NzQvMS8xICA5OTc1LzIvMSAgOTg3NC8zLzEgIDk4NzMvNC8xIA0KZiAgOTk3NS8xLzEgIDk5NzYvMi8xICA5ODc1LzMvMSAgOTg3NC80LzEgDQpmICA5OTc2LzEvMSAgOTk3Ny8yLzEgIDk4NzYvMy8xICA5ODc1LzQvMSANCmYgIDk5NzcvMS8xICA5OTc4LzIvMSAgOTg3Ny8zLzEgIDk4NzYvNC8xIA0KZiAgOTk3OC8xLzEgIDk5NzkvMi8xICA5ODc4LzMvMSAgOTg3Ny80LzEgDQpmICA5OTc5LzEvMSAgOTk4MC8yLzEgIDk4NzkvMy8xICA5ODc4LzQvMSANCmYgIDk5ODAvMS8xICA5OTgxLzIvMSAgOTg4MC8zLzEgIDk4NzkvNC8xIA0KZiAgOTk4MS8xLzEgIDk5ODIvMi8xICA5ODgxLzMvMSAgOTg4MC80LzEgDQpmICA5OTgyLzEvMSAgOTk4My8yLzEgIDk4ODIvMy8xICA5ODgxLzQvMSANCmYgIDk5ODMvMS8xICA5OTg0LzIvMSAgOTg4My8zLzEgIDk4ODIvNC8xIA0KZiAgOTk4NC8xLzEgIDk5ODUvMi8xICA5ODg0LzMvMSAgOTg4My80LzEgDQpmICA5OTg1LzEvMSAgOTk4Ni8yLzEgIDk4ODUvMy8xICA5ODg0LzQvMSANCmYgIDk5ODYvMS8xICA5OTg3LzIvMSAgOTg4Ni8zLzEgIDk4ODUvNC8xIA0KZiAgOTk4Ny8xLzEgIDk5ODgvMi8xICA5ODg3LzMvMSAgOTg4Ni80LzEgDQpmICA5OTg4LzEvMSAgOTk4OS8yLzEgIDk4ODgvMy8xICA5ODg3LzQvMSANCmYgIDk5ODkvMS8xICA5OTkwLzIvMSAgOTg4OS8zLzEgIDk4ODgvNC8xIA0KZiAgOTk5MC8xLzEgIDk5OTEvMi8xICA5ODkwLzMvMSAgOTg4OS80LzEgDQpmICA5OTkxLzEvMSAgOTk5Mi8yLzEgIDk4OTEvMy8xICA5ODkwLzQvMSANCmYgIDk5OTIvMS8xICA5OTkzLzIvMSAgOTg5Mi8zLzEgIDk4OTEvNC8xIA0KZiAgOTk5My8xLzEgIDk5OTQvMi8xICA5ODkzLzMvMSAgOTg5Mi80LzEgDQpmICA5OTk0LzEvMSAgOTk5NS8yLzEgIDk4OTQvMy8xICA5ODkzLzQvMSANCmYgIDk5OTUvMS8xICA5OTk2LzIvMSAgOTg5NS8zLzEgIDk4OTQvNC8xIA0KZiAgOTk5Ni8xLzEgIDk5OTcvMi8xICA5ODk2LzMvMSAgOTg5NS80LzEgDQpmICA5OTk3LzEvMSAgOTk5OC8yLzEgIDk4OTcvMy8xICA5ODk2LzQvMSANCmYgIDk5OTgvMS8xICA5OTk5LzIvMSAgOTg5OC8zLzEgIDk4OTcvNC8xIA0KZiAgMTAwMDAvMS8xICAxMDAwMS8yLzEgIDk5MDAvMy8xICA5ODk5LzQvMSANCmYgIDEwMDAxLzEvMSAgMTAwMDIvMi8xICA5OTAxLzMvMSAgOTkwMC80LzEgDQpmICAxMDAwMi8xLzEgIDEwMDAzLzIvMSAgOTkwMi8zLzEgIDk5MDEvNC8xIA0KZiAgMTAwMDMvMS8xICAxMDAwNC8yLzEgIDk5MDMvMy8xICA5OTAyLzQvMSANCmYgIDEwMDA0LzEvMSAgMTAwMDUvMi8xICA5OTA0LzMvMSAgOTkwMy80LzEgDQpmICAxMDAwNS8xLzEgIDEwMDA2LzIvMSAgOTkwNS8zLzEgIDk5MDQvNC8xIA0KZiAgMTAwMDYvMS8xICAxMDAwNy8yLzEgIDk5MDYvMy8xICA5OTA1LzQvMSANCmYgIDEwMDA3LzEvMSAgMTAwMDgvMi8xICA5OTA3LzMvMSAgOTkwNi80LzEgDQpmICAxMDAwOC8xLzEgIDEwMDA5LzIvMSAgOTkwOC8zLzEgIDk5MDcvNC8xIA0KZiAgMTAwMDkvMS8xICAxMDAxMC8yLzEgIDk5MDkvMy8xICA5OTA4LzQvMSANCmYgIDEwMDEwLzEvMSAgMTAwMTEvMi8xICA5OTEwLzMvMSAgOTkwOS80LzEgDQpmICAxMDAxMS8xLzEgIDEwMDEyLzIvMSAgOTkxMS8zLzEgIDk5MTAvNC8xIA0KZiAgMTAwMTIvMS8xICAxMDAxMy8yLzEgIDk5MTIvMy8xICA5OTExLzQvMSANCmYgIDEwMDEzLzEvMSAgMTAwMTQvMi8xICA5OTEzLzMvMSAgOTkxMi80LzEgDQpmICAxMDAxNC8xLzEgIDEwMDE1LzIvMSAgOTkxNC8zLzEgIDk5MTMvNC8xIA0KZiAgMTAwMTUvMS8xICAxMDAxNi8yLzEgIDk5MTUvMy8xICA5OTE0LzQvMSANCmYgIDEwMDE2LzEvMSAgMTAwMTcvMi8xICA5OTE2LzMvMSAgOTkxNS80LzEgDQpmICAxMDAxNy8xLzEgIDEwMDE4LzIvMSAgOTkxNy8zLzEgIDk5MTYvNC8xIA0KZiAgMTAwMTgvMS8xICAxMDAxOS8yLzEgIDk5MTgvMy8xICA5OTE3LzQvMSANCmYgIDEwMDE5LzEvMSAgMTAwMjAvMi8xICA5OTE5LzMvMSAgOTkxOC80LzEgDQpmICAxMDAyMC8xLzEgIDEwMDIxLzIvMSAgOTkyMC8zLzEgIDk5MTkvNC8xIA0KZiAgMTAwMjEvMS8xICAxMDAyMi8yLzEgIDk5MjEvMy8xICA5OTIwLzQvMSANCmYgIDEwMDIyLzEvMSAgMTAwMjMvMi8xICA5OTIyLzMvMSAgOTkyMS80LzEgDQpmICAxMDAyMy8xLzEgIDEwMDI0LzIvMSAgOTkyMy8zLzEgIDk5MjIvNC8xIA0KZiAgMTAwMjQvMS8xICAxMDAyNS8yLzEgIDk5MjQvMy8xICA5OTIzLzQvMSANCmYgIDEwMDI1LzEvMSAgMTAwMjYvMi8xICA5OTI1LzMvMSAgOTkyNC80LzEgDQpmICAxMDAyNi8xLzEgIDEwMDI3LzIvMSAgOTkyNi8zLzEgIDk5MjUvNC8xIA0KZiAgMTAwMjcvMS8xICAxMDAyOC8yLzEgIDk5MjcvMy8xICA5OTI2LzQvMSANCmYgIDEwMDI4LzEvMSAgMTAwMjkvMi8xICA5OTI4LzMvMSAgOTkyNy80LzEgDQpmICAxMDAyOS8xLzEgIDEwMDMwLzIvMSAgOTkyOS8zLzEgIDk5MjgvNC8xIA0KZiAgMTAwMzAvMS8xICAxMDAzMS8yLzEgIDk5MzAvMy8xICA5OTI5LzQvMSANCmYgIDEwMDMxLzEvMSAgMTAwMzIvMi8xICA5OTMxLzMvMSAgOTkzMC80LzEgDQpmICAxMDAzMi8xLzEgIDEwMDMzLzIvMSAgOTkzMi8zLzEgIDk5MzEvNC8xIA0KZiAgMTAwMzMvMS8xICAxMDAzNC8yLzEgIDk5MzMvMy8xICA5OTMyLzQvMSANCmYgIDEwMDM0LzEvMSAgMTAwMzUvMi8xICA5OTM0LzMvMSAgOTkzMy80LzEgDQpmICAxMDAzNS8xLzEgIDEwMDM2LzIvMSAgOTkzNS8zLzEgIDk5MzQvNC8xIA0KZiAgMTAwMzYvMS8xICAxMDAzNy8yLzEgIDk5MzYvMy8xICA5OTM1LzQvMSANCmYgIDEwMDM3LzEvMSAgMTAwMzgvMi8xICA5OTM3LzMvMSAgOTkzNi80LzEgDQpmICAxMDAzOC8xLzEgIDEwMDM5LzIvMSAgOTkzOC8zLzEgIDk5MzcvNC8xIA0KZiAgMTAwMzkvMS8xICAxMDA0MC8yLzEgIDk5MzkvMy8xICA5OTM4LzQvMSANCmYgIDEwMDQwLzEvMSAgMTAwNDEvMi8xICA5OTQwLzMvMSAgOTkzOS80LzEgDQpmICAxMDA0MS8xLzEgIDEwMDQyLzIvMSAgOTk0MS8zLzEgIDk5NDAvNC8xIA0KZiAgMTAwNDIvMS8xICAxMDA0My8yLzEgIDk5NDIvMy8xICA5OTQxLzQvMSANCmYgIDEwMDQzLzEvMSAgMTAwNDQvMi8xICA5OTQzLzMvMSAgOTk0Mi80LzEgDQpmICAxMDA0NC8xLzEgIDEwMDQ1LzIvMSAgOTk0NC8zLzEgIDk5NDMvNC8xIA0KZiAgMTAwNDUvMS8xICAxMDA0Ni8yLzEgIDk5NDUvMy8xICA5OTQ0LzQvMSANCmYgIDEwMDQ2LzEvMSAgMTAwNDcvMi8xICA5OTQ2LzMvMSAgOTk0NS80LzEgDQpmICAxMDA0Ny8xLzEgIDEwMDQ4LzIvMSAgOTk0Ny8zLzEgIDk5NDYvNC8xIA0KZiAgMTAwNDgvMS8xICAxMDA0OS8yLzEgIDk5NDgvMy8xICA5OTQ3LzQvMSANCmYgIDEwMDQ5LzEvMSAgMTAwNTAvMi8xICA5OTQ5LzMvMSAgOTk0OC80LzEgDQpmICAxMDA1MC8xLzEgIDEwMDUxLzIvMSAgOTk1MC8zLzEgIDk5NDkvNC8xIA0KZiAgMTAwNTEvMS8xICAxMDA1Mi8yLzEgIDk5NTEvMy8xICA5OTUwLzQvMSANCmYgIDEwMDUyLzEvMSAgMTAwNTMvMi8xICA5OTUyLzMvMSAgOTk1MS80LzEgDQpmICAxMDA1My8xLzEgIDEwMDU0LzIvMSAgOTk1My8zLzEgIDk5NTIvNC8xIA0KZiAgMTAwNTQvMS8xICAxMDA1NS8yLzEgIDk5NTQvMy8xICA5OTUzLzQvMSANCmYgIDEwMDU1LzEvMSAgMTAwNTYvMi8xICA5OTU1LzMvMSAgOTk1NC80LzEgDQpmICAxMDA1Ni8xLzEgIDEwMDU3LzIvMSAgOTk1Ni8zLzEgIDk5NTUvNC8xIA0KZiAgMTAwNTcvMS8xICAxMDA1OC8yLzEgIDk5NTcvMy8xICA5OTU2LzQvMSANCmYgIDEwMDU4LzEvMSAgMTAwNTkvMi8xICA5OTU4LzMvMSAgOTk1Ny80LzEgDQpmICAxMDA1OS8xLzEgIDEwMDYwLzIvMSAgOTk1OS8zLzEgIDk5NTgvNC8xIA0KZiAgMTAwNjAvMS8xICAxMDA2MS8yLzEgIDk5NjAvMy8xICA5OTU5LzQvMSANCmYgIDEwMDYxLzEvMSAgMTAwNjIvMi8xICA5OTYxLzMvMSAgOTk2MC80LzEgDQpmICAxMDA2Mi8xLzEgIDEwMDYzLzIvMSAgOTk2Mi8zLzEgIDk5NjEvNC8xIA0KZiAgMTAwNjMvMS8xICAxMDA2NC8yLzEgIDk5NjMvMy8xICA5OTYyLzQvMSANCmYgIDEwMDY0LzEvMSAgMTAwNjUvMi8xICA5OTY0LzMvMSAgOTk2My80LzEgDQpmICAxMDA2NS8xLzEgIDEwMDY2LzIvMSAgOTk2NS8zLzEgIDk5NjQvNC8xIA0KZiAgMTAwNjYvMS8xICAxMDA2Ny8yLzEgIDk5NjYvMy8xICA5OTY1LzQvMSANCmYgIDEwMDY3LzEvMSAgMTAwNjgvMi8xICA5OTY3LzMvMSAgOTk2Ni80LzEgDQpmICAxMDA2OC8xLzEgIDEwMDY5LzIvMSAgOTk2OC8zLzEgIDk5NjcvNC8xIA0KZiAgMTAwNjkvMS8xICAxMDA3MC8yLzEgIDk5NjkvMy8xICA5OTY4LzQvMSANCmYgIDEwMDcwLzEvMSAgMTAwNzEvMi8xICA5OTcwLzMvMSAgOTk2OS80LzEgDQpmICAxMDA3MS8xLzEgIDEwMDcyLzIvMSAgOTk3MS8zLzEgIDk5NzAvNC8xIA0KZiAgMTAwNzIvMS8xICAxMDA3My8yLzEgIDk5NzIvMy8xICA5OTcxLzQvMSANCmYgIDEwMDczLzEvMSAgMTAwNzQvMi8xICA5OTczLzMvMSAgOTk3Mi80LzEgDQpmICAxMDA3NC8xLzEgIDEwMDc1LzIvMSAgOTk3NC8zLzEgIDk5NzMvNC8xIA0KZiAgMTAwNzUvMS8xICAxMDA3Ni8yLzEgIDk5NzUvMy8xICA5OTc0LzQvMSANCmYgIDEwMDc2LzEvMSAgMTAwNzcvMi8xICA5OTc2LzMvMSAgOTk3NS80LzEgDQpmICAxMDA3Ny8xLzEgIDEwMDc4LzIvMSAgOTk3Ny8zLzEgIDk5NzYvNC8xIA0KZiAgMTAwNzgvMS8xICAxMDA3OS8yLzEgIDk5NzgvMy8xICA5OTc3LzQvMSANCmYgIDEwMDc5LzEvMSAgMTAwODAvMi8xICA5OTc5LzMvMSAgOTk3OC80LzEgDQpmICAxMDA4MC8xLzEgIDEwMDgxLzIvMSAgOTk4MC8zLzEgIDk5NzkvNC8xIA0KZiAgMTAwODEvMS8xICAxMDA4Mi8yLzEgIDk5ODEvMy8xICA5OTgwLzQvMSANCmYgIDEwMDgyLzEvMSAgMTAwODMvMi8xICA5OTgyLzMvMSAgOTk4MS80LzEgDQpmICAxMDA4My8xLzEgIDEwMDg0LzIvMSAgOTk4My8zLzEgIDk5ODIvNC8xIA0KZiAgMTAwODQvMS8xICAxMDA4NS8yLzEgIDk5ODQvMy8xICA5OTgzLzQvMSANCmYgIDEwMDg1LzEvMSAgMTAwODYvMi8xICA5OTg1LzMvMSAgOTk4NC80LzEgDQpmICAxMDA4Ni8xLzEgIDEwMDg3LzIvMSAgOTk4Ni8zLzEgIDk5ODUvNC8xIA0KZiAgMTAwODcvMS8xICAxMDA4OC8yLzEgIDk5ODcvMy8xICA5OTg2LzQvMSANCmYgIDEwMDg4LzEvMSAgMTAwODkvMi8xICA5OTg4LzMvMSAgOTk4Ny80LzEgDQpmICAxMDA4OS8xLzEgIDEwMDkwLzIvMSAgOTk4OS8zLzEgIDk5ODgvNC8xIA0KZiAgMTAwOTAvMS8xICAxMDA5MS8yLzEgIDk5OTAvMy8xICA5OTg5LzQvMSANCmYgIDEwMDkxLzEvMSAgMTAwOTIvMi8xICA5OTkxLzMvMSAgOTk5MC80LzEgDQpmICAxMDA5Mi8xLzEgIDEwMDkzLzIvMSAgOTk5Mi8zLzEgIDk5OTEvNC8xIA0KZiAgMTAwOTMvMS8xICAxMDA5NC8yLzEgIDk5OTMvMy8xICA5OTkyLzQvMSANCmYgIDEwMDk0LzEvMSAgMTAwOTUvMi8xICA5OTk0LzMvMSAgOTk5My80LzEgDQpmICAxMDA5NS8xLzEgIDEwMDk2LzIvMSAgOTk5NS8zLzEgIDk5OTQvNC8xIA0KZiAgMTAwOTYvMS8xICAxMDA5Ny8yLzEgIDk5OTYvMy8xICA5OTk1LzQvMSANCmYgIDEwMDk3LzEvMSAgMTAwOTgvMi8xICA5OTk3LzMvMSAgOTk5Ni80LzEgDQpmICAxMDA5OC8xLzEgIDEwMDk5LzIvMSAgOTk5OC8zLzEgIDk5OTcvNC8xIA0KZiAgMTAwOTkvMS8xICAxMDEwMC8yLzEgIDk5OTkvMy8xICA5OTk4LzQvMSANCmYgIDEwMTAxLzEvMSAgMTAxMDIvMi8xICAxMDAwMS8zLzEgIDEwMDAwLzQvMSANCmYgIDEwMTAyLzEvMSAgMTAxMDMvMi8xICAxMDAwMi8zLzEgIDEwMDAxLzQvMSANCmYgIDEwMTAzLzEvMSAgMTAxMDQvMi8xICAxMDAwMy8zLzEgIDEwMDAyLzQvMSANCmYgIDEwMTA0LzEvMSAgMTAxMDUvMi8xICAxMDAwNC8zLzEgIDEwMDAzLzQvMSANCmYgIDEwMTA1LzEvMSAgMTAxMDYvMi8xICAxMDAwNS8zLzEgIDEwMDA0LzQvMSANCmYgIDEwMTA2LzEvMSAgMTAxMDcvMi8xICAxMDAwNi8zLzEgIDEwMDA1LzQvMSANCmYgIDEwMTA3LzEvMSAgMTAxMDgvMi8xICAxMDAwNy8zLzEgIDEwMDA2LzQvMSANCmYgIDEwMTA4LzEvMSAgMTAxMDkvMi8xICAxMDAwOC8zLzEgIDEwMDA3LzQvMSANCmYgIDEwMTA5LzEvMSAgMTAxMTAvMi8xICAxMDAwOS8zLzEgIDEwMDA4LzQvMSANCmYgIDEwMTEwLzEvMSAgMTAxMTEvMi8xICAxMDAxMC8zLzEgIDEwMDA5LzQvMSANCmYgIDEwMTExLzEvMSAgMTAxMTIvMi8xICAxMDAxMS8zLzEgIDEwMDEwLzQvMSANCmYgIDEwMTEyLzEvMSAgMTAxMTMvMi8xICAxMDAxMi8zLzEgIDEwMDExLzQvMSANCmYgIDEwMTEzLzEvMSAgMTAxMTQvMi8xICAxMDAxMy8zLzEgIDEwMDEyLzQvMSANCmYgIDEwMTE0LzEvMSAgMTAxMTUvMi8xICAxMDAxNC8zLzEgIDEwMDEzLzQvMSANCmYgIDEwMTE1LzEvMSAgMTAxMTYvMi8xICAxMDAxNS8zLzEgIDEwMDE0LzQvMSANCmYgIDEwMTE2LzEvMSAgMTAxMTcvMi8xICAxMDAxNi8zLzEgIDEwMDE1LzQvMSANCmYgIDEwMTE3LzEvMSAgMTAxMTgvMi8xICAxMDAxNy8zLzEgIDEwMDE2LzQvMSANCmYgIDEwMTE4LzEvMSAgMTAxMTkvMi8xICAxMDAxOC8zLzEgIDEwMDE3LzQvMSANCmYgIDEwMTE5LzEvMSAgMTAxMjAvMi8xICAxMDAxOS8zLzEgIDEwMDE4LzQvMSANCmYgIDEwMTIwLzEvMSAgMTAxMjEvMi8xICAxMDAyMC8zLzEgIDEwMDE5LzQvMSANCmYgIDEwMTIxLzEvMSAgMTAxMjIvMi8xICAxMDAyMS8zLzEgIDEwMDIwLzQvMSANCmYgIDEwMTIyLzEvMSAgMTAxMjMvMi8xICAxMDAyMi8zLzEgIDEwMDIxLzQvMSANCmYgIDEwMTIzLzEvMSAgMTAxMjQvMi8xICAxMDAyMy8zLzEgIDEwMDIyLzQvMSANCmYgIDEwMTI0LzEvMSAgMTAxMjUvMi8xICAxMDAyNC8zLzEgIDEwMDIzLzQvMSANCmYgIDEwMTI1LzEvMSAgMTAxMjYvMi8xICAxMDAyNS8zLzEgIDEwMDI0LzQvMSANCmYgIDEwMTI2LzEvMSAgMTAxMjcvMi8xICAxMDAyNi8zLzEgIDEwMDI1LzQvMSANCmYgIDEwMTI3LzEvMSAgMTAxMjgvMi8xICAxMDAyNy8zLzEgIDEwMDI2LzQvMSANCmYgIDEwMTI4LzEvMSAgMTAxMjkvMi8xICAxMDAyOC8zLzEgIDEwMDI3LzQvMSANCmYgIDEwMTI5LzEvMSAgMTAxMzAvMi8xICAxMDAyOS8zLzEgIDEwMDI4LzQvMSANCmYgIDEwMTMwLzEvMSAgMTAxMzEvMi8xICAxMDAzMC8zLzEgIDEwMDI5LzQvMSANCmYgIDEwMTMxLzEvMSAgMTAxMzIvMi8xICAxMDAzMS8zLzEgIDEwMDMwLzQvMSANCmYgIDEwMTMyLzEvMSAgMTAxMzMvMi8xICAxMDAzMi8zLzEgIDEwMDMxLzQvMSANCmYgIDEwMTMzLzEvMSAgMTAxMzQvMi8xICAxMDAzMy8zLzEgIDEwMDMyLzQvMSANCmYgIDEwMTM0LzEvMSAgMTAxMzUvMi8xICAxMDAzNC8zLzEgIDEwMDMzLzQvMSANCmYgIDEwMTM1LzEvMSAgMTAxMzYvMi8xICAxMDAzNS8zLzEgIDEwMDM0LzQvMSANCmYgIDEwMTM2LzEvMSAgMTAxMzcvMi8xICAxMDAzNi8zLzEgIDEwMDM1LzQvMSANCmYgIDEwMTM3LzEvMSAgMTAxMzgvMi8xICAxMDAzNy8zLzEgIDEwMDM2LzQvMSANCmYgIDEwMTM4LzEvMSAgMTAxMzkvMi8xICAxMDAzOC8zLzEgIDEwMDM3LzQvMSANCmYgIDEwMTM5LzEvMSAgMTAxNDAvMi8xICAxMDAzOS8zLzEgIDEwMDM4LzQvMSANCmYgIDEwMTQwLzEvMSAgMTAxNDEvMi8xICAxMDA0MC8zLzEgIDEwMDM5LzQvMSANCmYgIDEwMTQxLzEvMSAgMTAxNDIvMi8xICAxMDA0MS8zLzEgIDEwMDQwLzQvMSANCmYgIDEwMTQyLzEvMSAgMTAxNDMvMi8xICAxMDA0Mi8zLzEgIDEwMDQxLzQvMSANCmYgIDEwMTQzLzEvMSAgMTAxNDQvMi8xICAxMDA0My8zLzEgIDEwMDQyLzQvMSANCmYgIDEwMTQ0LzEvMSAgMTAxNDUvMi8xICAxMDA0NC8zLzEgIDEwMDQzLzQvMSANCmYgIDEwMTQ1LzEvMSAgMTAxNDYvMi8xICAxMDA0NS8zLzEgIDEwMDQ0LzQvMSANCmYgIDEwMTQ2LzEvMSAgMTAxNDcvMi8xICAxMDA0Ni8zLzEgIDEwMDQ1LzQvMSANCmYgIDEwMTQ3LzEvMSAgMTAxNDgvMi8xICAxMDA0Ny8zLzEgIDEwMDQ2LzQvMSANCmYgIDEwMTQ4LzEvMSAgMTAxNDkvMi8xICAxMDA0OC8zLzEgIDEwMDQ3LzQvMSANCmYgIDEwMTQ5LzEvMSAgMTAxNTAvMi8xICAxMDA0OS8zLzEgIDEwMDQ4LzQvMSANCmYgIDEwMTUwLzEvMSAgMTAxNTEvMi8xICAxMDA1MC8zLzEgIDEwMDQ5LzQvMSANCmYgIDEwMTUxLzEvMSAgMTAxNTIvMi8xICAxMDA1MS8zLzEgIDEwMDUwLzQvMSANCmYgIDEwMTUyLzEvMSAgMTAxNTMvMi8xICAxMDA1Mi8zLzEgIDEwMDUxLzQvMSANCmYgIDEwMTUzLzEvMSAgMTAxNTQvMi8xICAxMDA1My8zLzEgIDEwMDUyLzQvMSANCmYgIDEwMTU0LzEvMSAgMTAxNTUvMi8xICAxMDA1NC8zLzEgIDEwMDUzLzQvMSANCmYgIDEwMTU1LzEvMSAgMTAxNTYvMi8xICAxMDA1NS8zLzEgIDEwMDU0LzQvMSANCmYgIDEwMTU2LzEvMSAgMTAxNTcvMi8xICAxMDA1Ni8zLzEgIDEwMDU1LzQvMSANCmYgIDEwMTU3LzEvMSAgMTAxNTgvMi8xICAxMDA1Ny8zLzEgIDEwMDU2LzQvMSANCmYgIDEwMTU4LzEvMSAgMTAxNTkvMi8xICAxMDA1OC8zLzEgIDEwMDU3LzQvMSANCmYgIDEwMTU5LzEvMSAgMTAxNjAvMi8xICAxMDA1OS8zLzEgIDEwMDU4LzQvMSANCmYgIDEwMTYwLzEvMSAgMTAxNjEvMi8xICAxMDA2MC8zLzEgIDEwMDU5LzQvMSANCmYgIDEwMTYxLzEvMSAgMTAxNjIvMi8xICAxMDA2MS8zLzEgIDEwMDYwLzQvMSANCmYgIDEwMTYyLzEvMSAgMTAxNjMvMi8xICAxMDA2Mi8zLzEgIDEwMDYxLzQvMSANCmYgIDEwMTYzLzEvMSAgMTAxNjQvMi8xICAxMDA2My8zLzEgIDEwMDYyLzQvMSANCmYgIDEwMTY0LzEvMSAgMTAxNjUvMi8xICAxMDA2NC8zLzEgIDEwMDYzLzQvMSANCmYgIDEwMTY1LzEvMSAgMTAxNjYvMi8xICAxMDA2NS8zLzEgIDEwMDY0LzQvMSANCmYgIDEwMTY2LzEvMSAgMTAxNjcvMi8xICAxMDA2Ni8zLzEgIDEwMDY1LzQvMSANCmYgIDEwMTY3LzEvMSAgMTAxNjgvMi8xICAxMDA2Ny8zLzEgIDEwMDY2LzQvMSANCmYgIDEwMTY4LzEvMSAgMTAxNjkvMi8xICAxMDA2OC8zLzEgIDEwMDY3LzQvMSANCmYgIDEwMTY5LzEvMSAgMTAxNzAvMi8xICAxMDA2OS8zLzEgIDEwMDY4LzQvMSANCmYgIDEwMTcwLzEvMSAgMTAxNzEvMi8xICAxMDA3MC8zLzEgIDEwMDY5LzQvMSANCmYgIDEwMTcxLzEvMSAgMTAxNzIvMi8xICAxMDA3MS8zLzEgIDEwMDcwLzQvMSANCmYgIDEwMTcyLzEvMSAgMTAxNzMvMi8xICAxMDA3Mi8zLzEgIDEwMDcxLzQvMSANCmYgIDEwMTczLzEvMSAgMTAxNzQvMi8xICAxMDA3My8zLzEgIDEwMDcyLzQvMSANCmYgIDEwMTc0LzEvMSAgMTAxNzUvMi8xICAxMDA3NC8zLzEgIDEwMDczLzQvMSANCmYgIDEwMTc1LzEvMSAgMTAxNzYvMi8xICAxMDA3NS8zLzEgIDEwMDc0LzQvMSANCmYgIDEwMTc2LzEvMSAgMTAxNzcvMi8xICAxMDA3Ni8zLzEgIDEwMDc1LzQvMSANCmYgIDEwMTc3LzEvMSAgMTAxNzgvMi8xICAxMDA3Ny8zLzEgIDEwMDc2LzQvMSANCmYgIDEwMTc4LzEvMSAgMTAxNzkvMi8xICAxMDA3OC8zLzEgIDEwMDc3LzQvMSANCmYgIDEwMTc5LzEvMSAgMTAxODAvMi8xICAxMDA3OS8zLzEgIDEwMDc4LzQvMSANCmYgIDEwMTgwLzEvMSAgMTAxODEvMi8xICAxMDA4MC8zLzEgIDEwMDc5LzQvMSANCmYgIDEwMTgxLzEvMSAgMTAxODIvMi8xICAxMDA4MS8zLzEgIDEwMDgwLzQvMSANCmYgIDEwMTgyLzEvMSAgMTAxODMvMi8xICAxMDA4Mi8zLzEgIDEwMDgxLzQvMSANCmYgIDEwMTgzLzEvMSAgMTAxODQvMi8xICAxMDA4My8zLzEgIDEwMDgyLzQvMSANCmYgIDEwMTg0LzEvMSAgMTAxODUvMi8xICAxMDA4NC8zLzEgIDEwMDgzLzQvMSANCmYgIDEwMTg1LzEvMSAgMTAxODYvMi8xICAxMDA4NS8zLzEgIDEwMDg0LzQvMSANCmYgIDEwMTg2LzEvMSAgMTAxODcvMi8xICAxMDA4Ni8zLzEgIDEwMDg1LzQvMSANCmYgIDEwMTg3LzEvMSAgMTAxODgvMi8xICAxMDA4Ny8zLzEgIDEwMDg2LzQvMSANCmYgIDEwMTg4LzEvMSAgMTAxODkvMi8xICAxMDA4OC8zLzEgIDEwMDg3LzQvMSANCmYgIDEwMTg5LzEvMSAgMTAxOTAvMi8xICAxMDA4OS8zLzEgIDEwMDg4LzQvMSANCmYgIDEwMTkwLzEvMSAgMTAxOTEvMi8xICAxMDA5MC8zLzEgIDEwMDg5LzQvMSANCmYgIDEwMTkxLzEvMSAgMTAxOTIvMi8xICAxMDA5MS8zLzEgIDEwMDkwLzQvMSANCmYgIDEwMTkyLzEvMSAgMTAxOTMvMi8xICAxMDA5Mi8zLzEgIDEwMDkxLzQvMSANCmYgIDEwMTkzLzEvMSAgMTAxOTQvMi8xICAxMDA5My8zLzEgIDEwMDkyLzQvMSANCmYgIDEwMTk0LzEvMSAgMTAxOTUvMi8xICAxMDA5NC8zLzEgIDEwMDkzLzQvMSANCmYgIDEwMTk1LzEvMSAgMTAxOTYvMi8xICAxMDA5NS8zLzEgIDEwMDk0LzQvMSANCmYgIDEwMTk2LzEvMSAgMTAxOTcvMi8xICAxMDA5Ni8zLzEgIDEwMDk1LzQvMSANCmYgIDEwMTk3LzEvMSAgMTAxOTgvMi8xICAxMDA5Ny8zLzEgIDEwMDk2LzQvMSANCmYgIDEwMTk4LzEvMSAgMTAxOTkvMi8xICAxMDA5OC8zLzEgIDEwMDk3LzQvMSANCmYgIDEwMTk5LzEvMSAgMTAyMDAvMi8xICAxMDA5OS8zLzEgIDEwMDk4LzQvMSANCmYgIDEwMjAwLzEvMSAgMTAyMDEvMi8xICAxMDEwMC8zLzEgIDEwMDk5LzQvMSANCg==</ImportMesh>
  <ImportTexture filename="PathAndObjects_0.png">iVBORw0KGgoAAAANSUhEUgAAAgAAAAIACAYAAAD0eNT6AAAAAXNSR0IArs4c6QAAAAZiS0dEAF8AWgBAVPcJkwAAAAlwSFlzAAAewgAAHsIBbtB1PgAAAAd0SU1FB90BFQgkF0T7HpUAACAASURBVHja7L15eFxXmef/qVVVpapSqbSVNqu0WFJs2ZZtecNZjEmCSUMIdEIbAkxgSP8IT4ZhBprODJBOSJhOA90wdDehOyGTBoc2kIATQpKG4DjBjpcotrxGkrVvpV1VqlLty/xxda7urSotCckk8NN9nnok3XvOee/96p76vtt5j+aWx2yp4YNmxGHaHqCgRsdUT4LZsSAAxv5iolXjVO+yyefF78q2X71tN9979gzhU1YAyveHVOMAcj+AghodYUOCyc4ks0NhvvW5Ldz31CXCL1oAqLg9LF8TR81eC5OdSQAK67UAqv5f+WIfFbeH6TkclNsu1b/ncBB7hUn1tzjsFSYK67UMPSRdN10T5Gs3ruOvvn9avjbZmVSNI343djuJ1k6rxpnsTBJ+0UL+1WH5+QFW8V/FfxX/VfzfDvy9T/g1sWknBqfUtsQpyR6bZsmjxJnZRpwT46W3Uf6t/P3/lfyN+hy+cWA2BTAaPMNoXx/f3bM/6/g3/eCurOcPffaB19X+xD0PMDr6h43vcsHOe96a9tqpngTRqnHK94fkyQfIk8jYX4xpewBjf7E84ZRH73G/PMEe6zjH59+3Wb4mJpqYeF+9bbdqjFsbNtJzOChPkAfb2/najevkPmKiiInzrc9tkV94gDsaGzP6R2un5Qmwkv7f+twWefJNdib51ue2ULPXkvUevnbjOh5sbwdgdiismqzKMYzdTkzXSPcAyF8ohfVaTNcEVc+/iv8q/qv4r+L/duEPyOQriDcb+camnfJPQdLp5CsOMd5i5B+bdqquvRXy3zONpWg2h4ceOZF66meR1FM/i6Tu/4lE/tkIU/kRh7uxWfXJ1na59ouNn95mKRmvd3yHaWXtATQtd5ISE618f0ieON4nXGiv7KF6l43e436qd9kYPmjGtD3A7FgQe4lF9RPAXmJRaeTKa+L659+3mcc6zsnnhnpj8gRSaqqzQ2HsFSaV9myvMKkmgVL7TteYTdcE5YmyXH/lhLzvqUsZfcS9KO8t/Zr4GX7RorIAeg4HSR0pJ+/jU7IcU0yn+gJbxX8V/1X8V/F/O/DPecGvGepasJjF70qrPJ2IK+qml7TQBRkPdWW2zeYVeCPyv/7Nl1PjAwO43G5cls3kGIzEUklGZl9htK8Pl9stKT25Teg0BonsNDpIJGTr3+V2892dO7M+w/6DB+UxxDHa18dzt0keA2945e3T2wJ84cQJRvv61IrIIvfjMMG+RxfGLzJtYiJ8ltG+Pg7u369qJwi++YGD8pjK+1G2B9CKX6JV4/JknB0LUvtXE/IErd5lkzuET1kx9hfLk1Zo6mKyKTXs8Ckr9pIFbXZ2LMj9jx5TaehCOxUvsXJChF+0yO4xMZn+6vunVZMnvb98ny9aVtRf2eevvn86Y/IptWflF4OQIbRsY7dTbis0fqGh1359Rh5XqbUrLZRV/FfxX8V/Ff+3A/+KugWLPRv5CutbWNdKN342C1xY8aKtsv+ddx7koUdOpH51MJL61cFI6v5vn0g98N3vpx565ETq4e9HUi+8MJX69eOJ1KOHnkndd/fB1EOPnEg99MiJ1K9+Hk/96ufx1HO/8aTu+9ZxFfkDRGJRmfxlQrVsXiD/JBnkL9o6TOqPIM4Sc3NWb0F6HyXBuiybKTJtUrXPNn46OSt/T2+v9AIoyT/bfbhc4Jj/I538s42vFZOpepcNY3+xPAmnehJU77JhL7HIrjoRoyvfHyJ8yoppe0CleSsnoYjBzY4FSR6twdhfLE9kIUOevPParXISihjc7FCY1JFyjN1O2TUmXmLl5BP9RbwsWju9ov7p52r2SpMqdaSc2aEwFbeHVZNVKUvE5YTWLbT+yc4kdzQ2Yq8wqWJ+wjWofP5V/FfxX8V/Ff+3C/90l3uJE1U8vsQpKQj33X2Qhx45wa8ORnjokRPcd/dB7v/2Ce67+2DqvrsPpu7/9onUrx9PyMT+0CMnUvfdfVAi7d+Ny+ddbrfshleS8XJETiIhE/hYf7+qTwZJzxNfSsuyh5I4leQueQw0KhkutxuHw5ThnneYpGsut5u2S7/kfPuTqvvI2n5+XNFPPGf6/Yg+LrebItMmzrc/uYBZlvGzkb/Lsllunz6+ViTXiMklNGsxkYTLzPuES5WgI5JIolXjFNTouLVho6xxz44F5Zidsb9Ypc2LCS/GiNZOU1iv5Y7GRlljnh0KyzE0Y7eT2q/PqF5gZWwsvb+YeOLFX65/z+Gg/Lux26nSmpX3oHSx3dHYSGG9VpatdOWZrgniO1AgxxPFxBVyxSSVn38V/1X8V/Ffxf9twj/9UFrsQ13qYLvLsllF2kpidFk2k4zHVcTevO5DMnGL89nGWY7IV3KI8VRKw/yhSS6ucACYHJkWfvr9isPrDeNwmBaIVknS80QrLO7Rvr4M979oOxo8I7W3bKZ0/qcsz6Xu4w1L4ykVC1mBULQV9+RVCBXtyvJ2ZH1Grb3EQu9xv9p1NmiVJ+FjHeeY6klgqpQmX+9xP+FTVr78N2vlCXZrw0a+9+wZVcJNtGpcNanFUb4/pIrNGbudcuxL6b4SGazihRVHxe3q2Fx6/5q90gQRk2q5/sI1Z68wydq2/GLM943WTqsSc+576hJ3NDbKE/Qbf+8m/KLkcius15JTGWKyM8mD7e3y5IsMmmVXXnrcchX/VfxX8V/F/+3AP1vsXoQEKuqmGeqSEvaa130ok6CzEHc2BUFJpn8Ikb8epSHd+hd9Y11tPLd/J4c+mceZv94vu+gFZ8oWvq1FJUNJoF5vOFMRsLXI99u87kOq5/eG1TkDSiVgNHgGz/zPdHLO6Od2S2ML8p+XqbyPbOSvfIb08bXp8TNA1piFFh0+ZZVjdMb+Yr78N2tViTSPdZyTX6j0mJzQzsXETJ+MIntWTIj0mJrQrsXkSp9M6f3FBJkdCq+of/o58bfQstNjbmLCKhN5Hmxv5xt/75Y1+GjtNOEXFywAodGnZ/WK51/FfxX/VfxX8X+78E9fejc2TdZM+8XIXRDNigj6dVr/WoMRrcG4pAKRfk1J1q2H/oZDn8zjuf07OfKF/Vx8+AGZLJVWs1ACBLFnO8rydqiuCbLN1r4sb4fscheXlYQuPATpn/R2DhO4XSZcbrfqudLvPwO/eeVgscMbns8BmB0LyrE4petMvBzKtbgt/W6iVeM81nFOXn4TrRpXxdyEq03E5IR2Hh60EvhOg2odr9BulTE34RYTcS6hXUcGzcS/ueDSEhMlvb9yWc5K+se/uY6avRY59hf/5joig2ZZy1aurVXe42RnkmjttLwcRywBumrYLU86cR9iPbFw5Ynnv7VhI6v4r+K/iv8q/m8X/krrf7FEPoC2S79c0vpPt9wFcSvJezGyX47IR3wnGXz+kEziwoIXn+f27+TgTQvXnthv4smP5/Hkx/MYfvy7ksUehrycBcKcmQnT0b+4EjDqb108byDN4l6svVAYHA5ThiKwFDGrEvXmO2UjfxFaWYlCMuI7yYjvpIr8VasAhGtMHLc2bMS0PYC9xEK0apyNLFwThTtEe2W2rWl7gOTRGnlSivhdid7JxM5WeXnOrQ0bCXynISPb1nSNtGxFTKoH29vxHSigylrKQEurrBHf0dhI/JvrMvqLxBeldrxU/4GWVnmizQ6FGWhppcpaKsfRxGRLHSmXXXLK7FwhVyT/AOww2YnWTmOvkJYDCQtAtFd+Ma3iv4r/Kv6r+L+d+I9NI7v6F8vsl7Pcs8TllcSdbqkK0nFZNvPKU2prfDki/8VHzTz+FyZOfHYPFx9+QCaudIJTkqZI3st2LHI6qxKgdNEvpwiIvku1T1cEhDtf+VF6DJTjLqUwCQUkPSSh1epk5Ut5T0rydzhMaIUmPHzQzOfft1nOnBVFNcKnrLT0u+n3FNLvKSR5tAbT9oCsQSeP1hAetOJ9wsWtDRvlOJ73CZecbFKidzIWn5YnaUGNjn/5bITu8RCpI+VEBs34DhTIbi8A34EC+eWvspbSH/CoKmb946e1WfsrC3mspL+9wsQ/flory7VXmOgPeKiylspfAuJehDvPd6CAyKCZ1JFy2W0nvjgETlcNS3E5se5XZPR+7cZ1FNTo5Iplq/iv4r+K/yr+bxf+yri/+D09JFDihLa79tP3wG0cvGmnirgP7t+flbjF57n9C+2V1vhKiFwiMs3Srmxh9Zqyu8SzyZuZCWfISVcClC750eAZWZFZ7HDZWmS3+1LtBUmnu+i1BqPKY5DtSMaiGYpGuhIinllp8StDDuk4aXuP+2XX2f2PHuPWho1yYs5jHefYiIV+T6H0QsSncfz5KJ9/32bZlSbidSV6J1//jIdbGzaivbKHEr0T7xMucp5cp+oHEPhOA93jIVVsqspaypc+MsYdjY1o9gzLWrDjUBP9AQ95H5+SJ1f8m+sW7f9ge7usMa+k/9dulH4X2vzXblxH3sen6A94cBxqkrV3zZ5h7mhs5EsfGaPKWqpaXzvZmVT1A+j3FLLDZOfB9na5TOcdjY381fdPy4VORFxzFf9V/FfxX8X/7cA/3erPtixQEEbfaHjFxP16j2xEnkgks1qu2WQvFQ/PdjTdfhf7Hj2oSppTjpGezS+8GcLaznokEnJmf1nejqztlwoZLNU+mUyoiL8sb0fWsED6vSnvXzyTEiet0nVm7C/me8+eySi3ObGzlbH4NNore+RlOSI2d2vDRkyVAXkSfvPey1TvsjEWn6ZEL709YvJ9/TMeebzaYrOc7JJTGZIn0Ve+2EfNXousBQPy5PnSR8YAGGhZvH/33fn4DhTIk3i5/l/6yBi1xWYGWlrlv8VkEmP2BzzU7LXwlS/2yWPmVIZk15pIyvnajevQ7BmmP+CRxxNHYb2W+566JMXhxoJylbNV/FfxX8V/Ff+3C39RmS9bCV7ltZWup18qSU5pja+EyHU6bQapZR3ftLhSkc36f99PT1B57U2LkqbDYaLMvk211j59WZ93qUD+EisHMvIm5j/pHoP09qP+VimxcF7BSMaiJJOJrO3FskEl8bvcbsrs2zKUJF3B+tg9wWMO9OVRgnovqUv5xCwRInMxkjE9vfoJ7CUWyt8fwjsUZdDsZaonQepSPs72K+hYe4mYJcLURR1WrRmfN0Gq1E/e5TULgN4wzaG7kpTonYyezqdipgoAZ66B0w2vEbVFGWtN4DDamJoMkywP4uqplftbb5zkp59LSG6xtnyqfYv3F5+8kbIV9XcYJVdi3kiZdC0/n58/NkrFzRGSx4qk+zfamC4aY+6oHYfRRn/Ag/XGWS6lprD9fBOhUJioLcql1BQzvTFqP50gEdNxmUkSMR2R2TiJmE5eJ1xQaiEyFyO/Moex9jlW8V/FfxX/VfzfDvz1fdF7vcNOyspDzIWkGgDi97nQAlE4J+Iy0ZpMepl0Jr3cY7WCSZ9pgYfDcVX7cDhOOJ69rTeQOb6SxEHqp7ymHC9bP4Ctn72LrV/+Ni0f/Scc11+Pbdu1WB0OaTXCRDvtTz+OSS+Npey/8eavYdYVYzWUQm4Yq8OB1eHgwsGHZZnhcFz+uG68gUBsFKuhFA2g1UlKbO+v/w6TSZ/x2X7rg9hMFRmfpdprAJILNRUC0REuHPiBjLNSkdr52S/J9+yybMZqKMWo03PxiW+oQw/G/mLCg1Z5+Uy0alxVUEPUzxbHVE+CnCfXkedZQ/d4iO5vFak0dqF1A1SVTqricN3jIWqLzVj/Wwe+0gEAuu/Ol+NfQuNNP0QcTfTXf/kSo/k9Wfvv2RJnz5Y4VaWTsvwl+4+HGM3vQf/lS9QWm+keD6nib2KM9HsrrNfSfXc+3eMhXDM1OA41ZWzckV6jW6wtLqjRyVXPVvFfxX8V/1X8l8LfYorgClqptrnedPzHplHV61eW+hUb7yhDBNnc7Fkt+kWs/6Xc/0ud333nXew7eIKbfuSTP/sOnmDPdw+y7+AJ9h08wft/PMmHDvi56bEA+w6eoPmBgxjqmiVLPJFY1HOhtOqFzMh8vF0kMIoVDNmW9KVb9Z7gGYbnY/CLufSz5Qgs137Yd1JVMyDdg5IeilHet/KZlImDmnd9oDhVvj8kb7QRPmWlfH+I3uN+1eYaIqlGe2UPRSda5JdZGZurP1WccWP9nkKVO25iZytFJ9QJECJGtumkK2t/pTtuoKWVNa2L99+ww05gQIsvoGHaL8XnXrocW7K/OJTXhEzlF6A4zu4YlWNzYhILN55IzBGbbyiX/YhNQjQn7QjMRQb0Kv6r+K/i/6eFfzjqJxiJL4m/Xpcgx6AlGIb+llcz8L/2+hDxSamevbkswdjlOKfqhhn+qe1NwT/XMC5vB5y+ja7YnAdgH9MZ8X+vN0x7H6lG99Luf6Vrevedd1F57U2LFvhRrmEf9beq3Ngl5k1oNNpF+5VatwKQSiaz1hpIP9d26Ze03bU/ax7DvoMnsi5bPPTJPNXzyIrfdw9mnVNHvpB9u+H9h05kPX/wpuybE61kfGUY5qYf+bIqJ8/t36m6d71UKUsqqcmp4vl1tQvLWLq/VcT2yiSnAFNlgOj8hKstdqq17iedUDrJhh12Guqr6Ojs5/zJWekLZD6Jp6p0kqp+N/3zv1eXOjhyWi+9yIdKl+hfutB/WN3/1CUdWx0OAs8Woi2J8aOxC6y5Jpf4PzdwzXV2DAaAWfo92fv3erzyRL9q2I2+YhrPTD6b7S5G91xCe7qE9S021T05DjXhsC4AW1tspj/gQTMfm4sMmtl00sVLB2JyLE+s2+VFJ7qGcYYPFsuxz1X8V/Ffxf/Nx7/rQiAr/uM5EYqdfqpLHbx4RveW4f/u91oIDWsA36L4hyIxzDkG/EFYk4b/3J4uNjVexavPDwIQGtFRdoWG6uMF5NgdiBy5PwR/5cY/ym18Y9NOxpiWFYI9d6p3lxMFfZqzELcgb3EuG5EveaRZ69nIX8TlF6tLoDxSqWRGX6VHw+sNL9QAUOQoiHK9iy0ZVGoAylyBlRwrbbfoqgOR0GdaWRJk+lJA0VfX8hnTPVM9CSJzMRKOOSnBxGogdSmfwAmnNPkGtZgqpU048itz+C+fruOZQxNYtWaqSifxBSxUzU+e8ydn0ZklCVfvrUdnDlPfmOB8QwctyXIq1xsps6TwBsJ4A2EctmBG/wPeVzgbGOddFjeX/QXsro9QXBbmqv9ejDmskftr9Cm0Gj8XartwThSy/Uodm6zFvNA+SMGH/aRaC3EWpCipyKEsF/JtJlxrcqh0pAiGY8zMhXG7HHgDYTbXG3Gu0dG518PHP1bO7+LnMc8Z+PR7tzE15WNqysf5k7Ns2GEn4puR79kXkBKGvv2zErptPuxb4wS7oKdXy9VrDXQeySEnYUDvjkmxOGeI+t02pvwz6Hy5lFyVYBX/VfxX8X/z8d915VrKqiyUVwZU+Bfn6GT8N9YaKV+bZOtmM0UVGjpPz/FvkydfN/7rDIWs26SjNuHkWO8wBR/24xquZMvuUnTmcFb8pwMhivJysa5JsnVXJZHEHJ3vXsBf85oTpy6MMS9F1Ccth+to91FT5iDHoCHXMv0H41+1ZvLeuZBk7Stj/smQGZ1ZOjEXgr3X3Kwif4BAbJSA13uP1SEV07fqSyCVYnTu9EK7VEq0ky3v9HX6XZcla1jEq8Uh+lkdDqwGl6rfaPAMAa9X7perL0Kj1QnGz+irM+bgjwzL57ounyDW1cbgy0dwOExSDoBeiu17w1C4U8oVCMRG5dg+QPsvH5DvQRmjb/nI/87IF7A6HASOHID4wtgmPbgKTTiuvCk7U7c9nbV948e/oBpXxPX7nv22fA/Ko/FD/2MBp9iorHS0P/04DtNC3oROUxy9Z84fY80eC19+7wbac32M/9JEsGqSd2nyJPfV3ZNMn9Iy3abDsi3GmZlR/vr2Ck43vIb9XC4Om5SRm5s0c/aylc52HRHfjDwRAwNauvOm6M6b4rr3VfEf1nYsFxa0/PT+jrEyCm72M+KeoS/QxfqEi5gmwTP57ZyYmqTRV0gwEuNUcR+6fTEclUaMZ20U5lh58ZiF0hknPaFBonY/vuG1RCc1WEsjGHRwuOUyAzVTvDYzzqc+v57IRITx4Qj5NhNmm5Z2v5f25BiWfC3XeKqZnPBx8fQsr7Ta8AUs8uTPMcYx6BPMfa6Pr9zhlot2iIIc7i8FaHvCyNVrDfRWeUidsVN1s4b/+b4NrM+vYNDsJWaJ0HdhjlX8V/Ffxf+twX9uLpSJf247losS/r65CAVGEwZHlMCAFpslB02PHcu+KCM1CvxZGv+KiTzw6jlyPIc8Tyn+wDjenGmsczB42UyuKyrjP+ieYmQkwIf/spbeV73o5nLwJ7wQ1NERmsffrqXifC5jQxHMcRMajYZej5fqUgf+YIRUKkksHiPwB+Lve9V2bzJkJsQC+8emnVTUTasUgr3X3KwiaEXlv3uyETcgk6aSjHP1JUsSuc1QuiIFQFwT/cw5hfLWv1q9QUX2VoMLkkkCsVFmWo9w/H/eRvvTjzNw8ihmwwKRy0mLemj+zJcY7euTxxCKwIUDP8ggWwDHe/dhNZSqPoHYKENPP5qR0Aew5y//TaUs1JW9G3LDi7aveP9tMukLXEeDZxh6+tGsuROuD75fRfxCARs69LDKY6Cru8l0T3mLUS5ZOf0LKa5WdbOGs1MT1H46wWRnEtf1CWZP65n0zZJfbeC5l8cZPRtCf1OUTRPleANhzl62yhq5wxbklVYbEd8M+TYTdbMFeDd7OT81xlRPgpZkOfk2Exc/NCD3H/ZWUlmfh7NyDS3Beg5fbuWrt+3mX8+3silRzrp4PiP1M5yOT1AyVox+b4iPXbGBZ5/upTKYy0ioiim9hTl9HqbpOoIxA3MzhQTielyE+P3VnVx9to66kQIaAqX8h7WdaUuIOl8xvR4vNr2NWl0RZ+fGCM2k4Kye58wd5LwvgfmCBVeBj/5pPRdqOtljq+TihwboORzkpGcGS4GGnsNBdDNmufRmxc0Rzk5NSKU+T+uZPa3n5cgIR472cue12+hKThBJanmn4O+ZrWLT9joq62vYFNrI85eOvS78PWE3YWsefp0N08xa5qL6VfzfwPtvTvWzy3DdG3r/fVM+QhEtluEyAgYHkfYY4xNJKuys4q/EP7WAv/OiHU1Q+qLt9XjR6xNsCNTQOjTAXZ/aJeO/1pfPWFN2/JvthbxwLIeq0klmZnOp0WoYbS8nOuNl1peDQ6/h91d3clVbHcaXc9hoKeN3BR0kKuLMvpIkN2kmEdFSqy/h7NwYiWktzclSespGGdk5jeZ0HhVFZnrGk/y+5CLbDOVceBPwj/X57lVa+8L6n52WzolVAdu33zxPpqXpBHyPkrizlf19PUSeZ6lCo9Oh0ekySHypfka9DYNWenc8/leYGBoi2nmaZ//7bYw9//e0//IBLhz4AZdfPipb1cTjaDQLKwCUSsCVn/xnmaCVikDrgYchvpD9ryRopadA4JCNoIXCIHCyGkqXbb/c+F5vWL4nbxia9n9GRfxCSWv79/vVSy0r9+rvsRRo+NnPBkidsRMZNKPPixO1RSlvMTLZmST8ooW/vrWOlyMjhJ8qYeYFMxU3R0jEdBh/uJ62HZeItLrZsyXO8wXtuJN5GIjjsAWZ2j/FMc8AliETQ5YAoZkU7x2slx+s5/ESunYNURjejbOiiPP9IcqKbfhjcXoS5xk0eykuthB8RdLw/S9b0b57lpKLFnzrAjzzdA9r/ddgL2yidyrCbTdsp3ltOc31FWytWkfz2nKqSx38q/cJZnpjzF2qJl8Ho1OznPeN4ijNwTXsJCd/DTPGao6166CiH0gRaK0id6iMT91WTqo7gd1iZO9debzUNojfGSf6o7Wktk/LGbn02bHeOMsXd1/Bb/51ToVhvN8g7cg1o0FbGKLNM4UlX8usN8k7Bf+rrrqSgnw7fWMTTM3Fycsz0Kq5uGL859Dxwas2sqmunA9e8x7e03QV12zeyI4NG/iHwYcJDRoIdrixk1gU/1OXjRhck8S1kf/f4W8In6e7K4XDFmRsdJARh3fF778xNMPIcIo9W+K4S5O4S5OszUH+/YCubcn3f8YfYsYf5Mw5M8nGqT+d9/8vpnD22xj0+BfwH1rAf+hJJ31XjqNpB68/RL+nkM31RnIrojS5K/lVYOH9t+nMhE5Z4Ro1/puiuykriFCeC95AGKM9hYE4+bkhqksdFDpS/CJ5kan+KMmuImqLzIQiMU6ND+EozaHR56LX48UbCMv427UGrqy9glOHTHzqtnLGXw1i0GvZ+V9t2AI24jNJQr+1klgXwdHIG8Y//Fr03mTILLv8S5wQIiQrBGXlIcamFzwAgoTSFQBB3P7IsFTR8HUQudXhkK/bTBVyRvzYwAAajYaZV17glf/1Idp/+YD8GXr6UdoeP0jfc48zdOhhhp77R9p/8be0/+JvuXDgB7z21M8YPHVUcndnWYZoMuk52xFHb1Iv6XM4TJhMehzv3SeTs1IRoO1pRr3xjKWA1hZ1yEBY3n1PH8zwGHi94Te1vVBavGEIx6XNg/RNe1TEL5SMyecPYDLpZYVBLzJFlbtGDT0kdsKyyDWnn+sd4Gs3ruMfD2nnl79IbeOA41ATRWVzQA4AH77bSce/SvG8fQ3l/Mt3Ikj7LkhbdD4/XCk/3Jo6LXme9Zwfn6bZYaW5vojmumqpWhP3ceHV1xhqPsLodBkwggWYAY67eqnAghMrJfluNq+t4ZbrGugb6VCB5y6T6n3/1/gXQKMld0M+//bMKfITJqCbFFqmTVfwatcszfV6muuLcBs/jy40xIXaC3R3a6XNR8x+qnfZONcBLf1uRqfyVMtxREbuf7mxhOd6pSVG4RctUC/tCmbEImP71dt2c/+jxwALhQ1vL/6btjpJetbj0+rRaSO0dfXK+J/tgsLWRjybD68If3eZhL/4KfC3VG7lXz95VlqKMnyWQqgCUAAAIABJREFUA889y0zosgr/S4MRrt9eikarp7noc8RCPto2nKXj/MyfHP5HTi9M8LK6cgzHJ+n19FBVupAcBlAdbab3oJe5W6JL4p873Ut1qYMNOyQ3tvKwrpEyxT450Dy/zi3MkdN67IUuGf+ekWn6PYXy0rXqwToABmuTf/zvf2M5//LdCGCW8E9BJAY5kreY0kIfld0uNMVaBsa886seHBKOA1GMXeVo/9MsDRvX0nHuMvkmAxMK/ItjdqoSPoJDUvw5qDGz3pUj34v4f7t0G6ku9xLVBAAHOUYDhpSO1Px2LCIhU4n/qx2jpFI6Hus4R78jQNUOK92vmNkSdBFIaMk1z1Fo03Px7tw3jH8yLfM/veiPSAgUhONyu7MuQ0uxUPc/fS+A0b4+NFotg88f4sTje1ZUsEe5bDBr9cFFigOlL/FTXltsLwClHCHX3dfHKH3y9rtiMySvN4zbJY3ZNxpeNrHPGwbvaHjFiYBvpL3MdS71lsCjfX3yNs7i/kU1R9FX13CL4Z7RsyF0M2Yig2a+coeblyMjcvGIoN5P/JyT4Y4YnVWj9P5HXC520fsfcda6tRRZZzEQxxsIU+ZzcLK0jxH3DMc8AwyavURPSF8uLcly+l6Tvohuu2E7bZeH8UVTjM+EZOJ3OfPlB5r1Bciz5JHqcTI0l2KbO4eCPCttvR60KR2hYT1NfICtDWtlonfYCuWP1z+FwyZlABcXVlJcWIHDVojbZeJU9zh/lmvl5eEJpvvKVPJNRgM5uQVUVl2BMz/Gsd4zcu3xiSNRGrTF6HQBjPYUFx/XypOvP+Che8MQF36gIzJoJrllXC7EkbsxxRd3X8GzP4xw0dzLX92ynZNdoxgL4f8V/ttSFST8N7FrXR37r72anuEhbtz7HgryiqgqMaLRaHA583GXNeCwFdJYVUeOIUW5v4n2yVm2rDEsin99yy3obCUUlK0n4R9T4a+zlSwse7K7aHLZ6BzzsjuZ4uXhCRzRLbx3Rx25JpMsv8BZzvqGrZits7x0+eSfBP4tyXKGjpTI68X7PFr80345ia261EG+Tf1llm8zMXcyxpQ3h21N+Rn41/Y7qS51yERvzEvJn6hPgzEvlXG+zJKiozvFnxUX8/LwBNHONVnl55lSpJjmkn/8Twb/qukChie98nPm20xotRq0Gul3byBMvs1Er0dqE4wE8PyumCs2zHL13npi8TBnXpsgL2lG02FiW6ocvV4nhw8MxMm3mbCuSRL1SXF7X8BCpWuKNSV58thOm4nGZAkvD02wNuFEq82UX+Y0yfi7d9lAA5zXce3mJjw9s8wEwpz5nY41uW8c/3Ld7L2i6E+JE6zmhWRAkRioM4fQ/vJxvEceZ/L5Aww9/ahsgZ949PF7vM8/TO+v/44LB35A1+PS76898Q1ee+IbXDjwA9qffpy+Z3+O/9zRrNZttkI/wlrPRv7K6wAOqz7rtaUKB4XDcSa9MDQEhYXz1+evtV2AwpY6HIUuRifaGZ2Q8iv62ts48uhRCh1xOWkwHIf29oX2yqOvvY0TB47K44vjrWjvMC14I060LX7/Jw4cpcK1oDjoCjbp7kmdsUtfznlxOqtG+eLuKzjpmSH8ogXdjBn3lwJy/C0nYcAazpcrVG1fq8UbCMtfHvk2E8c8A+RX5pBfmUPvcT/rEka6kxu4+qrrJPf8WmmtatvlYZrri9i3o0lF/MJyLCkqo6SojFQixrnecbq8Zrq8FvS+WvS+WnReN+PeCGiiNFbVZWqAtsLsGp9/ik1rK/nF6QCawmH+866bs8p32AqprLiCFweeZWIggHcoyg7vNg4XtFHmc1BfasU7bwkBhEsmmPTNypjNPW8j3m8gd2NK3pQj2AUx0ywnnoxQclWC0e4Ebz3+OYRL3se+9/w5u9/9Yapqm0jNTbKlsQHPRA+pVIjq8kYctkKKG/ais5XIHxsJ5kI+6te4eLLVRd9cGO1MDXrfWizBGnKMRrxzftY6bTLRK/sCJPxj6GwlREfOzV9zsd5l5bUpMyPJc3y4aR81FVdkle+y2nlx4Jk/cvyN9HsKZXe8u1Qi6z6PlqrSSTbXGzOI37omKRN2btJMn0dLz1CCnuEkxpFijCPFGIYK8AUspJimpCIn4z0X5J9+RH0a3KVJjpzWk3L7uK7Yvqj8koocOkKBP3r8hZJkzpfwFC53QdYd7T55HLE0Uvzd59FR35hgasrHM782UJbM5Y6btqAbSKHTamVlQXyEMtbR7pOTPIV88f8U8t9lK8PuXkJ+WR79kTjjY14iI0lsF6/g19Mn2VBUik1nwO+1k0wCaN4Y/s9b7xWu/7Fp5GqAOnMI5eqAmtB83FxB3OE4BALcU+hAnUSXhXRXQuTK8Rcj8TdDATAbYP1n7mLTX97J0Ycfx+tdUALaLkA4DO5rmwh4vTLp9rW3EQ57aX+6ldFJsDoWyH+59srx36r24n5Wev9ifF2Rzn5PtHaaqps1TPpmScR0XEpNEZxKEdT7yd2YYvRsiKqbNcz0xtDNmLGG8+Vkm6YdcXKTZtUXx/4t23n82Hm8Q1Llob/Y9UWZ9JVH89pyRqe9KqtTfGQtZ6SDA795VWpfX4SrIFf+jE5J2b+jU0HcLtOihK/SmhQhgua15RhmCikpKFhUfr+nk/ZWE+9fW09PqAeXvwD9tXOEmkIc8wxQm3RRYJ3CF7AQMM+QcEpY9RwOkrtRwjDHrudSaorJzqSE6aC0Btd/wUC4W8dbib9Bl8OXPvU0u3buQROaprvjJQrK1qOzlZDwj+H1T8nKkrFso5ooRs7RN9JBW1cvL5zczobGi1y/bT37du2mrtzChpoy3KWFjE57MRkSFJStl0leqQiIvxP+MVm+3u6iOk9PpdaNTqdbUn7P2VzeV1v3R4k/wG6LWyZ9lZJZmlSRkNJKl2OkA1o5ZFBVOonDFpQ/vsB8Jvt8dv5ihK88lCECd2kS/RDLyh85VcK6hJEZZ+CPDn9TzMAO6xqsa5I01FdRWODAH/eSmzTLzx0Y0EqrL2xBFZGfvWylaUdcWsZ5cpbx4QgOWxCjJk5oIqoidKX8hvoq+s/4ZYtekH82+ZaKBHODuiXkJ2iw2jG2m7GEjeRp42jeH2KgeJIzYx4+uNlJiSmJZ1LLbI73deOviybv1ZlDWM0L1r9QCKzzjyUUACXRCjINBLinzm2Sz2UrB/xGiPyN9EulUmg0GiKRzL5eb5j1n7mL2o/dydbb/ydrmz7C6EQ73/nZbygNRfB6YXJSIs/OQhcnX2pn67vcBLxevJOjhMNe7rvvt4xYnJT4Z1TtXymo5aWXeti9u/wd335Ak6A0FGF0FEZHQVdwfegegPxqA/nVBkbPhuSfNXstWAo0NB0tl7NJr7jklLNsHbYguUkzR6/tZKBmipNDg7z/5jp6T47TFhgjv/cD3PGuT2RY1cI9DDA67ZUJJJ34v/vTZ2m7PCyHDFzOfNUHTXRBGcgyRta4UJp8z8ysqm8iEZsn/suy/GQqxaaaCNfVNZIwTHK0c4g7r93GoNlLpcdIOJTEF7CwPj+B/qYoPYeDXDXsJrE3mBVT57oE/gsGolXjRBySv+2twL96+hPcdcu3sdiKZEIWJJ3wj8nkLp7fRkK21Ls7XuLImVaef7mF4sIert+ZYmfTThy2QobGulX/S5MhQVtXL4bwCMUNexfFPpv8870Dy8ovd/WxpnD2jw7/ohMt/FlxcVarXqzrFuvRc5PmDOL9zQsG+jxaOWSgJId8m+QeFveRbYxsxxuV77AF+fje3e9I/I/t7WSgNhP/W6LNNFAsez38cS/9Z/zys4vzwk0vCFi48zfXGzHmpQgMaDOwF1a+UKh6PV4q1xvlIkICYzHeYvJjs9pl5QeHJfklZisOm5FjIwPcee02BgwzOM870Wo0TM+GqbXoXjf+ufHQvSCRvaj+J0ICyv0AllIAKlwLbvt0sn69RC5IfC4YJ5rI3k/EuOUS+PEFubOzEfna1s/exd6v/Ib1t9yN6wPvJ6jNoby6niLzeol7Jtp5/LFfEcrLJ282QDwukb8t30qO2cjvf3OOre9yE4+Hue++3y7kNcyTbjwuka04BOm+k9sn40FCefkUBAMct9jR7LrflBL1or924zrue+oS6X+HX7Sww2RXlccUMcOj13ZS/uNiOZGl9Zpu6Z/0kz3cdsP2TKtnPlavJPq2rt6sX1YiGS3boUw0A3j0mVOyoqCUo2yTLlspf8oXZmY2TF2lI6v8R585hU6b4tqKcS4Nz3BujbTrWMuLtfR6vDIm4jgZnsV0TTArpvd/ZUgugTrUG+OtwL/k6MfZf90e+j2dcr/6lltU1nU6/hfar5WSLxufl59fYGYs2yhb5Ev9H5vrqqlvuUU1/h8qP5VK8fNjbXR0nv+jwT/wnQb2bIlnvG+COJREK1y+6YdIBsx2CMtVmWgmFAWlHGWbdNnp8tMxVMoX479nm/aPAn9xX0qXuvhd+VzKexfnrWuSnD85K/+d/v9Rnlc+t7D0lUrBSuQPjjqpdE2vWH5MY+DsmstUb7cR+F4DVaWTJFNg1GuIJ1KvC/+cF/yabNv/KpMAAd4zvZBkpozdj45KpYCVJX8dDpNM5D5fmJnQ0ol8yup7eXk5Mokr+5Xf/AW23Xhveg0CaZe7+aTDZDLBmF9KUPT0davIfix4LuNc26Vf8hc3/CUFFsmTNhUMZp1rkeAsfypHjsWuel797FBY2iKSae576tL8xhbqyRetnaa/tUYeRLzwP9K2wWGIe4TVPUnvcSlbWEnE6Zn5WQsgdU7Iv6crDkoyVxKPcmzR59FnTnHbDdtVRJXeL/3wJC/Tbvk97877NABb6itJJtVap3L8UqyQ6gLg3/Vt7MRNVemkvG85QLSlD150ch+XZCzFlpwa7Hz5b9byvWfPMDv81uD/kWuvpt/TuejzC0JXHk2Nz88rPWriV7rj3WUNqnPp/yOJzH+esSJgKfkJYhyP/YwrG1lU/keu1NBXY+Gpo6+Rkxh9x+OvJOL0zPxsh/Le0xUHJZkrSVw5tuhz5LSePVvi8nnRJhv5K4/Wqj5allA8xPi/e0VPUUnlOwN/TRuJfy6hozd3fl+ABfzFc1wcjWBRPJOShAWxCvIXWJ0/OUtQY1YRt5KwBfFDobQh0fiCfDwLGK5UfqVrmo41Hq4otBL26JeVT9KCJmIgMWOke2JOlm81hwmETK8Lf920mvQF4Ytz8rVpibAFiTscpkWz1VMpSQnx+TKvpxO5cnUBQKl9O57ZU/J5JWEve8yXEPb0dc+vTMj0hiVTmZsCra0p5HKP9E65y4vxz0jbS9vypXrX/hkLvlTun4QCEA9NqP7WG7udRGun5UkIJvlFmR0KY78GopLCyEBLKzV7LZx8yMQOk52rhqV/Wr/yS6yqL4MUFiPfQy89tyjpp/dbTIlIb9NcXyRbosvJF4S1q8jHzft2c/+jj/DF9X+zpLeiub6Itk4oOrkV28goO+MFAFya0WPbMs1IeBTXpXVSMsw1QWaHwvLkExtzlGyXllaFT1kxhk1vOv6alJbB0S6ZrN0KIlVa4IdfPcrsXEBlbae3UxK90oInbczoyLk0JYBl5Yu2FXld/PX7W/jBT5/hIy1HlpR/a1k3//bTn7yj8U8n7sXI9/zJ2UVJP73fYkpEepuq0kl6PahWBixF/r0eLxt22Nm3T1oadku0eUlvhUT0UDT29uP/fl8DPnuE/vlNgdLxB5gYyWXPlhzV81TjUFnVgmAFxulWe7a+4v9V5ZmTFZ9+T2HG/3El8uuq89j3yXJ++Mh5rqRmRfJv1qyHi1C80UsglIPHH2auIchotOd14Z9rCKqIX1QCZH5XQJEceOd3F/YCEMvi3PPthRUulgEWW5vRavSLWuOLLW0ry9tBSmx3O38+G4mv9Eilkm+o3wLxB/hTP7QAqSPl8laRs0Nh+ae9QpqMYo3umtYWqcLU7WFOhmcZ/sS4av1wVekkt0Sb6T3up62rd1HSPvTSc9zz8I9xF7Qu6ervG+mQP8spAiortHNiSfnKsbWpGEeqe3ms4xxajZZYdFa2/rPVFBD3Wt+UR3DGjmf/BCfDs+R9foR+Q688+YzdTgrrtfKWnEpsC2p08k5obwX+PSd88vNHR85lEPWzT32fex7+MU7TkUXJPzpyjujIOTpbfy5jJc6lew6UyoC7rIEL7dcuKV94EwS+p+raeazjHNPhcRLx6JLyC5ijrrqOtevt71j8e4/76fV4FyXt8ydnefqQkQ077Eu6+gMDWvmznCKgJIl+T+GS8pVjA6r3f7GEQTG+uNd3wvvfdeMI+TZHVvwFFsJboPSipJNrr8eLdU1S/iyG62J4KOWL869HflvhMI91nGPOGHnd8mPvDnNRM4Hliz0M5Lwx/MWOf8LaNyjIf6jLKZ+XN7xJqwOgXPfvsmxGm9SsyBrPztpvDomnD1ZiWfgOGgtKNUliXW0qL0A66dvyrfInTzP3J0P64lkB9CAV1Og5LL000dppeg4H5ckHzJeWvCDtAnaoCb58CdM1QeLfbFLFv+SXdVTt0hfELCx+d0ErfR/rhd7qZck8nfiXsuaVykQ2+enx6rbOCdZVS29373E/n3Jt5GL/LBtrnUvKaa4v4mznOO+pN8KLa0ne3slMX5LKk9J2lN6bLlAxj51wafYcDsoTc3hYHV54K/A/e1nx/IDRtZ5jLz/F8NBl3AWtOBT4C4u9XkHUMqGnKUyLeQmU2DY19qo9AWkeAIH/hfZraWrsJaGJy/iHQnNYbcYl5afQ0O2zcXX99DsWf8kqnKSaBUtcWPwbdtiZqu5Y8v3PZn0vZ80v3MdkVvnpcX9JeUH1/p8/6VV5D7IdVaWTdF6APVve3vc/+A9NmJrCGfgXTJozcisEfhc9YQpydQR3BOG1hX4nT0WwpEIZcfpsyX7pHoNslvqi8rOEBDoK5mg/7qel300gqH1d8utxMf4H4l9RN51RBEhY/kIZUBJ8tkJAb5U1zh/iASBT5sDzT3Dx4QdwOEz0esKAXXV9KhhcIhdg9E8iB0B5aD7wM0tKlNsUrjiRPPJge7tcirPidmmixb+5bsG9tbOVln43QY1ZnjxK16Ktbq9Myt6Zn8tfglP7p7i1YSPfe/YMhhN7AA0fu24zWu1CdmxFcea6fo1Wi8GQsyT5CGIXRK20cIUSoWyTZzXx7g0Llv7A9DY2r63DZLJQ5ChddHyHbgy8QYau76JwrZb4tyRc9F++JGnV83tvF9Zr5TrnAuOScgveJ1w4/nyU3AZ4K/E3GvSsq6okNPc7ItHpDPz/s/N/qMIhsocjzd2/3KFcMpjNq5OOv7geiyeY8/9ifsJqcDhuRqNZWv5Pf/ET+l977h2Pv5IclEqAEv+cJ9ctGfd/PYeS2JXWZ7bkNGUb4YkQ95dOPtnGt5Zp/2jw12o0JFMLRDL9kSk+dsVGHnnyItuG3BgN6j7pHplsSZpKN/1y8rMraZnHwISPRDy1YvmXh2a5uGuEwrVadN9bi9ulZfSGPubskRXjn/ydSVNRp94GOF0xALjv7oOy+1+ZhAektmz6C0Cq+qfcA0Ak3gGUumsosai3Ac6WzJdKJvCkbR+cviXvYkmA8WSYCf8FAMaH+gm3tzL8+HclpWg2ijeYlJMNHQ4TMzNhHjhvZ2fTGgBOXBjAXV6cgbXwCvwp5AHEQxPsbFrD5Z5JpoJBNM+c25L6yhcX4jDpmaNCa9xfvUY1QVqv6ab3uB+QSoMqY2CTuVsWvvjn3fwAT8wnDhXU6JjqSaA78R4VUacfN129b9kHUrrpF1tNkDX2OeJfsGhKcqkpPs0L5xes/pv3bMFkkrIlgyE/Wo2Oc12XeaV9glrtJaIaHR1lPdhbm3EVJGmsSqrwOdg7ILs10zOa869ecMV9asNa3kz8r96qoXTdDRj0etxlDUzNnMYzdoR4IqjCP9Gfzxev+HZWLJU5FEtZ++mZ/geerlUkEi6fw6G83j90iJGZckoL7IvKD4cC/O13/hdrkmffsfjv2RJXfWEryTX9/Rfkr8yeVx7KvkuR/kpIZ7ljww47Tx8yLpmTsOA1mHnH4G+I62gcriGHWEYMPt2SfiLVhT6pJa9Og68rxZqTxeh1yQziXijnqx4jPYNf2d6SCi0rf7H/V3WpA40uRSqhWZH8ZDLF2GyUV/O7sL66kSJXCIsmSL+nkG3rQuSaDCvG3/uEXxObLwesDAOklwQWCoDwAojSsukKgJyRH4uqFIDFiFzE++Wx7S2MzkqcMTE0RFFFBYPPH5KJHNSrByBzdYK4lq20sPLcibYwv5zNrgD4ZwJyLoAcKpleUCJN13UvfC/9tnbZ82/nYUxKBami2jxZARDPKy8DrNlrYbIzKbvdhh5aSM4R2nf5j4vlmGdrVZ+cbdt73E/RiRYV+adbgMIDIL4It07vXzL+L5b1Ka34xQ5B/G2dE8u2z6YkNNdV88uXzlFdZqNw7jTWNUkOHa/KkC/uye7rY6D5PCnIuhRq+BPji2I42ZmkotrAVE+Cz79vM3/33Ku8efgnyG/4M9bXbFQT51Abo+OHmZh+hVQqwROpLu4s+xaVTe9ZkSW/WDgkfQmfIP9s+QTKPukZ/gCRSJhfPfnPFAbbsK0x0T2+NkP+cyde4cSF9ncw/vFFrUilNf1Eqov6U8VLWoPK4j9LtVMSSfqStKXapluTR07rVdnwQhlQjifuyWKKvGPxV+IsvBnpiZLHSvooa3Nk9Y6kk7pQwpbKpxDPvlL56eT/euSnUtDen+BivYT/2q15FDxZQPeQU5Z/uWCK7oKZFeH/z//rmGYlJHLf3QfVeQAKD0B6EmBZ3o4Ma3wlRO4wScsAp2ekZYD+qHTOnpeDNq2Qv7KEsFIBWIzsV6oAiCVy6YmASuvfXjNDxe1h7mhs5MH2dnoOBwn/thbTdd382a2f4TXPT7CW/ZBzBz76upQAX0WcvCH9m0b8++a/Nwf+yxG6/tqSVQHQCy176CGT6iWJDJrR1ErxN1FYQrnM51Oujfyf4+f46m27eYxzeHtLmcwtWpR4Hfm34C5roO3i/dSfKqZ5X/WSFvttN2zn0WdOya56JbnLZN45kRGbX652wGKu6I/vu5Jj587yH5Wd/Dl1NNcX0TviV8nf3FBAaW4bP5m5INXmBrwvJ6QJPr/8p99TSNWP4fflfdTcDj2HITJoZrJTcscV1mshJmnfj3Wc483Ev3zTNTS0vD+DeE0VzbgrmlkT8tF69Ha2dqynpCm710Vk7cuhkkX+R8rzzXXVNNd14y7bl5X4lefckHVZoF6nIZlM8GzZRfZrNrO2opTLQx6VHKM+wA1bBt+R+AdOZLcQlV/8ggjqTxWrXMjZjj1b4hw5rVdkmGd6ChbuZ8Gdv1ztgA1r7FnjyZLygvz+C1np8huaHW87/lazMQP/ytGEjK8oxpMtVg9Q1ubIsMzTSVi49AMDZL0u/hb/QyX5Lyc/m2cgtzLJ3KCW31R0stZTvKh8jR4u1i/gr/mViXgiKctPJuH9BVv42autcLtvWfxFop/YEEj8rvQKABz5wv6Mtfx9o2FGRyG9DkBeXg6pFMx4I+i0C9Z4OpEr+8hhXo2GAqf6vFaj4c08lMsZ0w8R/1fmASjrABTsh3958GPSd8AdP8HY7cSICWPNDHQ72ZN3GvgYO3bPAf/OOT7K1EEp9p5eT0DE4+XzFVX4KuIYt1mJviIpHsZtkiKSfPjiysaYP/58ww18ZWMu2n8qp6vLwt/93TN0/TWk+/V0xS3cA5BwhpjpjZFfbcD4w/UUfnWQmd4YM70xPplsxhsIM/e5PpLHinDYgpRU5LB2upQfnH+F/MocGiPbVK7f9E15xBe+q/hqUsaTmMzrM+rvZwb9o6rSv22dE/K+AaISoCgHrCT/peQD8jml/InxAxw2/56CGh1tzzazs/41ykp2YLWgkD9JcU4usXeNcmvDRp56uoubtOsxWFOMD0fwBSzov3wJ+7lc9ljdHOkblJKcPp3A+MP1aHdP0HM4SFGV5N6b6kkw55cqD/6h+K+Lbmf7+s0kA+Mk/GMk/GPys4la/BqDCZfr3aSSL1PobKG74yVsJOTrSg8ASFUahQWuxFNsFNRYVYfJkFC584XsbPIB1R4BSvlDw7/i6diPKKjRcfrXV1DvOsVsuIJNdW5Zfnv/JLHZ0DsS/9J+dSJY+qY8SiuwpCJHVSVu8SSmaVXpX7FVrbISoCgHnF7IZin56VXqRJ9j5UMU1Oi48GgJV12rJzdpVt1Dv6eQwoKStx3/6tIkuQVaFf6Gsxpyk2a54p54TlFjX3yUlfyiPo3qo7TmN9cb5TaAqnqfEkNvYN6Kna+m+Eblx2Y1/KbyMs5aHRO/XbOo/AQ5hK/0cWvDRl58aoiyyXxZfk7MzKmmfnwvhCiLOzjSO7Qs/jZf7F67MyRX/dOZQxnkH5t2Ukfode0FoNVqsJj1qkqAZrMh4x1/K/cCCMcXrplMeojH8YalMWs//iU2/eWdPP7Yr9i5tYHZ2QBD4z7c5cU47LnoEilKivMJxC0YLU6MFif2D87wrc9twVJSyP93/XMknCG59LJ9axz71jiH/jZAtP4Mu5K9vNz7CJW7f4Q/+QRlgUoKC5yENfkYLU6KcnMoKc5Hl0hRVu4irMlnctJPdCaGPiQRf2IkSmIkivVUUm6/1BiFBU72lO9kXclavrIxl/DeHcRes/OxA9/lgQ9/kF/9uI9YIqF6XrkOQM1eC0MPmYi31rBnS5xDnUm+9bktnP+nJEev7ZRdcMx/0Zw/OW+9VC0e1013F4trzeu/Kq8IUMb5lZb5cm7/BctT7UlYifz0dtFYmEemu+WlKo6PHYHeaqpcRZTkqxM/TDppOYhYM93l8ULfQvY1Py5m+BPjDDPOJ59vZsOd0prmm7bEOfLNdRjze+jVT1O9y6ZaB/2H4m8x5cjLuNKt8L6RDlBk8G/EwBP2AAAgAElEQVTY9Q/EJjrV2/Zmcet/8Pqb5Tzc/p5Xs7r2xRiLufazyRdFgJTyD0deUuEf67qCD1z3YZX8XU31XLroeUfiv1zyXnoxHmE5KuP82dzD6kPaqlbpuq8uVeccrFR+ertfpBbef+t/W1ihoL6HSUYHJuFdby/+FpNkGfd6vDgrLZCCymL7QhjCsxDK2LDDLlvqypr8HZ39GYmRQY2ZCeFlyOKWV+KuHDMjR+INyP9NxWUZf8unerDOVCyZ33H/o8e4cqyO0lKrqk3y/1Rw8fZekqbUivAfM6gz3kucMIY6HwDnNHQt/j2stKaVv6dSbzyDf6lCQyu6bprfWldh7a//zF1UXnuTnIugyGPISPqz5VtVMX+Ri1K4oZFP3fETqIWavRa+dstNbONOXuGf+M6xD1Bx+39m6CETD94uhQa+/uAc5w4sjCmWE4oQg/g5FJXi9BvevY7zL1yCnjkK/qKE6CsB8jRz2PKtS47RZKoHkIlf++Eh+AWYDp/khxf38I0zzwCWjGfVFVwfuqdmr3Qhaouyz+Kk1+PlMpOc9MxwyyeKaZ2cJP7NdfgCFnwBC69UnabMJ7nR1idc1KcceENluJz5qi140y1u8XHYCjn42+O4CnJVu/h5/VOyWz7bBkGi5ny658DlzJc3FVqpfOURiYUJdtl5lyXMqzNT3OCtxZF/CxUlNRnyu4Y9hIrHmRsPsTZWhNNmJhiOMTUrJQH5AhaSx4rQ7p7gz24oWihoMmJic72Rrk0ekoE4yZie+LCRYNUkbwb+0WQ1pMJ4/VNyTX2lxS2e3UYCvaNctRlQW1cvJkNChf/Opp3kFDeiN+ejN+djI5GREKjc9U+J73LyRT+lfLeukY1aL6/OTHFT6Dqa6j+N2bVeJd9evR2DtZiO4GHmxoLvKPzHhyPk20yqLXjTrUXxMealeKXVJnsSZGVpvi692Nku3ZIXu8hl2zJYWJcrlZ+RHXxKz56KUvn9FwpDunxvIEy8Tv+2vv+ta05jHjZRXeqgJllAfcpB3C/tCija9Hm0lFkW9jyoXG9kw7Y1FBY4ePX5QRkL5U5+c/6A7FEps6RkUk3fbVB5TigLwhvwRuQ783PQvqaT8U8drF9Uvs1ixKtNwkSKDbmu+fBBgtAM+AIRJr12EidXjr9RN3ev8j1Q7gboHXZid0qbARRPv7G9AMxmA95AfElLXmyrq6zpn0wm8c0lFu0neT3mXQBxtVzhjdj62bvY+uVv0/KR/826j/wN2nKblHBYdIXk4ZzfC2Dd2nLZItYlUlnJP08zB/kJdjXHefFghIQzxD98+RYeP2rh+YEzXBowcPSxr5BfbWDSN0t+tYHK3T/iF5/5b+T3lpNjNmZUGBTKxhlfkA3vXkdJdRFbNtaRtOgoqS6i7+k+cvKN+Ox6imO6rGM0meop1hfwlY25bP/oVcSrK6Tv3X9+DX3vMAPnJlizsYin3ZcJ9ukITSRVz6u3V5hU6257T3p56XKMnLBUmUssxXEA3eMhaovNVO+yMbVritbjfXzKtVGKTSXcnD2dImXvy2qJK/++5+Efq1z2qh36FFZ/+tr/9Epzoq1IzlvKE7HYPgDusgZ+c+qoFOeq7kXTo8GRf8ui8lPJFO3tWjaFO9Hnprjc7eX0mn4K5tfgCowmO5M8SDui1PJLgzHAS+G1WuZSFmbHghix8mbh70sU8dpkioipT7boBWEbyzaq1vhnS/ZLx7RvpCNjjPSiPukhA+U4r1f+2IyXkXUzFEyUYLFsZWisB7fOkCG/vHIj1579EuPhR99R+It190DWtffKv58+ZFS47JNZ15MrPQLKOLWyipxoKyXnrVx+uldA1CcQ77+Qu6j8Q14+UNr0tuHvfpeNqXep8VfmK6SHQ0R5X+gnMKDl4miEiZFcVdKjwE1gKKopLlxfwE/8D0QVxT9Ufm5Zkg1ldo5U96K9rMFdNrmk/PW9hQxNGulNeFnXYuOA5yLvjW1kYFSSX1kySXs7K8I/w/qfXlj+V1E3LecENK0wpq78XaPRLOsFyJYHAKDVamUrnvmd/EQJYbGCwK1YClhqayE1X3xIazAy4jupqjKYjEVVfdNXJChzAEYmRzPi7FOAEz0PtrdTcTuAhcePWtiTd5rCDY1s405uvjLI5Pl2HqR9vu7CRzHiZNYxzfTFeEaeAcCozsh/+q83yn+fPpfd1dI3PK76e1fpFpXFHwYsHx4i+IsKTIdPMnBOnR/30C1/yfse+lHGuHqxTERKxjHRU95H7Sckd5yx28lkRRDHoSZ58u3ZEufnx/1y8g3z3vfRiX/HVfRRNLNuHn3mFM31akKRyfvi/dx2wy2Lkny2ZWlK97K7rGF+/CKV619ZSliZvJZtSVr62AA3XnU9Xv9ucmp15Joti8rXaDVE4lZswC+TFyndb6YKK4GT80unTpslrA41MXnTBbmKWe3XZ/j94SD2ThNmqQDj/GYobzL+UTdnu0bmn/851fMbXetoP3k3VZW3MDjapUqCXBT/NNf9YksAxVhiPCnEkyZfUf9fuXnQgvx9Ip9tSfnxpJSh/k7Cv6hsjv4RKUP9yGk9VZ4sBYJUS+wcWUk22xI/pfveuiZJ/+nC+ZK/XjkJUDlmr8erqkmfbfx0kq8udVD9YvYla4vtJfBOwv/iaISqUuGSVytRAqfzJ2eJGqQldr0pqVhSdWlcfj6RzKjErKFeHePp6OxXZe+LY6XyxRK/dPm5lUmuvlzNxVdncS8jX6PRUFmcx+8s7XhrpqmqttLzc7X86FEnHdpLy+LvfWKB+MXSv7HpzE2B0sl9ORe8MqlvOSLPvrFPklH/K6olgkvKQbNsySCXZTO451cwLDKk3lyE3ryQIN1Sa6ai0sXhgdN84+//L3lvHh/HQd7/v/fU7mp3dd+3ZEs+5fsiTuI4JsQhhBAcCJBASpu2tGkI37b0ANIQaEtT2oaUAm0oOA2hASdgIDiBOL4S37Ys+ZRk3fet1d7a8/fHaEYzs7MrKXES8+u8XvvSaq5n5tndea7P83kq+dKfd/Hl3z7J7j2PsC2jgZ0rvw3Aab7N2IVmADoO+KWs1oPffZKv3/ZFNq8op7RMyNj09QoORnthNh+oX6Qw/mtn/hcdgVvTBLAnKxyUlhUSbDUnGH7JyXm4n5HzjYr7Ka/PS6kTaRiQGRtuJqQfXelDQfqesQjMW8D2VT7AB2SyrGcpX999lKotDsmjtcUDXGj6JQBrVt0FbqRsgGgQKnPO8FK8jY9O7pGi7FR1e62JfvIOAalFT9UdIM8MiN0DcmOjRrOLOIRsp2Ne8sUffMmudD5Rt4Kv7z5KfakfMM9QgkL3oJXMvSsYyuqYYTKLSXznYaPQPvWpunq+9MbRa67/rTd+jMpF04p7nA6FmW7+Fnsi5/j4VRe+yJoE46xeamUTACshwYDLz5+qXVBy1DSOeSvyfRN916X+IT1hKp68JWzlJqfw/S9fNOeUPi1DrOwQmJUj/M1MyCIIXQQz2we1WwPFKBbmT0F7vX7/tXr0xSha/L9rdTd1fYtZuclJVU9E2keLZles1YsZG3XbnoLdb57yxf5+tXxf78LlZ6+2cN/S5XzrO+epQyk/GmNe+v8Pjirq/XInAJDAgNueUrYBAooIXGwDLHSsR683KO5FHo3PZcx1M5gfvX5WH/NxAmLRiHa0P2PsEzgIZNmBZMv6GoEuWW78QzUTWC98hwfvfZrv7nmE3JWzhh/gu83NVG+38eC9TwNw8s0TAsB/xvgD7L0yxMpblknGPmO5nalLXtbWLyJjuZ2D/9vIhYOXuXtpoXRcsNVMsFVZ47cxG/F/sPV1vhsUnqGfs5yX3ge3b8Jy4CQP7fkvgm027QwAiHSbFoIzPAafW7KEr918GRcXWXWykO7BXPKKfVwamlacYI+5kfXxSgmQJPYKx51dCoMrsAGekUCAC1kUYDWZkWlsHdUcIqTOCsgzBvJrkhv/+coX5S5LCzFgiPGN3ccpbVxDJDso6EZnldJ7TZuGsACfW7KMr7UKDGnOUgvWuF5ignsn9B/VGaksrpQM9epFVZzv6KYkIwA68ITXU5TtSNqvb1ZRAlfKonGtFsC7b7o9wYDLQYVqoKZ43FuVv//UZWqM16/+tdL5Yrp/LqOfzBHQyhRoDZ9ROwqCIzCbMVCD1uZDNqQGxHUP5lJbPnld6P/XpsssixcnZDrkg5bs5THicajSZdAfcWEvj8/uO5gIsBPP8S9PDgJm6Z7zin3SueV6lBv/ZPJnSwyqIVFvUX5JrgMdcb6x+zhL+muoqkhXthUOumjbNrf+DcwyAIqtgPKJgAoaYBkRkJoOWAezToBtDXqT+S2B/2LhkOAAvMXjFRF/ZaWmoRfXy2cBaBl/0fi29gxwaGotoZoGqrfbZrIA8OC9T/O1PY/wuSVLJOMPwvrHPvcHfPBTf8BrT/yM7eVCuv7bv22UgH5q4y++F43/yluWUWoy09c7RG6gPKnhtyDU+b/L7DNT7gi8xJ28P7qHag0AIICxeruNvnZZH25tkI4DQb7b3MxX7lrGl/68i/6HRqh4DvwIP26AvIH1dHIm4UG3bW2E8ah2BJ2ZdS8fndwz53herVS92vgLU/lG5zTcgiOgjRNYqHz5crS4nSocZJssTAcNs3op9klkKMFnbPz9v1Ty3WahFlf9kB7QYwkbePqVcwRP2al+gGuu/+k4CqS9uPQM27jHHCUry6EZdc+3vn+xeYfMkLcrxgOra/YKh01FLvRW5Gfa05kORzladf3qXzS4Wql0MfqfrwOQLFOgHr+bKoOwDeGaZjsJ5r8kI8C5Hr7/PZwlqosn4CbUJDuAFGGXnMvEW5R4T8pzCEZZyGTkymr6aZITdajByJ13hxSGPZV8BfcCmW9b/s8izZSbTGxyFlNckZ4gf/BjowT/Zx76L/BL9X41FkA9GlhKo6cw3FpR+EKW+HyNuDydP1NKsBpzyDCXJ3VSAHr37+XS97+BKwgZaaCeBQBw97YqKU3f1ztEra6Y1574GdQIxn03j/D1277Il3/7pJQJEA0/wO6Z/8Wlr3eI9sJsPvP5u8hYLuAuPrZiNT+92CgZf4CD/zvrkNQMTTAzBJMDfaf4ypH7sdFH7OF+AehIvyLqFxcx+i+vz+Ol7X+L5cBJXv/uo+y87X+oX1zIiYs9SiC3KSf8eMUuHe4Go4RejIYNDDUFaHdMEXKEsOXouMFaRH9/DL9H8MzuvDtE//4yPr4+l5bmKQU6Ni19DaS5JIS/vB+/ud/GqyeuUlloSUDja4JEZCj8roEWCTUOM/35SbgE5IbH5Rmn8aqguKFxP0PjfgpzhB+NvAthLvkuzzi7951iR2kfVxllsn8a67FVVBSNSejhdEeYtZtstOVMEHKEuBwfl0BOthwdHQf86KNGXC8VEqvvY7Q9zDXXv30NS1YtkdD27S1HAPjVoXrS0oMMTbiwmKIKtL7WYnAUkFO8nJzi5TiIYjFFKczOor52Uno1tnViCg6k7BIQ5e8/tp783I63Jf9QQwdb87uua/1PeW0KhL+8H7+leYqmq3aKbXFNNL56kaPwvT16CTkufDf9SbkE5M5CaEpH16BggESUeqZDACLJuxDmkh+a0nGowci2ddH3VP9p5jA7PxSlN4n+RcQ8QEvzFOkx6yw2AhR9+fJ95Yh+sbMi0+GXDLm4vnPQxY07jLy810ztkui7Kt9sstA/6iJaEGS0yci24sIE+YuqM+iqGp+X/qMjfFVu4IcnhE4AuTMAsHHjLuyZmdhNwnwUb3gIr8sF8HjC+vCQ9L+4zp6ZidflUpwDEN6nB6Vt4rE6g4F0Q74kR32c/BrsmYLz5EgrxaibzRxceeV7vPHEo/Tt/T5dr3yT5p9/A8/lEwqOgTdH0hSo+HveL5ScnBl26a8zw05VRhFthg5smfnkOVYSqj3Hy184yP5jP2GyM8wXvvhddu95hOnJLE798qTECOhuMOIqqmBt/SIe+vhWlucXsjy/kJ9eFIy9Jd/M9GhIqvlfOHiZh29bLcl1Zti52jnE1g9mc++XfsDHdnwWY6dgyz6VU83UsF8y/HdGCrgzUkB5fZ6U+td/u4RbP/cU4dPpFOTY6RuZSuwCAIGDe/pHJYyVjpNbq8fdN6vojgN+Xj5j5s67wdsTYd2OshlXqXsGpNItTRE71GBkZb52JC0abjE1LweCpcoIqKNwaeLfDNhPzATIywHqwT/JWAL3Hnl13vJ37zvFVOXLEFnN/SXLycsp4UD3FaqKMukeFNnATLy810zPeuFHJy7iPO74oRLcO/rRb+2gaouDvs7wNdd/RkEIX08D/SPtiuj5/juhsljJu1CZIgLXisKT6UnQY0tS/v9rIX/f8ct05+5h/XWu/2SRtJw1Tr5urul76ihcXlOWD/aRlwPUg38SWQIzZ9LJ85d/qMHI+Kaz18H3vzyp/hMcoEHtKFvLWbpw0s3KcqdU8kjGFrjrgZXviXyPMc4JeysPb70Ro6WW3r4RFi8qU8hPy47x2utGuqbnp/+0g54E3n91JkBRO59B0GtF4IW2NQpKYHm0vqAJggYD8Xic+MxwuHBbI6/+9X0J7H1yel8RmJgQwMkAiHIAI64gzRowgL7eIUrLCqUMgGKphl8//32pxr+bR6Qplo997g8AWPopJABg3zMWtpev5XA4JEX+gGT8py55Fah/se6vJfuP/uVF/vPPd/Ghf/kLfvX+b2I5cFIC+QW3b+IlZhlgg8Dno4/xV4/ewR997iliv8nlju2rhY2qDIBu+R8TFydwiaARy81+aR63CMLp9grf5M/clCc9DJJxX49HBQKXVWtn2bN27zvFg3ds1DQQ6pqyvHQgB/vJjX9KsJl8nWwyoNrQz0e+3InI/OQhaWxq1/h6AMavNDI4ppcevs8eEeRV2AVv1XX3RUmXwcM2Ciermf7wZdzDfqq2OLj8hod3Qv+2dAiaemi6vF3B0U8SMJ8W979ybO/+OTsqtD4P9YyAtyo/3fkSurt++zuhfzmvvrho7a8m/tFKG4vnmsuIqM8jr9eLJYO5eOlTpa27B3Oxf6FFNjZYqHGHwtnvqv4/uCqd3AxbSv2rrz8VmFG+7dLQNMsL0xQ0v+p2PnkJ4N2UH3HEOb+qk84THnbF6zl42pQgv/9yiL0NngXpP+2gR9fXli21/oUnshVTAMVFPQtANhUwLq2bAQCKDkChbQ0YBEDg0MyEv8YFGnItDv+FOADJjnfNOAA/dzvZtXMjfb1DnLjYI72Xg/bky6um/VRvt7G0SKAD3rR1M7v3PELfMxbe/9g9XBn8MUuLPsmVwR9LDsC3f9uoSP8nM/4P37Za0SUg7xo4f3UIy6IY//6d7fzTuX18y/CE5vV9PvqY5DSb27MJtulnjT/w4iunFPerW/P+7Ph0r5W0sgDTvVYq7EXSj1D88bnuvih5kFM/yuEzN+XROejCmf9ZVq3VCUQuM1P/xC+uM/+zEhBQK8pPZTTUxjsV0C9V6l9kGxTBgguRr4Uv+NOvTvCN3ce50fSgIgvhaTtAVVEmzx4ZJeP+cUlXcv2JP75u7yDLv+Km/wUroYoRoi3ZvFP6Ty8Ywh+cpr6mUhNwJ8diJKv1q423fF/1OrkMeZ9/MsDffOXb0uwcu9B53elfNJhyMJ16Drx8vryW8U1lxLUi+/kA9uQGSQ4WXIh8LXzBH30vjW/sPs7q7nJFFkK8z3dD/6ZfFPDBNVmKzIdYklHfl1YtXuzG0HJ+RHS+iL4/eSo8092hPSL43ZIfj8O4K4f7n7Lw1A/P8IHpJXQPTyXIP9Xkp62+n+w63bz1nzWATivSh1lnAGBFW1IjGl9SqW24r5UhT3Vs10wr4kKdANEBOBIplPryxSE5cy2t8QGJvXJp0ScFfMAMkFVu/Gt1xQrkv9jvrzb8AHcvLZxT7vmrgmOg/8AseRbAX625A4B/OrdPMvwAwTY99YsTzyviAHJsNsEBEFtu7qsq59kjo9Q8Makg5wBofyxL8irFB1Lpqo8qHtoHwz8QWnP+rY6KojGc+Z9VdASk6vVXG1+tqH+u47W2i07AfOSncgQyP3mI3uM+hfER98v1NUhRnhit1DwxKUCuWmPStLP2x7L4zE15/GJwgJL7AvS/YCUQjPBW9T+WvlbqYth75FVN/efkQmm5LmmrnXpSX7KoXZ2mV0fwWueXp+/fqvwMRwnf+9nLWO99TaF/8br2Hnn1PdO/2iCIE+pE/avT9ql6/dXGVyvqn+t4re2iEzAf+akcAfsXWug97lMYfwnUpiAkemf0P/aPuWxdk43eryPbGadryIXIMXOgKZ2afCuRrRfJ3GBC99+LWbcopjDU4memdsbUiH4R3Cf237e0disieS3DLcoXj5Mfcy3kXzplYPTjbQwc9/MB31LSTMak8tOtRfzXTy6T8xfj89J/umlEGges7gQQhwMB3M7E23IA3q4h7xoKvuUsgPx4cZ+SXY9iWrSaP9n16FsDK1aFJKPf94wFXadZWgeg60zsYrg0HWHlLcsUhn952sKn/wWicwcEVsP8zmuo+mz8cVuOjrEpN42HDXzmpjwaIqNMuyOUrDdLD7/P3JRHZVGMFZsiEpAp5kiTKHiHJlzckh/lYHMvBfd6GH2tnGUll7Dpr+A3F1GYnaUJ+hPBdSAMn1GP9JVTAqsNt3icHOyn3s9iikrXmEy+GugHs/TCQ+N+vOX7cJabMA4byGeFBDyUWOx6ruDyBrlxh5FiW5zVFekc3B0j+5Ygthwdk51homED92VW8OyRUfRrh/AfFX70xhu8vFX951cUsKRiEV0DLUn1z3QzHR5LAuguNHCeqGcYc3E9Uc/wnMbfXFyfMDBIrn+R5lc9+Gd84LJENbxQ+SX5NfzPK6/Rn/OiQv+bV2xWOHfvlf7jTEgUvC5vkA8sKVfoXxzcI+6jBfoTwXUiOEw90ldOCaw23OoBNVo0vyJ9byr5aqAfzNILT3ltuDack/SfMZEugdbUoLZ3Uv/3vS8Xmx7yFsdoaZ5SOEe5Di+THht3rc3kYHMvmXd56XkljyXroqTHrHQN6uka1BOf4bh3eYOM9E+THrMqAHjrdpSRFnDx24Mmjh/1kpM3QV1tBYMdbkm/9vJE+VnpHqa8NmqXRBkfn6KutgJPxCXRJ79d+T8dO4a9wohjwEptoZP2Ng9Go55YLJ4gPxzx8qHtNfz06+556V83lfZVsdffYBWyHSIdcIAABmuA4pIA+RMCaE5O9xsMRhhz8bjRor1NTQ2ccsBPZHYbaG93BdGk/XV5Z4/VoiMGgca45v6/kKiBS+puYWi0mV//9FU+/9DtbF63iM3rFmFzWDAZYuRk2Xhg103S+gmXi5wsGzlZNlbVV2Ny68jROeg8G6BWVyxs0zlYVb6YqowiTIaYsN/MuXKybCzJs3PkdCcjXaPcvbSQHWsXKbbLX6vqq/nwbWsV1yOu/+gH1uN02rAaoSDHTkGOnXWrF/HRD6xn6/panE6bdGxVZb50LVWV+VRV5vPh29ayed0iTja0YRRTawC6bf08ewgy7heADWwP0v5YFrpt/RDLkzxWMSrQuSs5YH2MrkwHrIfKzirWd1dyhi7YfIZ1N30IgN8cn3/afq6IX55uficWsedfDi4EpNrnoao9dM38n9X5IUwjg8TjM47Fydm6r25bP+2PlVDzxKSgy1I/zx4ZRbetn6otDjoZwdydz9vV/+df/5gwF30O/f/o5Rq+/Ifakbx8BDAk1uu1ovpk25NF929F/o9/c4DhCRfYlfp/yr/nutA/wJmKLsZnRrPS6dTUf+dzrnml7UUq2lQRv2j8F8IjsJBFXn+W36ek//WdjDNO53EPeYPr0emQIvF3S//FuZmkmQQH5GfG85R/LB07YyD//q8+S13th6AW7OViRJ6puD+tAT2gl/ASL+81w93d2MtnMyXyiF08h7wEIFL+gjAW+O3Kj93VTYbZzOCxAJ8oWsahik6oBc/RGBU9eQr5EyMhfKMwPTk4b/2L9f5kZQCxM+DOQosiip6NtrXZALUofkXwnRqUJ+0/NBvNyzMIsVg89bHi4B/VsSW7HmX9R57AoBemEDY0/SQpMdC+189INXcRBLjv9TPS/2pMgLiP2OOfbLnj1vWKcz+scR45+FB8L29DlMtOth7gfGuf4r0aS6C1n1HgLJ5FLrJ9kr5nbIRqJhhrtVBhL+LP/qRA4uSeOpJDxQyW4ULTL9m+6gkOHH9sdi763jryBnMZ3XyGltZu9h6vAEZn6vDM23Cn2m8+51AD+OZ7rHRc6yjG4UG2rYtiL1mOt9fAoao2PlVXz9d3HyWr80MYhwexpAk//MC0mSNXwzRtaia3Vs8/L1nLv5/RM9Y6TqhmAg5nz6RFbXyqup7nOc94gZd3Xv+VGGM3sWLJfroGqgRGvcJloDcqDLHSCCei8kVDrcXrr2X0RT3+6OUaoEYpX0X0oyU/Eo3SceYMO65j/XcP5rIeOENXUv2/vNcM5AooeSLzNtyp9pvPOdQpaBjTnBGQ7DgJf5BE/3knBBCmxfzu6t/QUEBFoaw00gttR4d5+LNreT6eqP9oFAL9yR0msS+/he6EckxFEVw4qey6UJM7za6LSTMhuveK7Izdczpsc8m/dBpuLFoMwBtZXXxqaT3f/kEDt0zXYSxGIf/Vo35iHxlZkP77XhdS/OIEQHntP5lDoLVoGW6tUoCcQtg1T0Oun+kGWP4Hf41p0WoKKysVBlzsMJAzBhY4Zg1zNBbGoDexeuUuGi+8qDhG3QGgZfDVqHy5o6DVQSB3ELQMeLLjxL9qymD1daVyAuTXmur6xP10W75uiUt1ttYYwcM2qbbRccDPP//JWr72y8tM/ShHAuhssjgTgEKjm88IkSjg/bc6IgVFCQp+8I6NuCb3CB921r0pEflzteZpGW61sdeSn8yRkGMBRNIgyQEoi3KoqpPIVQeRdh+RK0ejV2oAACAASURBVItnay1pIfKzhRThyaBbAtpk3D/OV+5axl9+p0EadQpCu1N4KCgYjJbz9HWGeaf0bzIY2Li8nMWleUSiMVp7+ynNOk88Hmbp4kexV2xIabxr19+rMP7yfZJhAdSfoRpXkYr+V36uUDjKT3/08u+s/rUWORBPbRS0RgEvJMrXitq15CdzJOTGR97KeD3q//6NRVisBumaY3FwVsQ4VNUJcfA+VScRJWkN5pEbcvVgJfX/Wgj+ZOtEyl5R7rWU/2ZJN8HudCLtPtZnVZKbH0+Q/8u9RmxpEVrGx+etf9dLHgkDIHcAAAkXULpogq19gvFW1+JPNAbjSypnWu00avhiFkBu6Et2PUrZjrtnOwVSGPLijE0CzW8sJs0NUDsA4rHJHAAAg95ELBxS7DfU1cWf7HqUzz90uyJKn++ibhksLSukvrZUEWEnO07LQC90SWXstfa549b1ims7ePjirAMgogdFRK7lZr+UnhMRpPJWIq0e5h8OCQ/wrM4PJRhb0fDvPV5B5icPsa2zSnICFFPpVBiA+UTs8mOTdQyomQDF/VLJF52JJY4RTmWfoTaeyxXDMHcaVuA0GJgaizLpi1KY6ySjLKB4CItIZrkORd0a6iZwFtjIqTZID8Brqf/brQ9z26b3odcb0OkE77m7by+TUxcl/e/oWUZN5R+TUb0lwfjKDbjoBKgdATXSfyHlGzkFs5YjIZ7PlmbnbOsgVeae3yn9551Yn9TYyr//ohMg7xxQYwDmE7HLj03WMaDmJxD3SyVfdCYWLTK85/qv8JWyenEUZ56R5etKaTzYn1T/y3qWJqD3OwddVJVk8EZvDs6PNrC2qYJoYHb8slqH6kE8Lz53QZGuP7u/N0G+eP9+nVVbflGm1OqnBlHOJf/JVw5QkGbnqmmEv9u8k/OHB5LKX4j+RQdANPjqUoD4v1YbIEDj5Z/HVy/7SIIBLs7YRCwmUMIOec4ojlmIIS/O2CSxCqq3qZ0H9bwBtROgi8aTOgBiGeCOW9fP2wDLjWl9bek7dsw7tXzrmVdnMQDyqVF9zwjTuXJrbdLDT/xyVhUpHzD7+8ugX8yJnU8w/lKbF/fy3xP/SM4nhYf7S/E2mPhH1rXdpzC8csIekehnPgh+kZNejeqX0wHLnQHRIRCnFmrJlyLXVrgno57eKSB3mFWfyqD9f7w4nAYmfVHFvuJDs3CymqHDHVAbFEZyYpN0++UHb+Dru48CNnLrrq3+N0Y+y8733ZSAvq/MqeGF4x8mc0b/P4lcQNf2ME9YfigZYfWEPkH/T0qOgJbxl+tfdKbUsxvkx1WqcBxyp0JL/tIKB33DVdwTDV2X+j/UYISGmX82Jxp/+cP5N2Wtyu9/GdSezFcYXnnEKE71mw+Cv6ook5WbQppDbUAoP8ivWXQIxKmFWvJF2uC2tlzuWfdefv+r2PVALm/ub8Galklbey+gQa1rFoy/YGDTVM5PLq0bLpNzYwdhYF/uVSHLNZivSOeLg5W8PXrO9vRKqPxdD6wUnICZdL2mfJCm/WnJh7EZRvZE9sVU8m+/M8QXd27npf9tIaPIg698EnRxTfk+rFjM8XnrP6ZC/qvT/iI3gGhY5zudT8i9RyVDPeQ/pzmGN9loXlGOOFtAMviV2sOB1MREALHwNHpTWtL9xFkAYq1f/f6tRuPv5DHXejHU3Wt6fKgpgGHSynSvlViJH2NlmGl3hGjYgO9NJ+MuI2sWTZHp8FO23CwhY/fnNFN0xyCD3gsEs1oB+Nz7HpBQ+3JUfqYjl+rIUo4OHCEwGeejukWMVE/RdSifoXG/ZHjl1L6F2VkUZmfR2NbJC68dl+iDuwZaOHTujIDSn3ApHAQ1ol8uX3xVFloSqIFTyUcX4linkTX5bipCtRzMaKK/bJLSviyslnRiMSerN+biibiYnpok0+GnoUNHPBAlVuJn2h0hvT6OfzyO700nl6yd/OW9GznZNoQ5F66l/r/06eeJeUcU929wFGAwmlkcXcTBjl9L+h+unmKz6cMSCl+8Z/HzW1KxCItJ+BG/fuTXEuVve8sRDp07w/5j64npGyQHQaTujXqGE+RLXzhHAQ6i0ueY6cidU35xnpOXzweuS/0X3Ouhny78pQMAfDA/X0Lty1H55ow45b25XIiNKb7/o6+VM+W1SYZXjgrPclgkitfTZxwSfbC3R09L85SCTlY09GpEv1y++Cq2xROogVPJjzNBU6udVVXx90T/8bCFujoPN22vxRNxzeo/u5m0nVGODvZw2SA8TCtcdqlzQqRNnvLaqCkfZ22kRKn/qimWjRczkyRTdGx0Drqkez99xkFO3kSCfFH38mjeRERTvly/4rlFmXJ9a8k/2yDIv3FbDU63mVfNzQxUTFLWn01hll0h30yE0vwYx5pj89J/icH9VV9AQP4XZIPdOksFXJAtvDdYA/y/zz2voN4VKXuHRpsfL8xbKm0Tt3um+xMof8VjRPrfoa6uOamBpXWy7UOjzYprkBxi1TX4I6PY02a3D/vOceWV7/Hzzz5I36EX6T31JpfcdiYm/f8nXxIGQKy7bbI4OXI1TM0TkxLpScSfSU2+VeE15BX7+PT9izi7v5c95kbJo7w3tJqtO/82ZbreNblHGImqW8Te4xVJKXrV9flUw3xW1+bNa6qfOnOwe98pNi4vYeOSpUx5XRgM+nnJDy/dT94aIYKyvpLLp+9awf/8qE0aVCIu7SMBjDaXRI7S/lgWNy02caaiC3N3/sw89DDXUv/bf/8FTRS+ubieYF8jXUO/4LeRFnZEi7nct5j6mmzF/abq5f/RywKYD2ZJesRFayKgWr4WlqBroAWdTkdFUW1K+Uca2+kYGL/u9T8Xpa69PCZ9/8WasRa7n7o+n4xiGATA2Xym+qkzB1qMhfORH9h26V3Tf5kzC33MIqHsX95rTql/+bXLJ/LJnaSfR9u5W1/Nb39t4IZ6YX85X4KayEk++EctXwscOJd8rYFBC5EfvPEyuesNmING6k9WJE55nNDR3WWYl/5HnzHp1Kl/OSZAXP+rF6Y10/diCWCuFL28xi9jEZx3Oj8nfQmmuDWpnDSTmXA8xoD7dEKGIFtfS9Nvn6T/xackTMLQEBQWwn+1FbK4OlcB3Pu/slztGBOIgERWI7HfWWT0UtNwVtiLEuqTPxw6L4Gf1h+uSekAqNP2cmBYqprxbLo+T5WaH1XU9BfSHSAuezOfZFtnFQUFD1CYU4ZOp59Tfhtv0Bu+SlmakxXpediHHIoanlxfIDBxiQxyzx4ZJXNxePZhGoxwrfS/+Xg9m2/9fNLWPNGYysF98yHy0eIHUIP+xCyAGicwl/yn/X/IzV1VrFjyRayla+aUb9DraYkdvi71v/5wzbxR9uoacKqWPyldryIXkgP+1Ex/85V/5uZ2BR5hPvKHF5neVf33+gZxWHQsKzRjMsYU+v+foQuUb7Er9C/W6NX6TUXuk4y+WdneR1KDLjf+C5F/5uZ21h+ukcnPQBium1y+q9BAW1o7S6w5bMkoUci3FMfYdyRA74B/Xvo3eyKSAyCm/EXDLy8DfO2xF9Cq9Q91dSU4AHLDXZyxSaE3OU3wQgx5nnkZDfv+QTLiqaiD5V0J8u4D9T4iE+AtN69IQMiL70VQn1ivl7fXqYF/81mv1U2QrBwg7wxI1Y2gBfZTlzTEdfL/v/XMqxhDNbNFn5onJnn2MeGH62JceviJrF6RJ4sSaEXvDa1mz/FGqrY42N9fxtY5HkCpqF9TRd1z0QFrnWO+8g9VdbKt8zkc6Y9gtzrnlN+4bxSqrqLv2MK5uAGzMcaa3CjHLqRJegRof2z2IVhhL+LZI4IuLWGDRMUZkpWU367+beXbUvbliy18WoA7sT4vRupKw9vJ/Xe2S4N8tHgYhPPsUYAG5yM/lhnlYGUbxrZnWa43zCk/Eg1z5X8noej60/+hBiN3lqceg6plNMQ6bqqoW8AVqCP1Mdk5mFebn5b8Q1WdbEPpBKSS3/2GETZD8HAtYsX0fSsd77j+XU8vZWVNFGva7H3cE1rFS8eaqHifXdFPL/buiwbd26OXtdrpNUCUuQmO2ba1s8eqsyRa8xLkNL7zlQ/QsKGTtEviVFLdnPL7R3W0lcDk4UqO2ePYLJBp9zLiszN5wYT5C23UzFP/6QNKQ58MC6Co12vU4dNMZoqdGxLq8ANTJ6UBQeIoXtEgL8SQq1sJcWlzBojnFVsKxcO09lGj+dWGNxl4bz59+VotfFr7JTvnXPuo95Nv03JGRCdGvDfxfnRbvm6Ji8MivnLXMr72y8u4+4LED5UAkHH/OMHDNjZZnDRtGiJz7woFraUIHhq/bxzXj7cp0PVqQ5sMyKc1xEeOKE9myLVa9xYqXyTS2dZZJQ2YmUu+3zvJf/b+62w0sMXB2LEwlpMrcN19kVUnCzkZdGO52c/Uj3IERW/rl3T89S8JyhdToNdK/+WndrG2tlqKxNX3r0b0q/V/sXkHgJTa1xrgozUHQA3gW4h8Uf+bW+vZf+pP5yU/Gg3zdOsT153+vf9Wp0DXa0WHqVD8WsCwVIZcq3VvofLFDMa2zirNKDfZssfc+J7ov+DXdWxZqUvQ/8TdE6w6Vk1mlZKuV55SV/btk3AOeeudmvBHSy/yY+VZgYXIf9HUSFlVHvmH0xck/+em80R0sbet/7SDHp0a9a8GAQLcOgGVhZYEw9zcRXzz6tQRuBZ979t1AsTtbzUTIJ8FcMvNK5Ia3rn66tXb5orS1VF9MqOv1SqYakhRKrnybgN1G6AhozbyuLk9G7/Rw8nBSb5y1zJODk4yfd6m+PEBTJ8RPL44EzRdtUszwBs6dNxpyiUjfQevnjvN6sUluDzjuDzjVBbXSX+1FpdnXKIAFgF5t29aoQDjyUGFclpgOXXv6sUlrF5cIkwPXID8pZZ6Xjn3KsaJO7jSNTYv+QZdOueP6whmtfLlB2/gly+3sXGokvEpC5bmfDIdfkqNaXS3x7Df5RZ0uTUsPeB0/Wl88e8Wc+j0ABP9Aa6V/i2299E53oU5OCCB7OT3rwbjRT3Dkv4B8nM7uG1znMLsLDav2EymI1eiAJYzAObXbZeOl35YjlwspiiNbZ2YFiB/qaWeE41NpIc2U5A3P/kFtds49sve607/4vrKIgEAJlLHin81yyJTOokCWATkiRTCcsMtgvrktMBy6t7KohiVRTEONRgXJH/xRBFHB3swXrJK1zCX/NCUjtHTpfhLB941/TtsZqrHijAYBPCjqP/2kQCdw2bSrxSg008y0j8tAemyHBYuDU1jIiIZUznATjSsmQ6/ZLxDUzpamqfw66z4PF4J6CeeTwRequXr4xnEmViw/OKpTAYCk6x3li5I/nRzzTXRv78z/FUR/Ge3CgbfFxDew+z6Wr9AuxsMCg6mxSgYV6+Xx+2WWfpdcR9xuxY9r7hPMBgRDPIMza96X/W5tGiAxWODkdnt8Xgcq9XE9HQEm1mHJ6TDYtJhNOoxmw3SsX1DEbpjdqoqhU6QrRuWcLaxFbfbi9vtxZlhV7zkxtbt9kqGVr4t2THiNvlf+bnUhj3Z8eL+4nv5OZPJHR53Sy9RpjPDTlf3yCwGwNyeTahmQhrAIQ6RuLG/UqrttY8I8NCafKvkMcuHXYhjgFMN/1Ev8mE9cwEB50rxq3vY3yn5Z8+e41fnLpL5yUOCh37cQ96J9Qn6AXijpCtBpwUlQg+uOAzlWuo/Lx9Ggl2KCXxadXkxAlcPS0o1sMc8TwZA9QTAay0/PB3g7/7psetO/8nG6qZa5OCvuYB4yaJ4rWzCOylfLA/Yv9DyrujfYjayeI1NcY/qKFxZqkCRGdHKiqg/K/WSihDoWssvL3Bi0OsXJD8jPYuODwlT5boPB8lpWEUkGicYncZutsxb/+mmkYRpgHImQHHbR/0kpM9dQRgaEoYBJYvyF5oJAO2pgwmZAJF/WqfT/F5bgsIxh5oTtw2WCxH/iYs95NhsEg/AQpb3sp//rcpWH/etZ17FCBA/VEJom9AWJ/bfij++/gdG6HvGQiG5bF/lU3zZ7eUxib+8cxDgB1QVZTLG2jlr8uoe8vkA9pLVn+UGe77Uv29H/q/OXcQ4LACdRk4F2dRXTYfswdc9aOVk0E3pQ0FufK6SN+iSdApIPz5xuZb6zzFk0u++H7isqOtrGWr5/WuN600ooajq+er6fmjgPJXFdTP0v/vfEfnxeJxv/vjF61T/s2lerbp+MjBeslS71qS+VLSy9vIYDDIv6t+3I1+ODXg39O/8dQ6LsWlyHIj6lyV5FcZS7KtPhsAXPyt5F0UyLoV3Sn7PsHvB8k1GwQCajllYO5gDMwa/PN/JicvxBem/r03JBWDKnlBMAyxdNIFrQmnIxTp7Msy8Vi3e5QpSKPMBpPdBoT6fmeJcqBAwJ5qm5234fhWukd5HAqNsVm1/q73/qQB879byVmWLxxlF8E3HASQvXBzF2b99RPigZCxo3YNI7709yrpU56ALe3mM8c5Kzg2dTmqE5bS9amR/qmPmA/KTSGRSOAELlR9mmgtdp8k251GUpaQ4vmliMfZ8M9Ho2AxRzMwDYbAauCw8wFotEue5uT2b/n5lS9e11n9ppw9vMDzrhKmMsBpgJ+5Xq8HRXyk7RnS+UmUCugZaWLGkUwnMvAbyO/qv0DXQQnlBDb5AEON1rP/uhlwJpKdlhOWMbRVFqcF6C8kAzBrzsZROwNuW3/Dufv/97fm4TRH0emXLnZYTkyzKFve9NDSNTba/+PfkqWls8UBCnV4L7Hc9yHd5wRQ0UB8qpospxf4rdR7CjfPXvxjtazEAis7AcLa4Lij8DQmZgtVMkJlpkSJu+SIaeLnR14rIZ7yABRsxuWF/O8vVjjH+ry66D/3UFhepIsVUnEghCUgc0mIdVP3AAyTqSzkIZn9/WQKlb7IBPXLw3lyRe6pFPQ/gWsm/Mt5I7uo3aDlYxv5DHozDg+QV+zCGwphMEapVvbsg8KKDwGkOszznoZoJCkpsuF4qJPOjQ6TXKbddK/0fHavmnptXYjIaE0CTcrY9+SJfnwrNn6wEoC7BJANtLlR+JBJgPO0fyAr8NV/9xlcxDA9c9/oX27qSgcPUnP2pePrnu6jnAVwr+d4ePXV/6KDlvzxS9H+96l+dQl8IuFKddk91rndbvsmmJxaM4/GbiMehpszC0Jg7QX4kGmNk0scRz+S89B973aIrXTQhAf5E1j+5YyB3CNTL8svE3yvD/VaWSGCUzSvKFSUA+TLu9///0tCr71NyAO593hGXp4MsG708snMNT79yDvfwjNfYnU+oYoTK99nxPVUHMZ3iASN+AcuL8wmYCpg2ZhHXGVNekNwAJ4vC5zsLQG5A5rvMJT8eCfKR7cLAivPdBziQ9zy6uI51R6oRqQLiMeHHGTRYaeuK4jA6Cd1zmcBxAYRRcl+A8Y6opEcQELvjHVEpFQdwLfXvNxezdMm6pBiG+WRZ1DX8+dT9YZYoSGsewELlr6yuoKZ0KeailVw490NecX73d0L/AVMBo90X5vz+yQ2wur9/ITgCdTvhfJf5yBfT0t4ePWdubn9P9R8uH6FqtRPPM4sl/S+tdOGfjkj6V89CSBVJJzO4Ipe/yNevrvdrGed3Qv6ibANpZqN0Drn+teSbIwH6R3KJ3H0F38n0eetfPQxIzQeQbBEdgtYTzrjcoFaWCIA6z6QXR5YSjNY3EX/PDaHaAQD4Xbr+a33/xvGOKKGKEemLkVNt4PmW8wRP2aHCj7k7H8tGLzRn4/12BbqYDuMXLwszvPeuoKJoTHj4lRRwbCCHpTV5Kevq569eJaYzKoyu1r67952aSdF3pjyf3PCrBwml2jfVftFImO9c/heavu9hdW0eJl2QrjYvlVvsjEY+jMHZQcNVF+8v66WqKJOzbZNk/e0o09+swv7KMgIlneAzSD808Yf3qbp6nn7lHDnVwjbx/2up/xvWVGjW0yuL64hGI5y9cppVtetIM5sTjLu8R392DkPLnIN9gASiIC354jHJWAcl+fE4e67sYXHHBnIzjjHlHqErdP3r/40zUSqKLswrypMbXa19DzUYhXLD4FjK88nPqW5Jm498Yb/EfX+uu0r33tnzdR0X9C+Xdcv6yLuqf/cPlfpv/eVytq6K0DU0lcDPAMCgMpsR9sHYlB+HzczAmFczOyJG9peGwBYPzDhBMU0uAPn+85GfLNpXyx+b8vOqqY/l/bms3OAgGonQddxL9UaHpvyW3kmGHhgj+lQ6tt8sxbcA/f8HRxWTAJMZftFJEAGCSQOy/pHf6WjaMyl8L0TjL/4/FU9/T65nSWnxTAm0hVDcce1LAOsfFlI4IjUkwHhHFNdLhei3dlC1xUHHwQD5jQLNpuvui+TW6ul7xkLpQ0EiTy6jomgMdzyHksWrUhrq0vwavnLsD3mw5E9Js6TT2N6l2D9Zb3+ySF2dxk9GK6yOOFOlos81X+GY7qd88dOb+Y/HMiWU6bqCFtpvHaTs1C7W1VZL11etu8jgp0YYbY+yZaictrNOQvooY6vP4Sy0KbxvZ4GNR3au4fmWWYrczuMerqX+P3Tn72O15ygidNHQTo9c5W8PfIIHSx6muLCanMU3vaV0vjrbkmzEr1b3gLydT1w/MdSMPbMEvd5Aa+tZnr305zzyidW89oNKrva6iMfjCv1/dNtOAB7//nPXlf4nh3RJp/GJhuAn4x180LdIM6JM1tufLFJXp/GT0fqq0/pa9Wy5YTpf1ccXP72Z//zj2brsqno37bcOkvNCjnTMoQYj5YXj75n+qz4dJveFXPT6uCJbIpLxqMF0JmecvdF27vDWSFMy5xrJnOyzUU9RnI98rcxAekmMaEjIpkyP6wlHouyzX+EvPrmJI0/6MRkFwF9eTYSm4iGWnitVyO8YcDH4iVFc7XFu81fScMyKPxqbt/7TDnp0chCg+F49IljuCMhLA60nnPEnPn+PNElvrlG47/VSX1sqXetj3/pZQgZAa5n2K/kx0mxONtgqpf/fHDsvrU91jNa6ZPuK67/xbzu4esVPd28BZ08fZXJsZF7nSLYtzeZU3K/kAMg9xc7jHukvQF6dFZ5dTs/6M9JsaXlNrnswl5Wr7mLVWl3K+r3X6+P7+kdmIgof280PUF+zKGUqWG3wFYx8qnp/slG0Wp0Dckfjx53/zkP3LebNZyvIm77M2Zs7hAfqmV2zjkY8zs2Ffbh190htjk1t7Yy3HOaj38jiX7/Yz/vLi+iITtFzKZvR9Wel6EX+IxR1LD7otLa9Vf1veZ+T/OxiTd2bi+uZnhrmW6N3Cg/ShjQerP58QjQuJ/uZi6ZZrse5SjXJEP6l+dU8efILPHRfLW8+W56g//L8XF4+1kwsGlPo/+6bbucXR/ZdN/qX19FTpe0PVXVK3/913eWaaX61IZLLUaeY5fV+dbpZfr5kMgCOOAd46L7FvPrVfiGin9F/9gvZivu7oT5C36gSwR6O6t4T/W+2OinOcdA/5knIpMjvVU5u5Mwy0vmBYUn/t03W4UxPSzDO8mg+mRFXOwDzka/eRzy3qP+L33Ez6vIz+FHhmba1rYJAvyGl/I4BFx/+h2x+/DejrCzJwR0L0XDROm/9F3f7derIX238kzkDBdnwxj5nfNfOjdTXlvLYt34mGZe5lrgxji6ie9cdgBMXexAdFtHg79q5kb7eIc0SgDrtv0aXztZyK7tCJmndo0NuOhhRZA3kx2bofNI29TqtfcUMxMikm3vuWUR3bwGTA2MJmQD1OeZz/khgVHG/RrG+WbXFQf8LVjoZkb4cYlrujppF7APKz6wncgY2yXpMAcplkUgqQzA0eoXODg9ffvAGnuc8uoZYyrRyqmhe3L56UZWSzjZFulq+TbFfJzzfcp4dpem42mdSYSeDfLiuSpLT2NbJ4VYdNfof4OSzNDXEcY8cojg3g+82N1NlKuFca4gpbw5xe0iqwXUe9xN7sxpLmXfmf4/0gAuesmPGfs3077RnJo24GWihomgx3Sf8/O1nNvM85zF4bLMGXEP/H75NcIDiQHfH2aSpfXmHQCr54vHylsFJt/Cwe76liR2lNoX+P7VhAzm5FSxfupHDJ17n8IVZ/f/i5ebrTv9zGX9vj57OodnvP91J9kkCBhPazTIVxqSqSMk/kKrtT75NsZ9r5vu/dQuu9hFJ/+skpLog4+j52a4BUWZxrvM90X9GuoW+MTdpRQY8XZkU58VmOxsGxyTHauUmp6TTHIuds6d6+bMH1vM85xl/ISA5AGItfXTms1Qbf7WhV/MByJ2HZPLlMwEEuuAY3h4dlphQ9liRsZLpERMwiu9MlIDPMA/5GXzvcjObixZL8hei/2GTP7G2jxIPQPaE1A6obhmUR9VPfP4eKaq+5qnqmefQ212e+Pw9nG/t445b1yeN+FMZf8uGGt483c6bBNhaLmBXtpZboSefjknBCRCNsdyYi+eUr5P/FdcXlSyW5I1MuvnZz9qANqpLZu1VsnOk2iauH1fdq6HgNt/jYn3obKCHaV8Yc3c+fqOLWNjIIzvX8MLRqxSNx8nO8JFpF8AumQ4/2+yVeG51U9ahIy19DcODYLGPSyx8ImOfaFj0xjQ2ZG3lmwd+RFZZGvXeaVpblmGxj0vMcWLUKR8LK75Epjk5Sx8II2SHJlwUZmclyIVZxkD5dcVnOLd/ceRVNudNc+ByJw3udoJb/QyfDLLRcH/CaGB0IcyZlXj6fs6075yAuo3AmcE+fBdLKMnz4cz0kWGeZmzSTDh9mvjlLG74syj9TXHGPZOYu/OJZvqIhY1E+s3Sw++a6H9kCr15nLhvDMzpmNLSpfG7Ls84U94Jbsjfzjde201WWRr5Pd2Y0pZzvqMTi0nYR9T/5hWbSctfgtGahdGahYNoQs3e4ChQnF98OYhKrH/q7eI2kQnwzaZTrMvyJ+h/i+kzrFq/E4uzmDRHPpUZVPoDQgAAIABJREFUNiz2NELGzOtS/1NeG12DeoptcYmFT2Tsk0fcy6OFfO/CabLK0tiYVshrh02KMb+ioRBHysrH+KbHrIpRsuIiHyOrlguzjIFa13XhpJub64oT9L+0szhhVG2ciYRo9r3Q/8BoJiaTl+qiLM7v6Cbrkp6WrnQiMT1mo5HRyXTFZwFQttzMyg3l1NuK+YfXDkv6P3wMygp0ZDks+Dxeid2x2BaXDK+ajU++TnQWREZHkc0xmfzcnEzO7u+VPovOwSnq03Np7BvmYqwLy04fI0eibAvUoNfr5pSv0+mYdoXInXYw6Q0SjuopynTPW/9mg++r8s/UFxAifoM1gKs/G2e2UJYJIPwvHxzkC8B4X9rjOdkO3G4vz/3qBDk2GwX5WXgjNvSmdOmVZYaC/CwynelkOtMZzzSy8l8yyb/Lzlcffx8f/KMaNt1RTOcbQT6jC/P891/kkXvu42O1pezy+FnsG8MdN5JvMWPNz5bOY4jGsZlMGHaOY+xy8KPKVdybXcS92UXs84/jTEtTyP35a2dYtriEs42t9I1MAbBscQlut5e+kSkM0bim8f/Kl6voCRZy9vRRRvEyipezUy6CUxZ6poSsXCRLh2fSSygYIhQMKQxwmtWcgC8AsNuKMJsclC+pI6+kDKvDNvvS2chy5pLlzKWjv4XJGdZbEzrFObRkiud1ucMEvVPSepfHp7zfJR+yPT7c7KNxcFxAhfaFCF8sIC1uwm900WN1YT9toy0YwvgJD7GrBgIuJ5kOPy5vkFWjJVz6SA9ji95kfWyIlivLGB5E4QzIjfjoxBAt/oukF8U43TJCfXyMzoGltLSOMTwIq5fPGl21IyE4ARHOXbnM4MgQRfkFUi1+aNwPuhBDEy4spqimEyC+RI+ye6CFoQkXPU2XKPFmMeB0kVWWxvKh+xTlBNGB2LxiMy097aRlVxGa6MTlDVK9Ko1Qj57QVAbpdj8dG0aJvy9IVpcZf34IY0mIj29YxtHDE0QzffzNo6tpHBzHPezHMJVOel2ca6X/+oCg/64uH22XuigsMWCxZWF0FpFTvJyc4uWgM9E4+DrWwginW0YoGJ4kYCpgaMLF0IRLum8tQx4aOC8Y7kiYgd4W7M4swoMXEzoxLKZowrGifHGdmBnoHRnT1P+qmkqyTCbFOYrM0etW//obRrkjL4PfHjTRNahXGAC5EQ9N6eizTUvf//cX5HCowUhrs4GuQT1ras2z2ROVwZY7AaLBF2vxU14bcSZweYOkx6yaToD4kjslLm+QoV6/Qv/lb+YrjJt43WXLzYz0zxKwvFf6X5RjJxgKzui/mEsf6UV/wxg7MnO5eFFovxT1KKfXNViDDLUEGCVOWnmY0y0jbM/Nk+4xPWYlzoT02YoGt2y5OcEREyl5y5abJeeu6apdKsckk999zsOloWkutwoOVVVRJumlMWqMWVwMjpLjtFJ6Lge3b3re8h3DQjlqcGqa4W19C9K/3AEoyBaMenFJQPrb15ZNgAAF2eCesGKwCtt8gRmgX1/a43KDEgiHGR4eJByYlF56XZRAOIzL45NesaU2CtcaaDxo5qWnu9j74gCHG8dwXx5jgy5GZXUJ3hEhQp9u66AkK58c9xCDwSiNbj8ujxeXx0cgHMawc5zYb3L59Tf/mrwnbZgz1uM70crdznxenBpidNJN5JZBvBf0hKNRhQFUOwBa13/ztm1EQy4OvN7EX32pnqNvDEt/P/ulan7+Rjv52Lk80U8gHFa85PcsXxeKRvEFp6lesgSrQ7tFz+qwEfQIGRrREQiH9RQWlGI2OegbGcAXnMbtD0jndjgKycrIZ/WmKIWlcZou9EnbXR5fwv0aRXCIUCcSLqTmL0fpf8GKuTufiQIvwYkYoYoRuo6BMWAhS1573hRi635hlrsXKCt7kUWLSmk6MsSFxg8Si5mA2fRwXdUqfj/t//Gt44+RFjMy7PFgKNSmDhYNizy9XFEsyDKtfJ1/fuEJtqU9kIABEBHsaoCaVqmhMucsXl8m9vI49vHPwpnE9kO5/Ltvup29R16V0nketw67N42xuJ7LMT/6U3Ye2LmYp7uFNqYvP3jDDOjGKnuPrE3nndP/wZfD6HTnWbFKJ6Xf7bEAf7biMb52/M9IixnxRXVJ6/xaqXuASMhHuPBbfGPvAB8u/hQmo0HKHIj6Fih+X00ACKopg7X0f9OqtWRn5GvKv+f9dn722ovXrf7vuDMk6V8a0MMsOtxeHuMDPRW8dLxJ+v5XFEVTYgHk6XuRfa7q/gz++YVjrOstAZTDbDoHXRICPRUuQGDAy8Dbo8NeHid+shK6E9sP5fJXbnJKg2reK/0vtkOVQ7zGOFv31xIIx/AYddx2a4jS8hramyboHoTymJ7uYZeU7fDrrGwrLOLlI5fEwXvS/YlMinKdiSN8xaWlVajbbP/LCg7ua5PWXxqapqLIldBVIS/piPKXF6bRGReJkyIz8uF+wwqaX/HOS776M7rQP02bzrtg/bteSpwAKLIAqhc5ODAZL4DRmofROgvW3lKbTmVpAWadjrbBKTIyrZjNwu/i2Sev8p3/WEpnnZvDxf14/1XPhp0b6Wztw/3Kfpw7d+B+RWAUbWoXumsMOh3vTzfjvGkl+w7MDqTaXroRy4GTxA6ABYFV8rmZ75P9Ljex3+Ryx/bVvPjKqZQlAvn1b9lYT0XZMIuXevinvxc+67Wr1wHnE/5eYogbb75VcKRsHroPz4L1DNXC51RaVsi+w+dZt+EGAHbc5gE8M+eYXRoaz8rW1SrWg5y5q549u6cZGZ/AGxRKqbfdkUF3by7dveI+bezaKeDmxLq/Ioubszz8ePxyFoapdPxGl9Bza5um4MYonouCF25wpWOYShdSR84A6QPFilSZPC15cNNVThu6ONXXw8ceiHD+tdO4p1bQ0jomZQQa2zpYlxaiLlBIMHtLUgMkRuzyLIAOHeMTffw88gsqcjOxji6mMCddgRcozM6iMDuLV09cpfFqP+hCNHe3SWlucYDQcFcmRk+zVO8LBLewenkW5UW1EkpYvI6ugRbp2KEJF7bwIKEpHW+cMDHpEXSR9cAwvhYTB7ua+ct7N9I4OE7QGKDzagBjSYi22KgEfBLTnq8d7eCd1H/TbwX9t7aNYYxdntH/VVYZg9QFCilddieLypZJQ3fkr5zi5TiI0jXQIkX0oYHz+Cd6eM69mywHBDuLGRibkD5DebmmMDuLWDxOU3sX/uAU/vE2SYdXuvsw+MrRuZT6X7Myl/LlH8CYUaQpf7j7DD3DQ78T+n/kLysZvuDmQquF1maDlBHoHHSxpaiEukAhoxOBpP3+8qyBPHIPTenYn3WZitxM9C1GaZiNPF2f5bDQdNVO16BeGlKTHrNKWQUxYi22xSX9i2ll9bWI5QnxWHm54b3Q/9r8fOL+2ZLGpaFpQn4fWQ4rh7depSm9j1N9vXz6c9U0HvCR60inIFsok9QWCVH62vJcKl0F0menvjd5rf7Z/w4w0NHF5fMjQnYlM8ZvrFcw28xYL9u4MhxKIAISHTHxsxDLNKL8suVmxXcnNKUj6tXPS76YVZDfv346gnmXa8H6P/1G71fFgT9262xkL0b5BmtA+h9m/xf3VWcA9KZ0zAY9mUa4ZWUR6WYroUCU4+d6mZoMsG1xPn3D44yMT3FTVQX7i9v4xZlpxr42xuaiLEbdHkLTITL6usga9822J04KBrXKCJ3BGAe6R/j1N/+a91928eHRSlYR5p6zp7glYGdq2M9z2DjQJxh73SI/t0xvY8jfT9/IVMoMgN402+5XVlLAH/3xWlas+hM+/Xuf4IN3WHni3lfIx87hPW3ceE8hK1ZW8OKeRn6y5/d4+qlf8tS3dvDLf27iqUInt9vTeNU7jT4rTmlZIc1t09zy/iz+6I/X8vRTv+SRR+6gqFAAbT/5ZCvW9C6KCosV6264Qejo+ptHj/HAg5soKixmcGiQ/b91UF0TYvlqI92tZv7wkRIGOzKZjuczOTBG0OPncvM5CtKzKC7OEDBiGXYut/UrSwDFG3ncMJVOyX0BqS5kLAnx0ObVnA30kGYXfoTlO/VklaUxdsaAY0rwkAZMfejjJkxECEyHabqrm5Ln8lk1WsKGgnz2GVoI1Xro/dUY6dYmJieXM+Trwj3ST5bDw7hxg2S41Sl7tSMgGuBMRy6T7lF+0/QazsI0nKNLNNP1MDsh8NUTVynMSWdowkV+RiY6vY5zzVfQhXPJr7zEhZNushwWAvGlFBbpyHLmJnVGMh25NHe34R9rp9MV4/LwGJkmAZU50hjDdouL+OUsuor6CUzGiTgjBCbj5FQb6DzuYdoXxllg46HNq3n6lXNM+8K8G/q3WWb1PznYI+l/+84/VqTlo57hhKl9ohEeHxAciPa+bt5sOYKzMI304Vpu27iVkuW3K5wHB0IZZso7ztXeSYIhP0MTLmIxGHd7mA56iQSyE/RfVZlORmFdUvkZ9mw6Bnp/p/QfOpVDVWWQxitmqY6emWumq8sjGQ11yj6ZARYdgqODPTgL00hrSdNM18PshMCmq3ZFWls0TlNeGys2RST9i9u1rkWegh7pnyYai71n+p+6kEM0piesD6FDR8jvw5lupuGDnQn6Dyz2MHokl7o1UdJjVkU2RLwXMZ3u8gYxGHWULBXS98/+d4DWZgGIN+W1YXbGybcbGR4OcG5iEGeRGetVC9HpYMJn0NI8JTlj9vIYOmuUqE+PxWwkvSyGTqctX3QOUslvaZ5S4DO8bi/RWCadx+ML1r9+KPxVXwBc/bOpftHYy9+rywS+gPC+56rSATCl2ck2wmdvrSXfkcbNmzPYsn0VN9Sa2L6xgDcuTGE0peENBnC7vRz4wRg3tHj4vDXKJbeJkpWl2GwWSgZHKMwukKL/A0EdnRHhdcpo55mSOuxb6hJS/r/Xd5G7nfk81XcuwUH4r66OOUsAogOwvsaKZ8zD2YtR1q4eJeATOIw/8sYI3mw9PVMR/vQJIeKPRb2EomMU5DkIRcdofcOHN1vPf/X7GEufZsnSEvYdPk+WM5fz5118+J5a7v3YGgA+fu8Pufdja7jhhhzJ8P/No8fYcXuZZPwBdtxeJjkF1TUhqmuEev+e3dPc+6AAZL3cGJVKBgCTnnFqypzSdEPxHhX3K7aE9L9g5ZGdayi5L4B72M/zLed5ZOcagqfskrc43hEld1K4kNgHOsjf5WZ0IJ2u4WwO5XbRcyCIXyf8yLz9OjqPe9DPRNKdXRYmRp6DiSs0FOxHN2VC565UpOfD4TBTrpGENLS61exCp9Br6tFNp+z3ryyuo7K4js/s3ICOGG+Gf8xPC75BU0McvX8JFVUvcqJhjKUb7UlbBNXL3iOvUqLr52qvldHBdKzWNPpjA0K7EvnkVBsIVYzQ/4JVItxwD/vpPO7BWSBESjnVBp5+5Zyk2/dS//F4TNaqtxJjwVIFgr/1zB5JHxc6uhl3TzM04VHoP6gzKNr75J0AlcV17LrlJkn/R5Z8j6mBPKLuRZr69we99LUcIh4OJMiP62y8dvro76z+S4qmcGQXcXZxD7opk9ReN1fngHoOgFhaSPb9l5cL7OUxqXWwqWKIN29tnSEZyuXOu0Oa3/9krW9iGrt7MPc91X8obKKjvpumtV2cumimazib3zjbk+rf54WRVj1uf5hBN+yeuKjQq5hSX1SVQd1KB95eHRdOuiXehYqiMbatjQip+0EX0Wi6pH/v9LQi8vf26BUTFsXPovmcl0PZXby5vZXJDr0kP0YcdGJHR6aE8E8lv7wgkyONOqb00BUK0joVY3hC/5b0L6b6SxfNgvvUbIDqckBBtpIyWL44DWDW61i2wsqWO1eSUSlwXoh/d+3IY1leOkW5M62zk/Dvdy5FpwNvr4uxzn76Ric5ENTR1H5BMv77Pl7McwjPmRhR9DqdkPJ/uB/LgZOKlP/v9V3kh6XCxL/KI6vJf1Roff5h6QpsaeY5OwXu3iYElHVLcui7fJknn2zlySdbaWg8y6NDbt7sCVB3j52GxrM0NJ6l5WdeXv77Ebp7C3j570ek7gCAggKTNHhn9aYot92Rwd88ekw6VnQCxBfAPz71voSSwE/+9w0aGs/OlA1mF9H4/9Pfn6ejv4WO/lnbtW7DDZzvGEl5rwZbcejx8p16PBeF1NHDOzbQODjOcLOPXquLsG0aW5aeQ6cHcI8GmGhKI+h0Y17iwz0YIGuJngnzKHkXlrEzL4eAz8eAT4fX42Mw00V2iYUtkQyiaWOcK+3kk39QQa9+isLuDNINzfQN5hI3DJJmMDI23opu/auEetOxWvKlyNuW5iQeDvLawSFaWsfQhbLIHehkyBOhwFjH8ORsB8C4axS3b0KRVTh87jRHIs9TuN5M8U/yKHJ2YjZ2EXSbOZbeTrvdg73XQVn+JG1d5QwPoihZiBmIp37yCkWm5fT3HYDNLrx9aRT92QDTvQZcxT1Es4KEjNNM+8JEM334j2biN7okEg4R5BT7/9h78/C4zvLu/zOrZqSZ0b6N9l3xvtshi002EpMEJ4GSQqApTegLtEBKya+8LS9JgS4sL29ZSpsATWkCgQTipMaErHbsxEtsWZZly1pHo220zEizazTr74/ROTpzNCONJMcORee65pLmPOd5vue+dXTu/X5Capy/KiG6YQjnUJAryf/ui36ycyEzq4Bw0Me4/q9ROerR6AvEMEBeSTMqnwNLlxqXQ4UimJPA/yHbIKW6KJrCBlQqDQqFklg0gtpQhEJr4NBbv+Hl6SfS5v+Q1UfH2W5ySpVodUYqzM34/U5+/N+H/0fxv7YsxqEWdUIVQM2HjdheCyUk/glW/Uuva0SLcG1Ey6gnTL4nI8ElL3XxC2t0XnRxpmpY5P+mRi0VZRnz+N87mC0mEkpDBsK9CVZtjinwe8f/AfckRwt6uO/P6xgKuZlpISG7HiAWVlD3ESOO0yHRIyKEVzLNUUKeeLXAwKiPap+JUU+YomkdDmec/wNjLiY9iWt2XnShDWo5XGgR+e/xz1n8neYJHI3TFI1no1UrMVbF3ftyfMHtn2vUYR11orrGSfdJPdEPDzLVq1g2/yPjPCoV8GOTiVa/NONfHhpIFgIoMRr5490NFBZp0OXEJ7v6ezhzdJiJ8TAT43Fl9OUT/Vy1thxH+yjXGYsYmxqn3aNkzbpiNIV5hPrHsITBElawv9bE1vvAciCAuaYEu9vNPlMR2cVZDLRNiC7/j+HneXdc4O0zFZHvnyJ20IPaMixeY3EP01BTktIDcPfN60R3OYDZnM1wr42Ay8mIvZhd6gADrjA+QwV9vRn09WYQHpni2ko9fR3j2LNmsNtjYmWAMnfWmxbUcqpthI6OSaY8DooLjfzosQ7uvrueTMNV6BWZTHkcojfBNmoTPwD5hXN9B7o7/EzaQ0zaQ/zosQ7ePDJGcVYuJXn5TPk8ogc74PEz5XGwdUMdpmxDUg+AqumOzEf0uUr0BVEC502ccg1SUB9/UHIrMpieimfpzvhCEIP6e2Pk7QgxdtEHMfiTDzVSciELRWyKcz1GfJ/ux/tiGblGP1prHdaQlauixbya3UnN1UasNiej1iDVrjx6QhN0TlgYnvFjtxaRU2TnZ+Hf8XL/W2yNrUWflQ/E+O1vz/C047s0h4YxqS9SUNlN53VD2EenqQvcSWt/J2e6R+jf/hTBC2U8O/F9TjrewGfNoKs9SnboMDNXexg+6aPEnY3TG8Dt8eL2eCkyZvFnH6vg565unMem2bSlj9y8LowqL129ZlEZGLNBWUkbxdpB3nt7OZXkcijnJJ++fhun/QMo+kzoNvkInDSQ1RQjdiEXZVaMUKafHHMmOaUqHF1RQuEwM54QeWunKd2qJxJScyX53z7cSddYN7a2aYymYf7D8yQHzv+K67L2oDUUEBxp4+Czv+WnI9+kKZic/2csF3nzXBdnq7/KyMsu/v3sp3ix/d9xn3dz8W0HOv8ry+L/hY5shvq9XOwYYXgo9D+S/25VCKehmHOHIlSXRnk+t53WiIOagQJRgB/Yr6W9sp/r8w3Ul8VYs10p8n+mo4aprBp6PTlM3nGGmeNKDhf2cVE9gdF/M2++PMm6el1a/C8YgZ3XZVNSkcXJt7MSlAGnN4DVVsCOjUW/9/wP9ClYpyom16jDE4oQLtSSWxDG2ufldXM37ZFJGlz5YuxeXRTlRaeNdSUGQm4FW99bxJmtfdhHpykLNrNmM7x0oYTQvZ0YL2TRkTtOcYmG7FwV48Mz5Joymb7ay8gJH5s1ZRTmZIprl2Lkwx8v5qeOLoJnlVRU60SFT7hGGrIIuhTcdFcDzcYiXtYfXzH/s8eCjwpCP5m7XxgrzouHCVT6xDCBXAHINxhYW5nHxHgYk9bDjHOSC+3T8yzPC4OTlJTlMNk+SmE4biGvM0U55IzhV4TwZRso2daIXatkeIuW0X4V0+d9rCs1Upxv4LH+Pt47Pee52kiIPx1qZ0NDCWOT3gUVhIUUAJNOhSnbwNDgqOg212qjaLVRbP1j2O3x/8lR1yjRaR8Bl5OwQcnIyGwJXoWSiWAQZV4GYYOS2roi3G4vBoMKgzaHPIOJKZ+Hjo64kdrRMYlekUnfcCd33x33kgjCPdUH4Ne/7qGjY5Kt269Br8hkyDHE1dtqiAbU9NksohIw5XHQUF2cOgegYG3oEf+bOUSKAgQ1HmK92QRiQaYDIWpPlHLxiIb8XVHM63U4h4LkVWYw2RchdiEX7HnMnPPhmb2pzY1aDvUPkrUrTN6Qhp27NZyfnmANFfje48ZyzIN/WMkNk/HdoK77i2IumvvoGOlm/cw0YxPb2KXQM1jfx7Hhs5RPV3DkyBR5qt/QoR7gtnsqeemXEPO7ed9NNdQ4csnOOY8ufAsdhf/OJ7ZsZqxlB3/8wDSuAzdRWWHBlN3K9FSIqVIvta0lrNtu4vobGlHp4y+2jWuy6XwryAf3lvJyaJDq4QJU+ghj1gmck29jNlnIVHZQWHUend/IL2beIqtHg2ssgLYvgxPmfh7ctYk3D0/GE5ZcWajLggSNLpxHctilzmOy1M94j4+yLTp8R7LJXqPA5Zomu1TLeGdcU7/S/F877WdgoFbk/+GLr2C263jjDTs5ilX+v9P8vzG3grfOKrh+OpeJ7Q56oiHKrEZeel3Dni3hlPxvuipM9+kAjvWH+MSWzbzxvJ7P/W0l539YwLp10zQ0TS+L/yZlgOmZsGjNlq/RUl2Q/T+C/+9xVRGLxai/L5NDRZ0c7bFSZy9n2Btl60QxY9sd9ERCmO16fNNKtCEFbUor2xrLaXnTy5Rtjv+FRQHCITiW8Raf2LKZw/t1/NmXS7C3xAiPK8kr0BGJhXEUetnYWYlRn9h5MK9SgeXtEHfdWsKLwTj/NaYY01MxrGOuhN4O/pFMfhO6QJZFzTMvzLBLbeRQQc+K+K+2Bh91DueJpX+hybnfpQqBYPWHJuO5AqHJPKLTepyOaIICcMP1a/jd0T7WV+cnWPzS42eHuqmoLiDLoCV/fQlvvDXORzevZWxqnD4MxLLVVFWXikKrpX2UyEiQT25fiynbgCnbQENNCd8628bz7nHxs/eGTQljyRQE/0xwwRyAXVubGBocpbyiRMQSPmZzNmOBAGGDkvUbSigoyBQ/wvnauiLM5mzxvECDKdsgnosG1OQZTOKnz2YRlYF0PwC1ZU1izF8Q9ML6fTYLUx4HGkUFdVVzIYl5CkB1cdEjgUEDeCFk8hIx+KErF2NjjI43tFxfk8HYxSwURQF87hmiITWZ4RgTJ7MoDpSSqw2IjVEq1mrRdeg5Hxvm9jWVNDVWYQ5o0RjD9Oc6cQ4Fqbc2odXMcPGWQc45xjC0mlg3VoSpKIIh3MWw40YUb7uY2T1I7M3t5Kv/O95IYSiDltoBlDscnHXamMzyUuGOxw8Hu44zkuNkNM/NmdHfMah3Utozgz4coK/byVt5fRjqVdy3aQcOhwuHw8W5E26xpMk3FeLUy35Ut/m4KpyLz1vAqRvPo307B++0X6yt/rW5lb++aS3njrhxuKZRKmDi5Uqef2GQxnuCTDqmieT4iF3Ixddh5NqKDN4aCfKlh9bwRusg0ZAa7/E8Svf68R3JxuGNN+Z4d/J/gOjRbav8v4z8r81XcKhFTfFACTO7B+l7tliM3y/E/xnXlMj/YfoZ1Dtpmshd5f8C/O+4ZZDznnGR/5n5USLuIKXNGkJHK/BeM8DAc6WUFU6jVinRDeto3zRIaJOXs1Nz/LdalJw6Dh7zWAL/zZ159I86mXIGOGbsJ6teyRZ9MR0XnFSs1Yphms6LLtz2RP7nZpt5cdMZ1K15+Hw+kf/PlbXz+fddRdcJP3qth66BbELHClbE/8g4j5rLpsV4v+DaF1oAm8umMejnrP/odLwXgEo/HVcUhnMfOd3RHxee6yrj1q5JzdsXJ2izODjXP8m5/knarZN0DE1xcWSKTIMahSKIx+PD7fYSHvCKXoCW0RDqQj0en1+0wGvVGdSqMxKS2dxuL8X5hoSPfOyx/r4EBWFDQwnlRdm89NaFuLciM5NMjQb5/QPzsOTegHTPL7SG8CGoxaDVz/v4QgG2br8G28ggxVm588aHHENMeRxigyC9KiauL6yp1wSJRqZFbDn9ivfcURQru3ea4af16HZ4CZw0iC0jDcWZRF4pYq0JjvSGyDAoUe4YxP+amapMSc95ZYwYMaqLJ1m/0ySWr0j7YJ+q6mebtZr1O02cOjqN9ZphFMDGC6XklhjIzoXxrhB2l598k562D1hZ21ZC7rgJi83J4GQu45taKdkcT8BxnQ5yX8E2Wi9Ow0yYk5XnKN1kQKePJ//c4V2HzRGvqR13+jlc1MU269wGDtIWnaX5Bk516HDcfp7ylxvIz1fxRvEZzJVFfCBSgm9QyUvmXj77vnr++d/7MfSUoQrEY3wVJXYGRwsYDo9QcI8zvosZUJvA8zAfAAAgAElEQVShoqVdyZ98O5vftfQn9OMWNj4RtkFd5f8q/1f5f+X5b+8O0dGvpLEyIuG/EYvNlZL/Zzr8DAyFGdvWnsD/D85sRKGIl3yGwlmcr+3gzsA6BsbdCcmB5064qS7JpqVTzdDNFyh/uYGCAiWHi1rZ1ljLdp8B36CSw8X9/PneGgn/MygrmkKljDKwAv5nacYV0p3+pDX+wuZAQg8Aae2/MOYe0l6SPXLLR8LcWxbm6WE1QyV6UATFjdj+UI9pomIL4L7hTvTIknOjid4klDNLxlDrdniBeOYoJ+P7Ajj64q6LwloVfNLB6ZNeYt1mZjxRdDGoyjTTOz5NXVH8H3ikqIusYhWM53DuhJu2k+dQxOaapYxph9lB9WyGK1wstpGpUKCOKCipyeb1l5TYr29hq6uSGAo8/hCe12P4o+C0OXmjJ0RVlooto++h5cxbxBQx8pSZTI35Wbsxyg+enKRqZBtsuihuIGIw5oDDi8s3w0udXu7Wr+OkTcdVjVP4PRGxFKo038Dx9vjLbPt5M11+Lb4ZWOuu4jxWYgU1RKIBchvhXw91s2mqkNb6YXxdGZiD5QyOFszywoymxIW7ahxTcSYXx/yYd2RyyukWe57rdnjj5TiMM/x0PMlxlf+r/F/l/7uE/85K8nIUePwqCf9dC/J/3aYoh9unqDo+x3+dSo2xKgbEqIpl8/OTdj5QsIYjHRpqyucaNVUVZ1NZZOJ0pxqvXzHH/2FY66riFH28b817cVsnybwqMo//SruZ/GxWxH/pRj/Cz7HJ+PkxJlM2/ZF+f+/udQwNjrL3xm0AHHz1lNj4RjiETHjhvPR7XGOBp4/Gz733vXNu+GRzNzSW09Y1lPQ8MG9HQulawt4FAP/y+IsAfO7BW8Ux6boCPVKaUt6/ZEyKmeq6dNaZsAV4u2suq7+htiBt+oVrFqNfte0B3SOOvoiYOQqQYdAQu5CLaV04/kKJgSk/g7KPeCGmQdWdT16mlt7xaVTrbSgqpvAfyyPmL473wv4jK643quK1x2EtkfIpAgNlvHp2Brc7g1srcmiZHmRth5nWs1nM3HWBgC1KuLcWlzeTgRt6eb+zCYct3nc9ekcf+t4SWrq9FMVyMA5dRX1USXaWlsf/207d309h+V0YU1sN7y8qYm2kBPuUCxQKQuEo9iIvjs5CeseniQSMbG6Mu+DOdhs43B7ims1eCvMDdHbn0js+TW6mBnvVOGtsG3FOjNHWY2TGbEf5fBNOVybOyWkK7nbj7YFhm5K6Ij0KXQR/iZ0ZXwjzhni8UqvTxGtxh+OlJ351vNVqbkUGDs8UKlcWxddFWOX/Kv9X+f8/g/97jDnsrChGoYDKcjN9lilGsl1MdhXSOx4gK8PEupoMAsEwZ7t1vNoWZvu61Py39Q+l5L+nW0FXn2pF/K+qtD8qJPlJY/6Cq19eASA9zGXTTPQbHtGoorMCykxb15CYcS585LF0IS7udnsTYu3560vIX18iuuCFZDzpNUODo0yHo/POA4w53Iw53AmCX8BIUF5mr+u3xisGdm2t5+Crp5gORxPurdsyQrdlhOlwNK37F8ak93/t9ma6LSNJcwqk+QHStQS+lZbl4LYHKcnLJ89gorauKG36xxzutOhXZZqDj8z4QtRcbRQfjqnfZRGsGicaUiOMuc9q8F3Q8oUH1tJedYGRUTu1zZnk7nUSDKrwnskkR2vE6rWRf22A2OnCeLe0jDAFH3HQdzRItTGPPqcXn1+HYbCEKU8WE7tOMeMNoXUUoHNmM1U5gPnqKN3PFZFj9DMVVFN4u5e+Q0Gqs/MYHouRo4Ept45+m5KCvxvE3hVlpi2O329Toje6CAXjJkDXiIn8j03Q+3qImtwceiemcbszKMkPMjSuJi9Lg92hx+7Qi1bFYGCEjF12oueKxY5vbpcf+4Qfk8qIP8vNjHaKinuimKz5uDb28PHPFXLimWmymmLoc5U4h4LxjU0MGgqvDuPtUpNZo2C0y8uDu7cwrHMSMc0w2uFjlf+r/F/l//8M/o/YNVj7wD/lYnTYxdnurAT+XxyJ87+hAgbHtFec/65Txkej03qmmU7Y/re8fnKewJc3B/JNw/SY4ZH83EzKK0oShK9U0Ekz6gXBKC21kwps6Zhg4coVCen5ZGuI8e5ZAZls/aHBUSan/KIC0G0ZSamwrOT+BeGf7Bq5h0IYk+IaDCoxV+CdoF/VdEfmI6UbMwgHwd4OrlMZaHJj5G1Q4HPNsMlSyYDag+vtLLSmCK9bLvLZW7Zz1mvDHhojtyKDid/oMIfjDVJia8ZR5YcZPB4mR2tElR1GvcFJNNPFRH+UzD0WnMUjZA2V0Ts+TeH1PnKL9GQcrQVVlIL7xxg47WXiggKCxShQ4ikcp/muKN1HAmjf28vWOzQ4TmXROz7Nlz9bwkuP+SiPxvehtnpt9NjCWNZaCXfU0ljhwtPsw6ex47GDbrcFT9kIzjOV9I5P44nZySvKQPdAN9r6KUbbQxSviWLaHCV2ulBcs+7TPrz9CjL9OWQFTcRq3NitXgpv9/OpWzbw2CvnCA9rydkaoveHBlRaBY3ePDKuDhOLgnPGRdFVWtzWMG+dH+S+q9czpJoiElKzyv9V/q/y/38O/ycDPgY2DDJz7t3P/1C/61GptS9Y/8LGP9JEQHllQGgyjxm36pH83ExM2QY2NJYnKAHJlIFkAimVpZpqntRqTiaUpdfLBaJ0DakHQGqlr+T+pTyQXy9VDJIpEsmuvZT0771xW8K99VvHUdXeoHkkK1fJwEkvip4cAr0mlKow5AUpbshA167Hf6oak9KA3e0jEz2nfQPk16qIhtTo8hSMPG8gR2tkvLifv/3bq3jx9T7KJpoYjAxjDGbT93qYrK0hspoDcdfeaBn9g3F3S+61Tob/y4RJZWQsYxhFwQx+i5Yybw1Wr40cjZGJriDG7TOozPH57vPZ9PXPxjG39DDxvJEcrRGbfpD//cNKTvk60PYW44x4mPZlM9wWInt9FFNTiMj5bPJ6G+gbjddtNn/aTtdLBjJ7cvA7wqj8mUSNARwnM8jO0mN1jVGVaUa51Y46P8zI+SAmhRHHyAw5W6Jk5s02KRnzk9UUI3iwmFx/CVlTBeTk++matJNXlUEkoGLGFSN2MYdIjo/OSReZuUqmp2Ks8n+V/6v8X+X/leB/oCP4aHRaL7r8i/PiW/8KCoFQISCECQRFQLhO8ABcu71ZjD0X55vS+jTUmsWfwu/pfsYcblHQXbu9eUGMVOufaOkRFYCGWjOnW7sWXEv+kYYMhHlA2ve9FF4tlbZk18jv7URLD2qhXaTWWpSwE5d7zE9+rZGzIT+bS+M7V5VTxoB1CCIGqJ0mr0ZF5/81oNBGGNEM8fd/38j3Xj3DzGvlDOlGePh75fzbY71UXKhl9FAI1VXj1Nyr4tbqMn7xcATnjnOYzFkMzygYjIyQed0Y2bVZjDyZzUDmIE1/42PsdT+l5+vo/OYI9X/lxjk6jm8sRuPmIrrOwPBhP5CL1W/jH/+9jn852Er0SC11X5zgo00b+MY/dVLcX83gMyPorh+h5sMKtplneP1LevpGZ9CURKmpVOEtHgW/gqqHJuj6v0bMCjMZn71I9vM6rBdsKL9toul/u8m8zsbE2Si6vCj51XOtNk3FmdRNVjE0Fc8SLm8YI3NDJtq3inAUz5aWjPmpuVfFR5uu4WtPvAlkssr/Vf6v8n+V/1eK/1FZ5n+yZD8hUVA6Jr9OSJJbKOntnTpWiilN8JP+/k7fw5Xg1bwqAOHB0GIgMGjgo00NfHfHGYJj4OiLEKmZ4OTxLLaX2kEdY6JslNmeR/Qf95CxyyOWlTx58RxT/10AyggFdzv5b6uHWKmPgVM2KqlkNDaO5ZiHp/o6+fz3NvK1/wLPWBj9FgcZASNh4P1lTXQZR9BdM45rUE84z4nVa6PKYGbcEt/yMFA8QcH1YUYrp4hGwVgXpOiuOL7zVyXoKrw4+iI8RRvRWh9DXVoqtGbGGcFyzIOjeIDP/WATP3worsFNrm9H3V9IYNDAnRVV/EwRYyAySLE1SrDUjt5ewYwjAmEF4UgM1o1ScbVRzLjWWovIv3oaZ+0QBRfy0WljdDXZKapUExz2wMl4rbPy2j4sxzx8t+8Mf3f/NXz3t2dY5f8q/1f5v8r/K8X/8vpJUfAn2wNgbHKuOkDeMlhsTdtn/70ut/t9v/+VHIobvpoZE2pHhZrcjzZtEDeLEM4N/VzHBmUm52JzQaBg1Tg1VxsZflov1pUGq8bFh1Ko60UbxW/TUKQsIPy+3vg//EAR5nunmeyNIMe/o6KZJw6fF88bb/Ux+L0cKk3FuKsGIBCvhwxWj1OzKw18ZQyfTU1+nh6uGY3jW+P4nmdK8ERcIn5BXjb23iDa940TPGlMqFMOVo2LlkpS+n+h4yqljta8UTImcufwZ9cQNuQQ8OP7oc+nf5X/q/xf5f8q/y8H/yce1yjkpX7S0kB5TwDhvHA42kpiDbUFi5a1vZsF/+/r/V8K+lWlhtxHglXjVN6mxOGZIhpS0xOdYHoqhl/tJKsp3ov7S5/bzC/6z6FyxTN0Q+3FZMQ0YjmJaV0Yh2eKmquN+N/MEctOsppiFL8nSixvmmB4Bl/UJT7EnnYN4WEtcvxB1WQCvrPfz0MPXcXRWAvK8SyClUvEvzYKRdMERhH3HBfwg7GZBHxFdYDim2cIyOn//CbeaB1clH79zTGm3zYm4s+WOsUu5M7DT0b/Kv9X+b/K/1X+Xw7+q4LRR1X6eJKfEN8XcgEM+rlsf+fwXGWAUAlQnAcT/YZHNm6oTciel2agX7u9melwlGu3N9NQa2Y6HBW77QlCV7gm2Xlpcp50XLhGirnQsffGbTTUmum2jIjfhRyAd/L+5eeXcv/lFSXzygPTmS/QKqc3Gf1KQWP9aNOGeLnNbMco95ifmquN5Neq0FqL+Pp/vsnf3X+NqIXWfXFC1HSF7SeF4+GvNBCcbUghrK1QQsSjxFScSdm906IGmy7+958/yd986GpmypeHL2ZQLoZvS47/tSfSo1+hXCH+Kv9X+b/K/1X+Xyb+Sy16eRhAmhMghAqk7n/hp7zRjGBJDw2Ois1o2rqGxN/LK0rEj3CNsIb8vFzgya9JNSafJ8WWNwt6J+9fuEfpfaW6R/k1yRSCdOhv6xri4KunEhoypaJf1XxH5iMzvhCtNgcP7tokbsVpKs7kwV2bOPT2COFhLZGc+Pac0ZCa8LAWh2dK3MZT0F4BUYP/i5u2c/hnXv7qgbU81dnG2EUflbcpeXDXJl78QbwUofI2pVjru4q/ir+Kv4q/in958bPHgo9Ky/sET4DUIyB4AaSWvzA2PRb3ACSrg5fX0CerWRfq2aUd9KT9+BeqoZeX5EnL4qTWsZBtLzTBEeYJZYDv9P1LS/Kk9f6L9RC4HPSr8teGHtFai/CrnbTaHGJ5zWdv2yzG4QRtcuyij+nfVaDODqJyZYkPoaMvQoZBg3mDjrGLPvEhDGXO0BOdEMcf3LWJrz3xJipXFg9/pUEsX1nFX8VfxV/FX8W//Ph+S+hRQaAb9HPb/wruf6kyIFj8wrhBHw8B1FTHQwrXbm/mdGvXgh0A5UJSXnufas6GxnKxA14yYZxqnrTznVCGJwhSQQG4HPefqt5/sR4IC/UQSKawLES/0ANASr/iPXcUxQS3kvCgCaU5QnmJ4I6yHPOISSfCodvhFd1mwhpSd1N+rUqcJyT8CD2phXVW8VfxV/FX8VfxLz9+lmZcIe/1L3QCFEIC0p/SBEEhCVDaSz/dQ+qCF3rTv9Nz5fOS7QVwOe5/pcelpF8NED1aS/DaPjH2lF9rFB++/FoVgZNFWIg/pI5iLw9/pYFvPNo9m50a32hCmv0qPMjxBzMehxIevmDVOGW1iQ/xKv4q/ir+Kv4q/pXBF7L7pWV/0sx/afxfXiWwktr5S1EPv9y50nlX8v6vVA8EYZ5aaL5hOTb38AjlIp+9bTNPdbbNlutkErCSoHk6+uZKUcBI71EDuoq4ayS/VgVkig9y4GS8zlcpS5hZxV/FX8VfxV/Fv3L40l4AwiFXBsRzTCZ4A1b7APye9wH40FPGmFQ7FOpXhYdPGBMyRwV3EiDWnwoapuBuEtaQurIA0Q0F4PxVCTn3jIrXrOKv4q/ir+Kv4l9e/OirOkV5feI2wHLFQKoQyA9HW0ks4bvf/64UdPmZmWld9269/3eKfsXN778jtqmxMOngvusXj430j8ztV9zaY0n7hiwj8S5WLm+AK4Hf2jUh/n4l6X/o3g/NW6u1x8Km+hqqzU1ozRtSrhEcaUuY9+SBOtY1v8Km+hoAqs1NSe9TOKTjf6j4X/v6N6gqTW4BrN9pWvTv6B1Qzv1Nbc60//5WW4H4+x8yflWpnZrSnIQ1/Ao9a0syxO/CuPR3+fWZsfjWvXu2hBPGhOsNldGU9/uHjJ+798sKgJ999aEYq8dlOz7y5e8oAF74+iM8sC1fPJ9bmZtw3Z/8y2umW3Y1uoLRGJ4pLwqFglNdI5X/+bkbBtPFmhqYSnr+3LAdxVM/+GrSP/wTB08mCEfhpZpUmM4KvtauiUWvTyUk5ddfLvxU110u/D+69+F5Qq1/pFO8ThCEqZQP4br2izeJwk8uOAVBKcwR1ksmXP/Q8F/78b1J1z7Uok4QjvIXr/wlLAi1xa5PJSTl118u/FTXXU58Q2V0nmAShJqghEjHk60pCD9B0AGcO+EW15crLFLh+4eMn7v3y4qfffWh2K51lWKJmvDzePsAu9ZVznkEUpyXji00V4g9d/fZaagtSFrrLp2bbPz1w+3iXGn9fjrrLjS+0rWBpPedip5nf3uSj3z5O4oXvv4IO0sTRfCPTw4qgJw9OxomAUpydey9cRsAP3n2KCHXNM3ZCsWlUETUqQbu37uDJw6eFC1lqXBLZkULwnIhQVltbqLa3DTP0hPGpFba5cK/0vTLD615A9USZSHVPUrPb6qvYVN9L9XmW5MKPum5apkQXMVPfuzZEuZQi1q0VK22+ZbynBWd3JqVH4bKKOsrTQkvYamFJn3JXy78K02/IJzk9GfGpqkpzcE7QNJx4btAg1T4NTVW0dllFe9FLjyTWcZ/qPj/KhH+UkEtdxtLx/NnY+bJmtksNDfZIVUahEY2+bKYvPSaVErHYusuNr7ctaXXC/ctn5fM/f7B23bws68+FDMos0VBfsIm/mras6Nh0jPl5XMP3srWzdKcjWv59e9O0usJxuy2GcU7pgAkc423dk1w/94dSYWgVPglc+1KzwlCUHp9MBSkvKiWofG+y45/JemXCynBApYKt2TCSjgnXCt8l1q7UkEorC8VsF2nnplnjf+h4S90JBN4Uhcr2JO6sqUWl/AClp4TXt6LCYHLhX8l6RcEXCprVuDHQhawKNSI43diFXHOnXDP8zhIre5kwvEPCT/VUV5RIibHCfvcyzvzbWgs5+Crp5IqAqnmSsekgjKVkiAX1KkS9hZbd6Hxla69UuVhfVnBrALgIEOjY2tto8tYkFiemFka96ZsZYAnnvSALoMMjW7JAn8mFBBDDj865UCdLE4qdb8uKCDra9hUX5NgjS3krpULQeH89EwAjUo1z7q7HPjya64E/YJlKndrf+CWDwIQA6x9p5O6tgVlIpVrXRSos+Na8wa05g0Jc3+f8DWl61HMer8uBb5zamH3bOJhB3JkL9NwgiUtF34LCcFUL/bLiS+/5krRL7i9J2YVimRucSmuYP3K4+dWWwFVNrso5NbvNCVca6iMihayFOP3B19BTWn2JcNP12pu6xqapwS0dQ2x98ZtCS1nF5qbTFmQu9GTjW9oLJ8nZIcGR0W3eCphu9C6i81ZydppKw/tA2LcP0mcPnLw1VOqL//1dQAcOdjJdXvj77dQKIrXA8pl2v9SPHUy12oqS1Y+LhWEwks7mXtV+pJOtq5GpRIt/yuBny79CoUSh/1ZVCol2Tn7Lhm+VIFISIDLq51bI+CdFzMXvgtubakwlVu8opCcPScIwd83/Ldf/QQqlZLNux+/ZPiLuWfFFz85SROxakpzxBe0XNBJX+bCC30x4Xsl8NOlP7NcgUqlxGONXBJ8AW9ujaxFlRH5ObmwtNoKsNpgD3PeivU7TTQ1VgBw+pVBQPl7ia83g0Kh4Pwp5yXBTyYQ0xWWchf4UgXtYsdic+UeiXQPqeWeav10106lsKSrPCxwqEanAnz1W0dEZeTIwU5+8uxRyipz6e6bhEjWpckBkLtc5RaxILCEn3ILWUiYS+aiXcziTvbyv5z48tyDhfCrShuIxe5mf843cPT9I/coGsnN/yP+48CxFdMvp0kqrARBJnVlz7NwZcqEfG5jinm/b/ibrvs+3xnYzQuv7+ED6jU0136S3sFOtBrVsvDlVrj0RS8XWIbKqCiEpdfGE+YKZi3kuKBMJgSTCX2p61Yu3C8Hvlx4LIbvHVByancXjmiEexSNeAdWhi9NUovzwT7Li0R3NUTnKUIWm1O0cKU5CfJwhHdAOesKt+IdUHJ+dIaJkSzxut8nfIVCz+tVF5iKRmmOGdFmaJiyKFArY8vCT1fwpttwZjlzF4rDLySMk4Ul0lk3HaUk3bWTrbdcxUR6/PzXh7b98d17To1OBfiXx1/EmGugJFdHSW7c7R+LxbgUWYDqhaxiYUxq1Vabm3ji4Ek2NRYmCG9pbFyavLVQXFxuBW+sq0pauvVO4i+Hfu9/3ED+h1+jrCmL7/72a9QpStlz2/3Lwl/I25HMdS0VYPKwhRCSANj/xovAiwnrS61eQfgK40qVgcrisiuGny79sViMTxa+xGPcQlFTkH948TNcdaEOdfH6ZeEX+Ba3yqVWraEyirUlnu0+55YVYuNzghwb86zEZGvLLeFkGdvvJH46Xgk5vvc7TeQ/1Dn7/J+hbqSUerNx2fQL6xsqo2BLnNPUWJUwr7PLKq4rXfP86AxVpYIClTNPyYJ4VnxQo2dDtZaeWDx/oaY0jHdAyVTQh7lC/47jCyV+Fhn+Uuhf93oj7Td0Ud1k5Ie/PUu9vRRPVL0sfJhckQBZSie6VEmD6eYBXMp108k/SGftFSkP7XMJMJ9/7oz681AJuIAIMAzxCoBPfPBaUbEQ+K1RQjh6CRSAhVzi8ji1VNgKQhjmJ8tJLXMhe1542cdiMZ7wfI8/NX02wfprM/6KfWWPv+P4C9GZLv33vW8bP+57mZ+FO9g6eS80sGL8ZCVxjbMCS2oNywWv3G0uPZ44eJK+IQ+15fHGIczO+bnncT6U+QkqigoYGJtgJhTlmOZbfG3TcZBUl6wUf16II8mcpdIfsp1DH4vh6Ivws3AHH8t9iNbi5eMPnW1J6RJPFaePZ8jPlbzFf+bMs6LjWfSz45IX+8s1w9xMmfhitticWDZPsV5ruiz4qehcCv2/m+V/48kiUETmhSTSxRcUHzmGNFZ9YL82obxQHlI4PzojZs0n/N27g2xq0CbU0TcVZPByyQjvzykR8xeMmVramsbJt9dcUnype1/4LtT3r99pomYgvCz6C2rC4vN/w2A956PLx78wsrjVnMyKTnZ+KXNXeki3uF3qsffGbQlb+K5k7YVoS1d5eONYN38ChXt2NPQK5w6d7M5JFpIQ+BmKQktf15JpX1dRyRvHusV8EvVi5VDSGLZcWCbLipcesWuPc0/kw/z6mFUUgrWmCH9xRyPff/m77NDuo8x4gp+OdVBTWnbJ8YUxqcdAKoRbeyxpNftJhn9XrJ7n+ix8YIFEwXTwpX0AkpWtSWPYJCkf3FRfw77rb50nQMsjYWLXfpebIh9m//E5TbPaGOGBOyv4/ss/YIdzlv9THdSsKSNoO3fJ8KslVrw8UVKYl6pePx38O7ObeaGvG4pYEb40CTDVIXWTS4Xl/Kz4xCN0j5WbLWWisLbYnGzcspu/uDmL77/cRb0ti/U7TXPPv+PS4gtjUnx5LDudZj/J8IXnf+sClQTp4Et/yhWPb3/DBmhFWgvNPtGSla4jFX7CXHtPlIlbJsBSJp7LdmdgKt3Ip27J4vGXe7ipqJASjY7fKnupKS2j/5wLXabqkuBLs+8TXfyJIRVsy6Hfxb4t9ezvs6wcP03LNlmCnzwJLp25coVhJZa/3A2/0LrS8YWE/1LXTrbGUhWT2fK/iUMnu9fv2dFwriRXF92zvcGZzLMgJFxqlLCz0RyrqcnHYpl7cYRytczY/ZzvHVcsgjfnAVjokFp6UuG7qbFwXh38PBeibYbSj5/h/txbeeLgSWaMVqxbrcQ6o4COWDT+AFZt0xOLOS85vnD9/XuT5wmkc6TCH5jaxp3ZikuKn258vf3iTRJB1ptQQif8nlmxhbxWM6X7zvDxNPmvKb4KhVJ9SfClmfby+am6/C2F/nZu4s6d/5wwb1n45xf+m8hrr4WjqtSe0E0v1fPf9MkseMzHoZYCfPVBJhv2i/wX1xKff9MlxReu30PcYxA/ltb3PBX++bfd3Lm1lplLhJ+YexAXilWlc82F4uMZohJxqEXN7fuCCYJN6vLWalT4Zvlv+aWXwT4lp9QZWGb5P4OOnnN+1mw3UFUR53/zxkqEx39mOiryeDn48jBBQpInOSum/7e/UXPn7bVoZvNCVoqfSuAtJIiTxcCXEm9PJxlvMeVjOesudo9LWTtVzkO6ikn7oGichXc2ms8BTEZRbttUzdDgKKNTgQSFQqpE/dt37iDLXIF3aIC29mm+9/xRNtRVczbWx7r6ylh7z8A8ASXBS08BWLBMMEULXWHet0of4/t9D3EHoEBByW39xBQxth2uIxqLYap6G++AkunsMLdMNfO89SJ3vr+Rh8/fT0G9iv9P9x/z8KUd+hbDT+oOltTtp3MsRP/FM14Kb3nn8KXJa9KM9U31vTKh9kxSgfpX7/0e/6/vw2nz/7etL3Hrvmv5ysl7aGis5ePmx1aEL3wX6u2Fbn3JEkbaqP0AACAASURBVPWWQ/+Rl7yM1PWvCD8d61cuDIUXrNz1Lp/3Map5uq+PzRQDzOf/zlgC/w+8oOT2fUGeinVRUK/ifb118/DnOvQtjp/skCaKsUL6L57xUlNsXBG+3G0t7REQF4L2BLe7cP72fSYO7Ndy+76gKBTlyZG1ekOc/85iOgdUlHymN5H/2xP5f/DAHP9ryw0Y2gwrwpd7C5J5PFZC/7m3fazfbsJim1o2fjLBla7bXhrrTmduOoJX+j0dpWClAn2lay9U878UxWRnozn2mQfex9bNejQFZh7+4tPUV5UAYwllidIjy1xBJBTh/z3dycZ1V/F//uZhHvmHf2JjQy1nu/tY11QUa+8cX9BKVe9/48UF46fJYuCCG1tIdhOEmtQdL8yxu8M8X/Etiu5UMzqSwc2WMl4ZrpiNycKN5cPk6HX4z0WBGA+fv58v3LiTp37TAdsS1xJc6UvBF8ZTdelbCf32nLYV40sF20KtcRdTLOJ0dM5TWJbCf1/Ey0NHdvOFG3fy84NdcEeM4Mi5FeFLFYX7bodq860J49ULeAAWo9++JZfc3MoV4Sdrl7qQFSx9wQqZ4IJQk7rjhTl2VZjT11vI3zrHf0GIcwZ2b41Knn8lT8W65p5/feJah1rUEmswJy18sTZ8Xpe+nFkB4Vw2/boyNR2n7CvCl7ut11eaFm2U9MGPrY9P3GedTZKzinQkrBkDb2uU09dbyF0i/w/+2rJyfBCTIZMJ+5XSH47YqK01A5EV4E8uS5jJXd3pzpU33FlumaA8pLDYuvLxpTTrWWjthZSLdL0hgvCfq/MPU19dyumz/WzdmNxMCUXht//5Euryq1i/ppn6qzbSdb5VFP7Cz03bSmKtp0ZTKgFqIT6arPe6YHFLrVWpEBN+lwpk+aHo2sXuq608p7KhOLoLe2Mh9++tIRaFs30WjPlW+s94WK9VcrT4H/nCjTv5ZU8rdf575pUJyoVoOvgJrXxlgl4aH14O/QUFH6CgID38VB6FRK/Ci/PwW3ssCX3uF+tqKBd6yfj/yAO3imun4n+N7x66Tj1La4+FWEyJQhFlY131kvHlPfrl7vmV0L9tw8MJf8fl4A8JlpMka13qNhWEbrKXqPB7TWk4pWWlaali974gz6lsaH5VhaXUzp4tcwqEscIk8t/1gXaR/0VtuXhLlQlrVpUuHX+ulW8841xu0desgP7AcFhsBrQYfiqPghTLr9AnnJMmyCW0vn0lrgzt2aIUu96t32map8x4B5XsDJWSlxldMv8bRsuwuFaILytzTNb0aWX0h+lT9a8IP5W1Le/ml+waqdWfztx0LPFkSYULeSCWa+Gn491IZ22BrlSJj4spJoLwX79Wm7DuR++qpaWtf9H7vGvf7SiUKk62xZ/DtWsaARKUgA3NxbG2i2NJlQC1XKhJhaHorl6kI55UOMoFnEKhwDswSL0tC2NjISeDv6J9KoOP5nxG1HrXUkYfk0SjQX5hOcOQNUiVu5qzLTEUVOMe/wnG+hvS6swnxd//xotirsD9e3ektA7fKfql+Ml4k8qijpewCS5rC/fd3jvPcpXOFQSp1A0ueBaS8v/8Af5u7fdp7bGkxX/PLP+rzU0oFIol4cMrKWP+qXryX0r6F8OXCzWpMBSE12Itc6XCcb7L3I53IId6WxaU2umonMJa6mfPgHnB598928wFCtLakCcZ/rkTbjGOLd8oJlXt/6WkX4qfqsRRmqyWCRgqNfHsd6z4R/Vzbm1yEu6lqtQezytoic+9fV9wtiZ/fqhCq1k6/6PDenSG2CXBF/oiCK15pb0DLgf9C+EvFJ9eijWeztxkisJCFQOLhQNSJfMttE6y+13J2snOLVUxaesaYtfNu8XvvpFBnnquj8XSk8ORKG+3x70wXedbxfOCEtDa28umhjrOdvexZkNh7ELbxDwlIOEpmCf4ZHF2YTMb6SeVdRsMzrYa1Cg5tbtXfHAfvOqv0Fb4+an3X2k/0iY+1ML4tDrMvZEGcpW/wj3+E9zjP6HanI/CXZ30HhaKuwsZ/sni7cnmX0r6l4ovbXIkJNndd3sv+66/NeE6rXkDjds+lGAly4VfdMZLKOpPyv9/uOlxtBV+Hu38yyXzP0YsLXzhPqvNTSmVJ2Gdd4L+5eBLX5jSOLXU+hVeotJPOnFvKf/3hmrQVvh5tdaWIGDl/L9+c0jErzbni9cuBV/I8E8W7082P1mcfiX0p4sv0F9TmsOB/Vo6u+Ku9Y/fVx8vV0vRS0C4v97xaQ7sj1tQW2+qSFh3ufzfUh+mqkhJ/bqsFeMfalEnlA0m1P0vk36NRnfJ8AUhtlhWvFyoSQVoOnOTWdnpCutUlneqTnwLeRwWu9/lrC1vBJRKeUh1+EYGCYXChEJh0QPAogpAjOee+SU7NlTRuHaTeL79fCdDE9tpPT6gONsT9wRk6DLZvKF03s6/ynlCULalrWA9JWtkI4+N9490Eo2GsZc8zoh9PO4+ns00P31936xFquRDni+iL/Xhu60Lq62AsUkfT1sG+ETB1Uy8FuTfR8+xX92R8PAni8snw09mlS90XGr6l4ovCK1k7m654JNvmCPF6x/pJDjSRnCkjQnNPzM8OpiU//0jnTxs+smy+O+dzRldDF9OW2uPRRyXxvalWfuXkv6l4Mtf6vItbQXLNVkjG7kVJXwvv7E4IRtbyn+A97xZv+LnfyH8ZPH6VIe8Le+loH8p+NLxrTdVsGdLmAP7tXz7GzZREMpDBvIkuhs2+sTvnV1WKm4oJiMvRlZFFH2Getn8L61REZ3UEFMoicXSx29qrBJ5JhXC0iS8cyfc8zZkWgr90VjkkuCn64oXktDkyXXJhGyquams7IWEfaqEvIWs63TWXeieBQs+2Vz52kuJ9adSHjY0lvPUc32iIgDw1HN9eKa8Ke/XlJfFLe9fR1GWhi99+ZsJSsDA6E5eeekbCoAzJ6yK1t5eNjbUgk7L2vrC2LwQgFy4LdSdbSHXrXD812ALTncrm7mDgplejpyYpnSnXrQ4ASaNMfLqo7hUdl53uSl/MMC//aiDh95/DWeOD9N36yjeN+MPqEIVwz3yE1p7bphLIdJnk5O7vB7TiykBK6V/KYcgBOdSPebHq+XXp9r4BiDiGuGJwddwug+l5H9rj2VZ/H/96I1cs34Er99FaX4FGRmZC2bxSwXukwfq+LtPzld8LjX9S8XnPPNasaay+JLFrlM+/zVK6m1ZNNRU035iiNKd+lmLMy5cJ3uXxv+qUke8PWyS5LmVHpea/uXgC01vQCkmDB7Yr4V9VgyViSEDeRKm4AIH6GjxcKhxmKlsJds7Cyg3l/P2if6V8V8NQ+MecgwZ9J/0i/j9o/PxhZa7EN+Wl0YwVFpn7z8nIZafbIOedOlXqTPoGRxbMX6yxDfBQk62O55ceAmbAaUzN9laqXoDJLOck+UWLFSGt1A1gtzKl6691PbCqbCStQheyBvy2A8O89G7annquT4+9qG1fPSuWh569DW2bahOuHZ0KsB3vhKXhQ986np+9MM3+D+PfIv3f+AuKmqaIJbY3an1+IBiy9VVMTExcGNJrPVsPDFQma5QTGesf6ST/W+8SN3x28kp1dCX/zwbrzXydzvfx4UjHtQPX6D9SBsFvhZuHY63z9v6Z/G5fa/5icXgnzoOc3zNEHsu1HF8dy/H39vDM8oWPPvcKNzVtHb3Eg6F+KezX1rw4RIsRKEb3xMHTya10C8l/cnwhSoAwQpN5QFI5rJO1SSncduH5rXmBZiZdvHrF596x/iPq4qjZ1sIh0J85dhnUBkKkwrd4EgbXaeeoX+kkycP1IlWvdwKXwn9mtJ1KasGloKfjmWc7pjQc73gv4zklGqY2OmZx38hHr4c/lttBeJL+4C+e8H7Fyz0eDe+AtENvFSlYKljcnzBq2CxOVPufOgdUNLZZZ23+11VqT3BUpU3EppLgpzb9753IB/1D4vIKdXQVT9+yfg/efsUpzoyUSmVIv/r67Ln4VttBRzYr+XcCTedXVaRrlQhl+XSH4tGktK/VPyFLG655ftOzk0ndLBUq34p97tYR8NLcaTyDPzgR78Tf3/quT4++Znd6Ivi4anvfOUGTrX185Nnj/KTZ49yqq1fFP5Z5gp8I4P88QdqyNaqePqxx9j/n/+Bf/hn8zBajlkVQmKgIiODtc1xT4A6mftarJNegpUrCLuZwWMoFCq2e4tou27uARRUjdHcPg611OLc186+N5upvkfDa8QTYb7+7Wq++oIf11CAn/YNUnjBwLU12TQENOxaa6Kt9ZcEPLdh2HGY6R4f3z71F3xh2/cT8BdrDpSqpGyl9Ftt3Zzp7k2JLyQCLlZSJ905sDFJgxt5tzxpa94L1kECA29dPv6/cR+f3/KdlPzbVF/DfbcLPQNqElrypmr/my79mpK1oCBla+Kl4stfvsk2tFlM4FlsTrQZ+jj/31Jfev5f7eLEsQJu/lIW0z/z8er0KDfqSxLwF21OlKKxz6Wifz5+YhVCMnz5hkhSoSZshJOsLE48p4AZp4I32+Jx+bHJPHa9lfEO8T+P9z4c53+X2kWtOUfsni1UTAg8EFr4Jsvkl3sxlkq/UqnA3S8Noag51KJcMr58L4BkW+/KBZjUupcK93TmpiOUpVb+YjvqLXenwcWOpSbyJbvvdI+amnzRi/LRu2rxjQySZa4gy1whKgEAzz11grs+ulM87xsZ5Nz5ID/40e+47vq1i+KcOWlVbN4x5wlY21QYU0uFpzQGnq4QFOYObfgNG/wVvGDuxRjLwDxTx0wswkGbhQpbPpW2bfRxim9+u5kv/uspKvdvgy1hDgzEGfXNT2/hhxcviuuWPRAAAvz68RlKpmqx9LZhiXmoucGKpUfJe/1/S1Q5RP9IJy0X2lFqsxZsDfzEwZMJ3fju37sjYTfAJdOvUEIsysBoL609vVTmnqQsW8GmvR9cEn5jEkE+V074jGjtywWh1B0u8t9VwWuXkf9a3QT9I52c6exCodLMy5tIJdxbeyxUm5uSCvZ06Y9FIwn0V+WdIhhWUVx095LwpcJLmgOQrhAU5rrunmbD8QpeyGh7Z/n/kJFf9igpPL6NolJ7QqngQq2BD7Wo5+rfidfszysvWwH963eaaDZnUzOyNHxB2MlpkG+E8+yJcwnu8tOvDIqCbMLnZXiXh6s9FRwJTaHPDgMF7yj/685tRWFyQClMzvjIQs+eLWEsNuIte2OJu/IJ/Dw/OsPaBbZzTpf+1kPjIv1ZFTEgzC17FXSeWTp+Kpd7Mhf8Yklty9k8ZzEPQjLlY7F+/ovdpxwzmWKTztrJvAXLLU8E+F8P/TefeeB9cL533th9X5yTLcdf7hXvMx3hn6AE7KyMbZytDlDlm42PjE46ae2aoCQ/i5L8LDbV11CSl0trj4WL1h50mgg5xoLkwr/byrHIL/jIxkZcFzO460/NOJ4Pc9NdDbz5xhDRAFycDDG5rhdtbx5vzYzwtfs28OzwaaZOl+MudBCt93Eh5sDeFcU9FKD2hkw+1dzM/n/0UjIVz4YcwUrN1UYUMQWeN6KsUTkIzFzNmE3BW5ofc2fTnezbfQNOj2PeSz/HWEB1iY5NDWVsaiijtXtY/Di9NpZKfwz4N/9fUDhRh37zKyhGesjN+xBrG+5aMv51DSWojMVEPGMJO+QJ+Ofb30QTGCHfvBaVsXi+8L+C/Pf6t8f5r/4RdzTdwa51u3B6HKKgdXoc5BgL0Jo3oDIWozIWYySCThMRxyKesSXTH4sE+XH/B8meKEO/4Q2wWcjPv4d1DfuWjP/ygQM4vQGstgJyjH5yjPEYb65Rh8XmZHx4hqyoHm12LKXwa6+2X3b+7zHncLbbQL9NycA6C7syy1m3M0zQpZjnrtdmxzBnxqgujVJdGqXfphQ/M66pZdF/rGaM3DYTjX+ai34mim9QiT43tmT8HKOfXKOOXKMOpzcgfg+6FNj63Pz8WT/5hZNcf0Mjb705QFZUjyfsJOhS4PQGcHoDtJSOi/y/9c+LsL3ke8f5f3VBLmOTYS706xmqHqB8Ki9+nU/B2pIMkSZB+XF5M4kxiYaweB7A6Q0smf4AUVrq+9H1ZrHxT/Px9gfwD6tRzOgZckeWhP921xTlRdmiEJsORxkaHMWUbaDfOk5+biambEPie1923pRtSHuudL5UcErXEsbdbq8ogIVxYUzAkgrohdaVjyck1MnWTjY/1Viy+5bfm3BeuM7t9mLKNnChZxiDVkuuZKyqqogxh5tnnzvG2y294mfHlnq+9L+f5rln38ackyeGDqqqikQ63O540qDTOc2Df/mFR1MqGQ8+9Ojff+MrjwCoE0reZBnr0gY3Txw8KdbSS620WCxMIObleecFRjUBznTquH5bDadfGSTcUkdVqR3Vg+PYu3QEJEpN7Q2ZhE9BLKykoFFJ32t+tL15mHbDp5qb+eoLF7i3phmLzs7IRC6F2mxG3/aRiYY7q+pxDenJiz1H04MGjv4UKkrrFnTrS89Le/OnS/8zh87x4Rs2M+n4efwfPebBqXiG/X0W7sr/G6pKG5aFLxXmAqa8vh3gl09/Qxx7t/H/wi/yxZK6xiRNfuQx/2pZMuVS6A/4DxGYmaI7NsgGxTPsH7Cwr+DhZeMn20NdHmO22JxYW+YsM3mG/5Xi/+7NfpoeNPDNnybf4CWVuz/em18tWpxLpR9gpM/D1ZXF/KzvFNsG65aNL4/pSzPVa0pzqCq1c2B/Aeyz8sGPrRez3E8PxLOli3KzCMT6rwj/Gyti3PlVHY//p0q85/irPEP2nBTMt8Znf68uWTr94YgH64iLe7YU8uzoGbaPNkEsTPeAbcn4qaz1pWzas9y5S7WU080BSGddeSKg3IJfKFkvnbWX6uGQH9ddvzZBiWjrGuIzD7yPtq4hMexSU5O/7JyIlhNWBYDqntuvfeTWnesoyctNarnmGAvQaSKixXqopY3W7mFGHX5K8rPI9rTRqbGhL9CSU6sh+Bsj9cWZdF504fJm4vJmMnLBw6OfbaCrapTRs9P0Gl3xF/CMFX0wk4mXVQSO16It8FJyS4QX3xoncDiTno02Ijf4GZya4I9KalhvKKT7pRKm3AGGzf2M7HJwbnKM9bZ7WFPTPI/IZF4LAKfHIVrimxoLWYx+vTaGOfsw09PtYqZt/nAWxeUZnJ5yoBguo7mqfln41SU60WrNMRZQ1HSDaK0KFqvT46AkL5cnD9Qx6XuJ0UknZ7silOQr3xX8bxh6Pw35JtFCl947IFr5wZE2cSziGSPHWCBa6ovRr1e9hd93jkjUx7kTzgT+K4fLacgzLgvf2vM8mxu1CVaR1HLVZsfIiupFi7Xroop+mxKXN5Mco5+yorwrzn/ls1fR2ByZr+wk8VoABF0K0RKvKrWnRf+6nWFxPfnzr+pUUVyesSz86tJ4clrnRRdObyBBCArf+21KGpsjOBwuDuzX0mMZ47Z9NUxPBFGr1HSoR68M/6+O8z/jYAXmAqVodQvKTudF1+x7wC+67wV+WmxO0fpfCv3J+K+8qBCxl4rfY5umvCh7nqXudnuZnPKLVq9g5cstdMGaTXeu1CLutowkWPny9eUWvHRMWDeZZ0FugSe7b6lnQRCewj1Ph6PiNfK5yTwPye47mffg2u3N4trJPAByXsr5W5xvojjfxJjDnXDvgldBlC+LeACkh1Iq8JI1uEm2AY/wmew5ikYZZbOlFkJK8p/OZ5sxrpUcKevH6p1rRP3Ff23hU83NmMp19L0Wb1ITO1TGJ++UNA+qm8TeFcX1ZD7BukkKGpV8qrmZf/irNfy6t0/sLBbOmCS6KR5r9ByJovTWp53hL71Omi+wEP3/8Zvj7D9WRb9jG/2ObWQ33jzbetPNPYp6zNktK8aXZ73LY/xPHqgT6+P3XX8rW5o17xr+EzaKdMnr8OXVCsLGPMkSABei/4Uj/4uBqS0YTHfz4Y9/nY3vqRD5X2I6u2L8VA1uEjfgsSd8QmjfHfyHtDP8pddJ8wUWo1/ILBc610mf/6atOcvGFyxVafKg0H/AaivAUBnl9n1BEbuq1E5mbJrTrwzG79UcYddQwxXjv+K4ho0N6gQ+NjVWJSTtSWP3Qo2+tMdCOvS3Hvdy7m0/5972o1CqWbN5jv+Nm3OWjS+3IBer6083kz6dTP50G/KkWidVHwIhRyCdRMFUWwcvlHi41AqD5eQVpOKPYP1LexUkVJVYHEvyBKhTZb1LBX8yYdXaY0FDEIUiE5UySvjHjRzZdgptbx66yrg7bc9Xoxx6rA/dbj8czuOrL1ygoFGJsBVq3d9PccCq4evfruZvv9CP7+Ba3HvPo9gzLMbhfnjxIkOP69DtjlDSbUCfoeZIhpvRYx60ShXvZxeu2fsJh8PUVy6cECHtILdQ1v9i9CsUNWQ3Wuh3xC2vEVd6SZNyfOn+AdXM9alPbIyT2A63f6STSDT6ruG/O1A4u2fAL2na/kcpaRd290ue8Lcw/R+7fTCB/g3Nf8mGZmTrPDOvu99i+Kmy3qWCf05YJrbMfbfw/ygzaSftJesLvxz6vbO7ikpb2S4HX+qmTniR2Zxiz355wxzpOn6bkuws9ZXjf2gXDpcf/8wUazaZqKstp7NrrnZfWqLXiVDqp5yXR7IY/fXmxK2iVdpoQktfIRFT6CeQLn66x0oy7pe6W16yeak6Bi5VYVnKPaebvJhu0mGq+7JYHAnu/GQhCmkIQr4J00qOhM2A5JvZpMqoB1AQFTVLa0sBzn3t1DZm0sckOnTodvu5uamaQ/TjHgpQObWO0cN90BigoFGJvSv+D6ztzOfzXw/Q9K0AQ4/b0JXrcA8FRK1d25vHzKCe8sYAv3tjlI0ZBq4rrQRFFT2jDgajw5iKoLd/lCP+X/DnfBGtWpVU0CdrvSsI4aXSX1VaTywWScjyj1chpFY0FsN/8kAd0MK65lfEePi+69XArQmC8d3K/3Mzh/iYQkHjtg8lLc8ThLN0M57l0p9MqZIqAeniC5sBSXvgzwm99HrvX2n+QwFWWwGt5g7uGmhIKeilwlna/Gc59Btk+9DH+w3E4/tLwT93wj1vt0BDZVS8F3m+hcD3rhYfGrWKoCaL7s6sK8r/obE8NJpsWsd7+AgwPZZYty/tyS+PvyfbLTEd+qVll0LnxkQhnx7+QkJMvnteMgs+VeOeZHPlY3Ihl0y4LaY8pKpEkK+1VMVkua2CV6o8LJYrkE5PhRNdI4p0scT/ztauCfEjlHLJ3ePC735XjMOhJ8V/4NHcPgKHM0UXm3sowJfvXMMPL15Et9vPNz+9BfXDF9Dt9ovuN/dQAPdQgIx1IbKabAw9riNYF69J/eant2DvihI7VEawbhLFnmGGHtdR8IBffLAHJ/zUl+RTU5qDe/wnjFa8xN88uDnBgpd2jFvMMl8K/cnWvH/vDu7fu0P0GiwVH2Bd8yvcd3uv6OYXatWlwq/a3ERRxa53Jf///E8qaO2xiG72hehPFgJIl35paaD0byQos8vBt9oKxI/cPSp1iws/z1QNvWv4X1Vqx/We1oTnX2jEkyw5L9mxFPqTrblnS5g9W+aS+5aCL93zXuCpX6FP6JYnvafRSS/HzVYKczIJuqeuOP/LiycZ23qev3lwM/0X/3/23jy8javcH/9osSzLsrzvsuXdjuM4zp6QNknTdAttmtKVm1ACtEBavkApZbk0vaWhF25bboFLKVDoAgkU2tKQtqFr6uyb4zibayu25V3eZMuyLMmyJf3+GJ/jM6MZaeS41PzwPI8eW6M58573ozl63/Oubl4u/8WeMV6wozDQbzr8W6x2WuCpuc+N/WdjabGl8yccEdOXG+Andp0cM364XbDc4DihmV5OEF6oVMXpCv9wSkQoTIS8yhXWxOQvZfqftgWA7HrFdrtSEe06nQ65q2JQg2b0H/Xirol5sHTb8dCvavHkfYuxc2893mu0Ui372YaGoBSbZ9GA9movFHHj8BYOwmDUwjup3Dzb0IDhXcmIznFDa9RyUboYROdzScjTKzHhC8BSMIQNd6XgnR/1IT8zAYMrBvGnxnO4UXlN0PxDCd/p8B/qGlJDQBjNHo6+VMc61q9NdrBDLednJf5/bjqDTUUbeC4VEnUv5t+fLv9iQlxoUZBLn/wIiuXPS0W0A5i1z/8SFATNP5TwnS7/UtdwNQT4nQHDKR+smVoopITFf/KRgEGHe/bin8hv4tLfHYt1i6NFrS7T5Z9zD3Dfl8k6ymv5LPwe5dAXE2ZSlfHkFOUJNTZUmWDh7jZUpH64I5Lqg2JmdmF544/TNXDC3K2467oFgZkQ6JHs/qkFQKphDdnFCpuumHKN6DmuwJbSSqR+SgN9DmeO1jQn0WIaTQEuApWk2Dg6PTAYtTTFBgASsmPR8+c0eh05Bsx+ROe4qaYOAHf7q7BCa8Bhpx2BQABRASV2N55DUW4C2vs4P2TvCQ8+slh4u/BQwXhs6lkk/Ifz74cq/StFXyj8hCVt2WY3CdG+WYu/0zWOCw0beA14xPi6HP7FyvmSsXlZpRHTD9dwhxV+ZFc7W/Enu8NwgYEsX5HyH86/H6r0rxh9i9Uu2WFQzJ0QnYBZib/t6Dj8gQCPD2KeZ3kQCvdI+ee5YSYtQGznxkjpyz02Xr102uV4hWPlWAGEO3UxASrVpVA4z1DvIzHHh7N4SM2JpSs2/uV3zivCKQusUsP+39nRg5ffOa8Q3iMiF4CYMBOLis/LKsXfD72LNcN5+NGLR6AeV9EH01s4yJnKJn1sjk4PWva7YDBq6SLbubcengNc2sM3rymGLstJP2cXnPFe7i+J2l3wNSW6PtcH7VoupeVToxmwHBvBn/2n0H/7AIaOj+OGsQXwDRfw2u+KCWESNMYG+UXCf6ijqiifswKEUAKE9MWuI6Zvlj65Zjbj39Kgpj58sS58LP+czz9y/kM1AGrtboyYvpQwE/tRJj3VZyv+rE9Y01vPkAAAIABJREFUSmATIcAG+UXCf7jdPClHK6UEsPSJafvEyXFa9541ewuFn8VqR6w/ButH8mcd/tdMlEOZJO67JwqPmEk+Uv6FFgP2PmKCPhR9odAiJuZIdriRjA1lnp/urlpqlx5qzOX62eW4LyJVHl5+57ziqd+9pxDDTDinp373noK8piP4p1wAk37vUAFvAOAY70JLmxd1TRakjNbCMuSA0ZcIX9QEmmzD6LmzF9iPST+bB5rmJOQOVcC++QJSSpRwdIKm2CjWdWHArMXzXjMcIznIyI+CrcEPXUsyvHlDyMiPAsYBFA4jI18HV7sX3/9lHR770kI87zXDcoJbBEvb8lBjaoXCqUZReyoU6T4kq/6G9805vLa+RHCzkfekAJBc/uU2ABL2I2DN0WL0WesDKXYjDFgDQEsGnzj+1qzH/2h7Pm5dtwgqpWLKFw9+5gMXZ9EMIDL+pQ42c0CIayj6u15I4YLXJEroBpnLrVMm2tmI/7rFQHUtxxNt68t0gWMDz6Z8/+H5l9sASNgPgM0wEKNPjvkZ0bBY3UFBah6bAqPjYxgbVcDm4Hbl7rFx9A+5YByfffhjSIGuTiUGHUNBbhYA0EnsvKX4FwsCFAb3kXgBEhwopCmHfjgfOwmqE+vIF8lYqda5cnoIhPPthwvIEwYfSt1LWAgoXODiTDcNElECDABUzPuhGYsBAMCrfc8KrqqifBjTC/HE8W+i19OHB+btxItvnYD282Zk/TENGY54LLAYcN7rQEZbFezZF4AA8ON7FuB58yXYms1wdwVgD6gR25qOH3wlB4/jAhydoEE6hm0W3FtWhp2WekwEAtDlajAR5UPLfhcK1utwb1kxfvBiK7RrXfjPF85A05yEvrU9OHHAgYyhAqRaUxDdPgq1egyH1zYBUX6MHDyHz/gqMRBIQkChEo3wj9dzWv+w0yPJ/+Y118sS+kH+fEbx0KicIemLKRYkmj0vqxTQxuO/P/gcxf/v78x+/PsPnkPvR21YdtWDiFJHBeEUrt0yy7+cdr/k3lytBAvv/s7RTuhjjSHpE78172D82PvsPejV9OH2zCpU16rRtbV+VuM/pPHgM75KtHTyFRdh4B1RAKT4X7DCIEvoCwUNa4GI0atC0ifxAqzv+2LPGOZncH7rYZcHp+OG0JvYh9tj/zXw11bHYGlsDk+YS6VfigXosfwLGwdJVU4EuEwMosiRzwpN8fB7FSHpy9nJsj5xseA0uWOlBDErhIUZBFJmczauINTuO1S2gti9WWUl3NhwQXmhlAcA+M9fP4+118yTHH9d4Spcu7LE4fUHMDLkhEKhQI2523DtypJhwbncd5qPdcgV/Afe+4hTAEI1z6kz92PNIm7yD29bjR+9uAO3G6vwhw9d8HzKhc3+DJw/4cAEtOg11WFi0uz2XMtFQA18/2bO3zbY6YDGp8Z3f1MTFKQTE1DiWTTA0emBBjoumndTHnaa6xl/HWeyK1jPT/PpOdCCjKEC6OFB6402XHGoCHqjH8gAAj4/AnYVslOSkZpgCBLS+Vlxk8KgMgT/f6TCXCpOgL0na3WQul5InxVwbI46URpy09P+JfFPTF2G2NwlQQF6bGS+ULiL8V9V1Biy/TTBk7T8FcYTJKEyJH1hfjv7Y9pmBUzWAaCU4H8Ety/+13n+0Rm82xPuJkPyv4exIoTwFwsbCQVdHydNny2GwxeCgC7gxvylcdA4lf9a+GcBwFQqn1QbYDn8c0qYX7QWAns920SIVeJY4R/qOQgluIR+eFagSUXBS42Vs1OPRJiGM72LzVuoPIjdSyispcaKuQvkKg8AqPA3GqYWyfzUCgDAp69ahB+POpGRqCUxAgnrlhcPrltejIxELS129Pyrh7G61Nj+28Nvy3IFdDpGsPaaeTjw3keQdAKSlLbDdRZoopbh8RfeRtGqeByq68aVjXk4hFY4/VnUlKd5ugTFejcurW1Dy34XruzKw84VTOENI1eMQxik41b40buf87dp17qQUqLEI7+thXuCi8ZlFyZKPDTNp2A9t1AffrAFHVmDiDqpgt7oRyAAfHjehILsVESpVTzhT/zJYkV4pPhnXQXszp6c4/n/RfoJiMUVhKLP1qqva7LgXFMHlLZ/LfyPmkvxxeWfC2pdDICa4qWEupB/qe+IPU/M+XlZ1wcF/EVKnxWMJNUKVuBx9/F/Gfzf+ruGtwtnzfgLcg2iZuKQ/AM8lwI5psz40v0EwtFnMwXY3aku4EZ+ZgJcXUBOfxYef+FfA38AtBiPmK9euJMPxz8puCT8XNiTghX+kdAn7YCnW+hHTq5+JPcSCmE5Ff3EovhDZRCEixcIFVAoJw1QrvKAC+3S6295MUaGnPjGvddjyaIYADCsW148KDg3eVyBv71zEvd/+pbAM2+9HlYJYJUNdciANkbgjZuvQ5NiH4pWxuO25SsQ9bISb7QNwHfLAFJKlOgz++HdU4Gk/nTA2IsFRgNwAji4axzxW21cNG4nl0pjvNdDg3Q0zUlA4dTCArTIXKOD9aCLpvEY7/Wg8zktNcsl7FmK7ff5sXNvPSa6knGVoRQTE+Nw+pU40pOJ0kJOEKcnGxETHRv0g0+EcChhLeQfAT/qzH3YtnEFAGDU7eIpAazwJ7S+eegu/OzKl0PSFwopYbGbdYvK4AtE46/vKtGkeONfAv8vbl6PmNFuniAm/LEC3lzzSpA1QMg/2dH7/T4ACiiV3I9ZkiETBr2BXkvuwwb8EfxD0Q918ATeiUVoUtTMevxJT/qpgDA/Lx+fFR7hosCDBX4y1i3mil+5x30ABkSbCRFaLw5ewLakipD0ne3BO1N2N+tsVyI71Y/FrQtxWlE76/H3+YFGtPECRoU7dnbXLyachfwTIR4IBKBQcL/vrjE/L4abxFoAU/Rf1Z/Dkku5IemHElzhzpOWvNMZG06IRhKQJ6ctcaRjI80SkHMfSYsFI5AB4GI/13PmG/dOuaAtF34yLDyny+S+2yVox4u7RgBtdEQK19pr5kEpFuk+ZX7Np68FJelI67iZe8DMbShbrEdufBxyPliAiSfKkVKihPo79bBn9CKlRInfHejEwUvjWFMcheFdyXQxkUhdEm1Lim+QI6VEic7ntHBPAJ4DOhqhq13rQqA6GxNPlMO++QKebWiA80/JuGVZArpu6UZuahwsVjvc4wpUFeVDp9UjJjpW1FfP7sbl8t+69DVUlUy1Xnzx1G9RVZSPbRuXBwUbejwe7KjfBr9dGZa+MMWNBhI2WXDztbfBVLAEBYUVuOWqKiwY3Tbr8Y+JMSB7/lW8Gvyt3Y0w17wSpOzI5T+g1eMX7i9DqVTS++5887s8wc/i60so5OEfir5YpLtYARZT5gBSjy+d9fhLmevFUsikIv3F+LfdaYMpc6rO+LuubuRnJmDd4gmeoqDP9WPcC7ymaOI9/1L0WZoXe8aoQiEUUArlIMobS6GYUMxq/A/VqWk0P8DFUQhr8i/ZkBPkGgjHf82aZrT2DNPv+HWzNeg7IpkVZ4+NUPzl0pdjohd+vu+DmmmPlesakFP4RqrmvlSMAZumF6qPQSiLgTDz4eM49n1QQ3f6h/Y1AoBP5By3QR/3Y7g/chpKMdMqEXqscKwqKsD8gmTY/rwGznYlJnxKzC+Mwer13C2aH+G66SUVKmm1rcLHhugiJItJ05w0Fdpo1NIFNt4zlaerXeuiJTiHdyVje1kZzdMlDT58T5Rj6xWpiImOQscxN86smzQJT2rIaUnZQRH8wpx+KdNyVVE+Vt/WiZz0Asp/lEKLtiWvUtNz9iZvUFAZADS31+O7R+6Gw+qCxpEkiz5JVyPCj1TCi04qoK+yvAX40he+DvUHd8xq/FMTY4Ma8rD8i5nlxfi/4vYuqA1Gyn+UQoufj95Dx2Rv8vJSBcn9m9vr8a3XllD85dAXM4+SH0vyohX3flY8u59/kah9NgAsXNMewv913y1CrHGKf1VAgcE7B6kAYp9/VuEYblVi1+A53vMfij6rtOgC7iCFgVVG5ufHoOiDfAxbMKvxb7OmoLpWzeN3wQoDlmzI4VoZv99BP5PiP2tdGo9/pY/Dnwj67E3eIIsLOWrzLRT/cPQv95jJCHi5QliO0iAnXz9UDEC4JkeXU71QzriRISd6hjzY+dQhnD5DnwuV8NyhfY24/wfvITs3EUq1a3oKgFRRHPY8+RGtKknFe9YMeLqA16NrcbigHt5lFxG1agDNjyRifFBBzWYDZj8KHxvCoezWKXNw4SDXnIM5AtXZ8DUmUa08pURJNXOTPhPfvqMX28vKoFjXBZM+E47dKSgp5FJm4nL9uMlVjoAigDZrCqpK00P638Wq+4nxv6vzNJ5qepievxMPI6AIoKooH6c+akAgAPzGwnVcfPqjHXhv7HnUNVlw0XIJhnQdMvIMeGrLL+HzjYekTwMIGauDUFgRgaWwNeHLd38ZtWMVsxb/mBjxuZcsvZ1XwleYtifk/48dNXji6K30HlvTdiGg4Ipl2e39CASAB1+pgLf7HL7xwR148uIOznzG4P+Lhw7CNzEWkr5QMAlTsMh5trBKda161uIv5vsX7viFQlaM/91dZ/APRS89X9WciQACyM9MwKXuYS7WwMCZKl/R1OF4TissVju6BxwU/61VGQj4Q9NnFS22qA0rGBesMNBrMkp9GPcp4eoIzEr8yTNCovHZ8r6N5jacfr8DF3vGUF2rpoqNGP+7u87gYI6V8r/IwuGvz/UjMzWe4q/P9eOFnnP4s7oObdYUaDUBiv/mpCzEGkPTl9qtyzJdh/B9h7qG/T8cnenU8xcbI9VISGwHLxZAKHWECgK8HOXhzQ8560rPkAc/f+5tPP/qYfz5b9VLhef2fVCDjEROiQ0EIi8mqGQFfKiWuKxwrCzIxHvWDDy8bTUsx0ZQ3JmOrPMLkHCnHR3PxEPTnITtZWXwHNBhwOxHwXodvIWDVAsnVbl2bCqHo9ODwsem0hpJ2U4AtBpXYUIWfvBgKwrW69DmtKIsPQ8e1yjmr+SEfXSUEq1H3fCnp9ECPHsOvo09B9+W3HWzwl+M/wc0z0KTMUavSdFlov7QCF5O/TEuWhzIP307lPEa/H7wx9C0ZuIrRQ+issCEyuIyqGKAeV23Yc/Bt9HR24LvVX9Bkj6xtmxecz2tf8+6B4Sm6xhdHL5699dwcCBn1uGvyMxAYVYWAGDPwbfx15efgLnmFR4PQlO/FP8PaJ6FMnWUjk01mFB/aASPtS1GQkIqHoj9PZTxGuy4sA2xndlYE3Un/H4/D/+/vvwEmuv24lt/WiJJnxXwoVrissKRKAGzDX+y+yQ14YkpWqoYD/tXyPtVl7IRk6Oi18Spo1F/eASHN5jR1ZOMlL8kQxmvwTs5Zmgs6bh5ogKm9HjkpBmgigGMB5Jw/oQDo51KvNzXHNIlIVSyWAsM2bWSFwBoNcDR81GzCv/2I2PIybBh3eIJyTz+8yccNMWPFEuS4n/ZBzmIyVFR/peWl6D+8AjeLmmCVq3AsoOFUMZr8FqgCbr2dJRbS5CTMYCVFT6oYoArzVxJ4tFOJd7UXgpJX46wk8rhn+5Y4Q5cTkCemPIQriGPVHbBTAQuhor2l6M8sMf81AreK9OYjeqTl9TVJy8VnL5kTa4+eSkh05jdBQAZiVp8497r8cXbruDdP2oaBh01u7sX2zULhSQA1DQ2I/GuI9jdCKgUJJhoAAf/koDCx4bQ+ZwW7zVypjISPUtMb+ziIyU5t5eVYefaeuBAEgaMLm6hrgVgdKFtlxX58RlQ9uowYHahwJCJ9ddOAH4DjqSYsfC0CRd7xrBclQMzVLyCPiSKn63PH4pP9vD7/Xgg/mf4leoruG7oy7zPrP5qqA6VYjheD9W8PuTdpUJU3gfwnrgRv+l8HDnLYlEVk49dL/wdK29vhvujUew5+HZI+mIm6RK2CQ6muti5nSPQ3Vo96/DPXbIYC4oqpCP2BTUT2KBJIf9+vw/fzdqPn5lX4bqOL4Ot2feFR5chd6AMw4ZJ/G9ToTKvERltN+AHNV8Qxb+1u1GUfufZWskiN8LcadIBz2K1Q/9A46zDvwX8tD6aypg5QOsahOKTtysOBHBVZwqOXtmGhcf4gWQdqY2AtRTD1S4O/8+qkJOnhvX5AN6IO4ucrFjkZyagulaNa74fC/efRnH+hEOUvrCADTsnEs3+5h4NL70wOsMH7drmWYX/YmQhLyte0p1E3pP8/gUrDMhvn5DkPzbHh6/qluCFscPwPFeA1HgbMOnV/GNHM3L7SzDcPPn836HC+rxMWJ+PwWuxHP4wc9//Pb/g8M/PLBalX98dLBClivVIWQCmM1bss0gEciTVBqVM/KEsDHILEEmlGcqavyALYN3yYvp/9clLAJC6bnlxM3MuQcz6QHgc93MpfsKgwpAWADkV7thgrbysUgQmuEhgxxEfbnZXoK2XS6lZUxyF5kcSYbzXg+rfjmGsIwbewkEMmP1BprdnGxrgOaBDoDobzzY0YMem8iC6xO8WCACZugwoAgqsWxaFDrMaf7c24bbFXA6lLuCGZaI8KE2PdOijqXwixX6k+CfR5mMBH/a2vITW7kbk1ixFy34XnvifYqgfugjtOgcm/EDr8RH86UMzUq/6gPPf9E7g6Y92QP9AI/56qQ6Jlpsk6QvN0sKytcSHTawBrd2NeP/kwVmH/1jqtbjq+rtES/gKW06zzZKk+FcqVSHxV377QhD+7nm/EcX/gXk7JenLqXDHRmyz188m/Fs6koPM/6RDH9npiVWUk+KfRJuPBXw4qmyFs13Jw18l8vwv/JqO4v+Kpo7iT4Inxeizfm7ynszpp09Y8eYeDbVsuBRc8FPDmZFZh39eRgLPksLyypr4Wf7IXzH+FQoFfvqEFWMBH9xlTWizpvCf/4fqZeP/hYzKkPSldvThDtZ8LndsqJ243A5/kcYLhLpebgS/lHVBrK+AlNUiHDaTQh8ZiVqsW1YMAP3VJy8tmDznX7es2I5A8HdAaEQpgUduuDWwc+tnA19cfW3gi6uvDXQ6RsC+RC0AoQ6xfvYXW2xI/JQC6ydKcHJtC/wqPzqOOvGta1aibecEWvZ3AYUuxK/VIqVEh87ntCi4V0nrcnOtOAEUuhCNJAyY/XgWDdCu9cNzQAftWhcS9lSg2WlF/FYbTDWxGLlpAFeeKMU7gQtYgoXQ1c3Di5Y62HIDSOy5CluuWym5s9+2ESHr/osdHo8HWq0WY0dVGB9z4ak9T8O7dBCa5iT837l62FsBR5cHuXlJGBv3wNHrwk8ebYbXlo6RJDuyrtDB2uDB/yzcjdaNjbLoi3WsE6s0eP6SHYkrZhf+39y0CePWC7x0O7YADzt/qc5/7Hu3axQqe/OM4A9DCPoXQ38nYv3s26wpiAsMzhr8DbXzRQv6kPmuwwSqa4m5V94uZdwLRGkwib8PL3e2Twv/z6rnwbk4PH2+2ZwTiqbMqeJC3OfRnNISk4jBWYR/2oVy5Gf6gkz+krX8kRCW/+auYZgyA+g6qoJ/3IfexBZ4C6eHvxz6oXbLcvzfM1EPQE5FP2FOvRyfulhzoEha/oarXihm/g9XvVA45mL/Bfzk2luRp45Gt82DpVV5uOu6BRMWi+08AAz6oVxalYfOjh70DHlEsQeAXz99E2KzcjDa3YHzF7145IZbA4/94zVaG0CoBIT1Ggh90q3djYBKBc9fP4VDa1rg/OsaOHdfhVVdBdgzUo/sz7fjyq48amZrfiSRat4Go5Y24iDRt8Q3N2D2I2FPBT67OBMJeyoQHcUF4KS+WY5TRjOuTy+CD7H46rYFsNt6sOGGcfieKkdysRKDSw7KMusDU7X/xQ63x4OHP/oKfjK+DQ83c2b/iZpCjGX4YbzXgxg1kLjGg/7jHhjzoxDflYbhI5wOpWlLgze3D+pFPfAc1KG/yY+hnvEgGqfruyXpiykEJHiN9LuvKspHUqJ21uGvcg2KCnRNViVVYi40bOBF/QutHW73KL7z4RV4rG0xvntkNTRZlZeNv5D+2NiYJP1wwXOsP33kZyU4tKYFrp+XwPO/ZZ8o/sM3Ncgy6xPlRViHnyqcXj/+gia8XdKEv2jMH8vz39KVyKPPmsiFfnASb8EK0vzMBPQOuij+vl8XQ/tcLq7qL/nE8O+9rjEoY4HMn00JFLN4sNd6J/x4K9eMwxvMOL/Kevn4W8eD6HsnAkEWh3BR9lL+bKldv5yxcnfqJKI/UuVBGFsgnFO4IDxCN5xVIhJlQjIt0TGCn1x7K67dXI5vPLoav3zu82hqtcJisQXuv+c6PP/MZnrOaExHRqJWMoAxNiuH/l15TSHuv+c6PHLDrQEpt4AqOSvuUW2UDwlxKSGtAPYRLgf4TKMZGUlanI99F/3tI/hU8nL0Do1hQZoHR3vaEW/SoP+gEbE3DeCvf20HWg0w3jaG7WVlePODDkycSwJaDdBWupG9VIO4VxZisKIZY44JJFgzUV4RQJNZhSsWTmB4VI1l8ybQqO5DT+owjlmb0BVnx/LYNFw44UK83oNKXxoGKgcxcTYLGclTKT72ERvsIzZUn6nB28cvoaokFdevqEBVcTaqirORkZSIjKREVJ+pAeE/Sq3GFfHXwdS3DC2mahz278Fgai8G+1yIz4nC+OFEuNR2aNrSMK4bQ/qVPoxciIJLbYdqOBaq4Vj4EkZReJMafX/XIrYyAFdDDN4+fgnOVe/BcHUrHHoLvlz5WUo/Dj74RnrhG+mFKi44g8HbfQ7NjQcp/nlZpYjRBHDQ9xcsUa3HkqwSXOqwfeL4Dx2NRdSYlcdPc+NB2LrrqdC/dmUAKytWosxUhIS4FLR2N/Ku1yblYE3mf6BgZAOaUv6GA8O/uWz8C4eSAQC/HHoc+g1voMlbj68ve4jSP3XgOGL9MdDEB0JaAbzDCvojmhDnQtO8dvS3j6AyoMGwU4f5BepPFH/fERUS46a62nmHFfAOK9DYMIyzl/QwZQ5gUYkGeZl+5GX6kRinRWKcFo0Nw5R/lUqBsokkJDQZMFw1jKbkwcvGX3EiCmcv6WHffAH6TQOwp/bj+tgkSp8IfU18AI0Nw0g3RkMTH4B3WEGvIcKfnJ+/NAkHYi+gv30Ed1TkwlTsh2PAj9rBrk8U//zMhCCe+rrG6DnCD/tir20yO7AmI5PiP7Jw9LLxz+jSIzFOiz25DfCtd6Fd58Qqv5HSP2UegjEtHg6HEw6HkyeYWtv6kJyogyFez5cHk+cBwBCvR2dHj+yx7GdXLCuDe8KPzo4eep0hXs+7P/mc3Jt8ZszJgCFeT+mz4xwOJ/2M3FM4J/YasfHuCe6ZI9cJeSafifEs5EtsbGdHDzr7hnHTF7b+cNdt23Dt5nKs2LQEmjgujuQPvz8YuP+e63DlxlJExcXD7/fDcsmG0+faUFZihCFej/RkzrTZa3PA4XCif9CNWPcQstI09D6JMaMw5eTj4a89+ujn7rvnh4boaDjGplJ41ax/ljWPEsH/4r6TQb71RaUlqPR9C0qlGnXmS1hYmIDq5gBU+ecRgBImowstT5Qj4LRCsa4L28sW49mGBgSquSiWwseG0LKfq7qVpAjg3tQFcFuVMBtdGO2MxrXXevHBwiZgA7Dn4BiUAQU87gDyV8Vh6YFCXLA6UbGCA9Tews3JFr0PdU03iu74yV+WN8KfGP85Gflo3pGIwseGaCexwRY/jHe5YWvRwcMV2sKW0kr8YvkZaKGDA33IXxUHIA62Fh+M9/rQst+Dw8Y/IeXzSmgDSny69esoL1sIlUoVlH7I0X87CP+6Jguvzn1rdyMqi+fjJ7n/RwsduT1j+LD2k8b/LThc9wS5LIQ1+oXuATH+c9JmDv9f4nGklCiRkqLEV90/R1yZnke/kzRUsULUbEsq6wnNtfm+ycAu2GHKHMChuhSoVio/Mfy95S5Y6sV3/ORvfuaEaBqekP9UoxrNj8wM/mdX9CClpA8pASUWv1WIlEIFlAy+LNYuRQzvHBsgJyx9W9Fainl5PiDKBUCBgE4LFf45+DcPumF3x2PJPB+Uk4KC4J+bHo/4vEBQmqPQnSQWaOpSxMDTrZxx/LsY/LVRKlG7r5we91IpfpGMZa8lBXsiTfMjO3QyPlK3g5xdO7m/nHuI8SX3IMK/YulUkbnP3fmrwP33XIcF8zW8a7fcUoDac60R8RqblYNzrx/g8zdpDeh0jHCPAlvxjk2hI35r9vNFpSWc6UAVBYVCgYXFnBmisjARae3XofnEGBxj3I9mdI4bBet1eLahAc2PJMKkz0R0jhvby8poRG5ivBMv2+rR1jsMnd+DWKMf1QtbsP5cAZJ25WJRRy42exdwPwjHRmCx2tHsn4e/HzPh78dMGIlfBPuHfri4OCCaTkY6+RHlZdvG5aKpjWL87zv8FhTrumhxERJB3PVyDL5+wyJk3+WGo9eF3Y3n8PUbFsFzUo/8VXHYUloJW4sPvV0ufKlgEQ0kCvgVuNX6bVQULeIJf9bFQuiTFLo9B9+m/eq33tjMS5Fr7W5Er23qISvLm/dPwb/tuAv9TiWGDUtR01QJS/86JJXdjIwLlXANA7kZBUEuC2GDHtZNQIJKhfzPNP6KgAIP4LdILV2NmJxFQc+AsJoaSaGrrlUHfS6MZGdN1UnHF/9Tnv82awLe2qPBW3s06Ox38J7/BSsM9EXmRQICxVIbxfhvPOOc4ecfWPluMVKLFJiMraX0CdYWqx26gJtG/+tz/bTNrcVqD0rF1EbbUF2rxr690Xhzjwa5eX4ssy2E84RqxvG/mcG/tccOlVKHhBgb9h9T4/1qDez7A3ANAzlFMVApFbwiP+zcSXAg+z2I8W/KyZpR/OEHrv6oEKlFCrT12mUFvgp95qQmv9CkLSd1jx0r5osPlyYoFX8gJw0wXMCgnCyCSNP7wlUHFM7b2dFHTfcsf+y50e4O7H69BX6ZPIx2d/D+Sh2qWz+9/lFhkFaduR8Mem5+AAAgAElEQVQZybFTr6REKqwS4lLoKz4uGQNDgzCmpaLHZkOXzYsby/xIV+uRZNCh3gyMpTtg/XkSTPpMtDmt0G9yoD5gQ9wrC+F2e5CljEHMTWNwV7jROeDAh84uDLeO4+6VK6CLCiDGzwnMS8cqEDNYjEFFBu6+rgqfvmINrl62GNFRAagdOYiPKglq31tmKkJDWxPlgXVzEB6IaR0Ajl9swIm0V+Fc1Ij/vGEBGv9hwGBqL1zqEQTOGBClVuLD1gZ8bcMy1Flt6G0YRUeMHeO6MegSlag+1Q1Hrws//OJq/M/bpxE4Y4BhyQTmHb8LL/X8DJuK7giiz763j9jorjktpYWazNnrNFmVSM6ajzhwQUeWrgZM+DwfK/5RGh3SRm/H1kVfwrKN38CqFetQlZ2AeXm58IzZka0tREXONciZv37qwYpLRxx80Eb5KH+si0MVl47krPnwjfTSzzt7OvCc86kZx/+uge/jP0/8P9yy6P8F0beceTUoKr3NmoKEOBd9CU217IuYqu1OD4adOmxcqvtYnv+WN9IQ25mFYacO6xZPoGLFBErKfIj1xyCqWw3tSFRQ+950YzT6usYoD6ybg50/ORo7hnBxRS+8V43OKP7GXWl4K6ERy+PTg+j3dY1R03linBbvfhiF5NRBlJaYsLAyCaoYD2L9MRR/Ml+704OMNA/y0v0IKIDz51RYdYUPq0pyEe1WzAj+mWnR0MX6MeFSIKUlGSsy0xCHGMRqOfrk+Wg+mYrooRRULgIWLMvFyISd91ycvaRHlo7D2u7k+GFdBIR/bbQGrydcwkdZ7TOK/8ST5fjQUIfy4cwg+kdO2akLgDWHC03XxQVZ6LU50NnRg8EhFz2/8eqlOF1nlj3WmJPB+4zQJX+FpnrWPcDSFprfha4JolSw9xYzxUuZ+YkLIJxLgygL7HjCr5AfMl9yvr6pC6ZY/Q9zsnRIN2qhiYvHaHcH3nzH/KjJlIYyowqq2Dj4/X6MjzhQOS8R7xywICudU4KFLgDbkBtVJUkwFXKbXk1cPF78Qx0qS4w4VduMV/70hx9+5vN3T/E95g1OAxS2tGVLAgvjAlo6zHim6YfYk/AEupe/jYWFCQh0aVC74iOcvOIj3LY8Hmq/BiZ9Jq2MlVKiRPMjiWjucyNjqADz8mLRd3QMW0orkb5Wi7v9VcipWYxnftaOPaeS8X5XDt7vykFApcLnb1qF+z6zHgU5C9Dd3xpUTEes4E+4hj+Er0AggP3+3Yg9vBbG/Z/G43+vx/973k87fwGAdrkTmrY0/OIfZ5BcoOKnNB0bgaOXCzb6fcsZeA7oaAoSADx532L8ZHwbHrr4edHIdzFzP4s5u3sm2QGt3Y14qeUXHyv+J+2lqFpzP67fvA3JxSuD6ANAlFoF38RIUBojma9Y0B25llxj6WrAL1p+jPhDT3H47505/OuaLHjyvsV4rG0xvvHeIh594W5I2NKWrdQmjAtwtivxiqYONWub4bhzFKbMgRnFf+8b46iuVVNLBEnrEwYkknmKmZjDNfwhfAUCAZwwtSF+bwUSX0z5WJ7/t0uasAtmyfkt2ZCDdYsn8OYeDX76hBWN5jZa/Id1GRBFbczjR62hA86tFujv6UZPxxhaT9tnBP//fbIbQw4byhdyNRB00QGM9SiDUvzyMxOwap4bgQCnmJA5C1P/2Mp7xMrENmQKBAJ4RXsO1zWXwv1k8ceC/+ENZpxd3sOjLzf9TW5TnpkcG2mqn5yARjm0xCwVUlYPMStFJC4AANDnpOH46xeCrAi7X2/h7eJ3v96CkSEnAOAfh+vwP8+/iadf3U/HGJJiseaaeXTcb585wLdGaDW4Y9VVwVkAPDPsZFc7KcHPmm4Lc0rx40/tRusxJ+4o466rXd2OO+dVwHJsBO29Y5h/KpGW9kzYOojBn5pg0mfi2qUT6BzmFuXm5FL86MUjGA9wu0VT1iA8yUZUFqehqiSV5vPnZZUiLSmbZzqWql4YyUHGfm/eDlSVZyLDFI37kn6AnXvqUbBeRxcRAHhNffCc1MPWws3V1uKDo9cFQ7pu0gcHdD7H7RgL1uvg6PRg9WfPYufeenzT/xs8Of8lfPM3X+MJQpI3LzSZCwU/K3zJnB/b9A90nhibcfxV2UX42u2b8PXtDyLOtESSPjH5k3x+sXa8AKg7Q6jQsPx/b94OVMyvQYYpGk/M/8PHgv/PrzmD+x5dx5ursBRrKMHPCiJ9rh+3e6s+nuffG0XLwrKCnwh/scqFcky7UkpAnCmAu/1VMGUOIN6oxqaOshnD//ofJGLn3nqsv1iIrSjBCwc7g+gv2ZCDRnMbdVsQRaDR3BZkMiffTyAA5HWmYqB6HHdWFaO/ewynV10+/rmZNqxd5AtLn7Ua3bjZSz8nfJSWmLBkQw5u3OylFQLZ5jxs3v+SDTnYnlWJmGggyWSdUfy/+qwPO/fWY8U7xdiqKMGpMQePvlzzdbiyu3LGhhOeoSLopXLxxWgJo/il0gDFMhnCKR6XW71QSgn44Jl/BH0Xv33mABX+n7t9Pn73s02omYwDWLZkquhaz5AHT/8XZ4H98v1rqRIAAM/87h0AwMLiAmiSdNiyYcOUJfRLd93+KBs53zNoR0ZSYkhhypqk1WolNuRsxn/v+x0mljcioPTjjTfa8JmxSiTqldhwSzFUMR70dY0htSsemrt7sMqXhA+TGhFjHIGmR4EYfwwaonqRkKPB2e5epDriYSycj6qifDoXobk83EEyF+qaLFwgoMKLUNkOCoUCw6N29AzaUZCQjuf++CL8BW7EpivQc9YN1VAMFL1a+BJG4UsYRaA+EbGlAbr4vn7DIpy39cL2gR7ewkGohmLgjfMie6kG753sg/tADBaa5iEhLgXXLbmBFlohQkjMZC4Upqq4dGq6Jv8ro6JxTeGd+NGrT2FiecOM4b985QaULr0RUVHRIemLZS2QDAD7iA273ixE30ABKsrehzbKhzj4glwBAKA2ZMCgBLRRPuj80XjyV099LPjHwYebbnyI4t/V8govct7u9PAiz0XTMwWm9KLBTPyhoR7Ka90zhn+8fpSahom5Vox+uMwF0l42gMGw2Q6E/2xdHN46Y5s5/E/1w30gBuXqRGjiA6jKNZCeXTQLYWRiyldud3qoib2va4y6APh97Lmo+qERD5bFGXn4v7mnE2tthchOi8bVN0vjb8gchaoX0AVi0KDm8L/Y3Y+kYb1s+nanB/mZCdDEB+BsV+LsJT3MDSqMDQ9BFeOBzTZMFTaCPcGZ8Brrj8GIz47RjsniY3YfDpudM4b/uyf74TkQg9VVnMm4WJFA6TdZ3TCmxVPTdHqygZq/pUzXwvPEhC5nrFi0vpQpnpj5WSEtdB+IReGzJnzWxUDcB6x7QMpFwGY4AOC5HsJlEQgzBVi67PXEBdDc0I/CslR4HaPobOhDXZv90VO1zVi+uAi9NgfONwzhy/evRVSsDuMjDly/Lh9/e/cjZGeloXdwCIO9I1T4kxoAlfMScb5hCKfrzEhM1MFud6Pb5fjhwuIC9A6P4OVf/w7XbfnsVDyoMHo7XNc8VnBGRUXhy4XfRNuxUViOjiK9+xp8aOVM943mNpw/4cCCFQY0ZHbg5ox5aLOO4ME7l6Cihwtu6ewbxsbhRbAcG8GEzw8oVWHz+cUE/p6Db+PR3/0Rj/7uj3hx30laCpjNBiCmayF/7PuGrn5s/+JXkH2oHIOT5leaS5yug6YtjQbikMW3u/EcbC0+KPoTqMmONBfxHNAhVXMFpdNmNUviK9beljWVC83s3u5z8A934stFD6LzuAeWo6PI7r3+svFXKsZl0/d2n6M1/8n3QOJJtt7YjK03NtMAS2F/AzH+o7X6Gcf/oc3fovQvnX4tiD5rDmUDt+TuoD89WkSf/5STC3GojjPdX+7zL3dX72xX4vwJB97co8GbezTUdcBmAbCuCyF/7PuOPgduWpIyo/hnDhVSOqMdSkm82SI6bCMg1l3AWjvyMxOgUAA3eTn8W4+4kHy6Ak73GD48pUbNqWZJ/BePcK7Ojt5hbHIuQsexUfjHEDF9cggzRt7co8H5Ew4eviQ4UGhFEPI/0/jflW+SpM/ugMmOPtzOVmz3HMlYuYfcOgCRBuKFywgQKh6hMgDkBBOGurYiV4/uWq4s8MpbuF19fn4ybbe85ZYC6gaIzcoJChh8+r/W0/OkANBXH3gjOOPgrbdw9lILZwkw6PCtjZu4SoC8rmxM7Xw5ApgdG2/5NFeLf7KqZsA/gZfe5v43tXVCoQH22OrRljMK26UeLMksQFvvMEzp8bBYh5Bu24CoKCXSjYATwLmWNuRkFEKlVMuiX2fu5/UCYA+iEJBj28bl1JQtxf9n7tiMPz6/B76bLyKlRAlrTx9wMg1eUx9sLdwiSy5QYXfjOViOjcB/uADaHCf66v3QrnXB2wkMmP349uYH8MK+E6L0SxjBKuQHeCWoVK6YO4BcvwJbsKy8ECgHstPy4HAO4rm9B+Dxj8vCP3v4emSmxCM+V4mW7h4YaiKjL4wbERPu5Pq8rNIgxYLwf7aZM3HNFP6/vO/X8Pl9ovTZH0U2BoBUTAsngNmxydbFnK950t9MhACQAlObLyz+qR9x0dLpK5JgbTfDYrVjQa5BNv02awr1dQsPNpaAxBOIpdex/C8vTcCH7xVfNv535efiw6GAKH0iRIU8kGwAcrx64jx1y5CWtkSQxeZw39HGSwthGx7GcNYoEOBcCYrhBLjcMXC0+YPxTyyg97BYh7BwwIT2nmTkR0ifVlxcPAGLFUhl6LNCPh8JXDMekUwSMf63b8jBU/+DGcG/xTqEAiSK0pcrJKdTt19srFDIhoqsl4r2j7Qdb7hqfnKF/8arl/LmRK6ViiEQq14YCrv/fbg66NxXH3gD999zHXCxWTLVDwCOv9dMMbtyzXzxtMO33sLWGzdiYXEhzl5q4QoB9QzaeZH/xPRe12RBQ1uTpOmc7FJ7Bu1cR7e163lR9QqFkhbeeb12BCOGZmhTVUgp0KDzpAtlvnTUDBejZSQew0hDRUkmkhPjUV66EH6/Ek63C+b2lmnTZzMX8jK0dC51l7roy+60Qor/PfFPYNTfC4ctgIE/JCOqYAS+hFEAQLQ+CoH6RBgqJmA5xpVXjA5EIfsuNzp/lQjjbWPwjavw1Pw/ICEuBfkS9K8szoAqLh2+kV5ehzyC/8ULRxDl6aZmd6HwZflfXbkK9hEb8rJK0dHTDO/4GD69eg1WrPgU9tUNok9zPgh/W+yVSCrZiIUVn8K8/BQMuVyoLC6ZFv2VFSspfeKCIa4M4jIgbg7yGSmAJMb/TOGvyapElCFTlP57b74Ju9PDi/wnpneL1U5NwGKmc9ZknZ+ZgIoVE7yoegC08M6BM2oMZ/UG4V9n1qPVqsSwUwdT5gAS4lxI1fmoefly6RPTc5YuQOfSalXS19jwkCT/NWuaLxv/rSiBJj6AbB1E6ZMMBcIvee8dVsDa4sCfX3UhOXUQa9aX4OiRduouIGZ0YkL3DisQpQY6RoD5GdG8QjuN7Sq0dit5+PedHEOxL5W6fGaCPgB0jyqC6FfXqjHs1CGAQURhglewKRT9N4xnLhv/ze1lk/RjRemTQkDC6HbWpE3y4nttDmpqj1L5ccWyMnpO7ljWVO9wOIMi8oXuA6HADFVEiB0nNi+hW4IIZKEL4IplZbhk6ea5CshnwsJErCtCyJeweNHGq5fy5kxcAGnxXL5/dKwaOVk61LXZH01kXAkmUxp6bQ68+voxnKptxqnaZngVfuoC2LvrBLISkqi/32RK480NAOx2N27+0ud+CACf+Y8t+PUvn+FcsLHJxkd7bC4a/EdS/gDQanV1TRa8/N4x5GVoaQW16jM16Bm00x9/suNj0wSJMEiIS8G6xQuxOu1anPV9iIGzfkS3rYZlOAVVJanISI5FenIsqooKKP04nXZG6BPFgT2fl6FF3aUuTnjZXJDiv2xsNRalXQnLO0NQ3NIJp30CEwB0WVp896YyHD0/gvauIfz3VxbjSPcQHBhGX5sXz33193jp4QPQVrpxpX4DoqKiJemvW7yQCj+COcGszFREYwI+OPgWojzdiIMPzY0HUX2mBu8fXQq/shZVRfkoWXo7L7WO8J9oSEVsxjx8asVqbCi4HR3e82it6af4f/POW5CbFIshRycUCsWM0xdL/4uDj36PRAkQ43+l5mbkx5RfNv7apFxJ+ocOdVDhy1ZyIz5eogicqolDli5Afb2NDcNUALC7QGGKIBHAJWU+FNnT0JPtwsBZP+KOVqDVqqRCnxW8M0mfKA7s+SxdAK1WTnkYduok+c9qS0JhIAW2usyI8L//yny88/MAtJVuzPMmQqVSSNJfVKIJ8qkTnhPjtAhgEKdq4qgQHpmwo7TEBGuLg/LOuhKIgCMpgxarHUMOHYrzBrFSa6T4L+oqQ5wuEIT3x0FfiC+5NwAk6LU0HkJIf/5gFpTdavib8yPC//OmQnz4oh/aSjeiG9Qh6bMKABFMQqFniNej1+aggpwVhuSc3LFCQSxMP2RT/YggFrsvEaRisQli6YPCObHKilABKC7IkqwEKKa0iMUQyFEexBQAAEEKADlMpjSolH4sqCxAU3sPVQDWLZ+HXpsDvTYHVEo/j2+qaDIKAFEClt+0CWoi+KR80Wx6IGfCPhnSdx3qXFycHt/Cr9Ba1AgUgVdo6J9Bnz22bVxOqxyGo7/1Czfj8f+zIn6rD45OD1JKlNjxUBv8XiUM12jx1s+LkHp9IxydQHyOFvd+/wE89+On8dCFzyNGFxeSvrDVsrCefh6mKhbuerMQFWWcT4WkC5KYjbysc7xGPGQsa7pXOK3YVvQ8JkweONpO4ZX9x/+p9MlfsUqAoehPB/+XXvoA33h3EWJ0cSHpT5lpxRvpAEA+EtBm5XZyqCVnWYvUgKipXug+0Of6sb4nC85RJbB4gldoKNTYmaLPHusm6cvhfx0m8NJfEiTxf+UhB1K+pKT4P7PLhvu3JmNXwIYojTIkfUKL+MpZczgxsbdNVikkrYFPZDXh7q1FwPvgXSfsdkfuY8ocQHZSAg9/i3cQFutU5cePmz6vnwESghoGhaNvjwD/l3b1c/j7bWHpi5mmQ/m8pSLxIx0rx1QvpxLfdOMNQs2LrVA4nfgDOcWJxA5HvweGVG3YeYr1SxC2Bhb9viYbAbF9AZTCVDhhOh0pBwxwVfXYFyuc5QYNstex/vrZSt9sOYff/u1DxG+x0Zahnb/Rcq1GSwfwnRtKcanXjavrueZBD980D/FbbBjzevHjsmdl0xcTfqyPnRO+XIrg5jXX08A6oryQ+wrz8IWpeeaaV6CO0iKp6Ep84cbrPhH6YrSk6Jst5/BhzZmQ+MfG64PxH/PgqXUHZdOXSqcj5YDJDyn7IkebNUV20CB7Heuvn6307RYF3jnlD4l/72ACKveW8PAfnwhgq6IkLH0SgyDWIKjNmgJ9rh83bvbSinmmzAHoAm6cfr8jKNee8FFaYuLl2LO+e5Kjz6Z6zmb60Rk+LL1iNCT+8/L0QfjbLQps7i4NS1+uoOrs6JGV3345Y6XS9SINIJST0hfKz08CD6UE+Uw0CYr0YOcqlYopFfhosdio4Bc2BVKTHZxw18sKXjFhJTzkBg2KRbnPZvoK1yi8Vx/FwzeV46m7J4CVgGbeOL79mQdQ12TB0V3AgkIfftvzNAAgpuFB7Lj5f/Hw3nvx5PyXwtJnA+jyMFUnn18YyIKtNzYjL+t6OjbIQtJkoUGDUocmqxIlk/cPDjicpfTPpMC+YV8Q/r/82q+5Qe3AfNNFPNnAWbfih1/Ajpu/iO/sXYWfX3MmLH02QEtK8E4JS+EP5gBj/oWsoEGxuvCznb771gs8/FVFDny+MBcWaxTeeXQYOenAHn0rEAAuvT6BHZ8px8699diKkrD0pwIQ+TE+Fqsd6xYn0GuEwkqsze6CFQaUlpgmc/f545ztSjSibfJ6pUgQ5eyk39WpwuGCS0H433+VEUAyzL9RYMIH7NHXcXFX57Ow42YFdu6tx+b2srD0Z0owfVwHEWrTUQLk7OLD1TYIt7uXClAMNy/2mgvtTlTk6oOEdn5+siyrB7EA7D/bipQYdUSKB68ZEPtjHE7oCgUASbnbtlFa0LJjhH3iZyt924Ad75Ucx6G/FOBz9xRDo7hdlP75fTcBAKwDFvT87UoklzdETJ8rllNLTevcblsN4HqeYJTCghXCQiEHgApn1gQ+2+mvKI7HSylKNB6/Df/5cDp6e7uD6Beb5uM/o3airsmCtvNvIDr1h0guuTNovmL0STMgtiHOlNBNCClI2b7qXModZy6XErSsgBWaY2cr/REXcLZEib3/68DVq2Kg9lWJ0u84zWUwjC2eQPVPxpBysxK4FJ7++RMOmnnAM6FbhQKSHzVPzrOVG/lCDkyEv53Hq9BvP5vpR3u56oUvPNqL4kI1SrryJunzx14J7ryltQNt+3xIuVkJy4nw9OWY1kPV6g+3Yw+1WxZLkxNGzctt+CMmFMMpDlLNfIS8iFkUZtI1EKlCI+ayGHBP4Mc7H8L3dzyJlJjgrLnnj7yrEFUAWDO6lOBlhalQiJEfWDLmxX0naYobe024nflspZ+UHI8Bsx83LbsjIvoDZj9aExtl0wdATexAfpBPnK3AJ0ydExPCLF0x+hpmJzyb6aszKjDwgR8r5hfJpl8FYGAoNP5C+qwJVphKpxfpXkfOkx97Mqa6Vs1LcWMr94U6Zit9fQyXSnZ9sS4C+twYZ4dSFn3WR03qGZBGQMIYCaKscPNNQXOfG819sShMi+EsIla+Gf1izxh0zD2IQGQF42ymHwhwWG5OTY2I/oDZjytk0hf64OXuXIXCMJKxYkItklQ/sbFyFYdwroVQCowcIR6J8rD11Rex67Zt/I3nmnzFiwctAbnKwYB7AvPLS3DyXFtIJUBUASC7XrHdtlT3vFDXkBx6NjI/lPCb7fQnJrx4MOrJiOlvz/9eRPTZjnnCgwgqoXldmJPPF8Kg98uT8K//K9CfGPfgwdQnI6ZP8A9Hn/wIiuXPS3XPC3UNl0PPbyscSvjNdvp+XwCfHi6Eczgy+jf5S6HPC0+fFbBidQGEgXVkF0vma7KO8oodCfno747FusXRovf4V6CflxmP5AY99GWR0c9tiweU8ugLd8FSO3M5O2i5Y0PtvNldvJSQDrXDD1feV67CEsnOPFw9gVD0vvfua3jzHn6PmM/My1Sc8XhlKQHzy0tCfi61+6cWAKmGOWJCL9RuNi+rdKr0roSpXuze/3+lr1KpZNMXCj8xE3qehPATmrU5U/r7PL96qPv+K9Bv7bZHTF+lUsmiL2USFRO6oXazxHTL/SAPhPTJC9vxzmb6UVBNj75SHn3iP5fiW8ydwXdDDDBnE3jXc+Z5/jlWuJMd9Wylr1QokF2mnCZ9RVj6wGCQQJYrANnoc7ljI/ksVGR7ONcAOyaUIiEn0FCsiJCce8s57D39MBricOPvXuIpAYZULdZCqzjQ4QhMx4XQ2dGDHbv+rAhrAZDrYxema0kdRJiGEsIkwIvtPPjvTJ/sgksYQSVMpSPli6V26ey9K8os/J24QAgKA/z+nemb1Ai7s2V/fOXtZgdCCmG+//jfmz6Jczhxcgy6gJtnohYTvuxnYkqMmKBjrxUzif8705e7m5XyPU93bKhdu1jFvkgUCeGcpKLjhcKcdSGw50PFP4QrORxKeRAeN/6OCxo/+P2v0HOLtBoF+gfRn5okaQ0omV8F88U63jk5wv/Aex9BXWfuD1lCN9xOWkqwCU3crL+cvebfnT5rffjry0/Q92zAmlA4ih3CsrzsfVu7G2k+P6HPpfA1A/j3pr/rhRQueE6ihK6UQJTa1U75Z6d2t0QIsj/irNn235k+NWNmRMNidQcFqYkF4Ql92MRfzrZEZsew/0sJv393+mL+dyK4wuX4RzJW+Fk4y8HlBN2JKSpiVgwpt4XYnOXcW67yQI4L5hbe50lf+C79f01JAfmXJ9DvuPKqwKnTF6Ax6PD6K3/FLbffgeWVJnx/x5Nosy4Xva+oBSDhP6rR9XIMnnn7BACu53RygQq2Cz7aX1rTxtWfzl8VR9tPkv+TC1T03MPbVuP04Bl4lJOVmZa6YWvx4cOPXMBHk5rqqjjYknzASq6OtSfKhwGzH/99/g08ed9i7NxbD8+ByWpK93owYPbTphYAeO0xU0q4h51c8+R9i/H+nlYY7/WgZb8L2lXctfvOe4DzzPghP7CKG9+y3wWDUYtfDr1H3wMAzgMGoxYpJUraXlO71oUdm8rx0K9q6WcDZj/vPimrlOh2u6BpTsI+N2deOzykRUqqEgNDfngO6JC4xkP53wMOf3KcTprE/90fTx//k3ocaQKy73LTz4T4nx7k40/w27n3Txz+e56+LPz37XfRax2dwfgfHuLjDwApq5TYR/HfMW38W/a78P6eJHgLOfwNxmD8Cf/6B4Cul2Pw98ngKfr8t0zj+f/yarzzDzM8J7lxtkn8a3pbgR4AGtBxQB8P/z9Q/Ceff8s0nv+vLcbLDzpg/E4fWva7oJ689lBnK9AJQMmO7+HhtgfgP/+d03j+c7VI2aBE+/5WaJqT0J7N4X+WXAvm+Z/kvwbgPf/a5U7YCmx8/BGMv00E/+u3rcYv/sE9/4Dg+cfU829u6QMg8vw/zuF/4oCD//ujDMb/LHqQsoGP/6b7FuMHD079/vCef2b8WXMP/f54z/8G7v0hYgYOgf9ZI4c1wf/0fhfFuWW/CxqP4Pmf/K48B3Qw50zxjzcVly1opztWrvl9Ov53sWsiqckfqf9fyIMc5QEAzp4fwNpr5uEra64PTGcOoyNeVHfVorq6ljlbi09X/Trk/f5jx9MKAFDaWnzwmvqQfZeb/vgBoItI05YG7XInNG1pdMHxtNFjI3SB7W48h6/fsIh+RnpWk8TcLa0AACAASURBVIX38LbVvHtsKa1Ey34XXSDPNjTQYhdkYbEL58n7FtMHHgC2l5UFjfcWDnILoDlJ1vgn71tMF+OA2Y8n71tMu2kJ57BjUzmebeDS+xydnqkfy8mD3EPTnATtWm4OAKhCk1KihHati8f/HP5z+M/hP4f/J4U/K7DC5csLTe+skIt0rJzx0xXQcvLyhR0MQ7kYwmUqTGeu5Hoi/FdW5OK2G5aD/QsAKyty6UvsPDnHnr/thuX0JXX+TzsfCACAKnn++KMA4DqSgPQrfXThOI8nQZE7hNwblOhtGEXuDUoMvROLcd0YxkbH4R9X03aUY6Nc61j/uBpN/n6M68bgUtsRrY+ii9Pe6UWd1Ub7VusSlThv68WYX4kxB2d+9I2rUB+wwRvnhUs9gmiDmi6uIcs4TliHsGNTOWoGBqBLVqBmYAC+cRVvfPZSDUbfj6PtM8ONf/toH12QD66eh51769Fz1g0AGHNMINqghks9gtjKAOoDNgyY/ZSewaiFo9ND5+AbV8FzQAfjvR70nHXDdJsCQ5ZxTJxLgj/bBV2yArpkBdR+JeW/t4Fr7jGH/xz+c/jP4f/Pxr/rPYVoMyC2Jr/D4cTGq5ei1+YIqotP6uDLHQsgqCY/acgjbJ4jrOXP3hfg6uRL9R9gx5B5krHsfFlLgFQtf+FYsXsLcWHnTsYKlYT6pi68+cKuR1dW5NLPyDiHwwm3c5w3H/J5b/cQFlYW0DmQz3u7h4Los/dh+S4vzsZffv/8ozSKxGvqo12lHL0uFD7UTzXs/FVT5QM9J/XQtKVR7Zxo6oZ0HWeaYzRsz0k9DOlT2qyj14UfvXiEp6ET7ZQ8zKyG7Dmgo+Yxspge+lUtTzsWjqfzPKCTNZ4d89CvannvDUYtT3sm15N7eg7oqJataU6i1xKNn2johY8N0fuyWju7Q5nDfw7/Ofzn8P+k8Bfu0uUG3228eum0x4bbpRP/fKS7bOGYUKmGocz3Yu/D3VvqnuGsIaHwINkGwvuQksWXQ19JFlP+qjho2tLoIrS1+JC/Kg6GdB011REfXfZdbnhO6qFd7qSLL7lAxVuExAfn6HXBf7gAmrY0upAJDbp4J31U7CIkPjhHpweB6mxompOoaYw8xOziI+OJv8xbOChrvPBcwXpuUQWqs+Ho9MB4r4e3WFlaxC9HtG6i9Q+Y/dheVgaDUcvz2RLTIMv/HP5z+M/hP4f/J4W/XOEhp5a/nLGh6gRIpQHKMcWHUgaE/n6WnlgUPytcL7fmfyjlIRLl4Jy5M2iucqokhqOvJME1ZHERzZospK/fsAi7G8/B/loGL0CKBJF4TVwwz5bSSqpxO3pd1GenaUvjafNkwZN7eAsHkVKixPayMqoxOzo91IemaU5C4WNDvAeY9Y0Jx5OFRx78cONb9rvo/5rmJJ7WzM6BLD7PAR22l5UhpURJaZP7ER/b8K5k6k8kC5fQJYuU8j+H/xz+c/jP4f8J4R9J4J3YjlMopMONjaRufrgUu+nGBMgJApTbvEjKchFpPYRwHRXDWTqmS19pSNfBcmyEbzrr0NNFuLvxHGwtPmhzuMVnOTYCz0k9vvNfxXSBbSmtxC/+cYYXcOM19fEWNTmy73LTRUoe+u1lZdi5t55nviIRrOSBpYDf6+GZ24TjC9ZzC4QsqnDjiWnOYNRSbZtGJE+O9RYO8gJzdu6tx/ayMrpAH/9pHjwHOJNbSokS0TluDJj9eLahgS6+sY4Yaspj+Z/Dfw7/Ofzn8P+k8Jdrqp+pboBy+wKEE3Zk9x3O5SBmXWAVGSmewikfkVgupptVIRf/y6GvFPrPAFCNmWjRnpN66qPTtKXhO/9VjN2NU3XUdzeeow+U0CdHtHOyMIWLkUTPkgUh9KkR7ZosLuFiEo4nC8TR6ZE1XniOvCdattDnRhYsicYl9B//aR7V4L2Fg/AcmNoBEI1eGNVL+J/Dfw7/Ofzn8P+k8J9pYTWdsVJtbqV2xeHa9YZSDIQuCbkmdLlR/5EoDx/HEQl9paPXRX1xrOmMPBxsLvTStjx4TX3Y3XiOpt94TX08nxsxtRGfHNHOPR16OJ8u5eVRE+2W9bkRsxjxcxHteqwjBhNPTJm0yEIRjmfTcuSMn3iiHAXrddT3N/FEOcY6YqiWbWBya9k5Dpj98BYO0nQckgJ0ZVceXXRkHiSfmJjyCP9bSisxh/8c/nP4z+H/SeEvJRzk+NtDddCTE1DHXhuqCJCcYLZIze3hzPpyd9GRBDbKUR4ixf9y6SuFpjFybCmthHa5E4Z0HbymPlRi6jNSuINcz0bbapc74T9cQBcl8d+lq5PQv7KGpu5sKa2E8+nSoGhb7VoXAtXZdFE929CA4V3JMOkz0b60hmrE28vKMPFEedB4EvjCasehxrcvraELzdHpQfvSGpj0mdSPRhZboDqbmuTY6FxClwT/AMAKrQHewkEYjFpo17roDoBcz/4wzeE/h/8c/nP4f9L4T6dBTqTdAKcTQMia+sNF+0uNCZcJEE6wC/+XY7mYbpxCpPhfLn0l0YS7Xo7B129YRCNnSVENz0k9lrblTZYMTYH/cAG0y51Ug/YfLoCnQw/7axnYUlpJ/Xj21zJosEm6Ogm9E4N0kSYXqPCbr46huc+NQHU2xjpiMLwrmZq9AGB4VzJ9+E36TLQ5rVMVs0qU+L8vKkXHs4U85Iw3GLX4vy8qKV2DUYs2pxUmfSb9ESBzIea84V3JGOuIQaA6m5rtyA8HwenKLs4vR4p3kIjeHZvKkVygohXL5vCfw38O/zn8Pyn8wwm8UMJSrIRvuLHCa6X86KFoyHUnyLEOhFJs5MwnnOUilPIgZ0w4bC6XvtJybISazn704hFsKa2kgTm7G8+hEjpat7t3YhAJt/bg6zcsoqY04q9LVyfhsXus2FJaCeUVLUhXJ8H+Wgai/17OGwcAzqdL0dzn5vmmTPpMfPuOXmwvK4NiXRfVghP2VKDNaUX8VhtdXBNPlEuOf7ahgWrMcsbv2MT9T7T5HZvKEb/VhjanFQl7Kqj2rljXhe1lZfj2Hb0w6TMpbWK6Y8cBXI31FVoDnm1ooOU+t5eV4aFf1cLW4oP9tQzq15zDfw7/Ofzn8P8k8A+1o4/E13y5NfvFFIFQgl9O5UGp+4SrXCjVRljOvcPxKCdHPxL8L5e+kjWdadrS8It/nAkqt9m/sga9E4NQXtFC03KIb25LaSW0OU66CJ/44SXkr4pD78Qg0tWcL4osvsfusdL7FabF0GCX6Bw3XUQ/eLAVBet1VAsGQBfPt+/oBQC0L5Ue3/xIIoZ3JdNFHG78t+/oRWFaDNqX1tD3ZDGRe7Y5rShYr8MPHmyl94zOcVPTGgnK2bGpHIp1XWhzWun9yJFSosTOvfWcH67XBeUVLTTPeQ7/Ofzn8J/D/5PAf7rCTGhqljs2koA7omCIBc2xkfxin7M7dLEMAjlBclICWY7lYrqxB5Hif7n0Vcnzxx91HUmAOtsLl9qOQH0ir9ymRd0PQ7oO2Te6Ye/0oiPGDluLD4H6RCQ1zENjcT3GdWOwXVRBr4zBsN2HQOYI4i/lUiIJGwex53t+pKuT0FObCOOQCQCQFBuF2tKP4I3zorfGhwRNHGwDHvizXchoKaTj9ZsG8Jf7fJxZrC4R+cPS48krvjtL1vgEDbcI4ruzuM8SE/HK7h4YbxuD/wjXKjhB8/+x9+bxbZ11vv9bi2VJlmR5t7xI3rN4SZq1adomKYVS6JTMTIHSMhR6p9DOMPCbAcq9A9NbZrhcljuvgc7wY6AXpgxQ9hJK6E6SlqZp1sZrHcd7bMuWFy2WtVmWfn8cP8dHx5LtJC0N88vzep2X7XPO83yPPpb0+e6PlZmiCeZetmE3WBkKurHcHqArOY3155sIhyPErDG6ktN4B+apvXeBhXkd55la1qYzVjtDgUNqX5pXmc1E9xxX8b+K/1X8r+L/VuAvWgELQhNtZJWtbdVtatUtb5VtZ1ebq5yvbLcr5ygo5objCQKBYFrZ4XhCnqu+VlFZKp9Xzle2+lXKVLfyBbh++3pZvvqacr6QoWwXrFYelHOVLY+7ekeley4D/4rK0suSrzUMFRO5YJHjQTGXJ6Whhq3EvGyDjexfbyTX7aTPE6bva0UpGrvQugFcjqmUOFyfJ0xtsQnL357D7xgGoO+hPDn+JTRe9RBxNDFf/2AX43n9aefv3RJn75Y4LseULH/F+Z4w43n96B/sorbYRJ8nnBJ/E2uon62wQUvfQ3n0ecKUemuwH2hatnGHSOwRSTuitrigRid3PbuK/1X8r+J/Ff9M+Nc7vZiNUfRuK1WW0jccf3V8+FJ3A7yUuWvJF1hLjb96rroMLl02/GpZ9pm67K1l06JMLXrfDAwvV76ucl3Ow66P+ZntyCJnXZJkVx7ld4aZ6J6TW2weOTmG+/+WkBzOI1bgIWekbOnDpDVx4WUt9j8fpzagwW4NUTCag90quej8QbOsnefnZDF57SmyftGCMZgra7cDz8bJ/eA06/xa7NYQpaMW7NYQdmsIf9Asa9f5OVkMbzuF9eebsETy0s6vbDQQ82vQakyEYxHs1hA9R7Izzs/PycISySNxtIjhbadk7VzW6BefQ/lMvndN4v5GPi6Lg/ycLPo8YfJzsvBYhkkeKcd72MTx7GEKG7QszOsIjERw3aFh7gUrOS1JZp+1UH5nmNBRaV/uq/hfxf8q/v818U8mYfiYNuP88nw9BfE8Yi8VMbzttAp/C1bzHE01ZsZO5eNyTGO3htD/P9P0PZT3huA/647LFqh6U59Mm+uoN7dRWuGrzVVbtsqNa9Jt+CMscfVcpUUsyFzMU96vXF9pOau9AOk8E0oSFdfUz5PJc5FukyH161V7AC4V/8uRr6v/i+TD5jwt07Nekl15xFweEvN6onPzZFuycP/fElqCZkYDGoyVQRbscwQHjVRabUsuLq0J/bki7NYQzTtt3HhTAzpTBM9oFLs1RDxUIGvkZX47/qAZl2OKaxoMDLqlD4exuzjjfGIl8nzXbOp8j1eDK1+P4fVibDYdz2i7mLs+iOf5IrZdr8fhzMYUjstz1POTzMgf9JakgUJ7hOiCkcpcC/5bXqdowkLTjtRnip6qkl134kt0KOhGUzVL9kIWC4EsdoZzOftLA8aWsOyCC+lnSb5mI1k7JX/5GXcEuYr/Vfyv4v/W4D80riH3TcK/0jUPC1FcBbqM+BfkxmjcmcQKFE0aU/CP39THzGsVNO2M07B+Ac9oFADvs64Fu8GqfSPwFwrAW7UboHq+0pUNyGSWyY2fztWtJPjVFI90xHr99vWcHxhLO1f9POL1qnFZi/KgVAAuFf90z3gx8nXb/tL48HT/AtG5eRbs0tac2ZYskl15BF/NZ0dlghMXtBgrpU048iqz+Zt763jqwCQWrQmXY0p+QzfvtNF+PIDOJDWgEB+khvULtK87x7ZEOZWNBsrMSXzBCL5gRP7yUc7/oe8krUEP15mrOD9bwO6GKMVlEW74u2JMEY08X6NPotXM0lHbS/5kITuu17HJUszh7gsU/NksyVOF5BckKanIpiwH8qxGSp3ZVNqThCLzeOciVJXa8QUjXNNgIN+po+cmNx+8q5zfxdsxzWVx7y3bmZ72Mz3tp/14gOadNqJ+r/zM/qCUMPR/flZCn9WPbWucUC/0D2i5sT6LniPZZC9koa+alz6I+WEadluZnvWi8+dQcsMCV/G/iv9V/N8a/FtqDZTXJ9DOeymrMjLSE+H7U8dl/FvPW9i7Jb4q/vWxIuqq9WyyFfNir4R/fl8JDruRivUGyq3L8Z8JhgmG5slJmBib8lFRl0Pf25fwzx0xsassB0NukuCwljyrkTyrkUG3VisUksvFXygAajJRk219TRkT04FlFvq73raN02d71jxXvW2vWgFQE7WwZNPF4pVxfvU1JQGqryvnKL0P6tyDdGsr4+4reS7WojwoFYBLxV+p5FyKfJ2mOPbw3Ow8zr1mHrylme4cP55fGQm5prhOk8tL5+dxPTTFzAktM2d1mLfP85p3nM/eV8GZda9ja1tyt+UkTLSet9DTrSPq98ofxOCwlr7cafpyp3n7rS6etXRj7lhKqFDPt0+UUXDHLGNVXgaDvTQulDKvWeCpvG5enZ5ivb+QUHSeE8WD6N45j73SgKHVSmG2hRePmnF48+kPXyBmm8U/Wk9sSoPFESVLB4e2nWe4ZprXvR4+8olGopNRPKNR8qxGTFYt3bM+uhPSfuF73NVMTfrpPBPg5Ckr/qBZ/vBnG+Jk6ReY+6tBPvdAldy0QzTkqPp0kLO/NHBjfRYDLjfJ12y47tDw97c205hXwQWTj3lzlMGOOa7ifxX/q/j/AfHP6cbcKeGfyFrAkjDQet6KbiGAsySXUp+D5J4gYzVeRhmU8Gdl/Ev77Rh1Ws73+tmkqWJ03EfQ7scRtTPizsJWHpfxv1A9jX86ynvuq2GmO8L4ZIghdyGu8nn6Y7N0JybIsWspOmUnNyebqE/D4LgfXzDCbCjKfFyLXr9AjikWn/urQe3l4O89paWiOHdFi1lY4uks9PqaMtlaXsvcTES8miWuniuUA6W1u9Ykv3SKh9riVuYJpFM8VvNcrEV5UCoAl4q/MgHzUuTr6vYbHy7fZpBbVs48IZWnuO7Q0Do9Se29C0z1JCh9xwKBM3qm/AHyqrN45hUP461h9PtjbJosxxeM0HreImuldmuIk6esRP1e8qxG6gIF+K7x0T49wXT/AtsS5eRZjXT+6bA8f9RXSWVDLje9+y4qBowcOn+Kz394N99pP8WmhXI2xvMYa/ByJj5JyUQx+pvC3LWhmacPDlAZymEs7GLztmspqWhgg/EGOoenudZ1E+0j05QS5vc39nBjax11YwWsCzp41tLNjDlMnb+YAbcPq95Kra6I1rkJwt4ktOp5xnSO7FsXMHWYKS3wMzSjp6Omh73WSjr/dJj+QyGOu72YCzT0Hwqh85rk1psVd0RpnZ6UWn2e0RM4o+eV6BhHXh7g4zdvpzcxSTSh5UrDP7/SybZQwyXhf/v+O2jYuI1ri9/NKx0DvG/3h3i5a+Aq/heBf46tgGsTTZeEvzc0TGhhHtNEPnOaUsJDU0z4QlSajFfxV+KflPA/c+sg+Z023FNZ2K0hSRHKhgp3GadGhvnvH9kl4182YWFmcyAt/o3JQi54AgCEIhGu21BCoTaXgfN+xj1aik16GX9ndwGV8Tyezz/HQkUcXbdByl0wWajVl9A6N0F0EgzuAjoMA8zs85F/voSKIhPTc1m83tDBO/LL6PzTYe3l4i+qAARptDRUyKSbzt2uzipXWstrmZspFr+aJa4OHwh3dqbqAuW4lNDDSlUAa/VcrKY8pFMALhb/dLhdjHxd5U36h80FGn72s2GSr9mIXjChz40Ts8Yo32ZgqidB5EUzn727jleiY0SeLMF72ETFHVEW5nUYvtvI2Z1dRE9VsXdLnBcKuqlK5JJFHLs1xPSd0xx1D2MeMTJiDhL2JrnlQoMMXP8vSujdNcK7Nz9EzfqNsGDCmptLls3FCc9BLph8FBebCZ2UNPzZVyxo9wUo6TTj3xjkqYP91M/uYc/b7sdoMLF9x3bKy8spLy9nT/NeysvL2XHNdr7a93W8A/PMdVWTp4Px6QDt/nHsjmxKR/PJznNSsfmD+GcL6defAJIET7nIGSnjIx8uJ9m3gM1s4Kb/nstLZy8wmx8n9p/1JHfMyBm5DNqw3B7gU7s38Nx35lIwjA9lSTtyeTVoC8OcdU9jztMS8CW4EvC/8/qvsqFlMyUFLmrrGrEU1vP7kSfWjP9t7/k0VRUunFUucu12cu123rb5beTa7Vy37Vq+1PPPq+KflQyTjCTps03//w7/wshusrOz6Ol7nXx7CR5vnFHj62vG32io5sLY6+x2JnHmgjMXarQx+fcfG7tWxX90tohT7UMka+f+6+D//mnyh6xccM8u4T+yhP/Ir/MZvN5DtT9BtUP6IrY4E2RZ5zH6jBzNGZDxd9aZmTucS+JGfwr+zcHdFGXNk2c1yW765u1OxtpmybMaiS0EeNk2yORQhLc5NxOcmCMcneeEZwS7I5vsbiPVDjvJZJLWDpirnsEaz8YyYiA4WMFHPlJOsGOe7LwE2z9qxX9mgbEZMB3NJdQQiRVu1OguFX+1AlBSYJOtzdXK0NSla2uZu1JSmvq60hLPVAaozENQKgciLJFpXXUMP51ik05pUZNoJs/FWpSHdArAxeJ/ufL1hQ3aZbtGjTwqdsIyyz2nnxkY5h9u38i/HtAulr9I98YB+4EmisrmgGwA/uyhfM59R4rnvXNdOd/+lyhDAEidp5JF75b/KWV1HdxYcB/u4WEcTicOp5OKUinp5iulBxgZn+AF0xcYnykDxjADXuBY6QAVmMnHws3X3UlFaQn1LVsJe1L7IJuKpZKQR249IJ87eeIknrEjQB9JtJRs+RjuYaksyOF08me+T6ALj9BR20Ffn1bafMQ0S/UuK23nYNtQFePTuSnlOKJ86G9uL+GZgWG5RzgN0q5gBswytp//8G6++NhRwEzhuj88/pXXfEzG4r49UjJVJBDAaLNhtNkozpcylL/+7qfwzHj5lf4zK+L/p+/4S4rz88hqaGR+aiwF/6xCqR762+95Sj43PDhE169/KOM/Y9xAy/rrMdqkZ8kZ6fwvjf+h1+eWSnjqNpLd5aRv6DVqXc3UupopTUo73d3urWP86RZm3/HqivhbF/IoTbbRsLeJQH9HqvVT0wTA+/tF/dgUR89rsOeUyvgPzlXRN9S+JL87SXH9df818F9fzre/HgVMEv5JiM5DdpYEh6PQD8fMOEusWJwJgsNagsNaLM4E9ZVWsn6Txfi7gthL89Fo4uSbo4wr8C9L2mlyedFnaQkOa2Tcz/UMYXFK4YeqUjtVSTsswFzQzYA7gKvUji6hJbm4HcuA20fzThs7ymIk52qIzmgZMs8DGn50ro1B0yzVm6x0nTRhGDUT1+gxm8KU52UZOh/KuWT8Qb+sNO5iy9EudW66Ur61NgNSJv9d7FbCa9mwaK3td5U9/M/3T61YQvhmYHi58nXr3pv18HhrGJ3XRPSCic89UMUr0bGUzNF4Wz6j5+bpcY0z8GxcbnYx8Gyc+iotRZYAWcTxBSOU+e0cdwwyVuXlqHuYCyYfsVcLcTmm2JYopzb7QwBs37GdsdExCvKLCfr9MvHbLKlam81iodC3DXtePkXGGQpyLZwdcKNN6giP6vlg89eoKC2RiT4rxyYf8bkAWTm2ZeeL7VYSSQONs7O8MjpJxfyGFPmFheUUODawoXkPBt0IRwdek7tmTR6JsU5bjE4XxGBL0vkLrfzhGwq66WseoePfdUQvmEhs8ciNOHJaknxq9wae/m6UTtMAn3nvDo73jmMohD8k/vtq/x4AZ5ULv89PPBolHo3KxJ9jMqXgn2My4YzewLp16zHEBpfh/8Cub0nkv0j0OrNVPhKhWXRm67LzVoMOR6mLitFRXhmd5D1Nf5kiv7TESXFFE02bb0LH0H8p/IePSzHa3c4kF/waArOTeP0emfgtTKTgb2GC+f6teAID7FjnWIZ/ve9mSpNtMtFn5xXLR9TrITuveNn5koSH81Mhbst38sroJOHe0DL5czMXyNFGqWvZ+F8Kf9dMAaNTPvKs0v/BF4xQ7bCj1UDMr5HJOCdhIubXYDZmUZU0Ys9LcvCAARZMuH0TmGLZ5I/asV8wYcWMITeJITfJuW4/lY0GgsNaYn4NA25J1oDbhy8YIScheQkGx304Arl0+WcpCZipKbNzrtvPlDvG6TYrVY4E5fUa7DkxTrpHJPw1ED+uY3tjIRXlOgbHtLS+kMBlKbtk/EUOgNoNr46JpyunU7vA1zL3YmL1q1UBZIp1K63fdHPVWfLqHACRe5DO6lZb12vxMGRyzaurAC4H/0uVryvYpHs4+ZpEkvrcOD2ucT61ewPH3V4iL5rReU1UfToox9+yF7JSamB31GvlD5Fwfx11D5NXmU1eZTYDx2bZuGCgquVutu+7W3bPA4yNjuFwOtmwrmEZ8ZuKK2TCNmsSjI2OkTBWkTBW02C6jgbTddQZdxL0+0nq9BSUlC3TbgT5q0d8LkB5eTmjvhwG42e464a/yijftWE3R7p+xORwEN9IjJ2+7RwqOEuZ306Dw4Jv0RICiJRMMuUPyJjNvWAlPpRFTktS3pQj1AvzxgCv/jpKyQ0LjPct8IfA/8Z3fZbmXX8uu+cB/D4/RpuNMkfpMuLPKiyTCduUjOP3+bEWt2At3sT2kneyveSdbC1+O/FolGgiia2geLl2abamxT8RmpWewVRH68wR/mz7vRnlVzXewOGOH/zR4z/gy6LMvOSSB7jg11DramZj7sQy4rfVNMmEneVt54JfQ9/EHH0TIbI8uWR5ctFPWPD6PRjsLRTkJZfhLMhfPaJeD85ceKlvHsqj7DGYMsrX6xc4P3/hjx7/aocdizOBKS9JTsIkE7JQAiobDTKJ5yRMciigebuTmRk/Bw8Y6POEqS/3URiwUDBnpiEnX849KDMnifk1MskL4s+zGukcj5JFnGqHXVYwAKoddoxuLRoN8r2+YIS2cT/X32Ci42SAcHieRK6WCxf8zA0uUDvp4gSD5PpMlFtMBLxWkkkAzSXhL0IAajJRd5bLVG6WjghXmrtSrD5Tol+6bndK6zcdSSsTE9PNVScAqvsIqMMPmWrs05UBZso9UCsPK5UBrhX/TEmDa5WvK9LZHo7VzuC6Q8OUP8DCvI6u5DSh6SQh/Sw5LUnGW8O47tDgHZhH5zVhieTJyTZNO+PyB0Z8aO7csoNfHG3HNxID4JPvfUwmfeUoLy8nEJzDZrGkEL6SuMOeEU6eOCm75625ufIR9PulLF+/n2K7NSPhK4cyRFBeXk6tedeq8nMmnTTl2ukP91M6W4D+5jnCTWGOuoep7Qa9dgAAIABJREFUTZRSYJnGHzQTNHlZyJew6j8UIqdFwjDbpqcrOc1UT0LC9IL0xTzbkUWkT8ebjf+Ddz8uk75y5NrtzIUj5JhMKYSvJO75qTGGByUHttFmQ5+dLR/xqFSXHI9GsRp0GQlfOZQhgly7neaCm1aV36DfSaVG+0eL/7ZkoUz6yuHMhaCmBAsTKYSvJO5AfwdHF13Lta5m8u0l8uH1SyEFr99DScKTkfBTvlgUIQJnLpgj164qf7zbxp+07P6jxF9n0sA75tmQyGNdg4vCAjuzcZ9siYvjtXMxvCNz5CRMWJwJDLlJ1jW4ONcjvfd7unVcU+en2mHHr1Acqh12Bt1aBt1aksyknBejq8fINQ0G+fk8o1H5eq4lm3zr0vPnWY3kGubxjEZp3mnDHDcxPwzlATuW+Wxq7LnM7PEy5QpyZszN24uLSOJlds64MGv0aS8W/0xlgEoCylQSp3Rdr3XuSpZtuqx1dbmfuglOpvwAdZleJgUgUx8BdX7DSk2EVsMlk/KwUhngWvFfy/9lJfl60R4SpG0l+w+FKGwwExiJyPtabzpexe8PSZtklI/aFuOZUh1qcNjOyzf3AOB+KcTn37mbc89Id9yR+zm279i+LB6vJuKR8Qkq0lwXxC9CBivGedKskW6I6xcr32KI8rfX3ErfYD9Hj83y+Q/v5ke0URKcxSft28FOo43RmyL0Hwpxw2gVozd5KGxYjqlxPszoT0zEXB5icd40/P+u8Vs4q1zL4vFqIvbMeClOc10QvwgZqIdyL7F0a6Qb4vrFyv9jxL+gtZ7dzuSyeLyaiMc1LdDftuy6RPwaOWTAYm7AUt/alqU1YNka6Ya4frHyr2T8f7+vB41uOf6hF8rZu85AY66V6tv1nHtyiOCwFtAuw6WxNJsBd5gBt487bm7mXM8Q53qG5N4Ht+2P0X481XoH2HpzJRanWNcu5xFYnAm5BFFqCWyXzymVA61GIysG7celKoLmnTZ57oDbh1YrzRlw+xiJ+RhYxP+nCx3wsrTO9XtydUPnLh5/Tq9uNF1KXsDFzs3UdnctO+etZX1ljFw5Z7Utdd+I1rwrbcbzRmJ4KfJ1dfuND4t4m3C9jbdK+1R/avcGnnnFw1BfguvCJdjacuT2mnZriGqH9OVX/oNibG057DZX8aylm8E8HzfPfmYZaaeLyZs1CQLBOQLBOWYm3PIRCM6xYV1DSshATeRmTQKbxYLNYuFc1+uMjY5RbLemyAl7RojPBVLOZZLfefI4sUgorfyBAZieKUE3dQHtiJmfD5wlrzKb2pESfMGIjImtLQfXrJ3jkQAxaywtpr99RNo9zHmrlmhCy5uB/72531hG2uli8qZknLlwhLlwhNnpSfmYC0coc5SmhAzURG5KxskxmcgxmZie8EhhAoMuRc781BiJ0GzKuUzyJwf6CAcDaeVHIw7i8XqC/Z1/FPjrfutKIX/helfH5LO87QQ1JQQ1JUz7NPIR1JSwMXciJWSgJvIsbzsWpPBB67CHC34NJQlPipxAfwdRb+q5dPKnsl2cOXOWZLI0rfznT/k4/doUtTm2Kw7/7c/UUOmx0hytkPGvO1qGJlaMd9ZMT7eOYs08zzT0snBUJ8f/hTu+9byFJDNyGGE27qP9eGrvAxEaUFv3s3GfTPiGXOn/HfNriPk1nOv2y259ERoQ55TD6IgTGtVJPSCsITn/QB06yLMasVuM6Eat/GLgLPaKbKLHNVQ77JgLQ0yORS8af3UVQLrNaJSkom5Fq4wpr2WuOttebWmrY9wrldqtFONfqVOf2iORLtNf3Zo3k3WdyUuQqT+B8rnSVQFcLP6XK18bGIlIW0SORPinJ7sobNBiqzDyD7dv5J+e7JI3kRhyF8qH2OTiP7Vn6T8Uks8PuH3yBhOC/FezyMVwDw/LR0VpiVwJINYQ66h/V3oItu/YLlvtYc8IYc9I2nvV4/muH/Kv7R/D4ZR2EFPLV64fz3878YVKSEqa+4/1Z2VrRIlRrHaGyItm/unJLnljDrElJ8CD/7Ne2tP8TcJfkP9qFrkcvw0E5KM4P0+uBBBriHXUvys9BM4ql2y1z0+NMT81lvZe9XjixL/zpWN3y1UAavnK9ctaPvJHgb8g/9UscjH6htrlozTZJlcCiDXEOurfxdjtTLLbmZTDBYH+DgL9HWnvXRYWKJikzfw4ta5mgGXyles/3+G9cvDXnCXvBTuFdVryigwp+AMkF70XLscU3/zhdArpK3+6HFNyjgAgJfspvAxHzujlvwUZW5yJFKtd8gAsWe3i3s7xaMo8YckL+QNuH6FRHb/RdKLVJFLOm5PhFGVDjEJLPvq4Du2sFqdD+sw8/RvDJeG/mtWovpbOSr+cuatZveqNfdKtv9q6aitfSfpr2dxnpWuZPBeZ1sjkcbhUDC9Xvt7Ql0+sdkb6EDIDLL1RAiMRbHsgtugtH952ipqbzBx/1MhOo40bRquk7NPFxYbcheAaXOZuz0S+59tOr+jizxQyWOkeh9MpufQVlQErkf/I+AS7ivzc8c7dfPGxj/GVtx9Iu7ZyfYDJZwNYx8a5Ni71Ge/y6rFumWEsMk5p10ZJs98TSvlim+pJEBiJULJDKq2KnLBgiBjfNPxXI9/Rns4VXfyZQgYr3WO02SSXvqIyYCXy98x4Ffjfzdff/VTatZXP8M7b3svkd698/Fcj354BLWhaUhSGdO56tct+pXtqXc2ML5L4Wsh/XNPCrqLeRfyf4HZvXdq1lev3DbVTdHzrW4//mIR/EC3xhVT8qx12qh1xmbxvrM+CHxTTvNOWQtJKchYkLhSMorI5SEo7/AnSF3OrsafMFec6x6M0Kkh7ciyHvVuy5fkA1dhT5M9E5/j0J3fwr//vGar161LCB2qlpdphp9AS5U8TzQw87aOXMHlGiOmyMbbMMRaduCj8IZKWTNIR5lp351tprnrXvraekTW58jOVDKZb92IINZ2rv6Whgqd+dyrtM70ZoYE3Av9Lla8FSB4pl7eKDIxE5J9CaxQ1us5T26QOU/dFOB4JMPoXHlkjF8d7Y5sZODbLyPhERtI+33aalw7+iuDkN2WLO1PCnjhWUwSUhO0eHl5RvnJtgCPVA/zoXBtajTZjwqBYXzxrQ1MuIa8N952THI8EyP3EGENZA/KHz9CXL1szSkxB2o5z9CdLiT9vBv6eGW9G0h7t6aTv1DHcA1+RLe5MCXviWE0RUBJ2JBBYUb5y7ZXwT9dTQCgqVzr+45qWjKTdM6Dl6SOdNK7vlS3uTAl74lhNEVASdt9Q+4rylWuvhH+6ngLiWa8E/D3vmybPKpHpqx2aFPwFiQrPRPNO2zLyV5K3sOgtzoR83pwMy88o+gN0jkeXWeVHzuhlD5CYo5Sv/Fstv9phx13v40fn2kiYk7KS0X48QOd4VPYGiHuVHoIhdyFZtwU45JvG/Kl+hgyDl4T/Wse73rZtGTFd7FwlCYl6dUG66YZQEFYitbXmAFwKKaer+18LkafD53K2/L0Y/C9GvhakhhriTQPQfygkf/gAKu6L4NsvfRnYDzTJ2mX8qxvlN7h4g4o3ejoSPt92mvNtpwlOfpPTGx9ZNVlPeWSyypf9w0pLcDidKyoBYc8II+MTKUl+A8dmuaekiZHxiWWhBvVwOJ04yq/lmgYD171YT8V9EbyDCSqPb5WygPd3UHGf9GETH8L+QyEZY/WH783APx0Jj/Z0MtrTiXvgK/zK9uCqyXrKI5NVrh7F+XkYbbYVlYD5qTE8M16GB4d48dhzKfh7ZrzLQg3qYbTZ2Lnzjisa/3Qk3DOgpWdAS+P6Xmz3j6+arKc8Mlnl6lGabJOt9ExKQKC/g3FNixwuUOI/vuiRUMtNwcvVTHff8FuOf/gb6zAaJOs8vqCT8S/Qm1KIdu+W+BKBuyOYcnQkb4qm/N+On5in/XhgycJfPK8k+3QErw4jCBe/2sugVCDUiYALlgUGjs3yzth62eqvdthlWeqwQ7XDTvNOGy7HFPkvOi4bfyVZCCK+GJK6nLmrNfJZLQSQ7no6kkxHhpnGakrHWp//YpSHS8XwcuVrRd9oZShAxOAApnoSjDwqfRj1D0rxo/hXN2I/0MTktacACGlM8ps9OKzlvbHNDLb9SHaxD5x5mtd+dy/ByW9y7OD/5kj1AHeva+GXyV7cw8MpRLyaQrDSEMQuuvoJ+UIJEFa/8h738DB7B6r5SGnLita/ev3T7c9zqjvOAWc3JMH6M+mLSf+g5G4bedTIVI/0JSFicAJj444gkQsWjDuCvFn4v/TUV2QX+/zUGKee/RDuga/w3E8+l4J/JBBIybZfTSFYaQhijwQCKS5+oQQIq195z87Ga9Piv5LiEAkE+NXT/3FF419tn5dd7IH+DrKy+2lc30vCfyYF/76h9hQiXk0hWGkIYu8bak9x8QslQFj96nvS4b+S4tA31I4tL++KwD+RSEqufwXR3hRal0K+Q+P+pbg6EUbf7eHWG2o4WjJITPo30ViaveTKV1n4aos9E/krCVopX8jOFNfPPZzLtqGqFC+Eeqg9CMdPzBNf0HJkQzckoOKpRtY5F8i9v++i8F/NNa5212eKR691bjpyrqgsTUu64vylWM1qV/1KeQGZug+u9NpW81xcrot+rfhfrnzd1/+h+eHnFttm6rwmjHtCcgLOeKu0l7TOa+Jd3hoWjuqwW0Nc02Bg6s7z+EZijNl9uHxSVmHreQtVjgSlWx+gsuEG6Q07+U0iEemD+8tkL9Plc5jztBw5OcY7In8r1/aLTHxlRUC65j7pSFlk+QvrXfQJkL+4FtcTayvvCfr9FJS9nVjoJLPhPyHo9zM2OkZ5ebm8rnJ99/Awg20/Qa+JMVhzntxDLRSfK2DbhgWSzGBry2HTZDkdPj8h/SzegXmOu738w+0beSU6RvI1GyZXHOPGIAU1Ou5rXMcbjX/9ns9Q2/Q2ScEZ+AoT7hfS4v+Xhf8sW9QiE19ZEZCuuU86UhZZ/sJ6F30CxBDribUBuYcAQNdQgrwcN3kFDxCPRvH7/OTa7fK6yvUjgQAvPfV/rmj8h0I1aIxSd7zG9b2Yi7LS4p/1XLlsUYtKAGVFQLrmPulIWWT5C+td9AmQSXFxPbG28p6+oXbi8Q0UF87w5LNhvH6pmsCZi7yucv2+oXaq7YkrBv9B3QxVSTMF1qCMPyBn31c77NgtRiobDbxcfgG/I0x2gYaXj49TdrKQuUhYzsoXc8bmNBRb9MsUAtHcR2T5i/tDGhNzs0FOnrJSZk4uk59nleSXVGSn9CwQzYiqHXby7dm81j0v9yJQhylEnwKxrtWURXvJILbDzeyz2CkxgdUMkVNcFP6iCkAQYrpd5yoqS1O2/BXnxeY1or58LXOBZVns6vi3utFNuh4CyudNVwcPZGxApMzeT1d9IDYZStdnX6wrzit3Q1xtkx51rb+yCuBS8S8psF2WfF1/uffhkH4W1x0aYtYYhQ1aTk1NMfOEiYX8MIa+fCruizBcM42tLYchdyFJZuia9VC9y0peZTZdsx7mu+vYuyVO6dYHZFe8zWKhsGQfhSX7mPIcZqMmn42afE57p7mn+F+w5ubK96mPc12vM9TTLZflmTWJZYQcnwvIVn4gOId7eFgm/kzrCgVADPEMA0MWHE4nc72PYy08x8CQhbHRMZI6vdys6FzX61Ioo7uf8+teJ65NUPLeWVp8eXJMzm4N0fmnw9i2xpl7wcpCfpjkazZ6XOOYCySMS2v0hL1J7rt2M1/6bRtvJP71ez4ju+JzTCZKy26mtOxmJtwvpOD/8ZpH0Wdny10A1cf0hAfv2IhclmdKxpcRciI0K1v5c+EIkUBAJn4hX30IBUDZUGhbyzZisXqMNhsDrz5CwnCSWKwev89PNJGUmxVNT0idB06dOHvF4j8UqpFd8RYmCE/NE56ax1yUlYL/+nPvJN9eIncBVB+twx56Byflsrwsb/syQo56PbKVH9RIZC6IX8hXH0IBECPfXkJpso0XzsSpdTVzTdkczVv1vHAmzgW/BoO9RW5W1DosyYuHTVcM/jZXFudm3TL+ohzPkJuUtzkW1vNGTT4VIwUMRAI4z+Sj1SZly120Ac6zGpmbDTI2p2FuNkjzThuG3KRM+Ooh7h9yF64qH1LbDSvXICkpHaJksNphxxeMyDLFNe9shGjMymlnJ/O6BOXvCRF7Wc9MIIwvGGHIXYi/ZRjju8Jrwv+ZH3vkTnTq5jnpyvHUhKLerne1uepr6chaSWTqpjxK8lupjE9N1OnkruW6+vUozwcCwbQKSKZNetQyRzx+WQG4VPwvV75WJIYIN5twu0UvmOT4W/+hEOU/KE5xtX2ktIWBY7Pcva6F6l1W9txyC6VbH0hbQgewvvkfueZt35MSiE4UZ0z8U1cFiNLAkydOMjI+kXKcPHGSkydOyveIfv6Z1jYVV1DfsjXlHvFTyHu2smcpzr+YSyDkO5xOsrW/ZXhzB1W7rFTvsuJ7ZSHlAz7kLqT8B8X0HwrJcbjoBZPsjhMYF9To+NG5Nt4o/OMlDur3fCZtCR3Apq1fZtst/ynjnynxT10VIEoDhweH8Mx4U47hwSGGB4fke0Q//0xrZxWWUd7QmHKP+CnkCfxFSaBSvtFmY2Ls21cs/kOhmrQldADTr4eYj9bI+GdK/BNDVAWI0sCjwxrGNS0px9FhDUeHNfI9op9/prVtNU00VCdS7hE/hTyBvygJVMqvdTXzzr05VyT+G6qWnmNdg2tZdr84AMrO2pe589Vud+GqV24OlM4lr8wzWKt8dY6BUhk4v11SskSyobpawZCtpbNhCX/Ns0YCiWx5LWfpFJsmK8h/wb4m/DNl2V9sDPxymgSt5Epfa5jhYrPtlUlxK+UQrPW1Z6pCuNSNkS4Gv8uRL6f9xmpn5EQR+4EmOTGn/1CIDyU2y/E95XhvbPPirlKk7OKXLoFP/Lzmbd+TO12tpgQIElaSsSBvkeynvHct8pW/K+V3tz/Ef3r+joIanRQKWKxQUMv3zzio2mXh7nXSF9At2oaUZxYYfSixWcaz9h+9cvKSOAek1OFeLv4P3HWnTKbpEvjEz223/KeM/2pKgNgdUBzKHgEi2U9571rkK39Xym89/d/5Zv9HKajRkVfwAO6BrzA+PbRM/pWKf31elkym6RL4xM/5aI2M/2pKgNidTxzKHgEi2U9571rkK39Xyi/YYObcumcpqNHx5LNhGtf3ppV/peIfinplkhXtey3OREr8XelWV8bU1eQ85C5MuUfct9IQiX8XK9/iTMjvh+cqz5Nfq5NzEpQVCULGvM4u4z9zdJ5NNgfmZJjO8Sh9oz787/fiX5hjI8UXhf9aEubU59/1tm0XPTcdUV1Oh7y1KhiZyDFd2d1qikam3QAvNd5/Ofhfrny5D0DNTWZGHjUSP1XD3i1xDvQk+NpfbaH93xJyq9PyHxTDYsJL+/FFzdS13MrOFKtXKgGiB0B9y9ZliXfC2l5NQRCKgIj9r1V+uvueSPaRRLKCTm98hL0D1Wnlu6NS6dYXHzvKe2Ob6XX7YFBo+1Pwg2JG/8LDKB4+9MJmmj8u1TTv3xLnyFc3YsjrZ0A/Q/Uua0od9BuFf6ZEPWVTnm23/KfcA6C8oXFZ4p2wttUKgidNxj/5eXLsf63y092nxP9XtgfZO13Njq03LpNvNNmuaPwzJeopm/LMR2sYXyy5a6hOLEu8E7H80nStfxXnSpNtlDqX7l+r/HT3PZF8Xsbfdv84DFSnlW80ZV1R+OdXmiEJlcU2mbxd7qWkPGXpnzgnevyLkjtBriGNiclFL4PymtplLzwD6oTBy5H/XMV5Gf/Z9/ixjNvSPgfhmSX845vlvgMWZ4LwnBbfs2bO3nwBjXlhTfhDhHFvhNI8o0zoog5eTfLCSj/8YkfKvUrrXWlVq+eKNTOt+663bct4jxhK2cq56ucV54XcdM+0UsLdSq9ZXTGw2j3q80/97hTj3qX+C5eD/1qecSX5msb7SYqe21M9CfYPr2fA7eP35YNyNu63uruJf3WjvMDktafYNlSVWp5S9NcpFng6AlaS70sHf4XD6VymAJw8cTJjF0GRhZ+OmJXn1yJfPUR54i+Tvfy5po71zf+YUf6z+i8w3Orh3eFGtBoNo5OzxOILKS5K/YNdPLB+vdzQ5IZRCa8Dzm7mxyPYSsxETljwl3t4I/B3VH82xQJPR8BK8u07dQyjzbZMARgeHMrYRVBk4afzHCjPr0W+eojyRIH/pq1fzij/F5HPXHH4d3bXpVjg6QhYSb5PH+mk1tW8TAEY17RkXEd9XTlWmpdOvnqI8kSB//TroYzyfftefUvxn9p5iq3DqfgLklU+g2jgI+4RrvnTL1xIIW1lkp+YL+aqk/HSnbtc+dlGLdGIpCz8MtnLLRca0noYhtyFXL8pxugWP+Ndft7mcNJ+PEBIY2RdkQGNRku3J0okpCP80f414T96OkKB2Yw1L3U3ulnvUoXAm3HtzVx7NbmXc/1S56Y7Px2SvDGXg/9a8cwkX7Pri8aksulG+Q+Keen8PNmVYVkzn+pJYD/QRJ8nTG2xCcvfnpPelMdm+UhpC8FhLcmid6e44lcq2RPkL+5bqWGPmrAFCStd+MrdAsX5tbQgFl4B4Y04aPk0M/0J/r7lR6vKHz/9LfTmJOf7/JxxDlGwWIMrMPLt76CwQUv/oRCGvnyiF0zcWJ/F6F94mDsHgYkQhqFikjsDvBH4Ty/8GQDX3lSb0oUv3RDkL+5bqWGPmrAFCStd+MrdAsX5tbQgFl4B4Y34Mfcz05/gC9t+vqr88y9+7YrC/9Drcymu+JVK9gT5i/tWatijJmxBwkoPgXK3QHF+LS2IhVegZ0CyMCdvfZ6Z/gR7uh2ryneZ+68o/AG5658oy1OTs7DGO8ejTI7lLGsBnKlDoDr+r7xPrHmp8pUhgSPVA/j7k9yerGFuROWZGJP2Qbhtf4zZIQ0jkwH239XEyeeGOWBo453BTZiN0jMUls7Rv22I/I2siv+1zvs1v/zV11cvN7k63vCxbv17NE0bqnmr8F+3/j0aza4vGpOw1HlL7Bg18qiUfWrcE0r58O3dEufnhrPSbmDn2tg7UC2/qUuLPiC55UqjKWSsJNHXfncv65v/cUWSX81qFwqE7JYfHk5pJSxCCOnkp1t7ZHwixROxknylAvAbYweOnVKyUvBf1rF3i9R6VPklGHnRnJLMZKswYkpqCUyEqN5lZWRAKkR+I/HfvK0ohYyVJHrq2Q+xaeuXVyT51ax2oUCIEQkEUloJixBCOvnp1vbMeClvaJTPpdsxUHlOKABXGv4T3nhKTF5J0oJEs7L7mX49tCLJr2a1CwVC/n8Mtae0ElaGBFbyJqzmPUgnX6kAXGn4Z+qdryT1WJaJdYXZskWtbPML0H48kELewmoX41zPkEz4SsVhrfJDGtPizoOS/Nv2x1jX4CKxkOS1wyNr9kwAPKN/neKd2aCBG4aq0GhS9zFYC/4nPqPR3HHrDkYujPNqxzBAssC8lEkvrNSqcqkkeHDUQ0F2yXeu0vfyMR2d+KgSJ2Hdq7BU480bhf+lyNflNsQfTr5mQ+c1EdLPSs0irDFK37FA4IyewrPrpLh9nR+7NSSVpYzm8cuBM+RVZlPYViC/+Xt6L+CZOEdVXR1Bvx9rbi42y2KNZd95hjs+zy+TvRR7Wiks2bdq3F7s2Kfeya/YbuVc1+tyyZ9SDkB5eblctifK+MQug6KccDXyzyQ/PhcgEJzj+GtHMd8c5a4NzTx5sJc67BTm6KRdxUrn8QfNGLuLCZq8crOT5Gs2QvpZEuF5qndZuXtdC08fGeCNxn/Tli3Eo1H02dnkmKQv6PGRYXpOfZpfJnvJd5+htOzmVeP2Ysc+9U5+VoOO6QmPXPKnlAOQa7fLZXuijE/sMijKCdXkr5S3kvxEaJa5cITfHz98xeEf8OajiRtJZkXx+j3k26XyOYAhXymlpX38MtnL1qISwlPzq8btxY596p38ShIeWoc9csmfUg6wbIdAg71lWSmhkvwbqhOyrNXkR70egpoSRqfHrzj80zXwybMa5cMXjNC3dYy6QD6VjdmUmZPLavtF6Z0yVv/974YZ6x+kq81DTsIklw2K42LkNzik76nKRgNl5iTnuv3oTBGGW2fpHI/S1WOUdyYUJYU5CRNJZrBbQynPN7V+jg80NfPiz8bYkJ/PwQMGbtsfo6dbSiRcC/7P/NjzhY315QQCQVGW9nBJcR7ZJgOxSIzw/DzXNjmxmPR09I1dJf8VhllvOe32eraudxVQUZzLiMePOSsLa56FbJMB3+wcgBpv3ij8L0W+vM2V9CYxEumT/n5g/Xr+aU8XPjrYdLyUIXchRWVzcitLMX5uOMu2ZFXK5hsz49k07kgtx6soLaF7EjkJ8GKGMkygVBbUlr96iGtKj4B6ZCL/TPKF3Dx9jDFdgi8/doyKs9cQz49I2Cy661yOKVp3jmMEHli/kX/qkTKYhQZ+97oWHnn6Nd4M/M+empRDAcqEPfeA9Pvmxs9DRIoN6SsaVn39yjCBUllQW/7qIa4pPQLqocxBWIt8IfdKxl8ZCki1xM1yEqCtZu3vf2WYQKksqC1/9RDXji6WCKrzBwT5X4x8IXd9UeKKwP+3WV1sTJYtc9eLXfrEuWQSqjW5jMZ9WBZxsTgT4E610JVr/PNX3YBkUQv5ai8BkEL+meQD8gZCKaWHbhbj+IuegeTUYhVCXC4/FPcpZUTmFtBq4MuPHeMWS5Pkqdg/xLoGF+sehF//uJNTW8fWgL+ewy+mhqBK84xynLjALNWV/+LpE4zrDJpb/voGzrT1LnuPtB/uonnfRra01PH9bzyJtSaHp3/4PwH4WcdZHvno4zTv28i+D2zmkY8+TulCjN+elSo4tm7dR/M+Kcdj3wekio/3NW3mZx1nOfzjs7Qf7qIxW/pcaa9rYEvL0objksJgAAAgAElEQVRVZ9p65b/PtPWm3NsZjcvrbmmpk5+7/XAX1hoppHLk5wd59+bd3HHrDk69OsRde+vZ2CQZM10dYbrGl+LtG0stdI0HuePmInKrlp7hu//3GBtLhQFa/7Ev/erl5B237qCgfyoFz8HRpaQ8dZLeWvCfq8/TzBED4LqTc9xZLnmDPlGWyyNjfjbVNgOlH3tXW+ua5euufdD8cOCMnsAZPaXvWMC2Nc54a5g+q59P7d7Ac9+ZQ/MRP5X9GuY1WUyO5RCaNZAzUsYog9IXjblKXrDKkcBUUoM1N5eSmvWyBQ1QWLKPYk8rdsvWFIt+tTi9mC/IPz4XIKnTE/T7KS8vX5G4s3Jssscg6PeT1OlTvAWrPYdSvhhjo2M8a/g1eZXZ6Cd0xPtLCM0aJFys8xRZpI1iZp4w8YVP1POt7m7GW8O47tBgLtBgy9Vx5OQYkRMWyvcneaPxDyc3UFGdj72yVragAUrLbibffYYS57vQxKU3ktZWsGqcXswX5J8IzRJNJIlHo+Ta7SsSt85slT0G8WiUaCKZ4i1QWvyryRfD7/Pzs8gPrlj8B6bmybeXUFZTJFvQAOGpebYWleA7P7rM2l4pTi/mC/KPej0Y7C14/R6cuSsTd3Zesewx8Po9cmMf0RBotW6DSvliXPBrOFff+5bjP84QMc1CCv4xv4Zz3f6U2DrA3AUtoGHhPOQkTCkWv7hXWOpiDbs1hD9oxuWY4poGA8UWveyaP3JGT9POuGyhryZfWW2glK/0DAhF5JoGg3yvZzRKTsJEntXIgNtH63kLUb+Xl3SD5NTo2BAoIn82B3d/gHPdfsKTMV45Ooz7vZNM/dq4Kv6z7vgXwvPzhOdlj9TD125dJzeWmQ6F6Ood5Za/u0PTevwcrcfP8cTjnyFUAtXNpQx2jMvkD+CemKGkuogLr43xve8+z/e++zzra6ppPX6OO//+7Rz+8VmuM+kY8fi5+/7/BsCT33qU/iFpXr7WgrHYQKdnnPc1bcY9FSRh1tHRO0HEZeKmG6Vs9txGC9HJGI6SfHIbLRz7Xdcy8r/nk7fjKMnHUZLPE7/5HfbF7yrP4CTZeRLGH37fXbzy098yNuLnix9voW7HBoz2fIz2fCobSoiO+SiyGCiyGJaUgZCWyoYSmfwBJoMx+fiz7XVf+PZvjj0cnp/HnJXFppYaZec/Nd6sBf+5+jwNwCNjfvzdUvlmky3BptpmPpKVS8Pdd5NdX0O0t5+m4OQX/rVrZE3ytcqGHaJGVGwe8a3ubox7QnKyi3Lctj9G0avbpIYcqv2t0xGxIG9L0V9z8sTJVRP/1HOFFa5MAsxk1a8UVljr3gPp5AtvgmbqKbIWdAwdC5L8/dKGMGIIrIx7JAxF7E1gPN2/gO+XpcRcHv4Q+Cvr8R3Vn2V4cIik0bKm16+s51f28lcm/a2WOKgca917IJ184U24cPY7f1T4K+vxO7vrODqsWTXxTz1XWOHKJEBlHsBacgqE9a7cB+Bi5IuEw5s2Wq4I/PNf3ZoWf+UmPmKDH2UsXlmXr97wR7bWF8+pEwVFc57b9sfkePvlyFeeU+/2px7VDjvD0xEOteZA2IjvdwtE2/UpVQmd41GseXrihsSa8P/2S8/IcehM4xfHv64509Yrk/z11z2IvzMoW+f3fPJ22Qrf0lLHlpY6mvdt5J5P3s49n7yd73/jST7xnbt45KOP0354qZfDSGCWkUCqcn+mrRd/Z1D2HHz/G0+mKBhP/OZ3HBw/zn98+dfy7z/63e+k98i+jXRG42iva+CeT96esibA4NAQY8XTsvVv2G5Jka+06gH8g72yN0B4AMT4m08/wd98+gk2llq44+ailKNrPMj+XZvTbvBRlVfCtU0Sb337pWfWhP9TLZs0L5qWuO7O8jin/kpSQFr72rHdKoVzA0+/wJ7wMJ9+TzmNj5aklf+/c7Qp8vXijWHcEyL6w3KmKqYpbNASUPBz/6EQB08ZuG0/BIfjbL25Urqw6HKCIdqPL2nGVS3pLWlB3MI1ryzrWylrX60siNCC6AgoNvZRhgPEHHE9U1+B822n1yz/5ImTPOH7En/OZj5Y3khRQTmHhl6n2mFnyC26gWVx8ICB4W1LHzpA3o87eaScwM2jaK/vT0mCeiPxby5Ob0kL4hau+aTRwmhP56pZ++oqARFaEB0BxcY+ynCAmCOup+srAFyU/OHBIb7e8VdXPP6Y/GktaUHcwjWvLOtbKWtfrSwIN77oCCgIXRkOUPYU6Fvs4pdSPrj4e8/A2uUfHdbgbemF+JWLv5rIcacSaLqhdNs3O21y5r7arS/O3/EXzW+ofEHgFmdCDhOke0b3mIaCm3tw9DSjcdczH9NTvT6W+t4ozqaz1cyguXdN+CvHprffTOvzL/CLp0/I59733Q9rHvjcY3zrf32Yn3WclUn++994EkAm2jNtvbL7Xrj7hXv+nk/eziMffVx6voVY2tf38Xds5t+eOyvP29e4mcM/Pss9n7yd3EbL4rqS8mBdJO/YySCxk0GqXC62tNSR22iRn0387e8MsqWlTlY81HO5P5XwlUqA+H1XFRw72C57AB4/cl4OFaiVBoD/9pd1HDvYDrs2aw4cO5tU4rmWobz/5c9+ShN4WtrL5ZEx6XtlU20zm/eN82nKeb4jn9//27+wqbaZ//HS67x44wb2nBzmLBa4q1Iz/fiFFPk/GdVjql6SpQ+MRIi8mI9xTwiXxcH4i2GmkLRuUX5jB4aCbr75Q7jnxiJOv3CBI2f07N2i5RxDsobeftzH3i12kouWtpJwRX2/uqRObuSjKO1TZtyr4/fqvAK1QpDO4kfxPBcrX6lEnN74CIljSSyVC1iK/pr+4WFi8xMcOaOVs3O/+cNpyXI4tQ1OwdTiNqZTPQkiL5pxWRxES7wEJkJy9vMbjf/0Arx6qI/bFYQr6vvVJXXFopGPorRPmXGvjt+r8wqkLLQlhSCdxS//VBH9WuQrlYhf2R4koZHwd1R/lkggcEXif+h1Frv2LRHy0WENu52CaJcy6kuTbRKRDyyRuzLjXmrBuzyrX/l7qXN59r/S4s/kGViLfFmJGGrHdv8404vv/85u6YsvNp9/ReGvdrunc8OnI//gsJaQxpTS9ldY5eKcXP73Am+YfKViEBwmI/n7vBrOXztA+NV5tm6M0z/iBxNA6voHX568KPyV49lDL/GJ735Y876mzTz605elePGPz7KlpY6fdZzF3xmUFYHmfRtpP9xFbqOFwz8+m0L8n/jOXfg7gynX0o0KW+bwn5B73/uvl70OwspvP9wF/XMUvL+E6Z9OsOVPlu77GWdlr4NQToSyop4bOxmkwmZl0DvBHbfu4PP/1sZde8Oy1f/5f8vcqVPpGVAqECJ3QPYY7NqsEZ6DjU0mujrCPH7kfMZ1N/kMmv994wYaPvMwrqc/wc4LP+N58uXrn35POTDDZiB2MsgegrxY20xrXzsspvS9aHLCos2wpz4oew/+x0uvL5OnFzWivCh9yFzUMP5iP7Y9S3tv+/Z3ULuoQX5/8UPockwxvXAvFXkazvYOUFVwarHOFQbbfkRVy92ydT8yPpGW/NORupKMBXmv1hFQuY5Sxvm203IL34uVr9xSWIy717Xw5WPH5KZHYp6h7UeAne+/NEnuB6cXte1p6cvrQBMsluOUemsYCrpprNEROVHMAB4uB//6Pf9LJlD3wFdk/AOe72ErvlduzuOZ8aYl/3SkriRjQd6rtQxWrqOUMdrTKbfwvVj5yi2F1fjLTY/y87jtLz7Fcz/53FuC/6HXs9g9l2Rc00Lj+l4Z/2r7PAO+LNm6H9e0KMh/uVWvTswTZNy3WN+/Wstg5TpKGT0D2pQWwhcjX1IchBexPQV/ZdOj8cIWXFln3hL8j5wphDNLIQGBv9rlXs3SVr3txwMptfvKZD0zYHFmSdn/DBEaN6WsoQ4NvBHylSSfqb9A26sB3FN27v1AM//8ygmMjgTVC/ZlCszhjmnsd01TsH7t+LNTRWKdQR7tfJncRguPfPRxXn7lqzz605dlt7xQDMo0hexbdOsrCVeQ/paWOt7XtBl/S1C24JXu/7Tv34VYirtfzLv+ugdTkvnkxMOfdqXclxKG2rcxhfjTzRWhADEGvRM8fgQ4Iv191976jM/6+X9r44sfb5FJX0n88t+LHoNdty2F6jbSK6+/0vj5/X/O5q8XceKrMVrHRmXLf+hWSTE48dUYhu3S695zcpgXa5uBdv7HS6/LyYEAjwDUwtubZvg/fXF+MqpPVQBA6hU98qiRe24s4vsvual9MEL/oQgsNvMoREvfQ3m4LA7sFoA41Q47FZukL4jNddWc7YXD89+jeo+V4L+sA34E3C273zPF6NX1+IL4Rf/91eL6K3X4q2/ZKisBa5GfTtkQisDpjY9w4LE5Hmj+Vso9DqcTzeTil4LFAQcc9AXdUi/zB7uY6klItc33ael7yM09Nxbx65/MU35nmNGfFBMmfsn4p26o81m+dOxuGX8X3+PVQ/em9ARIF6NX1+ML4hf991eL66/U4a+8oVFWAtYiPyW8oPIg/Mr2IBcem+PBXT9YppDIX8p/YPzLbEGZQDu7Wzhhf0LGv9oxJcXb0VDryhyjV9fjC6td9N9XuusvtsNfQ3VCVgJQKRHp5KcoA66WFA+C7f5xvvxYH1t8+5cpJG8V/jAlZ+gfPGAgfn0H9j1ZaL5bz9a6hByvP3JGz16WvhRTNvdxp7rmDx7QL2XTNyyv+1cSt8h9ONSaw8EDJm7bH2PrzZXynDXJTxMKUN8TOG8i+2/6+Np/hLgluoGnf5Mt5yYolY2qAh2RoxW0/zxM2T+sDX/1EATe/o0uPvGduwC47/3X8+hPX+a+918vZ+bv+8CSi15pbQvyz2208OhPJUXifU2bed//2swDn3tsRSWgwGzm2ppCDizes6Wljus/+mDaeL6S6MUQIQrlPSvNTScf4Isfb1lG6sLd7x/spasjzOb1DtlDoFQU1FUDag+BWklQy78zJ8Lbm2bY/DdF8vlPlEmZvoamGZ7/2sPQlGrlv3070MFiFUA7N3z8byltuh7X059g874YP2Scbe/1Qpp8eV31vcmHzQUapvwBzr6o454bizgTnyQaiFO+TUpy6Xsoj3tuLKLKkaBpZ5xz3X5az1tIWLMZn/FRmp/H+IyPfcULHO6+QMl7Z5l83kl17jk0ofNYyrZjs1jSZtwrqwTElr7KJj42i0XO5l8tO1/dLwDArEnI2/lmkq88xJpi6+Cg38+vZ76MzZmFfkJHU+E75SoCERoY7DuJLxjhhpv1lJmTbHblcPixBPn7IpgLNHgH5lmY13Gn3cX3X5pEu2Wc0FHpS0e/O8il4r9+82Z5q9y5cIS6eG8K/hvLOwmMn6agajc5JlPajHtllYDY0lfZxCfHZJKz+VfLzlf3CwAwJePyM2aSrzzEmuI1xaNR/rXt4zL+W8pul6sIhMJy+tWn3hL8s4oa5K1yg5oS3lGVlYL/vhY91UUG/PN5WJhIm/mvrBIQW/oqmwhZmJCz+VfLzlf3CwDI8rbLz5hJvvIQa4rX5PV7CDT1y/jbQ3VyzwGhsHinBv7g+Cuz97VaL95ZM7dvsXO4+wL224MMP13E+q0L5CRMDLq1DLq1JJH66PuCkZTsejG23lxJdtjHc4ezOHY0SEHRDOsaXLj7A3KGv8WZkLP85eqBnFn8QTMN6xeYnvazrsHFbNwnVwisJF9UDXhGo/J6Yktgcc+ponNYXHqsYyZuva6RnHiAuUiMM+dyqHJISoKoJqivsNFYmbNw+LGEdi34P/6lx74AUi363MgUQ/559n1gM8d/0876mmr6mOGVw73kNlp45XCvnHl/7HddcmldSXURjpJ8mWAdJfkYiw1EJ2NEJ2NsbXLy6E9fxlGST8KsIz8YZsTj5/F//x6P/7tUEr6xvlzeznZ9kYXuxez/W9+zK4XAt7TU4SjJl6sNtrTU8aGbdsjk7+8M4p6QcF5prmdwkvypuRT50+NhvvjxFnKr6uRKAJthlqLiLDnW/9rLo3LW/01NDpqrCnj8yHnaB2doH5zhpiaHXDUgFIeob4aob0Z2/5eWZzPi8XPwP37Iwf/4Ycrrf2J/CZv3xTjx1RiTMRMLYzE5/j9zKMzNriI+5DHR2tfOhNfDP//PJOODOn5QHGbTsV6Z/Hu+9jAf8ph4fmeQs4cNDIJcPZDltMjy9SI5BECzd5TvH4HcD4KhLx9uitD3UB6avaOQKJJdZqIrlSZQxSHTQwzarbANqgaq2TZUxSkG4dpTbL3xTyRXsHf1THuACpUVvtaNfd7IIaoNRlRhANF29KDl0xCU/r4j93O89NyzJJOL/b+PL7UA1ewdpe+hcmr/0SthWRHi+y9Notk7SvUuq+T+HCrmcvB/9VAfh0wPyck8e0mPf2B+9Ux7gOJFy3ulnv6C/NfS6vdShqg28KjCAAL/H3M/zEh//13jt/jh9777luHfN9TO9Kbzi/g/Dxne/0NPrp5pL2W7tYFr5Z7+gvzX0ur3UoaoNlAmFyrxP7LteSYX/y5o1aCL5P7B8B9w+8CNjL/LMcUT+jac78vBwlQq/ptPs67hT6ABLE5hxdtTXO3pNugBrWxdHzxggP1DWP4/9s48vK3yTPs/LZYtW5bkXbbjNbGz2E6cQDYIZGFrWhoopSVAC7T9oO0MA53OlK+dUgY67UyH9mMGhhlaKC1LgUAphRQIYckGWZ3F8RbvtrxJli1bu7VZ+v44PsdHsuyYkkI6F+91ncu2dN7zHN2W9Oz3U0xMyiBRtf7V1wZlKQWhLmBxZclZ5ScqEJQPEOoecqBbkIz16ATbc5fxjOoDohthYHeUa1bqYyMJUwWHSelR1Xzxz0pNldjmxDB9417B+5fXAjibPTM8aPnfYhHg3hfqhccbiIkEiNGFx264jV9846EYj1suH+DVM1aJU0DcJxbzyesKxOflyv/ph3eedW/j3hZMk8GE8luaJlhfSkwhoLO3MzbUb/XM8O4Bapfkx0QA4s+Nfy6R/HeaMtEXXQ7Xwdr+l6Sc/saCPi4a9EohfjEqsAYkgwGYKggUigavqB4j+GCQ/VoTV6yGQwj8AXL5qqSs0P0BV5jyLalklCWRudnP2CtaggvHmAypMHUv5N6fmHhF38bJ8Ajt+5IxagSFYxtuY13Wtzhl3c2dl6/mT5NtjLxTTNpAAb4FQxQFUugduBSP08nQ4BC5xvQ5++5Flj3R659VScyDQ0CMENQdq5u3fHlKoK3lDPt376bM2M6FC7KpGC/gUG03Ny9ezs7XO7ne8EP2796NNjlIknqS8KSKBquT3kv6GV09xj9traFtl56xnGF8ajfRU3pK/9FDRlkSt1bU0q91EEoNMNDg4y+Jf4SbCAcCOB1O0jWqOfvuRZY90eufbZ2td18eIejrNc9bvjwlYB+28eyTT5KpPJ4Q/+9WPcazTz75ieKvCKegtacxFLLMiv9vn7cy7hQY+fIitjn7/0WWPdHrn23Nh0NAjBCIilxjXE7SeONZ94opgdN9NpQTBjavSEqIf9bpCpQTho8V/x6tm8Dx6W9npyeVJZEkhpxu/s8Vtfwp3MbIu7H422xOfANKiVVP9OTFCILD4yctosUddkhKXvTAjek+yQuXFwWKS/S6y/KNaAxRPH1KTnfoaG9VEXCOo9L6sdudUjg/kfxE3QEaQ1Q6R6EAozuVtdpiTi/r50tV1RzYOchV0UoMpRHJ0LDbnbxXN8GZdWZsK8bnjb//dPIDE6GQ5IGaLl2CrXeEJeVlnGzuw1Al9OUffq+Fx356W0z//+Yba8lU6rAMj7Fq+SJScjX0NllZtXwR9921jV+/sIdMpY7bb9jAyeY+AiNBuhjDak5iuLub1CRhsqRc/vtWV0IFHpOe2Nsieffi84/f+zKnj7bNa2/N5mX4uq0z5A8NOKkpzWKg3cZAuw29xs2pDwYZsYUZsYXZ3+DgneNmTNnpUs//O8fNUhpA9Pw3rjOATxnDHzDiCVLfKlhoOr1aYumLf/0Lx4fIsHtJrijndkMVN/UKRbVfSzKQE7bS5Fby7X+6m28tXclvdR30/X5CihTsSk/B2TpJTtjK8LiNK9vcbHUHMGXmseJw54wIQGpSEqpF16bcL4baRtsjjL0ivNlLrldgPT3BvT8x8S87W7A8nImpeyH+vBGqMiYlkgzbcBtpAwW8NXqUjKJkNOvtBI9k89mqrxEML47NCRcW0nTkO1h7XptBBiQqXpfHi8vjJVURmTdZkLi/t6uD5rqjmNtbGRocYmhwaIb8sNclHfHyxfC/yBNg7uqitCCKxhDlUG034Y50TuwaRFtfg7lLoCxLUk+Sm+nCmO7DmuYlu34xPbvDHE3u43v3ZPP6e/2Ub0mVyE6C6UH2fdDDnZevpjMyQiCi5C+B/7eu+hHa1FiWRIPRyKn3/5ahrj+SY1wbo4xFxeud8OOd8KONhuel6OX7rQN9jPR0MT40gNPhxOlwzpAf8bmlI16+GP4XeQIaTp2aFf+GU6fOC/wV4ZSE+GvtabR1hWNef7EBdCYPKvX4DDIgUfGKJD3zUdbxitvsMHHsdBOdvSP0OxX0OxWMO4WQvkgaJFIBx6cL5CkFcbiQIpwyK/6KcMongr81ozsG/5WVGsomswmOBujNcKBZJ+BvPZnBaH8KIfe4RO4jKmlRkYsKXDQCYgr3pp4vqtJICllMF4jKXP6YxhDl7b1JlOSP4vSkYkz3UXc8nYBzbvnyawadCslAkJ/j9PrpumwIX18qJ3YNktefjy/gk1II7rBwz0sqNdh3Z9PxZnTe+I/v08QYAIqiLGy9I2z8xgUcfq+FTKVAuGMZHsMy6iEwEpTC/4ERwet8e8cH1K5bLJ2Xn5dJF2P0Nlml3wMjQW6/YQOPPvwWudaBWRXgjY9tp6zGxC1b1tDFmKTAAYnsR8zriwr+ZEMnW69Zz8ZvXDDnXhBIgEQionj5bV0DtA94UKUkM+IJ0tLtiyH4qW+1xCj6HJ2GmtIsbrh6AQ+/dIbG3jHuuHOTRCIkpg+WlaeBT4kqJZmOQQtZGamzvv6+Ibi8JIdAZzeBzu6Yz/jwuI0mt5LPXb6Wtf0vEazz8MiQk7eX6FEVaviP4yM8viQdZ+sk1fpIzD6x+G+gQB0jX1W0RX1/apaC7j0+oqf0BPq1qA1hgulBCi/U8NYhG/79qSyIFFOSP8olRXkUVWkkfuqVlRqq14ZZqctjb2s/joEgn636GqvXrKawsFA63GO/YtS2F/fE5zlcuRtdW71kBIghd7EGIN1gmLcRICp+cW+8XPEQDQLxEI2BePltLWfILy4m3WAgKycHUivoaeunZdRMvkdLj9bOlpJMlpVFyU4LoUkOU5iXRfEyFZVKo5DnC+bhGPZwKDBE4YUaRtsjhM1JQrXzuAJl9gT1FjupGUpcjgjnGv9vXfUjiktLMBiN0tHb9TOGLe+SkfVt3jL9Hm3LCckIEEPuYg2AOjl53kaAqPjFvfFyxUM0CMRDNAbi5duHbaTo9aiTk6mqqsJguoD6uua/Kvy19jQuLo5SbEA6Vq5LJTUniZ27J7BcMcAyda5kBIghd7EGINM4fyNAVPzi3ni54iEaBOIhGgPx8k/32VhYUkOmMY8xbx89I0Gifv15gf+mVWGqMwwx+Gekp5BeInzZifiXRgxU5vkwpvtiwvVppPD+QBZc10Oh3UA0rJA8+B6LA4fHj9mSzcpKDbriCDWri8nOMpKdZeTQwb6YGQHmU26J618MwxekRnF4/Gj0UZIIz5Qf0dJsDUjzAOTFf2kRrXQPQ15FzDnjbj9Od4B0jxJzyhiq3lJWLEqOYQZMi2jRZkBOThjHUOa88U9kAOSV5Uge/uH3WqScumV4bMbvYj49kqqS8uuW4TEpSiDWC4iGQPfjB1ixvJyWzsGECvD799xMVa5JCuuLtQQizW/N5mXk5wltceLjYrtgVa5p1r1ieqMqWT2rfLtVKNCzjnpicvk5Oo3k6deUZsW0AorMgRdXJmFK1fPg4wf57JVLpZSBWE8w0G4jR6fhRJdlztd/zfoCfr2nm5ywFVPmdLH56a5GSYlfEnJzi03LqqkU9dieCb475GTHoJqiISHf2+RWxhzS90W6Mka+4vMvpUbFHlEQOLkHnkiRRnEOPJGCaXyauFwg+5jOY3VFplscxsv+xPWGH8YQ8sir7X/acBNZ5cKgCnu3EI64Nfc/Yir/E/X1z0bUI+/Tn220cKJqfzkToChzLvmWvj4Uo2/S74Qj2af44S0X0/WMYF32WYKYsvUYiibw9CklLngAa0a3NIVL05UpYfvP/7aUnzx1EH1eKmmLp3t0zwX+3616LIaQR15tf9/x62fgf2f5EzGV/zGV+Al68xOF68V2w0SjhRNV+8uZAEWZc8n3u1z01z9+XuLf40iSnrOv6CDrdEUMIY+82n7fkqEZ+C9p+0xM5b+8El8+9neuDgA5mVB8VX+ian/Rw4dpNsG55HeZG9myTHde4i8Pof9eU8+yvqVUmZJjMBDvKbCthayFsfhXHsuNUdLxIfl9J9XSxL6Xn22UagYSyQdotgZmlS8f/5uo+l9+H/JzugYdLCw04gnCgaQzfPumlZh3TNAz5JTqIURsolE42qzCH1TMC3/H03qF3edjXXUxHd2jfByrojybI019MTnwT+V/MvLVIJBxaEgl0K9ltN1HykYfwQHhgxno19Llm2DLCu9UqErP4soSTvT1c7ykl7L1dnoOT1eDy/vt41v0frj8eX7aILSWfFGxiH1lPVha+iRFHN+CJ1fEFhmRkJxVMN5AmK3XX/746jXTRoBY6DeXfKG+5rMU8SYZE5fyfMcpWA9rD5djytYTiehZXJlLG2ZKLNOtQWqPgCcITGej7RDo1/LIrlPce9vF0jCUc4m/vN8+vkXvxxe+zH3Hr4/BXyy0S8TUJ6vrojEAACAASURBVFfEfhmRkJxVMN5AmK3XX/54scwImJd8oKj2Dqh//PzDf3t6DP4XF0cTKl19eTWbWmEfQzH4d73dKCni+PY6uSI+uK9RurbEKpjAQDjbOF+Ai2mSjACx0G8u+ZQsZ0+LYAR83PgH+7WMK0KMecNsWeGNxb+4l7KL0jl+uHe66yc6ASTHKelsFhbbKRqoZLeifRr/0h5K+4wxufh4at6S/FFefzUbrjVz/VdraGs3S/LjlXmPxTE17mmmfLGwMJGCF68jDS3CGHPOwsKpnn8NXBWt5g9DzXAp5P9hkWRYiOeml0RY7JnglYPqeeMvrs0bP1ph6UC/9SPt/1T+xy9fsf4nKVHR+l6boudAR4iFPx5ntD2C83dZhH1GFubGsh7lFHi55SuLOPFuvzSb+ydPHeRLwVou+dqv5wzXtzbexx+inXxRsQj3xOdnpeiNV+Rz8ffnFxfPa6pfvGEgsgx+WPlvBR4iZ6Vg1Wt3ZXPLtmqe+V0nI0OxxBJdtgnUqQ6JHKXrvgwurUjieEkvGnMuhdsnGOgJcS7x33T7U3OG60+f+L6Ef0bWt2el6I1X5HPx96fo9fOa6hdvGIgsgx9W/uNd3z1v8U/OK50zXJ+1NFXCf+fuiYSKN5Eil3vt8WthSc28pvrFGwYHE1EEz0N+YO3Ax4Z/8mQW/tAkpdnaeeEv5tOnK/JjFSzAHye7uFZZzttvqLh4ORJBT7wRIP4tRgEAXn9VEyM/kUI/m3x59CC+ELDH4ojpApDvbTzqIhqFrsUjZKxSovQoyXg9Y0bEoqR0EnOval74d/1zmsLu83H91jUzptL9JZfd54vxgD+V/8nIV/v3p0rhtgP3aQUyjvvA8BW7QOyhExi6QCD6KMkfhSiceLdfeENb4bm2BqEVav/cQrW5C1hS82N+KLdapjz5uVr+ROUbT+gzF83v2ZS/GK34peerbGosY0nNj2dNM8TLz2hdQM/hDoqS9ZSUKznxbj+p0QlK8icwW7IlvBbm5gNaHNilXuanD4xgRMjrDu7Q4vcnfWz4J2UXsOKCn7FC9pjoyc/V8icq33hCHznN73xbA+VRgeLSEh4eu4FNJ8pYccHPZk0zxMvPmPzrxF9fXo39TBObKMCOj4uLwZpA4cYra1H5xg//Eb13kXZ4Pq2B8qjAxcVRGre+Q1VPGfYzvlnTDPHyLZN8fPgj4O+YdGJUmWbgr7IqYvAXc/Qn3u2XlLm81Q/gC+2CEhaVv6dPidmSPSNEv++kmpq1Qa4uDkrKvCSf2P8/xPD3z0d+G2Zpz/GNXVy4f6HMEDCwuLI45pz4eywOFtFwuJVKdVZM9KEs30hR3ihHWiAYCc0L//jQ8MexZgt1fyr/45evDi4cm/YkfjzO0/cJX3QO7NKHb+GPBSURfjAfsyVbysMBfClYy+8P11O2Pp1ozufOKnw2BsAFZ/G65XUFCcMfCa4xX/n7ynqg8b4YI2Au+Wv7vky/86cou9dzKqpCo46wMnuSQ43JEo4AXVNYisrj6QMClikhFYM7tARLbARlheIfFf+ild88K/6zMQDmnsXrltcVSPviDIncOQyJueTvK+uBE9+PMQLmkv+lyu/yUPO3zzv895zxsjXv7EZAvCK2KpZDd8MsXrdCUtbxbH7IZgRYYcY15it/X1kPmyjDfqZpxhyCRPK7jitgBfiO5XEMSMszfUz4m2bgf11wBX84dJqSi3Qx/fxi7/40z77A2y+0+k0XRcnD9PF5+U2rpvfGh+wTjfmtWav/0PIBTq/r5eKh4umIwbv9c96jbkALheD4oBSFPsqJNj8leRqONEcIhbIouv/MvPHnjGleyunjWp/K/3jlq/ULUnAN+Bltj/Cjbcv4l6+00DcwSPR3hTixYPiKnYEnUlmbouf0tU0SP7f4pjRbsrkwvxT7enuMYp2tDiD+94rcBXQ0nIiZATAfpa/NXYBc1dcdq5vqAuBDye95xy0R6cTfw2zyV69ZzcvvgLlwt2C1r09nz6EQKVTjuLaJFc+aOOp3YfiKHfPvgN9l4dp0HMOCFL69ZBk/+eGAtG+gJ3RO8RcV62x1APG/5zI91Y+4YT6JlL58v7w+va/XTJ/LRfEcij6R/J43pvGPv4fZ5BeXlkDz+Ym/qFhnqwOY8Xt3gzTVT5wBICTnhPkBcyry7unnD/Yp6ELBxXw4+T2HOyX8Y+5hDvkXF0fZiVD0CKBfb/1E8V+VX8LYqjEcPXIlO+0Vyzn548P14jXkeXRdcUQi1ZktXC+XL0YOYpX8/OSbD3moXpU1IwohNzTkzwl7oyjCSmzrTmCbwvH4oRAp3R8e/663zp0ymc2D/TiL2z6V/+HkqwyV4fs1XZn41G6OWsb50bZlHLWME2hIxfAVO/79wocPkEg4ooxxukOH0yPkME52K7g6KRvSKmNa7MJeF9rcBdLP2dbYsAVLXx8epxOP08nSxZUS3a6orEWaXjktsJy6V2z3qztW96HkbzJ9lt/vf4ZLyn4s3cPZ5Ie9Loz2hbQE3ufe2y5m5+udrLGWYnemkNKaizHdxwJ1MuauCLptLgHLDSHhC25nC4rBZO755wr21Q0xNjjBucK/Z7AEbWoopt8+KbtA+ploieQ/fpeLcCBAOBCgIN8k0e2Kylqk6ZXTAsupe8V2v75e84eSf+WCbezY81s+W/OQdA9nk2/vbOGCrM9xeOSN8wv/0VBMi11g3Ia+vFr6mWiJ5D9d5kbGnTbGnTaWGYYlul1RWYs0vXJaYDl1r9jud7Dvw8kvtYQ5OmpFPfZZujuPz0t+YNzGaHsWE6ax8wb/tDN5KJTj2AYDODx+qce+2RogSZodIJD3iO17omIW2/XEXvy2Vic+hRav2yO1CYrXE3kDRPldtgl6hjUoowaijH1o+flOIxavm8igUuIPELkB5O2B8ud6LA5C7QvxLRj6yPjLiYBcLg9j4z4qyrPJykhNeIyN+2b/Hh/3JTwSpmJDoRltcJ/K//jlK1ZekRkNLhxD05VJcOEY+gUpEj2na8DPJYPCh85syabLNjGV29NK1qhoBW9aFcY+eR2ZpoBUWDefnHxHwwmAeRXicZYQv7w74C8p//gbf8AXVXJi2SNTXpSbnCMXzsAH4P3C3hmY5hWmklUuhOEm/GHOJf4A67YsnLV1L34NtjcLkYB5FOJxlhC/vDvgLyn/6Gsvkl1YzB/195xX+O8545Vy5bO17sWv9h7BW5xPId5ctQLiOWdrHTwX8sX0gP5b1vMGf8mgXxVLviSM7Q3PCNvPRsMrjwzIn4vfKy/a+6jyxdcXH4UQUwLxz+07qSY304nvVgF/69EJFrWVUpyXxp76SXSalHnj7z+j/NjbAOVFaOLvn8r/ZOSr8hdq7w83ZBJZJXgSAVeYjLIkrKcnuGSwlMGv2jhzbBKdP4OVi5woowbJapYTcjg8fgLeU2Qo+9EVrD4rkY/IvOfyeGcd9ytn7ZM/Nts1k9L0UjQhqlL/xeSbBy3s370bzXo7tmN+VvWXMu7SkpmWxMpFTpyeVNqSrCi+5qT6g0I6GJUwBSipTZEKcMLhCOcS/wJ9D1mlF5+VyEdk3vNO+Gcd9ytn7ZM/Nts1VanpuO0j+F0uApHoX0x+KALPPvnkeYd/RkqEVWV6nKGMsxL5iMx7HkXerON+5ax98sdmu2ZyRi52h2Je1L8fRf7BPgXKCcPHhr++IU1g/ZsDf2O6T/KQ5Ux9IllQIuUrH7wjMv7JaXhFjz0+3y96+LriyEeWL0YVEkUhxPuLfy7KGPlZeuwV4yQdSqHInE1QnUxwwkOuMYjbm0Krenh++I8qHpgIhZjwhD7W3HO8B/yp/E9GvjQOuHsPkhXevceHfkEKg1uED6VpvFyyQM0WZKMoY/NiPRYHuuIIzceGyTQJ060SFebJh+0kGtXLLHvOFgGQe/Jih8C5kn/iyDMsK98y9fh0ceClYxXocjVMTo5itmRPjym1lAMtwhdYewrde4RQjKYrk8G4mcznGv8je7qovTBHGOyTwGuXD9tJNKqXWfacLQIgevI2hM6Acyn/2Ae/YeWSzwiPy4oDz0f8u3ZPDdEpWZ6wME8+bGdhyRw5/rg9Z4sASJ58ydQgn3MoX9ynL6+GvuaPFX8xwgJz4z+Xly0q72ZrgFTZ+eLPo8cCpEYnYir3468nz+vLH/so8uP3i+fJn0/0nMMDSX4Vy4MFKPIVcRGLMSLzxF/0PqXvzyLTX1z5DPRbYcrb/VT+Jys/hglQDMWlbPSRXSm82QaeEPJRYh4u/gsPwKfQSh8esWglmvO5GGY9OUtf/KQ9mFlw9+dM+4uf4neu5Lc0v0J27fu07S0i6ihj/+7d5BR4UQdDJCWFKY/rHQY46heiBgtuFzwJOcZ5hak4/mDC+EVrDBPaucS/aOU3Y5j15Cx98ZP2YGbB3Z8z7S9+it+5kt94+iUJ/yLdJTz75JPnPf57znhjmPXkLH3xk/aAGPbA+Sj6uVIAcnKfcyW/9Bo7va9lsWtfM8oJw3mLf3wIP9FKFPJPFPaf61rnUr54bs1a/QyDQXxuxQYD4YkothEFvW0TVF+oQadTzjA2inL1NFvHOBP0zQv/rsfUCjEUfbZisg+z5hPOFqfgfSr/k5Ov+NJz6VF5P2jKGg93bV3JI7tO4RqeshrNuQRLbJRepMP7n4shIrQGiXkm8QNQXJDLRFIei2quPqtwuQKezQufTx4/vp1wvms+8kVyodNHf82enOdQRBVccKAcxZThH40IH1C/Sktn7yTpaj3B61qYOCwUEBZun8DePSnhCELlrUhDKtLCnmv8V67fftbXL1fAs3nh88njx7cTznfNR75ILnTy4C//qvC3y+iBZ1tyBRzf3y/35s9mCMxoJ5znmo98ObnQwSXvfaL4h4ptlNXqcT9RIeG/tNSBLxCW8J+OFDDDW4/35GdT+PtOqs8p0c985Ce6/0AwzJDdI+0/vrELRVTBpT2lKBQzDYTCbAMWu5KONe14j6bNG/9j31Mo5uuBPvp2fbRm8zIa9wqDde68slYBsD8UjAJsTNIoZvU4Z1FSH4cH/L9V/tOdHVGAWxdVKP5c+Yot/5IadQ37pDeG/EMZLBFmRqes8eBvTUHfU4IiqEJ9Twuj7RGMr1ZLX4LFhXkosy6fwac/42YSKOlE58aT78x2Pfk1E/H5n03+bOf98M2buTb7O9L1Hm38FqXrdZS8911q1hZg6etDaX+DaAROdI4z8a0RAr8oQ5usZaSwB7wqUtYIfOkivjcvXs4ju06RVa7C3j0Z80V3LvAvXXHbDD79+JVISSc6N558Z7brya+ZiM//bPJnO+8fX/0Sd9X+Qrrevx3+ioT/RZdVkpuZwaHX/um8wn9/89gMPv34lUhJJzo3nnxntuvJr5mIz/9s8mc7702dBUNLgXS9OuMfKV2vw/VLEwtLaugyN3JZVdonin/Wzio2rAjTa3XGRF/mWqNOH+mpGoZGPTGKO16hxit0ufIXiX7kxkEM0U+7OaZYULxOIs8+vpBUVxwh5IFXnD0s7sumLD8drSnC845mytemc6m5dMY9BdMC1K0143/ow+N/97bGGRGA2VZzIBwVJ/GJw3kA7nr8Jr5cXcu3f/gUkUPtCvn5AFXJasVcXuh85f8l1l+zfOu1WdFgnYfiwcAMfPsKk6Oa1TqCdcJ7INE5AIoL7yQqWtmF24UiEXv3JI4/mFBu6KZsfTrdeyfIrRdoNh3XNpFdqWTgiRQW3O4n/OAySvJHcUWzuOrzd8ypqLW5C/j+S5v4502/k5Sx/Pz4YT7x9L+zMQHKnz+bfHnUIF4+wK53X+KQ4iXuuWUdrX/cKD3usPyersssXO35hbSn7lgdPaefx3KzjZGuSdZbi+k8oSeonGS09hR6U2qM9a3PS+WurSt5rm36S1fkkT8X+F9/43fnVNRJ2QV87/kN/OuVL0nKWH5+/DCfePrf2ZgA5c+fTb48ahAvX3zsF0dv5Z5b1uGru1l6vKHuP+i6zMKN/DJmz7P//bfnDf5GY8mcilpfXs0rnne53GaSlLH8/PhhPvH0v7MxAcqfP5t8edQgXr74WH3mTu65ZR2P/f20sbyyQkHXZRZcvzRJ6YKDfQpKDeFPDP+yW0Jk78hGqYzGKNNElfQAOfka9qcN8VnPQhQKRYxnnkjRxytsOdFP/PninrMZIPERBbPVSbJGhSlTR1pRhFAgwu9drXzvK2vZ/zMfSWpIUkdJS4vQsWqIpacWxMirrCjmvyP7cPbA9uTlk7tfC6h8k5F543/sewqFvBp9VmWj0gje5t3bMFTpeOSO5wH44NCDPPHiB9Jo3qcf3smtd2/j6Yd3xhgGI+/Wz2oEzEf+X3L9tcm3qjTR9PI0NKt12F8cJr1ciPhcVOdl9xQ5ZHp5Gmvu0VC/VyMZAe5uL6bJoCKhASAPEfUcdks/AXIWa+HpKvouPC5N6JLn5MyWbGpWbOOqbcvnzN+7Oxv5tfIuAHoPe7mz5rGEYX65go5X+PJcfXy+X1TMia43mwyAh96/g9u3V+A8cQvWE49xYqMwh/lznp/HGBphyxu4FNdRtSaPBaY8BqzDHHjtZ3zxZxk8dM8gVxTn0z3ppK85k5ELT0jei/xDKGIsftEleu7Pwf+r3/iGlEefi9b34bEbJPx/sP7ZhGF+uYKOV/jyXH18vl9UzImuN5sMgH977zZu315BpO1v6Nj/cwn/7TwWY2h01/0Kl+I6qc3RNjbOG8/de17gH9E6JcU4V9j+4JL3JPxXO65NGOaXK+h4hS/P1cfn+0Vlnuh6s8kAOJrv4vbtFbz9n3mUpHZL+GfvujzG0LikIo33O7ySLKtiOYGxU58I/uu0egqy0hkcdc8I48d73qI3vqjcwNE13RL+V44vRp+WPKtyjif6SRQtiCH6OYsBEp8S8PQpMQ87MVd4uX17BU3/4yJJrZLw39BZQstx96x1BBdcXkRLSy+Lrkvi+R+M+HVKVQqAeSRr3vh3PaaWUgBHmvrISk7sQPUVB6Pubi81m5cJ6Y+p0bzxa9XyRTz98M6EhkGVOkNhDwwjlwcwH/mzrb7iYLS4T6OYt8f9EeWnp8bqyxj95kPxl5Jv/aImeuH/CPrw0GpB4WtW66jdLMyoUH9pPOY5gDX3aDj2YBDNaiElJ+7XbjApRHlqMb9Ztj6dwR1aeqYIXu3dk1JY7rMLF/EmUHz8QsLHYa2sxxSg2JItVf3PlbNX6zPoecfNvbddzHM0gCdxTl/eyz/XWmCaVsTxXn6i6yZiAhTXc20NXO74g/T38FE/Cy7Lk+QMWIex8DlcDb+h+djXaWYYl+03FGQbeKy1lbKkQk61B3F6sojqglIOruewj8gH5aQUeab+dktfcP5jOjTozgn+8V72rN7HYRn+sxgJ8l7+GO88UepgShGfTX68ERB/3nNtDVw+8HQM/rlbp+RPyShf/U0OvPnvHNnzdUGJnYf4n61Pv2dchv+uxOfIe/ljVsnyGDpgU7QBU3GsoTDXTIGETIQAE4cE/GvW4+iaxr96SpYo4/2ORsqMIbrMjXShoMx48hPD35CWEhoYdamS81VKd68RlzdCwdJpbv4eiyOGo79mrZ6KhUW8d7KLb96wgudowL5jQjIAeiwOIRePvLdf4B7osqVNDYQalRgCy/KNlOUbE3YVyI0A+WAfeapAoAuOUIKe4Yif59oaqDUspadDqAFwH55EmaeQ9sunC4rXaWs34xtU8lhLK4XK3BTx8d53Q/PGH/wsKDLNmiduDo8LCq8bajYv47Gf3sZLTfU07m2RjIDNNwrRmS9X17LhIoGb44kXPwDA2eyRIgUbLronagJFvLy55M/XCJCHu0WFZ/pDMKFC/nPki4r/J3cux1C6CGdvJwAtTRO0WAW59a2W6HyMgA8rv684GKVO+ExtLwyzfcgppF7qoB4dv3htEAphx6Cai+q8bC8Mc1eBgWMPBnlkyAmvObmrwMCh1Wk8MuRkxwfWqGgEqPKu9N4v5odOTPQR8IbQmHPxqR1EQmru2rqSHQc7yLdHyTR4MeqEYhVjuo9NulLcl7ko6lZgzFvO0OAQucZ0qXde3oMvetxXLNzOfa/8nIyiZPLNHfT268g1ppOUppeU/wJTHnqdTmLgE49URYQB63AMSx+AXqfD5fGi1+kS8gSILH6J7quj4QTlim72tPRw0tWFf4OP4aN+vl71XzFy9DodUZWaospL6Dr1XwS8pyjLNxIOw3HLAN6mQgpzvOiNXgyaAKPjGkJpAaItGVz8d5MMno5id4+jMecyafQSCakJD2qkL7+Pin9JxQacDifpGpXUOy/vwRc97s9U3sw//f5nZBQlk9XRTDBcQbpGhSo1XVL+uZkZpGm1EgOfeGijYWxj4zEsfQBpWi3eCT9pWm1CngCRxS/RfQ22N7Mg1DoD/7vX/jZGTppWSyASZWH1ZbQc/X/nHf4Ov4p+p4K8yHTvvLwHX/S4F/szeaLtNBlFyawmSs/4UqlfX1T+pmgDOoYlBj7xSBpvxKpYHsPSB6BjGI8iDx3DCXkCRBa/RPfV3qPk0hLFDPyrxq6OkaNjGI1xOYqUfIyKQTJSIp8o/ktLlaqMdK2i4XIzGc1K2sxp+P0K0oLTLXFi/73YV69O9VNgy+KXjXVkFCWzJtnE/kNQlKcgIz0Fr9sj9d6vrNRQmh8hI80tcQ84PamsrNRITH0ALe0prKzUSF69xhCV2PvSIlqCTkEfFFVpqFldTHaWkRPv9hN0KqaeU7DYlEbdmWEaIn2kbPViOzBJyolK8lMV0v5E1zGfctNrdXLGZmdrdRFvv6+mvV1Fceb4vPF3W8IPiCx0AzYnqWpdjPK/9e5t1K5bzOmjbWy9Zj1djOFs9vDf//ENfvPkO9h6R/B5JslU6rj7jkcFo2fzMizDY9x31zZONvdx+w0bBHzW5vDeGy33r1loekCUByCX30MoatpYfr+iJP3+aJ/ngbMW2Nld9wfHQ6gnBMU/ORRkcihI4ZFpRdxXHIwanKoHACYmvTHy4uXLX79c+f/kzuV84csXk2LMFIo0HWO8/O4I7xw3Yx31YMpOxzrqIRhiznv+MPIXDI9Hm5ap7pdS3A/reCY5g9fdSr6fW8nd277I7YYqrh04w3tbshlareO7U8bBrvQU9muLMWXmYcrM42tJBu7e9kUy7F7eM4+SVKx7YMDmnC4C1OcJ7FA9h92SxRgssVG6Ph3NO2n02iMU3DhByis67L2FMWGxDy4XZmx/pn0R5p7rpWiAGK6PZ9T76YGvkb0qjO1QkK2hpTFDhBLx78fvj48QJCoYnO9kwAHrMIdf/zcUKgV1C3ooX6/nc56fz0gniBEEkTnw8Ov/Jln4R5pHGOnMp8Bkp3fNCBklStRvpDJSLViGd21dyYMPdBAssUlzuF3DvpgQ3bnCPyPr29LrS5QSCI0Ocd+7N8fgLx8ilIh/P35/fIQgUcHgfCcD2sbGeXvHD2Pw385jM9IJYgRBZA58e8cPz0v8d+6ekF5fopSAq7uJfSZ7DP4ig6B8T6Lc/WwRgkQFg/OdDGhVLCfiPBmDf/auy2ekE8QIgsgcGHGe/MTw1wWSJexHnb5o6xcHFCL+7SdVVK6anHu8r8pC+gafhP9svf5yr1u+X1ccYcQSQBvSzppuiE8ZyMf8NlsDjAylUZI/Kj0WDE/ymraRksXZ5Lyjm5EqmO068vbDHouD9jW2D4X/4Am/AmaGta0qDWLBnzykP6MS/eGdMX+LXQIfHHqQb//wKTbfWIuz2ROTCjBNBqUU9NTPqFymeO7Jhk5G3q2fKxceIxMg64Y8gnUe0jqmo5LeigwpMhAfJUh6vj/h65ev0ow8apfkc/3lOTEe/zLTtLIWH3v1cP2HCV7EvH5xrXBoJG//rgKDdN/iz/3aYn5w4IwU7nd3e6XX7e4Wvkt+mxJmxULh+0C/9XJM1YIRlv/jr/PIkJMfeCMACrVYHCLkiYRihIXfG2FwhxaNOZexPA/+sQjBEhu9h0A9kUKGPPe/NsiGdyuFNz9QVPQyixYt4PQBK3XHRKU+rUi1uQv44aW/5QfvfIHkiJpht5sVFxTPWQsgD9+LQ4DsGf/B93cc4s4Vj86oAZAP9ZmrLmDAOoxn5H+mPqhR1uX8CjwzDQi5/IrlF9DRcEL6cLtdCnSeZEajSloiPpTHdHx1awWPmIUP2b23XTxVdKOV/Y4UorN3n1v8I+HHJPzhdkGpyxRpUnYBP778Ob77xuck/Cum8vez5enl4XtxCNBQ2r/z9zsO8YOLn5pRAyAf6jNXXYBtbBxLz4MS/leUPZfQgJDLL6ysYrC9+bzF/+rLtBL+e88I+duLmQ6/68ur2dTdxOuHuyT8F5asmLMWQB6+F4cALflmIT/fYWa16/NAY0wNgHyoz1x1AVbFcqqWdOHpE/BXtF4Hu2YaEHL5lWUR2nuUnxj+2RNprF+vZ7htaiJgX6qi8Nlcco2pAXeKInnRiklyM3LIMarp6J8gkjdzvO+mvnxeP9Asff2KClbM2Z+N6CcSgmU3mHjhl03kkT7j3Jq1ehqPuqQ0hGgQiNceGUrj6muDvP5qNjUIyrBjNMyF0VLKQkbIJ6YwscfikFIPPoVWUvZV+cagrjhJA8J910e8Hxr/wRMCCNdvXRPz/nj07fqYSn+A22/YwBMvfsDtN2zgpaZ69r5Qz12P38QjdzxPzeZlrFq+SKoPeKmpnlXLF7H3BeGns9nD7TdskAoIZUYA8cr/y9W1UA1PAE/vbeHOK2tnaM5H366XahBEuQCNL7aQXp6GtyKDWxdVSOcCpMuMgCkjQYoSxL/+40fM1C7Jj3ns3kcF7GqX5Mcof9EYWFatpb41Nm194brETFsv7zoW87dc/qNv15N1Qx6HpoyV2s1BjtXBO02ZoM2Uzruozkv49xmAhvq908V/F9V5oXD62mv7X4L+lyTjZ8egGowC/qqsrPXysQAAIABJREFUqtD90ZYMVM40fGqH0HObGiDvkkncTUn41A5UjjRUzjQhdKSfIG2oQBrEUZAalYZbAOxd20GdqpdjA31su26So388hT9kwNzeKqUH3tr3GhckB1k8YWLRRd+Z1WMXQ//xYfuw18Uzo/9DSbaRkugm0g2GmHoBvU6HXqejreUMQ4NDRFVqxoYtpCoiMdS+h/d0o3a3Sta1O5zH0sWVM+5FTE+Ie10eLx7LcYJOBe8fSWLcLWCR8dVhvG1J7O1t5XtfWkO9xY5fPUFPxwTqwiCdkRGp8EkMe75zsJu/FP4bLx/n7af3k5W9hPGhASk9YBsbJ9feyuIJEyuvvHdWj10M/ceH7SM+N78Z/i9Kso1UJF2JOjk5pl4gTaslTavFPmzD6XASiERx20fQRsMx1L7vvdEcg39aZg0F+aYZ9yKmJ8S93gk/Y+ZD5z3+d//9EmwngzRbo3T2jkjpAatiOesylCyeMGGfXDqrxy6G/uPD9oFxG3vzOinJNqIyF5FpjKXz1SEM8zndZ6PfqUBjXI7doSBpvDGG2vd0n41CjUbC/2TnAMsMwzPuRUxPiHs9ijyMSeOfCP7J6REKx7NDmiSVKuAAhUKg7c3NSFMrFAr2ru3gdNoAp4b7uOPuSur3eFGhYmjUwcpKjUTRu6o4m1JHnvS/E0PyIjWwOHTH4fFLg4HE80IeBe9mtJBh0qLsUEt7REphT5+S0x06iRpYPE536KheG6ZyiRChWFmpIehUzPDk5QWJIlWwmHaqzNeF21qdyikDTOXpU9LWKoR9Fde6PzT+b71gewC4f1lFIQP9VlwuDy6Xh6QaIZr6yvPfQ7c2h29e+xCTOi2GKh2H9nYSGAmSn5fJ4fda2HrNet7e8QEbv3EBgZEgp4+2cfRPjdSuW8x9d23j7jseZeM3LpD2nT7ahi46CQjhcqtKc3/N5mXk52WSkquhKlfokulijKN/aqRAg3RfLpeHZ452cuvd28jPyyQ/L5OTDZ3TdUq9IyRnCB50tjfEM0c7pShB/6khJpq9pF+ZyeRQEM2YXwzXS6+//YydoQEBT+uohy3V+eToNOToNNSUZtHYO4YpO50cnWZa+Vdr2d/goKXbh3XUQ+2SfEzZ6Ziy0zlZP8DQgJNI1C/dv96go6VzUHr98fgvydFxat8wl/ybjsKLhbbYkaCWZ3MneNI8wlNhJ0VDIbYXhln+lo9nkjMI1nl4ZMjJVneAan2EHYNqIotT+Lp7WEqLiCmSLRurJPnqWGs8Ff9U59fNi5fzyJpTpJCKC9tU5Wg6Ha9MSi98KGmAZmsGqcDQqJvu7RYKn82lLN9IakGEF3sbUXxBwf5Hd1NW6mfMmkxU34vLNkhWAZgu+PZZC/3i2wOlMb6H3VSu0CT08sVzxXRC3bE68ouLY9r+xDRCvNV/thZC4Z0xzKjTx/CEih6vjRKtoLCGfp1B2udG4ViuZGkPBAWrSwxvihEXsSf348D/2UefpKzUz4bL/pYUvZ7dbz5NWQFUbPzenG17idoDpTG+MvwThevl6YS+XjMpen1M25+YRpgv/jFGwdj4XxX+ykcrKSv1c7AvwMKSGiajwj2ZfeVztu0lag+cHuMr4K9J4OWL50rtelP8APK2PyGN0Dhv/OVGgbWHTxT/uuFwUk6GhyBqNAhEQGarc7L/K8OqGfhvUzDyVAXZ6bHevtTqZ4ll7SsrNEhEQ/HpA/lgHxH/knQDRl0irv/sGcq8tjKFgCOZkEsRkx6QK/9EJENiKrss31gMqAXGwNiWQ/NIFmO/jvwZ+E/TAovsccqLKmnc28Ktd2/jpaZ6nM0esYiPW+/eFqNwAelv0dsXPVEx9y+PEogFg4nWyYZONlfV8lJTvRAFmFLcr+5toSpZLd3brVeuidkjyhTvo3hQSEG/GvCeLUoQlUcBrIMBbtpUwbJq7YwCP9HLF1MBhtLp6z3568NSRGCZqSIuMlBBi9VDfasFd8AtFf0lWiL+C4bCXAUc3yt8vwrh/+l2vvglKn8x5H+6S+ja+fmiEMWvBugrTI5Jf8iXUmwJGdyh5a6tKyncPoFr2MdzbQ3ctXUl/mM6yVq0d0+SPV4keIFXdZN7vYuRoTR6hzPZl91L3x6/FKLyDCroOexGOdVv29ObwpjtWRg7w8m8d1E4k6T2ukRT9+R/xyv/t/a+JuQ+FIE5lbU2dwHa3AWSIfDLxrv5T/9N7N7ZQPOxYUrKXubIyVGWrhH+eWPW5IT3EPNPajjBeNsrdPRrGbGkodUmMxgRFF4OuWSVqwiW2BjcoZUIN1zDPnoOu9HnpUofxkd2nZKw/bjw3/PmQxx++1EJf7G9LtHUPfnf8cpfVN6z4S9PFyRlF0iGwM8Pf4N/d13PzpePc2RP1wz8Z7sH+Rpsb6bvxDN/lfgXGSFNZZHwF9vrEk3dk/8dr/zFnP9s+MvTBfryaskQOGV8k7ptQxzsEwYGbbtKmxD/+HuQr/YeJZW53k8Uf58/BWuZF3uli5FxHS5nEnU5g6rZ8Pd6wDWZSpfFicUFT4014elTzgjxLyozoM2NgiIa87icpU9XHGGqHg+3IoDbF4jhEpC3DsYr9X2Zvey9sIPOASc9FgeePiUaU4iyfENMyF9ev6ArjmC2ZLduWhUulhsH8noF80jWn41/TIuazycp/w8OPRhTxS/m/59+eCeP/fQ2Nt9YKylzeUvgyYZOajYvw93tZcNF97Dhonuka2y+sZa9L9Rz7VJBAaaF9fQOOjFNBqVUg3iuaASsWr6Ims3LaA6E6StMlhS5oUonKXZDlU5KV4iGQnMgzK13b2PV8kWsWr6IV/70XsL3c++gk9KMPI4fMfOTO5ez/uoaDKWLMJQuYv3VNUJof+oQjYGWpokY5S/WAIiHvC6gxephmUnHTZsqSE9OJ+BPmrXi3+7zsWAozPbCMIdWpxGs8/CL1wZ5ZMgpKe9HhpxCiF+sF1hYw35tMZfc+ffot14+ncL4G6EmoK8wmYvqvEKngFg4KZOvSi0I3l+8VYm7SQgd3Xn5auotdoZbvfRrHYRSA6RmKNlXN4RrZIKx08n49S40S7y4LBNkLFEyphkhp3EZW3OymPB6GfIq8Li9WIwOMgtTWB82MJk8yqkFPdz0f0roVzoxmQ0oJzoZdKTFdAG4C3+B0lothfzlaYDDe9/D3N5KqiadtPZ+rO4wK/Ivj+kAkIf4xWu+tfc1Xrb+DNOFGgpezCFf34NG3YvfpeFQWhddOje6/nSKcsepb0hh3NkXk7IQr3N473v0tfkZHNgD6xx4BpLJ/7shAv0qHAV9TGb4CaoDBLwhJo1efAeN+NQOyerOKlfhGAgSCalx/MFEZPkAjoEgnxT+7uGTNLcEKS81SWH20Zx/JWW0Vgr5y9MAvS1N7N15ioGecbKHerC6w6wp+WxMB4A8xC9eo7elif938ptnxT8pPMDxU0loU0MxKQvx3npbmjh+cOB/Df4Lc5M50BWSUgPJGbksvk1J365uKeQvTwPsOT1CZ+8IANUBPVZ3mOxQaUwHgDzEL17D7DBxwvgnCf+VZXqK8wwz8L9waRF7zjjpdypiUhZiCmDP6RHGnTYmJ0Y/cfyVy93YPU50izTYFHYym5bMib837OTkAjNf+eZCBkIuAifhT4ZWNulKpfRNNKxg4U3p2E+EpO4BMQKwslIjKfLsrFyUjRGs7jA5Xi3acGwKIdFkv1MlgxL+CwuNUophP/30FDrJtRnoGA2Rm64mIz2FoiqNtHdlpSZblC2G+wcWOmiq0xL5moWRXh8OU/+fhX/Lu/4H/vOhn92/rKKQls5Bus1j3PX4TVTlmriguliq4v/1C3vIK8vB1jvCb558hyXlZRx+r0WKFOTnZWIZHmPV8kXk52USSVWx9Zr11K5bLJECPXLH89h6R1iSo2PA5kQTSX7gb7/3Xf7zoZ/d71GqyCvLwTI8RqZSR0quhmablcfvfRlb7wg1m5fhcDo5095Dl2GEEy81Sr839vSQ7k0lryyHps5hTJcuYes162OiBA6nE4fTia9yEvWU/tas1vEPV/7NA0/9z3/dD/CFL18co5CdvZ3k5CYxYhOiPjk6DSOeIDk6DQ8+fpBdb59hS3U+G9cZWFaeJh37GxyMeIIzCgVVKcm4PH50ejUDNie9g84HvvMPP0COv8mv4uaVVdy97Yvc1GuPqeJ/Kjwd4n/qq/lc2eZmeNxG5c0CYZpr17tsnOjjvS3Z1G4OMnhQiFb2F2pwtk7yu0WLWNXXR1uGXpKvWvz51Pu1GUq02RH8zXqOO/vJXiS8UTKKkpkYjzLc6iXgDUEUFm2PkrkmxHCrF6Jw65cqMbWkoYiO09iZjvdvevG8VUhGug+NeSHmkJmlkTzeM7RRtj4ds8WB1Ryk1JlJZ2iEhp5WWixnCAx6KSws5LHRR3mz9Q9cknaFZAQceP2PPNH8I0rGh0nyd5CW2UPbJQOMWifQ9a8iFB5jaHCIPxm+z+ghNU91/Yg9Pb9Ha85kaHAIzfgHBNa7GTzmxeQy4PD4cbk9uNwectPT+MZXi3jB2YHj8AS1q7pJ0XSjnvBz8pSKrrZhbENNDA0O4fDsIU/Tz+arF1BMBvuMx/ibSy/khK8PRbeelFov/mM60hZHibZkoEyLEkr1YSxIxZivwt4eIRQOE3CHyKyaIP8CLZMhNZ8k/m0jPTQONJEbNWAwGvmv4Yf5U/NLbDFsjVG8P/vgTozmDvTqVrKLOyT8NV3VZGWqcTqcPBX5JgXDa/jJ4dt4p3MHFaFqxocG6D7xxIfCP+Cvxztso+44tLUMkcwYToeThtZn/tfh746o8GQW0d7lJi9i4/W8dppUboraJyQFvmtfM20lY2zUZ1ORp6FqZaqEv68twLhTyPU7bxwm1flZ9qS8T2eqE41lMcdON1Ftmpg3/lddkc6SCi0VuQt5r2lUMgb6nQpWrspmRX7GXz3+/m4FabZkaF+EPzqGQqdHyyQKBbxmaKIxPMayyUxCbkGhhycVHDeMUOQwEHIpUep8tG0YYtQ6gaI7n2DYxWlXCaOfbyC1KZXhYhfp0WSUTmEmhEGXwsR6D4NHvaxMKkStEtIQtsEAOeE0vv7NIp6xt7NgKA2H2yfVGsj5BIJOxXDQqdA5PH5q1upxnJjEfEFn9G8uvVDxUfD/Us0PJAMgqWwpXT1mlpSX0cUYh/Z2YqjS8ejDb/HYT2/Dlwc+zyRbr1nP0w/vxNY7gpwaePONtaTkanj83pclZZ6fl0ntusU8fu/LQlHqZJAFuYYZBsBtn7mA199rlPaV1ZjY+0I9W69Zz8ZvXEBZjYn3nzlJopa/oqR8Vi1fxJItxSwpL+PtHR9Qu24xhiqdVKtw7K2mhHvvue07kgFwcWWS1OYHkGLMJMWYSVFlHgPtNsm7f+e4mZs2VXDD1QtYtGapdJ54rFpVRGBIMALkh1hXIBoA3/mHHzwAxBgA38mKUnnzzZiqN5B18SZCBjWBToEYatVUxHzFwhoab3DyTHIG3wuXcmz3a2TYvfzgwBl+t2gRT5pHGAlqURVqmBwKsl9bTE7YysNNYzS5lSQV6yT5Svewj6EdWly+EJFiO8HmVEZaIkxGwfhyJsMvGdCbUqVQnVKlYKx7Eo05F1VnER/81zD9g4LHvWlVmO49PsLXCTe6+aoQarUClVojMXv1HPezuX8hANv+rgzdTTaaNPvxDr5L3bE6ru66gswKeLD5Wxx4/Y8ceP2PKEbeYFLhpGJ7CkeaVHQ3OLl+QTU35S5jQfHLjFmTedn5U76QswyFq5T/e8tqqvtvQak8iEb9JuFwELVfxQWWEmrW6rn+qzXS5K3aIiNHfuvnnk1LsW6w4+lTEg6EsQ504LL9hizVKyhG3kCX8idySebFwCGOvGOmu8HO8uZiftcuhCqBGMatyJIRxk5ruKCvhOgk9J1yk7NMSVJ3DpkFOpwTAaIROF/wP3P0Kfp6zfzf9JfJrIB/OfV1uo4fpq/XTP+pX82Jf/3xER5q/jZfyFlG/fERCf+BoRexWh//yPj3n/oVY6OP/a/Gf83CTA72KVj9WgGZFXCwyoOru4ld+5rZsjRtVvy3XSWEvO0rOvhCzjIajr/P/71lNfpTJZSWjXHVFt2fjX+ZMcSWpWlsWZrG56/U/q/Bf+VwIRq1kZv/VYPrplHe1NQRigjFVlWvFWFYHOX1JBuB0CSZ6UYqFhjwJzlIWQEH6lV01nsk/Ld8RkFRrpGR0t18IWcZZks2t35tKbr0ZHTFEbQLBKWr9qtYOVRMikYdkzIoz8hg/397uWfTUlpqLVLdQb/NRanJIE8hpACcXmvF06ekZq2ejP0rFR8Vf/navecAdz1+E7ffsEEKxYt5fbEW4LGf3oahSieF/MXwO8AjdzwvdQasWr6IzTfWcrKhc0bNwHyWKPf2Gzbw5epaiXpYTC/YXxxGs1qHu9sbc56hSidREYuvQWxVjN8rpQHGh7lwXQn3PtrA4dcbcfZ24uzt5O/+8RXpeH5fB/WtFupbLVLhX/wS9x1+vTHG+xdTCNdfnsNNmyqwDgZmfd07BtW4dr0r8H7tukuo4Jetf7ymkCuqx6Tc/8aJPlYsrJHy/gD7tcW805QpdA3IUgWJllJjzsXfr8N/TEd4MkLANEKwIY2MvFQOtoe4pDSZ8Lu5ePsVEkNXajiKp19N5mgeKrdqijVLeKNeMljKUJ9N4s2+KbcKbYFfEljUV4Y76Of0ZT0819ZA+ik9V46Vk5LpRjHyBo4eMzkv1KBZJHyoFSNvALDcXMQfR1pQ/20775s62Gk+g1IxKTHCAfxxpIU92vt4rq2BDM0JosMOOk6O83ZKK+G0MF+4UciNtrWbaTzqktp1bF0+dvyzHWNVlLSiCD5fNg3XmPEHkuixOOixOPD2K/l9zhG+d101FruHbosDpQK8Dy3mR3f0UHKFECYKltjwH9Phez+PSxclcXgwKH1A7d2T+Pt1GEoUqLty6D3q5nzCv//Ur9j58nEJ//q6PvpP/epT/D8m/LcsTeNgn0LC/2Cfgi1L086Kf5kxJOFvX9HBc20NrCjQfYr/HPhbru/itZFGCX+lQYgLG3Va8l+sRlPh4nBjMoYpPbHcXMTBjG5S727ng/zOGPz7bQ5QCPiPrDvOc20NKJwKPH1KWupcvJ3URjgtTGVJVkyxoOjdp4c1vHi/gH/UECSkzMd8k5VQakg81w/wanFr9B/WLKPH4qDxqItNyyfxPlL5kfCfocSaPRKFr5jvj68FcDZ7KFBkS2H9VcsXSakAMc8vMgOKhkAi2uD4Ja8FkOf5N1x0DzWbl0mthuLv9heHY86L5yN4+uGdPP3wzjn3xtQDjA/z/L4O7n20gXsfbeCmTRWzHmJLoKj0nb2dQtGgrD5AjBisv7pGqi1IZDgkWr//1hep3RwkWOfhdFcjp7saWbGwBvPWRwAkil/Nap1kBGwvDPODA2ek8093NQpMgMAV1WNsLwzPkKOW993q81LxH9NJFJK526H53Vyq9PD+M+kk6wy41vRj3VNASWqB1AuNMkrvcCYcHRM8jMrP09Zu5uVnp62SHqubC82l1KxTcPyDKPbuSRRA0YCWDJOOdCPYbEFGnT7y9VpGAIfiBTLQCxbxWAa2Q2ZMK9PIr9VhPuLlkmwd9a0TKBWCd+CfiEqWfrU2RI9FYPZKHdOw/0g7L8uGp4hkGgD5WToGbSnY220ceAeyssbp9vjwb3JyzaQJb7+Stwu6+P5lS/n3X/WgsxWi8gt5wyLTKFgLaP7NENlfTJUKa5YvUHCgKcSt/y9DqnZ2DftQbuhmcIcw+GRwRy7nG/4u528k/JUFL4LtU/w/TvzLjCGyUl2MACs3ToKNT/H/mPAfHQlic/jI0WuxACs+M0Z0WE+vdS78fRimUpVy/C8gSo9FmFKY5dXy3uE2av0h/GYFZqszpsgvGoGoORt7u42TR9VkZk7QvceHtsjJBeZsQJHyanFrioT/eCEqf8okjKo2LTey7+RHw1++DFU69r5QT+PDLdz1+E2z9v+Lil70tsVUgOi5G6p0kiHx5epavvxTYSiQXMHHr6zUVNaVZ/Pq1Dmrli9iwx33SNeWV/rLFb24Xmqqn3HOXHsTyRfpfiUlPqXQl1VrJQrglqYJapfkS0bATZsqZij9+Py/aCzIDYRE8ren+bmieozav8uRHr+rQIgEaarHeOfn90O14OUzVat7xWqgSfTyG7nkzr/HVL2Bkl13Ubs5yO+wcuGXxmO4ASQDQBgZKVSOckyYC2DvFoDIKVfBHXZOHPMQ7Sgg4I6QEoWS1AK6bBNT/NgwlNtOWp4KbEYaj7poONYoFdKaLdkMawZZQyll+UY8fdCaZyFVoUA9qcBUZmDv20pGLz3JBc5ioihw+0K490bxRcBhcXCgM0RJmopV1os4eeoQUUWUTGUq48M+qlZE+O/fjVEydCHUtkqtLrp0I9g9OL0B3m7zcJ22mmOWFJZWjuNzT0oVtPlZOo40CV9mq5sLaPdp8AagylVCM2ai2WVMRvxkVML/7OugdjyH+kWDeNuTKQguoN+aPYVFAUkmJ64SG/q8VFqHfRSsSeW4wyVxnqes8QjtONikD9+n+H+K/6f4nyf4OxLgb50P/nZKdNP4R6O4FQpFelm+EW3BJC/udHF19VIOnkli8+V+rr+ihrZ2M5OTkzh7FJzq0ODxKWLxdwv4L4kaUYZV4cLyJHUc/ipGCgH71KyCPw//0kKD1PJQlayWlHvj3haczR5eol5i8hM7AeQEP2LV/2wK1tnsEUh9XvxguhXPKoSwvWrX/2fvvMPjKM+1/9tdabVaSatqaa1ebFm2LLmACxiwMZjYtEMoiSEhIcW0w8fBhBJCKDEQQguE0J3DITEQAyGACWCasI2Ne1OzLKvXVe/Squ18f6xmNDM7u1oVW845eq9Ll6Xdd+ae99Fa99MfITEm2OWaK2Zb+fCYjUPZRS4ELi/5E636H8ydL5G/6KnQIn91uWDAiRbF+YP8gqRe/xKJ49wrviYncJH43952wuU1eY8A+dyAt7edwBrjR1mLUvZyF//88/tkQ3z6pOz/zS91wXlO177o8n/zuWnwjZFVc5t5+qNqifwLn3qYLwnj7vNtzomAiwJAVj0g/u4NZ/7S9HBTyaCUOQrgF+iLkB+KZe6A8w+KAJZwP2Ku6wTBF8OJcMLMRorrezBk1KKLa6F7dxhCdxRtnWbaflBO244EQoK6aR0wMhjbgr0ihq+P9tLe7sfquBAO9VSSfiyaI0cD6P1+PvZaBwPFybR1mqlYWcwlrbNoqnWW3zguK8G/2MqhE51ECiEEVc1mhkNPcICRjR83krKhhdLPB7BkJ3FJZCTpg1YaW9pAp6N/wEFjZCdNx6dRXN/DoD1IasBx9EQg23P7Wbagk2nhdo6fCKW4vodQsy+NCfXMqZ1Ha0Md2UVB9EY3ov9oFq1tZlqbe4i4sp3OIqiu1ZMS6Y/ONEi3tZHern6iM020VvVhNPnS0yIwUO2s5+z2aSU0zo/QOD+aOlowtAUQde4gU/Kfkv+U/P8Xyd9h9QPwjx6kstAu1IZ26JoKp1FUb0foDURoaaavTceO73z56kg/i+a6l39/Twt5xUF6TfkX6sgrDByX/I1tRnr6+5kzM4ay8npyi+rY+3EOt792HT9ZuZjvvnGSV29DH4eyi6ita6a2zkng4r/i9+dfO5+yXBu1dc2U5dqYHhUmNQ4SvQv3Xrua77bspqq+jXCzGbOvrwI/PNTMh8dsis6C8mS+4PRAdn+dr6jtL6ZZIv+//mkLUUnTPF6b800+1sE+F/yaqjasZgtxqVGKRMDe1mbpq6F+QCrtk/oKlDVLHQLViX/5Jd3QrZeukycBap3/g4FYrg6/gptnL+Av7XlSEt8P/XuJq+nn6/JGpg3YuD06mM+CTMQsM2BNGqTivR7WdPRSsW8PvseOSW7/ivd6yGqx8vaCQcqAuJp+KQkw3Gx2lgH2dvWTdFaQ9OFo+TyAvoR6HP0+iO+1H/WlK9/Ir36ZTm5CPjW2RpLTzIRe3Epfn4HOw2ZCjEGUd9YSfo4d4eA0Z7c0vwEirmuiZGcfiUFhlLR20tVtIrDSSktHAA1LD9Db2Y+xKQJTazAt8RVEn+XgxAeRhAR109Lnw7RLOynZ1kdicBjVdQIhvtDSbqKsVk/EbytpLHTQm+3EL6vV4x/URn+fU7kqrLEQfn0Dxd/0kxQaQnFDD+3tfljD+6iq9yEswJfGJn8am/wlq6LSXoPf0kYcOVFSx7f2tm4aG7qxGILoDmin19hC3FUOLOXhtM0r4if/NY297/UQMEvAP1RPa1Wfc7BJoC/Tzhqgs9AHc5IOW2En65YvpNrUyqClF9uxLqbkPyX/Kfn/75F/Wa2e710RQXBwEJ9lDerk8s+v7JLkX27znXT524/4KQjIel6as1QvOYlDeRUEpztL8nZ/nS9VAiRlWCnLtXH+tfMJ0wdK5X+mSCNluTYWZs7gwdsv5y9/zyJMH8i6H57DobwKehv6KKYZW7kvdSUlmH2dVRJy/G9t7S7kL1r1Unjim3ypzE98/7Xf/oOje497dW3G+XPoLrG54NdUtZGRGE5VYT1VhfVYjB0c3llNQ/0ADfUDbM9u5csD5VgjgiSC//JAuWT5ix0Dly8Nhm699HO+rZOGzj4pgVBUALTOn9JSQ2hTF34zk1kXnM51ZU0A/Mw3mGkDNnI79Nzym//i5tkL+J/AE1S810NDnz+DNX18FmSirWCQaQM26lrqueh4B2s6erGGRTFvdxFtBU7Pn6gAmH19Mcy6zPzw9Hl+DPRBYy60HfDDN1QgLFNHV1sv80vjqfDpoG1/AEbLIN+UFnD7RYs42llLY38doXF+NHxiInrA2SBFmFOPIXyAyj0DhBiDMAQP4JPZisPcRkOZA/OKUlqjagioiqG4vodp53URGumP385kMDiIuKEOHWzDAAAgAElEQVSOioOdNOTroC8KHXo6ptWT9n0HJ761Yzy/mDMu86XpQADF9T08cLuVL17rItbhbF1Z3llLUe0ApenlDBxLJjWujY60Lrp8G+loBNPyUjpiamg9HE9xfQ8dQiNhkX6YfnkC44wWbLn9RM1xYFngQDg4Tbpnyq1ddJbpMHeHENBnQUhqp7G8k2mXdnPLRZm89lUOA9VGQs7op/jlQAxGHamdYfidNYDggNbeNiJnG2kvH+C7vEp+fFYGVYYWBvt9mJL/lPyn5P+/R/5tfZ1kGY9QtCX0tJd/yzalB0AXF059WQPLf3EGu7/OJ0zvtKBr65qpbeykt6GP3V/nszBzBr0NfUODuZxld+K+6VFhFDPsBSimmd6GPtb98Bxe+NNWIm1Vbgnw2pfXkpRh5ScrF0uTB8Ul7zsgJ/hD2UWKckF314qtgs/2N2jiHy+uorCqE4PJT7Le5db8kYJaBdGL7YF/eGksf3r3GDllzdx42wqpdNBi7GBapC9zkgOgW4/B5MeJ6lrCQ81uz19RAxcmTKO3qEQq/xNXXUs9uR16LrlwCUuGevs/X9PGF2kWDDFGnj3QwGtpQbQVDDLX4lBct7na2SCpKtpHgW9IXun7cEConop9neiKQrAXW9AbBiCsj6iZfphy/ek+kIhFH0hjexdm/DnYVUF4sgFHvw+mMB01HwUSYgyiPqqM+++fzdZvSohpmEXlYDVBfcGUfDNAwBn9BKTZna49Wwxllc4HDD2nlepNFiyGIOr8qtFF9NJdaiSmM4nyzlpCfINoKOwjaFEvhmjn9e15wZSUDcUxFxbR8FEQIcYgav0r+c3L8RzoOoaxOIrWwQ56uoKpzu4nOMOBZVY/g3nBhBXPpMTm/PCm3dpI4ReBmItC6G4awNBtxhFkp2mfH8EB/pS31ZFgjkZ/RiM+4QPU5PVh0QXRVNNLyEIH5rChJiV13QTMEuj7NIrQbisBLRGEhHdT2NxIWIIfg3YDvW0CQkEIgyFdHG9uwxyqp6dFYEr+U/Kfkv+U/CdD/loKQFTSNMnC3/11vsLlr/6+tq6Z+rIGHGaD1AxIrOMXFYDdX+dLikDJazuYl5lMflG1JgH++p4fkR5plWL6pkijFH4QrffpUWGKsIRYBpgeaXV7rdixMN3Pxy1+k61HcwbAtECjZOlnJIYr4vtiH4Blqb5YzRaefG0XF180W4r7ByfOwBQSRlVhPdMCjRwsrvV4/v84K5q/ZJUwbcCGNWw4FHG0OEci8XP7O/hJvb/UF6A5q4c7a9rYXO1DXI2zciS3Q6/4krp8BukV+Lpr3goSmkoGpexRZ3aovzSnu+JtEwv0AVKpTcVgFcGxDmLW9iAIcPy5QBx9Aj4BsOGFZP789RFq/ycMvcnB3X+O4ZXXignOT8YWXIFhtvOeqxNn8M49g7QuziFuUQDHNgSj9xEwr6qVftaZB0i9vYu6b3wJzkuhqr+GGXe2U7m/E1PdNEL6Iik8DIGX5WH/Ogb08PimBP706RFa37eScncDP5qVyZN/OE5wWSKVfTWYzqsh6awgzoyO4Zv7/Cmx9TLvsUo6NibSGWXD0a0jZm0PhX8MIloXjf/tBdg+MtGa74feIDDrN+1U7+1i4GgUPmEO4q7soal0UBpnmtKcQNW3zrKt2Jl1mDP92f9d61CiE4ohHI++sUvqzjUl/yn5T8l/Sv6TIf/Wv1po6u5m6dx4qRf9yV4zkyPYk1shZd1P4U8evo/4wTASiL0ykB/Nmsnziw/TV+esGx1MamDfngAWTW8EH4GGGNtQXmIQZXs68FvqrOWNWdvDmwU5tHwcAfpBIq5s5ePyDoTpXVQcqCWeeGxCPaW7O3ir5Dh3/Hkej26CjroB/Bc24WcPYgC4JGYWhUE1mJbV01bpz0BYK+WdtSQERlNf6myDao9qIOK8AWzxLTgcEJTSR+T3nfit71sxxXXSVDLIW2TjSO6iqtBInDGaemoo3d1BU1QF//XifF5e77QCmjNy8Smbhr0ykMvjEnhbJ1AxWElUuYO+6Y34N8bR2zQIAzoGBgWYayNuqNwHwFgeSfhZPbQmVxGRH47JKFA4q5HIeB/6qjtgn7PWWX9OCaW7O3i+5LA0l3tK/lPyn5L/lPwnU/7iOn/53HERi7se996uKfxTj69b+YhZkA+FiFnbI02KkmvlVX83kak3kyMMl0GIWnr1Zn+F5i5+KE2LO533MDrorvUlUh/BwPeKnf/hKyKJXttDc/EgavzL4tJ4Y3ue9HrQ6i4q/xxCvCWK9oQKsDtdGn2J9SQt9QJfL9BV60N4mD8ssznxy534He9Z6Rhsk/AjwoJpLO7D+L16+vYFuVglxvJI9+d/x8RsvYkjYTb8GkKH8YfuIQ7kEPGdE9Bczz8l/yn5T8l/Sv6nQv7FDwXQ1N3N1WsW8832XE7VauruVljAU/iTg+9j3xcofZBKd3fQVGLmLbKlD5glykzp7m7ufyiTx/66C2O5s1bXsTMZE1BKPUb8XT6QomZvWeycPtVY1E3P8X56hj58ADV/V14n4n9MgQK/6Vg39/w5nVe+OoDheAS9cnzBO3znH5pB+uT4m/2BNgV+5/ROYi4y0FSiU5z/tw9l8ugb9RKO5vnjG2hbEoTfu6Ga+MbySNoZ/k8sPueU/KfkPyX/KflPlvzlruFTsdy5uqfwTz2+XtRYfzQr01luM9RPWowXhScbMJZH8thfd/HbG5ZJWmjK3Q2SpiuOnxTXPQ/NlD684r11ehjs0GOJMhOztkf6IHuL/8JH+/j1NWfRGzs2fHGNiF+rjf/oG96dX6cfJ/6U/KfkPyX/KfmfIvlrkcPJ/hqJnKbwTx2+Ie0y88O9Xf0cqW1i3dL50ihOS5SZdUvns21/DQPVRgZDnOM5Hf0+DFQbaepokcZ4xq/R09ThnBHv6PehyNHAbRcuYvvbndz5y3TeOp5NXUEX8Wv0rFs6n60vOvv8x6/RS7W+U/hT+FP4U/hT+KcWX14F0N7eSXNL97iSy8JDzS5fWvfs6e93yYKfwj/1+Ibw9P6HjeWRdPu0cqS2SSqvuX3NAikOJ2qTdQVd9Hweh09wH4a2AOlD2FQyiF+gL9GZJuoKuqQPYb+5lyJHg/T+uqXzefSNXRjaArjnoZlS+coU/hT+FP4U/hT+qce3H/VzISB3ROKOTMTV3NKt+aW1PBHgFP6pwzckRkU+LLqVun2cGmZ4skFRWypvL5n8wwE6cp0PbmgLoN/cS3tdN71d/XTvctaY9nb101rVh1+gL+ZQPXUFXURnmti2vwYh35mcUuRooOXzAAxtAUzhT+FP4U/hT+GfevyBRh09/f1YTAbJPeyOSMZjnY5EgFP4k4OvB3DsTJbiQfIYmFinayyPpHS3s9ymqWSQex6aKWWW2vcFKjJTxe/FbNOmEmfDDDHbty+hnvBkgyJmNoU/hT+FP4U/hT85+J4S007VmsKfHHxpHHDp7uGEErFc5PY1C3jrePZQuY4Ze/nwhabFnTSVDGe+QhDFOwMxxTmbToQnGwCz9EG273PW+epVCTNT+FP4U/hT+FP4k4MvNqERV2yc9aSTTlWlDYYIbwp/cvEVnQBFV5Rpcaf04RPfEzNHS3d3DH3gkOpPRQ0zPNkgaari6MmmkkFJq006K0jSSFvftxJylU3RCWwKfwp/Cn8Kfwr/1OEXv+wj1aNPZDmaNxZtU7fzuabwJw9f94f77xemx8drZxVmnjFyLKG+alizsNV5/YC1Q32MAf4v48fHxmKyWDT3xKSmj3if/sYa6fv65hav8e3t7cPWxP9h/L++/UdSEjI096QmOUa8T3vJcPMOmy7Ta/z6fgMAHTVHJgW/uDxn2AKdxPO/t/ldHVNr0lZiTLBwsi1Qdx3qTpQ0nhILeArfPb7u648+FLTe3L9vv4IcY61R7gGGiK+2omLE/e5IUr3/VOG723eq8FPi4zT3VZSVK8gxMizU/R/TIeKzt7ePuN8dSar3nyp8d/tOFX7upw9p7ttV4eSlNSvSKSzVYxWy3eKLxFdcniORqbv97khSvV/EH+l+48V3t+9U4b+46f1TogA88tN4YbTXPPDXCp3sesZw/Wnz/J4UALUFeiqXvCPeFP6pX24VADkJurOU5Va0+L4novSPjFVYzVW2Omm/f2Sswpo+1fiTdX53CoCcBN1ZynIrWnzfE1H6RkQrrOb65hZpv29EtMKaPtX4k3V+dwqAnATdWcpyK1p83xNRWpLnKqxmmy5T2m9Jnquwpk81/mSd/2QrACJxXnrnz0fcK+wrU/z8yc4sADZvFXjzi1/oxnN9Xl3lpD5/Xl2lbiQFQHRJn+o1hT95+B4VALW1WltRwaLFixTviyQoJz+R6MTVU1+l+ZqaGNWvnyr8yTy/n9E4omUrJ7z4xATF+yIJyslPJDpx9TfWaL6mJkb166cKfzLPn/Xm7SNatnLCWyYzxGy6TIkE5eQnEp242ktyNV9TE6P69VOFP5nnf+DNE+NWANKj4qSHEolOJM5Lzlnp/EO3OHHU9xX2lVFa7iTVBzcWa+7xpBh4c31eXeWkPn+XT7vkgt6TW0G4X9RrJ9Xi7a27UY4HTOFPIr6PFvmKxOfJmhXfj7VGKYhSTXTuSFBtDWsR76nA1yLl/fv2j2jNTxS+wcfHhZRE4lNbs+rGnZFhoRAWqiBKNdG5I0G1NaxFvKcCX4uUK8rKNa35ekAQBARAr9NNCL4W+YrE52LNJmSC7DWrkI01XkmUaqJzR4Jqa1iLeE8FvhYpTxb+eNamRy+QlIG1q3VeWcwjLZE8ATasS5GIdO1qnWRZT9T1k/n8sXHWcU+yG81S403hTx6+jxb5urNkY924zeUkqGXtiu59kWA9ke9k4Ytr/779kpWvhV+Q8yAAaRkbTgq+2i2vIFw3bvNIGQlqWbuie18kWE/kO1n44qooK5esfC38owd/DUDmwsfR6XQTjq92yytWSbam29wqZEskqGXtiu59kWBHIt/JwPf2/KGzgjAY9DTmt50U/LGuT3ZmMScuGW/JU9hX5taqFl3pSQmJmkQqWtPurH9vrzeaTZP6/Eaz6bWuvvYbmVr/Z5eP2gqXk6uasPwjYyUSlu9Vx8pjNUjOHelX2eqI1VA+ThW+OvdA7uLXwk/L2MArndfzfvZ1XKWbQVrGhnHhB0YnKqxwObmqCcs3IloiYfleMVZeLyNKLRLUIv365hYiNZSPU4Wvzj2Qu/jV+D7h08lc+DgvtvyE9w9ewzWGOcyd/zsqyyvGjK+2wuXkqiYsS/JciYTle52x8hynhTxElFokqEX6Nl0mlGS7kK9bq3mC8dW5ByOdv+V4LjkX19HkGOQqXSpNxzrHhT9Ra/NWgbWrS9ySpzo+7u41OVm6W2tX69i8VRj39ZP9/FNravl4Y5XLrVr/yFhqh1zkcte3OjaOiqRHisGL5K8VkjiZ+GM5/xn7bufgnOeJmRXEY59dR2p2JNf88jmFF2F6vHf43ljlcqvWNyIa+5CLXO76VsfGUZH0SDF4kfy18gFOJv5ozq/T6TBOi+Hi4of5LHkD02f58dBn1zD7UBzX3viswotg8hLfG6tcTsSW5Lns2ubMdh92fQ/FxoVhIreVKgl1pBi8SP7qkIQWCU8k/ljO3/6KjvCbbcTMCuB9oZCUtunEBevGdf7xrLy6Sl16VJwwJy7ZLTmOZC17Q5zqte7x717deN/ZN431enEZzabX+rrtN57q559aU0v39UcfCp5c0lpu7Z76KilOruU5kBMhuJbSPZ6/jvvmbFQQ+NvV9/DQmq9PCb56jeX8j2VfR3iygUs7n/aIr64cUO/zMxo9uqS13Nr9jTVSnFzLcyAnQnAtpXv4yE95eP5fFQT+6vFb2XDZ9lOCr15jOf/vD/6UgCQ7a4WX0Yn5ABr46soB9b6sN28f0SWttsTbS3LZVaFTZMVrZb+7K6XbMbeN83KDFbHz4uSvWSOcf0rw1Wss59+WVkNEvImIL1eMC38ikgDBGTsX4+gjkaY7IvWGRPMrSxRWuynA/7W/fHDdTWO9XqwOmKzn7/JpV2ShrzIYpN/H+vS5HC0ervQ497b1zt//Z19xtDiHn9l9CP9hFPPP72Pfk310lHQBEJQcAEBHSRfXM8hKk0CW3XnbLwcHXaoO5D8/87MFulHKn4MlhV7LSavqQf7zLantuhATrN68B6t5gXSd3teZrP3Pa4e7KLa22qXvR9ov7n082zIiPkDIUHQoZOibK//ubPjk6O9TnOfDnwS7PE9IiIkr3uqEwcFhA6P7MADL51ykwNePRH4iQcpj2OKqraiQEuG01leBr7Fo8SIpU77KVkfhoQ+4bVUqj+evA6Cz4UVeyr2N0OmhE46/aPEiF3y112Gs579KN4OmksER8WOtUS7lgqMhP3GPPIYtLnt7O5FhoW6J9fXWB4lPTJAy5UXCv21VKg8f+alThqVP8MSeGzzKf6z48YkJmvhyT8FYz3+ZfiZNJYMj4keGhbqUC46G/CSrV2aNS6RdnuNMhHNDrIMXt7IsXpAy5W26TKbNWMZtq1LZMbeNkJhw0tOKOBj6sUf5jxV/Wbzggq/2Ooz1/N8XZtBY0j9u/NOB/MX9ydeskOLmWsSTX1mC3EqfqOsn+/mburslMlqfPpeH7rqDlSaBZ/OUn7ffPf2cRP4Ah9Jn07e/UyJ7gOsZlL7/H9MAD911B9e88j7r0+ey0iS44Kl/Hqv8R7M84YeYQOR1W/dhiTi1VkiISfoaab9830j4ISblfnfL1n2Y1la79CW/Rq83oPc1aj6THM9nJGG5K9ebHh/vkdgAOmt76Vj1FIsW3y1Z44dmf4hw3AEMHy7hTH8EoXXC8cX9ixa75gl4u9zhB077T65qeHFM+CNVF7hz1cvJ0mSxeCQ2Uf6Nqx4jnvsla/x54VaEZu/lPx58cX88rnkC4z1/ZPytXFX27JjwPfUKcOcGVysLKQkZLnXwWvLPXB8Fz9axqzyHnhh/GmeWS59/weEYUf7jwRf3LyOXXeLehNGRrjv8Y4UzuHyGjna6Tir+mNyaYyiZky+t5DktC1Rcv/z+26/+5YPrbhrr9ZP5/GXVbbrEmGCuXrOYf3y2j2fzclkvWvsvuP7/Olqcw7yUDJ7NyyUrL5cODBz5JlAi/w+TLQQBh6/8Oe2ffYV17jnOz8KaC+GFHFYZDLqO2THsya3gg0/Xa3oyRiu/M5JTvfYClFW3KTwM71yrnMvQ2uokYFuZE9uamCgRaHTwErf3tQad6STljgMe9z9xXp8OcLHQtTwM6iVa/3JC11ISWlvt1LTtVSoLQ+e5L3PIwzB03YgKgKcyQXctdMXr/nhtFs+XXMY6P+drh1L/jKATOHN7Cg5BoHPwRTor9PQED3BRSxoffvspV/zyYu766hwiZhj4deJ2Tde/iD0SvtaS1+17szydP2dvO2kZo8dX9xPwhsTkZCha0u5a6IrX/en6HTxbsobbgobcReZ7FfKvHXxCIf/int2knHkW67cuJWKGgftn7NJ0/YvYI+FrLXnd/njOr9PpOHaok8yFo8evUPUT8IZE5WQoWq4pCRmKsjj1dWuBzSV7mYPTJWpdU6aQvyVhv0L+lTULiY4+xLvGrUTMMLAyf5Wm6x90pCSMjK+15HX74z1/weFOogN1JxV/LOTvbfzcE/mORETulICxXj/Zz6/43a25UHL5f/vCs2TZdTx01x1kPf2c05VfnAPo2ISBoOQAyQuwCQMX3OMksiXfvMveNT/AlrtTChsMhQBYehKefzRKgJos5SQaEmKitdXuJP6yMoUiUNO2V+Fmd3X5DUphAL2vUXO/+LOt44AiZAB43O9wDCqI350yIg9LyIlfPIP62X1OZB90Sb7zZAXLLdgqW52iGY5WBn1j8QCvxv0UY7wPzTV+rCqNQZh2CTqgowfQfUaIv4nuHAcgcNdX5/CrC5bw1ifHIFF5L3V9vjf44vvu6vrHc/6MJZZx41cX5rkk33mygpFZsPXNLYpmOFoZ9I3FAzwfdy1G/bD84xZIxgodlRsl+YdPg/Vblw7Lf4byXur6fG/wxffddekbz/lnL/TD1tRMf2fnmPHFNr+eXOFq17tVnuwma4Yjb5IjXtNoHiB3TQPTunywDck/69iQ1VwA588JUnz+3zVuHZa/XnkvMe5vFbJhqPRuJHybLpNi+XWSqZU9dP7MMZ8/eGEox0/Ejwt/open8jhvrh0v9r/z8yt+50OEDbDSJPC7p59jpUlgXopTcZsHrCzO4XaGY/2bMHDkGyNN7wyFWu9S3udUPv94lYBoyyKJf+SKQKt9KEygukZryUlaTcxqS35EIu84QHTwEskL4OjvA4NBc3+rXZv4oy2LXJ7ZR6phl2XNy5v0eEq2E7+XE7J6Xdh5I0FlH/OBoZYLO2/EeoaSwDv9Byg73EGGUc/OqMf51QVLeLfoCCndV0llgnK3/2jxRXIW8wXUFv14zi/2AhgPvlTDLstalzfp8ZRsJ30vI2T1+nnIBlrKXuYDQy0/D9mAabmSwIPihuX/QuN6Sf5Xx/5BKhOUu/1Hiy8qB/b2dtCoMhjP+TMXPu60GiLCx4wv1rDLs9blTXqcpJvpQn7y761DHw+tmLbh0xyWf8+fDwy1GD4NoTwhmWXxwwpEUFyR5uffWn4B7WJ9veRxGD2+SM7F5TlY410t+vGcv62wFSutXuF78ihMxCotd1qM43Gfa11b8t42t/udDXXsUh39JzuzFDX1l975c514/Zy4ZI/u/5P9/CPha7n6xSUm8AGk3v2w83edu5N5n8HhNRdKXoLrGYR3nIr3Q3fdIZG//F4nQf7Sz+p5Dd7MYnBH6L46/bCFnuj+GjlBA1jNC3D66EBw5ynwYMF72i+/r6g8qBUF8UeR9MVnEs+kXj5qUpOToUhe3sas3ZXx2Q7qmVEbwPRL43k9+x7MDX7clfGa5EZPJ4YSmnE4+nin9DBV5X0ktCfy+RbnH5v2+tc569L7vOrMJ8c/kX1QyhVYtHiR25bDJ+v83uLLSU1OhiJ5eRuz1irjqwc6Dzvlb1pr4U/f3Yp5uh/3n/GGR/kTMRw33/HpE1y09rERn0ONX12YJ+UKxCcmuG05PNbzi42AxosvJzU5GRYPZbFbvbRWtcr4SMiks6KEGbUB6BMyyAv+mtLpfpx1zOJR/uEyQnW0HUIfvHDE51DjF5bqpVyBZfGCW/I9WeeX42vK5iS4/90tT0TiaYmkKSafiW5pLSy1BfuvP74ugDNbfcO6FN1IJOwN+XtjJYv3UZ/ZWyXgW1nsP8uuU2TxuwsVZA15CMT1u6efk7wH8vuM9ncyHvmLCoGnWQxi0p+c0ENCTPTKsu1FArV1H5b2i0Sr5mu1Ve/OpV/TttdFCfAUAlDH9LUUGfmZ5M8tLvFMcqVBkQOgnmqnjpN7qpV39z7AgeXFnLl9qBXlRX/l+dYf88SxmzD8I46E6ZA0PQSAI1TQ4zPA2sGZdOnfp9zm7DaWGB1O3r46Yi+P8nqmADjH+YokrF5arYgn+vze4Dta65Xkx/BUO3Wc3FOtvLv31fJ/7NK/81T9D9hw9GfcHPdH538qDfmXH3pFIX8tC3ok/JjUdImE1UurFfFEn98bfMV/XtVUOylO7a4zHu6T5LTkX94NF7RO4+BiGzt9dBj+UeH+8+9frJB/RZc2hif81CSHRMJql7tWK+KJPr83+BO13GWPiySTfM2KUZOrfJjOpkdHts7V71/CSkrLy9iwDh7cWOyu847O0/OPhCEv/xPvIe8EqI6fe1ICVhkMCpLOsutYn+78PWUNVQQUPvUwljUX0v7ZV5ICAM7qgWfzcllpErjmlfe5Bnjv5qskxUG87wUxFiltNPmaFTy54neaz3LFK86On6kZZwEwMPT6Uzf/YWRF1ApLH/41qRf/yMk5F8M779wHwIeq61csVWb+i4qArfuwC4FazQucxDy0Wa4IyF3uWsTcanMNAWiRurv9I91fTvwhISaXZxeVk1bZswPOWQByEtMaaTsS8clf84+MpYH7CKz/T4VL/OB5JVwy9Ju/PeRNnufHtKwppPyzVMx+bXzT1sQtZ53F61l7eVWXQ6CPkZ8sSaOzQo/W/xxP+Gqr3N0IYvFsE33+0eCrO+FpjbQdifjkr/lGRGMbuJvw1vUKl/jB80qYOfT93ZHv8hQ/4LmCWzgvOJa65q5Ry98TvtoqdzeC+GSdfzT46k54WiNtve1iJ9bLJ13cxdEXShUu8YPnlRCx1WnFnPGFlYMX2cb1+feEr7bKPZXbnYzzjwZ/otYnO7Ngp3N4jm5xIv/64+tOEh4apjMWcpUT+PW/1e5R8uYXv/Do1heXt7MERpsDoFucSPLiREre2+aiCLhTAuRrbpx2MrRI/sPue51k9avj+u7i/Ofetp5zhzwKWh6A71/8LGcNEbaCqIba4iemzVe8XlZwRHOv+jWRCLWuR4Znsw0n/ckte/F6LSVA4aaXsa/ocndH1C5k7OU+t0qOmNBnGjl8oPZMyJUdHznBxapc4t4OtlGvTZWHaC1ex/Vhj9KY93dq6WH6En82b9zI2nXO+v/maoGwGQ7aDI1809ZO7Do7r/zlGOsvWcbhPdWUrLbRucsZs9AZBNprXqfKdp/0jPamCkJnnz0hfzwm+vyjXSJpRaIsU/N2sI22/H/KrfHPUbp3oyT/8mN/htn/zyn/Yqf8d37RTZtlZPnv+PQJzrv4XuJHsKJPh/OPdkmkVZINCZkeic8d0bnIf66e1DxICWsme69T/qUFFZCWOST/2lF9/h1th7AFL5TaBk+kFT3R55+MJRK9qAhM9DAdOWmPROBqr4S7XvymAP/X5FjJ44j/y4leSxEQ3emiK33zVgGj2fSa3qeTzqGSdIc1gCxblwtRi2teSoZE9mpFQN4zQMz8F5WDeSkZUJzjEkYIN5uxWto1LfjEtPmKOLa4ClTcKyktDE0AACAASURBVCd/yfVtHSZ/9T3k+63W4di/qASI97aVlSlKAD0qAvL3VY+caDW5xOk9EbW7/S7nGMLzpleAXOmQKzguIYCR3N0jvScm7V3G7/l4+u/YUvUbbjnnbNL7v8evvv2E5Hvy2fzkRlYsHGD14Ez2pRRxxi8g6z0oyerGKJj4w7HtBM8x8YP8WWxfXgx6gcpdncy6Ioy87+pgsZOg/3D0Pp6Yvd3tM8orB0TLftFivCbusZx/IvE9EZwnYqxvbuE6nuft6XfzVuntkvz/mx10N8DGrc+OWf70wUefv8t/fO8H3Lf1Gp7+8S63zyivHACcpXejUBrGcv6JxPdEcJ6I0abLJLJ0OVy4h7rB7VyZqvz8lz4JKxYOEFM9evkHfzPcMvjLiFquYuTMfbFPfzE6luE9cY/l/Fr4UpVCQqbmjICJ9ACI5HYyhumIrnN5H/1Nj14wpn787nrxjycLXu4JcPcc3uYAqK11+c9iHwB5gp/8/Sy7jnmy9+alZEhehPXpc3mmqdSVSE2ubm1rYiJR/vOp6zniQuA2m+s18vdFUpSTptzi1rpWVALE98UyQPE+8qQ7LdIVvQVyRUG8Rmv//DnfV5Cz1bwAW/dhyjyQuloJcVdFIIYw1Ge3Jia6eAx8tFza4oCe0Vi5Ivkf/PI5dDoDi0IjyT63nOOF5XRW6KWSJltoCdsOJdN6RS5X7Eoj8SpfsnBqgY89k8gjW7ppq7Lzt5JKpuUHck5SMDPtvixNt5B95F2O7VtD4C/epmewi6f/dTF3XfqpAn+k5kDuYvYTdf6x4qtj4ZGjtLBF8t/2waOa8p9mi+Dt6D0YQ8PGLv+3XmTBnP+kLvgJega7eOLDi7j3ii8U+CM1B3IXsx/P+QVBkPB7OzrGhO8SCx8lWYnk72M/5pT/dyfj819IfUsq6f8Zw5a3i9jh+I7z9Gcr8Iez7nUeiVlN5BN1fld8ZRWCNzkTo1lnJKe+KrdwT+YwHbUScDL672vF+L3Z587lP9rueelnJPDrg1VgHxyq9x9e8mx+8Xs5+c9LySArL1dzn/R9SKAm+Svc8kOv6XQ6iRglAgsxIc/8V4cAtMjfal4gWeZqPDmpy5UA+TVyAm21K13/crKWhww8lfjJ3/d2/0j3V5cBqp9brUAoGgHJy+3EGLi3JCheu9X4IJmH4tgfXUyQ4Ed0bwq9wiCf1pYSVxtOfO2ZlHCAp55J4+6XDhD/4ZmwcIB/VTgDPk/dupCXCwqk+8b80g7Y+efGXqwtyZQWZ1MqdJC0spzSIj3nd9+PQ1/l8uzuGuzs37df0Y1v0eJFimmA4z1/51BXwEWLN4wKX5wGqE6A85YExWvf67uTzD3u5V9eGwHRpTz2TOL45G+5B/2Q/Bekx7o8u7sGOxVl5ZI1Ds6affk0wPGcv66pGVvZk84/Qmf8YVT4cvISiUoatOMFCYrXtlzYQeaeCraEneTP/5py3i3Ss7j1SmhFUSooZvtrrV0VOqk3Pzhr9uXTAMd7/vTZZiwDxViF0eF7TUxRcYLcFS+uK84dVjZOxTAduRUtt6a9JVnxGqcS0XMjcJOnZ5S/Jj+TJ+VFrgSMhvzfstnBVkX4D6PY9E4d2J21/dcz6KIIqJP7xP4Anta5t63nqzc3EhtnhdxhQ8kU4mrhq61qLQu8tdWuSf5yMhRJLzp4iZR0pyB/jQoANdnKFYFEq4ky27CnQGrsowoZSC53DY9Ba6t9QveriT/RapL2q5UMtYx0f331VUFOfOBa1+6uUY5Ifhtzf8XNq9Op+MiXOesEtm6o5urrM/hT1k4Gex3UVhnoS2nGWByGaXk3D1w+h7tfOkT8gTMZWF1Op6mDiFQ9jYUO2qvsJK80c0taGvf/qgxri/MD3Lj0IIlnBaITdHRsd7BCN4OmwSsAPTv9H+eRVX93SeiTW9ny1+VELJ55NOfvqa/ilc7ruTlwEx0xT1G9tYO0jA1jwk+dM0dBfKBs9CP+7Gmc7x/33DQp8hcbCr2QdydPXvK+S0Kf3MqWvy4nYvHMozm/IAg8V3Qh/xnyN5oif0/N531kLHgY34hoBppqR4W/c9eXCuIDZaMf8WdP43yzQ7+YFPmXdzvfOxLyGatbYlwS+uRWtvx1ORGLZx7t+Q+k7Sb10yAybouj+qsmmgu6x4S/dUehzhvi95RsB85sf3XMe6KG6chL0dTDaNau1rmUqHlqYSu/x1B5mi49Kk7YsC5F6gOgRe7uSvtGs0RvQH5liTwH4Kam7m6Wzo0noKWVU7G6QkPYk1tBuNnMjTNsCiIWrfAbPhlwaZVb07aXrWuXurjt5YQpEpu74Tyvr9G5kL/c8hdfX/HcZs1aevnwHYUi+rc2Tct8z80rNGP6ib9+Q/M+ZX+4QXP/0le2aYYDRvM8trIytt2xVpkDIG+Nq653lxNh7b79Ui27ukGPXejko9Z8bL52Dh83cd6ZSRz8qpKBQykkTG/EsK6exkIT9uLheyevNDNwAIQBPRGpemcMtDgMy3K4JS2NR7bkszYpjVJTIzUNoUwzBmPb34UZXy5PmEFblT9hwgfMWhfIzr+hGNc7krtd3pvf2/OLVxfkPAhAkzBIge5BtnWWcnPGpjHjy1vjquvd5URoLyuXatnVDXImS/4Vh15h1rpAyEMxLngkd7u8N/9oz3/04H2AQL3QQ7buPrYllXL7gs0Yp8WMCV/emlZd7y4nwl3bhmvpJYt5iCAnS/7x/sXMWhfIkb8pxwWP5O5fRq5EwqM9f/hs5ySxmpIOzpodxdslB8goiBozvpzkwTnaV/6aekiOJ/KXt5Ed0zCdIfJ1Fzv3FD9XZ96PpAjIl6gEbHo00b0iMs5wgzex/9DMtHFhVFXaRn2NOgsfDx32ooOXKMjaUzc+a9CZCgXCJU4uS4ZrbbUrlAFa7czPuFpTAWnVcP+3ttqdXflkrYBt3YexlZVJ3gJ5+EFsNay1jmhY9K02O4lDFr0iD8BgcKsAqXMS9L5Gouct4YhpreL+Pu5a1MoJK3aIKJ2kpbSeK/a9Cv5g7xGwnm2i719B6NOhtLYViKC8NgLbxnYeeyaRl1MLKMmyS67OijMPMK19GlUbTfQfT8I4q5aIVD2PbMnHvt3Mh8sLiLhQT+WnNn4RPBO9Qce/PjSyN7qL3lkFOOYPcPAE3JTxnKYwPbnvFy1e5NJa2NP5ReIHZ/OWVCJhCTSVDFIVWcdMDSxv8N21qFUMvsGZxFZRVg4y6xUgL+uZSZf/bel/1DyjJ/d9fGKCS2thT+c/WvoMrc16QHCRf31SC7FDCsBo8eWtdbUsVyfDZFPMkAu7Im/I5ey0mKf7Of8wT6b857eugVCHyxk9ue+XxQsurYU9nT/9e2a3n3+bLhMLY8MXl0j03lr8nlzlJ3OYjidyVfcaSPIir8DbHAQ1gYtJhOqQyEhuf3eKQGyclW+2T3xzprEqAVq98j25+uU/aykF8pp7OflPhAKitT86eAkkoqgskJffeSoDVNf2i1UA8lbAWjkIY1GAfEYiK/UAHvna8a9nmGk1s6A0GVt6I+EfhREz3Tl55tuYMoQT/SQETgfg7pcO8dStC3mkMJ+SrG6SV5oRtsVw43NJPPVMPgB9Kc00FppoezMc3YpqYlOdrlDS4KmnjzOrZRoJ06HdrwfHfGdriI5vHeT11xFrrRpVdr5IwqInY+TzXyad/6xLnWOMc/a2c9WSGXQ2vEhP/YYx4bd1dnkkK/UAHvn6ZPPvTgv5M8/70jy5VR6fmCC5+Uc6f3DoLzCHhAwltQjYyp6U5G8re4ao8MfGhM8uz2Q1PIDHdYBNb1suvqeB/KfhfWme3CpfFi9gw8vzV/RI59cHQ3pakST/vhkltJ/oHBO+9FkeyuJfu1o3YVn8Y1EIJmKYzmhXelScsHa1TsKRhwi0CF6L+JVVBcXSntG0AJ6ZHHFKCP9ESePISgB4LMGTX6NFhnq9AfQGl2Y7avIfrwLiabiPqDDIWV2uCHgif/UzarYOVhH8WBQgH7mL293kPZGsFO4eWx2+9KHTmTHoHQz8dyrfnnnAGeeMd7ozVzziYNtrJZiWd8P2MB7Zkk9Eqh5xFG3Khhb+Ve7LY88kcv+vyuj6NJ32i/PQraiW4qAvFxRQtdGEafkg1hOB+Pv58K1fO7bdHRj1Bi5hKW14n7nvrgPgaM+PdQOB0+o83sNbfK2ENznxS2QlW/XNLaeN/MW4ujdldu46AI50/sTkJFV44HGsiS0e7+EtvlbCm3zynkRWqpa5p4v8q/E+c99tB8BRnr/pGOiDF5In5i3qGDP+MNmNL4tf/HkyhwGpPRHe9uKXW+3urHu1ZS+/nztFQd54aKzkPBmeAG/H8Y52HK6aWMergCgwvOkZIFYZqN35DLca9mTZq/ePVwGShgHJe+C7JT21q2x6CIHxDsoPRdB6RS7JqWZKaMaECdPyblbNSmQbZbRX2YlvmYttewmk2qWEJwDj8XDueMzOrKftVG2sxRRror3KLllNxuIweiv9iU218/kOG/P8Ajl3ejzoEiiyNVHpqMYSCR9t/YiayO08dvFbbolWTs7y5j9jOb9/ZCxyqt+/b79U6z8afD9jvTRVD1XHupFG1p4u8k+aB//44mNqIrfz9BXvuSVaOTkrmv+M4fzGaTFEyWYBVJSVS7X+o8G3yqbq2eQlyrpMaWjP6S5/fXAUti47hyJrubjEPdHKyVne/Gcs57ckz1U0JdpVoZN6DYwKH2dDHHtXz43jyeIfzxQ9TxijHaYjfw5vevE/8tN4QQx/lJaXKaoExhLH1/IUyJMVkxISuf63X2M0m16baAJ350HwpFRM6DheRj8Od7wKiMLlPuQJ8EZhUbvo9b5GpcdAY4nuf3li33gVICkEIK9fVxOfnMz8I2PJ++ZT/lKzgSuZS87edmyh7bDdzC2XJ/JIYT7tVXaprMm03MFjly/k5YJ8TIUOSrKcWc7iH7mkuf0E2Gqp2miiL8X5x/OpWxfyyJZ8hG0x9K2oRpcCVRvDiF3XDZsCKa1txcfXjxnWcBAESmtfx5ZUxa9/shSqla52MWlxJMt8NOeXvy7iiNfsH0qWHC2+vH5eTXxyMhOTAJ/Y/dPTRv47Pn1iWP4NSle7+LwjWeajOb/8dRFHvKZiKFlwtPjyqXXqUjo5mYlJgAdDtpDQd7p8/g9J8s9+1qYgXvF5R7LMR3N++esijnjNrgqdosTPG/yDJYU3pUfF3ZiUoMyAH4vrfiKs/PEO0/HUi9/bpdUoaDSk726VlpcNKQX2G90pAZ5CAZ7IfKzeg4kYxzvWcbgTqoDIkgDVSYPqvAWtkIGn/Q7HoIL43Skjo1WAfMQYuJa16y6jPTk9k/gEfw5QTMN3fawdmE1pTetwnHNLPl8er5WsnJcLClxKnF6mgIptfeiC+ulLacYSa6JvCOLlggLa3gzHL64HU6zJmSVNM1Ubw0gM1DMwKFCa3MKFayP4/NF6kqaH0LykmbePZ3NToOvzeyLfsZzf0x6ph4CsdNATvhgD17J23WW0A8SfdXrK/9Lm/STPWKR4fk/kO9bzu9sj9RCQlQ56whdL3bTq5z1Nrztd5T+XSJfn90S+Yz2/uz0pCRnYUJYOjqR8ODPgLxhz3H48Vv5EDdORvzaaXvxOos9SkP54rfPNW+03auGsXe1eeamqtEkEfirDABM1jlcdQ/d2HO5EKSBaS07SWs/qqfmPC5F3HFAkATr6+5yVB+NUgFzGAcuXp4E3tq90/OqnGbxFNoGlDpKEEPYWh0kZzkWCsw5RLHECsMSapBKniFQ9ITEB2P4eCenHiEjV0z4E11jowC+ux/lHpcpORKqZnzjmU2pqZWdnK0tMFnwFPW8dz2ZpfBolFU0A1O21U5VeJzUE8mR5uxsH7O353SoDsm6AnnIC3I0Dli+PA38+PT3lf8ynFB+fSEWjn5HONpbzu1UGhroR1g+FF7zBdzfu1tPAG9ue+tNS/hGyhkCeLG/pbLrMMZ3fnTJgK8Wr1r+emgCN2vIvL5Nc76d6mI47K1t9H7WSsHmrIIU+xJ8nyi3v7j6bt9pvdOcdmKzY/0SN4x3rONyJUkBsHQckTDFzRvAQbnBnwXvaL7+vvDHSeBQgr2cByF3aJ7IPcl5bIo++sYuZZ4Y4W53izGJ2uirtksXTXuX8w+f8QzZc4kSqnTtWzeT17E4sscOHbq+yY4k1EbvOTtVGE5ZYEyVZ3dxym56dBfWYCh0kVcST3AXv7j5CKftJvsZCy55+1vRlkLevjvTF8R4JW962V2tU70jn97REZcKTEiDHFxsBebJs1S716sK801b+zV3JHC7cj+BoJCH5DE3ClrcN1hrVO9L5Pa3IsFDqh0IK7pQAb9oWuxu7a0meS2GpnvP0p6f8K0AxfleLsOVte1MSRn9+T8sqOAcKeVICXNsGKwl5LFn8E1H6N9phOiMl13njPRB7AIikfbj0xE0ni2wXJM108Q6ITYCkv19x1pNO+lWVNpApHBMxjlcd3/Z2HO5EKSDurHp3Lv2atr0uSoCnEIDW6GAt4h+tAuRTW1HhsYWui7vcVoft4Ms0tbQTOxjKoO8ARU1t2H5YB1lgWt5NSZYdY3EY8S1zab0iV7JuGgsdUolTY6GJ1/sKae+Iw5rkS1OBA3NJOH2JLViTfKEfSGnDmmSmu6KP+144woZfzOP1vkJK97aSND2EM8sTOZBQhq7ThxkV09BFDRJu+Ce1FZcoO/up4vXynv3ent/bEj/1PAB5dYAWvr293Zm8NkLCn+Qub27hxPanTmv5x6XepHDvR6ri9XLy9fb83pb4qYldXh2ghV9cPjQoJ95zzHXaogvJOVCPrRQSzCWU1p6e8k8wl5B1rItidMNli0Mk7DKgZxTn97bET03s8goDLXyt+Pl4yHys107EMJ38yhIuOWflqHvxi82PTvYaUi5uEsMuWtb/iZLGCSkH9Maj0NTdPWHjeD1Zz2pidim1mwAFxF1dv7yZj3ppkbq7/SPdf6wKkA8gxa2Vu4fj2I+9fzF19nrWz36Eyho7uy4oJHpTJNb2YDJKLeT0tWMtn09rTC4I8PgvM3i98ARNxYX0VAu0Cj4ElEVx/01xPEYu7VXwwOVzeLmgAMsNpaxLS+OR0nwGBAFzvJEB30GpVnpd2kzuf6MM0/JufvM/hzEWh1G/3Mbe7e1YW5KZVhuBX0UXPj697FxeBL4OGnZkc+VgJsTfolBc5Ett+Wudf2bmGV6Rvvoe8nsP9NVSZcM9vsMhxa0VSxbH3vDORZL8dfoIdp728v9PrhzMZMY5dysUF/lStwDWOn9MarpXpK/OJ5B7FXrt1dQ344IvX2LcWvHrLx2OY3/Z8x11RfWsP+sR/rb5b1TeVn1ay7/NaOfKwUzKOoZJ2FaK1LlQPLOoALg7f2qSwyvSV+cTyPsl+Jvs2Ozu8eVkK+/mN1HrVA/TEc8xll78p3KJSkdiTLCC8CfKAyC/j9sOgSWNtLa2T8g4Xm+IX2sc7rY9bkITWz8EPnR5/cOt2kX8iQVHNF8/ov0yiVs/HN3+Ud3fDv98SHO/+rw+nobnOK1oJ3H99oZlPPrGA1zTN5+Sb7qxn93NFQ4rOXvbGcBEXcIRBobcnhtL8sAH7vsPZ7yzuaod46AP9756wCVJyl/Q8zIFtFfZMWLGLsumFuOl4OxClrxSWWZl216CtSWZQOyUXdrEOd/OIDDWAVYQBp1/vFoai8iYu8wt0buL/w+fP97jPvk9tfdHeVQ0PA7PaW/HNERcCvnr/33kr47x13tZ6ldRVk7xgd0u8wHcekbQnicAoZp7xX3q+nZxiWVtKTo9WGXynz2fv/27fP47XPMbbDISHvH85bjMB9D8I6saJKTY3wPBHvBHa72rCX2k+PzJHKbjrl7fm4mCp9NSewAmJRdgnON41W53b8fhgnKgEAwPI0pMm694vazgiMvekfYDbu/vNozmRgcT73/J7fcMu+sy47m+vkLnbr+0d54RjvaxCnTy++u+/uhDt74/eSOc91v/QMpZgXQe8SP2uJlvY8r4iWM+2w450wiMvgMEB/ZwYnk57VV2zq1O5OgSm6Lm2b7dLMVH5a+LJVGWoYzn2h3d9AwM/cEb6pEOKGKrYjb1b39VRl9KM74Y+GVsOoIAnfbLNIlbXZsvZut7c34tr4F69K+7tsKe8FPi49zulzfCeTb3tn8b+YdF3KJJ3OrafDFb35vzqy17kfDV73u6nxZ+7qcPud0vb1XbnFnybyP/b3ISiDL6uhC3ujbf5iEBUH1+Latd7cbXmiegFUaQ47+46X2dWAUwFutfncV/sofpyMlfJH51yd6GdSlur5UP4zEF+L92sKRwTDH/FYtn0tHSycETteMi3sSYYMLNZsklP9JaZTAoDvvl4OC4whf3ZbZrxrxv2NIrkbhI4L8/+zYB4OLzGnVqL4A6sW/th3s0x+G+cbmf4ro9R+ykJUKB6iOzdvPmYeVD5n7fesNareiDtF+9tt6wVrPzn7v9m9eudVWOTLD6jc0S+W/f0A/Ax18G8e3ZAke+MdK7r4Pr6yt0ISZ4IThBEMSpnPOcQ5CWrNaxV/Y5vf7LIp0UAnC35IR3Fb/mH3seY8bSYK5evATfzXo+Lm9k8PuNRKTqqS900PfhXMIaoiC2joxYC+yFHW/2E/zjJmc2dJVrkpSxOAxS7FKiFJiYfp6Z2h3d0h9IMSFKdIuGfHgmt9zq4JEt+QxUh3O+ZRYDA/10OvQI0y5RELFWHb74mieyVp9fcAxSU17G4iXOxI32zjaIj9ccJiRi/dd7i/nTNfvGjC8nvPVzX+CPe2457eUft+AmBRFr1eGLr3kia/X5BccgPW2tJCQlDcvfYtEcJiRi3fb3hbxw7aEx4ysILxuKdCdOe/nvsk0n1uIrK8Ob67Z+3xNZuxK+QHF5NsuG/kvYBxykJMzXHCYkYr3VtYUfBVw+Kvyx5gA8uLGYyRqmI58IKD6Lu30TYf2vWDyTezLjhU1rfUFs1ThG8ofhuv+Fx6oV5H7IJ0K698KBRgGU43+fzcsl3C9qVJhNvXVS0uGe3Aqvx/HeHn2psDZmgM3VPi7xenU8fDTjcNMSnZhpiXaFZa7IolcpAfJ4uxxXPeDHVlbmtOZt7uP2mt4QE/zZ4kzKuetcE09/a2c16NT3v2xVB3wZBOf3wfl+bHoiXvh/7RU6QRDQzfdj8fec+25d4Px/vP+LXO4Uy+SvShVCDxbqfLRq3eVjcOXr6or7OcILHC8sJ21hIE2t/Qx8PZ2ODwUi7smHe/JpLnYQkaLnLxur6K3057yZvux4Mxx+7CxVEjOl+1KapZ/lKyJVP9QUpZvB7WYsy4fIYHk3vW/GMHBgOq1X5PJygZ7Ot8O5clEIOasqWLQtmdLaVhKn4ULE4tm0OvFpxfO1hgS90vkTLk14Svr5qS138sh1/43YSVF+X3t3N4/uWY2jVT8ivsHHxyWeLR+DK7mugTvTX2YLvz6t5R+3ABciFs+m1YlPK56vNSToT81ruTb4ZennR/9xG0/esAnCQhVhBd+IaHq6u9mw80KF/N3ha9W6y8fgSishE44CS+tPa/n3tnZhDRI0Y/XuOvF5c/6cNXWkbF0lhQu20cZqIRtrvNKtb0meS3+/g8+CvsJRrYcA7/BLy8tInoD4/8kepuPNEj0A8ja842nso0X+S554gNSOT7n2q9XC3y/cOi4rPDbOKsXpV5oEzr1tPd++8CzYG6WHlhM/gGXNhZCnXcpZEd8nAMRXGHUj4anH8YqT+RLLyqTyu9ujLxUeP2+2U47Vx0i0uunkJ/te9BY8X/MvndyTUGazu5K3NNRn+HWXMr3EYUJXhyAKCoan+4nX1bTtHVZArEr3vxji8ET+2zf0kzxf/D9SziX//VuBo8OVCcnz51JyJFdB8NybwwtPJghL7jEqXx9aiy4SuCygU7r2Y1IFvVY8O9YaJSUAil+x1iimx8cz/9htdFboGRjUk57iz7KVzlsUP+j8Yx2WMlz3nLKhhR0n+jlvpi/27WYssSbJnSm6PMUSqH6bXaqTNi3vllqgtr0Zzi1paUM91KG80+nyGnxyDj8+Zxr+fr5U7u7h8IpSTXe72vXurqGP3O2/aPEiQjL+iTEsUjq/r87EJwF3S2Qfc3mfZh5BR00Z93xwHu213Rjbw0aNL7rFxQRA8SsyLBSTxcLlHX/4t5C/Ftn2N9a4begjd/vHJyZgSNqEPiRiWAY6E5uFWySyl8tfrij01JZz13tnK+Q/GnzRLS5a0OKXVcgmJSGDllcj/y3kr0W27SW5Huvv5edfdXM7QUlzpPMbHAYaV38lkb1c/nJFobUol3c6tyjk7y3+WHrxl5aXSUQrH6aTX1nCgxuL3Y7xXbtapyD/zVsF6evBjcXStSNZ/6LCkJSQ6FI2uGFdinTP0fTj90T+tRdGC0ueeICWjk+l16/9avWYtIuy6jaX10SCP/e29Tx01x2sNAmsNAlk2Z3Pf7Q4x/P/3/g+YfE9RoyLAskbaPHquUTSFz0AISaYn3G1Ypxt9PeG2+a+vSVQeHtLoCBeK/4s/1obM8DamAFuj75UuD36UiE6eAkL5/3QhfztrUPZ/COY5dHBS7AmJkp75fvT0kxEBy9RKA3iz2plwWodVgjEPfJrxfc+/jKIkiO5xF1+nKfbHSxZrZPc+fd0BfL80xX86ysLOp2OnBdlikCmryb5v3Q4hyeHyN/hGP61+MgtXzWZyWvfxSY30+PjqeUS7NWf8IHfIZKSg+hbNICv3UHxgxHE39GqiFembGjhW1kcU931DEDYFsNgXA89A82SFVRS1QyVMSQETueuH9Ty9Ltp3L3iEPEHzqTiLR1LMnsore0iY4mFy4rnkKMrpbw2grMu9a6uX26Vqyf0AWyqOshg+Q3clvok/pGx/DDiFd5s+Cmx1iiOlxQhTIPffXs1D537D+798goGHLCeUXbCgwAAIABJREFUVxnobccSZcbs78NvfvQpgwO9GHz83OIHRie6bYojr30Xm9yYLBbiFtxE5eFXT0v5jxR/V1v88vI8GE4K3FR1AEfFj7kz/Tl8I6K5Luov/NX2IyLDQimpLEMww2++vpzfX7CFOz65mAEHPLjsLfrtbZL8H/jpF5L8PXkc5KQkJzN57bvY5CYlIYOsYzmsJOC0lH9KWrxmUp87i19enic//1vVh+k2Glh63IIleS7pBWeSPWcvViGbKsdsBKGOr6aXcWFtIltCixhwFHF2+5X4+PRjiarB7O/DhaFnIwgOdDq9R4+DVqx+JKVAvW+yh+m48zyIvfjlisL1v/0aU4D/a6MhfskVv9Kfs595iE9uXMIlr+3luWs7mRl0wbg8Af/4bJ8wFN/naHEO8z4bsvBlCkFWXq6kBGTl5bJ+2KUvscnjAXp+VuIDGOnb38n1DPKl7H0ZnvRrDAkxce8Oo2qPkcfjwpjX6iQ8p/WvnHz3+HmzuW/LMQECWRszwLyUDIJmONj5eZ7iuSGHzdU+zIwJHsKwyPMPdFjh8WyLyzPeGxPsLpNF81X3+41DX8r1+JyLOFHdpgNkzwadV80A4Ol2B0+/HwDzXOP3e7cK3Hqfs0JKEARyX8pDEAR0Oh1v3OeaZPvS4RzO/U5H8t1O8i/LzuPjL4N4pkMYTgL05BKXx63lGe9p39/Go2/s4szyRMprI2i75Bht/wzGaLVLE85My7ulbmjG4jBMy7ulZicPXD6Hu186RPJKs9QLPXmlWREftbYk4+OjoyqomNh1doofDGW2NYlpQVWkL41CL/TQWaHnH765XBVyr0vsXiscoD6bu/P/8fjl3BL6kvT+ur+eSfJKM8uOrmd6fDz/U78ePTBwIJT/98OHCDaFYzAY+MOJ6/hx0LMS/sNZP+KJtds18f2MxhFd4vK4tTzj3bzozdNK/uvn/tkldq8VDlCfzd35n8q7mDui/iK9//P/nk/ySjPXNj2DyWLh+ZJ16IHBQ+Hced0GQvwjMBgM/C7vam6ZvlHCv2/rNTz9412a+Flv3j6iS1wet5ZnvN/ybORpJf+w7CSX2L06Lu+OfLXOvzNlH5lfmqX3NzZ8SPJKM31/jiElIYP8WVvRA/a9gSwPCcTPoUevg28X1DDzyGoJ/8vwWq4KXqWJ/8CbJ3TpUXHChnUpJF+zwiNRaSkDn+zM4pJzVkokLCbYTYTFLVco5KN15fcfKVwg3y/uHU0S4IrFM7GGmrC12Jn++xThkRmZPFCUzaGsHon8xfVAUTa1vynWjSY5cCgPQLh6jXOKWdsXB1mfrvwsHC3OIcuu46G77qD9s6+knwE+TB7+v/58TRs/s/sQ/sMomt6p43oGCb7oDHdKB4DuifP6uHeHUcIX14m/OzPo//pYqtOzWqyjo0jPfTuOIeYCiMSv9kyI74nffx4O32uCmdfOV+Dfl9kuKSBq/JO9/vHZPoUCIOK/YS7jLsuwY/6PnfA/986ViBxg3+cgHOlFN8/IG/dl8tLhHPZ9jkvMX7zm1gUZ3PCHHLZd2Sl5F57pEHi08ITOxx35qV3X4s/i9LyDc57n4HEw6PQkTQ8BGtnxTggpG1qo2mjiy+POD6DY9Uy0gOR//JwlTjjLnZbnw/YwGmO7ne7S5UBsN+Vv1pIUbEVfZ6axsJtky3RWXjQADgu7IgqZdzCBPFsviw1xEKLs6a8o5fOQ8a91fofDwZ2ztvBi0Sp+bHoGf9nsvzcPPU/cF2m0WQIxzK4n8RoDbfEvYaq8m0f2/Zi4RQHEBkTx9COP8svnA+gZ7OJE9kHNvAp35Kd2XYs/i9PzPrDcA6eb/Ocqy/qkUkaLRepr4K13wOFwcHf6pzxfcD4/D3oeX4b3/H7LPcQ3yuR/lYGG6X/Cv+5+frvzB8QtCiAyNJTHHnhQkn91YZ6Lh8UT+ald19LPQ9PzLDfbeOu47bSSfxHKsj6plDEhQ+pr4OmcCrIVBM4pXsz+1duZ/bXSs1MdaENXYKGtdkj+aw2kJEZT/kInn04vJi46AOvhbHYfD+GC52PY8nYRhaX6EZMO5e18tSx+napRz0ikPdblSXmYE5fM2tVOAtfK9tfyMAxP5Bt7AmDthdHCX2Y4lc9HZmRySdZe7vh7IJ/cOEz+h7J6+OTd7wsPFGWzYvFM3bZ9J0aF0faF82/Us0Ox/fXpcyViFXMALGsuZN5nQHGOk+wXBTL//D72PdnHz+zOfKa+/Z0EJQewqaSL6784qAghdMyOcdtroKrSRs9OZ26ASPI1nzv73QfNcHDfjmMSqQ//m6N4TfQOBM1wEJQiwEv5PJ6SwX07jkl5ByK+2j3vtl/BBC8RX90I6I0Thdx1ronLVnVIcfpvu4aH2wwTew58z8/Fza9F/vJ/V/xTvJeAcKQXzODjTYc7uZtcDAUAtO8a5D/65lLe4IwlnTfTlx0PhpKyoYVtr0Fvpb/U9Uxr4Il9uxmhMpyXVxbwwOVzuH97mUtCVBsgCDDdbKVZaGLFIl8qCw0cCiji5u/N58TBbsxCD3FzfuRSpief0Ccf0iPPd3DX7Eevd2phvcIg//3dA9yy4kXiD5xJCQd46omFvHQsF1OhQE8tlO3p4O3SQu645AXYBx11A9xbfAVJ64N4t0jP1cH3j8o1rrVH0Qp3yAtwOsl/2UX3ujy3fEKffEiPPN/BXbMfufxf3vFr7li10Qv5/xF2OuV/x3cXS/K/M/1lt7L1psOd3E0uhgJON/kXNfoqWgCDbEKf2OxHVfZn02X+f/a+PL6JOv3/PUka0pMWSlt6N6UF2tJyFpBTUAHxPrurLoorKJ6sq64/UVfB9UQErxVXVlb5Wu9jUUAUBIql5SgtLZSWpndJSy/Skg49Mr8/Jp/JZyYzyaQtBVee14sX7WRmns/nmXTez/0oNvth7KOWz3I9OODXiPGmQkQfp+V/1Fn+j6dh20dlaKvvxndBJ3j5l2owND8BiIEsf8DRDrc3Wfxyw3RcAbga74Cc8iAH4EpzApRyBjz1TBDrn3ksgsOODtFn4+d449CODqQ+vBHXPjiOB/8lkwUF4el/gJuQMJzxtExweXIKAhZchj1vrcGaokLMoTDyudfeECkFh5JHY9b+KuBSPdpMZwAAd6AHH5nOwN/oi38bujHjgeUIS5mOtFf/znsOjtUCCgpAR5ZZZLkDEEAfu4G3Fo/kQd3uEcjaViSclxHRjenzku2fO8IF0+clI2vbEbw4064EhOtECohQLgf1PRCknRI97Z1A+Ct19+MNIA7GsSl45XAhHrdb8UII4OWz/P9pBUB+JyY/MQgcZ0POVgbLnPslIXcb/z/xEJDfAwMNrssA5cIAxP3PjGYwpzsRubNMsGltqP61HX+5fAoqV3bDtKMWiLdi8CwDghN596bxHt4NSsqdLDUA4q0YhCFoLLHhXfCjU9ldPjDMsiLwmxSUtZ/E4NubEHPAF21XN2JGzkhs4woxAWnwOTwaH5YfRlM0h6uH/cXlNL9J6c41/e6ItVph8PHB2V+16Drbhr++tRidE5uhLxuCNwuOorUCsNSyiI4dgrNdLCz1Vrz09zJ0NoWibUgrwqf74GQxi1fmZaNjcI2Iv7vyP1dhAOL+Z/wvHPnfP+51l9P8ouGo6W9Que8OqxXelPwffP32Xsl/9cL96GqsE/F3V/7nKgxA3P+DuQtH/kHmSzEtusQp9k/WOw2F2Etq9mNS1X3vumzw8tLY5d+Drxua0TnxhMfyv6lnISzR6vl7msXfW3CVs+wJH/o+0vI+KQ+S+KdmYJDB13t95taOJZ6s609RIVziiFRgBJD68EYUrF2EP28vQO7mPEQlj+KBeEcHxs/xRurDG/Hlqkj7MT8Qe29cXALyyksVEwFJOeD2nh7AHt+f8cBy4K01Tufnlx0RSgB3FBWiDVoc3ukngP83xgD4A8i7YTEsW35CWMp0wXOAt46ILO27LxuM1oZqUYycBnRHHJ9PAmwrA+q2aYUwwIJlSUjbxuctZNbqkLnhON5aPFK4pu2ERrhnmt1Z02S1iix9ouiSz0hPBFfUl2ZJUv5SWt3GAdv9cTWKEJuaDOPYFMx4tRLvgI/jX315G3Y97+gBkAM9nx+Q3wWk6bEogx9KNPmJQXaw55A+jxHlDyC/E34nWoFwuFcAlEbijj/2IPbMfBPTjz3Ig1rtJ/im7SgiFhkQ8yPfBOXpa5Lw11vqMfj2JgAaBEQaeJcoVffcGd/Muz7Bv/QunduBnd94Y5AXEOM3HF6bQ7F/4iE8EpqOKnjh3jvHYPtLZly2wAdbXkvC0EeP4bvitZiEj9269YnyIs0TEPbXYcWqnOvhF9+BxhIbVs/NQveBeJy9vBiRC1ic3A0EzGRxah+LuKn+qM0JwOlawJAO6CtD0BnTAF00wO4eglOMFRZzlxMPU8lx1bMXpB4CWhnIYN7Fhpn34Y9tLwMAsmtfPW/yf6v4MbwS+5kqzwZdty8n/+d+vRp+Rl7+b8zb1+/ybzxZB1bl7AWph8ChDDA4/V4o9iw1oes9XpmbGtxz3uTf2LMbKAlT5dmg6/al1NnVg82+OzF4pA2NJTbcenZ+3+U/TMyjpLwAWg0j4p8cGsVJs/jdgbo0g19OKaDj9q5A390xAvLP3yOu8SeJiFxuhWpFgCT/kSmA7tz+iUsmoLTtZ9y4ogbXPjgOqQ9vBABc++A4/Cn0FB75ZBSqi4pRXcQfA07ZQwOTUdKg48bFJXisFZEEQFIOSOL/O157g3fllx0BwOAjaOFv9EXnfj62/BG0mGsvQZu88zPkLLgF5sIs/m9ny0+CkjGFknVjQ7X4mUmAn3gbnnxKJ4QFSEngoqeOUefzSsADG44L9xEnA8pThZmVTdKTm4fQ310S5UoBucNnsXrsIEEJ4JUCPzz6K/8YY1N5j+mYxACMAZCz1a70p+n5ZEH7XkjS4OT5zuB/mSEA+8AnK+tKCw6KZte78wLU2CsB3jz8KDqy2nHzOL4ZzvCh/sjeZ8LI8VqcbghGcGIDHnvnEIAIBCdqcN+oUXhsxyFw1UOB6gjg9iYY5/ig+5UkVE08gM4aIIjh4OOrBcMAU8d0I/+EHmkjuvEVo8G3p4+hXN+GuAp/zJoch8IcK6JCrYjLMyJrfJmTe186eEepSx+9f29vHzw79VvU1VXjk8S78WL1TLRexydk+XT7QF8ZAgsaoK8MQVNoOyIyOlCb6Q1LvRV6+AkvwRF3duHEh3wct7TgIE5WVeFb79VC97dVYxxdoGpLikSz6915ARrslQD/yFqKDq4dhhl8M5zzLX+pe186eEepSx+9f29vHzw37XvU1VVjU+IirCq/pM/yry0pAmux4M2m5bz8m2x4NfkrCpA0otn17rwAZiYV8TFArv+P6Mhqx6yYy1BWeeS8y99cmipbwWBmUlFWxTh36bP/XFKeKuxf76XFNdY5aNnVgYJZe/EzfkTroL7Jv6RYg7IqBpZ51bz8j9uwoDjSyVvRlyx+V5a/UhY/uZe7xEOajOmx+Nh+/u1XfNCrskVCagYADf+pjlmIHK66iAf/b9/MQ/pV45C7OQ8r7fkA4+cUoJrHCRza0QHMGYbvl/CfJa6YAGtIN+fzSZ3HSgABbBL/f+61NzDHwAmAmgZgTtkRPASgzXSGd/1Di8M79Wj61N4X5a/i+8gRqaYr/eSwANoE9Hmw57P7p5PvxobjQkngxnmJQo4ArUAAwIJl/JTVLe8cgSs7V6mrsCdgrzQ8yd09lEYCEyVg9Vd+ouNXX96GigL+YR/Z7s+L2J4w+Ho7sGxcCpaNc8T8c7ZyjuoBew8BvxOtQApvfLW2stAJjWyo5j908h+Jn4tiGGGheHn+xyKF4CSugvb0EXDQICbSCtMrSeDaT4KZXYv7Ro3Hu8XF4H6J4K2P51tg2sF3PRvCcLhn2Bh0nNSgJNKKMzWDcMUVnfg57QRwGfDN7rPQcAzYDg5xU/0xcVc8Ck+2I2Uy76pptSv3u0xPYxZWKlr8J6uqnBQd0o1Puv+oyCiULeFjuWSSW7PJhsiMDjSZfMDaO9TeNjIV69LzYIAPLGhA3FR/AP5oMvUg8p4emHaw+CceRnCaBsGcBnedfRfDZo0Umv90NNTw42upYTm0MkBc11JrOWRIEN645jORQhA74V5oi+4/b/LfXLAcV6WuUbT4WYsFkCg6pBufdP9RUVEoW9w/8n8VdyM4UYPgIRostf0LQXMTobPLv6uxDmFcgWNYDiBSBiymQuytYhAvcVuHcQW4xmKP4zG8Nb3r+BFo0zTnTf5sRBbMtdMVLf6yyiMIi3b2aDjvvxDBsUkoe6Z/5J836gcEX8N//1O+GI5hCSnQGBmB/8pF0dxHq+YK1rMrUO9NFz1HAh7Jwi/rFfhL6eMf73b27tkTFPuz3/9TgUbmhWRwh3Z0oGDtIgDAn+kQQegpfAvgy1WRSPCfjNSHN+Jb5OHLVZH4T/0wt/dfuUi+bJrOqicJfACQ+Njf+e99YRbStgB59nyBHSyDO9ADfMor/qRiQHovkUJ182w0Htzl5P6nwVxI5qOIgP74omOY1+QAfUK8ktIjus+Tu48hONkA1Hb2e1LfuZqfkD7PkdRHav0B3v1PFAJ3yYIz7J4D2DsKAsBPrAUYEYhW1sKrRtLEOFClfu5i1gRAh0dH4/qqJ/F1zlokntUhZngjzGwHIuf44N3iYpQ9E4QYv+EwB5kEa8hSwyJ+cDsym05gbH0UfDQMfCO98NMoE+YUGHG4oBtRzFnEhA5GFk6gPLsNQ0+2Ijb1NrTbc2LaBtegdWcJfO3fEZLUR0oWh9vb9U5Kn6QYzpDuv7u8GMzsWpQ9E4H451v4DO5IK2ozvfH4swnYZCxAebYVm44X4KEF4/DKc6WIy9DyL8QteaivteKFBdPw1I69fAMXjsEyzb8REB8LhtE48XcalkOV+sFNzJoAqCEgAA8nv421OY+dc/nPvNKR8FfdtE8kfzqpr7akCAZ7u97o2BjFcIZ0/53VJ/pV/gynwcOGj+A7PEaQP81fmphGwLDM3gvfVfY6AdD4mDEoywfKuk6ec/mXt3qhfFuH4Mon8jdAPMGvpFzDr6vyCKZFcwrhDOf9N1Z19qv8ORsw/tvhCEpMEWKu7hoSnassfhp83JEaC19pxkBflQCSAAgA1UXFAvgTIvkAN66oQcHaRShZdRBYARSsXYSF63PwyCcA0IHeWP97qNj/DpYRZfErhQp22D0EdMIg8R7Q91G0ov8wFlu3HUd8M/+9fnHmaFHc33+ETThOEgNLF49E1rYioQdAmr1MMLP2GDLKup2UicwiVtQuUM1goYGi4LAq7LrD0eP/tT0scji9KKmPAP+Y+1MEhcBVsiDJGSDX/nWGAa8hEBszJ2JRxgEEGiS+EelUO6nlr9QrgG6He2N4NKD1AcMZcGCfDo0ltTj98RDE+A1HZftJDL7OineLixF9YCLMQSboNDZETfNBE5rQsqsbv9SVQ3uSwQOXxsHg1QhLLf+FmFb+MD9WLBUiMO9oqEGS+RIR+JO1JoREorTgoGy8X1riCADFZWX4P+szGJLI4dU54/HmAQ0aS5qEOK23AVj14V6suHMa1pnyUJ7dhk0ogCG9B4AW67bkwVJvxQt/noaXtx7kX5xzWNzU+jr+mncL3l90wIm/rbVBDP5wTLWTWv5KvQJCqHa450r+f+h6FUgGkAwRmEfHxmBy8xVO4E9+J0qAUm4DDcRlVVVYf+pRXv7L+k/+d3a/h4e2XI8Ndx92KUvpVDshTq1QSy+1os+l/Ds3DsdQAOWACMwtpgKg7UreOpNk9CfG2QQlQClBkAbiyu5ROJayBUNHMnh1VP/JP3rzfHw5+Cvcw4xx4r/+vQOQZvF70iRHXnlwjq/TWfzSjn3uwJ1WCOjBQ7SSIFcR4EoJmJAwXFWt/r17f+CufXAcFq7PwfdLJgs5AOlX8fkAUcmjBGXg6RMF+PZNvu3tNWwIU2pqhA1+7hUtOwpcrtWKQHoHywg9AXbYSwNLXv07AhZcBsuWnwQFAOCrB/iqAQ43//NL3Azg83tvFBQHct+5EQE4Q/H/ZR/IsEvEN3dQ2fw9Ym9EGUQx/bcWj0TbCQ0WLEtCWxnvJfCP78FbI0YKzYCkHgUAoiS/X/YB180Xf6bkzu83orwF0jJA2tUP+AsWOw36Y+5P4ev+26CYLChXHnj15W3473Z/bMycKDquk3bCkxtp66pJ0BPbr0PcVH94+RowL3oVzAf1yJt2DD06G26yJeJ72ynE+A3H7PHd2LibL20qeyYI3dYOxMOI0eO78cOvZ7H8rkn4HEdx+a6R2J2nxdv5VZh86VWiJCKSOCddM1mntN8+7aFwleTY0VADjuPwTsmjuMl7OQLKg/BCyT/w1IYkPPYOP3mtpgwwpLcDuSFYtyUPQ41aWKjblme3CT9/YMoDu8sHnfHNaCwxAMOAV5eNx4vFM9FUwuG1uXtEQESDoNxIW1dNgh75/kpe/pwBNwW8AS6v/+R/8x33YnCIgydJnJOumaxT2m+f9lC4SnLsaqwDx3F4Je9ePBT3Mrh6LV4oWdF/8o/j5b+q+BI0lXBYMy9bBEQ0CMqNtHXVJOi7oBN2+e9B/NYZ4GpN/SZ/q1Y8nY2U9Sl177OYnNdKKydKSY4WUyE4jsO+oM2I3DoSQ47E4YUxv/Sb/KPAy//d4h/ReNyGWzvnywJRX4FfmmjnTjHwdPAQkx4Lo70XgVQRUFIC5Mg/mFsaFuQeaL4zNHDXPjgOJ8v5sr+nTxRgXkMctoWU42R5B6KSR2HirS9g/KlVuH5eFVLeBqKSR2H8HG98+2YeNxoawWxXqgRg9AwHmUpQAv4O9z0jWP3SuL5SnH/GA8sxw+5RkPMAXH/lGg4+AaIcAFLK11bG8yMWPu8NYPDABt7694/n8MCGY9g4LxH+8RzqtmmF3ABeKWAEjwChG/48But+cPye7RPAZe9Wlj8p16Oz9pV6GEhJ2nNALlwwK+kKQSCv7WFx9eXiHv8bMycKjXz4ZEAbPhRc/EdwtS8P6nSy4IfjxoiuARz3fM3Sg8l5R5Cz1Qa/E614EQGcqBFQpARQlRIDaaBdd9sBPLxpEp66Mw2nDwKHplUhY3QKXvjPXgyrP4vkuiBgeCPKTwKBtzejeXUsYvx8EZ/Uhl1HeDfNdUNHYtWHe2Gcwn8ZYsKbEZ3yR0VFRA7o+0LeIZHgOA6vX/YJzE0WnNZU4/mQTKz4JkPozEaoM6YByA1BE/jM1yZTDyz1VgSE+mCoUYvy7DbUvM+7lcg416B5H2Dld0fxwrTtMER54+HnF2LtM987WaMhEJepKSUG0kD7xsIfsPz7hXjqzjTYjvef/KfPf1xREZED+r6QV3A4OI7D2wu+RHM7i/quE3h5xFd47Jsb+kX+uvlrsfK7o3hp1k4Y4rzxwDPz8Nbz25ysUZgKgJhUl8BPwJ98djtSsCn7Wzx1Zxp+3Np/8i9r1ikqItLBOn0l/l4cbjUxMMclw6bJxrziSKzkjvaL/K94sBIrvzuKG85cDi+dFh/l7MEdk2cIyXDJoVEcAW2143EnGBPf641iwJ7pWNLXwUM00MspAiRfgeQaSJWbsCCD6rjxn0JP4eNha2E7tQp/874c2VeZMQ8z8Jfc/+DaB8ehNncVnphyCv95Gyi8PxATP1uBA58+hWsfHIeS+/Ld3n+QoQvtdj3TFuaLHeYziq76tPgxAthLFYE11GAgkvlPlIO0+DEA1T1Qao2TMcSZtTrAbr3TSYAE2P3jOVEIQI6ythVhwbIk+MdzQv0/KRNU8gZIxyBLQZtWBGqqzU6fyx1ToyhI+T9+xg8zX6sCEACG4eP+ORYOy8YBd75UgPR5jJDgN+NXBrGPJuPBVODN1VV4bQ8LZqy4+U/OnrPYc4njnkA3crba+JJBO3+dK1BU+9na2/bjb5tmI3Qi/4X7x4e5uKFzLLQhwITLxuB4SSWO5FiQkhOO1vtqMT47Ad8OKsfgoQaUnxyCyJ7BgDfAMRy2eB1DEiJlx+uqWZvUQ0GqAIiCo3QtwzDQeXkDsCDWx4hnn38A3AJ7vLKGhR4+YHP9gBir8BIMSIfw8ntowThsOl6AnuP8pDd9GV/fbZzjgxe3FfBNX8Y0AYZIvPH0f1WBoprPvILD8daiPDy2aTpCJ94L6PpH/nLjddWsTeqhIFUADXYFR+lahmGg03sDYGH0MeJvK5b0n/y38vLXTmgBDN5487ktKkFR3We3BV2L1zf9hFD7evtD/nLjddWsTeqhMDOpfCJgTCpgclXt4Hg5h3b54McSFlxc/8j/5e1F6NjljY6QY/AypuD2dHGyopqMeCnJKQqeKAV9yeCnPQGCB0Sl+z8hYdDSUlMjbN1+qnh9bFuLr5+5EeknA5i/a1u5r7P3IX/varyOPyGz/Agi0lfgP/Wr+JJAtgZfP3MjVr9bj6xTWQBu7tX+pNY6/TvpA0An+NGf72AZpFGfpcWPEbwIy5NTsLqpXDEHYOeuQmTWOo458gDsXQQpi76tjEFGRLeQH5BfdgTY5rB66eoAoUzwX0d4I7eXwx6VQF3qKVDrJZCSXI9/KeVu4/Cov0aI7UtDBrlwjAGW3hMv5gP5XaIyQI1cUlyNud7t1DopPTv7Y1Rmn0H5r2dwY9Dj0IQuBDdsofDyGzM5AMXDq3Ft2GhUnmzDo7dOQIqZb49a03AaV54eh/LsNnT32ACN1iOwJ+svLTiI3Zu/xu7NX2N/7n6hFTAJbZDz5Kby0b83t3XiuWfeQsSeJDQf4nUkwyxeSwsI5cuhIjI6nF5+TaYeMKcCYZzjI7w4Ab4d7K3p9wl82FN1TvylpX7uptZJ6R9XfCbIf/mYdYidsBRR45b2Wf5qLf2uxjrUlhSh7EA2yg5k822AKyrFVQBwTOST7o/+vb2TwUur1ver/B+74QWBT3eT2Ym/tNTPXZKalC5rCBOxylY1AAAgAElEQVTkP+RILHYdP4Mdx870Wf5qLX2LqRAl5Rps+aUIW34pwt4qhm8FTFUBkPPkpvLRv5/SpuKKUYZ+lX8oGyzwaSsv8li+apUC8q+3MX65f648AVKrvz/pn9OuZL5+5kYsG5bKBGmHcgDwzxceQ9q0R3HvU69ibdLlqM1dhZlJW/GxbS2qx55C1OFhePS+0F7zTJ4Qg4+gxQ6Wccrep3/PLzviBP50X35yrvQad3TpFZFCjJ8AedsJDbK2FQnXZ0R0C/X++WVHhJg/Df5yfMmEQNJuuL8pMirMyVvQayWTYZCyLFmw5gn4k6Y+pB8AKQtc3caBGcuDf+42Zw/OohfzMXm+0/BfxzRAaQJgjbnepcVMAye59obBTzo1uNmfC8SmApbKH8DogW+ajqIy6gyaSs2YMNyIyvrTiAkdjPKTLbgpmm+Ze1a7X1BEEjzg76rBDlEI6HwCehqg3P6X/eVpvPr8SvRcW4TgRA1OmnnLpzOmAU0m/iU31KjFpuMFKM9ugy3LCENUOxqO2mCYZUVnDdBYYsNrD2xATk6OLH8yDVCaANjQ3OLSYqaBk1z7SPLbMg1u7sPMK4HKQ+vdyv8vl/Atc0sLvxYUkQgP+LtqsEMUAjqfgJ4GKLf/5X9biVUrnu6z/N/8y8eoKC+X5U9ASZoAaGbcWcwQX8ukIiif4eP00Y4/wO+2dQDwQkyl1q38h1bwU99CU2NRf5pXRAJgU82fZPvLEVEI6HwCehqg3P7TIgtwZntCn+V/fcgQZFVxsvzPFRElQMkrIBf7p4/RwC+nBNCuf/Kzu8FAAGBuYd2eMzs9ARNTYwUloKCENxbu/8utePv1T7Ft8xTMu4oPoQRtbsWnmI+I9BUAAL0hBVGHC/H1MzdiNDQeyWyTmQXMNRh6ayg++rQeYPna/jskk/joYUBS8HdFMx5Yjp8+fp8HycIqZwCt68bOOn6vBOAlUCVQRkQ37mJ1ojJAJaVDzv3fm/i9mmukioDifSX7vzMhER/mlwhgL5fIx3H24+OAN1cXCl6Ax8/44cO/jaGGAjHI3cZh8hODkPPyWeGeIo+FnT+z8b33OBr46Jh7jUxvACU3OzlHyXOwP3c/vmx+FWET9DB4M6jJtuK6zjHghi0UzqH504l7feEvl+1PAzHhKbf/f7bdgea93Wg8a0PXr8HwuczhnwoI5V2iERkdQgIUsYyKVgYg/vkWoZugK/6JSUki4KNj7g0yvQGU3OzkHCXPQVVFJdYUPOwk/6hxDmOJ5k8n7vWFv1y2Pw3EhKfc/tc234rmrL7J/415+1zyz9q7XQR8dMydgKJSoyDazU7OUQK1vVUMmlMqneS/45gjJ5rmTyfu9YW/XLY/DcSEp9z+jyyo7/P3/9az813y37q7hMEA0QRj4nvsmY4lz98Tj7iYWJeDhwCoHjwkR7Q3gM4BoEMASu15SQlgZFQYdu4qRHRwDHf/X27FiZI6jEgMx9uvfyo6P2x4MDb28O+UMVXXwGptQ3JsEWNuYdHW0i6EG+T4TUgYzjVZrZiSEg3fltYBeQ5nggKxr7BKFAOfkhJ9zurpncINxuCL/O38mZeeeoojQKhU70/i6KT8jraY3QG09PjqovloKurEfJ8HRQBMA++55E+OS2cDuNr/aytX8aNe66yAlkNApAFPXTUaL6+tRfOgBrxy33is+u9RWGpYcBzwrzsP4M93XYvBtzdh1eT/wtsvSJF/dGSkAIRK9f4kjk7K72iL2R1A08dbjh3C+52Po6moE0sSXxYBMA2854o/fZwGYXf7f+HpZzyS/7//fBh33bEQg29vwj+mbYGPRP40/43/97oAhEr1/mbKupZazO4AWnp8T0wWmoo6MehAqAiAaeA9l/zJcRqE3e0/+3igR/JfEnId1n++H4Nvb8KN7XOh8/JS5D+QCgCtBNDNh/qb5OYWGHy91186J2bpgYIKAZRdKQAA0NbSjgRjMIJ8Y7i0CaNx71Ov4qfPHTX6ly2chPtufwlpE/jWuPkH+fj4ofLhaG3OxvDQs4wnCkBvY9dyVrA7kgPAi/wHnr9OCfho4Iy0W8g8aMkP1ZFz1cuB76PJW9ExrEZkCQ8kf9oFT7ocuuP/16dX4MEn7sfg23tgqWERnKjB049VwtapQcDlBhz9+hoMSyqBpQYYHGXAn++6Fv/697f4608znMBfyl8J+GjgDAFQZbHwoCUBToCvHJBz1UvBN2j0eDyOn9AVUSeyhAeKP03RsTFCl0N3/J9a+TyWLL9HUf4VW2/FsMSVgvzvumMh/v3R91i+daoT+Ev5C8CnUCfPm4IFKIPdhV5VBD5hjnKrxci76uXAd0bldFgaCoFoh0tcDnjPFX/aBb+XbhHsYv9TUYjMTwMV5f/Fc2EIvrVYkP/6j/djyc2T8KltqxP4S/mfT/J08JCrlsL9TWFBBqx5dg6eX5XPpc0cjamzw/DT52tw2cJJ+On7/bjs5uX45wuP4d2P/4Z/rvkWIxLDRUqA3pAC4KBH8euduwrP27O4yP/88Ne5A0vaWpU21HHVZleJaFf4pPRJgiV/ofJvqTyOHbt2YfBtTXj6miQ89s4h1LxnwNlab3Aza/H3BWk4/lUXbm58GS/hfqy4ejRWccdw9uxZvDRri1v+p9vPuARL2lqVNtShE+zUlubRrvDo2BjBkr9Q+VuqSnG4IN+l/DtyA3Bb62o8j6WU/Fm8OudHt/yx1zVY0taqdICOqM0ux3mUnU9A0IwLm39zaSF2V9hcyv+f20qR+mkUTCHHBfl3W3twKy53y3+giT3TsaQvg4dohcD+FIRz3HX/88RCe+KhS+AbHgWAr6w6VadxgP9CPs/p3uXXCv//9P1+jEgMFxSA3rqGB4KUXN0X+Q88fx1xsUsT/qRucnfT69QmDcrF5C9k/rVVVTgw8nOsuDoJr/2pG5gCGFI4vPbQ26gx18NyAAge3oWXCu4HAPi0vIWnr30QT313majhjyv+cgl/Uje5XHJdg8RNryZpUC4mfyHzP370KH4MfV8kf+8xwJt/fR8NzS3gigGtoRPP59wFAPBvexdPX7sMf/vuUlHDH1f85RL+HMDLOMBKaqlTMwLMdkvdHQjLxeQvaP7dg3D2qjKR/DXxp5ERNgRm6w3YvgaIi7LhB/9vAA44lhmJp//AYOW322Ub/sjxH2jqy+AhJU8AoDx4SJCzigRA4vo/UtSJGTE6waon7n+HEgBBGfjp+/1CfsC5AqeBoov8B5a/MAyIngGgBnS9QyJBQy0puZuUrgx0NMDSzYfOJ3/SLliJf1RUJCqGfIn8H6fj0WcmwqANkOV/x0m+gsF2+hQajt6FoYlPqOI/SN+AhuYW0QwAV6BLAxnVpI/PsrdYEO0C6KT9A4h7/0Lm7+XlhUMBGhT9PBtPrkyHty5Alv9TaXwFg6atGa3HlmBo4l9U8ReG4VAzAAAATCqmRRe4BlKT4/O9VQzKwGAaChWBjgZYuvnQhcy/ne3GsUQNvnrpFGakeUHbNsKZPwNEHuXj1tboY9j+rA3BGRqgUAX/AaSBHjwUFxOLO1b8LCQALr5pOjZ8kaX6fq2V5bj++tFM9r5T3D9feEwAeNoTQIP/iRLHd33o4IMDHl/p7VS8i/zPH3+d1J0uB7xKHfjorHtyzf7c/UKJG32OO8v8QuUfGhaGxkIbZs/9k0f8G4/Y0DGoRjV/4k6XA16lDnx01j25pqqiUlTiRs5xZ5lfqPzDhoehMc+GWfP+5BH/xoM2dPnXqeZP3OlyrmmlDnx01j25Zm8VIypxI+e4A7wLlb/voB40ltgwd8QED/jzY6/pMsPzAfhq6VwNHiqvrLArBR1LDL7e66dcHg8AWPv+Vpf3PFh6EhMShuPhe+ZjTLIeL7xdQZs6ghLg+J9XAvIPHhMSAONGGVR7HDxxRbsCk/4Cuov8B46/UAboLhGOBlQlorPz1cbkSwsO4kLm3911FqcaTyFQC4/4hwUPhX94rFv+ZhNf7+ouEY4GVCWis/OVMvOlVFtSdEHz7+46i1OnGhCs13rEf0iAP7zDot3y37j2ecEToOSupi1pV0BGZ+crZeZLqaRcc0Hzt9lssLSfhaaxzCP+w3ryETTCfW34w89/PWCWanJoFEcAu78GD7FnnAcPSRUDUgXwyZd/WrpvexnWvr/VZRUAwPfu1+jaBSUgY9lebs6EWKRNGI38g8ecMv8BR/Z/5jvTmCNFnQIfAIq86CqAgXQ/N1mt560M7iJ/B3+dEvhJ3df0MSUQ9A6JBFS23lUax3sh8g/U9o6/TqdTxV+p/E2upt+VNesVHA6obL2rNI73QuRPwN8T/s0AQnR1qvgrlb/JxaldWbMBxhSYy6Gq9a5wbyb1guev6RX/NGjV8D9PFv9ADB6SegfUgj8B7HFxCYK3wE8PZsdBcDsOVjid6zhWIQv+auhi7P33yV/1LAA1FjgNpq5AmFjKdPOd3yt/0gjIlfWt1gInYNoAuARhYinTzXd+r/yVSApcaixwQZmIcd1/n1jKfPOd3zf/gaTeDB4aF5fgdEyj4wchPXyPI8lRCrgGX2+n6YNqwZ9WAiRrYQDAahvkpAg8df8kBgA8BX9ifQrvrz7WoquhmmqzMBb3Iv/zy19oBKQUd/eEaGADxJ396Hg5fQ6h3yt/0ghIKe7uCUmBje6sR8fL5cDv98qfNAJSirt7QlJgozvr0fFyOfD7vfIf6EZA/UFEKSCKAACXrnaidKidUXAu1yKl2IjBHHFFE+qPcjQ1Fi2ZgneR//njzwQGjuUMBn58J8uyID+HxQY6XWCuaAXLyieWGAwGp89iR7nQZhgbKo7xhWQps07iRE7cwPIHUFFsFq4d8P1fIPz1+jpm9CUMunrsMdH0djy0YBzWbcmDpZ7/guor+f7vcVP9hfGvcVP90fBGKBcWxCcbtbXwL6DARRaGzeVfQBEZHcL5hMg9AL6PPADUZno79uEB/yZTD4YatcKxFXdOw7oteVDDX2tjkP+2L+rr63GRLtLvlWIjBnPn2gJV6n9QamocEAv4In9l/kxY2BSOBg4CQIJLTwGIaHJ1vRIlLS3A0fdSodEA4dftx4n/SwHADBh/tdf/z/P3KmPAcZj+4lk0V/SIQLkzpgH6yhAY0tvB5vrBkN4uzHz3zRnBhQUZnDRO/yA/dIVZGALmAATAvm1kKtZtyRNAmwZ6GtDV8KeVARrcbxuZileeK4U7/pZSDsf/44fyspMXUeAi/a4VAKkFOpBEJ8Nd5D/wxAQGjpWtgXFnPcqBkSdANGN1Ebbfb8So24+iG104sSkN4JhzwJ8DPeucPnfu6nL8/Ggczsf+lSz5geaf+McChuM46KuHITyjA2CAJlMPWr8Mg2a6CXFT/Z0Av9TUCP8gP2FiWU21WThGewQCF1kYGqDp0bGEpINkAHn+cVP9UZvpDUN6Oyz1VvjmjOCkPAJCfUQegYBQH7jj/9kfLRdR4CJdVADgcEkPNF3kf/74M2FhUzgpMEjBh7iq3QGTKxe1mDhc/rbJyYKr+WIyWPasM//jJ8EAGDn9JNhT46nVcyKlwZk/h/HLS3FoTaLsKiY+YkJ7oxWmz4Kg0cQP4P6hCNQDzV+vrxMEGHtTI2Km+QqAS4Af4HuTExdVTbUZ5hbWSQEglGAMRqmpEYbRNoYANk1xU/0FoJf7jOZPn09CBV7mAC4syCDw6IxpEMCeKAHl2W2C90COx57HDbB1MX0KAcxOT+DaWtpxsPTkby6OfZEuElEAiAt6X2EVhg4KXX8u+TWdrV9C8wMACf9j55j/aDf8z/f+B5S/Tg6QpC5mEl8mn5Gfpe5pV+5q+jPDxJ8AeIPN9YMefkJ8V1dZjor9RtSZ7EMsGAYaLYMN24x4a1s+2Fw/1JUfROfZCBgMBoy66yiOfmBAuHG8Ew/d2B8RN8MX5dlWmbXyXgE23wxNtwHRtzQgbiqLPY8mD8j+lSz4gZI/TfNjgbGjYvHQO79CXz0M5dn1AjjHTfVHQw6E0aQiXkHOHoZLZ6WIlAEvcwBnqW9gyJx4MjqWALz0+ddmeqPc3mCY8G8y9Qiue3JPooiYW1i0HWvnAtN9GD50QCx+XqPm+Vkhx3/qdAP27uz9H9Ls9AQuLMgg5D5cpIv0WyWi1J8vfhf5nz/+OmJ1urJK6WNSIKGtUyVrHwxQUczzGDSoDlHjbEIiGHn53zYyFUtySsAwZTBOZtBtt+qIy7b1yzAE3mjGtBu0KH8vDHWmQxgWPwjRtzQgZvJe7HnUG11d4eDs/oykYcFoMrXDUB0GlmVF6xyRUYCqr4YiMVQr4r/LVorOzvB+3r/r8+SS9waSP2KBh975FX4BWgyaYAHbyLvj+SI6cWxq565CXDorRdb6p8GfeAAA8B4ELwDmAJRnNzAkoU/u+a9Lz0NnvZg//fz9vTSivAOyhgPfVXC3vRvKvJJZioB0PuavrwxBU2g79JUhmPxUB3L+A8Er0BnTgA7fLgD6XoM/rYRMSBjOXfQCXKSLdJF+a6STAg7LsrJuZKnFSbubXcWbGYbDPz4CnritHOA4aHQaBIT4wFLfDj38EBDqg/LsNqwz5WHWGt5125llhAGABQ3YdLwATaYeGKIcCWB1pkO8lXjyDPSVIbjjzgTsQSnGzK5HSXY0OJSjM6oJBgxCSXaPALIMw+H9LT54Z7sB0becgq0yRIb/YZz4eGy/7Z+WqxLIn0v5u+fPH4+73YIhCRqcbgTYaj/4mwO41pZ2+AeJwX/nrkL4B/FZ9qmJkSKNkuQBECLzzIWwQc4Ibvm7ocy6LbxbXvr8hxq1sNTz/Onn3/BGKOfvJdZgaf411Wasua+eQxif7BE31R/laIABPjCkt2NW3DjkgE8MfPzZBKzb0o4zNSwYjecKALH8pUrI7PQErq2ROSelXhfpIl2ki3TOFAAlq1IJWNRYnTabY5jGDydsGJGuwePPJtoBnZ9dzpdpgUrW4i3O+MdOoTbTW7Di2FzeTVyezVuH639IsN+Hv/+m4wWIvqUN3ZUhsKEc6zfzL3n+nn5gGE5QApZdU4akpRpF/jrooNfXKXoCPLG65Sx9uXueC/mr5b9hB18b317XAU7Lf0Zb2m0t7ZiYGitY9EQJIOCbmhiJgpIaEfjTPcj5nx3rpRPw1Dz/hpwAUakhWRfhX1DC91YICzLAbAbX810AylraEbiohyGlgTxPb+pnoEPHYuYrXn1yo0mVEIBdMsGYiP5WAlYu6v3c3Kc3VjG/df7nm1YuikYf9v+b53+R/neJGTtlPqcWfNy5n8k1HMrw9jcj8M72fKSNGoz84tMAIMrQJm7fVR/uhb6Sn+tGl30NNWpFpWDkc8HCsyeIAQ4AIXHkzpgGoSa88E0/pC6zouAdUmvOIPqGRsTN8JXl71MbhuK9Nmg0xl7v35X17a7Mrz/k7wl/TnOCGTFOA44BOmN5WXuZA7iJqbE4UFAhsnIJEW8AAT/SrpRUAQDiskCSQ3CgoALaa+oYT54/SfgjCsCls1KcFAASz5J6ILTX1DFK3z9juj9y/+7rcRnghIThHPFqyK3B3MKivzwBBHjJZDlCZJY9TfTnNH2ftaPXYHy++V8owN+P+7/g+EurANJa9QwAZER0I7NWhxdn8jMH/EfY8MCG407XZ0R0AwAyax3pZC/OHA3/ETb4x3PY8s5RpMWPwZO7j8F7ehj2FVY5VR3Qvz+ZamFaWSDjm30iPuGDJwMAvvqDtyrZ3fAJX1FUdzpHdHxW0hUu+b88s5Ohr5feI/O6KQCAQMmrdn7mPtE6CUnX+8RuvSr+SvuRrmlrxhTR8Vb7q56WH72mBMnz1pkrWkXAIs0yp13NFcVmUSxaLiO9znQQIyYz+LSM7/pV09kuvHwJaAeE+ogSuxzWoA9Y+wh6EhM2wAcWNNgzwXngr830BmLaBOBnc/0QkO64BrkhgqV36Qs9OGW2YdYaVhV/a6UNSfe1o3VbYK/278pKp8GXyLy/5e8p/1GD9ajSdMPLHMB51QcI1jSx/mmgB4Affj4gtED94ecDiIwKE2L+dKWA1CMQGcXft8yeqa/m+a8x13OOBETPvR6tGwO4mufaGafvX4gPbo5LRuudvWtF66pZB58U6N8vwL9w+hzZl35mlzcCQmoQnTwcAFC4U4sMGVCQ3mPlomhODQi74x+V1orgUIeC3FhvQnl+//G/UID/HMhflRLgjn8f5C/Lny4/kwL6k7vtSfm7gbcWj4R/PG8vtpUxyNpWJJyXEdGN6fOS7Z/3CPebPi8ZWduO4MWZvBKAQOdyN+nvgQbAXFFhf0/FigCvtZVFYKDrkGdrK+sE/OR+cvzcld8RAK07nYNAAw+yBGilS5HybW2VhnP1Lvk7ny9/X6c9s2L5ySkjcvx0UrCQgopS9rgzcbj/783YeopFZU4bajNDRJ3YLPUOS32oUSt0bIvL0KK2ki/xevzZBGwyFqA824pNxwvw0IJxeOW5UsRlaEWAYUhvR4SRzxC3ZRmBKEep11CjFuX1DQL/U6aOXvGvMx1CuHG8B/uXaNaj1Hd06h/5945/z5/aAHt5HbG06SxRGvwLSmpw5dyJGJNMYucTseGLLBHwywGif5AfDhRUYGJqLMw5LDf0kXpGzfMHQlV3xqLDDmQfAF9N0PxB+HuWq04sFZ5/jA4P/qEMtk5f4GnP5Ep7GM4B8IiAl37pH602oSJ1MA86OwFLQySqUANLQyRSLu1BIZXQqPmkWLAcydz7hdPnYOH0OQIPOSB2x/+2uycCAHwixfMroiPDAPwKAAgONWLTBwd6xV+lB8bxwpGhviRjSoH3HMlf0Rp3x/+2uyfi5ruzOXwKAOLy1Xf/wee/qJC/iH9F7WkmNmIwblqQjtJPDiOz1aEIpMU7pjmGz+tBWxlQt02LJ3cfQ0ZENxYsS0LaNi3yy44gs1aHzA3H8dbikY6//RMaQZlIi3d4naekRGNfYRUqak/jvQWMBNANaG1lERYbC3NFhZMiIAVJcq0ScNLAHxYbiydTLQzNr7WVRSsLxIa5z6MKHzyZ52fnRSsCNB8lYAaA+xItTKDB4TGQ0taMKZDbipr7k20FBhoUwZ/2MLS2stDRcWGWZV2WjcnXmfMldXp9LbbWs2ipcmR312aGCG57Up9tqRc3einPBuIyeABY9eFe3nVvykN5dhs2oQCG9B4AWqFjnLTZC4kXAxASBvuDf+wtzaj47CAARigzHIhWwJ7Lv2/8db+22fcPxmyGKMHNP8hPiLEDfJybKAS+4VEYg2osxnTRfHOSE+CK1D5/X4T22kI3t/B/MM0fhL8nff6nTwCx4X4YZRzUrwDe2/nrUlc7efEfrTahICwZASE1QBAPPoU7tZT1ORyFDUBV0UmRNVqtH4rkUd1AgQlJUUYkRRnxfdYO4eej1SbV/OddNQTBoUaMwxD4RIah6uCvCAaEnwnoBIca0VhvQmO9CSnjRiIi4hS2bVbH31Nqslq5KSnRuHLuRJFnqrcT1aSu9vMgf6iVP8D32ZDu/ZZHyrnP3ohj+ip/KfDnl/Fesief0jmFBRY9dYw6n1cCSJiAeBLoe7my2GlQDgw0IDxgEhDrAD8CgK2s2OqWA/5W1hn4RQAuoUADUGlmEROmrouqcA+KN+GhBNSu1udKYVAiwo/ejjvPiFTmrSygkwMOAjZSIBLc1pWtAAfYbGV4/dMReOD6DgAMTpfowBZ4IyAdQj92+uVLwNlSbxW6vJFjhvR2IDfE0aqVUnDpeD9pFUssftrtTxIG+4d/N2atYdFSyqHgnYMUqE6QbcUrl5EvPU/JJe+x/PuRf9XnIaj6HEh5sB093wXIWtx0jeqGL7KwGNOBojLh5UPi/LS3wJXF3PxB+Hu6q04sVfv81RDxNCgR/fwLNugBtMFUceaCcDlnbuXw/D3xMN48mz9gt9oKwpJ5C5sCl5RLe3jgsf9MwKhwpxbVzfxzWnDjMGz58hQsYclAdRGSooxCnFgufqzEf95VQ+wWP/+dqDr4K6InXCL8XFs7DGnj/ZF/qA0REadQWzuMD+fYf553FQQQcsW/N0QDIPl9rWnr/7z8lfa+r7CqT/Iv/eSwANoE9HmwHwP/ETZMJ2vdcBzh8/i/o43zElG3TSubE7BgGe8l2vLOEbgYOisAulQJ8GI0Dis21nOQpD0G5D5eCopHayuLwQagtvEsIoLVGwX0epXWKofJ7tYvdw29H5qfWtDnOA4Mw4jAP9AAaKTgQ8AkLDZQwf3MYdTdhTBOMiEy3B/f1hVi0CA+k/zIB44H3RnTIPRiJyA+1KiF3l56R8hSbxUs+M6YBrC5fsKLmm7pSrrBkeP6yhDYsoxCqIBWCvqTf2tjO1IePINZa1jE3tyEuvJDgmyIfAwGgwjM1XTjI+d5Ln/0K38pSUG8ptqMK+dOxBMPXYLnX7pVAH3a6pJrFES7412RK/nT6yG9B2qqzaqaZkj50s8/6V4rIq/v//nbbS3tQI9/rzt5mT7/BQAcQADw1qfk56qik0i5tEewPKuKTgrAQ4AKAKqbzfhePxRHqx0g4Cl/EmuuOvir8LO1xozoCZcgIuIUGutNSBvvLwAPTbW1w5AybqRq/uebfivyV6K+yj+zVif6lxHRLSTzkX8AHwao26ZF2OsleHL3MUFhICS1+jMiuvHk7mMITpa3vgkgtraygkXfJQE78i/QAFX/6GsIdUHMR4jj20HUV8ehtZVF4+kuWDtaevUdovkSj4PTPwMP6HL/Ag2QvUZ6X7XE2RvjEPCXks7zVrShOLreGyMmA4aodjSZejDz9Q60Fetw6H0d73LPDREaspBmPqs+3IsmUw/Yaj9EZHSAzQ1BOfisb7babrnFWBWvJ0l9RCnQw0/gT0IFnfU4p/xtjA1JS6xo3S4fo6dd9Gpb8va1FXBf+S+eE44NO+rA5vohiiqxO1BQgcU3TceUy+PF59/Eu/xpa0ta6qeG9JWu5SGH/rIAACAASURBVO9rDhfCEWQtP/x8QFAECkpqZD0OZP1ySkKTqQdna/wQfmsHCt8MwZVzhni05tnpCRxRQuSUpd4SmVMPAB/FxIJJj+XjwFk7UIBkVKFGZIkSECK/FxXrAJhR/SWQPKobRfbvy8LOJpFrmbY4P4gYTL0FwDzzfpkT/+8378C8q4BgANETLoG1xuxw+9uPAUD2d6UAxNYnABTmHVfHvxf0w88HnNzgTVYrYiMGe16yqAMe/bc9IfXfedQHvxJpU8eqFP/f/7H97wFiF/sHAIA8+z/7MbH8Zfl/8NNpAOW0Gqu4dwL4auUvTX1J+MNYbN12HPHNfLb5izNHi+L+/iNswnGSGFi6eCSythUhLZ73EqSd0ODJ3ceQWXsMGWXdTkpAZhELBMKlEkC8ASTpTQp20vi90mdSopMIXVnhvGXcg9bOEvh4T8a5IFcxek/c+GqIBv660zki6x+0b0bO2qSBZ+LDJhxYa0Sd6RAYDd9QZdWHe3nXO9rBHvZGyv3tYHNDBMuOgCdJ3iOud5KgV5vJn0vi+AGhPmBz/YQWrjT4koQ/y3T+j8uJv8T1f674t0+tQJ3pEHReRsRdn4czB2aDDBuSc9Gr6fKnRv70MaWugL3jr6wojEnW40xdtUu3/uKbpgtJgUeKOgWQllrG0hnX7DENZ0AIoyT/hjcChJBDWJABG77IEix7Os/AkxaabeYOVNe2I+RDH1w5J6jX4K9GCemtEsCk8y9qJj0WV6UvBl7fAJiBitTBIuAv3KkFkntQuFOL5FHdiC3gSx1R4PBC0hnggDipLDYixOldcaqSdeK/+fUNAJpx290T4RMZBvIUG+tNiLbnAaSNdySeFeYBQHNv+Kuiilo+p6fU1Cjr8u/tffsjzDQQVFHboLj3wrzjquUvR/HNHVQ2v8MLl192BCgTW/dvLR6JthMaLFiWhLYy4iXowVsjeKWAeBScQnGSyXd0PJ0k1dEYqKQIqAVLuex5uQx+EgqglRFXvOVc6xciOVUlsOJkQZ0y8BBFmgHAofm/wUiaUYcT+4H4SQzWbcnDijunYdWHe/n2rfATMvADQn3QaY/hbjpeIPR8F8a5okEAX95NrxUsP75NrI8Qt910vADl2W1CP/dOu/V4vviXfcW/AkfdW4CHFkzEa9iNE1+kycbqlYgGaLXAL/USuFIGPOFPGgF5mQM42DGxoKQGYUEGLH9uB9Y8O0cAd4Cv+ScvQQL+R4o6MeXyeEwJB6ZcHo9928uExEBSEih2zbNLwoKCUY0Gl/InioS5hRVl9hMqKKlx6qMt7VlAqHvziPeG3F23dObqDmT9v0GwFTR7BP5hQQahL0JflBA1bmDaBXzVXxaDy63g67kLTvPgXnAaqQDwCfj/zY6XPQFwAOByKxRf/HJy2lJZrMh/0wc7nBe7ebP9h+Z+4U/k6KrygygAAERKJfmOKT1/teTJs3RV/dIX3mr2L7f3hdPnqJa/Q2HiFUuSA0BK+drKeFAjFj7vDWDwwAbe+veP5/DAhmPYOC8R/vEc6rZphdwAXilgBI8AoRv+PAbrfjgm4v1kKiu4uenseqUywN4Cn1wSoVSBoJUAmr8rReBCBP/Tp5XLIKV719GAQMeUAQ4zXj2KPY8lAWBQU3sSsx7tgCG9R5RgR5rykJI/ApwkiYuO5/IleP5Cq1Z9ZYgoOYtk7BMXMaZ2CAmAZJgLXSs+0PyH39KBEzkGjJjseOjBY3Q48YVywp3URS8X25eXvzLwy53TW/51JmfXKg2+f37kO5HVT4/8BfhqABSVYd/2MsET4CgTdCZS089P8oOi/OkXLLmOZPYT9zvdgEcNkec/46Wz2LVcXUMR0vefNPjxD+aWuFNCekPJoVHc8/fE8xnan/MJW07eADUxv9wK1RYfDTpHDrcOKH+pvCKjwpyAz51MidxpJVPuGleAKgVduTVIS0xd3VdpzUSJdbUXT/Yvt3cmPdbj5z/Ux0eoC8+s1QF26538/uLMMQKw+8dzohCAHGVtK8KCZUnwj+eE+n9SJijHu5W1AK2UEmBHaaUyQLV9AKTAR+4hBUC5CgSlMkTiQj8Xrvr+ImlYRK4agl67jgYOKYg0mXoQfeN+VHwxFOAYhVptR2MdMoyFfuEGhPrY3e3eQt/3FXdOwyYUoCm0HeXZVgHICZFufsQSjJvq76JWfOD4n/zMG6sz4/DdyaMCf61OQwEqJ4QD5MDd1bQ+VyBOwF9aNaCmR4A7/lfOGYItuxuFl9Tim6YLioC5hRWAn7g/yUuMuOXHJOsxJlkP3/AonKmrhm94FPZtLxNZY/5BfkIzIDIzwNbtt96QXqcofy/7S44APbG+zS2s4IVwl2AopYBQH5TvbUPVF+rdxL/kljITjInvyX3WGyXEHdFlWnFKcb30WEXgdfXSlyv/knpVBoq/c8mkWQSAdGdFV1RqahRdJz0/LMggq2w4n29WBGDp98yVQqH0WWSUslLR2/1L987lVnj8/AVvyh/GYueuQmTWOo458gD4d1obZdG3lTHIiOgW8gPyy44A2xzJf3R1gFAm+K8jiAQAKh9RMPwpIBZi5LEOEKMteLjpA6BYBhgwSfYa2TJEF/zlqhbONdlsPdBotKqA35MySBfTABkcfXcMZqw+isAgBofXA9DAqVY7bqo/FWf3Eyw6MnWNlO11xjQgwugPS73jHptQAMBHOKfJ5PAu0HPhm0w9Aoifb/5rv8oR8Y+Z5I860yF0doYjaUYdju4Jl3fdXaDTAOfHGqDR8X/gxN1vd9KKgJYoBoAjLt/W0o7lz+3gPyviPQBLlm5UHSslI3zl5E8AVhp/VVqLGiKeoehb+FbR3/y1VtV1pK0vUQT6ooS4ImJ1GzFb9DKXtnl196L35MVP1n+qkh1Q/nJyIxat2CIXA2JFrWtvgqdueXodahU5ss6+KH593T/5feeuQrcWvyd9Fy69IhI7f6yxx/gdQO7I9OerAx7YcBwZEeL8ABr86coA8rPQZTDLLEoGlFMCRC73WJlzCdiZnRUkkmXvdB8J+Ct18wP4kkFXZYhECRCHHBiED04/JwqAFPzrTucC4JwsfvKr0v6lpDANkK/r1+vr0FTMgc3nPwtK49B0MFio1SbDW4QmPenAbSPHYVX2XsRlaNFk8hFANCDURwTMjnvYv7z2Ua1stSO7n4Avm+sHGDucasUvBP57Hudlpx9UB0N6O9542At/u13r0n0vlfn5nAZYp2mGVs8D7JGiTsF9TwPcEw/x2d4k1j8mWY8/P/Id/IP80NbSLmoERIcJ6BeasuXnLH9/Lw0njeWqWQvtlpcj8vy52Eas+yEPAQjw7K9Q27YE6JsSopaY9FjE2V/q0hd7Xxvp0MChpKida/5yiaLEqpUjuXXKATC5Xm1TINrDpfZcfv3qFSC5e0v305v902O3++O5RNZ1Y2cd/7fj3Pdf7MLPiOjGXawO85rg1D9ACv5y7n+py11JCZADMDWGtxLo0VUAon4+Er5dMvdy3wqYU2wFLPU61J3OcVqjXIiBPt+l69+DVsD02mSmAXIYPDwfxTndgI1B4Xs+GGG/z/5/AuHXNUOTGwwYO0Qd+eiMe1uWEZh6Smjl2xTaLrjk+ba+fPIesf7IixlwZISTeC2xCGszvfns/Ho+WexC4Q8OiL6pAQHDef5vfJMHe2qWrKV/oU0D7Fh4Eomje9DzXbgIyMkL58q5EwXFQFoSKH2B+gf5Yf17i4RQwJm6ary87lcny4e87JpMPbLyb3gjVGThqF2L3NraWtqX2Lr91pPnb7xZC59/R+OHIiuuTPIMtIkS8vRfZ/CegbwOzLhyJCaM88afln3dpx4Aiq52GStcapFLAVraTU4dOOkGlL8aUFRlsc5KQU21WYhjq70H4a8G+F2tWcX3r9/332S1IgHOCbZyDX/UKgU11WbUhOtUnfsax5+XPAioCXf8rozGzooLCqtcKgFyAEkDo9TtLf1MSjSASisNXCkfUqWit62AaU8FYaEE6q2ss2ejv1oB07JrZeFcBfDMOgve2mZBVITVMWwny4gRk9sRkcGiPNtmT9ZyTOTTV4Zg6NQObDpegNYvw0T1+Z0xbUAub9nxrV/52e9kWh95MevhB7baD7eNTMC69Dx02lv2dsY0CBn4hC4k/tG38Jbr0Gk8f8vmMNhsJtE0QVc1+Z6CP+DoBUDOdecJcMW/8F96+CY3wZd6YZEMY+LqJsN/SEkgqQiQ0ppn54jA3zc8Ck88dInIQpfzAEjlvwb1MLewKDUV9notSmTKbUPA7B6gyA+t8Lx175VzJ+JgXgcmjPPGjCtHugwZeErllRUwysTX6YQ8KXG5FaIXvhSc6QYw7sDgfPNXA7B00hqhfYVVwvGK2ganUrPzRZ4qDGr3T/Z8EzWIS0k580T+ZNJmb6kvIZHelOH1pgxQrgrAnQdCke9vtBUw3QtAPA2Q4bDpyFHBkiblcxF2q5i4aQGgthJATJuQIEesZM10EzoBoT6ftuzKsx0DeV55rhQRGWLrzxDVLnT2+y3zx2chAujSVSIX4jTA5gYgyC9EsM7XPDtHSOQjFQEbvshC2M8GofkIqcmnY5nEJX6kqBNTKI3fNzxKMeYptf6J/IHQXq/FXfJUQKgPztR3YF7SMNQ3e64A0EqI9WSV4Ak4V+QKfD0h6ctf+rLf8t/i88rfHajQoaQvtuSKPh/q44MEYzAuVZnBrzY/wF0W/kCQ3P5rqs2AqdEjwHUH/pFRYaJ8gvNBvSnDUwI4tWVwNF8lz4JbRQAXfitgOsTg1AioovgkAAZaPYfBJzhsMhQIli6fOW/FimdTserDBuG4LcsIA8CX08HRyjVuqr/Q2pXE5ekXvcVefkcAk76uPLsNTSYfe3Leb5e/VyVQlsPX16c82I7CN30RbpygCqwHfBqgRYuemEZ4mQPwxEOXCNY7nwswEVMuj8czf/sU5hYWG77IEqwU2qKnwX1Msh77tpcJLvozddXCudIXlpL8AfTLWqREP//ygA74NHtWw/tLbikzOz2B2/BFFn5QUEJ6Y/2TEkA567o3YQOpVU5T5lYOeh/Degn4n1f+UsCmgdod0JaaGtFktcJfoRtlb0FfrppADohJUyi1VrC7kkQ1+ze3sLwXxNTo1GBLpfxl+Uvvda6I9lj0dxmep2VwUuAl4KgUgnBHrjoX0hqAFNDpNchd05u1uPKEENKxLIukG0th+j4VLMui+N+DELKa5ePl9tIsNjdEyJxf9eFe6CtDBKuYJNXVZoYAMbxLnnTpIz33bxuZinWmPMECGzq1Qyi1I3TbyFRsQoG9Z7v/b5r/E3b+fkN9ABuw7qsReOiGg05KwIUwDfC6+UOw5WsbIrzbBetdSLBDtQDGL6/7VfjD9Q/yEyXBERBcjOmi+PyZumqhSoAGSXEoxVn+NntC4owYXa/XokTk+dd96g1O43nXWEdZILuEVkLQ47++t+D/0aq5wrQ2Gnw9tbzpBj5yxN+/DJ1WdsmW/xYv0fsY1nda2SVvPj0Je/cfOC/8586NXaoEfq4s4QRjsCgG7moehRrLWi3wS8+TKzPsjbfAk/2HBRlkqyE8kD+SQ6Og9zFAo1MG54Gi3pbhqXWxK5XBtUpKD3vTCbC3no6BagVMA7+5osK5E6DBYIB2EAObrQx6PQPOxqAy+4xQW0/i5ADfVS8glG/EU57dJoxxJY11AAix9xV3TsMrz5XydfvHC6gEPD4xD4CQZW+pt2Ldljze9W4vr/tf4x97kxVVX7XKuuTP5zTAuqMnRcfkWv+SFwOxtKXdAcck67EY050mBW74IksAZ/I/Dc5K8ierbq0s93gtE8Z5A5BXOCIyOoTnfyKn939UdqBf2h9/oKQFcMZ8RgS87sCXPo9YfK5AO3Mrh49WxeKjVfznd6z4mX92YwOZB1fuP2/8pSV87mrhlbLv6XkU7hr0iEHeLAv4SveRlucBEHWIVGPlK1Ff9u9OaVOSf3+SkgfBlVKhOA0Q6PdpgK48Bf0Zgjjf5EkIRGezlaGn2hfRt/Du7qBYLVpMBlEc3OEKd7TEJcNc4jJ40CMjd/nEPB9hQA/po08AddWHe6FHCB5/NkEo3yOuWbq87n+Nf8UXQ6DRiEFbjshxV9a7tBxQbhKgu9JAct5hMweNVgPNfDOz9v2t3MP3zBfc+HSPf4BPUnr4nvmCa37K5fE4U1ctWOk//HxA5JonsXJpxj6pNhAGO0nlv8ji8VpmXDkS1pNVOJjXIaxFas2R5++NUFySxMDazF0Qf7B6H8P6zK3skoz5jgY8rgBYyTXvDrSlL32Nrn1pqakdeh+/88qfeHLaWtpFyp0c0YlydMy6raVdqERxBZLSRDtpGIkAsbmFlb2Pq0Q9NfyV7tOb/UvB1VP555WXYkLCcI9CAa7AvDfeA9rtTisBXQrub7UGsiuwFg0E+r13AgQYdMY0CC9hwAdDR2hFtfWd9Y4mKqRMDuBjqk2h7cIYXjaXd4Nb6q2w1ENwwRN3+rotedBXhsCQ3i7q0e/E3/i/xx/whc1mQldXuKhZ4PmeBnhJkgbZpd3QV4bA2u13bO37W0cT4AUg9PW3dfsd0+jaR5PrSLjANzwKU8J5z8GVcyeSc9drdO1LiHeAVhJEe3Uh/2YP1zIjBvAZHo0Zw3nPAb0WAEh4oX7pui110FeGoDTPhuOdF04P77zy0qXj4hJAQNiVNS3quFdZ4ZT1TYiO/5IEMDr2Pndu7FLKrbz0558rzid/J1e41Bonx/yD/IQqADoDvjcZ7EphAClvmqT9KeSaAinlorgLa6jdPwCnSgiV8heBv3QtnvZQ6C93OKimPO6y8PsCvDSAi/oA/AY6AXoC/B51AmQ0gC3LiE77lD1S/05q64cataLRuU2h7Xj82QR7Fn0HajMdL3ECisRi5oHPR7D2iDUdYXQk6gG/D/6j7jmDzgI/dMccRtxUf+xa7i0qFTxf0wBHhYUh+1gdOmMaoItpSOrePOLo2ve3jqbPsXX7HSP/85/JW+Y04Nq6/davfX/rEuIFIOeTc3zGWJa6kr/uqhMerWXPD8cV1yJ9/lO6QgGWQWBY4AXzB5xXXroUwFJ+LPAOLJw+RwBbAsTSDnw0+NJ94KXJX9LEOxJ3J8BVU23GyETDUsCwNHNr6znnPzLRsJQGTBoI+X/y7XIJIFbU8iCVYAxGgjEYTYVVHmXE0932yP5dAbXaeymFFdy5/z3dP5GBS+XMWf6K4D/QoK+kBNBWuVISnqezAORi4dImQEqA7nknQMc1/Ai9/iX6ntLxxtLwiOpOgAmTGAy/5RTKcxzgRWLgZBSu3BAeQ3o7mkyODG7AH2VZfkK9PHGlEyBlc/k6b01Mgwh8AUeJ3v86/06Kf9pUHfKzTQg3jlcF/HLu+/6aBrj6gXSsbdjMV0dcdSIJgLD/v99Uf1QKwASUH75nvmhKIAFn6tz1a9/fukR6jAZ/l/L/IjRp0/F6AcCbPwjv9Vro59/oBZQcsmFx2IXnxiM5AZlbxe7ajPmMKElPSqbPfwEAPPN+mWyIgQCvuYXFgYIKxXh1ZFQYk/nf4nPGXwlACRDTgCrtn09bwlLQklrNStY2ce33xyQ/JcXB06E+vd2/nNWvIH9F4G+yWjElJbpXyk+f5GZ/dq0yg4AECzZWHsBa3cwCUAJ+KfjT3gca0JUUAfedAPGb6ARIy4q59Z0h3KkmFmyuH85GN2BQFe8iJ+BHLKeIDL7WmbTWBRzd8cgLmsTAiZud7tQHOJK+AKD1yzAE3mgWziHWGbn2f5l/W7UXZlpiUDe6Hce2JDol/Ckl77maBqhEctMARV860yFGM4iDcSyjev/dm0cctcdwR0stc91VJ5IGUv7WIwGKa0l4oT5Jjj/Tw+DIO75YPCccL36ShwuVxsUlCEOIOq3sEjXXSEvs6Cx7KVjKubRp+vnnij7zp0HfHbiotcS/2JLrZFxNSYlWnXyndv9qAFx6P3cT//pj/zXVZuyjOukR8u0OYKQlfnKgT1NsxGCnxkn9UQ6oxqPQZLXivkSLU+lbayuL+Zn7nCYBAkDmdVPc5gG0skDGN/tkY+GH/5YhC7BSQJ+fuU8WQL/6g7fTNQAw+41M2bX88kiGs8fDwN9fjrZmTJFNclRzf1qxueGTDlllaGvGFNHadTv/rsPoS/wBcCLwJzFwANDDT9RTn/xMZrmTl+xDC/ghOWwlhP75Ig2VGq5DXv7EOiPu898Df6ALBbYy5L/ti/r6LcyFCkDXyrUu+COAN5HU55uv6AN/8c+9W8uzuODJHhYgtNTVS9wdAPbGohVb7I6fXVmh7rLolYhk0ouBtUJhvyFMRW0DKmpPk/33i7dVbRjB3YTCc71/RxjgdL+8O2jA7y8PgFw1g7PbqBGBBovQ+pYoAiQGH57GA/Ch/E8VrV0lcgLvWPH1hN8v++Q99YFbvwHwjdPxb7bKM48tPix7/PBhhbDH1m/kAX0f+uH+LPDpk6rur9MM4nD8gA3TXzyL5greiiUJcoixCqCIXD7+TZLhaFAjRLrovZJbKljFhOKm+gtldcTqI78TNzqxon8P/C2lHHz8NLhIF6k/qNTU2Ks4bn93f6Oz1Acyrvx7339/WesDvebAQAMC4WhPS4CZdnmHxcYKgH7YkOHR/V3VwQv3l+g8Zru+EjtqrFjhKj7sdK67813dX1GJVtDB1N7fk/N10Vc3geM4nPx0GMIpdzaJl0ZkdKA8m6+hr830QxMcg1xIfJtYyqQG3pDOf2aA4zPSg5+4dgnQks+l7vT/df4BCQwmrTxzEbkuUr+Qq9IxuWxyuc/6w+rtzb2JxSitp3fFU5oF/3vff3+Qu3umtfJJtvmBnf3GU5QDQLnWpVnsBMjVDgOSAj+5j7R3flgYi1GxQHGFGIAJeJJyQAKoxc5jAETnSwF4VKyzx0LpfCUwDzQo3196PtkffT7Zg9z5uoovHO6frugziJnmC0u9VUjMomOugKN0C6F8LTxbCSDGKsp6J1Yym+uHgHQIIGipt2LVh3uF+9EWMp/8xVvKvwf+ex43wNbFiF3aF+ki9ZImpsbKxrmlIESf51m2u/JncmOf5c5RchHTa5PAruw+IqPCUFHbcHH//UQkBNBUWIWhg0Ll91/fgoyIbpROGsRNgDeSRo0QfX60+AQA4NvsAJdhiaaz9ULSIcljoJUA0ohnfNqtAojTAC7t3qekVEivAyT9BOzXjorlfx4Vy4osczrvgFYCpEBLKwPS9r7migoecCUWv6ezAAhoy91f7nzRtfZr5IYHhYUBusVzwjF2VCweeudX6KuHoTzbkXVN3OJ0RzyS3FWb6QdDejsPcvZyOUBc+kas5//P3ruHx1Wd98K/kcaj0Xgk64Y0six7LCxbEUbI2Bg7mIshNMZJGk7rnjjlCyXkhORpTkLa0pwmIUlLnKYfpf2ANP0CSQghJXFbpyEnxJhDwBjs+ILBwjZClowk62KNhC5jaTyzNZZmzh973jVrr1n7NhdJtryehwdrZu/17rX2nv17r7+XyHPUvycYqPJ14MThzzPqXcryN25y48Dey8B1eWRniKBmBFhG8dl0YsBWzjFj55MdI2bC0zmymPJ8X38mQ+QxkIH/2jvz40tu/xjqlzeiprYRCxf5UVyupt+Mj7TihnPd6O9txebbW+N7X9qNN5+bdgBAX1WpoTy9DHxNlrxf68I3Q1DyIIjAf/bcYXnyH1NAknPIcggI0EXFo61Nkcpi4OvTuv9L3DDsBSDzBOjNX+IGGhrcUgWID53QEI91AsCX/vX38Bbno2DtOJRhaEhZyGUtZm0Daqlb16BaV3/XqiY8vLODWbxUM+86U4nrvx7B4WfAMuSjy4bYHAS+d61qYm1454P8yMILAFyXkevyyNpL3IrlaVWRCIwpcWLEo7j25ptXO8xk0MudyHBkJDt61rmMVEcGigA0/eRzsX474D4X1p/LsfbO/PjW+x5ATa0K+P29rYi8tot9X7hc/bymthGobUz8/Ui8/o1Jx87+MegpAip4ip8kwF0nCa+tzdo1+9taWMybn2fPq0K/FB8QLIEpARERA/EKCPMiNKRy+/Pd+vhQBQ/ssjJAaQigRH9+HtDF6gQz6uJgUAFrBbH8/xlHWX0ezg0DSq8XbgDjGGKlWO7akKbMjah0XWcqcdc99QkLWY3DETe+Gx6414dw8/I1OAw1MU49L8R6wFNW/eOdx5Ku83kg/3yfAkfeZQXg8siNJ4AHmhS3oAA8YhkbgT/9TQrA0ePdcV+p2yGbl44nEBMtVx4I9eT7St0p2fB8zb4VQM7G+u31Ephb609n8O2VRyaTGc7XBF0a8O/vbUWkq1UD+vzo721lisDW+x7AbjwS345Jx85+p2ZeXp4KYloL+FACt/WS2Boa9N3eQSWpJOidv6E5texPRgssVQJgRATkwOJF66UArjeX+JmR/HSJgPTAP6gAzqdeUdvWhs5GEM9XhV/JdbobqQqxGm0ia6EGNzQomc4FL5QjXtx1Rz0e71TL6B6854bEsYXcv8Fc5COdSGHNmw/yI04FNz284DJiXR5ZGXv3nZQmwsm46yU89AzwiYtetFyLSr1MOUic7+DOt9ywxoxLXxyyuWXHZbJ+8Tu7mfBzYf2Zjm13aIGr4xfJ+rKVq7fi7d88kmLx643Tr+3CNR97ALvxCHb2O/FiOfDhERfqP9mcogQoCcAmJeBQi/qZogTR3dbCQLy7rQWKEkw5XuYhMDv/UEvy/JQugGZUxIZEQHFTIiC7I10iILNeCKTEOB3OGFasyUP8bAXGXUm6W5XmtpABG7muo8uG8OypSLL8bVmY9XCnc6h17uMvHMO+rk7Vgk7w71P2PLnddxxU2+u64GW92ueD/Lrri3DkbxcCn7oMXpdHdoZdYCgq9cZ565VAX2bhUrOd+roKTIyFWMZ4uceTE0BKZ025vA69DPm5tP5seI8i+1WFb3vNwTxMbwAAIABJREFUFHb2J3sFr7hpG06/tguFyxsR6WrFYG87S/xrbFiBqtqVTDFYcdM2dt72mil898qr8dXX3pUmXx70FGNjeJxZ7YoCjF77Kazb+gUc3f19ZrUrShDrtn4BP3/mPMre+pluKEBRgAfbT6geK+H8nz9zHqcS8qh+3r9FrgToURGL1QoEvGKSoAjMwYCiAWg9QA/yfRF4T5DJ/LwyoqdsENMgXwrp3Hy1Cz15Uyl0txQTd8ODcSTpbrsOTqhUussmmOVM2e50Do5UMku3L5qkxiXQlLXanVfyKz34k+VXIXjPiZSblC1Sk8tDPrJFnjLXxkg4nMLoZmXIXN6y8rXNN6/WNIzx11TGJ8ZCjkyuVwTSdEE4k/XziozRSGfumVx/NkZkfwDba6YAQAP+7Sd3Y+XqrUwJGOxtR1XtSlTVrmTHDPa2oyoB/gsX+dF+cjcAYNOHr8L+F0/guzcllIDFzpTnrb3Ch5XDqnIweu2n8M87vwIATAmgfwPAP+/8Cv5yO1D21s+ka3iw/QT6xtX3rG/T3Qjsf4b9+y83AZ+76ddM3kFPMT4en4TD4UhVAgDdNsAlJam1gORy1wNqEbStALrh71aS1W8E/Pz8vKLgnL57AthZiP6dhapru+44ug6Gk6Q2f9eB5dvzUzLha+rUDPnY/jqgNtkRjxLj+ndWJkB1WtMdT232ks9a7S7fno/+M5hf8pc58cVPvodYdCHWPlMd13sR2O1wZjVOaSdhykr9M5UvzZZ8s3l5spe19dr9frNj4KJUCPg2ruk+M3y8ee++k9h882oExhTN/ezoHNaAP9+BjzwIiWfAkcn956/F6DjuXsZpDzL5zcyV5z+N9Wue5XSf4+7+c/DXLGJ/E/Bvr5nCNVdeDYzCsevJR+K4Tw0F3HjPUxgfaWUAT+MPPvaARmHY/eQj2Da60jExqs55zZVJJYb2iWSPhMM46CkGAPw2Af5sbxPAzw9VQfiK7pqWFCfLtpds/QJTCHhFiuQ5HA7E4/EUJUBsA2yoCEC/cZDf59aN0xuFGUQ5fFkkL08G+sGEB0PmQRC9BM6u309g+XZoXdedx9B1cIKR2gBce9xEyRsBG98el1zcgJpd37+zknXJo/PGB9USu+Avfcjb1KnW3s8z+edOA/7FXjTUFWDva2exYfVSbL1tHbtZu18+io7OYd16ZfFFZfaSkmUba34wkiYmdIwVUhIZjelMyqeMa6P2rvV1FSl7fOhkT4pCkEulIFuyiPo33WeG4vgUMyfw5+PoTSuXsHkI/PkYO4UD6Pujx7vj0DS6tnf/1zX52XPE30/ZvRwJh+PZ+s3wHpDZfP7trF/2LPtrFsWz4d1iwJ8Yb793AigrwO4nH0Hk9lYUJsoAV67eqikDPJ8oA4x0tWLvS7vxxulB1I9NauYy867kysNBCgEpAiTvK+uCC7oDCvw+bSvgYFBhtf+iImAW09cNGwgagFEZoJ25ZeCvFzpgXgNufmfPf1ai5z+B1V9U6W4ZVa0O3S3x55PFy7u9KWGueH2SX58HPwLH8cEw8jZ1aprDEN3ufJB//CkXgAl0dp9HoROaHzOg/v1Y5x720qGkIvFFYqXmWc+yMcsmTi0/0p/XLglKtuWrHd60iVJUwsbvqbjHh072sG5oW29bx0Akl276bMlK95nhM/wnxkJY1+Rn10FKAIF/08olON7epwF/7T4r4FlO9BrrWL3/PNjy6xDvZSbrt/qbmY3n3+r69Z7lTEbHL1qY+//t904wb8B3b7oam8pijp+Mno7vfWk3Nt8O9AOoAXD+XBJcRPD/2Sc/6ACAF/71BJAsNjP3woxPaCz4XCgC3KgtcQMyJWBx8XUa/gECUr32wbHYNPLy8i1dh6ysz8yNbwf4ZUyKALC4+LoUJkXNnYkuG1KBTEJ3y8ewRzqnVRa8Xi+e3Zjkv6eEOZqruMqD6GASRFXyHZVbn2fHo8/mi/zGz6vye/6jMq0YrR4I6rkQZZaNlfpo0frQs4LMmpbwwJAt+fwaqX86f4wd6lZ6oRKI5HLMhCyjZyYw1o0ltT4ExroZqItu8+PtfUwJ4F3OvOIg3qfAWLeuJWzn/vP3M517afc3Y6V730w+/9lYf7qDj/uTN6BoRQxFV8bxpSuvdHzqF7+Pb74diHS14nSiHHDvS9pQwBunB/H/lt3oAKY183z1tXdRcZUb6I+agrToss+VQkAO+xI3cCagYBnfHtyRp+vWl5UBBiaOaqx0vmQvWyPdMkC6JqegMASVBBPgU6+cZc1vCASJ0Ib6wlNSG4GiC164a0Ma/vvoIHTP3/H0AcaxX7M9AuVIJboSWfdKb8JangfyJ/u8WPyJCE5+rxJbby3D3tfOYvfLR1NceuQOS6csiV7QmVqz2bKG0224IpOf3BeP5WscCYele8z/m6zykXA4p4mYoqxM5xGfmZFwGN390BDF+Gsq4zIQ33zzagb0NMf9n93C/r2k1sdi/rzCJXoEltSq8+pZobZoay1asnbWbzS6+zO/FnMZ2V2/0bOc7qj/ZDP2vHgKV46q/VC+e9MHsPjD05h4Dzj7Yj6KVsTYsVQJAACbb9/KlIDGhhV44/Qgvvrau9j+3lSKMrHzHQUoSctSz8kIBpU4ufwXuYH+4UnUVBTout7PnjtsUgYI0zJAvqxPRgRkdLzhWiTVAPz88XgcUw6HBvxL3IJvprjKw3qvdx3Ugh8lvI1v6lTjJ9+qx46nDzCLWXR98+BHyXPkeqcEuf6dqgVMcfRLXf5EIILe/hAqn/Zg662lGqCTWYNGDU5mY/Bx49mS76+ptH3eSDisu8ey/U9HhlUgMLoOu8qRbB69ayc3Ms80x4P/8fY+bL1tHdauKSS7FU/t2m+YkEbPw9Hj3VjX5Id/TNHNA8jmHqaz/kvh+Td7hm5ZX49XE51I0xlXjkawvWYKmz58FYquTFrwb793AngPAEfmx3MBbL5d6wmQVRLQEKsdNobH4wiPs793rFRzBu78wd9Ir/G5z/+DuQfIB2z4W/n5G8PjIHmvDgN3cmWAC51xBIMKphz5CEfG4CksTVEEslEGqKcsGB1vtwyQwJ8SHB0O+c+SEQGR5arS5Ko3iTrmdR2cYHz2UahkOI+/cAwP3nMDdjx9QKXPhZdlwPOub2qt64KX8eh3YYiBr3t9CED+vJF/0z9FsP9rBYgdH1V/SInfCN+Tm6xavZhqLocd6lSz7Pu5Ip9AQ7bH/Oe53vfu/qEUWRlZbdafGUeCxU+jXB5v79PsOykEnuqlWIseAJvw2A+TQEM5AVbd3enee6P7yVvTufjNzObzb2f9es+ybR94ogKAcgBU8I9j4j0VMPa/+A6uufJqLP7wNH7+i9+z84gZUDbu+PNGTLznwDWn8/DV195ln//R/7gaj+9+VyN7IzJrx0vH8p/LOuLR+fyxsra8qmU8jWC0HZ5Ckzh9mmWAdo7TffYslgHywC/lAeAPpox1JEAOG5OEN9TMhq+VBxK0twcnWMkbAScl0fEd99QSvCJGles6U6lJjpsv8m/8h0ns+4tCrdsrYZmRi1XvZWQ34UgWN5e63ST5AjSf3hxWGpzw15GJfLK+0pWvt8f8PDOx76KsTIbdZ8Zsv57atR/AJuDYKeZapj3nvQVGHqq9r5x5or6+4HPp3H+zzP1M128FdGfz+bezfr1neW3dSrzZ2W75GSr3eFgoame/E3jxHfYdJQEu/vC09FwjJaDoyjir/3/7vRO63gBf8bjUgvc3NEsz5cV2vDLgF9v5inPz/5Z1IjTjAZABrp0yQKNEP73jxXUYlQEahiREHoCtt5bhhdeGNS1v+3cWaizh5RuLdGvlKXTAN8PhAa+4ysMY8oh3/8F7bsCzOI6RqhC6DoaZjHkh/8AEenZV6rp1+ZeArHe5lQ5i2r/lL73UxKKA7gtIL5PaCMhTP09Pvgz80+Fq19tjvZd1LvY9Fw1c7DwzogXf1xtgbn9P9VJ8+t4fa3IUqO5fb79k2fl698fu/TdLvMvWbyZ5/Nx6/q2s38qzbNmb9Mlm7N13Eju5nIhkHoB+VKemtpElBKrEQAdU4HkxmRGvlgKewM4fncASAKgTgDS1So51shMBzOdLdtTTc/8TKPKgyVvceufa5QGQDf4YOk8G0mJdP53bjXss9w7QG+fO2eAB8MGNPKeDWasUwybLlkrlUmhuE7XyyzcWcXFuL7OoiTqXyuaiy9SueeODYHM8i+MAPOyY+SJ/6X8fwoP33IDnHujH3nZFF8iy5WIUs7N9pW6pNWLV/SnrWmbbhSWRL17nuia/abmW7MVL5yQJR7R/y5ISZ2Lf03Ez23Vb6197Ugk4erwb927bhBu3rtIcce821eXPx5fFUr9sudH1nj/REte7l9m6d/x1zPbzb2f9Rs9yJmPzHyzB3v/Th3+5dxUmTieB/H+Nvh6/bkUVO27hIr+mDJDGn330Bnzw8VPxbzinmNZAZYUsN2B/gCUDiu1vRXDnlQCf38/a9pKVLIYAZOBPnfxInhhG4Ev6MuUBsAPadkDd6rDNA3A2L4x8V7JVrdKbzG4n8FOOeIG6SEqtPDXPYSQ564G7Vq3BjoMHsHx7PkY6PQwki6s8GmBMzqGO+SQ/7h/G47uPoRjFhi8fcu1luzZdlsxkhXOcP8es9MlsbivyM325yVzUPJOd3t7nat+zDf52nhk+ZgwAa9cUIjzQY7hn927bxJIC3zwWwe6Xj6ZYpEQIJFxDPDGXw+7919tz2b3Mxm+G5p0rz7+d9cueZSDJEvlmx4C9kNLZKew9q3qI/udTp9jnsdXDGvCntsC8EtDYsIJRBD/0aeCbP1GVAD33Pz/cJakWPlnQixddr1ECRJe9JgQgZM7zIEtzkIeAb50r1vWzJDp/EkTNeAByOUKhKM6Fu7HA6YEzzwNnfiHyHPm6wK/LAyB0GwwGFTgjHxnAyg9MQzmizYineDVZxP07C9Xs+EE1WQ51EQ0jHp/xHttfB2x8n1HpjlSFmEtcpdVVk+fI+iZgnA/y6/4kH56fLMXud8LY2ugGkCwFI8pVislZzTjWe3kVlXp1v0unyUgazWbSkm+Vn91ORvZIOIx6ICVmKpNrdf509j3bg39myj0eAl7ePa8pST7e3gdfqRtf+PpL+P53bmfgDgCP/XAPWzOB/5vHIrhx6yrcWA3cuHUVXt99iiUGinupWrXKfb7SJDDZuf/pZNhn+pvJZbMhu8+/1WvXe5YT+w9+/+0ok32LU4F6cVmAgf/m27dqsv8J/AuXN4LUg8Hedtxw19fwRO0ufO6h38QL850OLE5VXCgcRgBOwKoClJJiHYtKgJ4VLgN//m8p+CupYYEFgC0eAKN2wOmMqakY8vPV7H2v14VFHu1FnD13BEDcFg+AbDhP/siFhVeNqK1se724a1U9Hl9/DNEEZW502RDLgKehJssVsQQ515lKlG+M4NlTxxH8pU9THx9dNgEcUS1rlXp3Ao93HmPd8ggY54v8ziMTKL5lGnjHiyBS43uHTvawxJzu/qGMmpDMZCexbMq3umar89N8h072YBtX287vufiCNevyZtaYRnYN5R4Pk5tN2tNDJ3uoOY/GvUzte+k4qhcnK/7uP/+VBngExQGe6qXAsVN4ffcp5glIlgnqhWFYwyCH3ftv5Xg+aS0Xv5nZfP6trl/vWeb33671T8oUP06d+F38zz56A1rbTqeAvziIG6CqdiVOv7YLK27ahie+CXzuod/Em+p9ukkEdtrxpgC4Dqm+EdOeCP4UFhBlX5C46s15AOJzlgdAtg9BBXCeHwJKvYmSuNoQa4JDzXJc8KImYRWTmxwA+s8AWDbBEuTISs7b1IkowOrjecu662CyIc7Df9eBmu1a63u+yD8/GMGHG6/A4Ghq/L/c40F9XQU2W8xGzmYJnh13dS7lZipfVk7V1xsAOK54cWxYvdRyBng21k790DMde/edjPtrKlNY+pKtfdX+8TzNLIE87/7mkyx9pW48tWs/1q4pZAmC4YEeeKqX4vXdqmuYyu2oXz2x13V0DgPTRU9uvnVZVp8Bfs/5vcvlb2a2n3+7zzK3/7blLKn1aUJui8sCUvCvqW3EwkV+FJc3puQA8ARBohJQmO+0pQTotePVc/WL34nDqCOeXQUkG+2AjUA9qGSPB8AI/EvcgHN6PB/Ty4axdONCdB2cwEinJ5Ecl6Sz7ToYxoPfasKOp4fY57H9dXADajkdCtnnyzcWseY4FBfn3ezjifI7Akz+vPkkv6s4As+oIyV+ORIOo0gn8crKC8xK6ZSVF44sm1r2IuK7x82WfCPqY/YDGlNUyzGR2S77PtM95xvMzCRY+Erdhi5fvmmPmLnvK3Xj3m2b2N9E/jMxFsIXvv6S+t0x1QPw6Xt/bJkMR68c0GwfxftptnfZ+M3Mleff6vrNnmXAfjkgc80DOB88qQv+/KAcAL4ckJSAwd524LVdAIAnvvkxjSdA9qxmWoanN8zK4DJRQC6WdsD8PqTwANx+Qxle+FUMX71nFZ6FSnpTXlekxssTpXHKkUqW/b7j6QNwnalkVjEl1fXvrASWqS5xYskrrlLdVXetasLjnaq7vbjKg/KNEVZqR+OuVU3zSv7Zfy9EPC+ueUHTD8OMyzzboG/nxScDu9mWryeDt558pW5D2tdM91ys885ESbP6sib3Pl+uJyZOyq8pCTTfeOBGAGCx/rVrCnH3n/+Kxa95IiA+TMBnrGuVqMT1ceBv9f7LlDk9Szhbvxkzvv+ZfP6trl/vWeav3S740yDwByAF/+q6rdLzRE4AtSQwOR769Cp88yenLHsC0i3DI5CzWgaXLQVEL19Ahsl22wHzgC/Ky5gH4GzrGAA1k/1Ld6xh5W1U205xckBltSuuUolwug4m2wgTsQ4AFvt+8J4b8PDfdah186eOcwl4amIcAJZlPz4YnnfyTyfuS6EThtaonZr3bHgIzEBM1k2Nyt1mS77ZvljJ2M50z40Y6KzWtFsZt6yvj/trKrVgy8WBqaMfb0EePd6NJbXJtr80tt62Dm8ei2DtmsKUkkACez5E8JOnPsNCAeGBHnz7kddT7p0YgrBz/8U9lO2b3r1M9/6JXoPZfP4zWb+4/5kM/013ItLVahn8RSWADwUAYNUBwCkpWPMgZrUMz0o4QLTIZWVw2VZAxGNKdDQAu+2A7ZQM2lGAnC2BOPLy8xgIUnkbHwdPusKTlLiuM2ozneXbVdDTdszzsAY5xKNPgLrj6QNwoRJf+VY9K58j1/h8kV+IKnyw0YHwaBynhlksl92sibEQe+ka/eDFH7uVc/TO5d265CaWzWP0gpkt+Xaz9WUuyO7+IUyMeWZkz9NNALxlfX2cLF0W7+X2gFcCAC3xD4H/3n0nmauXsv7XrrmdlQRSRYA4vv+d2zXg76leim88cCPzFohApceBYHT/OzpPmt5P/rxs/WbmyvNvd/3is5yLroE1tY26wH/+XHcKH4DoCShc3gj0tpsClqgEmJXh8eeaudj12uEaKQHZ4AEwkpHtdsB6+2HKA/DBxjwc7JhiIEilcXxte3QwSW9LZXKAmv0+UpVsrascUd3g44NhjA+CucDJnf74C8fgOqO23uU58qPLhuaV/I5jMZyKOjQeANGKszvMLFQrblUZoYoVK0UkRdGjPbUin++Fzl+HGGsVXaey66bP6YVqBLzb7lg/Y3teD2TUv11cM79OYocj6t6mlUtSLH/VdX6SufNZrB9EB6xdxxfuXI0vfP0lBowEQrt+db/us5LO/RfXpncv6T5m6zczV55/q+vPRIk02ouOzmEsLgOz/iNdrUCtfuZ/dd1WDHTulisBiX9TZYAuYBnU1RuV4ZkNK2VwY2MKSkoKUhrlzDUeALvAb0cBcjb4fDj47lkWD6f6d6ptL6/L17TOHakK4Svfqk9k0UfQvzMJogSKZDGrwOhhrnGypmvqkolyABDbX4doosvefJC/4UIVoDhQ4ivB3tfOshhufV0FRk722IoRyxPfAlIXaWCs2xIDoJ1YqlX5Ru5P8cUrAzc+1qpl/dP2TzfqfWCUAzBTe56plSZjoOOVJLKMSQEQm/cQUBKQLKn1ITDWjad27U+xhgnIvv/cSU2FAB336Xt/zI61sn9m959CFvz9lK2zux9Z+8309QbmzPNvdf1mz3I6Q+YVW3HTNmbN63kBSAngR39vqyYEIIYERJe3WFevqwhAn8bXjsuc5JybBBznJg2z/vUUEDkPQPIcDflGlgY/p8iJICpHlnkAnnrlLP7pf67HY0PPM/CiGDi1wpU1wXGvD2GkM5n5DhThvf1eVi9PrnQCUuWIWmeft2xIA75AskRuvsgfXgC0vxXDvT63oSvPLCFIBjB6TUVykZmu9+K029TEyPqivdBLuuJlinkBdmLvM7Xn9HJP5wUuAj0l6vEZ/sTMd7y9j3H9N61cktJDnnehi2WBvKyOzmEUlXpT7hPPGUDH6D1fVu+/SIUr8ueL9zIbv5lMfgfZfv7trj8bYyQcxobVS5Nu/WBAjdkD6AewcvVWFJerXoDxkdaUEAAP+mT919Q2AlwogFUFIEncBO7e8Yl3BKx6Wfgik50d9znvwg/a2EbrPADQ5QGQXYsRD4DseEMPgE0eAKYAAMBf//Aw6pormSvcvT7EwI8s15rtEaAuwprglNflqwlw25M8+iqQTjBLmQdBLAvjygSQoiqE4C99KPnjQAp3/nyQ76gIAYcXan6E4oveyospGauUJzUZlcVl8qLTA089D4MVpcOoiYqRe1WmDKSuPwm6eq7T7v4hS2GAbOx5Oi/xW9bXx9c1+VlsXSzHE7sMEt9/krhnHY6396WEBgh0+Li1CI6y66WYe31dBSbGQrh32yZN+MBuVz6ZNS56euhedvcPZe03Y6XXxEw9/1bXb/YsZ2L9Ly7Tftd+cjeA3dJcAFIMeE8AH/+PdLVi70uqd6CxYYVG6aT3nph9z8f4jUrxrAC+HoBqlA2T2n9REUiXB8AOqMvOySYPAK+cOO/eUoXfjw0y9zWBH8XAAbXXPc9pT/92rw8BSNLhfukOtUmOcgaMP58ffHMdAl8AjG53vsh3/6QUJ6Ag5oiju/+cJgDlr1mUbc9R1oDeLoDZVTysNpHRk28l+Urcb9rzco9HWtomc73LwhT04jeag8a6Jj+6+4ek15Lu4BP+OjqHcf9nt2hIfGT7K0t8kwGpDNTIkiPweGrXftZMKN37TxULZvfTX1PpSOxfVn8zs/38W10/jQ2rlzpo/4tKvSn7b3XwXALHO6bQ2nYaAFCVcN+Tha/X+pcHfBqDve1snsaGFezfGt6CzmEEg+MaJYBALdDdnVYJID9iF6IIhI9pQJRXMOJx+0qARvFIkwcgXYVB85u0yQOg6wEYmppkbuyRzmmU1+WzBDksCzNQxJGkVUu97gnUaBCL3sNHOphVTGP5xiJWVkdWN/09X+R/sn41nnjhXcT+KAQcdyIv7tDVyNNtRMNnCeeimc1cl5+JKxRzdN/X1q18okjge5FlijetXMJixyrt7zrg2CkG0Hp5FPQ3DziUOMgnXxLg8+DPJ+I9tWt/4rri93V0Dn9uJu9/ur+ZbHfTm8nn32D/0/YAFOY7HTsPTsUfatAeQ6WAZkqA3th5cBqF+U6H3p7wFL8lbrAsfAI7sRmQmWXLW9f8PLyVHI/Hce7cJFMCHOcULFpkHUTT5QEwnTeLPABGexRUAGdlvACtSDa7IeCieHXNdtXtvXx7Pvp3ejGCEDuG4ttkKVMNvHu9+p0bye+Ig59c6wS09P18kP8v7Sfg/NVCTAC499Zq3ZtjVAaUjYQyIzdlNt3WduTYJXExy/zXBXmdUe7xzOi+j2RQBWDkCeH54HdDjftTD4Dv/tNdCA/0sM5+NI4e79aEFPiSQfqMQgd8CSK/XxQO4DwlcV+p22H3/h893p2S62DlXqZ776w+ozP1/NtZv9H+37K+Hq8mDBFbSjAAT4FL6gUgRcBMCdCz/vV+f2KHPwZw/lQAJ2tdBGExC148Tw80ee/DWARwOCZRXFyQ9u/SCg9AMMc8AFbBv8SdyAEAkEh+Uy3V8cEwS4wjtzUNKp1DlVoLr5wBsCysyXonK1k54kXxejAQHB8MY8fTB9h8vIU8H+SH3lcQjVag2QTr1jX5pSVm4guFP84qxW767knjuXMtXzxX/3rkZVRLan3o7h+aO/ueoQIgDnL/88pRR+cwHutUXcL3f3aL+nKvXqrp7EeeAQKRdU3+FFIhPm/geHufBvxTKzYCpmAr2zMZb4Cs7JMs9nKPJ05tb/nGTWblgGbPcTrAz3tI+PNyvH5MjIXinMfBoUdnbTUEMHKyB+UFVQDg2HlwLP5Qgwrm/uUq6JMXQKYE6GX5M+sfpY7CAmBkcpAlHR462ZNS129kVQe6uzUJg0AqZz6BKIUQRPDk5z+XqADglYDRcByxmIKxcCdKPXU58dzkkgdAb+hSATtiecxF3b+zUMNoR25xnhHPvT6USIDzwr0+pIJcolyOJbwlSt/IeibyHPXvCQaqfB3+fJBf1OvAoEULl39RGL20jBjX+JiuGTtaJsBs5Ryr8jOVpVcNYKdMbTb2Xer6r69O+HKLnuRBpKNzWKOUkNW49bZ1+PQn6gGohD58Uh4AlgvA5l9TiKd2Jd3/BOoiiPLJg7zLXGxApBdOEBUomVLEJzjS/vGKJX/OSDgc37B6qaaqYffLR9HBNcgxy8TnlTtZ4iaf72GmCJiRHmV7/fV1FSlrP3SyJ15U6nXI9t/Kb0r2TLa2nUZjwwrGC0BKgBH489Y/zWEkz2oTHgBYfM31aMF2S271a6/5hKkVLAtB0PVELrwP5dwIPK5KLCrUb2wVj8dTeATm0jClAs5zOJLx8UQbXJ4Uh1zmYtY8oJa6dQ2qdfV3rWrCwzs7mMVLmfCuM5W4/usRHH4GLEM+umyIzUHgOx/kT2waAX7vpxFaAAAgAElEQVRXA7WiMz1wsfpjFhO6rFi26VrqYuZyOvLtWEt2r9mq1T2b+25knQXGlPtkJYX0kr932yYNlW+yfW8yM/+xH+5hXgAZ2c/EWAibb17NgJ6Ahc7Z/fJRLOHaz/L3R/QILKmF7h4Y7TUPtmJmvfh8iCWNW29bh8c692jOk+21FeVO/gyZK4x2PAuZrF+2diKW4vc/k1GIUsfOg2Px7dCGAsQsfx74ZYBP1r+hRcwpAWZWcCZlgOJ5QQUo4UBcTgUcw/loAAXOEpQvTKXLnovgb4sK+MWWIBZeMYnHO48lXde9XrgBjGOIlcK5a0OM6tZ1Jkml6zpTibvuqU9YyF7mTejCENzwwL0+hJuXr8FhqPEo9TyVPc8FL8uqnw/yo5jCAz9YjN/97QACgSB8vhLLLw49C0RmXcisYP5lLJ4jxtPtcalrr2Mm5Ju5aGV1+naGlX0X1262bm12t7V48psdA4619dVxiu3qegrWFKZQ+Xqql7IEQNoLEfhVsEhaYzz4H2/vw9bb1mnKCPlwgex6KI/g6PFusmjjAByybnl691NGhGM3/m5WEsjX1Fsp2zOrwTeztmdq/eL+p5MHIFMCcPAUtm88jcYGY0pfHvx3Hpxmc5i5w3nL24wHIFN3uQb83akgbkYFfO6cggUL8uHxLJiTFr9tKmAAOP+7akzeeoa5rq/kOt2NVIUYgx2R5VCDGxqUTOeCF8oRL+66ox6Pd6pldA/ec0Pi2ELu32Au8pFOpLDmXXLy32pDDPlYfdKPR343gC3NJQgEgro3kU++En/gVj7LJPt4Yixk+3zqCW/lhWjWrCQd+Vaux0qTFKv7Lh4jWp1W1ml5TBc92dE5fF/S6k8S9qxr8mPvvpOsk194oIf9PzzQowFsnsaX9ocHv6JSr4Y1sK83wBQCT/VSrEUPAG2ZGV96qDfUcr0h6+u1mBshEhvtfvkoRsJhjITDKsmSxXkMCZmylKeR7fXL1p6rQQCeVATyDY+3CvxmSgC5r7OV/CbyAJCMWCyOvDzrVMBjEaAkPo1odHpGqYBjsWnk5eVbAn5bVMCqCgQU9FRi3JGku1VpbgsZsJHrPLpsCM+eiiTL35aFVXKdBKD27yxkrXMff+EY9nV1qhZ0gn+fsufJ7b7joNpe1wUvxnHpyX/5VCc8P/ei1LsQY/+9H3i8FHtagmj2wVAJyBqAZGnoZfDyCVhzZWRyPVbOnan1rq1b+YQVZeexH+7BU7v24/vfuR2v706W/U2MhRjwE9c/AQZZ/0beD9VjsIl5Ena/fJQxAPLeAj3FCADKC6qeKKqIfy5be0Jgyic48sNfU5nT58qs8VSuR3f/kO7aZde2tm6laWtgPq/D4FgHADTWXWFYY9ja+b4h8PtrFklLL2XteHngTlcRMIuBA/px/EyogLM9RPDPGhWwql44cL7Dg1uu9GMoAgQQYjFxNzwYR5LutuvghEqlu2yCWc6U7U7n4Egls5D7oklqXAJNWatdkW73UpEfQAgjGx0494ID8WNhNPtK4fMZewBGwmGUezw5B28RyDP5PtNryvb8dtZu57iZHG92tn+OlACK7Ypgzcfw7/7zX6UAQkfnMJ751/8GT/VSlhuwds2N+MLXX0qx4Ik6mAiEPn3vj5m1SUl2RuEIvdJEo1bJMuXDyH3PW9M8qQx5jazKMrsGq6EGs+tNR7aV9cvWbkSSla1n3wzgM5Gn145XBDy7PAC8K1wE/+6AAr/PeL5Lmgq40hXBUFSN8+XlO3Dh08MYT9DdfukOtXe92sdemwlfU6dmyMf21wG1yY54lBjXv7MyAarTmu54arOdfNZqd/n2fPSfUevwv/Ktejxbd5zR7V4q8kPBaUwrwBWHSxEsUwAO/JOZ3qlAaLfDmV7smiwDsxdWtsug7L4w05VvNi9vcYj7/WbHgAOAhg892zkDsuvb9cIRWzJkuR7feOBGTXveT9/7Y0MrlcIDbx6LsPmaVi5htMF8IiEAxizHW5vplJrxyZF6Q6+fgtGg/AVKRNQ7x0o+gBGPv9VOj0bXnO31y9aenkfh3Ax7MLTynrjDIa3Ll8XgZaAq4wGQAT8/h0ae25oSQICaDSpgPsRh9ZycUQHTH83Nbhx/eQx3f7QRT1edQNfBCUZqA3DtcRMlbwSsfHtccrEDanZ9/85K1iWPzhsfVEvsgr/0IW9Tp1p7vx1a13nnsYtW/vunU+XnOZzw+xR0BzxwjEZQUqbVhrNV0mQHPGQvyNksg8pEPl82xc9joXQKa+ur4+Uej/Qlmu195xWRco8Ha+ur46SAmA3eAzAxFsL3v3O7BvzDAz34/nduT/ECAGpioBrDNwg3cImEem5lvrcAkQmJe0CENPzo6ByOJxRFhwxUEyuU3n+zPab2x3r3RGweJd7X5PEB3fttp5GWUU8LPaUi3fWLa9fbf+JLeLNjAHNxiFZ9SYkbi4uvM2zHa2Rh68bACcAlgHwmoGCZb2aogMXrMwN/6bslQypgxgRI1v/Z1jFElsXx9P4ThnS3xJ9PFi/v9qaEueL1SX59HnwJnMcHw3Dc0Mnq7MmqxpFKRtWba/l5m3Ijf8EvvShdUYTzF5KGprdU694+OxrB4rJCnB1VM7ZzXdKUTr3/bJRBpStfJF2xUzrFK2CkeOVq32Wy7A7q+OepXpoK8msKcf9nt7CkMFoHi+UjGf+nNR1v74Ov1I0vfP0lfP87t7O5ALV0kBQAAn9KOOTJhCgxULRGVRnKfb7SCo1CK9tT2i9RGaQ9pnNlSXuyea16cfQaS5ndV73a+XQ9OnbXT3/zSqXO/oP2f06CPxdP5wFsgSPPMAZvFSB5V/gCHcUjGFSwyA30D0+ipsI6C2C6VMBm158LKmA+z0HDBNjsA1oCwFC0EFUF5zBxWKW7dcChobstr8tH9++TNLiuM5VQer14dmOS/54S5sgCLq7yIDqYBFGVfEfl1ufZ+eiz6LIhFUgldLt8DH8uy1/duBT9raOI3TgK9yI3wv/lxyiAUQC3bAFaXwEWl6lK1+KyQpwajpi+KKyWNOm9BGWWhdXadivWSDbLoKzK59fIdwxMp3SMlANSvHK57zJZdkMNRaVeZvnzsX2Zd4JaBvNgzntB+GPJe0DH8S1/gWRpIS9PlJt6/1jDIA0PvHgtlFipB1SysIbsGaLzrQIezWslsZO/BjtEO7K5s7F+vg+A2f7PVetfLP8jULsgATs9cNRz14vjguA1IB4AUgIWOuMIBhVMOfIRjozBU1hqez1WqIAxg1TABPx6fAVOn68ElaMDGIoWYvDkIly1xon8k6V49+x5jF/Th+IqDz5zUxMOH+3D2JsFGK4KY2JIBVp3bUjDfx8dBANRIsQprlLJdHY8fYBx7Ndsj0A5UomuRNa90pt4uJeFdc+npDoC5bkq/2zrGBxwQHl5CZQE6L+aeM+3vpIEez4RUK+kiV4MdrV3s5eJ1ZEtqyHdhisy+cl98Vi+xpFw2LB0ik90S6eULBnfTPzD4DxRlp1BQHzvtk3MYvdUL9XE9qkrHz+oIoDcw+QxoePIK8CDIYE/KTZP7dqfSCAs1IQeqOqAlDwqMSSlrKNzGJguehL5E7ZB0cqgxkS0l1bnIPl2KjrsVn+Q8pWuUmD0PNdLLH6D/cdcHnzmP88DYAaodoiAxKx5PStcVUamEYy2w1OYm4z+maQC5oGfkgw1VMAAcG1jNQJI7EgcaHlbARz5KKv04KP1H8AzX+lETAEmS0oRGVIfuK98qx47nj7ALGbR9c6DJyXPkeudEuT6d6olOxRHL67yQDniZRS6PPhSwt34ps45Lb/kA8Vof1vVNStdEby6pxDNPjB3P4G/CHRWy3pmc8x2GdTEWCitMq+RcFh3j2X7n6tSMqMSLiuDB3ZSAvjPCPzJVU8W+to1t+MLX3+JrbWo1Mvc/QkfDfMQ+ErdKXNS2IHJO6Z6AMySDjVjuugJ5E98LlOALfd4UhSnQyd72Ofd/UM5qyhJ53nN9vG0tkMne7CNY2Y0G1bKAWcF/Ll4OiXV8RhoVF5nBSxliXayDH5ZGaKV0r6LngqYGOlaWrQqUfM1hZh0FuPF7/YiHndguqgA08VqBqfrjBorf/CeG7Dj6QMqfS68LAOed71Ta10XvIxHvwtDDHzd60MA8pnlrdL0qg85dezrOjjB+PSjc1x+X6AXV3iL8X7Ig8VlhVgMYMstzdjzaotGCZC580TLN9OSpnTGbJZB5Uq+UekU/3mu9727fyhFlh3wF+l++f7vBN4Ulxctdf7YibEQyxkAoAH/bzxwIwCwWP/aNYW4+89/pQkliEqqyFsveiwAYPOtyz6XyfOgV0HR1xtAuceD+roKbLaYwW/1eTXLwp/J32NKOEnIqTDyGAGYk+BPFjk15OGz6/XKANMFPlkSoahA6JUhGikCcxH8z52zQQVM1qiape5m/25pAfB2ARB3oKwshEiZgiXbIxh5L1krDyRobw9OsJI3ALiiygXsdgN3KJqOe2oJXhGjynWdqdQk51HGPikZ2Jgk3KFmPnytvp58PolvRuW3xzH5bhGW3lSAxW+p32+5pdnSTctGSZPsHL0SJr15Z7MMyki+6Ja2K19vj/l5ZmLfRVl2R7KWP2nlY7royYmxifvu3baJsQGyF/+xCG6s1ljiTxZVxO/jgZws+K23rWOKgVgSyB9H9+InT31GU4Xw7UdeT1HQyKq1kjAqlgvqNVMSvTcj4TCKdMoT0wV9K70p6HplOS7pKA5W1x8YU1QvSIKXQU82v/9zdfCNgHhvgF4ZoFUeABH4aA4RAGUVCEZUwEEL/QpmW6GSAT+/hylUwABQ4itB5egYACA8Sv4NB65whbHwT6egvOhC/85CrK9bhP7tAVYrDySJdR7e2YFFa/Ix9oQLeYhhfDAKr8/FGPKId//Be27AsziOkaoQug6GGZDS6N9ZqLHEl28s0q3VF+UXr4cG8IurPDMi/2PVjfjlD7sxGihE21lgS7OqWLW0dVu+eZmWNMn/1n/RCK+VOVUGZQT+6fQq0NtjM8spm/ueDrVsggwIj/1wz33k0uez9DGd6BQ4XfTkYz/cc9/9n93CSv4IzFmm/nSyqyBZ9AQggTFF0zBI7C0gju9/53YN+Huql+IbD9zIvAXiPlpRoETwM7KEiZCIJ8GxY5XrlYyaAb94nOzZSMdbYGf9vlK3tBrCaP/n6pB1AzSi4uWbBolAzisVelS4snOkZYgG8mVVC7keWaEClpRBMgXABzfOJv5NpYGVrggc1TGMj0VRs30ayi/L8OabI/irTzWxWvnlG4u4OLsXiyYXoPO8B4X1YcQcUyivK2TWdU1dEcYHwertn8VxAB5WWjfSOc1i+GRZU6leCs2ujnyy6Im6l+bOufzfvI1ieDWeFF2AMWABzKSkSW+Idfq+UrelToBG15iLMijxOtc1+U1L7WQvWTulUzO57+mEOWRKAG/Ni3+TEkCD8QIIx/pK3SyJ8PXdp1hS5FO79mP3y26WMCnrHEg5AqJ3gUoTjTw9RmsXQy8yUNbLvucJiuwpiAHd51I2j6wElO6zlecmV+u3uv8XixKgcbn7JccS2AUU6Xx6VLg8+Oux+QFqyaB9KmAHFi9an5M9SqUCPgIgnjkVsFlXOscSFRRj5VH0vgs0NV2BH/3mFMpX5oOa5zCSnPWA83WV5Wbxn0QwdsbDQLK4yqMBZqq3p0Fd9pTeZHY9ga9yxAvURVJq9WXy71q1BjsOHsDy7fkY6UxPvmtZCOeeK8HyO2Fd/vuTWOpbgpYWBc3c77+5wZ/iBSAeALMXg92SJqtDlrg1V8qg+JFu9YCeDLIcxf0U9z5X+54O+PNKAIDPASqf+obVS9n1UVJceUHVE6QEiErCyOQgi8EXofI+nkVQzQVYhxu3rsJX/+pZBMYUVjnA76MYxiHvAoULwgM97FhxnZaYD216SPjnQ206ZH+ebDYDSkd+ph4i/hk12v85C/5i8p3Esk6pBLCg3+iBnqwboEyurAzRnAo4rksFLHodzKiAZcebhlKE/TErHdQwAfKj0kVENcBUrwsoiKP7x14g7kCew4G+/1gI/33TKK/T1srf1XQ1vvfsICoLIojHwKh0R6pCzCWv0uqqyXNkfRMwA8mMfIrXk0Xev7NQzc4fVJP1UBfRMPLxGf+x/XXAxvfTlv/+fxUhfmoSzsFihA5Nwu12ondnIWoT8gverkHEG06uf2ASV5SUoOUV9S60BIAtCSWgpa0bzQ1+7Am0JB+oBAmQqARkWtIkA0A7ZUjpyjEC4HTkM0Azyea2U5FgVDolyrU6fzr7ns3BKzPb7lgPUhC4/3NjmQY4yXpnyX6JsME3HrgR337kdTZvUalXWlYIbNLkCoQHeliVAO81oLFh9VJTt74YHuKVDd4K5pM6hfXb9tBkK+FTz8Ng5FFId/38HvDDaP8vNiVArxNgpmWAIvgbeSBkSkW6VMC8p8IKFbDo2cg2FTBjAiSXtM9XkgJMi8sKEVhwDkpvKVaWTWH0QkRNDoQD3T8qRuHNZ3Eh74KaTLcxgp880wOgAEPTbkz1TODZBccRXTYBHFEta5V6dwKPdx5j3fIImF3wQun14q5V9Xh8/TFEE5S90WVDLAOfhpqsV8QS9Ej+s6eOI/hLn6Y+P0X+7yfw+KkWY/lNx+DoKkb0JQeqFScivdPwXuHAhXYvSvcXwlM2DefrxegtCWLKM4HSA5UYmFTBioiVzIbblS+tCshmSdNsJwClK9/qmq3Ob1Y6dUiwvKgZkxUlxep35R4PeMrhTJsPUWOe+roKjJzssdVbgPZDRv1Lc5PyI7IDqt6CTSmdAnn+Afo/D0SHTvboW7g6nxtZ55ms3wxIszk0a8ji+mXDaP8vOiUA5mV46ZQByqoAzDwQunIvUipgDRMgAX4sFsfE5HSqoKIqNDe4MRAYU8vafG61ZHDagcm2RbjyM5PoPwPEBvIQekelUVzRHMfQW0UYjYc0lnXXwWRDnof/rgM127XWt7s2xJrwULMeF7yoSXgFyE0PAP1nACybYAl65CXI29SJKMDq81Pk+zxw/G83fjDyHso/qCP/I2vwePQEJp4vxOIPlCIyMoap94ErOksQjo0iMhzH0FkHltUUwnVvDMHXtHtGCYA0+BDAtY3V6DwzDCU6LbUiclXSlG139UyUQaUrP53SKT0LNVd7ni5gydy/5R4Pikq9CTe4peYujrX11fH7P7uFufF5jn9Sru7/7BYWJuDJhm7cugq7Xz6qCRNQ3oFYPUDVBtlqOuOvWWS2/rlblM2NtfXVoP2nZE3Kx6A9u/+zW9i+0334yD3Pxo0UZL39v9iUAKtleHoAZ7UMjper51kwVQQw96mA+RBDChEQWaJeVz6iUSHTMKAAPjccSPAIB4Jobi4BAgpaBhYicGACQCH6X/QmLeCjeQAKge4FKPvjUY2bfTxRfkeATRY9Jd2NdHoSyXlJOt+ug2E8+K0m7Hh6iH0e278cBUiw+SE5z4rKagw+P43JCrC8AFG+t7AIizrzMfJeIZQFqfL/beo44o4YRm8YxtArhepaAAy9EQFQiEqXul9n+guQ9/oQYtEyQ8s/EAiyPZ4YV+ApcCJ4/oL0hZ5pSVOmGcmzWQaVrnwjCl7ehSorndK6WDPbc5nrNlfKkuhBsO1R4KsGEuCvqRbIn2B5BBQu8FQvxY3Vqudg623rUo6lhkKkJORyZLz+2R7TRazqQrL/4JkT+f03WutM7n+2RrbL8OyWwYnAS+CoF4IwG3ONCljPE0KD5QAQQFWXyrm9k4mCChoagLYA4K+aRHh/CQqbXThzJJ8lvzU3q14CRzwPrpgLkX8tBP5AfaCLqzwou07B0HMehGsCQBxwxPJw16omPAuVdKe8rkiN1ydK85QjlSz7fsfTB+A6U4nFfzGMzsdK4EYl67znq3NgdNc0xqIelOWNw71R1ZTvWqVWLQBAcaUHZfeFMfbEQpT6XTizSO2H/onlq/GLcCt6DodQ2l+JifwBFBa7EHIAVywQ4/UqwU9LwIGmtqU461IVg+3b3Qi2pd482tvaCg8+vrUeP991QtMMKFslTZlY63OhDCpd+XoyrJRO8XIy2XMxQS4TJc3crZy5NW1aWcAlE8q8BHoliPzxdEwigTFLLvVzAHBRWPkm+4/E/qcoBryCIO7/b5++y8Htf/K8/AlNmIZXJuYqCZCREmClDM+qi12vDC4olB6mwwSYrqdjpqiAeeAPdHenMgG6r7wdynsvsYMGxtRe4c78fMRiMWbBkhIQDAQRhA8+n9ppKjw6hkhLFM2+whRFobZ0Ettv+QAe/sUA8IsCOPLjWLmwDGf/cwzjsQLUbyvCSEcMozsr8LjvGD7/oWvw9zvOouPgBZTdOa0CdyJODwD/1npcpes9A3S/MYF4tAxu9wJUNBZjcjqOvhdLUelS797Wj1fhv34/gj/9tB9P7G5HeDCK0vg0qlqXIvZOHMHxUQwPOuFd4UHJa4uw494BAKUASvEe4nBfUwH3sQIsKQcKnIVShajZp+Bs6xj7rO1VJbEvWuufxorl1aisWAifrwRtjhvgqQaw72eG1qidkqZseAhmswwqXflm+2KlYiHTPTdKJrPa2nYWQIhVFgDA2rqVT8i8BOSOlvIPSI7lP8sm+F9qQwTmtXUrpV4Cnf3XPZb/bM6Dv143QCDr3QCNPAXZDEHMBYXKMhOgI38BPFdtQ/idXezgPIcDrkIXlPNKCpiVwC2tY6dcAvqu2QfE4cYL/xFApSuCoWgh4tOc4j7lgPKqGxOuEQAOKAMX8P//n7fhrypGz/gClgcQOeLFhSUj8BYVYeonCzE64IZjQQwLnVUITTmw9P0FiL+2GG8nqIyJw+DffhpBs8+DH31tCMBCAB4MwIEBKKh0RTAcXQh/VEH3LyoRTFwvoLrxm30OYNALuAwAQ9gDcf2i9X/1lZVYXluJtrbknvJ7zpc0UeMWtbGHPniJSWpWztE7l894pw5wsnmMEuNmS77dbH1ZFUB3/xAmxjwzsudz1V0tA2sCJVlpoeT4y2CfRYVA2P8UL8FcB3dL1rBbrgTkohugCP6ypL95xwTommjDhbJr4blqm/rlwG9VMANw/kIc5ybUCcWSNR7crm2sZnFu/jgHHBh8PYzFZYUY4gw/Aun8jnxcCKhxrfrROrz9ehhjU/nI98bwL//7JM69r6D4qgVY1V2Plr0KSnzqtcQv5CH0biEDbASStfd8Zv3ZUdVd39zsVnMWEtewuKwQGI0gPKoCv89XojZD0pkn3fUzq7XCgwUF+awksM1xA4ZP7IMnL3kMn5m++ebVtm98NsqQzPq1yyxdGSmQHu2vFfnUqU68DjHXgJ9Db718S1wz4E2njCzdPa9HauXBHAalz10G97mlFFxKg8rqGG6ZZOFnArw8gGt4AC4CJkA7wG+LCTA/Pw/xsbdVo7z0GgSrP4LF+C0AoOaKhUwB0Gtkc21jNd5qHVArBLi4tgicW5oT7W8DPFGOG36fghK4gcFJ3PKhfLgDJdjTEsTwf5Si2VeKlgCwrJksdLc02a4yEYMXgfrsaEQ9L1FTSdn5gUCQHUchCx/cQMJ9z39P68lk/cXFyazdnadqkh6A2BUAelJKmuzEiOWJb6nnk0VthQHQTizcqnyZHNnnfP95Hlj5XAMt65+PtT7VUx6SVr41MM/lnl8M9KyXx+UxG0oAb5XrJeHZ7QXAgz8PkHwlnx6g22cCTJ7jABDP8j7xc4rtjflr40HfzBvijCdm9FWUADiDvullCFZ/BCUDv4Xb7cK1jUmuz7daB1LATwRTvs+9OMTvfL4SgPs72AL4fEl3vM9XgmYEGYDT4Mvs1Pm0YE4yeGVA/I7/jIaMtW9xWSE7Lp31T8fiCAbPs7g/AIQ6DsDtdkJRpthxvFvaLMGNjymLACNrINLXG8hJZrqe4qB3vUZgqud9oL3QSzrkZYp5AXZi7zO156Ss2K3xvjwuj0txBCWNgJgF65cDWNCkF4Ae8Ivgz3sfeEDXUwTMmQBxUTAB8nvlHJzIw1TMgcD4eOKjE6hYdjVW3fkQ3j38PBbH29Hc4EdDgxvb72zAzufaBPDVgmlzgx9oAPa82qJ9wSaOJQtZtMD1htH32ZDPg39DgxstbZDOmcn6z45GsOrOh4DDh9Hx+xdRfYXqkp70lACjPSmuaasZ6clYuZzb3KgsLhOg1wNPPQ+DFaXDqImQUXhBpgykrj8JunphgO7+IUthgGzs+WUvwOVxeUBj8fPZ+Hw3QNECF1n8ZMAfVGCPB8CtBfSgjgfiYmcCFEMgAOCs8MYBxBEYTwakh8+cwL4u9eLGl9+ARSXXoysALA/+l65V/1brAPMWNDS40dCwAY/+4JDUdS4DXzqPAJbO0wArUrvrZVO+ZrM4+apMv6FXQ0/+YFCB56ptOJwA/8lp9S6FQgpQ7E0hLvHXLIrP1o/RqhvcKoDZVTysyBdDBNrr6jY9X0YU469ZFC/3eKQ97fm18N0RxTAFKSVGc9BY1+S/qEhrcj3W1ldLn/k3OwYc80H+fF4js6gDCquBJwBbfI0KYm+9/e+6oKc3UgDQnwqwJI8v/+MVDFM64ouICVAMgdC5jAegua4YgWHVouWVAaXrMOjUw6hBA7o1lq/M3U5jyy3N2PNqixSEzSx/QwC6SOQHqz+ilvoB6Pj9i5rvnE4nnGF5qKSjczjtRjR8lnoumtnMdfnpDiIJulj3/WId/ppF8Q2rl7LugwCw++WjM5YkOdvy5/saS0rcKEGSnpaAmQcsn9/PgLjFvd3W/EZ18ORB4JUAHqDNSgB5wPV51qQoGgDg97l14/RGSpEo59prPqFZi1UmQLP1MwWAwJ9GKC+ZuBY6cwLeWBju5dercexqtYRNFmPXA1o917veOWdHIxIrXOvKn8vy//bX5bj++uvx2x89jLFEIuXktBt+n7rlU1NTcDqlvZgMy9qykcfuYmoAACAASURBVFCWTrvQdGTZkWOXhMcs818X5HUG0cnO1L6PXEIAk+nggYn+nklwmm3583mNmhwAzj0tZrETkFltBiQCH80jWsx8zJ39O9FOWMYFoJeEGAgfg8+zJqkIJD6TgnQaTIAyJUQ3hCDwABit38lb/L7iGPs/7wUghSB05gQAoGLZ1dh87z/i8GHOrQCgIX4AANDWpqChQZVEnfBkGfKyQYl4/PHUrIgvteO/F0F9NuXvPFUDnAKGT+zDy4lkP0xw+xhS4PWq1+ZbIlda1jX5pSVmIqDyx1ml2E0HcNXjjefOtXzxXP3rkXdTW1LrM238MqP7noWX7yd/tyX+iw/tuRxGuDwu6sErAWSJ8xYvD2Aie5/efOJ5IoDKGAF5JUAsA2TyFa0Jz89DSgAP/npeD7tMgKInQi/ZkPcwWFm/xgQVQV9vDJ85gTfH3kaJ0oezoxHkFdfCXat6B9pOJQ46xZ1QXYPrr78eZ5/6a9O5d56qwfUb/ghthw8Do7s0BDu8RU7Z92dHIwhMVcAHNaOeau3JAj98+HDO5QerPwLefzJ8Yh98S0oQHFbdwpT0Fwqpd+Zcnhco9uLMqDFoGLHemQEpz5Mvy1KXgVO6wGzlHKvyM5WlVw1gRdZs7ns64P/lhybxSVz8SsDul4+muKfnk/z5vEa9DHxN/J0DYhGA9eYkF74ImmJ2vV35fp8b3YGkp4BXNnx+vwb4A93dUo9BMKjgrbf/PcULYHS8GJLgjxeB3+9zW16/c6r0GmA8adn780+hb1hBKKSgt1cbFigtcmus1mD1R5A3pV6Q0nsY7lpVkJJIIPRVlGBqagqB4SBe7jgA71XbsCoBykEAzrG3MVV6DdpOAd6xd7Dz1FXw55/Cm3vehhJSk+euv16d8/Dhw9h8ZwLQ4wcw5fYjVHoVk9/S52TyW/YcBtCHUxOn4J0B+UrvYWbVk2V/ZhRAnuBSLk7+XRAO6noAjMDFCkCKICSeq2fZpmupi5n46ci30vwnXe+CVat7Nvc9HfAHgLdeieCT2BIHgItVEejoHMZjnXvmrfz5vMa2NvGTxHtgz3MAnrNwvHz421rQ3UaVWMl59rxqFr4zlq93folGXnIcauHmzNnx4h4p2HKntfU7la7DcE9NQXEVY/jMCQwD8BUDU8oUigqdmIgka9WnpqYQHA4lOAOAivxTODQcwkRkCrW1JXAmCIW8CS0jNKXAV1ECBVMIhRS8334Az7cfQFGh6njwet1Qug5jamoK3ooS+PNPMcWhbbgPgWMv49+45LnAsZfh9brRl5Dvn2X5zrG3EUzI/8AHfAj0BZPgnxjLysCs/4nIFByTU5prtApsenFnEUzIHS9arzwgieeI8XQ7XPjidcyEfL1zk591W27Mk+6+i2s3Wzf1S7A6p9F465UI/ten1LDTmV9P4Jn9qjJAisDFqAzwHRpnI4lytuXP5zU2NHBA506Cmr+hWXMcAVpDgz4lcFBJKgl6529oTlrLbW325W9otiePn59XYrJ5PL8fVq6flQFOTamAtKJMJb4/PRpVQwGu4hRNxOl0sv8AoG9YwRJ/Bfq6h9HbG0RRoRNL/BXCxfcx13eEETy7GQiTfKfTiWAQqKhwYmoKKKnwsvP05DudTmza4Mf+Q92zIh9TUxp5NNeyMuDMqPr/4HAoRT6Bv14IYO++k9KENBkPvuyzTH7cE2Mh2+erXPjWmu8Y9RJIV76V6zGTa2ffxWN4HgSr60x3rPrazfFn9uehct3tcL9yGLc0RYD96ne//t4xHH/sz5iX4GJSAsiDwnfFnE/y5+saFUULwoda1M8UJYjuthYGYt1tLVCUYMrxMg+B2fmHWpLnpyOfP9+KPH7+uXA8f/2OxrrmuMulgr/XowJTmc+LUFhBNDql2VxvLJlF7asowemzUXg8eeg7O87Oc7mcGA2oL79oNIpodAoF+UpKKEF1iZdhNDAOI/mTUzEEzoyiYEEeVixxX3LyXz+wL4UHoNzjmXMvD70M+rl4rUZrMOIBmAvXYjQ++bst8bdeiWDPuj9knw09+jzu3hTDtbcW4q1XIvjtfWrI6iNPHsapv9835xUA2vvNN6/G3n0n2f/T2Z+LUf5M7zGv7M6FNfprFsU3hsfhdicBOb5+tQMA7vjTTXG3uyTxeRAv/Hy/AwAcR07G3W59hcLo/EMne+Ibw+Ps+IOeYmQiP53ja/74Q45dLxzB3/39n+Zkfjvrd5b5ijEaCMHlciIUVoEq1Kn+31umzjo5FUOBM4+VBrpcTvSEYijzeTE+HERlhRtDwwomp2IApuAtcydAMA8ulwvxRFu9aDSqWr7vx1CwIA++YsBMfoEzD75lZShw5iGaANcyn/eSka8HDtkEJCvd58zkZRsgxWvKFQBb7bw3Vzv08eD/7RVN+AaOY+ih51H55Y/C/cphVH75o3j1lcP4S4zj2lsL8ZEnD2vOuVwlcHnM9dFe4cPK4QD924GEd6Jjx3OOLz14ZxwAHt/xHHuO69evdihHTsZ15jI9n+Qd9BRnLD++frWjw+R4VPgcK4cDcZqfusH8/Jnzjj+9W6X3P/H6aTaPeLzsegj86Riz4/XW79j0wZviBPIAMDoQQtFCFbBCoTAmL6ifFyzIw9IVlcxKDoUVeD1uBHpGmRU8eSEGHwW9AZwfDqvW9KjCwC8ancLkhRiWXal11c9X+eEh/W5fdrsCWo3T20l2sxKvpi59syXfbF6+1bI43uwYcBBRCu8qzfW+73rhiGXri8C/Y+JlPDN4Bd56JYJrby3EQBfwk/LbAQBX/fRhfPyLagnSlx+axNKmK/CXd47P+VwAsk6pG+ZseQDq6yqwpNbHnpVL0QMwF9coMp+Wezw5vZ6RcDhuYujkWj42rF6KQyd70N1/jvYA2+5Yj10vHMm5R1Vcv5OAr8ijgl711YsBAAPD4ygtVj8rcKaWB1ZWeBAOx+ByuRAORxlI0ihw5qEg4RJfmkg+YUA5FcPkVAxjZ4MoXVwyL+WHYh6E+vpwIaY+EGKJTkfnsG6tuQiUZiApSxTkh4y/nqe9NZPBJ7jNhnzKvDdqb1xfVyFlQltbXx0v93ikMdFs7zuviJR7PFhbXx23SsXaMfEyADXO/17tzeh56H3cvSmGoZ89j6VNV2DvWCMeTXz/ZTRCufV6/PNzhy+qMsF02mDn4hqMFMbLI/uDQI/3wvEJi+w3kKW8BVHeTMu3MmZq/U6yeEfHoyjzeeFJNKmvrijGwPA4RgdCDNxcLieinilEo1GUlLhV67bYCReccCXAkoDV5XLB5XKissIDZTyMcDiG0YTlTFYwHE7MX/khwKEmE8pYuh7r3JOSXKbX0c+oXl3PsrZST6/9W39eu2Q42ZYvNuehKgD+Mz0mNNLIt962jileudp3mSwr461XIsCtquX/8S+ugTJ+PZbiMIDBRPx/HAPXFODI945h/UfXAD+bxNCjqmLwq0cngA9dPGBglyNBtCAztWizwdGQ7vXbuXY6L531krdlLg871ycDy0wBc77Id56/4Mb5IODzl2BUAZyBEHNXj50dRzThAnfE8wDEMBqNoqxEjZ2MBkKIhmOqOzyRLzA6EIIDap4AucvJ+g2HYxrhvMVc5vPC61Fj55e6fFdlJUa7gyjzRDE1be7eNgJLWctb0eUss6yt1rbrydBawsYeAAoRZFM+v0a+Y6DYPtjKIOWAFK9c7rtMltGgrP+7oZJQffmhSbibDqPn+Pu49puF+PaKJgDAN3ActVc14Mjzx7C5FKi9qgHX3joO5UMHHJ6PV8XDvx6cdS/A9g9fHTeinxWfCbPGWOUeDzasXsruwcRYCGvrq+Pp5nPYlS8Ct91GXnT99KzYPX/bHetxy/r6+KtHOiw3FNNb48Uc7phtZeZilp/sBdAdhM9fgqEpNypdasJaWYkXI+fUH5drgQqAgPqdM+EWj0ZjiEajCPSoP7qyxSU4P5zMgvd4UtM1XS4nJi9E2b+BZAa+u9gDjF+a8k+fjQLIg9i2QMbSRS+xdMriqAQt0wczWw92ui5VmfzkvngsX+NIOGzIhEbfzcS+y2QZjWf252FzaStq0YDq5YXY/M4x7D3eiEe/WYBff+8Yvv2YqgAMdAGvjlcBtVUAgCvf2QegAfgQMBfAHwAOnewBn41OYHToZA/qJZ4SygmgY3mgF+fgXfji56SIUZa/OF93/xA2c8qmnnyZcrrrhSMsxi4qI0bXLnrP9u47ydpRG62V/5yUTkkcnckwWiMAds3+mkXxy90p59/QUgFzSkCgR8GKxS4ULFBd1hPnYyha6IbL5YTL5cLUlGrVTk3F4JqKAVABscCZh/MJ8HM5VW5lcquPBhMv1/NRjVUNAIGeUfiWljFrfDQQwtRU7KKXPzTFKyAK22dFUTAKNwry9Fm6jJrTzMaYGAvN6jVNjIXgr6m0fd5IOGzIhCZ+l6s1ml2HbGwubUX414MOz8er4r+978/wPwDc3RVB7/eOofaqBjTd/9OEtV+Inp+9z6oD9o414tFbC7DqazfH53o5YLnHo2lMs2H1UtNadb7/hKxFNF/zbkX+rheOaOTrzSd6dmQKjdVrtOOZ0JtnSa0P2zgWyomxkMYlTMfL1jhX7j1d78jJHl13dtZ+g5yMkYRCOpPyYfBM89cyU+vXKAC3bKpAOBxDz2gMPn8JQgBclR6U5YUx0DuOifMKiuBCKGExhwX39+RUDKHR1Idc63rPY+53l8ulAqXLCd/SMuYmD4fVEjt3OAZXsRPR6NRFJ99V6UOUU6yYCqDIXwIyli7edT5Tw04M1A5d72zKpyZAekxo9Hmu9727fyhFltkg8N871oiRu9/AkdJWAMBtgSE8ONYIoBGb32kF0IC7NwHPPPo8AODuTTH8dkUTsAJzVgngQXXbHeulgG0VRH2lbkvkS3rzkdLBJ59aJXPK5Br5c7O9VvF48jDY/Z3N5vOh582x+h5JOd5GE65cyOd/9/6aRbO+fmdjg+pKbW0L49X9wylA5Xa7UbvUibJqL7NwyW0OAN4EA8FA7zhLlGPfVXg0ZXPRQAyhUNLtGY1GsXSFatGNBkJQPHmIRqMawA6FFSys8F4U8otqfEAJElX/WuCn4Xa7oSgK3G63rsVCD0k6yXNGmepGHPSyuLXodhTnsEvZm4l88j6kK19vj/l5ZmLfRVlWxt6xRs3fH//iGgx0AZufP4a9Y43YO9aIP2zvwsSFCP5gUaIz5QkAUEmBAifOzPmXvVVAsgt+Zl4Au/Plas5sAn06crr75x7wy4DQTEm0C5SzKV9WfTDT63e2tsnjkDxA9fZMaUBLUcbhdrvh85eA4K6oJlm/SAA4qgCtbSrfrc9fApSUwVtShtJYiJXWBXrU788maHGbV3LzuFxAOIqO9pDmmua6fPbD8pcwJUA9Vh0LOPm93VrtkL9xsgY5lhvfsL/lL7BU6yKgW/amlwVv5ccjuw478mXgn06vAr091lNWcrHv6bQA9ny8Kr4XjSwc8N8e+iX6j+xA9XKg9qqG2B+2d7WXrFxWhHbUrP/oGlQvB3Y/1oat9zdg7Rf/AwBw7jfdF01s16rbnt/3o8e7M26wlKv59Obke0SYVZOke225WMtcUgz0LOVseiQvdflOmVvaLeFZpM94IAOA7jZrmrvecWQR02hpD3PyowBc4C/nUpO/yKMPZNlysYt1+r5St6VOgGYv6UzciDL54nWua/LbejmK4EvXR9YN/S1LSpyJfU/H/br+o2vw6PLEH98DNl2xCfvXP4jx+27ESiCv/babGoLtZ3Dr51Vy74EuYOv9DUwJeOuVCBZ9zB+f60qA2fMkAzO7ykK25jN6EVud00hWNtaayd5cCgpCrsH4UpHv5K1UUgZkceqkxZuwkhKJbHoKgzj0lIz5Lt8IFBjFZJbLTGTJfFZch/w5ZqV/ZnNbkZ8pIYssmU9WAy3ufa723S74r/razfF1n/gOYu/vQN4VD+K2wI3Y//5+jN93I65bUYXGhhX46fOv4WVfJUJffxHFT76OaqjHNvT9FANdvWqPACybMy9pWZKTWdKlFZd7Nr0M6VjM6c6p180zW9d2MVr/6YCnGCe3Gx6cSflLan2G3sCZXL/TyKrVAzarVq/M0pbNOd/l06DSHYoJWc1G1wPvolKv7nfpxArtnpOufJGhyw7AG81Zn/hx6AG7GIszmz+dfbc7Yu/vwE2Ne7D6/9yLd/7wAawLHkL3R29Aa9tp/PT5AwCAv/E60PjRG9D68DZc8Y8B7H9/P8LhCeBfa4F/7L1kLDyzHBI+h0MvpyST+chLYQTSVufM9lqNPChGx9P/06muyYX3h9+fdBVws/PEvZpp+bL7NFvrd+qBmxFQ+Rt8mmPNLGG9zHcjcJ2v8qlWWuXpHsqIGzpXLWlzLd/qmq3OT/MdOtmDbbW+FC+ASE5DzZisKClWvyv3eMBTDlslq7mpcQ8e/Zeb8RcL12Pdpiqsu24D1l23AQ99dht+s/d17Pqnv8G2v/oH7Pqnv0Fjwwq0/rUP+MouXLHkSpwfHcJbr0TmZBIgD0R2vEnZbmWbi9a4Vuc0s0jtXls6x9PzP1c4ADKhg7Zi4Y+Y5OHkWn6uZKe7fifV/ovgRoN3dXe3BTSuc/FYMyuZB0iSOd/lj/VobyDVgm62mI2fyxiTWUx2plyBduXLXGh9vQGA668gDioDm6k952uy9UbvO2149F9uRu87bVj3lx/Duus2AJ5NOLrvEXzzh7tw9I1D2PZX/4Af/H+/xuf/6h9w9I1DaG17BKse3oYBfAYA4PplNc6dmhslgKQAmbkn7cbizZ4Fq/fLynzpKAPZmNPuPLlYy0yM2e7DMFvy+SZNMzmcIliJoCa6x60OI3A0Asv5KJ933YyEwygaUwAEdN2CVsAvXeDWo/2VySaAlFH9zqR8IwpepsiNKarV3TksjUMHsrDndM12qiaMBnEAhH896Nj17U3xdTc/gKP7HmHfr7v5ASC8H5//i4/j6BuH0P3ac9h63wP4ykNjeL/vPXg8RXPmxe6vWRTfdsf6tF5y6YCZFeUxm0l1/Jx6smVuZ71qklwm/IncA3NpzAQRzmzKp/f8bMlO8QBoy/sUadmazBqWWbfid2YgKLrb56P8RR6wNp30YJjx0Gcb9O0ArwzsZlu+ngzeE2BW65zpnos8B5koaaISAACtbafxg+/8NQsDwLMJCO/H0TcOqc/Sa8/Bf9Od2P3kI7jFB7yKz+D86BBOnNo5Z7P/9QDQLihlO+M9Fxn06Xg47F6bTMbFQPhjBRwvy8+RB0AGXAR2IhDybnN+8JnzvJtbRoQjgiadP5/lG1mjdmres+EhMAMxWSc8KnebLflm+2IlxpzpnhuxB5o1U7Iy3jg9iOvwMxzFpwAcSvyX8ARctwHdrz3HPACfvu8oPJ4hVLp+BOCHc+LFXu7xZAxGPPgFxhT2DPD/nqn5jMr7+OeEn1Ov9NasTNDutfGyzAi4VO9MJS6FkYuufJe6fKcIfvS3kfUqlsPxQGq1NE7Pkp5v8gsS+W68a7S7fyhprdogj0nnHMNhc57Zlp+Jlj1n9lxn/OZw3PGx6x3x6/AzdMdWYDhvo+oNuPkB7Pr2Jmb9t7Y9Ao/nY6h0/Qi/ORyfM9b/mx0DDmqaY8ditgJ+dkrdxByEvt4AI5ki0F3X5Nd0reSz/60AKoAU1kp+TnHI+CLoGsWXuiy8RNdmRS7vFSCuAWooNFcSAY1c4UZgli2gnU/ynSJQKYqSAn5WY+S8i9xq5vt8l8/fdLqBPGd3Oi5Gq9S92XR1piuf/1zGEMhbMjIr24iqWJyLegLIrNPZGHbb1pIS8MbpQfTFezHUOonu155Da9tptLY9gl91FGCJo2fOgb+VYQVY9b43c3Vbec5lpWFGL1S9nBHZnFZ+Y/T71zv26PFuXS+TUVlbup642RzzMQzQ1xvIKf+IrgIgAzIZ8PGf6bECylzkVlgG57v8jkRiWn1dBUZO9ljKELdtoepZqTm2XE3lm1wDf74egOvKyxEQz+YgYFcVATU0wF78Dlx0wM/TTdsFaT0wswqI9Hk65ap6Fn0mc9bXVWhaFhvNJ5aMpSv3YswTuBTHbCk9TqvAJ1rJRmBoljnPA+R8ly8+AOUeD4pKvQmX9OX+3NkYZq5n+i7X+y5eRyaKx8UG9EbAMzEWMvTcpGu1WnXX25mbuvTxoQgrpY1mc3boVKcYzScqC2ZyRW/EXGQJzLQW3myYGVe5ls/uD8cHwrdmznXZprh+Jw9IBFxWCG3EY/QS3kQXuc9fkgKQ81n+WE8qEFxMFunFMvT2tLv/nMNfsyhOx+RS6eJl0d/z7T6IICeCvR2QFxPlZmqsa/LPepMdO+WUuSA7yubvkgelvftOZqUczmi9vLzZkC++k0T2v5lcv3NFScixotmJwHgeAPWCVtS54I2p/3Yvvx7XX6+2FV0e/C+0tHUTHCIQCMLnK0EgEMTZ0QiubaxGc4MfDQ3qD+PRHxzC2dEuJqyyUhWxuExtWerzqUDYvMWPh//tUByJa16sx8DqTWMnuH1Y7NX+rfmcO9ZM/h+s8znsrN9z1TYAwIWBFxHqC8HvcyIUUjBdXIHu/nOX0TlLY219ddzIwtc7h/9eb45sDZL1ZsfAZe+OAFJ61rHMohfBd12T//+2d3UxUl1HumA70G7x0xOI3c4MbC/ysCSaEByIQ7SJCMLaxTxZtndD/LRaKclTYr9GiizFirIPq5VCHlaKifYlkteWiOUnmFhBtmWvPLDYHsNsMsvgSRtm7A6agTZM2h2HuPehp27Xra5zTp371z0ztyRET/e55//W91WdOueEQLEDelOhnSk2pehzGdHctboK/F1xBbTNGsDg+ZmAIsrFSv2SH+y9BY1l7lYuApTLH7cBGvDIf30UpHnrneeDz688eVyV7y9nwq/x+x+eAwCA8eMHWXlFaCx/0fnvVru8vg5Hn+vssvns1q+E8nnhW3cFn/E5AAjS12u1UHpTfb/x0+fE71958jjAx3Vn+kq1GrQHpVzujucjv/5I1f4gBmDfri1QX+hYsR0ysAzzvz8H55Y/n4Nh2AM1qNe71i5+RlCncvQb+2D8lUl4/0a3MgvNde2FZqcGF+c6DX3pQj1wvezdPWId2IuX5/o+aV96dSqYXdgGgHXw0oU6vHSBD946gP/5Ffzpz5tCCr9QKECh2cg1vyeY99t95xLt/DW1by0Rgw4A1nusfwx2Q0D3CVbV3pdOhd754PO8zevgm6fr3gmeX9Jt6ZeUy0UoL4NpowXQqLegXOwCFoIdAvFk8bhX/jSfeq0GjVYH+CiIIwnA7xutTtpKtRo8z4kAB9xK6f7Oh2o4TbVSDBGFLtGw9Emxt5wvffGbobZgfcrlYqz2BwQAwR9laX3XKlp67xJs+qQJxb/5Ckyv+zuAewGa/3sqBPpozfcovLlWG6Cr05749lGvAaSA77sGmNZEp0DjUvgoJ06OtwEANn5qCW4sd3WpuD23Ag1gqJ0nWRDCqG5paX7g36Z5w/tirXsKbFa/5tQ8nzgAn/J97zAw5cnnVpok1taX/RIE4HK5GCAjAjAlAAhkFPA4sNLfOPBhPhT8qPUf+lzspKXPYX5Y356+bb4NldL9XSKw/J0I0o1WYMFL4G8CdU5CaBt5n2rbX6AWf2XLJ8H/1AuAhGDpvUsAALD9r78Ah//l3+DcuW4hDQDY0/7vjitfqci58k76LOS4616al9EGQFTJ8364eHkOXn51qr1/9F5YC5agzaI/fGjMSqTignzWZ2zTeSeVzeeVbZ6sNkKAAXPSZUAasLa58n1uh4xTfmfffj1YduCueJ888XcMBORnFJjqSMuM05bg/5R3A2lJAFri1OKlAEYB2ASUCOT0OQ6gnEjQ8oO01V4AbbTCJjzNB0kABX+T10PyKNjaxD0RHPwpGcKPmvaHbgPkoG+ShfcuwZs334Fyaw7ev/ERrN+yA67X59pXlYBvUsj8EAvbC3PsyIHgu9NnLxj3gtvy4WfY8+Nl4wIHPr95aFNQFrUAJdC7eHkO9u4eEQFzpSh/k0WPbdMQqgsXa4ndZojKko4vVbTa9VA+x6Q5qJm/fF7h39IymIkQrDaCGGcrWhLb2HzysB3q45snzpeZ2QWnweF7n/1KEHRJU0scAS4ALALEHIBNeaILn4Mm5k/X/X3Kr1aKUKt3PQWUbFSq1RDw12s10WPQaLTgrXee7/EC2NLzJQmangN/tVJUt79wZ+iLALe6ln31r/4P5hZasLTUgmvXwssCQ5uLUBnpuvoD935zTgT+EyfHrQo5ivAtQ3HyoYoW99BSK0JbTxeZmJldCJQ8Vf6SJYh1kvpzUK1BXi8TCcS2aT0/o7u2xwZt0/yhY//yq1OJzSnNYTamNNIc4f2Jn2mfryQyYHunbAf90P/xnePH7Lqe14KxpnxTXaLmOTO7YD3sRyIMSfVlP2V6mn+zjGLjLwLAi4r0slSnJ6E2Pbn8Vzef8Vdcu0Xs5ZueL4fK68rEJMkztfS8j1pw9GFd+wut35+D4p070NqwBRbeuwQLAFDZAnCndQc231WA2x/dCRLfuXMHGgtLcKNRb9sUPQK/ZNHPzC7EXpczKV8Eb1P+mq1Ct28uBZanlgC4yIQpH5MlaOrbQXEPawFfQwY1/RwXtDVLQS4PEv09KRIq5S9tk8O+k4jASvIK8N0YttvwJKvWtVPAZkWbDhCKUr7rQh6fPF1gbMpvZnYhtGSQRluykj17CNAVu6BW3bMvlA4Bbc+e3kA5agUjSTA9f3Bf11qenvYv/+A+v/Jo/pTEJJme9oem/tj+wp07HYC/79MbAADgyo2PO0sBG7aEmMjGTy21P74DcKMBTmt/89CmQElSNykAwInZ8UQU9umzF3rypi7jqO5j6gFIe++s7fIGSqL48oGGECQNBjRvF+Cb3PhJX3epHR86pqZ5EWfunD57QVUnTfv5W9FYBwAAH3ZJREFUnD599kJAJuk7thK9Am/OfLBu/+i9bVNEvWutHKBuvCBKOk+fP496yfS7T/ka4NSu//uQREyfZFskcpaVtFphEJ6Y7HzXajWgNj0ZgFhtehJarUZPeslD4Hp+YrL7fJTy6fOa8mj+g5Ce1r/w/g2ADRs2wMKVW7Cp1Jk0n65sgqVmC5p3Gu2NnzIr/eVAtpC177Ky8cxrytptihLzo5Mdn7GRCVM8gZSfyaKIa2FSb4IPCFDQf/nVqZBr2LZdMg2rEPPRgj73amB9XQo6CunyJRSabVumOcPHcWZ2wTn/eH62uX775pKzPfQdQzJAAyil8R8kMlAd3tqmp57ZrF7pnaSudnp5D09vel47tzTlm+rimyc/mU9rkWtJqqYtp86c79uhVG+UtsBXm7cCK7fVAhh+9EE48+zr8NDjXwus1larAZdeuwLDjz4I87/6jXEpoNUCaD8wBj/78Yvw/R8+3PM8ljc5aS7/8vYKtA3lX95egd0L9cj1xfpdeu0KfOHr94XS/+zHL8LoA2PQOj/Vk7+pPW0h/UM/+Ge4KOQvtb/w6coWuFFfgg0bCrDUbMH6O1fbzVth5c3BhgK/S2lJljpVhholXpu/DhrFIeXPFTr+nVSAmdbytIGAlG7v7hG4eHkODh8aC8CTHnZCA8dsZCAqEdAAP50HFPBpfbEtFy7WegBYGgOpL7IYKxPZQ/D3JRsTU1d7rlmV8rCBEvUs8LrSQFUkhjx4UDpzoN9kIKq7mZ8ZEOX5OB49Xn4SS0D9cr3H7cukBUEVoAN2KAh6AACXXrsSkCOansvwow8GpAdBGT9jf+Pzb5S2iOVfXtZp9PlLr10JykDQpfUd2VEJ1ZeWhyQAnw2I2WsAX/j6fT350/Sm9mD6kR0VgB2VUP743iPJsLW/gBZ/8/rlthb0bcCN7HLz0CZroIo24t/2skhBZdhZi80mbB7aJLrDXF4Kfp82khCb/Oep143tod9rFAcqKiQBkkWNQj0EEmAjEOwfvbetVf77R+9tm4gFX8t3RS5jHhKI+ow/BcT6zRYsNpuwaNm6hODLx9HHHYvPLDabMCrMQ1NQIwAE26pc7lgMdDSRnJnZBat3AvuUzgMcO7rjhJOBQfEK0Atsbt9c8jqtLxzQFu0Cnijl02UAST/5XHAkXWRkSuPKz5Xu9s2lkK5A/XxwbKeXfkhaFpvNAIwfY31y5tnXxX5pPzAmLsfw/qTAJ5UnlU8FgZZ7ZhDIed9jeXSuzF2rw8ijD3a2jAr587znrtUBSPts9cH/h0n+NL8zz74ejDPFRmxv4U93PoG/3LgiKnzu1nWBtibI7tiRA0bXqfTy4XnJc9fqgSdBsy98W6kEt28uwWKzCbdv6te3qDLgVim36PgxpRMMkBabTdhWKsW2FvjuBBsAm9aJDx8aU935XR3e2ubXEdM8tQeVJGG14/gBQAjsq8N3hzxCpmt/pSUYW1k8LY6fdn0U3x8kKrX568E81CxdSJ4y6f2yEQHcZsiXizgZ6KfCp2A6MXUVDo7t7NlSOTF1VQwa1AC6Rg/FLd9VFxooaquTjSCaLkyy3X4olYseVKmNo0zP9kOwn7EO2hsKKbGlZyG4nuXl0b+lWyRNcSfaS5dMxFVDdKXlLSlvjTcJz3ug7S3c+GAJHv77Mat7V+P+5FHSmmUAbvlwkMPfJPe/az85Km8O2hqA4vVAQLEBecctu1NNbKTycJ2SguzLr04Fv1P2jt/xbUN0zf3EyfFYJ4vhHKAxCVzQ3c/HcfPQJnj51algnA4fGgsOTdHEYeC8G43gvq/Nd8aMj73PmON3SEJGlYoI5eDYzoAQ8rzpfDARO+r+x3q7drlIywOm96VfxyZLN9hx3XDsyIEeMq2xog8fGou0Bz5u+VEMIR+PoDY/WzpbG7O8SEkzltqlEfrO+QChVvbuHoG5a3UxX77riy8xcQCnv2viRSgJkPI2eTxshFlKu/6PfzbvSUZFbmOv+I9aUficCfxGd20PWVw0vXbAtafDRbFE+TPImI4dOSButeHf8TYj08R28n/YF9T1L7Xx8KExOHxoLPQMWns8yI6fpx5VWUsk48LFWlAuHXOsnzRm2KaZ2YWeecL/SRYJ71Op30d2VAJFx623JOZBUvOSthP7whYfwOeJ9O5J7yYlYoMg20qlSJampLhouzsBbX4BeHHL1wCvpk78PAGnBaf0rqx0kc5ckO41kL7XPKsp1/YuX7w8Zy1f0k++5ENt1QOIngtNuwuo0CVLklqf3OqQLH6+E8C2VcVlAaHl5Qr+0yhckwvdFGQVZ5KKne6wJlzb1Ph3dKyoBU6XapIUk5UvkYMolrZv/2pdcTZxjb0G/F0nG9q8AFHeDx4voH03JWtfuysjSXlz5oPQdcjokuQeQt/3kno8bPOL93fU8m1Xxkp3BMSxsE35SW2xlWtqY5w7DdIGfl+CljTxMe0ykax4moZ7BCWCQJ+X6o0Ew/Ss7TvUSRq9WKDKjiq0vbtHeiwHUxQ3D1KStgPSCWiKA9BaXJLL1SViEN9ycAS1LnHpwJetmUjJ3t0jwf3LtrV8jdXIx4PmZSIRcdb2sC/4OHMg4eOmATYN8PJxtvWzT3voDpSZ2YVOQCHrp7hzwNYuqR9dACRtTaXjYgMZWjfssyx2VmjdvK4tlS4rmStJvtPHdSNe1PJNfV4ZKgZl08A8qU6m+ABaRyk/bbrKUBFq8/Y2Ypp+eYWQTNmCeiUw1lr3/FlaHi+f9y8FU9eBTi7w1nqUbMsZpvrQZQIbeYCpq6H2rufuXqpUn/j2UaNFimA2umt7zzGc1M1rU8Y0L0yLypgGhGisf6rk0OqieWEwF1Xsi80mTExd7Um32GxCbf568M8GopLi194QaOsXm+uYu4QlAE7SCyDlR8uWXPi+bYsCsLZ+lsYQxxb/4dhTZYT/+Dyka8ISoNqAg+clzXkbceDR6fi+je7a3rM0wJ+lgaCuuzj6KaO7tgf/ODjZgq34Wqu07VdjCUUp31QXTvJ86sTz0eSnTWdq4yAKD7hEgsytbpN17npWK9TVr/U+mNzxEqGUgv14fIGrPq5AQZu+XP/5PaUA7F0kgCt86Zhf3LZE/5mC4KhitAF1FIuL5iPlxX/n6VzP+04mbB8FJdfWQk6UbISAgwCNoI8jnV0USyL5MwG+BtioZ4YDtW+9pbHQjqt2fiQ1F6U5L4npPeLvUmWoKM4BG/j7XsmdtNis+CzWr/tdftQ6xklnauMgHAXs487nYHfsyAEx4C6K5c2f1QQW2pYmo46JzajQLguYyEMPAfjtdDPEEG0kgAI/t/ipwjKB2OmzF+DEyXE4cXI8UKouRWtjQ3Gt7bjCLUHbwJmARyIET514QczLtbZuswbjihTg6XJ107556sQLIuBrAdnUz4My/tIclX6X2rmtVAreC3T/S8TARATwfaRzwAT+g2L9Se+yz0E93JVO/9cEYMUtX1MXqqA1dZKWB0z5aUBTE6A8aGICM81yX5xnte8vLyspAsW9FlFjm3znfAEAYHahsu7EyfE2PVTk8KGxUEzAE98+CidOjof2G9vWhjkYoAs1ypnTtDM0V8pK7jBOSOK4qvmAx72vXuoTjBvg9eF7V3k78G8E17heAMzDtZ3SVA62Q2pjnLrxeaB5CV1jrpnHrjpF9RDx94SWaxpjukuA3invcvufODk+sBcHSXFHcc7R6PfzWeWpFQzu9rWMsyTVrv31lMRwY8C5N98RkM3X0k3vs4scRPEGSPlrx4bW24c8rK9Uy1AsFgN3yuahTbDYbBo9AWh9mKxBtBSpO1frSo3qYvVV9trnk15L9wVebiVKrmS0pOm6cpoeADq+pjGW6twPSWoMozwf1TNhGmNbrAfGCNjAHwmO67ChLEQCP5vCQjc3KlJpPDTPJ1k+/RxlfrjapCUIPkSCnpcw6F4A6W8NsGqf1faXzauAHgApcNB3f75kVGq8C6YYAm171wMAVKplAOi46OmEMpEAacJKQU2+yl8KJkOXr+bgA9MLQv/ZfjP9HtW9YmtbXGDi4OpaU05CeBlJAHyUftHOgThj7jP2kiuWLlVEHXM+vvw94wTFZflXhoqxt76moeCpdeoDeJqI/DTLp5H9cbb6SW1Kc8+/a3dXP+eDK+jO9Pzctbr6WR8LHcHUFHin6X/Xcc/aNX3pN1MMgY080O+DXQCfbN+3bmZ2Aeo3WyHXsUQCTMCPisoFCFQR4k4CaTeBxqKK634fBDGBoA9gcMsxDfD3Bfwk2jXIYpp7prlKo/cxgl9rRfJxtXl6OPjj2NVvtmBmdmFg3f8A8qmjGiJmOiY3qpUc9fks8tQCpCndoO8C4CBnivY3Wfq+z7recd/npbtpXBa/NvZAY93byEOPB6Bea3Q+/OHdn5uUOCcBGBRoOjtdA/wuqc1fh6efeKSnASM7KgNhxURl+lEsSxeYSmCRtEh5JgnucfpmEOT02Qti0NXTTzyi2u2heT8kcofvIVr/FPxNee3ftfu3/eonUywItUJtMSdJWsJJlh8FoNMGfAqGpjauhFMDTWf8a4lB1IA62+VPJuubA3iUI3vxHZbqLVn32raJ2wABAGrTyxn8ZfMzuLaPygb/lkhAcFELWQd2KTaXotde5OFiSj5ut6TdWCZPiRYAkwLDJKzsuHlEaZerr5JWWnH6Geegpk62g2Nov9iIAI0NwHfPBP64FXRbqdQ9nOkvm3/XL0VeHd7a5tYnXjxVm78Op86cD65R5mOi3eJl6mN6619S5dvGnJZlq5N27vD8TO9IlDYOEunWbGczkRzfZ33qYnLba3Yd+B4JHecQIZMXxeSxLLRaLdg19MefU2aISohaG0gC6DrZ0088Ak+deMEK/KYJFmXdyXUC4CBFsyYhmuClfq/fuerUz4jntBSUy0UXZZxtyth0SuFis9njJZMs/xAZ2Lg58AK8OXv581lb/xip3Jkj9WVicHdwZLH0DnNl5iKIrqNSu6fvxS+f18V2sp9Pm2gdbe+4LR39zdXGlfDeRSX+UZ913fgneQlsefEofZt3Is7xxj7kodDZAfDH7ku68Z5nFpt/+A53OfKLRVDRSSSAkocklD+6emwRzFnFAmiOITb9zhW9BrylW+1s1nraR7xqy6gO362uuymwi/epC1yzOhPANf70nPW45Mp0rwYHf3pzIwIKPcq5A/739M36B+isPU9MXQ2OfOXHz9Ktr7SdwRKKcN02X17pfOdIk0D5PK1UDk1jrJOjTfQ5sX5CW3g6ax7Lz7vuXMla+HY/16U3vs9GAVMO4lqvg8ui1+xmkIiJC+g1+qfQarUA7nJ3BN325yIBPiDkQxC0IJ/VtjMEJSQFWR9KI4FlmiRAcktnbeHzvs6K+GnnlE99fM5g9wX/QZSJqatwcGxnSDHRi6bo8gC6ubnFSuc8nXcjOyohD+XctXrP1dqSgqSXInEiihddacu3KWHJM4DP07Js3gSJKNPnTMFlrjxwbAZVTCCsAbmeJRvPa6aPHTmgOu7b5jmQPFC27Yk+Jw8az/xXSo8HgHoBaFQ5t/BPnTkfAjzXcsBKFr4c0k/rMxddX6+GXQaSSG7/U2fO93ha6Ds7CNY/kqiJqatGJSxdBiNZvZJli3ny9LbneT04GXMFb0rlu8owPa8JFJXIYs9zDoAzEc44QY9pgL3pZDyNJe37rJYMSOv0prMCtCAuWet7d48EQcWmgL/ISwNsfhR8MqC32W0rleCpEy+ElFFaJIB2MFqA3PpOcl0L3deVoZ2ixR9Vbt9cUlvL/V7bT9pToW13XOtVYus+yyg+yoB7IejyUBrR1RL48/dtUK1/ABC3H1aHt7bpjWxo3XVc4R+mvl2x3+VnIauljceOHAjtAPMBdf5sHH0iYRP3TEjppN9dOxRM+/41+kmzW2A9HgLUw9Y33vMMPfCFX0qDOwXwjHdKAjT70Kn7K0kLMIttLdrb4JL0CqykQLok62rrw6zvBHAdGBKFGGn7ywb+3PU/iNa/S6SLjtZS+Xkbw++Rjx6nxmHSGBAl7oh7ICTwtYG+zzJilEODQgQAAOD9j7Z9V2uBaEkA7n+Oa8maBoB6AmjjtIrYtiUrbWs4l/70TZytp5KCoZ6oNAhg/WYrOA/DB/xV1njGOwBcekVzQ+JqLX8tt3Gx2Qy2JtoAEvW9aRumzdLlz9LyTOVjntojeU0kwHaMscmdz/WG7frgKDqGtrfw9htn8Pvv7t+1++e9XoBOLAD1BGBkMZIAVEhcSeGSQG2+u8akBdjq8N1intLAuhhVv+Wxhx6AU2fOZx4fkYQ7uB8u5cVmM9i7PIhCFYLrBXzqxAteyw9IRnBtV5r/FPylUzjpGQGS9T9I4N9vF/RqcfOv1Db+YO8taCzz73IRYOPbz8GXAeBff/1RkOatd54HAIC//QeAV548Dv80AgAf1wHe7QSjfwYA4N0p+ODdzufPAMAvZ9qhcg59eA4AAEbnD4bKK5eL0Fj+otECgHd/A9+5D+Docy8CAMBnt34llM8L37oLADqH5zXmp+CjeYDD6wGO/vsv4HsAUK/VQulfefJ48JnW+xs/fa6nL/7xe530H5yZgvuX24TyH6fC6SvVKgAAjB8/CIfXA8D8FHz5QDGo2yO/uBRK/76h/QWmGKwkgCoYGvFPSQBXWvi56yW422mlcYvMdbkCF7y5MI1AMB57QL/zdd/49MNK2k+vOb8gTt/zfk57RwC/Xjeq50rjgXABPxJxG/gH/w84+OeSS7lchDIANBotaLQAGvUWlItdwEKwQyCeLB73yp/mU6/VoNHqAB9Ko9EKSAB+32h10laq1eB5TgSw7kEdS/cvW67MkK10CUZQpsPhWC72lvOlL34z1BasT7lcjNV+VRAgPRvARQK0RIBaRT7gZnO5UleJ6XpXn61XoT4oleDUmfM9lmlS90EPktVvy3uQouulvo/jaTHNQeouta25+RAQTpK0wI9etyiWfy65DJogAJfLxQAZEYApAUAgo4DHgZX+xoEP86HgR63/0OdiJy19DvPD+va8z823oVK6v0sElr8TQbrRCix4CfxNoM5JCG0j71Nt+wuChdDjBUASAACw+KfwIUESCUAFpfMIyAoxSWs0qgXqehY9ExIgJBWU5nOgzmC5HZOrM/e2IPhr+jnOvEp6Tpryk+69kCx+ieTxLbo24M+t/1wGnQSgJU4tXgpgFIBNQIlATp/jAMqJBC0/SFvtBdBGK2zC03yQBFDwN3k9JI+CrU3cE8HBn5Ih/Khpf8GgKEQSQL0B/OY5jAvgN5z5EgEJNDCAI07gQ5JCvRC4vcTkCcjytsIs1uuzjAkweXtwHtCTIQfhVkh+HbBUd75v2wf4af/T905j9efgn8tAgv+yS5pa4ghwAWARIOYAbMoTXfgcNDF/uu7vU361UoRavespoGSjUq2GgL9eq4keg0ajBW+983yPF8CWni9J0PQc+KuVorr9BYvCUJMAaonw4EBOBKRAQarA6cEdPBAQFSxVrpqjeU1WNd/nH1U4CeCKf+/uEeuBJNhnvp4K7XHCaUoU74rtMhPJ6qd/S+DfL2+FaTsofo8BgBT0cQnJRGJ5dL/G6s/BP5eVKtPT/JtlfTb+IgC8qEhv0PHTk1Cbnlz+q5vP+CsufWkv3/R8OVReVyYmSZ6pped91IKjD+vab40B0JIAtES4N0AiAmjdPPbQAyElSAEdFar1FK8EJM7yALfw0ENBL4vREBMECM3aOq+vCfzpWnCcaHrcvSCBjm+dpDpqQJf2s2nbTBzrP20CVZu/3jPXpTZiP/M+4cBPrf4c/HNZDbJnDwG6YhfUqnv2hd+lZUDbs6c3UI5awUgSTM8f3Ne1lqen/cs/uM+vPJo/JTFJpqf9oak/tt8ZBOhLAriiogps89Cm4FaqU2fOB0pPsoow0h6tIm5BceUvud9xSSKLCHrfnQpRgccF+tSrEhcg6RjwcUgSRH3HJ4slIGyT5Kmg5wBwEkj32Jq2sEreLmlPvw34c/DPZTVIqxUG4YnJznetVgNq05MBiNWmJ6HVavSklzwErucnJrvPRymfPq8pj+Y/COlp/de1223VQJlIAEAnMFCyDk2Kiwc08UMpbADGvQJ4i5UpGtxkWbvcvvx3rCcnIBQA6C1w1IW9d/eI0bXrWxfpzHCbhcnBxrUnuDq8tW0iZSarlXs0ovQv7+enn3ik54hdzdq/NO5R62Ibd6wLP0CEpuN9xwmULbjP9v7k4J/LapHq8Nb2V5u3oFjsAnL7gc4FTg89/jUoFsvL3zfgzLOvd0Dr/FSQXiIUtucnpq7CV5u3gvRvlLZAnPKjpB9+9EE4deY8/Ognj6eSv0/71QRAQwJsysr0m6QAOSGwubFtywR021RSBIDfZkYVPT01it9aZzq5LVDmgnUniQuYTYCDSzQaAkCXc2yWrMuqlcbC1GZ+jS2NDaEEQDqDn4LyxNTVxAiA5nQ9n7kpzUfJw+AC/mXvWw7+uawKArCtVILdCx1CfXl7WLd+/4cPAwDAz37cXcce3bUd1p2fEvNzPY96Z/dCHd4obQnes6jltx8YCx2vLKUHgFD+hw+NoW5Y96OfPN4GALj02pXgll2eXqoPgj9A54hnbf15+70IgJYExCUCEkBSi1+z714Cop61Uw+CQAkAlzSu0tSArssil0BXSwBsZMS1pu0iI0mJaSy0BEA6O98E+JpYCiQgUv/b5rcP8K9G8N8/em+PEpIuDlqt5a/lNqLH0YYbSYrrCOQsyj84thMmpq4Gurg6vLWd1WmxvP3eBEBDAnhAoI+i8yEDFARspMDkrk1uEofBRbrbWxIfEJXW8V2AL/V7FALgmkQSOMZtmyT07nYE9jQkzpzyBX21xW853W8lg391eGv74NjO0LLO6bMXQgpyNZe/FvpYq28oEcebC6kkcZERvyiLvndZla8hAFm1vxAlE5/AQEm52X7jihJ3D9C/6e+BAiaKmFqGIzsqgSJ/TFDoLqBKc3+5KW/t7gcb2NgAx1d43nwMpPpK38U9358TKw3Riju+NLBTIpBxxsCHJK/mNX++pfPYkQOpkfVBLD9vI8QCOwks4wLmWim/ELWCb85e/q7JG0CPDpbYlYkI2MgAJwH8s0gKCDGQ3MV4YEtU4RZpUtapZokkLbDX5m0aD9szcbZ12tbwbURAM77S7o0oYO9j7ds8NqKVYgD/fL0/l7Uu/b7ieCWXX4hbuPPoYOHUQJNHwKYguVdAA0hGUsDIQRricqNHPVM/KtD7XP9p2vOvqQc998Gnza522QhVGksBPmCfFOhLxHgtBPudPnuhxz29lsrP25hLv6SQRCaaJQEJ6CVl6EMGXIrZZaWuBIlj2fP+05IAG1nzra+2333GciWMkU//mYIQ10qk/8zsApyYHV+z5a/lNm4rlQIX9uLUVaM7OymhZSwuBwxnWT5YrHVal6zaX0gqYxcJQG8ANtQVKGgiAyavwEoCjrTc9Rzg40SU2qLi4xCC1T5WrjltS6sB/tUG/ihU8fXDpdrv8vM29grGbtElOu3Nq6ZTQ328vmmUT/ud74DoR/sLSQ6YLS7ARAS01pKUVgNKWV5ek7b0awuL9oyCuPVYSWPlOw9tnoG1DPxUseE5D/0Ap36Xn7cRjCBHgVC6dE36Ls4V7VmVb8K0LNtfSGMAbd4AGxHQWJuaNdS4ADdowJ5EPZOMAfDdJrjS+z1O3W3zWQv8qx38qXUUR3Gv9PLzNvoBs8lSTqt9q7H8QlqD5fIGmIiAy9rULBdkCQRpWNhpgFucGADfOkYFx9Xa76Y0OfD3Cj0NLZfk5fChsVXbxxT40gbj1VJ+Ie1KRSECVHFq3M9xFXm/LdE0LFnDxTHPOPti4z2/W2z+4XN5vyfT71LaHPh7xecirdVYflZtHNlRGXgSEAU8+Tq59Kx2jNMuf2RHxRqLkGX7C1kNKhIBGxmgACWRAZdFtVZAJiLoPKMtE0kAzd+339dC/3ut9+egP/DW6eFDY7mXpU+WO4ITjU2IGqfgeo6W14/yJSDuV/sL/RhwH68AJwOS4rUpYl83cxZu4bTq0+N+9gB9iQSQ/v+cVCefSPdB8RCkOR+E/v+d8n3ID/NZltFd2/saoLYWPAH97uO0SJhm7BYduwDSLj9NAhql/YV+DraGCEhAxgmBTVH7gkga69JZxSfEAXwtGZAIwSC0PWtSIbr/lYCfA39vX259vxucprmzYjWVn1UbN99swcgOGOg29ts70a/yR3ZU+lJ2YRAGXUsEbEAnkYIoAJCVy1odkJcgqNNlGBso7d+1+7c+hMDeTh1ZcB0KlaWijEKKcuCPJrX5D9dVh7e2Z280YXb5qOgsganf5WfZxtr89eDUzEFtYxYH4fSzfACziz6LsgfKA2ADKC0Z8AVKLVFI24OQlrUeB/x9SEBU70EaRCFJL0IcYM9BPzpAreXy8za6wTEvfxV7AJImA0kCrzdhyBjYkwJ9G2AlRQayJAppA3oO+rnksjK8B1mB6kosv7ASBpYDWZKEYCUBepqA7wNkWRCCQQT0HPBzyaV/QOYCs6SAdi2VX1iJE0QCuixJwWoA9ayArp9kIQf7XHJZebIWlwHmrtWDcrMsv7BaJo0WKAeFKAwisPcTKAeFKOTAnksuuawV0lNYax3tC7y+hGGtAPtKIQo5oOeSy8qRtA9jOrW806Nf5aO1j9cCLzabcHBsZ/Bb2kcH8/ava7fb+azLJZdccsklc+FX4m4rlRLZDmeyqDU3maZZvlQXvrMpy/b/P/tvs+o6LKIaAAAAAElFTkSuQmCC</ImportTexture>
</Tiled2Unity>